Log file open, 04/14/21 09:15:46
LogInit: Display: Running engine for game: GamesAssignmentTwo
LogPlatformFile: Not using cached read wrapper
LogTaskGraph: Started task graph with 5 named threads and 71 total threads with 3 sets of task threads.
LogStats: Stats thread started at 0.259928
LogD3D11RHI: Loaded GFSDK_Aftermath_Lib.x64.dll
LogICUInternationalization: ICU TimeZone Detection - Raw Offset: +0:00, Platform Override: ''
LogPluginManager: Mounting plugin Paper2D
LogPluginManager: Mounting plugin AISupport
LogPluginManager: Mounting plugin LightPropagationVolume
LogPluginManager: Mounting plugin CameraShakePreviewer
LogPluginManager: Mounting plugin ActorLayerUtilities
LogPluginManager: Mounting plugin AnimationSharing
LogPluginManager: Mounting plugin CLionSourceCodeAccess
LogPluginManager: Mounting plugin CodeLiteSourceCodeAccess
LogPluginManager: Mounting plugin GitSourceControl
LogPluginManager: Mounting plugin KDevelopSourceCodeAccess
LogPluginManager: Mounting plugin NullSourceCodeAccess
LogPluginManager: Mounting plugin PerforceSourceControl
LogPluginManager: Mounting plugin PlasticSourceControl
LogPluginManager: Mounting plugin RiderSourceCodeAccess
LogPluginManager: Mounting plugin SubversionSourceControl
LogPluginManager: Mounting plugin UObjectPlugin
LogPluginManager: Mounting plugin VisualStudioCodeSourceCodeAccess
LogPluginManager: Mounting plugin VisualStudioSourceCodeAccess
LogPluginManager: Mounting plugin XCodeSourceCodeAccess
LogPluginManager: Mounting plugin AssetManagerEditor
LogPluginManager: Mounting plugin CryptoKeys
LogPluginManager: Mounting plugin CurveEditorTools
LogPluginManager: Mounting plugin DataValidation
LogPluginManager: Mounting plugin EditorScriptingUtilities
LogPluginManager: Mounting plugin FacialAnimation
LogPluginManager: Mounting plugin GameplayTagsEditor
LogPluginManager: Mounting plugin GeometryMode
LogPluginManager: Mounting plugin MacGraphicsSwitching
LogPluginManager: Mounting plugin MaterialAnalyzer
LogPluginManager: Mounting plugin MobileLauncherProfileWizard
LogPluginManager: Mounting plugin PluginBrowser
LogPluginManager: Mounting plugin SpeedTreeImporter
LogPluginManager: Mounting plugin DatasmithContent
LogPluginManager: Mounting plugin VariantManagerContent
LogPluginManager: Mounting plugin AlembicImporter
LogPluginManager: Mounting plugin AutomationUtils
LogPluginManager: Mounting plugin BackChannel
LogPluginManager: Mounting plugin ChaosCloth
LogPluginManager: Mounting plugin ChaosClothEditor
LogPluginManager: Mounting plugin ChaosEditor
LogPluginManager: Mounting plugin ChaosNiagara
LogPluginManager: Mounting plugin ChaosSolverPlugin
LogPluginManager: Mounting plugin CharacterAI
LogPluginManager: Mounting plugin GeometryCache
LogPluginManager: Mounting plugin GeometryCollectionPlugin
LogPluginManager: Mounting plugin GeometryProcessing
LogPluginManager: Mounting plugin PlanarCut
LogPluginManager: Mounting plugin PlatformCrypto
LogPluginManager: Mounting plugin ProxyLODPlugin
LogPluginManager: Mounting plugin SkeletalReduction
LogPluginManager: Mounting plugin Niagara
LogPluginManager: Mounting plugin MagicLeap
LogPluginManager: Mounting plugin MagicLeapLightEstimation
LogPluginManager: Mounting plugin MagicLeapMedia
LogPluginManager: Mounting plugin MagicLeapPassableWorld
LogPluginManager: Mounting plugin MLSDK
LogPluginManager: Mounting plugin AndroidMedia
LogPluginManager: Mounting plugin AvfMedia
LogPluginManager: Mounting plugin ImgMedia
LogPluginManager: Mounting plugin MediaCompositing
LogPluginManager: Mounting plugin MediaPlayerEditor
LogPluginManager: Mounting plugin WebMMedia
LogPluginManager: Mounting plugin WmfMedia
LogPluginManager: Mounting plugin MeshPainting
LogPluginManager: Mounting plugin TcpMessaging
LogPluginManager: Mounting plugin UdpMessaging
LogPluginManager: Mounting plugin ActorSequence
LogPluginManager: Mounting plugin LevelSequenceEditor
LogPluginManager: Mounting plugin MatineeToLevelSequence
LogPluginManager: Mounting plugin MovieRenderPipeline
LogPluginManager: Mounting plugin TemplateSequence
LogPluginManager: Mounting plugin NetcodeUnitTest
LogPluginManager: Mounting plugin NUTUnrealEngine4
LogPluginManager: Mounting plugin OnlineSubsystemGooglePlay
LogPluginManager: Mounting plugin OnlineSubsystemIOS
LogPluginManager: Mounting plugin OnlineSubsystem
LogPluginManager: Mounting plugin OnlineSubsystemNull
LogPluginManager: Mounting plugin OnlineSubsystemUtils
LogPluginManager: Mounting plugin LauncherChunkInstaller
LogPluginManager: Mounting plugin AndroidDeviceProfileSelector
LogPluginManager: Mounting plugin AndroidMoviePlayer
LogPluginManager: Mounting plugin AndroidPermission
LogPluginManager: Mounting plugin AppleImageUtils
LogPluginManager: Mounting plugin AppleMoviePlayer
LogPluginManager: Mounting plugin ArchVisCharacter
LogPluginManager: Mounting plugin AssetTags
LogPluginManager: Mounting plugin AudioCapture
LogPluginManager: Mounting plugin CableComponent
LogPluginManager: Mounting plugin CustomMeshComponent
LogPluginManager: Mounting plugin EditableMesh
LogPluginManager: Mounting plugin ExampleDeviceProfileSelector
LogPluginManager: Mounting plugin GoogleCloudMessaging
LogPluginManager: Mounting plugin GooglePAD
LogPluginManager: Mounting plugin IOSDeviceProfileSelector
LogPluginManager: Mounting plugin LinuxDeviceProfileSelector
LogPluginManager: Mounting plugin LocationServicesBPLibrary
LogPluginManager: Mounting plugin MobilePatchingUtils
LogPluginManager: Mounting plugin OculusVR
LogPluginManager: Mounting plugin PhysXVehicles
LogPluginManager: Mounting plugin PostSplashScreen
LogPluginManager: Mounting plugin ProceduralMeshComponent
LogPluginManager: Mounting plugin RuntimePhysXCooking
LogPluginManager: Mounting plugin SignificanceManager
LogPluginManager: Mounting plugin SoundFields
LogPluginManager: Mounting plugin SteamVR
LogPluginManager: Mounting plugin Synthesis
LogPluginManager: Mounting plugin WebMMoviePlayer
LogPluginManager: Mounting plugin WindowsMoviePlayer
LogPluginManager: Mounting plugin ScreenshotTools
LogInit: Using libcurl 7.55.1-DEV
LogInit:  - built for x86_64-pc-win32
LogInit:  - supports SSL with OpenSSL/1.1.1
LogInit:  - supports HTTP deflate (compression) using libz 1.2.8
LogInit:  - other features:
LogInit:      CURL_VERSION_SSL
LogInit:      CURL_VERSION_LIBZ
LogInit:      CURL_VERSION_IPV6
LogInit:      CURL_VERSION_ASYNCHDNS
LogInit:      CURL_VERSION_LARGEFILE
LogInit:      CURL_VERSION_IDN
LogInit:  CurlRequestOptions (configurable via config and command line):
LogInit:  - bVerifyPeer = true  - Libcurl will verify peer certificate
LogInit:  - bUseHttpProxy = false  - Libcurl will NOT use HTTP proxy
LogInit:  - bDontReuseConnections = false  - Libcurl will reuse connections
LogInit:  - MaxHostConnections = 16  - Libcurl will limit the number of connections to a host
LogInit:  - LocalHostAddr = Default
LogInit:  - BufferSize = 65536
LogOnline: OSS: Creating online subsystem instance for: NULL
LogInit: WinSock: version 1.1 (2.2), MaxSocks=32767, MaxUdp=65467
LogOnline: OSS: TryLoadSubsystemAndSetDefault: Loaded subsystem for module [NULL]
LogInit: Build: ++UE4+Release-4.25-CL-14469661
LogInit: Engine Version: 4.25.4-14469661+++UE4+Release-4.25
LogInit: Compatible Engine Version: 4.25.0-13144385+++UE4+Release-4.25
LogInit: Net CL: 13144385
LogInit: OS: Windows 10 (Release 2009) (), CPU: AMD Ryzen 9 3900X 12-Core Processor            , GPU: NVIDIA GeForce GTX 1060 6GB
LogInit: Compiled (64-bit): Oct 11 2020 08:10:49
LogInit: Compiled with Visual C++: 19.24.28315.00
LogInit: Build Configuration: Development
LogInit: Branch Name: ++UE4+Release-4.25
LogInit: Command Line: -log -game
LogInit: Base Directory: E:/UNREAL ENGINE/UE_4.25/Engine/Binaries/Win64/
LogInit: Allocator: TBB
LogInit: Installed Engine Build: 1
LogDevObjectVersion: Number of dev versions registered: 26
LogDevObjectVersion:   Dev-Blueprints (B0D832E4-1F89-4F0D-ACCF-7EB736FD4AA2): 10
LogDevObjectVersion:   Dev-Build (E1C64328-A22C-4D53-A36C-8E866417BD8C): 0
LogDevObjectVersion:   Dev-Core (375EC13C-06E4-48FB-B500-84F0262A717E): 4
LogDevObjectVersion:   Dev-Editor (E4B068ED-F494-42E9-A231-DA0B2E46BB41): 38
LogDevObjectVersion:   Dev-Framework (CFFC743F-43B0-4480-9391-14DF171D2073): 37
LogDevObjectVersion:   Dev-Mobile (B02B49B5-BB20-44E9-A304-32B752E40360): 2
LogDevObjectVersion:   Dev-Networking (A4E4105C-59A1-49B5-A7C5-40C4547EDFEE): 0
LogDevObjectVersion:   Dev-Online (39C831C9-5AE6-47DC-9A44-9C173E1C8E7C): 0
LogDevObjectVersion:   Dev-Physics (78F01B33-EBEA-4F98-B9B4-84EACCB95AA2): 4
LogDevObjectVersion:   Dev-Platform (6631380F-2D4D-43E0-8009-CF276956A95A): 0
LogDevObjectVersion:   Dev-Rendering (12F88B9F-8875-4AFC-A67C-D90C383ABD29): 43
LogDevObjectVersion:   Dev-Sequencer (7B5AE74C-D270-4C10-A958-57980B212A5A): 12
LogDevObjectVersion:   Dev-VR (D7296918-1DD6-4BDD-9DE2-64A83CC13884): 3
LogDevObjectVersion:   Dev-LoadTimes (C2A15278-BFE7-4AFE-6C17-90FF531DF755): 1
LogDevObjectVersion:   Private-Geometry (6EACA3D4-40EC-4CC1-B786-8BED09428FC5): 3
LogDevObjectVersion:   Dev-AnimPhys (29E575DD-E0A3-4627-9D10-D276232CDCEA): 17
LogDevObjectVersion:   Dev-Anim (AF43A65D-7FD3-4947-9873-3E8ED9C1BB05): 7
LogDevObjectVersion:   Dev-ReflectionCapture (6B266CEC-1EC7-4B8F-A30B-E4D90942FC07): 1
LogDevObjectVersion:   Dev-Automation (0DF73D61-A23F-47EA-B727-89E90C41499A): 1
LogDevObjectVersion:   FortniteMain (601D1886-AC64-4F84-AA16-D3DE0DEAC7D6): 31
LogDevObjectVersion:   Dev-Enterprise (9DFFBCD6-494F-0158-E221-12823C92A888): 10
LogDevObjectVersion:   Dev-Niagara (F2AED0AC-9AFE-416F-8664-AA7FFA26D6FC): 1
LogDevObjectVersion:   Dev-Destruction (174F1F0B-B4C6-45A5-B13F-2EE8D0FB917D): 10
LogDevObjectVersion:   Dev-Physics-Ext (35F94A83-E258-406C-A318-09F59610247C): 37
LogDevObjectVersion:   Dev-PhysicsMaterial-Chaos (B68FC16E-8B1B-42E2-B453-215C058844FE): 1
LogDevObjectVersion:   Dev-CineCamera (B2E18506-4273-CFC2-A54E-F4BB758BBA07): 1
LogInit: Presizing for max 25165824 objects, including 0 objects not considered by GC, pre-allocating 0 bytes for permanent pool.
LogConfig: Applying CVar settings from Section [/Script/Engine.StreamingSettings] File [C:/Users/aveng/Documents/GitHub/GamesAssignment2-SecondYear/Games Assignment Two/GamesAssignmentTwo/Saved/Config/Windows/Engine.ini]
LogConfig: Setting CVar [[s.MinBulkDataSizeForAsyncLoading:131072]]
LogConfig: Setting CVar [[s.AsyncLoadingThreadEnabled:0]]
LogConfig: Setting CVar [[s.EventDrivenLoaderEnabled:1]]
LogConfig: Setting CVar [[s.WarnIfTimeLimitExceeded:0]]
LogConfig: Setting CVar [[s.TimeLimitExceededMultiplier:1.5]]
LogConfig: Setting CVar [[s.TimeLimitExceededMinTime:0.005]]
LogConfig: Setting CVar [[s.UseBackgroundLevelStreaming:1]]
LogConfig: Setting CVar [[s.PriorityAsyncLoadingExtraTime:15.0]]
LogConfig: Setting CVar [[s.LevelStreamingActorsUpdateTimeLimit:5.0]]
LogConfig: Setting CVar [[s.PriorityLevelStreamingActorsUpdateExtraTime:5.0]]
LogConfig: Setting CVar [[s.LevelStreamingComponentsRegistrationGranularity:10]]
LogConfig: Setting CVar [[s.UnregisterComponentsTimeLimit:1.0]]
LogConfig: Setting CVar [[s.LevelStreamingComponentsUnregistrationGranularity:5]]
LogConfig: Setting CVar [[s.FlushStreamingOnExit:1]]
LogInit: Object subsystem initialized
LogConfig: Setting CVar [[con.DebugEarlyDefault:1]]
LogConfig: Setting CVar [[r.setres:1280x720]]
[2021.04.14-08.15.47:241][  0]LogConfig: Setting CVar [[con.DebugEarlyDefault:1]]
[2021.04.14-08.15.47:241][  0]LogConfig: Setting CVar [[r.setres:1280x720]]
[2021.04.14-08.15.47:242][  0]LogConfig: Applying CVar settings from Section [/Script/Engine.RendererSettings] File [C:/Users/aveng/Documents/GitHub/GamesAssignment2-SecondYear/Games Assignment Two/GamesAssignmentTwo/Saved/Config/Windows/Engine.ini]
[2021.04.14-08.15.47:242][  0]LogConfig: Setting CVar [[r.GPUCrashDebugging:0]]
[2021.04.14-08.15.47:243][  0]LogConfig: Applying CVar settings from Section [/Script/Engine.RendererOverrideSettings] File [C:/Users/aveng/Documents/GitHub/GamesAssignment2-SecondYear/Games Assignment Two/GamesAssignmentTwo/Saved/Config/Windows/Engine.ini]
[2021.04.14-08.15.47:244][  0]LogConfig: Applying CVar settings from Section [/Script/Engine.StreamingSettings] File [C:/Users/aveng/Documents/GitHub/GamesAssignment2-SecondYear/Games Assignment Two/GamesAssignmentTwo/Saved/Config/Windows/Engine.ini]
[2021.04.14-08.15.47:244][  0]LogConfig: Setting CVar [[s.MinBulkDataSizeForAsyncLoading:131072]]
[2021.04.14-08.15.47:244][  0]LogConfig: Setting CVar [[s.AsyncLoadingThreadEnabled:0]]
[2021.04.14-08.15.47:245][  0]LogConfig: Setting CVar [[s.EventDrivenLoaderEnabled:1]]
[2021.04.14-08.15.47:245][  0]LogConfig: Setting CVar [[s.WarnIfTimeLimitExceeded:0]]
[2021.04.14-08.15.47:246][  0]LogConfig: Setting CVar [[s.TimeLimitExceededMultiplier:1.5]]
[2021.04.14-08.15.47:246][  0]LogConfig: Setting CVar [[s.TimeLimitExceededMinTime:0.005]]
[2021.04.14-08.15.47:246][  0]LogConfig: Setting CVar [[s.UseBackgroundLevelStreaming:1]]
[2021.04.14-08.15.47:247][  0]LogConfig: Setting CVar [[s.PriorityAsyncLoadingExtraTime:15.0]]
[2021.04.14-08.15.47:247][  0]LogConfig: Setting CVar [[s.LevelStreamingActorsUpdateTimeLimit:5.0]]
[2021.04.14-08.15.47:248][  0]LogConfig: Setting CVar [[s.PriorityLevelStreamingActorsUpdateExtraTime:5.0]]
[2021.04.14-08.15.47:250][  0]LogConfig: Setting CVar [[s.LevelStreamingComponentsRegistrationGranularity:10]]
[2021.04.14-08.15.47:250][  0]LogConfig: Setting CVar [[s.UnregisterComponentsTimeLimit:1.0]]
[2021.04.14-08.15.47:251][  0]LogConfig: Setting CVar [[s.LevelStreamingComponentsUnregistrationGranularity:5]]
[2021.04.14-08.15.47:251][  0]LogConfig: Setting CVar [[s.FlushStreamingOnExit:1]]
[2021.04.14-08.15.47:251][  0]LogConfig: Applying CVar settings from Section [/Script/Engine.GarbageCollectionSettings] File [C:/Users/aveng/Documents/GitHub/GamesAssignment2-SecondYear/Games Assignment Two/GamesAssignmentTwo/Saved/Config/Windows/Engine.ini]
[2021.04.14-08.15.47:252][  0]LogConfig: Setting CVar [[gc.MaxObjectsNotConsideredByGC:1]]
[2021.04.14-08.15.47:252][  0]LogConfig: Setting CVar [[gc.SizeOfPermanentObjectPool:0]]
[2021.04.14-08.15.47:253][  0]LogConfig: Setting CVar [[gc.FlushStreamingOnGC:0]]
[2021.04.14-08.15.47:253][  0]LogConfig: Setting CVar [[gc.NumRetriesBeforeForcingGC:10]]
[2021.04.14-08.15.47:253][  0]LogConfig: Setting CVar [[gc.AllowParallelGC:1]]
[2021.04.14-08.15.47:254][  0]LogConfig: Setting CVar [[gc.TimeBetweenPurgingPendingKillObjects:61.1]]
[2021.04.14-08.15.47:254][  0]LogConfig: Setting CVar [[gc.MaxObjectsInEditor:25165824]]
[2021.04.14-08.15.47:254][  0]LogConfig: Setting CVar [[gc.IncrementalBeginDestroyEnabled:1]]
[2021.04.14-08.15.47:255][  0]LogConfig: Setting CVar [[gc.CreateGCClusters:1]]
[2021.04.14-08.15.47:255][  0]LogConfig: Setting CVar [[gc.MinGCClusterSize:5]]
[2021.04.14-08.15.47:255][  0]LogConfig: Setting CVar [[gc.ActorClusteringEnabled:0]]
[2021.04.14-08.15.47:256][  0]LogConfig: Setting CVar [[gc.BlueprintClusteringEnabled:0]]
[2021.04.14-08.15.47:256][  0]LogConfig: Setting CVar [[gc.UseDisregardForGCOnDedicatedServers:0]]
[2021.04.14-08.15.47:257][  0]LogConfig: Applying CVar settings from Section [/Script/Engine.NetworkSettings] File [C:/Users/aveng/Documents/GitHub/GamesAssignment2-SecondYear/Games Assignment Two/GamesAssignmentTwo/Saved/Config/Windows/Engine.ini]
[2021.04.14-08.15.47:257][  0]LogConfig: Applying CVar settings from Section [/Script/UnrealEd.CookerSettings] File [C:/Users/aveng/Documents/GitHub/GamesAssignment2-SecondYear/Games Assignment Two/GamesAssignmentTwo/Saved/Config/Windows/Engine.ini]
[2021.04.14-08.15.47:262][  0]LogConfig: Applying CVar settings from Section [ViewDistanceQuality@3] File [C:/Users/aveng/Documents/GitHub/GamesAssignment2-SecondYear/Games Assignment Two/GamesAssignmentTwo/Saved/Config/Windows/Scalability.ini]
[2021.04.14-08.15.47:262][  0]LogConfig: Setting CVar [[r.SkeletalMeshLODBias:0]]
[2021.04.14-08.15.47:263][  0]LogConfig: Setting CVar [[r.ViewDistanceScale:1.0]]
[2021.04.14-08.15.47:263][  0]LogConfig: Applying CVar settings from Section [AntiAliasingQuality@3] File [C:/Users/aveng/Documents/GitHub/GamesAssignment2-SecondYear/Games Assignment Two/GamesAssignmentTwo/Saved/Config/Windows/Scalability.ini]
[2021.04.14-08.15.47:263][  0]LogConfig: Setting CVar [[r.PostProcessAAQuality:4]]
[2021.04.14-08.15.47:264][  0]LogConfig: Applying CVar settings from Section [ShadowQuality@3] File [C:/Users/aveng/Documents/GitHub/GamesAssignment2-SecondYear/Games Assignment Two/GamesAssignmentTwo/Saved/Config/Windows/Scalability.ini]
[2021.04.14-08.15.47:264][  0]LogConfig: Setting CVar [[r.LightFunctionQuality:1]]
[2021.04.14-08.15.47:265][  0]LogConfig: Setting CVar [[r.ShadowQuality:5]]
[2021.04.14-08.15.47:265][  0]LogConfig: Setting CVar [[r.Shadow.CSM.MaxCascades:10]]
[2021.04.14-08.15.47:266][  0]LogConfig: Setting CVar [[r.Shadow.MaxResolution:2048]]
[2021.04.14-08.15.47:266][  0]LogConfig: Setting CVar [[r.Shadow.MaxCSMResolution:2048]]
[2021.04.14-08.15.47:266][  0]LogConfig: Setting CVar [[r.Shadow.RadiusThreshold:0.01]]
[2021.04.14-08.15.47:267][  0]LogConfig: Setting CVar [[r.Shadow.DistanceScale:1.0]]
[2021.04.14-08.15.47:267][  0]LogConfig: Setting CVar [[r.Shadow.CSM.TransitionScale:1.0]]
[2021.04.14-08.15.47:268][  0]LogConfig: Setting CVar [[r.Shadow.PreShadowResolutionFactor:1.0]]
[2021.04.14-08.15.47:268][  0]LogConfig: Setting CVar [[r.DistanceFieldShadowing:1]]
[2021.04.14-08.15.47:268][  0]LogConfig: Setting CVar [[r.DistanceFieldAO:1]]
[2021.04.14-08.15.47:269][  0]LogConfig: Setting CVar [[r.AOQuality:2]]
[2021.04.14-08.15.47:269][  0]LogConfig: Setting CVar [[r.VolumetricFog:1]]
[2021.04.14-08.15.47:269][  0]LogConfig: Setting CVar [[r.VolumetricFog.GridPixelSize:8]]
[2021.04.14-08.15.47:270][  0]LogConfig: Setting CVar [[r.VolumetricFog.GridSizeZ:128]]
[2021.04.14-08.15.47:270][  0]LogConfig: Setting CVar [[r.VolumetricFog.HistoryMissSupersampleCount:4]]
[2021.04.14-08.15.47:270][  0]LogConfig: Setting CVar [[r.LightMaxDrawDistanceScale:1]]
[2021.04.14-08.15.47:271][  0]LogConfig: Setting CVar [[r.CapsuleShadows:1]]
[2021.04.14-08.15.47:273][  0]LogConfig: Applying CVar settings from Section [PostProcessQuality@3] File [C:/Users/aveng/Documents/GitHub/GamesAssignment2-SecondYear/Games Assignment Two/GamesAssignmentTwo/Saved/Config/Windows/Scalability.ini]
[2021.04.14-08.15.47:273][  0]LogConfig: Setting CVar [[r.MotionBlurQuality:4]]
[2021.04.14-08.15.47:273][  0]LogConfig: Setting CVar [[r.AmbientOcclusionMipLevelFactor:0.4]]
[2021.04.14-08.15.47:273][  0]LogConfig: Setting CVar [[r.AmbientOcclusionMaxQuality:100]]
[2021.04.14-08.15.47:274][  0]LogConfig: Setting CVar [[r.AmbientOcclusionLevels:-1]]
[2021.04.14-08.15.47:274][  0]LogConfig: Setting CVar [[r.AmbientOcclusionRadiusScale:1.0]]
[2021.04.14-08.15.47:275][  0]LogConfig: Setting CVar [[r.DepthOfFieldQuality:2]]
[2021.04.14-08.15.47:275][  0]LogConfig: Setting CVar [[r.RenderTargetPoolMin:400]]
[2021.04.14-08.15.47:275][  0]LogConfig: Setting CVar [[r.LensFlareQuality:2]]
[2021.04.14-08.15.47:276][  0]LogConfig: Setting CVar [[r.SceneColorFringeQuality:1]]
[2021.04.14-08.15.47:277][  0]LogConfig: Setting CVar [[r.EyeAdaptationQuality:2]]
[2021.04.14-08.15.47:278][  0]LogConfig: Setting CVar [[r.BloomQuality:5]]
[2021.04.14-08.15.47:278][  0]LogConfig: Setting CVar [[r.FastBlurThreshold:100]]
[2021.04.14-08.15.47:278][  0]LogConfig: Setting CVar [[r.Upscale.Quality:3]]
[2021.04.14-08.15.47:279][  0]LogConfig: Setting CVar [[r.Tonemapper.GrainQuantization:1]]
[2021.04.14-08.15.47:279][  0]LogConfig: Setting CVar [[r.LightShaftQuality:1]]
[2021.04.14-08.15.47:279][  0]LogConfig: Setting CVar [[r.Filter.SizeScale:1]]
[2021.04.14-08.15.47:280][  0]LogConfig: Setting CVar [[r.Tonemapper.Quality:5]]
[2021.04.14-08.15.47:280][  0]LogConfig: Setting CVar [[r.DOF.Gather.AccumulatorQuality:1        ; higher gathering accumulator quality]]
[2021.04.14-08.15.47:280][  0]LogConfig: Setting CVar [[r.DOF.Gather.PostfilterMethod:1          ; Median3x3 postfilering method]]
[2021.04.14-08.15.47:281][  0]LogConfig: Setting CVar [[r.DOF.Gather.EnableBokehSettings:0       ; no bokeh simulation when gathering]]
[2021.04.14-08.15.47:281][  0]LogConfig: Setting CVar [[r.DOF.Gather.RingCount:4                 ; medium number of samples when gathering]]
[2021.04.14-08.15.47:282][  0]LogConfig: Setting CVar [[r.DOF.Scatter.ForegroundCompositing:1    ; additive foreground scattering]]
[2021.04.14-08.15.47:283][  0]LogConfig: Setting CVar [[r.DOF.Scatter.BackgroundCompositing:2    ; additive background scattering]]
[2021.04.14-08.15.47:284][  0]LogConfig: Setting CVar [[r.DOF.Scatter.EnableBokehSettings:1      ; bokeh simulation when scattering]]
[2021.04.14-08.15.47:284][  0]LogConfig: Setting CVar [[r.DOF.Scatter.MaxSpriteRatio:0.1         ; only a maximum of 10% of scattered bokeh]]
[2021.04.14-08.15.47:285][  0]LogConfig: Setting CVar [[r.DOF.Recombine.Quality:1                ; cheap slight out of focus]]
[2021.04.14-08.15.47:285][  0]LogConfig: Setting CVar [[r.DOF.Recombine.EnableBokehSettings:0    ; no bokeh simulation on slight out of focus]]
[2021.04.14-08.15.47:286][  0]LogConfig: Setting CVar [[r.DOF.TemporalAAQuality:1                ; more stable temporal accumulation]]
[2021.04.14-08.15.47:286][  0]LogConfig: Setting CVar [[r.DOF.Kernel.MaxForegroundRadius:0.025]]
[2021.04.14-08.15.47:286][  0]LogConfig: Setting CVar [[r.DOF.Kernel.MaxBackgroundRadius:0.025]]
[2021.04.14-08.15.47:287][  0]LogConfig: Applying CVar settings from Section [TextureQuality@3] File [C:/Users/aveng/Documents/GitHub/GamesAssignment2-SecondYear/Games Assignment Two/GamesAssignmentTwo/Saved/Config/Windows/Scalability.ini]
[2021.04.14-08.15.47:287][  0]LogConfig: Setting CVar [[r.Streaming.MipBias:0]]
[2021.04.14-08.15.47:287][  0]LogConfig: Setting CVar [[r.Streaming.AmortizeCPUToGPUCopy:0]]
[2021.04.14-08.15.47:288][  0]LogConfig: Setting CVar [[r.Streaming.MaxNumTexturesToStreamPerFrame:0]]
[2021.04.14-08.15.47:288][  0]LogConfig: Setting CVar [[r.Streaming.Boost:1]]
[2021.04.14-08.15.47:288][  0]LogConfig: Setting CVar [[r.MaxAnisotropy:8]]
[2021.04.14-08.15.47:289][  0]LogConfig: Setting CVar [[r.VT.MaxAnisotropy:8]]
[2021.04.14-08.15.47:289][  0]LogConfig: Setting CVar [[r.Streaming.LimitPoolSizeToVRAM:0]]
[2021.04.14-08.15.47:289][  0]LogConfig: Setting CVar [[r.Streaming.PoolSize:1000]]
[2021.04.14-08.15.47:290][  0]LogConfig: Setting CVar [[r.Streaming.MaxEffectiveScreenSize:0]]
[2021.04.14-08.15.47:290][  0]LogConfig: Applying CVar settings from Section [EffectsQuality@3] File [C:/Users/aveng/Documents/GitHub/GamesAssignment2-SecondYear/Games Assignment Two/GamesAssignmentTwo/Saved/Config/Windows/Scalability.ini]
[2021.04.14-08.15.47:291][  0]LogConfig: Setting CVar [[r.TranslucencyLightingVolumeDim:64]]
[2021.04.14-08.15.47:292][  0]LogConfig: Setting CVar [[r.RefractionQuality:2]]
[2021.04.14-08.15.47:294][  0]LogConfig: Setting CVar [[r.SSR.Quality:3]]
[2021.04.14-08.15.47:294][  0]LogConfig: Setting CVar [[r.SSR.HalfResSceneColor:0]]
[2021.04.14-08.15.47:294][  0]LogConfig: Setting CVar [[r.SceneColorFormat:4]]
[2021.04.14-08.15.47:294][  0]LogConfig: Setting CVar [[r.DetailMode:2]]
[2021.04.14-08.15.47:295][  0]LogConfig: Setting CVar [[r.TranslucencyVolumeBlur:1]]
[2021.04.14-08.15.47:295][  0]LogConfig: Setting CVar [[r.MaterialQualityLevel:1 ; High quality]]
[2021.04.14-08.15.47:296][  0]LogConfig: Setting CVar [[r.SSS.Scale:1]]
[2021.04.14-08.15.47:296][  0]LogConfig: Setting CVar [[r.SSS.SampleSet:2]]
[2021.04.14-08.15.47:296][  0]LogConfig: Setting CVar [[r.SSS.Quality:1]]
[2021.04.14-08.15.47:297][  0]LogConfig: Setting CVar [[r.SSS.HalfRes:0]]
[2021.04.14-08.15.47:297][  0]LogConfig: Setting CVar [[r.SSGI.Quality:3]]
[2021.04.14-08.15.47:298][  0]LogConfig: Setting CVar [[r.EmitterSpawnRateScale:1.0]]
[2021.04.14-08.15.47:299][  0]LogConfig: Setting CVar [[r.ParticleLightQuality:2]]
[2021.04.14-08.15.47:301][  0]LogConfig: Setting CVar [[r.SkyAtmosphere.AerialPerspectiveLUT.FastApplyOnOpaque:1 ; Always have FastSkyLUT 1 in this case to avoid wrong sky]]
[2021.04.14-08.15.47:301][  0]LogConfig: Setting CVar [[r.SkyAtmosphere.AerialPerspectiveLUT.SampleCountPerSlice:1]]
[2021.04.14-08.15.47:301][  0]LogConfig: Setting CVar [[r.SkyAtmosphere.AerialPerspectiveLUT.DepthResolution:16.0]]
[2021.04.14-08.15.47:301][  0]LogConfig: Setting CVar [[r.SkyAtmosphere.FastSkyLUT:1]]
[2021.04.14-08.15.47:302][  0]LogConfig: Setting CVar [[r.SkyAtmosphere.FastSkyLUT.SampleCountMin:4.0]]
[2021.04.14-08.15.47:302][  0]LogConfig: Setting CVar [[r.SkyAtmosphere.FastSkyLUT.SampleCountMax:32.0]]
[2021.04.14-08.15.47:302][  0]LogConfig: Setting CVar [[r.SkyAtmosphere.SampleCountMin:4.0]]
[2021.04.14-08.15.47:303][  0]LogConfig: Setting CVar [[r.SkyAtmosphere.SampleCountMax:32.0]]
[2021.04.14-08.15.47:305][  0]LogConfig: Setting CVar [[r.SkyAtmosphere.TransmittanceLUT.UseSmallFormat:0]]
[2021.04.14-08.15.47:305][  0]LogConfig: Setting CVar [[r.SkyAtmosphere.TransmittanceLUT.SampleCount:10.0]]
[2021.04.14-08.15.47:305][  0]LogConfig: Setting CVar [[r.SkyAtmosphere.MultiScatteringLUT.SampleCount:15.0]]
[2021.04.14-08.15.47:306][  0]LogConfig: Applying CVar settings from Section [FoliageQuality@3] File [C:/Users/aveng/Documents/GitHub/GamesAssignment2-SecondYear/Games Assignment Two/GamesAssignmentTwo/Saved/Config/Windows/Scalability.ini]
[2021.04.14-08.15.47:306][  0]LogConfig: Setting CVar [[foliage.DensityScale:1.0]]
[2021.04.14-08.15.47:306][  0]LogConfig: Setting CVar [[grass.DensityScale:1.0]]
[2021.04.14-08.15.47:307][  0]LogConfig: Applying CVar settings from Section [ShadingQuality@3] File [C:/Users/aveng/Documents/GitHub/GamesAssignment2-SecondYear/Games Assignment Two/GamesAssignmentTwo/Saved/Config/Windows/Scalability.ini]
[2021.04.14-08.15.47:307][  0]LogConfig: Setting CVar [[r.HairStrands.SkyLighting.SampleCount:16]]
[2021.04.14-08.15.47:308][  0]LogConfig: Setting CVar [[r.HairStrands.SkyLighting.JitterIntegration:0]]
[2021.04.14-08.15.47:308][  0]LogConfig: Setting CVar [[r.HairStrands.SkyAO.SampleCount:16]]
[2021.04.14-08.15.47:309][  0]LogConfig: Setting CVar [[r.HairStrands.DeepShadow.SuperSampling:0]]
[2021.04.14-08.15.47:309][  0]LogConfig: Setting CVar [[r.HairStrands.VisibilityPPLL:0]]
[2021.04.14-08.15.47:310][  0]LogConfig: Setting CVar [[r.HairStrands.RasterizationScale:0.5]]
[2021.04.14-08.15.47:310][  0]LogConfig: Setting CVar [[r.HairStrands.VelocityRasterizationScale:1]]
[2021.04.14-08.15.47:310][  0]LogInit: Selected Device Profile: [Windows]
[2021.04.14-08.15.47:311][  0]LogInit: Applying CVar settings loaded from the selected device profile: [Windows]
[2021.04.14-08.15.47:311][  0]LogHAL: Display: Platform has ~ 32 GB [34260910080 / 34359738368 / 32], which maps to Largest [LargestMinGB=32, LargerMinGB=12, DefaultMinGB=8, SmallerMinGB=6, SmallestMinGB=0)
[2021.04.14-08.15.47:311][  0]LogInit: Going up to parent DeviceProfile []
[2021.04.14-08.15.47:312][  0]LogConfig: Applying CVar settings from Section [ViewDistanceQuality@3] File [C:/Users/aveng/Documents/GitHub/GamesAssignment2-SecondYear/Games Assignment Two/GamesAssignmentTwo/Saved/Config/Windows/Scalability.ini]
[2021.04.14-08.15.47:313][  0]LogConfig: Setting CVar [[r.SkeletalMeshLODBias:0]]
[2021.04.14-08.15.47:313][  0]LogConfig: Setting CVar [[r.ViewDistanceScale:1.0]]
[2021.04.14-08.15.47:313][  0]LogConfig: Applying CVar settings from Section [AntiAliasingQuality@3] File [C:/Users/aveng/Documents/GitHub/GamesAssignment2-SecondYear/Games Assignment Two/GamesAssignmentTwo/Saved/Config/Windows/Scalability.ini]
[2021.04.14-08.15.47:314][  0]LogConfig: Setting CVar [[r.PostProcessAAQuality:4]]
[2021.04.14-08.15.47:316][  0]LogConfig: Applying CVar settings from Section [ShadowQuality@3] File [C:/Users/aveng/Documents/GitHub/GamesAssignment2-SecondYear/Games Assignment Two/GamesAssignmentTwo/Saved/Config/Windows/Scalability.ini]
[2021.04.14-08.15.47:316][  0]LogConfig: Setting CVar [[r.LightFunctionQuality:1]]
[2021.04.14-08.15.47:317][  0]LogConfig: Setting CVar [[r.ShadowQuality:5]]
[2021.04.14-08.15.47:317][  0]LogConfig: Setting CVar [[r.Shadow.CSM.MaxCascades:10]]
[2021.04.14-08.15.47:317][  0]LogConfig: Setting CVar [[r.Shadow.MaxResolution:2048]]
[2021.04.14-08.15.47:318][  0]LogConfig: Setting CVar [[r.Shadow.MaxCSMResolution:2048]]
[2021.04.14-08.15.47:318][  0]LogConfig: Setting CVar [[r.Shadow.RadiusThreshold:0.01]]
[2021.04.14-08.15.47:319][  0]LogConfig: Setting CVar [[r.Shadow.DistanceScale:1.0]]
[2021.04.14-08.15.47:319][  0]LogConfig: Setting CVar [[r.Shadow.CSM.TransitionScale:1.0]]
[2021.04.14-08.15.47:319][  0]LogConfig: Setting CVar [[r.Shadow.PreShadowResolutionFactor:1.0]]
[2021.04.14-08.15.47:320][  0]LogConfig: Setting CVar [[r.DistanceFieldShadowing:1]]
[2021.04.14-08.15.47:320][  0]LogConfig: Setting CVar [[r.DistanceFieldAO:1]]
[2021.04.14-08.15.47:321][  0]LogConfig: Setting CVar [[r.AOQuality:2]]
[2021.04.14-08.15.47:321][  0]LogConfig: Setting CVar [[r.VolumetricFog:1]]
[2021.04.14-08.15.47:322][  0]LogConfig: Setting CVar [[r.VolumetricFog.GridPixelSize:8]]
[2021.04.14-08.15.47:322][  0]LogConfig: Setting CVar [[r.VolumetricFog.GridSizeZ:128]]
[2021.04.14-08.15.47:322][  0]LogConfig: Setting CVar [[r.VolumetricFog.HistoryMissSupersampleCount:4]]
[2021.04.14-08.15.47:323][  0]LogConfig: Setting CVar [[r.LightMaxDrawDistanceScale:1]]
[2021.04.14-08.15.47:323][  0]LogConfig: Setting CVar [[r.CapsuleShadows:1]]
[2021.04.14-08.15.47:324][  0]LogConfig: Applying CVar settings from Section [PostProcessQuality@3] File [C:/Users/aveng/Documents/GitHub/GamesAssignment2-SecondYear/Games Assignment Two/GamesAssignmentTwo/Saved/Config/Windows/Scalability.ini]
[2021.04.14-08.15.47:324][  0]LogConfig: Setting CVar [[r.MotionBlurQuality:4]]
[2021.04.14-08.15.47:325][  0]LogConfig: Setting CVar [[r.AmbientOcclusionMipLevelFactor:0.4]]
[2021.04.14-08.15.47:326][  0]LogConfig: Setting CVar [[r.AmbientOcclusionMaxQuality:100]]
[2021.04.14-08.15.47:327][  0]LogConfig: Setting CVar [[r.AmbientOcclusionLevels:-1]]
[2021.04.14-08.15.47:327][  0]LogConfig: Setting CVar [[r.AmbientOcclusionRadiusScale:1.0]]
[2021.04.14-08.15.47:328][  0]LogConfig: Setting CVar [[r.DepthOfFieldQuality:2]]
[2021.04.14-08.15.47:328][  0]LogConfig: Setting CVar [[r.RenderTargetPoolMin:400]]
[2021.04.14-08.15.47:328][  0]LogConfig: Setting CVar [[r.LensFlareQuality:2]]
[2021.04.14-08.15.47:329][  0]LogConfig: Setting CVar [[r.SceneColorFringeQuality:1]]
[2021.04.14-08.15.47:329][  0]LogConfig: Setting CVar [[r.EyeAdaptationQuality:2]]
[2021.04.14-08.15.47:330][  0]LogConfig: Setting CVar [[r.BloomQuality:5]]
[2021.04.14-08.15.47:330][  0]LogConfig: Setting CVar [[r.FastBlurThreshold:100]]
[2021.04.14-08.15.47:330][  0]LogConfig: Setting CVar [[r.Upscale.Quality:3]]
[2021.04.14-08.15.47:331][  0]LogConfig: Setting CVar [[r.Tonemapper.GrainQuantization:1]]
[2021.04.14-08.15.47:331][  0]LogConfig: Setting CVar [[r.LightShaftQuality:1]]
[2021.04.14-08.15.47:332][  0]LogConfig: Setting CVar [[r.Filter.SizeScale:1]]
[2021.04.14-08.15.47:332][  0]LogConfig: Setting CVar [[r.Tonemapper.Quality:5]]
[2021.04.14-08.15.47:332][  0]LogConfig: Setting CVar [[r.DOF.Gather.AccumulatorQuality:1        ; higher gathering accumulator quality]]
[2021.04.14-08.15.47:333][  0]LogConfig: Setting CVar [[r.DOF.Gather.PostfilterMethod:1          ; Median3x3 postfilering method]]
[2021.04.14-08.15.47:333][  0]LogConfig: Setting CVar [[r.DOF.Gather.EnableBokehSettings:0       ; no bokeh simulation when gathering]]
[2021.04.14-08.15.47:334][  0]LogConfig: Setting CVar [[r.DOF.Gather.RingCount:4                 ; medium number of samples when gathering]]
[2021.04.14-08.15.47:334][  0]LogConfig: Setting CVar [[r.DOF.Scatter.ForegroundCompositing:1    ; additive foreground scattering]]
[2021.04.14-08.15.47:335][  0]LogConfig: Setting CVar [[r.DOF.Scatter.BackgroundCompositing:2    ; additive background scattering]]
[2021.04.14-08.15.47:336][  0]LogConfig: Setting CVar [[r.DOF.Scatter.EnableBokehSettings:1      ; bokeh simulation when scattering]]
[2021.04.14-08.15.47:337][  0]LogConfig: Setting CVar [[r.DOF.Scatter.MaxSpriteRatio:0.1         ; only a maximum of 10% of scattered bokeh]]
[2021.04.14-08.15.47:337][  0]LogConfig: Setting CVar [[r.DOF.Recombine.Quality:1                ; cheap slight out of focus]]
[2021.04.14-08.15.47:337][  0]LogConfig: Setting CVar [[r.DOF.Recombine.EnableBokehSettings:0    ; no bokeh simulation on slight out of focus]]
[2021.04.14-08.15.47:338][  0]LogConfig: Setting CVar [[r.DOF.TemporalAAQuality:1                ; more stable temporal accumulation]]
[2021.04.14-08.15.47:338][  0]LogConfig: Setting CVar [[r.DOF.Kernel.MaxForegroundRadius:0.025]]
[2021.04.14-08.15.47:339][  0]LogConfig: Setting CVar [[r.DOF.Kernel.MaxBackgroundRadius:0.025]]
[2021.04.14-08.15.47:339][  0]LogConfig: Applying CVar settings from Section [TextureQuality@3] File [C:/Users/aveng/Documents/GitHub/GamesAssignment2-SecondYear/Games Assignment Two/GamesAssignmentTwo/Saved/Config/Windows/Scalability.ini]
[2021.04.14-08.15.47:339][  0]LogConfig: Setting CVar [[r.Streaming.MipBias:0]]
[2021.04.14-08.15.47:340][  0]LogConfig: Setting CVar [[r.Streaming.AmortizeCPUToGPUCopy:0]]
[2021.04.14-08.15.47:340][  0]LogConfig: Setting CVar [[r.Streaming.MaxNumTexturesToStreamPerFrame:0]]
[2021.04.14-08.15.47:341][  0]LogConfig: Setting CVar [[r.Streaming.Boost:1]]
[2021.04.14-08.15.47:341][  0]LogConfig: Setting CVar [[r.MaxAnisotropy:8]]
[2021.04.14-08.15.47:342][  0]LogConfig: Setting CVar [[r.VT.MaxAnisotropy:8]]
[2021.04.14-08.15.47:343][  0]LogConfig: Setting CVar [[r.Streaming.LimitPoolSizeToVRAM:0]]
[2021.04.14-08.15.47:343][  0]LogConfig: Setting CVar [[r.Streaming.PoolSize:1000]]
[2021.04.14-08.15.47:343][  0]LogConfig: Setting CVar [[r.Streaming.MaxEffectiveScreenSize:0]]
[2021.04.14-08.15.47:344][  0]LogConfig: Applying CVar settings from Section [EffectsQuality@3] File [C:/Users/aveng/Documents/GitHub/GamesAssignment2-SecondYear/Games Assignment Two/GamesAssignmentTwo/Saved/Config/Windows/Scalability.ini]
[2021.04.14-08.15.47:344][  0]LogConfig: Setting CVar [[r.TranslucencyLightingVolumeDim:64]]
[2021.04.14-08.15.47:344][  0]LogConfig: Setting CVar [[r.RefractionQuality:2]]
[2021.04.14-08.15.47:345][  0]LogConfig: Setting CVar [[r.SSR.Quality:3]]
[2021.04.14-08.15.47:346][  0]LogConfig: Setting CVar [[r.SSR.HalfResSceneColor:0]]
[2021.04.14-08.15.47:347][  0]LogConfig: Setting CVar [[r.SceneColorFormat:4]]
[2021.04.14-08.15.47:347][  0]LogConfig: Setting CVar [[r.DetailMode:2]]
[2021.04.14-08.15.47:348][  0]LogConfig: Setting CVar [[r.TranslucencyVolumeBlur:1]]
[2021.04.14-08.15.47:348][  0]LogConfig: Setting CVar [[r.MaterialQualityLevel:1 ; High quality]]
[2021.04.14-08.15.47:349][  0]LogConfig: Setting CVar [[r.SSS.Scale:1]]
[2021.04.14-08.15.47:349][  0]LogConfig: Setting CVar [[r.SSS.SampleSet:2]]
[2021.04.14-08.15.47:349][  0]LogConfig: Setting CVar [[r.SSS.Quality:1]]
[2021.04.14-08.15.47:350][  0]LogConfig: Setting CVar [[r.SSS.HalfRes:0]]
[2021.04.14-08.15.47:350][  0]LogConfig: Setting CVar [[r.SSGI.Quality:3]]
[2021.04.14-08.15.47:351][  0]LogConfig: Setting CVar [[r.EmitterSpawnRateScale:1.0]]
[2021.04.14-08.15.47:351][  0]LogConfig: Setting CVar [[r.ParticleLightQuality:2]]
[2021.04.14-08.15.47:351][  0]LogConfig: Setting CVar [[r.SkyAtmosphere.AerialPerspectiveLUT.FastApplyOnOpaque:1 ; Always have FastSkyLUT 1 in this case to avoid wrong sky]]
[2021.04.14-08.15.47:352][  0]LogConfig: Setting CVar [[r.SkyAtmosphere.AerialPerspectiveLUT.SampleCountPerSlice:1]]
[2021.04.14-08.15.47:352][  0]LogConfig: Setting CVar [[r.SkyAtmosphere.AerialPerspectiveLUT.DepthResolution:16.0]]
[2021.04.14-08.15.47:352][  0]LogConfig: Setting CVar [[r.SkyAtmosphere.FastSkyLUT:1]]
[2021.04.14-08.15.47:353][  0]LogConfig: Setting CVar [[r.SkyAtmosphere.FastSkyLUT.SampleCountMin:4.0]]
[2021.04.14-08.15.47:353][  0]LogConfig: Setting CVar [[r.SkyAtmosphere.FastSkyLUT.SampleCountMax:32.0]]
[2021.04.14-08.15.47:353][  0]LogConfig: Setting CVar [[r.SkyAtmosphere.SampleCountMin:4.0]]
[2021.04.14-08.15.47:354][  0]LogConfig: Setting CVar [[r.SkyAtmosphere.SampleCountMax:32.0]]
[2021.04.14-08.15.47:354][  0]LogConfig: Setting CVar [[r.SkyAtmosphere.TransmittanceLUT.UseSmallFormat:0]]
[2021.04.14-08.15.47:355][  0]LogConfig: Setting CVar [[r.SkyAtmosphere.TransmittanceLUT.SampleCount:10.0]]
[2021.04.14-08.15.47:356][  0]LogConfig: Setting CVar [[r.SkyAtmosphere.MultiScatteringLUT.SampleCount:15.0]]
[2021.04.14-08.15.47:357][  0]LogConfig: Applying CVar settings from Section [FoliageQuality@3] File [C:/Users/aveng/Documents/GitHub/GamesAssignment2-SecondYear/Games Assignment Two/GamesAssignmentTwo/Saved/Config/Windows/Scalability.ini]
[2021.04.14-08.15.47:357][  0]LogConfig: Setting CVar [[foliage.DensityScale:1.0]]
[2021.04.14-08.15.47:357][  0]LogConfig: Setting CVar [[grass.DensityScale:1.0]]
[2021.04.14-08.15.47:358][  0]LogConfig: Applying CVar settings from Section [ShadingQuality@3] File [C:/Users/aveng/Documents/GitHub/GamesAssignment2-SecondYear/Games Assignment Two/GamesAssignmentTwo/Saved/Config/Windows/Scalability.ini]
[2021.04.14-08.15.47:358][  0]LogConfig: Setting CVar [[r.HairStrands.SkyLighting.SampleCount:16]]
[2021.04.14-08.15.47:358][  0]LogConfig: Setting CVar [[r.HairStrands.SkyLighting.JitterIntegration:0]]
[2021.04.14-08.15.47:359][  0]LogConfig: Setting CVar [[r.HairStrands.SkyAO.SampleCount:16]]
[2021.04.14-08.15.47:359][  0]LogConfig: Setting CVar [[r.HairStrands.DeepShadow.SuperSampling:0]]
[2021.04.14-08.15.47:360][  0]LogConfig: Setting CVar [[r.HairStrands.VisibilityPPLL:0]]
[2021.04.14-08.15.47:361][  0]LogConfig: Setting CVar [[r.HairStrands.RasterizationScale:0.5]]
[2021.04.14-08.15.47:362][  0]LogConfig: Setting CVar [[r.HairStrands.VelocityRasterizationScale:1]]
[2021.04.14-08.15.47:362][  0]LogConfig: Applying CVar settings from Section [Startup] File [../../../Engine/Config/ConsoleVariables.ini]
[2021.04.14-08.15.47:363][  0]LogConfig: Setting CVar [[net.UseAdaptiveNetUpdateFrequency:0]]
[2021.04.14-08.15.47:364][  0]LogConfig: Setting CVar [[p.chaos.AllowCreatePhysxBodies:1]]
[2021.04.14-08.15.47:364][  0]LogConfig: Setting CVar [[fx.SkipVectorVMBackendOptimizations:1]]
[2021.04.14-08.15.47:365][  0]LogConfig: Applying CVar settings from Section [ConsoleVariables] File [C:/Users/aveng/Documents/GitHub/GamesAssignment2-SecondYear/Games Assignment Two/GamesAssignmentTwo/Saved/Config/Windows/Engine.ini]
[2021.04.14-08.15.47:366][  0]LogInit: Computer: PROGRAMMING-PC
[2021.04.14-08.15.47:367][  0]LogInit: User: aveng
[2021.04.14-08.15.47:367][  0]LogInit: CPU Page size=4096, Cores=12
[2021.04.14-08.15.47:367][  0]LogInit: High frequency timer resolution =10.000000 MHz
[2021.04.14-08.15.47:368][  0]LogMemory: Memory total: Physical=31.9GB (32GB approx)
[2021.04.14-08.15.47:368][  0]LogMemory: Platform Memory Stats for Windows
[2021.04.14-08.15.47:368][  0]LogMemory: Process Physical Memory: 120.51 MB used, 120.51 MB peak
[2021.04.14-08.15.47:369][  0]LogMemory: Process Virtual Memory: 110.83 MB used, 110.83 MB peak
[2021.04.14-08.15.47:370][  0]LogMemory: Physical Memory: 25312.10 MB used,  7361.65 MB free, 32673.75 MB total
[2021.04.14-08.15.47:371][  0]LogMemory: Virtual Memory: 5220.85 MB used,  134212504.00 MB free, 134217728.00 MB total
[2021.04.14-08.15.47:376][  0]LogWindows: WindowsPlatformFeatures enabled
[2021.04.14-08.15.47:411][  0]LogInit: Physics initialised using underlying interface: PhysX
[2021.04.14-08.15.47:412][  0]LogInit: Using OS detected language (en-GB).
[2021.04.14-08.15.47:413][  0]LogInit: Using OS detected locale (en-GB).
[2021.04.14-08.15.47:414][  0]LogTextLocalizationManager: No specific localization for 'en-GB' exists, so the 'en' localization will be used.
[2021.04.14-08.15.47:583][  0]LogSlate: New Slate User Created.  User Index 0, Is Virtual User: 0
[2021.04.14-08.15.47:583][  0]LogSlate: Slate User Registered.  User Index 0, Is Virtual User: 0
[2021.04.14-08.15.47:597][  0]LogHMD: Failed to initialize OpenVR with code 110
[2021.04.14-08.15.47:597][  0]LogD3D11RHI: D3D11 min allowed feature level: 11_0
[2021.04.14-08.15.47:597][  0]LogD3D11RHI: D3D11 max allowed feature level: 11_0
[2021.04.14-08.15.47:598][  0]LogD3D11RHI: D3D11 adapters:
[2021.04.14-08.15.47:693][  0]LogD3D11RHI:    0. 'NVIDIA GeForce GTX 1060 6GB' (Feature Level 11_0)
[2021.04.14-08.15.47:694][  0]LogD3D11RHI:       6052/0/16336 MB DedicatedVideo/DedicatedSystem/SharedSystem, Outputs:2, VendorId:0x10de
[2021.04.14-08.15.47:697][  0]LogD3D11RHI:    1. 'Microsoft Basic Render Driver' (Feature Level 11_0)
[2021.04.14-08.15.47:697][  0]LogD3D11RHI:       0/0/16336 MB DedicatedVideo/DedicatedSystem/SharedSystem, Outputs:0, VendorId:0x1414
[2021.04.14-08.15.47:698][  0]LogD3D11RHI: Chosen D3D11 Adapter: 0
[2021.04.14-08.15.47:711][  0]LogD3D11RHI: Creating new Direct3DDevice
[2021.04.14-08.15.47:711][  0]LogD3D11RHI:     GPU DeviceId: 0x1c03 (for the marketing name, search the web for "GPU Device Id")
[2021.04.14-08.15.47:712][  0]LogWindows: EnumDisplayDevices:
[2021.04.14-08.15.47:713][  0]LogWindows:    0. 'NVIDIA GeForce GTX 1060 6GB' (P:1 D:1)
[2021.04.14-08.15.47:713][  0]LogWindows:    1. 'NVIDIA GeForce GTX 1060 6GB' (P:0 D:1)
[2021.04.14-08.15.47:714][  0]LogWindows:    2. 'NVIDIA GeForce GTX 1060 6GB' (P:0 D:0)
[2021.04.14-08.15.47:714][  0]LogWindows:    3. 'NVIDIA GeForce GTX 1060 6GB' (P:0 D:0)
[2021.04.14-08.15.47:715][  0]LogWindows: DebugString: FoundDriverCount:4 
[2021.04.14-08.15.47:715][  0]LogD3D11RHI:     Adapter Name: NVIDIA GeForce GTX 1060 6GB
[2021.04.14-08.15.47:715][  0]LogD3D11RHI:   Driver Version: 461.92 (internal:27.21.14.6192, unified:461.92)
[2021.04.14-08.15.47:715][  0]LogD3D11RHI:      Driver Date: 3-11-2021
[2021.04.14-08.15.47:716][  0]LogRHI: Texture pool is 4236 MB (70% of 6052 MB)
[2021.04.14-08.15.47:794][  0]LogD3D11RHI: RHI has support for 64 bit atomics
[2021.04.14-08.15.47:794][  0]LogD3D11RHI: Async texture creation enabled
[2021.04.14-08.15.47:795][  0]LogD3D11RHI: Array index from any shader is supported
[2021.04.14-08.15.47:818][  0]LogD3D11RHI: GPU Timing Frequency: 1000.000000 (Debug: 2 1)
[2021.04.14-08.15.48:185][  0]LogTargetPlatformManager: Display: Loaded TargetPlatform 'WindowsNoEditor'
[2021.04.14-08.15.48:188][  0]LogTargetPlatformManager: Display: Loaded TargetPlatform 'Windows'
[2021.04.14-08.15.48:195][  0]LogTargetPlatformManager: Display: Loaded TargetPlatform 'WindowsClient'
[2021.04.14-08.15.48:202][  0]LogTargetPlatformManager: Display: Loaded TargetPlatform 'WindowsServer'
[2021.04.14-08.15.48:202][  0]LogTargetPlatformManager: Display: Building Assets For Windows
[2021.04.14-08.15.48:206][  0]LogAudioDebug: Display: Lib vorbis DLL was dynamically loaded.
[2021.04.14-08.15.48:228][  0]LogShaderCompilers: Guid format shader working directory is -54 characters bigger than the processId version (C:/Users/aveng/Documents/GitHub/GamesAssignment2-SecondYear/Games Assignment Two/GamesAssignmentTwo/Intermediate/Shaders/WorkingDirectory/15572/).
[2021.04.14-08.15.48:228][  0]LogShaderCompilers: Cleaned the shader compiler working directory 'C:/Users/aveng/AppData/Local/Temp/UnrealShaderWorkingDir/B93C3DF7403D9F289485499F35F1405A/'.
[2021.04.14-08.15.48:230][  0]LogXGEController: Cannot use XGE Controller as Incredibuild is not installed on this machine.
[2021.04.14-08.15.48:230][  0]LogShaderCompilers: Cannot use XGE Shader Compiler as Incredibuild is not installed on this machine.
[2021.04.14-08.15.48:230][  0]LogShaderCompilers: Display: Using Local Shader Compiler.
[2021.04.14-08.15.48:909][  0]LogDerivedDataCache: Display: Max Cache Size: 512 MB
[2021.04.14-08.15.48:953][  0]LogDerivedDataCache: Loaded boot cache 0.04s 78MB C:/Users/aveng/AppData/Local/UnrealEngine/4.25/DerivedDataCache/Boot.ddc.
[2021.04.14-08.15.48:953][  0]LogDerivedDataCache: Display: Loaded Boot cache: C:/Users/aveng/AppData/Local/UnrealEngine/4.25/DerivedDataCache/Boot.ddc
[2021.04.14-08.15.48:954][  0]LogDerivedDataCache: FDerivedDataBackendGraph:  Pak pak cache file C:/Users/aveng/Documents/GitHub/GamesAssignment2-SecondYear/Games Assignment Two/GamesAssignmentTwo/DerivedDataCache/DDC.ddp not found, will not use a pak cache.
[2021.04.14-08.15.48:954][  0]LogDerivedDataCache: Unable to find inner node Pak for hierarchical cache Hierarchy.
[2021.04.14-08.15.48:954][  0]LogDerivedDataCache: FDerivedDataBackendGraph:  CompressedPak pak cache file C:/Users/aveng/Documents/GitHub/GamesAssignment2-SecondYear/Games Assignment Two/GamesAssignmentTwo/DerivedDataCache/Compressed.ddp not found, will not use a pak cache.
[2021.04.14-08.15.48:955][  0]LogDerivedDataCache: Unable to find inner node CompressedPak for hierarchical cache Hierarchy.
[2021.04.14-08.15.48:966][  0]LogDerivedDataCache: Display: Pak cache opened for reading ../../../Engine/DerivedDataCache/Compressed.ddp.
[2021.04.14-08.15.48:966][  0]LogDerivedDataCache: FDerivedDataBackendGraph:  EnterprisePak pak cache file ../../../Enterprise/DerivedDataCache/Compressed.ddp not found, will not use a pak cache.
[2021.04.14-08.15.48:966][  0]LogDerivedDataCache: Unable to find inner node EnterprisePak for hierarchical cache Hierarchy.
[2021.04.14-08.15.48:968][  0]LogDerivedDataCache: Using Local data cache path C:/Users/aveng/AppData/Local/UnrealEngine/Common/DerivedDataCache: Writable
[2021.04.14-08.15.48:968][  0]LogDerivedDataCache: Shared data cache path not found in *engine.ini, will not use an Shared cache.
[2021.04.14-08.15.48:969][  0]LogDerivedDataCache: Unable to find inner node Shared for hierarchical cache Hierarchy.
[2021.04.14-08.15.49:003][  0]LogSlate: Using FreeType 2.10.0
[2021.04.14-08.15.49:004][  0]LogSlate: SlateFontServices - WITH_FREETYPE: 1, WITH_HARFBUZZ: 1
[2021.04.14-08.15.49:073][  0]LogInit: Using OS detected language (en-GB).
[2021.04.14-08.15.49:073][  0]LogInit: Using OS detected locale (en-GB).
[2021.04.14-08.15.49:075][  0]LogTextLocalizationManager: No localization for 'en-GB' exists, so 'en' will be used for the language.
[2021.04.14-08.15.49:075][  0]LogTextLocalizationManager: No localization for 'en-GB' exists, so 'en' will be used for the locale.
[2021.04.14-08.15.49:076][  0]LogSlate: FontCache flush requested. Reason: Culture for localization was changed
[2021.04.14-08.15.49:076][  0]LogSlate: FontCache flush requested. Reason: Culture for localization was changed
[2021.04.14-08.15.49:077][  0]LogTextLocalizationManager: Compacting localization data took   0.00ms
[2021.04.14-08.15.49:080][  0]LogAssetRegistry: FAssetRegistry took 0.0020 seconds to start up
[2021.04.14-08.15.49:287][  0]LogPackageLocalizationCache: Processed 19 localized package path(s) for 1 prioritized culture(s) in 0.051001 seconds
[2021.04.14-08.15.49:330][  0]LogInit: Selected Device Profile: [Windows]
[2021.04.14-08.15.49:403][  0]LogMeshReduction: Using QuadricMeshReduction for automatic static mesh reduction
[2021.04.14-08.15.49:403][  0]LogMeshReduction: Using SimplygonMeshReduction for automatic skeletal mesh reduction
[2021.04.14-08.15.49:404][  0]LogMeshReduction: Using ProxyLODMeshReduction for automatic mesh merging
[2021.04.14-08.15.49:404][  0]LogMeshReduction: No distributed automatic mesh merging module available
[2021.04.14-08.15.49:404][  0]LogMeshMerging: No distributed automatic mesh merging module available
[2021.04.14-08.15.49:418][  0]LogNetVersion: GamesAssignmentTwo 1.0.0, NetCL: 13144385, EngineNetVer: 14, GameNetVer: 0 (Checksum: 1185472599)
[2021.04.14-08.15.49:631][  0]LogAISub: UAISubsystem::UAISubsystem AISubsystem (000001A3FB1DD8C0), frame # 0
[2021.04.14-08.15.49:631][  0]LogAISub: UAISubsystem::UAISubsystem AIPerceptionSystem (000001A3FB1156C0), frame # 0
[2021.04.14-08.15.49:634][  0]LogAISub: UAISubsystem::UAISubsystem EnvQueryManager (000001A3FB10FC00), frame # 0
[2021.04.14-08.15.49:682][  0]LogCollectionManager: Loaded 0 collections in 0.000840 seconds
[2021.04.14-08.15.49:684][  0]LogFileCache: Scanning file cache for directory 'C:/Users/aveng/Documents/GitHub/GamesAssignment2-SecondYear/Games Assignment Two/GamesAssignmentTwo/Saved/Collections/' took 0.00s
[2021.04.14-08.15.49:685][  0]LogFileCache: Scanning file cache for directory 'C:/Users/aveng/Documents/GitHub/GamesAssignment2-SecondYear/Games Assignment Two/GamesAssignmentTwo/Content/Developers/aveng/Collections/' took 0.00s
[2021.04.14-08.15.49:685][  0]LogFileCache: Scanning file cache for directory 'C:/Users/aveng/Documents/GitHub/GamesAssignment2-SecondYear/Games Assignment Two/GamesAssignmentTwo/Content/Collections/' took 0.00s
[2021.04.14-08.15.49:686][  0]LogCollectionManager: Fixed up redirectors for 0 collections in 0.000002 seconds (updated 0 objects)
[2021.04.14-08.15.49:711][  0]LogMoviePlayer: Initializing movie player
[2021.04.14-08.15.49:836][  0]LogScript: Warning: Script Msg: A null object was passed as a world context object to UEngine::GetWorldFromContextObject().
[2021.04.14-08.15.49:837][  0]LogScript: Warning: Script Msg: A null object was passed as a world context object to UEngine::GetWorldFromContextObject().
[2021.04.14-08.15.49:840][  0]LogScript: Warning: Script Msg: A null object was passed as a world context object to UEngine::GetWorldFromContextObject().
[2021.04.14-08.15.49:842][  0]LogScript: Warning: Script Msg: A null object was passed as a world context object to UEngine::GetWorldFromContextObject().
[2021.04.14-08.15.49:896][  0]LogBlueprint: Warning: [Compiler Ue4ASP_Character] InputAction Event references unknown Action 'Crouch' for  InputAction Crouch
[2021.04.14-08.15.49:898][  0]LogBlueprint: Warning: [Compiler Ue4ASP_Character] Input Axis Event references unknown Axis 'MoveForward' for  InputAxis MoveForward
[2021.04.14-08.15.49:903][  0]LogBlueprint: Warning: [Compiler Ue4ASP_Character] Input Axis Event references unknown Axis 'MoveRight' for  InputAxis MoveRight
[2021.04.14-08.15.50:000][  0]SourceControl: Source control is disabled
[2021.04.14-08.15.50:001][  0]SourceControl: Source control is disabled
[2021.04.14-08.15.50:005][  0]SourceControl: Source control is disabled
[2021.04.14-08.15.50:062][  0]LogAndroidPermission: UAndroidPermissionCallbackProxy::GetInstance
[2021.04.14-08.15.50:069][  0]LogAudioCaptureCore: Display: No Audio Capture implementations found. Audio input will be silent.
[2021.04.14-08.15.50:069][  0]LogAudioCaptureCore: Display: No Audio Capture implementations found. Audio input will be silent.
[2021.04.14-08.15.50:097][  0]LogOcInput: OculusInput pre-init called
[2021.04.14-08.15.50:110][  0]LogUObjectArray: 21163 objects as part of root set at end of initial load.
[2021.04.14-08.15.50:110][  0]LogUObjectAllocator: 5880432 out of 0 bytes used by permanent object pool.
[2021.04.14-08.15.50:111][  0]LogUObjectArray: CloseDisregardForGC: 0/0 objects in disregard for GC pool
[2021.04.14-08.15.50:151][  0]LogEngine: Initializing Engine...
[2021.04.14-08.15.50:152][  0]LogHMD: Failed to initialize OpenVR with code 110
[2021.04.14-08.15.50:152][  0]LogMagicLeap: Warning: VR disabled because ZI is not enabled.  To enable, in the editor, Edit -> Project Settings -> Plugins -> Magic Leap Plugin -> Enable Zero Iteration
[2021.04.14-08.15.50:155][  0]LogStats: UGameplayTagsManager::InitializeManager -  0.000 s
[2021.04.14-08.15.50:239][  0]LogInit: Initializing FReadOnlyCVARCache
[2021.04.14-08.15.50:241][  0]LogAudioMixer: Display: Audio Mixer Platform Settings:
[2021.04.14-08.15.50:241][  0]LogAudioMixer: Display: 	Sample Rate:						  48000
[2021.04.14-08.15.50:242][  0]LogAudioMixer: Display: 	Callback Buffer Frame Size Requested: 1024
[2021.04.14-08.15.50:242][  0]LogAudioMixer: Display: 	Callback Buffer Frame Size To Use:	  1024
[2021.04.14-08.15.50:242][  0]LogAudioMixer: Display: 	Number of buffers to queue:			  2
[2021.04.14-08.15.50:243][  0]LogAudioMixer: Display: 	Max Channels (voices):				  32
[2021.04.14-08.15.50:244][  0]LogAudioMixer: Display: 	Number of Async Source Workers:		  0
[2021.04.14-08.15.50:244][  0]LogAudio: Display: AudioDevice MaxSources: 32
[2021.04.14-08.15.50:245][  0]LogAudio: Display: Using built-in audio occlusion.
[2021.04.14-08.15.50:245][  0]LogAudioMixer: Display: Initializing audio mixer.
[2021.04.14-08.15.50:261][  0]LogAudioMixer: Display: 0: FrontLeft
[2021.04.14-08.15.50:261][  0]LogAudioMixer: Display: 1: FrontRight
[2021.04.14-08.15.50:262][  0]LogAudioMixer: Display: 2: FrontCenter
[2021.04.14-08.15.50:263][  0]LogAudioMixer: Display: 3: LowFrequency
[2021.04.14-08.15.50:263][  0]LogAudioMixer: Display: 4: BackLeft
[2021.04.14-08.15.50:264][  0]LogAudioMixer: Display: 5: BackRight
[2021.04.14-08.15.50:264][  0]LogAudioMixer: Display: 6: SideLeft
[2021.04.14-08.15.50:264][  0]LogAudioMixer: Display: 7: SideRight
[2021.04.14-08.15.50:293][  0]LogAudioMixer: Display: Using Audio Device Speakers (THX Spatial Audio)
[2021.04.14-08.15.50:299][  0]LogAudioMixer: Display: Initializing Sound Submixes...
[2021.04.14-08.15.50:301][  0]LogAudioMixer: Display: Creating Master Submix 'MasterSubmixDefault'
[2021.04.14-08.15.50:301][  0]LogAudioMixer: Display: Creating Master Submix 'MasterReverbSubmixDefault'
[2021.04.14-08.15.50:302][  0]LogAudioMixer: Display: Creating Master Submix 'MasterEQSubmixDefault'
[2021.04.14-08.15.50:303][  0]LogInit: FAudioDevice initialized.
[2021.04.14-08.15.50:305][  0]LogNetVersion: Set ProjectVersion to 1.0.0.0. Version Checksum will be recalculated on next use.
[2021.04.14-08.15.50:399][  0]LogDerivedDataCache: Saved boot cache 0.09s 78MB C:/Users/aveng/AppData/Local/UnrealEngine/4.25/DerivedDataCache/Boot.ddc.
[2021.04.14-08.15.50:401][  0]LogInit: Texture streaming: Enabled
[2021.04.14-08.15.50:443][  0]LogSlate: Updating window title bar state: overlay mode, drag disabled, window buttons hidden, title bar hidden
[2021.04.14-08.15.50:444][  0]LogInit: Display: Game Engine Initialized.
[2021.04.14-08.15.50:445][  0]LogNiagaraEditor: Warning: GEditor isn't valid! Particle reset commands will not work for Niagara components!
[2021.04.14-08.15.50:461][  0]LogInit: Display: Starting Game.
[2021.04.14-08.15.50:462][  0]LogNet: Browse: /Game/Levels/MainMenu?Name=Player
[2021.04.14-08.15.50:463][  0]LogLoad: LoadMap: /Game/Levels/MainMenu?Name=Player
[2021.04.14-08.15.50:463][  0]LogWorld: BeginTearingDown for /Temp/Untitled_0
[2021.04.14-08.15.50:465][  0]LogWorld: UWorld::CleanupWorld for Untitled, bSessionEnded=true, bCleanupResources=true
[2021.04.14-08.15.50:465][  0]LogSlate: InvalidateAllWidgets triggered.  All widgets were invalidated
[2021.04.14-08.15.50:490][  0]LogUObjectHash: Compacting FUObjectHashTables data took   0.75ms
[2021.04.14-08.15.50:550][  0]LogAIModule: Creating AISystem for world MainMenu
[2021.04.14-08.15.50:550][  0]LogAISub: UAISubsystem::UAISubsystem EnvQueryManager (000001A385B6D000), frame # 0
[2021.04.14-08.15.50:551][  0]LogAISub: UAISubsystem::UAISubsystem AIPerceptionSystem (000001A385B00CC0), frame # 0
[2021.04.14-08.15.50:560][  0]LogLoad: Game class is 'BP_GamesAssignmentTwoGameModeBse_C'
[2021.04.14-08.15.50:562][  0]LogWorld: Bringing World /Game/Levels/MainMenu.MainMenu up for play (max tick rate 0) at 2021.04.14-09.15.50
[2021.04.14-08.15.50:563][  0]LogWorld: Bringing up level for play took: 0.001671
[2021.04.14-08.15.50:568][  0]LogTemp: Warning: 0
[2021.04.14-08.15.50:568][  0]LogTemp: Warning: Load main menu widget from instance called
[2021.04.14-08.15.50:569][  0]LogTemp: Warning: Load main menu widget from instance MenuClass set
[2021.04.14-08.15.50:571][  0]LogTemp: Warning: TRUEEE
[2021.04.14-08.15.50:572][  0]LogTemp: Warning: Level: MainMenu
[2021.04.14-08.15.50:572][  0]LogLoad: Took 0.109843 seconds to LoadMap(/Game/Levels/MainMenu)
[2021.04.14-08.15.50:602][  0]LogSlate: Took 0.000176 seconds to synchronously load lazily loaded font '../../../Engine/Content/Slate/Fonts/Roboto-Regular.ttf' (155K)
[2021.04.14-08.15.50:620][  0]LogRenderer: Reallocating scene render targets to support 960x1020 Format 10 NumSamples 1 (Frame:1).
[2021.04.14-08.15.50:620][  0]LogLoad: (Engine Initialization) Total time: 4.69 seconds
[2021.04.14-08.15.50:621][  0]LogLoad: (Engine Initialization) Total Blueprint compile time: 0.00 seconds
[2021.04.14-08.15.50:641][  0]LogContentStreaming: Texture pool size now 1000 MB
[2021.04.14-08.15.50:644][  0]LogSlate: InvalidateAllWidgets triggered.  All widgets were invalidated
[2021.04.14-08.15.50:672][  1]LogSlate: Took 0.000159 seconds to synchronously load lazily loaded font '../../../Engine/Content/Slate/Fonts/Roboto-Regular.ttf' (155K)
[2021.04.14-08.16.02:899][436]LogSlate: WidgetSwitcher ('None') active index changed to 2
[2021.04.14-08.16.03:311][575]LogNet: Browse: 127.0.0.1/Game/Levels/MainMenu
[2021.04.14-08.16.03:312][575]LogInit: WinSock: Socket queue. Rx: 32768 (config 32768) Tx: 32768 (config 32768)
[2021.04.14-08.16.03:314][575]LogNet: Created socket for bind address: 0.0.0.0 on port 0
[2021.04.14-08.16.03:315][575]PacketHandlerLog: Loaded PacketHandler component: Engine.EngineHandlerComponentFactory (StatelessConnectHandlerComponent)
[2021.04.14-08.16.03:316][575]LogNet: Game client on port 7777, rate 10000
[2021.04.14-08.16.04:334][919]LogHandshake: SendChallengeResponse. Timestamp: 4.103101, Cookie: 212168158129189212222062148005062196040194134177178138016045
[2021.04.14-08.16.04:361][928]LogNetVersion: GamesAssignmentTwo 1.0.0.0, NetCL: 13144385, EngineNetVer: 14, GameNetVer: 0 (Checksum: 1872474305)
[2021.04.14-08.16.04:361][928]LogNet: UPendingNetGame::SendInitialJoin: Sending hello. [UNetConnection] RemoteAddr: 127.0.0.1:7777, Name: IpConnection_0, Driver: PendingNetDriver IpNetDriver_0, IsServer: NO, PC: NULL, Owner: NULL, UniqueId: INVALID
[2021.04.14-08.16.04:411][945]LogNet: Welcomed by server (Level: /Game/Levels/Lobby, Game: /Game/Blueprints/BP_ServerLobbyGameModeBase.BP_ServerLobbyGameModeBase_C)
[2021.04.14-08.16.04:411][945]LogLoad: LoadMap: 127.0.0.1/Game/Levels/Lobby?game=/Game/Blueprints/BP_ServerLobbyGameModeBase.BP_ServerLobbyGameModeBase_C
[2021.04.14-08.16.04:412][945]LogWorld: BeginTearingDown for /Game/Levels/MainMenu
[2021.04.14-08.16.04:414][945]LogWorld: UWorld::CleanupWorld for MainMenu, bSessionEnded=true, bCleanupResources=true
[2021.04.14-08.16.04:415][945]LogSlate: InvalidateAllWidgets triggered.  All widgets were invalidated
[2021.04.14-08.16.04:463][945]LogAISub: UAISubsystem::~UAISubsystem EnvQueryManager (000001A385B6D000), frame # 2945
[2021.04.14-08.16.04:463][945]LogAISub: UAISubsystem::~UAISubsystem AIPerceptionSystem (000001A385B00CC0), frame # 2945
[2021.04.14-08.16.04:466][945]LogUObjectHash: Compacting FUObjectHashTables data took   0.84ms
[2021.04.14-08.16.04:524][945]LogWorld: Bringing World /Game/Levels/Lobby.Lobby up for play (max tick rate 0) at 2021.04.14-09.16.04
[2021.04.14-08.16.04:525][945]LogWorld: Bringing up level for play took: 0.001140
[2021.04.14-08.16.04:526][945]LogLoad: Took 0.115435 seconds to LoadMap(/Game/Levels/Lobby)
[2021.04.14-08.16.04:527][945]LogNavigation: Warning: NavData RegistrationFailed_DataPendingKill.
[2021.04.14-08.16.04:961][ 95]LogOnlineSession: Warning: OSS: No game present to join for session (GameSession)
[2021.04.14-08.16.05:028][117]LogTemp: Warning: Level: Lobby
[2021.04.14-08.16.05:029][117]LogTemp: Warning: 0
[2021.04.14-08.16.05:029][117]LogTemp: Warning: 0
[2021.04.14-08.16.05:124][151]LogOnlineSession: Warning: OSS: No game present to join for session (GameSession)
[2021.04.14-08.16.14:537][243]LogWorld: SeamlessTravel to: /Game/Levels/Gamelevel
[2021.04.14-08.16.14:540][244]LogWorld: BeginTearingDown for /Game/Levels/Lobby
[2021.04.14-08.16.14:542][244]LogWorld: UWorld::CleanupWorld for Lobby, bSessionEnded=false, bCleanupResources=true
[2021.04.14-08.16.14:542][244]LogSlate: InvalidateAllWidgets triggered.  All widgets were invalidated
[2021.04.14-08.16.14:590][244]LogUObjectHash: Compacting FUObjectHashTables data took   0.72ms
[2021.04.14-08.16.14:591][244]LogStats:     SeamlessTravel FlushLevelStreaming  -  0.000 s
[2021.04.14-08.16.14:591][244]LogWorld: Bringing World /Temp/Untitled_1.Untitled up for play (max tick rate 0) at 2021.04.14-09.16.14
[2021.04.14-08.16.14:592][244]LogWorld: Bringing up level for play took: 0.000617
[2021.04.14-08.16.14:592][244]LogWorld: Sending NotifyLoadedWorld for LP: LocalPlayer_0 PC: BP_MainPlayerController_C_0
[2021.04.14-08.16.14:592][244]LogNet: Verbose: NotifyLoadedWorld Begin
[2021.04.14-08.16.14:592][244]LogNet: VeryVerbose: GetFunctionCallspace RemoteRole Remote ServerNotifyLoadedWorld
[2021.04.14-08.16.14:593][244]LogNetTraffic:       Sent RPC: BP_MainPlayerController_C /Temp/Untitled_1.Untitled:PersistentLevel.BP_MainPlayerController_C_0::ServerNotifyLoadedWorld [28.4 bytes]
[2021.04.14-08.16.14:593][244]LogNetTraffic: VeryVerbose: Sending: FOutBunch: Channel[2] ChSequence: 433 NumBits: 227 PacketId: 0 bOpen: 0 bClose: 0 bDormant: 0 bIsReplicationPaused: 0 bReliable: 1 bPartial: 0//0//0 bHasPackageMapExports: 0 
[2021.04.14-08.16.14:594][244]LogNetTraffic: Verbose: FNetPacketNotify::WriteHeader - Seq 1079, AckedSeq 10945 bReFresh 0 HistorySizeInWords 1
[2021.04.14-08.16.14:594][244]LogNetTraffic: Verbose: UNetConnection::SendRawBunch. ChIndex: 2. Bits: 227. PacketId: 1079
[2021.04.14-08.16.14:594][244]LogNet: Verbose: NotifyLoadedWorld End
[2021.04.14-08.16.14:595][244]LogWorld: StartLoadingDestination to: /Game/Levels/Gamelevel
[2021.04.14-08.16.14:666][247]LogWorld: BeginTearingDown for /Temp/Untitled_1
[2021.04.14-08.16.14:666][247]LogWorld: UWorld::CleanupWorld for Untitled, bSessionEnded=true, bCleanupResources=true
[2021.04.14-08.16.14:667][247]LogSlate: InvalidateAllWidgets triggered.  All widgets were invalidated
[2021.04.14-08.16.14:705][247]LogAudio: Display: Waited 37.513901 ms for audio thread.
[2021.04.14-08.16.14:718][247]LogUObjectHash: Compacting FUObjectHashTables data took   0.72ms
[2021.04.14-08.16.14:720][247]LogStats:     SeamlessTravel FlushLevelStreaming  -  0.000 s
[2021.04.14-08.16.14:722][247]LogWorld: Bringing World /Game/Levels/Gamelevel.GameLevel up for play (max tick rate 0) at 2021.04.14-09.16.14
[2021.04.14-08.16.14:722][247]LogWorld: Bringing up level for play took: 0.001973
[2021.04.14-08.16.14:723][247]LogWorld: Sending NotifyLoadedWorld for LP: LocalPlayer_0 PC: BP_MainPlayerController_C_0
[2021.04.14-08.16.14:723][247]LogNet: Verbose: NotifyLoadedWorld Begin
[2021.04.14-08.16.14:723][247]LogNet: VeryVerbose: GetFunctionCallspace RemoteRole Remote ServerNotifyLoadedWorld
[2021.04.14-08.16.14:724][247]LogNetTraffic:       Sent RPC: BP_MainPlayerController_C /Game/Levels/Gamelevel.GameLevel:PersistentLevel.BP_MainPlayerController_C_0::ServerNotifyLoadedWorld [36.4 bytes]
[2021.04.14-08.16.14:724][247]LogNetTraffic: VeryVerbose: Sending: FOutBunch: Channel[2] ChSequence: 434 NumBits: 291 PacketId: 0 bOpen: 0 bClose: 0 bDormant: 0 bIsReplicationPaused: 0 bReliable: 1 bPartial: 0//0//0 bHasPackageMapExports: 0 
[2021.04.14-08.16.14:724][247]LogNetTraffic: Verbose: FNetPacketNotify::WriteHeader - Seq 1081, AckedSeq 10947 bReFresh 0 HistorySizeInWords 1
[2021.04.14-08.16.14:725][247]LogNetTraffic: Verbose: UNetConnection::SendRawBunch. ChIndex: 2. Bits: 291. PacketId: 1081
[2021.04.14-08.16.14:725][247]LogNet: Verbose: NotifyLoadedWorld End
[2021.04.14-08.16.14:726][247]LogWorld: ----SeamlessTravel finished in 0.19 seconds ------
[2021.04.14-08.16.14:726][247]LogOnlineSession: Warning: OSS: No game present to leave for session (GameSession)
[2021.04.14-08.16.14:728][247]LogNavigation: Warning: NavData RegistrationFailed_DataPendingKill.
[2021.04.14-08.16.14:740][249]LogOnlineSession: Warning: OSS: No game present to leave for session (GameSession)
[2021.04.14-08.16.15:243][407]LogTemp: Warning: Level: Gamelevel
[2021.04.14-08.16.15:244][407]LogTemp: Warning: PlayerInterface Here
[2021.04.14-08.16.15:245][407]LogTemp: Warning: 4
[2021.04.14-08.16.15:245][407]LogTemp: Warning: 4
[2021.04.14-08.16.15:377][450]LogOnlineSession: Warning: OSS: No game present to join for session (GameSession)
[2021.04.14-08.16.15:655][540]LogOnlineSession: Warning: OSS: No game present to join for session (GameSession)
