Log file open, 04/14/21 22:04:25
LogInit: Display: Running engine for game: GamesAssignmentTwo
LogPlatformFile: Not using cached read wrapper
LogTaskGraph: Started task graph with 5 named threads and 71 total threads with 3 sets of task threads.
LogStats: Stats thread started at 0.830037
LogD3D11RHI: Loaded GFSDK_Aftermath_Lib.x64.dll
LogICUInternationalization: ICU TimeZone Detection - Raw Offset: +0:00, Platform Override: ''
LogPluginManager: Mounting plugin Paper2D
LogPluginManager: Mounting plugin AISupport
LogPluginManager: Mounting plugin LightPropagationVolume
LogPluginManager: Mounting plugin CameraShakePreviewer
LogPluginManager: Mounting plugin ActorLayerUtilities
LogPluginManager: Mounting plugin AnimationSharing
LogPluginManager: Mounting plugin CLionSourceCodeAccess
LogPluginManager: Mounting plugin CodeLiteSourceCodeAccess
LogPluginManager: Mounting plugin GitSourceControl
LogPluginManager: Mounting plugin KDevelopSourceCodeAccess
LogPluginManager: Mounting plugin NullSourceCodeAccess
LogPluginManager: Mounting plugin PerforceSourceControl
LogPluginManager: Mounting plugin PlasticSourceControl
LogPluginManager: Mounting plugin RiderSourceCodeAccess
LogPluginManager: Mounting plugin SubversionSourceControl
LogPluginManager: Mounting plugin UObjectPlugin
LogPluginManager: Mounting plugin VisualStudioCodeSourceCodeAccess
LogPluginManager: Mounting plugin VisualStudioSourceCodeAccess
LogPluginManager: Mounting plugin XCodeSourceCodeAccess
LogPluginManager: Mounting plugin AssetManagerEditor
LogPluginManager: Mounting plugin CryptoKeys
LogPluginManager: Mounting plugin CurveEditorTools
LogPluginManager: Mounting plugin DataValidation
LogPluginManager: Mounting plugin EditorScriptingUtilities
LogPluginManager: Mounting plugin FacialAnimation
LogPluginManager: Mounting plugin GameplayTagsEditor
LogPluginManager: Mounting plugin GeometryMode
LogPluginManager: Mounting plugin MacGraphicsSwitching
LogPluginManager: Mounting plugin MaterialAnalyzer
LogPluginManager: Mounting plugin MobileLauncherProfileWizard
LogPluginManager: Mounting plugin PluginBrowser
LogPluginManager: Mounting plugin SpeedTreeImporter
LogPluginManager: Mounting plugin DatasmithContent
LogPluginManager: Mounting plugin VariantManagerContent
LogPluginManager: Mounting plugin AlembicImporter
LogPluginManager: Mounting plugin AutomationUtils
LogPluginManager: Mounting plugin BackChannel
LogPluginManager: Mounting plugin ChaosCloth
LogPluginManager: Mounting plugin ChaosClothEditor
LogPluginManager: Mounting plugin ChaosEditor
LogPluginManager: Mounting plugin ChaosNiagara
LogPluginManager: Mounting plugin ChaosSolverPlugin
LogPluginManager: Mounting plugin CharacterAI
LogPluginManager: Mounting plugin GeometryCache
LogPluginManager: Mounting plugin GeometryCollectionPlugin
LogPluginManager: Mounting plugin GeometryProcessing
LogPluginManager: Mounting plugin PlanarCut
LogPluginManager: Mounting plugin PlatformCrypto
LogPluginManager: Mounting plugin ProxyLODPlugin
LogPluginManager: Mounting plugin SkeletalReduction
LogPluginManager: Mounting plugin Niagara
LogPluginManager: Mounting plugin NiagaraExtras
LogPluginManager: Mounting plugin MagicLeap
LogPluginManager: Mounting plugin MagicLeapLightEstimation
LogPluginManager: Mounting plugin MagicLeapMedia
LogPluginManager: Mounting plugin MagicLeapPassableWorld
LogPluginManager: Mounting plugin MLSDK
LogPluginManager: Mounting plugin AndroidMedia
LogPluginManager: Mounting plugin AvfMedia
LogPluginManager: Mounting plugin ImgMedia
LogPluginManager: Mounting plugin MediaCompositing
LogPluginManager: Mounting plugin MediaPlayerEditor
LogPluginManager: Mounting plugin WebMMedia
LogPluginManager: Mounting plugin WmfMedia
LogPluginManager: Mounting plugin MeshPainting
LogPluginManager: Mounting plugin TcpMessaging
LogPluginManager: Mounting plugin UdpMessaging
LogPluginManager: Mounting plugin ActorSequence
LogPluginManager: Mounting plugin LevelSequenceEditor
LogPluginManager: Mounting plugin MatineeToLevelSequence
LogPluginManager: Mounting plugin MovieRenderPipeline
LogPluginManager: Mounting plugin TemplateSequence
LogPluginManager: Mounting plugin NetcodeUnitTest
LogPluginManager: Mounting plugin NUTUnrealEngine4
LogPluginManager: Mounting plugin OnlineSubsystemGooglePlay
LogPluginManager: Mounting plugin OnlineSubsystemIOS
LogPluginManager: Mounting plugin OnlineSubsystem
LogPluginManager: Mounting plugin OnlineSubsystemNull
LogPluginManager: Mounting plugin OnlineSubsystemUtils
LogPluginManager: Mounting plugin LauncherChunkInstaller
LogPluginManager: Mounting plugin AndroidDeviceProfileSelector
LogPluginManager: Mounting plugin AndroidMoviePlayer
LogPluginManager: Mounting plugin AndroidPermission
LogPluginManager: Mounting plugin AppleImageUtils
LogPluginManager: Mounting plugin AppleMoviePlayer
LogPluginManager: Mounting plugin ArchVisCharacter
LogPluginManager: Mounting plugin AssetTags
LogPluginManager: Mounting plugin AudioCapture
LogPluginManager: Mounting plugin CableComponent
LogPluginManager: Mounting plugin CustomMeshComponent
LogPluginManager: Mounting plugin EditableMesh
LogPluginManager: Mounting plugin ExampleDeviceProfileSelector
LogPluginManager: Mounting plugin GoogleCloudMessaging
LogPluginManager: Mounting plugin GooglePAD
LogPluginManager: Mounting plugin IOSDeviceProfileSelector
LogPluginManager: Mounting plugin LinuxDeviceProfileSelector
LogPluginManager: Mounting plugin LocationServicesBPLibrary
LogPluginManager: Mounting plugin MobilePatchingUtils
LogPluginManager: Mounting plugin OculusVR
LogPluginManager: Mounting plugin PhysXVehicles
LogPluginManager: Mounting plugin PostSplashScreen
LogPluginManager: Mounting plugin ProceduralMeshComponent
LogPluginManager: Mounting plugin RuntimePhysXCooking
LogPluginManager: Mounting plugin SignificanceManager
LogPluginManager: Mounting plugin SoundFields
LogPluginManager: Mounting plugin SteamVR
LogPluginManager: Mounting plugin Synthesis
LogPluginManager: Mounting plugin WebMMoviePlayer
LogPluginManager: Mounting plugin WindowsMoviePlayer
LogPluginManager: Mounting plugin ScreenshotTools
LogInit: Using libcurl 7.55.1-DEV
LogInit:  - built for x86_64-pc-win32
LogInit:  - supports SSL with OpenSSL/1.1.1
LogInit:  - supports HTTP deflate (compression) using libz 1.2.8
LogInit:  - other features:
LogInit:      CURL_VERSION_SSL
LogInit:      CURL_VERSION_LIBZ
LogInit:      CURL_VERSION_IPV6
LogInit:      CURL_VERSION_ASYNCHDNS
LogInit:      CURL_VERSION_LARGEFILE
LogInit:      CURL_VERSION_IDN
LogInit:  CurlRequestOptions (configurable via config and command line):
LogInit:  - bVerifyPeer = true  - Libcurl will verify peer certificate
LogInit:  - bUseHttpProxy = false  - Libcurl will NOT use HTTP proxy
LogInit:  - bDontReuseConnections = false  - Libcurl will reuse connections
LogInit:  - MaxHostConnections = 16  - Libcurl will limit the number of connections to a host
LogInit:  - LocalHostAddr = Default
LogInit:  - BufferSize = 65536
LogOnline: OSS: Creating online subsystem instance for: NULL
LogInit: WinSock: version 1.1 (2.2), MaxSocks=32767, MaxUdp=65467
LogOnline: OSS: TryLoadSubsystemAndSetDefault: Loaded subsystem for module [NULL]
LogInit: Build: ++UE4+Release-4.25-CL-14469661
LogInit: Engine Version: 4.25.4-14469661+++UE4+Release-4.25
LogInit: Compatible Engine Version: 4.25.0-13144385+++UE4+Release-4.25
LogInit: Net CL: 13144385
LogInit: OS: Windows 10 (Release 2009) (), CPU: AMD Ryzen 9 3900X 12-Core Processor            , GPU: NVIDIA GeForce GTX 1060 6GB
LogInit: Compiled (64-bit): Oct 11 2020 08:10:49
LogInit: Compiled with Visual C++: 19.24.28315.00
LogInit: Build Configuration: Development
LogInit: Branch Name: ++UE4+Release-4.25
LogInit: Command Line: -log -game
LogInit: Base Directory: E:/UNREAL ENGINE/UE_4.25/Engine/Binaries/Win64/
LogInit: Allocator: TBB
LogInit: Installed Engine Build: 1
LogDevObjectVersion: Number of dev versions registered: 26
LogDevObjectVersion:   Dev-Blueprints (B0D832E4-1F89-4F0D-ACCF-7EB736FD4AA2): 10
LogDevObjectVersion:   Dev-Build (E1C64328-A22C-4D53-A36C-8E866417BD8C): 0
LogDevObjectVersion:   Dev-Core (375EC13C-06E4-48FB-B500-84F0262A717E): 4
LogDevObjectVersion:   Dev-Editor (E4B068ED-F494-42E9-A231-DA0B2E46BB41): 38
LogDevObjectVersion:   Dev-Framework (CFFC743F-43B0-4480-9391-14DF171D2073): 37
LogDevObjectVersion:   Dev-Mobile (B02B49B5-BB20-44E9-A304-32B752E40360): 2
LogDevObjectVersion:   Dev-Networking (A4E4105C-59A1-49B5-A7C5-40C4547EDFEE): 0
LogDevObjectVersion:   Dev-Online (39C831C9-5AE6-47DC-9A44-9C173E1C8E7C): 0
LogDevObjectVersion:   Dev-Physics (78F01B33-EBEA-4F98-B9B4-84EACCB95AA2): 4
LogDevObjectVersion:   Dev-Platform (6631380F-2D4D-43E0-8009-CF276956A95A): 0
LogDevObjectVersion:   Dev-Rendering (12F88B9F-8875-4AFC-A67C-D90C383ABD29): 43
LogDevObjectVersion:   Dev-Sequencer (7B5AE74C-D270-4C10-A958-57980B212A5A): 12
LogDevObjectVersion:   Dev-VR (D7296918-1DD6-4BDD-9DE2-64A83CC13884): 3
LogDevObjectVersion:   Dev-LoadTimes (C2A15278-BFE7-4AFE-6C17-90FF531DF755): 1
LogDevObjectVersion:   Private-Geometry (6EACA3D4-40EC-4CC1-B786-8BED09428FC5): 3
LogDevObjectVersion:   Dev-AnimPhys (29E575DD-E0A3-4627-9D10-D276232CDCEA): 17
LogDevObjectVersion:   Dev-Anim (AF43A65D-7FD3-4947-9873-3E8ED9C1BB05): 7
LogDevObjectVersion:   Dev-ReflectionCapture (6B266CEC-1EC7-4B8F-A30B-E4D90942FC07): 1
LogDevObjectVersion:   Dev-Automation (0DF73D61-A23F-47EA-B727-89E90C41499A): 1
LogDevObjectVersion:   FortniteMain (601D1886-AC64-4F84-AA16-D3DE0DEAC7D6): 31
LogDevObjectVersion:   Dev-Enterprise (9DFFBCD6-494F-0158-E221-12823C92A888): 10
LogDevObjectVersion:   Dev-Niagara (F2AED0AC-9AFE-416F-8664-AA7FFA26D6FC): 1
LogDevObjectVersion:   Dev-Destruction (174F1F0B-B4C6-45A5-B13F-2EE8D0FB917D): 10
LogDevObjectVersion:   Dev-Physics-Ext (35F94A83-E258-406C-A318-09F59610247C): 37
LogDevObjectVersion:   Dev-PhysicsMaterial-Chaos (B68FC16E-8B1B-42E2-B453-215C058844FE): 1
LogDevObjectVersion:   Dev-CineCamera (B2E18506-4273-CFC2-A54E-F4BB758BBA07): 1
LogInit: Presizing for max 25165824 objects, including 0 objects not considered by GC, pre-allocating 0 bytes for permanent pool.
LogConfig: Applying CVar settings from Section [/Script/Engine.StreamingSettings] File [C:/Users/aveng/Documents/GitHub/GamesAssignment2-SecondYear/Games Assignment Two/GamesAssignmentTwo/Saved/Config/Windows/Engine.ini]
LogConfig: Setting CVar [[s.MinBulkDataSizeForAsyncLoading:131072]]
LogConfig: Setting CVar [[s.AsyncLoadingThreadEnabled:0]]
LogConfig: Setting CVar [[s.EventDrivenLoaderEnabled:1]]
LogConfig: Setting CVar [[s.WarnIfTimeLimitExceeded:0]]
LogConfig: Setting CVar [[s.TimeLimitExceededMultiplier:1.5]]
LogConfig: Setting CVar [[s.TimeLimitExceededMinTime:0.005]]
LogConfig: Setting CVar [[s.UseBackgroundLevelStreaming:1]]
LogConfig: Setting CVar [[s.PriorityAsyncLoadingExtraTime:15.0]]
LogConfig: Setting CVar [[s.LevelStreamingActorsUpdateTimeLimit:5.0]]
LogConfig: Setting CVar [[s.PriorityLevelStreamingActorsUpdateExtraTime:5.0]]
LogConfig: Setting CVar [[s.LevelStreamingComponentsRegistrationGranularity:10]]
LogConfig: Setting CVar [[s.UnregisterComponentsTimeLimit:1.0]]
LogConfig: Setting CVar [[s.LevelStreamingComponentsUnregistrationGranularity:5]]
LogConfig: Setting CVar [[s.FlushStreamingOnExit:1]]
LogInit: Object subsystem initialized
LogConfig: Setting CVar [[con.DebugEarlyDefault:1]]
LogConfig: Setting CVar [[r.setres:1280x720]]
[2021.04.14-21.04.25:434][  0]LogConfig: Setting CVar [[con.DebugEarlyDefault:1]]
[2021.04.14-21.04.25:434][  0]LogConfig: Setting CVar [[r.setres:1280x720]]
[2021.04.14-21.04.25:435][  0]LogConfig: Applying CVar settings from Section [/Script/Engine.RendererSettings] File [C:/Users/aveng/Documents/GitHub/GamesAssignment2-SecondYear/Games Assignment Two/GamesAssignmentTwo/Saved/Config/Windows/Engine.ini]
[2021.04.14-21.04.25:435][  0]LogConfig: Setting CVar [[r.GPUCrashDebugging:0]]
[2021.04.14-21.04.25:436][  0]LogConfig: Applying CVar settings from Section [/Script/Engine.RendererOverrideSettings] File [C:/Users/aveng/Documents/GitHub/GamesAssignment2-SecondYear/Games Assignment Two/GamesAssignmentTwo/Saved/Config/Windows/Engine.ini]
[2021.04.14-21.04.25:436][  0]LogConfig: Applying CVar settings from Section [/Script/Engine.StreamingSettings] File [C:/Users/aveng/Documents/GitHub/GamesAssignment2-SecondYear/Games Assignment Two/GamesAssignmentTwo/Saved/Config/Windows/Engine.ini]
[2021.04.14-21.04.25:437][  0]LogConfig: Setting CVar [[s.MinBulkDataSizeForAsyncLoading:131072]]
[2021.04.14-21.04.25:437][  0]LogConfig: Setting CVar [[s.AsyncLoadingThreadEnabled:0]]
[2021.04.14-21.04.25:437][  0]LogConfig: Setting CVar [[s.EventDrivenLoaderEnabled:1]]
[2021.04.14-21.04.25:438][  0]LogConfig: Setting CVar [[s.WarnIfTimeLimitExceeded:0]]
[2021.04.14-21.04.25:438][  0]LogConfig: Setting CVar [[s.TimeLimitExceededMultiplier:1.5]]
[2021.04.14-21.04.25:438][  0]LogConfig: Setting CVar [[s.TimeLimitExceededMinTime:0.005]]
[2021.04.14-21.04.25:439][  0]LogConfig: Setting CVar [[s.UseBackgroundLevelStreaming:1]]
[2021.04.14-21.04.25:439][  0]LogConfig: Setting CVar [[s.PriorityAsyncLoadingExtraTime:15.0]]
[2021.04.14-21.04.25:439][  0]LogConfig: Setting CVar [[s.LevelStreamingActorsUpdateTimeLimit:5.0]]
[2021.04.14-21.04.25:440][  0]LogConfig: Setting CVar [[s.PriorityLevelStreamingActorsUpdateExtraTime:5.0]]
[2021.04.14-21.04.25:440][  0]LogConfig: Setting CVar [[s.LevelStreamingComponentsRegistrationGranularity:10]]
[2021.04.14-21.04.25:440][  0]LogConfig: Setting CVar [[s.UnregisterComponentsTimeLimit:1.0]]
[2021.04.14-21.04.25:441][  0]LogConfig: Setting CVar [[s.LevelStreamingComponentsUnregistrationGranularity:5]]
[2021.04.14-21.04.25:442][  0]LogConfig: Setting CVar [[s.FlushStreamingOnExit:1]]
[2021.04.14-21.04.25:443][  0]LogConfig: Applying CVar settings from Section [/Script/Engine.GarbageCollectionSettings] File [C:/Users/aveng/Documents/GitHub/GamesAssignment2-SecondYear/Games Assignment Two/GamesAssignmentTwo/Saved/Config/Windows/Engine.ini]
[2021.04.14-21.04.25:443][  0]LogConfig: Setting CVar [[gc.MaxObjectsNotConsideredByGC:1]]
[2021.04.14-21.04.25:443][  0]LogConfig: Setting CVar [[gc.SizeOfPermanentObjectPool:0]]
[2021.04.14-21.04.25:444][  0]LogConfig: Setting CVar [[gc.FlushStreamingOnGC:0]]
[2021.04.14-21.04.25:444][  0]LogConfig: Setting CVar [[gc.NumRetriesBeforeForcingGC:10]]
[2021.04.14-21.04.25:444][  0]LogConfig: Setting CVar [[gc.AllowParallelGC:1]]
[2021.04.14-21.04.25:445][  0]LogConfig: Setting CVar [[gc.TimeBetweenPurgingPendingKillObjects:61.1]]
[2021.04.14-21.04.25:445][  0]LogConfig: Setting CVar [[gc.MaxObjectsInEditor:25165824]]
[2021.04.14-21.04.25:445][  0]LogConfig: Setting CVar [[gc.IncrementalBeginDestroyEnabled:1]]
[2021.04.14-21.04.25:446][  0]LogConfig: Setting CVar [[gc.CreateGCClusters:1]]
[2021.04.14-21.04.25:447][  0]LogConfig: Setting CVar [[gc.MinGCClusterSize:5]]
[2021.04.14-21.04.25:447][  0]LogConfig: Setting CVar [[gc.ActorClusteringEnabled:0]]
[2021.04.14-21.04.25:448][  0]LogConfig: Setting CVar [[gc.BlueprintClusteringEnabled:0]]
[2021.04.14-21.04.25:448][  0]LogConfig: Setting CVar [[gc.UseDisregardForGCOnDedicatedServers:0]]
[2021.04.14-21.04.25:448][  0]LogConfig: Applying CVar settings from Section [/Script/Engine.NetworkSettings] File [C:/Users/aveng/Documents/GitHub/GamesAssignment2-SecondYear/Games Assignment Two/GamesAssignmentTwo/Saved/Config/Windows/Engine.ini]
[2021.04.14-21.04.25:449][  0]LogConfig: Applying CVar settings from Section [/Script/UnrealEd.CookerSettings] File [C:/Users/aveng/Documents/GitHub/GamesAssignment2-SecondYear/Games Assignment Two/GamesAssignmentTwo/Saved/Config/Windows/Engine.ini]
[2021.04.14-21.04.25:453][  0]LogConfig: Applying CVar settings from Section [ViewDistanceQuality@3] File [C:/Users/aveng/Documents/GitHub/GamesAssignment2-SecondYear/Games Assignment Two/GamesAssignmentTwo/Saved/Config/Windows/Scalability.ini]
[2021.04.14-21.04.25:453][  0]LogConfig: Setting CVar [[r.SkeletalMeshLODBias:0]]
[2021.04.14-21.04.25:453][  0]LogConfig: Setting CVar [[r.ViewDistanceScale:1.0]]
[2021.04.14-21.04.25:454][  0]LogConfig: Applying CVar settings from Section [AntiAliasingQuality@3] File [C:/Users/aveng/Documents/GitHub/GamesAssignment2-SecondYear/Games Assignment Two/GamesAssignmentTwo/Saved/Config/Windows/Scalability.ini]
[2021.04.14-21.04.25:454][  0]LogConfig: Setting CVar [[r.PostProcessAAQuality:4]]
[2021.04.14-21.04.25:454][  0]LogConfig: Applying CVar settings from Section [ShadowQuality@3] File [C:/Users/aveng/Documents/GitHub/GamesAssignment2-SecondYear/Games Assignment Two/GamesAssignmentTwo/Saved/Config/Windows/Scalability.ini]
[2021.04.14-21.04.25:455][  0]LogConfig: Setting CVar [[r.LightFunctionQuality:1]]
[2021.04.14-21.04.25:455][  0]LogConfig: Setting CVar [[r.ShadowQuality:5]]
[2021.04.14-21.04.25:455][  0]LogConfig: Setting CVar [[r.Shadow.CSM.MaxCascades:10]]
[2021.04.14-21.04.25:456][  0]LogConfig: Setting CVar [[r.Shadow.MaxResolution:2048]]
[2021.04.14-21.04.25:456][  0]LogConfig: Setting CVar [[r.Shadow.MaxCSMResolution:2048]]
[2021.04.14-21.04.25:456][  0]LogConfig: Setting CVar [[r.Shadow.RadiusThreshold:0.01]]
[2021.04.14-21.04.25:457][  0]LogConfig: Setting CVar [[r.Shadow.DistanceScale:1.0]]
[2021.04.14-21.04.25:457][  0]LogConfig: Setting CVar [[r.Shadow.CSM.TransitionScale:1.0]]
[2021.04.14-21.04.25:457][  0]LogConfig: Setting CVar [[r.Shadow.PreShadowResolutionFactor:1.0]]
[2021.04.14-21.04.25:458][  0]LogConfig: Setting CVar [[r.DistanceFieldShadowing:1]]
[2021.04.14-21.04.25:458][  0]LogConfig: Setting CVar [[r.DistanceFieldAO:1]]
[2021.04.14-21.04.25:459][  0]LogConfig: Setting CVar [[r.AOQuality:2]]
[2021.04.14-21.04.25:460][  0]LogConfig: Setting CVar [[r.VolumetricFog:1]]
[2021.04.14-21.04.25:460][  0]LogConfig: Setting CVar [[r.VolumetricFog.GridPixelSize:8]]
[2021.04.14-21.04.25:461][  0]LogConfig: Setting CVar [[r.VolumetricFog.GridSizeZ:128]]
[2021.04.14-21.04.25:462][  0]LogConfig: Setting CVar [[r.VolumetricFog.HistoryMissSupersampleCount:4]]
[2021.04.14-21.04.25:464][  0]LogConfig: Setting CVar [[r.LightMaxDrawDistanceScale:1]]
[2021.04.14-21.04.25:464][  0]LogConfig: Setting CVar [[r.CapsuleShadows:1]]
[2021.04.14-21.04.25:465][  0]LogConfig: Applying CVar settings from Section [PostProcessQuality@3] File [C:/Users/aveng/Documents/GitHub/GamesAssignment2-SecondYear/Games Assignment Two/GamesAssignmentTwo/Saved/Config/Windows/Scalability.ini]
[2021.04.14-21.04.25:466][  0]LogConfig: Setting CVar [[r.MotionBlurQuality:4]]
[2021.04.14-21.04.25:467][  0]LogConfig: Setting CVar [[r.AmbientOcclusionMipLevelFactor:0.4]]
[2021.04.14-21.04.25:467][  0]LogConfig: Setting CVar [[r.AmbientOcclusionMaxQuality:100]]
[2021.04.14-21.04.25:468][  0]LogConfig: Setting CVar [[r.AmbientOcclusionLevels:-1]]
[2021.04.14-21.04.25:468][  0]LogConfig: Setting CVar [[r.AmbientOcclusionRadiusScale:1.0]]
[2021.04.14-21.04.25:468][  0]LogConfig: Setting CVar [[r.DepthOfFieldQuality:2]]
[2021.04.14-21.04.25:469][  0]LogConfig: Setting CVar [[r.RenderTargetPoolMin:400]]
[2021.04.14-21.04.25:469][  0]LogConfig: Setting CVar [[r.LensFlareQuality:2]]
[2021.04.14-21.04.25:469][  0]LogConfig: Setting CVar [[r.SceneColorFringeQuality:1]]
[2021.04.14-21.04.25:470][  0]LogConfig: Setting CVar [[r.EyeAdaptationQuality:2]]
[2021.04.14-21.04.25:470][  0]LogConfig: Setting CVar [[r.BloomQuality:5]]
[2021.04.14-21.04.25:471][  0]LogConfig: Setting CVar [[r.FastBlurThreshold:100]]
[2021.04.14-21.04.25:471][  0]LogConfig: Setting CVar [[r.Upscale.Quality:3]]
[2021.04.14-21.04.25:478][  0]LogConfig: Setting CVar [[r.Tonemapper.GrainQuantization:1]]
[2021.04.14-21.04.25:480][  0]LogConfig: Setting CVar [[r.LightShaftQuality:1]]
[2021.04.14-21.04.25:482][  0]LogConfig: Setting CVar [[r.Filter.SizeScale:1]]
[2021.04.14-21.04.25:482][  0]LogConfig: Setting CVar [[r.Tonemapper.Quality:5]]
[2021.04.14-21.04.25:484][  0]LogConfig: Setting CVar [[r.DOF.Gather.AccumulatorQuality:1        ; higher gathering accumulator quality]]
[2021.04.14-21.04.25:485][  0]LogConfig: Setting CVar [[r.DOF.Gather.PostfilterMethod:1          ; Median3x3 postfilering method]]
[2021.04.14-21.04.25:485][  0]LogConfig: Setting CVar [[r.DOF.Gather.EnableBokehSettings:0       ; no bokeh simulation when gathering]]
[2021.04.14-21.04.25:486][  0]LogConfig: Setting CVar [[r.DOF.Gather.RingCount:4                 ; medium number of samples when gathering]]
[2021.04.14-21.04.25:486][  0]LogConfig: Setting CVar [[r.DOF.Scatter.ForegroundCompositing:1    ; additive foreground scattering]]
[2021.04.14-21.04.25:486][  0]LogConfig: Setting CVar [[r.DOF.Scatter.BackgroundCompositing:2    ; additive background scattering]]
[2021.04.14-21.04.25:487][  0]LogConfig: Setting CVar [[r.DOF.Scatter.EnableBokehSettings:1      ; bokeh simulation when scattering]]
[2021.04.14-21.04.25:487][  0]LogConfig: Setting CVar [[r.DOF.Scatter.MaxSpriteRatio:0.1         ; only a maximum of 10% of scattered bokeh]]
[2021.04.14-21.04.25:487][  0]LogConfig: Setting CVar [[r.DOF.Recombine.Quality:1                ; cheap slight out of focus]]
[2021.04.14-21.04.25:488][  0]LogConfig: Setting CVar [[r.DOF.Recombine.EnableBokehSettings:0    ; no bokeh simulation on slight out of focus]]
[2021.04.14-21.04.25:488][  0]LogConfig: Setting CVar [[r.DOF.TemporalAAQuality:1                ; more stable temporal accumulation]]
[2021.04.14-21.04.25:488][  0]LogConfig: Setting CVar [[r.DOF.Kernel.MaxForegroundRadius:0.025]]
[2021.04.14-21.04.25:488][  0]LogConfig: Setting CVar [[r.DOF.Kernel.MaxBackgroundRadius:0.025]]
[2021.04.14-21.04.25:489][  0]LogConfig: Applying CVar settings from Section [TextureQuality@3] File [C:/Users/aveng/Documents/GitHub/GamesAssignment2-SecondYear/Games Assignment Two/GamesAssignmentTwo/Saved/Config/Windows/Scalability.ini]
[2021.04.14-21.04.25:491][  0]LogConfig: Setting CVar [[r.Streaming.MipBias:0]]
[2021.04.14-21.04.25:494][  0]LogConfig: Setting CVar [[r.Streaming.AmortizeCPUToGPUCopy:0]]
[2021.04.14-21.04.25:494][  0]LogConfig: Setting CVar [[r.Streaming.MaxNumTexturesToStreamPerFrame:0]]
[2021.04.14-21.04.25:495][  0]LogConfig: Setting CVar [[r.Streaming.Boost:1]]
[2021.04.14-21.04.25:496][  0]LogConfig: Setting CVar [[r.MaxAnisotropy:8]]
[2021.04.14-21.04.25:497][  0]LogConfig: Setting CVar [[r.VT.MaxAnisotropy:8]]
[2021.04.14-21.04.25:497][  0]LogConfig: Setting CVar [[r.Streaming.LimitPoolSizeToVRAM:0]]
[2021.04.14-21.04.25:498][  0]LogConfig: Setting CVar [[r.Streaming.PoolSize:1000]]
[2021.04.14-21.04.25:499][  0]LogConfig: Setting CVar [[r.Streaming.MaxEffectiveScreenSize:0]]
[2021.04.14-21.04.25:499][  0]LogConfig: Applying CVar settings from Section [EffectsQuality@3] File [C:/Users/aveng/Documents/GitHub/GamesAssignment2-SecondYear/Games Assignment Two/GamesAssignmentTwo/Saved/Config/Windows/Scalability.ini]
[2021.04.14-21.04.25:500][  0]LogConfig: Setting CVar [[r.TranslucencyLightingVolumeDim:64]]
[2021.04.14-21.04.25:503][  0]LogConfig: Setting CVar [[r.RefractionQuality:2]]
[2021.04.14-21.04.25:504][  0]LogConfig: Setting CVar [[r.SSR.Quality:3]]
[2021.04.14-21.04.25:504][  0]LogConfig: Setting CVar [[r.SSR.HalfResSceneColor:0]]
[2021.04.14-21.04.25:504][  0]LogConfig: Setting CVar [[r.SceneColorFormat:4]]
[2021.04.14-21.04.25:505][  0]LogConfig: Setting CVar [[r.DetailMode:2]]
[2021.04.14-21.04.25:505][  0]LogConfig: Setting CVar [[r.TranslucencyVolumeBlur:1]]
[2021.04.14-21.04.25:506][  0]LogConfig: Setting CVar [[r.MaterialQualityLevel:1 ; High quality]]
[2021.04.14-21.04.25:506][  0]LogConfig: Setting CVar [[r.SSS.Scale:1]]
[2021.04.14-21.04.25:506][  0]LogConfig: Setting CVar [[r.SSS.SampleSet:2]]
[2021.04.14-21.04.25:506][  0]LogConfig: Setting CVar [[r.SSS.Quality:1]]
[2021.04.14-21.04.25:507][  0]LogConfig: Setting CVar [[r.SSS.HalfRes:0]]
[2021.04.14-21.04.25:507][  0]LogConfig: Setting CVar [[r.SSGI.Quality:3]]
[2021.04.14-21.04.25:507][  0]LogConfig: Setting CVar [[r.EmitterSpawnRateScale:1.0]]
[2021.04.14-21.04.25:508][  0]LogConfig: Setting CVar [[r.ParticleLightQuality:2]]
[2021.04.14-21.04.25:508][  0]LogConfig: Setting CVar [[r.SkyAtmosphere.AerialPerspectiveLUT.FastApplyOnOpaque:1 ; Always have FastSkyLUT 1 in this case to avoid wrong sky]]
[2021.04.14-21.04.25:509][  0]LogConfig: Setting CVar [[r.SkyAtmosphere.AerialPerspectiveLUT.SampleCountPerSlice:1]]
[2021.04.14-21.04.25:509][  0]LogConfig: Setting CVar [[r.SkyAtmosphere.AerialPerspectiveLUT.DepthResolution:16.0]]
[2021.04.14-21.04.25:509][  0]LogConfig: Setting CVar [[r.SkyAtmosphere.FastSkyLUT:1]]
[2021.04.14-21.04.25:510][  0]LogConfig: Setting CVar [[r.SkyAtmosphere.FastSkyLUT.SampleCountMin:4.0]]
[2021.04.14-21.04.25:512][  0]LogConfig: Setting CVar [[r.SkyAtmosphere.FastSkyLUT.SampleCountMax:32.0]]
[2021.04.14-21.04.25:512][  0]LogConfig: Setting CVar [[r.SkyAtmosphere.SampleCountMin:4.0]]
[2021.04.14-21.04.25:513][  0]LogConfig: Setting CVar [[r.SkyAtmosphere.SampleCountMax:32.0]]
[2021.04.14-21.04.25:513][  0]LogConfig: Setting CVar [[r.SkyAtmosphere.TransmittanceLUT.UseSmallFormat:0]]
[2021.04.14-21.04.25:513][  0]LogConfig: Setting CVar [[r.SkyAtmosphere.TransmittanceLUT.SampleCount:10.0]]
[2021.04.14-21.04.25:513][  0]LogConfig: Setting CVar [[r.SkyAtmosphere.MultiScatteringLUT.SampleCount:15.0]]
[2021.04.14-21.04.25:514][  0]LogConfig: Applying CVar settings from Section [FoliageQuality@3] File [C:/Users/aveng/Documents/GitHub/GamesAssignment2-SecondYear/Games Assignment Two/GamesAssignmentTwo/Saved/Config/Windows/Scalability.ini]
[2021.04.14-21.04.25:514][  0]LogConfig: Setting CVar [[foliage.DensityScale:1.0]]
[2021.04.14-21.04.25:514][  0]LogConfig: Setting CVar [[grass.DensityScale:1.0]]
[2021.04.14-21.04.25:515][  0]LogConfig: Applying CVar settings from Section [ShadingQuality@3] File [C:/Users/aveng/Documents/GitHub/GamesAssignment2-SecondYear/Games Assignment Two/GamesAssignmentTwo/Saved/Config/Windows/Scalability.ini]
[2021.04.14-21.04.25:515][  0]LogConfig: Setting CVar [[r.HairStrands.SkyLighting.SampleCount:16]]
[2021.04.14-21.04.25:515][  0]LogConfig: Setting CVar [[r.HairStrands.SkyLighting.JitterIntegration:0]]
[2021.04.14-21.04.25:516][  0]LogConfig: Setting CVar [[r.HairStrands.SkyAO.SampleCount:16]]
[2021.04.14-21.04.25:516][  0]LogConfig: Setting CVar [[r.HairStrands.DeepShadow.SuperSampling:0]]
[2021.04.14-21.04.25:516][  0]LogConfig: Setting CVar [[r.HairStrands.VisibilityPPLL:0]]
[2021.04.14-21.04.25:516][  0]LogConfig: Setting CVar [[r.HairStrands.RasterizationScale:0.5]]
[2021.04.14-21.04.25:517][  0]LogConfig: Setting CVar [[r.HairStrands.VelocityRasterizationScale:1]]
[2021.04.14-21.04.25:517][  0]LogInit: Selected Device Profile: [Windows]
[2021.04.14-21.04.25:517][  0]LogInit: Applying CVar settings loaded from the selected device profile: [Windows]
[2021.04.14-21.04.25:518][  0]LogHAL: Display: Platform has ~ 32 GB [34260910080 / 34359738368 / 32], which maps to Largest [LargestMinGB=32, LargerMinGB=12, DefaultMinGB=8, SmallerMinGB=6, SmallestMinGB=0)
[2021.04.14-21.04.25:518][  0]LogInit: Going up to parent DeviceProfile []
[2021.04.14-21.04.25:519][  0]LogConfig: Applying CVar settings from Section [ViewDistanceQuality@3] File [C:/Users/aveng/Documents/GitHub/GamesAssignment2-SecondYear/Games Assignment Two/GamesAssignmentTwo/Saved/Config/Windows/Scalability.ini]
[2021.04.14-21.04.25:519][  0]LogConfig: Setting CVar [[r.SkeletalMeshLODBias:0]]
[2021.04.14-21.04.25:519][  0]LogConfig: Setting CVar [[r.ViewDistanceScale:1.0]]
[2021.04.14-21.04.25:520][  0]LogConfig: Applying CVar settings from Section [AntiAliasingQuality@3] File [C:/Users/aveng/Documents/GitHub/GamesAssignment2-SecondYear/Games Assignment Two/GamesAssignmentTwo/Saved/Config/Windows/Scalability.ini]
[2021.04.14-21.04.25:520][  0]LogConfig: Setting CVar [[r.PostProcessAAQuality:4]]
[2021.04.14-21.04.25:520][  0]LogConfig: Applying CVar settings from Section [ShadowQuality@3] File [C:/Users/aveng/Documents/GitHub/GamesAssignment2-SecondYear/Games Assignment Two/GamesAssignmentTwo/Saved/Config/Windows/Scalability.ini]
[2021.04.14-21.04.25:521][  0]LogConfig: Setting CVar [[r.LightFunctionQuality:1]]
[2021.04.14-21.04.25:523][  0]LogConfig: Setting CVar [[r.ShadowQuality:5]]
[2021.04.14-21.04.25:523][  0]LogConfig: Setting CVar [[r.Shadow.CSM.MaxCascades:10]]
[2021.04.14-21.04.25:524][  0]LogConfig: Setting CVar [[r.Shadow.MaxResolution:2048]]
[2021.04.14-21.04.25:524][  0]LogConfig: Setting CVar [[r.Shadow.MaxCSMResolution:2048]]
[2021.04.14-21.04.25:524][  0]LogConfig: Setting CVar [[r.Shadow.RadiusThreshold:0.01]]
[2021.04.14-21.04.25:525][  0]LogConfig: Setting CVar [[r.Shadow.DistanceScale:1.0]]
[2021.04.14-21.04.25:526][  0]LogConfig: Setting CVar [[r.Shadow.CSM.TransitionScale:1.0]]
[2021.04.14-21.04.25:526][  0]LogConfig: Setting CVar [[r.Shadow.PreShadowResolutionFactor:1.0]]
[2021.04.14-21.04.25:527][  0]LogConfig: Setting CVar [[r.DistanceFieldShadowing:1]]
[2021.04.14-21.04.25:527][  0]LogConfig: Setting CVar [[r.DistanceFieldAO:1]]
[2021.04.14-21.04.25:528][  0]LogConfig: Setting CVar [[r.AOQuality:2]]
[2021.04.14-21.04.25:528][  0]LogConfig: Setting CVar [[r.VolumetricFog:1]]
[2021.04.14-21.04.25:528][  0]LogConfig: Setting CVar [[r.VolumetricFog.GridPixelSize:8]]
[2021.04.14-21.04.25:528][  0]LogConfig: Setting CVar [[r.VolumetricFog.GridSizeZ:128]]
[2021.04.14-21.04.25:529][  0]LogConfig: Setting CVar [[r.VolumetricFog.HistoryMissSupersampleCount:4]]
[2021.04.14-21.04.25:529][  0]LogConfig: Setting CVar [[r.LightMaxDrawDistanceScale:1]]
[2021.04.14-21.04.25:529][  0]LogConfig: Setting CVar [[r.CapsuleShadows:1]]
[2021.04.14-21.04.25:530][  0]LogConfig: Applying CVar settings from Section [PostProcessQuality@3] File [C:/Users/aveng/Documents/GitHub/GamesAssignment2-SecondYear/Games Assignment Two/GamesAssignmentTwo/Saved/Config/Windows/Scalability.ini]
[2021.04.14-21.04.25:530][  0]LogConfig: Setting CVar [[r.MotionBlurQuality:4]]
[2021.04.14-21.04.25:530][  0]LogConfig: Setting CVar [[r.AmbientOcclusionMipLevelFactor:0.4]]
[2021.04.14-21.04.25:531][  0]LogConfig: Setting CVar [[r.AmbientOcclusionMaxQuality:100]]
[2021.04.14-21.04.25:531][  0]LogConfig: Setting CVar [[r.AmbientOcclusionLevels:-1]]
[2021.04.14-21.04.25:531][  0]LogConfig: Setting CVar [[r.AmbientOcclusionRadiusScale:1.0]]
[2021.04.14-21.04.25:532][  0]LogConfig: Setting CVar [[r.DepthOfFieldQuality:2]]
[2021.04.14-21.04.25:534][  0]LogConfig: Setting CVar [[r.RenderTargetPoolMin:400]]
[2021.04.14-21.04.25:534][  0]LogConfig: Setting CVar [[r.LensFlareQuality:2]]
[2021.04.14-21.04.25:534][  0]LogConfig: Setting CVar [[r.SceneColorFringeQuality:1]]
[2021.04.14-21.04.25:535][  0]LogConfig: Setting CVar [[r.EyeAdaptationQuality:2]]
[2021.04.14-21.04.25:535][  0]LogConfig: Setting CVar [[r.BloomQuality:5]]
[2021.04.14-21.04.25:535][  0]LogConfig: Setting CVar [[r.FastBlurThreshold:100]]
[2021.04.14-21.04.25:536][  0]LogConfig: Setting CVar [[r.Upscale.Quality:3]]
[2021.04.14-21.04.25:536][  0]LogConfig: Setting CVar [[r.Tonemapper.GrainQuantization:1]]
[2021.04.14-21.04.25:536][  0]LogConfig: Setting CVar [[r.LightShaftQuality:1]]
[2021.04.14-21.04.25:537][  0]LogConfig: Setting CVar [[r.Filter.SizeScale:1]]
[2021.04.14-21.04.25:537][  0]LogConfig: Setting CVar [[r.Tonemapper.Quality:5]]
[2021.04.14-21.04.25:537][  0]LogConfig: Setting CVar [[r.DOF.Gather.AccumulatorQuality:1        ; higher gathering accumulator quality]]
[2021.04.14-21.04.25:538][  0]LogConfig: Setting CVar [[r.DOF.Gather.PostfilterMethod:1          ; Median3x3 postfilering method]]
[2021.04.14-21.04.25:538][  0]LogConfig: Setting CVar [[r.DOF.Gather.EnableBokehSettings:0       ; no bokeh simulation when gathering]]
[2021.04.14-21.04.25:538][  0]LogConfig: Setting CVar [[r.DOF.Gather.RingCount:4                 ; medium number of samples when gathering]]
[2021.04.14-21.04.25:538][  0]LogConfig: Setting CVar [[r.DOF.Scatter.ForegroundCompositing:1    ; additive foreground scattering]]
[2021.04.14-21.04.25:539][  0]LogConfig: Setting CVar [[r.DOF.Scatter.BackgroundCompositing:2    ; additive background scattering]]
[2021.04.14-21.04.25:539][  0]LogConfig: Setting CVar [[r.DOF.Scatter.EnableBokehSettings:1      ; bokeh simulation when scattering]]
[2021.04.14-21.04.25:539][  0]LogConfig: Setting CVar [[r.DOF.Scatter.MaxSpriteRatio:0.1         ; only a maximum of 10% of scattered bokeh]]
[2021.04.14-21.04.25:540][  0]LogConfig: Setting CVar [[r.DOF.Recombine.Quality:1                ; cheap slight out of focus]]
[2021.04.14-21.04.25:541][  0]LogConfig: Setting CVar [[r.DOF.Recombine.EnableBokehSettings:0    ; no bokeh simulation on slight out of focus]]
[2021.04.14-21.04.25:541][  0]LogConfig: Setting CVar [[r.DOF.TemporalAAQuality:1                ; more stable temporal accumulation]]
[2021.04.14-21.04.25:541][  0]LogConfig: Setting CVar [[r.DOF.Kernel.MaxForegroundRadius:0.025]]
[2021.04.14-21.04.25:542][  0]LogConfig: Setting CVar [[r.DOF.Kernel.MaxBackgroundRadius:0.025]]
[2021.04.14-21.04.25:544][  0]LogConfig: Applying CVar settings from Section [TextureQuality@3] File [C:/Users/aveng/Documents/GitHub/GamesAssignment2-SecondYear/Games Assignment Two/GamesAssignmentTwo/Saved/Config/Windows/Scalability.ini]
[2021.04.14-21.04.25:544][  0]LogConfig: Setting CVar [[r.Streaming.MipBias:0]]
[2021.04.14-21.04.25:544][  0]LogConfig: Setting CVar [[r.Streaming.AmortizeCPUToGPUCopy:0]]
[2021.04.14-21.04.25:545][  0]LogConfig: Setting CVar [[r.Streaming.MaxNumTexturesToStreamPerFrame:0]]
[2021.04.14-21.04.25:545][  0]LogConfig: Setting CVar [[r.Streaming.Boost:1]]
[2021.04.14-21.04.25:545][  0]LogConfig: Setting CVar [[r.MaxAnisotropy:8]]
[2021.04.14-21.04.25:545][  0]LogConfig: Setting CVar [[r.VT.MaxAnisotropy:8]]
[2021.04.14-21.04.25:546][  0]LogConfig: Setting CVar [[r.Streaming.LimitPoolSizeToVRAM:0]]
[2021.04.14-21.04.25:546][  0]LogConfig: Setting CVar [[r.Streaming.PoolSize:1000]]
[2021.04.14-21.04.25:546][  0]LogConfig: Setting CVar [[r.Streaming.MaxEffectiveScreenSize:0]]
[2021.04.14-21.04.25:547][  0]LogConfig: Applying CVar settings from Section [EffectsQuality@3] File [C:/Users/aveng/Documents/GitHub/GamesAssignment2-SecondYear/Games Assignment Two/GamesAssignmentTwo/Saved/Config/Windows/Scalability.ini]
[2021.04.14-21.04.25:547][  0]LogConfig: Setting CVar [[r.TranslucencyLightingVolumeDim:64]]
[2021.04.14-21.04.25:547][  0]LogConfig: Setting CVar [[r.RefractionQuality:2]]
[2021.04.14-21.04.25:548][  0]LogConfig: Setting CVar [[r.SSR.Quality:3]]
[2021.04.14-21.04.25:548][  0]LogConfig: Setting CVar [[r.SSR.HalfResSceneColor:0]]
[2021.04.14-21.04.25:548][  0]LogConfig: Setting CVar [[r.SceneColorFormat:4]]
[2021.04.14-21.04.25:549][  0]LogConfig: Setting CVar [[r.DetailMode:2]]
[2021.04.14-21.04.25:549][  0]LogConfig: Setting CVar [[r.TranslucencyVolumeBlur:1]]
[2021.04.14-21.04.25:549][  0]LogConfig: Setting CVar [[r.MaterialQualityLevel:1 ; High quality]]
[2021.04.14-21.04.25:550][  0]LogConfig: Setting CVar [[r.SSS.Scale:1]]
[2021.04.14-21.04.25:550][  0]LogConfig: Setting CVar [[r.SSS.SampleSet:2]]
[2021.04.14-21.04.25:550][  0]LogConfig: Setting CVar [[r.SSS.Quality:1]]
[2021.04.14-21.04.25:551][  0]LogConfig: Setting CVar [[r.SSS.HalfRes:0]]
[2021.04.14-21.04.25:551][  0]LogConfig: Setting CVar [[r.SSGI.Quality:3]]
[2021.04.14-21.04.25:551][  0]LogConfig: Setting CVar [[r.EmitterSpawnRateScale:1.0]]
[2021.04.14-21.04.25:552][  0]LogConfig: Setting CVar [[r.ParticleLightQuality:2]]
[2021.04.14-21.04.25:554][  0]LogConfig: Setting CVar [[r.SkyAtmosphere.AerialPerspectiveLUT.FastApplyOnOpaque:1 ; Always have FastSkyLUT 1 in this case to avoid wrong sky]]
[2021.04.14-21.04.25:554][  0]LogConfig: Setting CVar [[r.SkyAtmosphere.AerialPerspectiveLUT.SampleCountPerSlice:1]]
[2021.04.14-21.04.25:555][  0]LogConfig: Setting CVar [[r.SkyAtmosphere.AerialPerspectiveLUT.DepthResolution:16.0]]
[2021.04.14-21.04.25:555][  0]LogConfig: Setting CVar [[r.SkyAtmosphere.FastSkyLUT:1]]
[2021.04.14-21.04.25:555][  0]LogConfig: Setting CVar [[r.SkyAtmosphere.FastSkyLUT.SampleCountMin:4.0]]
[2021.04.14-21.04.25:556][  0]LogConfig: Setting CVar [[r.SkyAtmosphere.FastSkyLUT.SampleCountMax:32.0]]
[2021.04.14-21.04.25:556][  0]LogConfig: Setting CVar [[r.SkyAtmosphere.SampleCountMin:4.0]]
[2021.04.14-21.04.25:556][  0]LogConfig: Setting CVar [[r.SkyAtmosphere.SampleCountMax:32.0]]
[2021.04.14-21.04.25:557][  0]LogConfig: Setting CVar [[r.SkyAtmosphere.TransmittanceLUT.UseSmallFormat:0]]
[2021.04.14-21.04.25:557][  0]LogConfig: Setting CVar [[r.SkyAtmosphere.TransmittanceLUT.SampleCount:10.0]]
[2021.04.14-21.04.25:557][  0]LogConfig: Setting CVar [[r.SkyAtmosphere.MultiScatteringLUT.SampleCount:15.0]]
[2021.04.14-21.04.25:558][  0]LogConfig: Applying CVar settings from Section [FoliageQuality@3] File [C:/Users/aveng/Documents/GitHub/GamesAssignment2-SecondYear/Games Assignment Two/GamesAssignmentTwo/Saved/Config/Windows/Scalability.ini]
[2021.04.14-21.04.25:559][  0]LogConfig: Setting CVar [[foliage.DensityScale:1.0]]
[2021.04.14-21.04.25:559][  0]LogConfig: Setting CVar [[grass.DensityScale:1.0]]
[2021.04.14-21.04.25:560][  0]LogConfig: Applying CVar settings from Section [ShadingQuality@3] File [C:/Users/aveng/Documents/GitHub/GamesAssignment2-SecondYear/Games Assignment Two/GamesAssignmentTwo/Saved/Config/Windows/Scalability.ini]
[2021.04.14-21.04.25:560][  0]LogConfig: Setting CVar [[r.HairStrands.SkyLighting.SampleCount:16]]
[2021.04.14-21.04.25:560][  0]LogConfig: Setting CVar [[r.HairStrands.SkyLighting.JitterIntegration:0]]
[2021.04.14-21.04.25:561][  0]LogConfig: Setting CVar [[r.HairStrands.SkyAO.SampleCount:16]]
[2021.04.14-21.04.25:561][  0]LogConfig: Setting CVar [[r.HairStrands.DeepShadow.SuperSampling:0]]
[2021.04.14-21.04.25:561][  0]LogConfig: Setting CVar [[r.HairStrands.VisibilityPPLL:0]]
[2021.04.14-21.04.25:562][  0]LogConfig: Setting CVar [[r.HairStrands.RasterizationScale:0.5]]
[2021.04.14-21.04.25:562][  0]LogConfig: Setting CVar [[r.HairStrands.VelocityRasterizationScale:1]]
[2021.04.14-21.04.25:562][  0]LogConfig: Applying CVar settings from Section [Startup] File [../../../Engine/Config/ConsoleVariables.ini]
[2021.04.14-21.04.25:563][  0]LogConfig: Setting CVar [[net.UseAdaptiveNetUpdateFrequency:0]]
[2021.04.14-21.04.25:565][  0]LogConfig: Setting CVar [[p.chaos.AllowCreatePhysxBodies:1]]
[2021.04.14-21.04.25:565][  0]LogConfig: Setting CVar [[fx.SkipVectorVMBackendOptimizations:1]]
[2021.04.14-21.04.25:565][  0]LogConfig: Applying CVar settings from Section [ConsoleVariables] File [C:/Users/aveng/Documents/GitHub/GamesAssignment2-SecondYear/Games Assignment Two/GamesAssignmentTwo/Saved/Config/Windows/Engine.ini]
[2021.04.14-21.04.25:566][  0]LogInit: Computer: PROGRAMMING-PC
[2021.04.14-21.04.25:566][  0]LogInit: User: aveng
[2021.04.14-21.04.25:566][  0]LogInit: CPU Page size=4096, Cores=12
[2021.04.14-21.04.25:567][  0]LogInit: High frequency timer resolution =10.000000 MHz
[2021.04.14-21.04.25:567][  0]LogMemory: Memory total: Physical=31.9GB (32GB approx)
[2021.04.14-21.04.25:567][  0]LogMemory: Platform Memory Stats for Windows
[2021.04.14-21.04.25:568][  0]LogMemory: Process Physical Memory: 120.50 MB used, 120.50 MB peak
[2021.04.14-21.04.25:577][  0]LogMemory: Process Virtual Memory: 110.67 MB used, 110.67 MB peak
[2021.04.14-21.04.25:578][  0]LogMemory: Physical Memory: 18025.50 MB used,  14648.25 MB free, 32673.75 MB total
[2021.04.14-21.04.25:578][  0]LogMemory: Virtual Memory: 5220.79 MB used,  134212504.00 MB free, 134217728.00 MB total
[2021.04.14-21.04.25:581][  0]LogWindows: WindowsPlatformFeatures enabled
[2021.04.14-21.04.25:618][  0]LogInit: Physics initialised using underlying interface: PhysX
[2021.04.14-21.04.25:619][  0]LogInit: Using OS detected language (en-GB).
[2021.04.14-21.04.25:620][  0]LogInit: Using OS detected locale (en-GB).
[2021.04.14-21.04.25:621][  0]LogTextLocalizationManager: No specific localization for 'en-GB' exists, so the 'en' localization will be used.
[2021.04.14-21.04.25:788][  0]LogSlate: New Slate User Created.  User Index 0, Is Virtual User: 0
[2021.04.14-21.04.25:788][  0]LogSlate: Slate User Registered.  User Index 0, Is Virtual User: 0
[2021.04.14-21.04.25:800][  0]LogHMD: Failed to initialize OpenVR with code 110
[2021.04.14-21.04.25:800][  0]LogD3D11RHI: D3D11 min allowed feature level: 11_0
[2021.04.14-21.04.25:800][  0]LogD3D11RHI: D3D11 max allowed feature level: 11_0
[2021.04.14-21.04.25:801][  0]LogD3D11RHI: D3D11 adapters:
[2021.04.14-21.04.25:897][  0]LogD3D11RHI:    0. 'NVIDIA GeForce GTX 1060 6GB' (Feature Level 11_0)
[2021.04.14-21.04.25:897][  0]LogD3D11RHI:       6052/0/16336 MB DedicatedVideo/DedicatedSystem/SharedSystem, Outputs:2, VendorId:0x10de
[2021.04.14-21.04.25:901][  0]LogD3D11RHI:    1. 'Microsoft Basic Render Driver' (Feature Level 11_0)
[2021.04.14-21.04.25:901][  0]LogD3D11RHI:       0/0/16336 MB DedicatedVideo/DedicatedSystem/SharedSystem, Outputs:0, VendorId:0x1414
[2021.04.14-21.04.25:902][  0]LogD3D11RHI: Chosen D3D11 Adapter: 0
[2021.04.14-21.04.25:913][  0]LogD3D11RHI: Creating new Direct3DDevice
[2021.04.14-21.04.25:913][  0]LogD3D11RHI:     GPU DeviceId: 0x1c03 (for the marketing name, search the web for "GPU Device Id")
[2021.04.14-21.04.25:913][  0]LogWindows: EnumDisplayDevices:
[2021.04.14-21.04.25:914][  0]LogWindows:    0. 'NVIDIA GeForce GTX 1060 6GB' (P:1 D:1)
[2021.04.14-21.04.25:914][  0]LogWindows:    1. 'NVIDIA GeForce GTX 1060 6GB' (P:0 D:1)
[2021.04.14-21.04.25:915][  0]LogWindows:    2. 'NVIDIA GeForce GTX 1060 6GB' (P:0 D:0)
[2021.04.14-21.04.25:915][  0]LogWindows:    3. 'NVIDIA GeForce GTX 1060 6GB' (P:0 D:0)
[2021.04.14-21.04.25:916][  0]LogWindows: DebugString: FoundDriverCount:4 
[2021.04.14-21.04.25:917][  0]LogD3D11RHI:     Adapter Name: NVIDIA GeForce GTX 1060 6GB
[2021.04.14-21.04.25:917][  0]LogD3D11RHI:   Driver Version: 461.92 (internal:27.21.14.6192, unified:461.92)
[2021.04.14-21.04.25:917][  0]LogD3D11RHI:      Driver Date: 3-11-2021
[2021.04.14-21.04.25:918][  0]LogRHI: Texture pool is 4236 MB (70% of 6052 MB)
[2021.04.14-21.04.25:997][  0]LogD3D11RHI: RHI has support for 64 bit atomics
[2021.04.14-21.04.25:998][  0]LogD3D11RHI: Async texture creation enabled
[2021.04.14-21.04.25:998][  0]LogD3D11RHI: Array index from any shader is supported
[2021.04.14-21.04.26:023][  0]LogD3D11RHI: GPU Timing Frequency: 1000.000000 (Debug: 2 1)
[2021.04.14-21.04.26:383][  0]LogTargetPlatformManager: Display: Loaded TargetPlatform 'WindowsNoEditor'
[2021.04.14-21.04.26:386][  0]LogTargetPlatformManager: Display: Loaded TargetPlatform 'Windows'
[2021.04.14-21.04.26:393][  0]LogTargetPlatformManager: Display: Loaded TargetPlatform 'WindowsClient'
[2021.04.14-21.04.26:400][  0]LogTargetPlatformManager: Display: Loaded TargetPlatform 'WindowsServer'
[2021.04.14-21.04.26:400][  0]LogTargetPlatformManager: Display: Building Assets For Windows
[2021.04.14-21.04.26:403][  0]LogAudioDebug: Display: Lib vorbis DLL was dynamically loaded.
[2021.04.14-21.04.26:424][  0]LogShaderCompilers: Guid format shader working directory is -54 characters bigger than the processId version (C:/Users/aveng/Documents/GitHub/GamesAssignment2-SecondYear/Games Assignment Two/GamesAssignmentTwo/Intermediate/Shaders/WorkingDirectory/18144/).
[2021.04.14-21.04.26:425][  0]LogShaderCompilers: Cleaned the shader compiler working directory 'C:/Users/aveng/AppData/Local/Temp/UnrealShaderWorkingDir/CCBB359C44A9A58D4819368571BCC97F/'.
[2021.04.14-21.04.26:426][  0]LogXGEController: Cannot use XGE Controller as Incredibuild is not installed on this machine.
[2021.04.14-21.04.26:426][  0]LogShaderCompilers: Cannot use XGE Shader Compiler as Incredibuild is not installed on this machine.
[2021.04.14-21.04.26:426][  0]LogShaderCompilers: Display: Using Local Shader Compiler.
[2021.04.14-21.04.27:091][  0]LogDerivedDataCache: Display: Max Cache Size: 512 MB
[2021.04.14-21.04.27:134][  0]LogDerivedDataCache: Loaded boot cache 0.04s 78MB C:/Users/aveng/AppData/Local/UnrealEngine/4.25/DerivedDataCache/Boot.ddc.
[2021.04.14-21.04.27:134][  0]LogDerivedDataCache: Display: Loaded Boot cache: C:/Users/aveng/AppData/Local/UnrealEngine/4.25/DerivedDataCache/Boot.ddc
[2021.04.14-21.04.27:135][  0]LogDerivedDataCache: FDerivedDataBackendGraph:  Pak pak cache file C:/Users/aveng/Documents/GitHub/GamesAssignment2-SecondYear/Games Assignment Two/GamesAssignmentTwo/DerivedDataCache/DDC.ddp not found, will not use a pak cache.
[2021.04.14-21.04.27:136][  0]LogDerivedDataCache: Unable to find inner node Pak for hierarchical cache Hierarchy.
[2021.04.14-21.04.27:137][  0]LogDerivedDataCache: FDerivedDataBackendGraph:  CompressedPak pak cache file C:/Users/aveng/Documents/GitHub/GamesAssignment2-SecondYear/Games Assignment Two/GamesAssignmentTwo/DerivedDataCache/Compressed.ddp not found, will not use a pak cache.
[2021.04.14-21.04.27:137][  0]LogDerivedDataCache: Unable to find inner node CompressedPak for hierarchical cache Hierarchy.
[2021.04.14-21.04.27:146][  0]LogDerivedDataCache: Display: Pak cache opened for reading ../../../Engine/DerivedDataCache/Compressed.ddp.
[2021.04.14-21.04.27:146][  0]LogDerivedDataCache: FDerivedDataBackendGraph:  EnterprisePak pak cache file ../../../Enterprise/DerivedDataCache/Compressed.ddp not found, will not use a pak cache.
[2021.04.14-21.04.27:147][  0]LogDerivedDataCache: Unable to find inner node EnterprisePak for hierarchical cache Hierarchy.
[2021.04.14-21.04.27:148][  0]LogDerivedDataCache: Using Local data cache path C:/Users/aveng/AppData/Local/UnrealEngine/Common/DerivedDataCache: Writable
[2021.04.14-21.04.27:148][  0]LogDerivedDataCache: Shared data cache path not found in *engine.ini, will not use an Shared cache.
[2021.04.14-21.04.27:149][  0]LogDerivedDataCache: Unable to find inner node Shared for hierarchical cache Hierarchy.
[2021.04.14-21.04.27:183][  0]LogSlate: Using FreeType 2.10.0
[2021.04.14-21.04.27:184][  0]LogSlate: SlateFontServices - WITH_FREETYPE: 1, WITH_HARFBUZZ: 1
[2021.04.14-21.04.27:248][  0]LogInit: Using OS detected language (en-GB).
[2021.04.14-21.04.27:248][  0]LogInit: Using OS detected locale (en-GB).
[2021.04.14-21.04.27:249][  0]LogTextLocalizationManager: No localization for 'en-GB' exists, so 'en' will be used for the language.
[2021.04.14-21.04.27:250][  0]LogTextLocalizationManager: No localization for 'en-GB' exists, so 'en' will be used for the locale.
[2021.04.14-21.04.27:250][  0]LogSlate: FontCache flush requested. Reason: Culture for localization was changed
[2021.04.14-21.04.27:250][  0]LogSlate: FontCache flush requested. Reason: Culture for localization was changed
[2021.04.14-21.04.27:252][  0]LogTextLocalizationManager: Compacting localization data took   0.00ms
[2021.04.14-21.04.27:255][  0]LogAssetRegistry: FAssetRegistry took 0.0017 seconds to start up
[2021.04.14-21.04.27:458][  0]LogPackageLocalizationCache: Processed 20 localized package path(s) for 1 prioritized culture(s) in 0.048304 seconds
[2021.04.14-21.04.27:501][  0]LogInit: Selected Device Profile: [Windows]
[2021.04.14-21.04.27:577][  0]LogMeshReduction: Using QuadricMeshReduction for automatic static mesh reduction
[2021.04.14-21.04.27:577][  0]LogMeshReduction: Using SimplygonMeshReduction for automatic skeletal mesh reduction
[2021.04.14-21.04.27:578][  0]LogMeshReduction: Using ProxyLODMeshReduction for automatic mesh merging
[2021.04.14-21.04.27:578][  0]LogMeshReduction: No distributed automatic mesh merging module available
[2021.04.14-21.04.27:578][  0]LogMeshMerging: No distributed automatic mesh merging module available
[2021.04.14-21.04.27:592][  0]LogNetVersion: GamesAssignmentTwo 1.0.0, NetCL: 13144385, EngineNetVer: 14, GameNetVer: 0 (Checksum: 1185472599)
[2021.04.14-21.04.27:801][  0]LogAISub: UAISubsystem::UAISubsystem AISubsystem (000001D5C203D8C0), frame # 0
[2021.04.14-21.04.27:802][  0]LogAISub: UAISubsystem::UAISubsystem AIPerceptionSystem (000001D5C1F6D6C0), frame # 0
[2021.04.14-21.04.27:804][  0]LogAISub: UAISubsystem::UAISubsystem EnvQueryManager (000001D5C1F67C00), frame # 0
[2021.04.14-21.04.27:849][  0]LogCollectionManager: Loaded 0 collections in 0.000810 seconds
[2021.04.14-21.04.27:851][  0]LogFileCache: Scanning file cache for directory 'C:/Users/aveng/Documents/GitHub/GamesAssignment2-SecondYear/Games Assignment Two/GamesAssignmentTwo/Saved/Collections/' took 0.00s
[2021.04.14-21.04.27:851][  0]LogFileCache: Scanning file cache for directory 'C:/Users/aveng/Documents/GitHub/GamesAssignment2-SecondYear/Games Assignment Two/GamesAssignmentTwo/Content/Developers/aveng/Collections/' took 0.00s
[2021.04.14-21.04.27:851][  0]LogFileCache: Scanning file cache for directory 'C:/Users/aveng/Documents/GitHub/GamesAssignment2-SecondYear/Games Assignment Two/GamesAssignmentTwo/Content/Collections/' took 0.00s
[2021.04.14-21.04.27:852][  0]LogCollectionManager: Fixed up redirectors for 0 collections in 0.000003 seconds (updated 0 objects)
[2021.04.14-21.04.27:876][  0]LogMoviePlayer: Initializing movie player
[2021.04.14-21.04.28:000][  0]LogScript: Warning: Script Msg: A null object was passed as a world context object to UEngine::GetWorldFromContextObject().
[2021.04.14-21.04.28:002][  0]LogScript: Warning: Script Msg: A null object was passed as a world context object to UEngine::GetWorldFromContextObject().
[2021.04.14-21.04.28:004][  0]LogScript: Warning: Script Msg: A null object was passed as a world context object to UEngine::GetWorldFromContextObject().
[2021.04.14-21.04.28:006][  0]LogScript: Warning: Script Msg: A null object was passed as a world context object to UEngine::GetWorldFromContextObject().
[2021.04.14-21.04.28:060][  0]LogBlueprint: Warning: [Compiler Ue4ASP_Character] InputAction Event references unknown Action 'Crouch' for  InputAction Crouch
[2021.04.14-21.04.28:061][  0]LogBlueprint: Warning: [Compiler Ue4ASP_Character] Input Axis Event references unknown Axis 'MoveForward' for  InputAxis MoveForward
[2021.04.14-21.04.28:063][  0]LogBlueprint: Warning: [Compiler Ue4ASP_Character] Input Axis Event references unknown Axis 'MoveRight' for  InputAxis MoveRight
[2021.04.14-21.04.28:157][  0]SourceControl: Source control is disabled
[2021.04.14-21.04.28:158][  0]SourceControl: Source control is disabled
[2021.04.14-21.04.28:166][  0]SourceControl: Source control is disabled
[2021.04.14-21.04.28:284][  0]LogAndroidPermission: UAndroidPermissionCallbackProxy::GetInstance
[2021.04.14-21.04.28:302][  0]LogAudioCaptureCore: Display: No Audio Capture implementations found. Audio input will be silent.
[2021.04.14-21.04.28:302][  0]LogAudioCaptureCore: Display: No Audio Capture implementations found. Audio input will be silent.
[2021.04.14-21.04.28:341][  0]LogOcInput: OculusInput pre-init called
[2021.04.14-21.04.28:355][  0]LogUObjectArray: 21163 objects as part of root set at end of initial load.
[2021.04.14-21.04.28:355][  0]LogUObjectAllocator: 5880432 out of 0 bytes used by permanent object pool.
[2021.04.14-21.04.28:356][  0]LogUObjectArray: CloseDisregardForGC: 0/0 objects in disregard for GC pool
[2021.04.14-21.04.28:397][  0]LogEngine: Initializing Engine...
[2021.04.14-21.04.28:398][  0]LogHMD: Failed to initialize OpenVR with code 110
[2021.04.14-21.04.28:398][  0]LogMagicLeap: Warning: VR disabled because ZI is not enabled.  To enable, in the editor, Edit -> Project Settings -> Plugins -> Magic Leap Plugin -> Enable Zero Iteration
[2021.04.14-21.04.28:400][  0]LogStats: UGameplayTagsManager::InitializeManager -  0.000 s
[2021.04.14-21.04.28:473][  0]LogInit: Initializing FReadOnlyCVARCache
[2021.04.14-21.04.28:478][  0]LogAudioMixer: Display: Audio Mixer Platform Settings:
[2021.04.14-21.04.28:478][  0]LogAudioMixer: Display: 	Sample Rate:						  48000
[2021.04.14-21.04.28:479][  0]LogAudioMixer: Display: 	Callback Buffer Frame Size Requested: 1024
[2021.04.14-21.04.28:479][  0]LogAudioMixer: Display: 	Callback Buffer Frame Size To Use:	  1024
[2021.04.14-21.04.28:480][  0]LogAudioMixer: Display: 	Number of buffers to queue:			  2
[2021.04.14-21.04.28:480][  0]LogAudioMixer: Display: 	Max Channels (voices):				  32
[2021.04.14-21.04.28:481][  0]LogAudioMixer: Display: 	Number of Async Source Workers:		  0
[2021.04.14-21.04.28:482][  0]LogAudio: Display: AudioDevice MaxSources: 32
[2021.04.14-21.04.28:483][  0]LogAudio: Display: Using built-in audio occlusion.
[2021.04.14-21.04.28:484][  0]LogAudioMixer: Display: Initializing audio mixer.
[2021.04.14-21.04.28:506][  0]LogAudioMixer: Display: 0: FrontLeft
[2021.04.14-21.04.28:506][  0]LogAudioMixer: Display: 1: FrontRight
[2021.04.14-21.04.28:507][  0]LogAudioMixer: Display: 2: FrontCenter
[2021.04.14-21.04.28:508][  0]LogAudioMixer: Display: 3: LowFrequency
[2021.04.14-21.04.28:508][  0]LogAudioMixer: Display: 4: BackLeft
[2021.04.14-21.04.28:509][  0]LogAudioMixer: Display: 5: BackRight
[2021.04.14-21.04.28:509][  0]LogAudioMixer: Display: 6: SideLeft
[2021.04.14-21.04.28:510][  0]LogAudioMixer: Display: 7: SideRight
[2021.04.14-21.04.28:542][  0]LogAudioMixer: Display: Using Audio Device Speakers (THX Spatial Audio)
[2021.04.14-21.04.28:548][  0]LogAudioMixer: Display: Initializing Sound Submixes...
[2021.04.14-21.04.28:549][  0]LogAudioMixer: Display: Creating Master Submix 'MasterSubmixDefault'
[2021.04.14-21.04.28:549][  0]LogAudioMixer: Display: Creating Master Submix 'MasterReverbSubmixDefault'
[2021.04.14-21.04.28:550][  0]LogAudioMixer: Display: Creating Master Submix 'MasterEQSubmixDefault'
[2021.04.14-21.04.28:553][  0]LogInit: FAudioDevice initialized.
[2021.04.14-21.04.28:554][  0]LogNetVersion: Set ProjectVersion to 1.0.0.0. Version Checksum will be recalculated on next use.
[2021.04.14-21.04.28:637][  0]LogDerivedDataCache: Saved boot cache 0.08s 77MB C:/Users/aveng/AppData/Local/UnrealEngine/4.25/DerivedDataCache/Boot.ddc.
[2021.04.14-21.04.28:639][  0]LogInit: Texture streaming: Enabled
[2021.04.14-21.04.28:679][  0]LogSlate: Updating window title bar state: overlay mode, drag disabled, window buttons hidden, title bar hidden
[2021.04.14-21.04.28:680][  0]LogInit: Display: Game Engine Initialized.
[2021.04.14-21.04.28:681][  0]LogNiagaraEditor: Warning: GEditor isn't valid! Particle reset commands will not work for Niagara components!
[2021.04.14-21.04.28:691][  0]LogInit: Display: Starting Game.
[2021.04.14-21.04.28:691][  0]LogNet: Browse: /Game/Levels/MainMenu?Name=Player
[2021.04.14-21.04.28:692][  0]LogLoad: LoadMap: /Game/Levels/MainMenu?Name=Player
[2021.04.14-21.04.28:692][  0]LogWorld: BeginTearingDown for /Temp/Untitled_0
[2021.04.14-21.04.28:693][  0]LogWorld: UWorld::CleanupWorld for Untitled, bSessionEnded=true, bCleanupResources=true
[2021.04.14-21.04.28:693][  0]LogSlate: InvalidateAllWidgets triggered.  All widgets were invalidated
[2021.04.14-21.04.28:718][  0]LogUObjectHash: Compacting FUObjectHashTables data took   0.79ms
[2021.04.14-21.04.28:769][  0]LogAIModule: Creating AISystem for world MainMenu
[2021.04.14-21.04.28:769][  0]LogAISub: UAISubsystem::UAISubsystem EnvQueryManager (000001D5A8455000), frame # 0
[2021.04.14-21.04.28:770][  0]LogAISub: UAISubsystem::UAISubsystem AIPerceptionSystem (000001D5CABF7C40), frame # 0
[2021.04.14-21.04.28:777][  0]LogLoad: Game class is 'BP_GamesAssignmentTwoGameModeBse_C'
[2021.04.14-21.04.28:779][  0]LogWorld: Bringing World /Game/Levels/MainMenu.MainMenu up for play (max tick rate 0) at 2021.04.14-22.04.28
[2021.04.14-21.04.28:779][  0]LogWorld: Bringing up level for play took: 0.001250
[2021.04.14-21.04.28:780][  0]LogGameMode: FindPlayerStart: PATHS NOT DEFINED or NO PLAYERSTART with positive rating
[2021.04.14-21.04.28:783][  0]LogTemp: Warning: Destroy Character
[2021.04.14-21.04.28:784][  0]LogTemp: Warning: Load main menu widget from instance called
[2021.04.14-21.04.28:785][  0]LogTemp: Warning: Load main menu widget from instance MenuClass set
[2021.04.14-21.04.28:787][  0]LogTemp: Warning: TRUEEE
[2021.04.14-21.04.28:788][  0]LogLoad: Took 0.095884 seconds to LoadMap(/Game/Levels/MainMenu)
[2021.04.14-21.04.28:808][  0]LogRenderer: Reallocating scene render targets to support 960x1020 Format 10 NumSamples 1 (Frame:1).
[2021.04.14-21.04.28:808][  0]LogSlate: Took 0.000159 seconds to synchronously load lazily loaded font '../../../Engine/Content/Slate/Fonts/Roboto-Regular.ttf' (155K)
[2021.04.14-21.04.28:821][  0]LogLoad: (Engine Initialization) Total time: 5.31 seconds
[2021.04.14-21.04.28:821][  0]LogLoad: (Engine Initialization) Total Blueprint compile time: 0.00 seconds
[2021.04.14-21.04.28:839][  0]LogContentStreaming: Texture pool size now 1000 MB
[2021.04.14-21.04.28:842][  0]LogSlate: InvalidateAllWidgets triggered.  All widgets were invalidated
[2021.04.14-21.04.28:876][  1]LogSlate: Took 0.000165 seconds to synchronously load lazily loaded font '../../../Engine/Content/Slate/Fonts/Roboto-Regular.ttf' (155K)
[2021.04.14-21.04.37:111][651]LogSlate: WidgetSwitcher ('None') active index changed to 1
[2021.04.14-21.04.37:479][787]LogGameMode: ProcessServerTravel: /Game/Levels/Lobby?listen
[2021.04.14-21.04.37:481][787]LogEngine: Server switch level: /Game/Levels/Lobby?Name=Player?listen
[2021.04.14-21.04.37:481][787]LogNet: Browse: /Game/Levels/Lobby?Name=Player?listen
[2021.04.14-21.04.37:481][787]LogLoad: LoadMap: /Game/Levels/Lobby?Name=Player?listen
[2021.04.14-21.04.37:481][787]LogWorld: BeginTearingDown for /Game/Levels/MainMenu
[2021.04.14-21.04.37:482][787]LogWorld: UWorld::CleanupWorld for MainMenu, bSessionEnded=true, bCleanupResources=true
[2021.04.14-21.04.37:482][787]LogSlate: InvalidateAllWidgets triggered.  All widgets were invalidated
[2021.04.14-21.04.37:529][787]LogAISub: UAISubsystem::~UAISubsystem EnvQueryManager (000001D5A8455000), frame # 2787
[2021.04.14-21.04.37:529][787]LogAISub: UAISubsystem::~UAISubsystem AIPerceptionSystem (000001D5CABF7C40), frame # 2787
[2021.04.14-21.04.37:531][787]LogUObjectHash: Compacting FUObjectHashTables data took   0.73ms
[2021.04.14-21.04.37:585][787]LogAIModule: Creating AISystem for world Lobby
[2021.04.14-21.04.37:585][787]LogAISub: UAISubsystem::UAISubsystem EnvQueryManager (000001D5C9DB9000), frame # 2787
[2021.04.14-21.04.37:586][787]LogAISub: UAISubsystem::UAISubsystem AIPerceptionSystem (000001D5AAEA8A40), frame # 2787
[2021.04.14-21.04.37:587][787]LogLoad: Game class is 'BP_ServerLobbyGameModeBase_C'
[2021.04.14-21.04.37:587][787]LogNet: ReplicationDriverClass is null! Not using ReplicationDriver.
[2021.04.14-21.04.37:587][787]LogNetCore: DDoS detection status: detection enabled: 0 analytics enabled: 0
[2021.04.14-21.04.37:588][787]LogInit: WinSock: Socket queue. Rx: 131072 (config 131072) Tx: 131072 (config 131072)
[2021.04.14-21.04.37:588][787]LogNet: Created socket for bind address: 0.0.0.0 on port 7777
[2021.04.14-21.04.37:589][787]PacketHandlerLog: Loaded PacketHandler component: Engine.EngineHandlerComponentFactory (StatelessConnectHandlerComponent)
[2021.04.14-21.04.37:589][787]LogNet: GameNetDriver IpNetDriver_0 IpNetDriver listening on port 7777
[2021.04.14-21.04.37:591][787]LogWorld: Bringing World /Game/Levels/Lobby.Lobby up for play (max tick rate 0) at 2021.04.14-22.04.37
[2021.04.14-21.04.37:591][787]LogWorld: Bringing up level for play took: 0.001128
[2021.04.14-21.04.37:592][787]LogOnlineSession: Warning: OSS: No game present to join for session (GameSession)
[2021.04.14-21.04.37:593][787]LogTemp: Warning: Players: 1
[2021.04.14-21.04.37:594][787]LogTemp: Warning: Destroy Character
[2021.04.14-21.04.37:595][787]LogTemp: Warning: 0
[2021.04.14-21.04.37:596][787]LogLoad: Took 0.114558 seconds to LoadMap(/Game/Levels/Lobby)
[2021.04.14-21.04.43:190][616]LogNet: NotifyAcceptingConnection accepted from: 127.0.0.1:57387
[2021.04.14-21.04.43:190][616]LogHandshake: SendConnectChallenge. Timestamp: 5.713772, Cookie: 201113219223009084050185231232116215013107056158157144148128
[2021.04.14-21.04.43:214][617]LogNet: NotifyAcceptingConnection accepted from: 127.0.0.1:57387
[2021.04.14-21.04.43:214][617]LogHandshake: SendChallengeAck. InCookie: 201113219223009084050185231232116215013107056158157144148128
[2021.04.14-21.04.43:215][617]LogNet: Server accepting post-challenge connection from: 127.0.0.1:57387
[2021.04.14-21.04.43:216][617]PacketHandlerLog: Loaded PacketHandler component: Engine.EngineHandlerComponentFactory (StatelessConnectHandlerComponent)
[2021.04.14-21.04.43:216][617]LogNet: NotifyAcceptedConnection: Name: Lobby, TimeStamp: 04/14/21 22:04:43, [UNetConnection] RemoteAddr: 127.0.0.1:57387, Name: IpConnection_0, Driver: GameNetDriver IpNetDriver_0, IsServer: YES, PC: NULL, Owner: NULL, UniqueId: INVALID
[2021.04.14-21.04.43:216][617]LogNet: AddClientConnection: Added client connection: [UNetConnection] RemoteAddr: 127.0.0.1:57387, Name: IpConnection_0, Driver: GameNetDriver IpNetDriver_0, IsServer: YES, PC: NULL, Owner: NULL, UniqueId: INVALID
[2021.04.14-21.04.43:250][618]LogNet: NotifyAcceptingChannel Control 0 server World /Game/Levels/Lobby.Lobby: Accepted
[2021.04.14-21.04.43:250][618]LogNet: Remote platform little endian=1
[2021.04.14-21.04.43:260][618]LogNet: This platform little endian=1
[2021.04.14-21.04.43:260][618]LogNetVersion: GamesAssignmentTwo 1.0.0.0, NetCL: 13144385, EngineNetVer: 14, GameNetVer: 0 (Checksum: 1872474305)
[2021.04.14-21.04.43:282][619]LogNet: Login request: ?Name=Programming-PC-A7F719B348D3787CC1C6D2BEA430E65C userId: NULL:Programming-PC-A7F719B348D3787CC1C6D2BEA430E65C platform: NULL
[2021.04.14-21.04.43:409][664]LogNet: Client netspeed is 10000
[2021.04.14-21.04.43:409][664]LogNet: Join request: /Game/Levels/MainMenu?Name=Programming-PC-A7F719B348D3787CC1C6D2BEA430E65C?SplitscreenCount=1
[2021.04.14-21.04.43:410][664]LogOnlineSession: Warning: OSS: No game present to join for session (GameSession)
[2021.04.14-21.04.43:412][664]LogTemp: Warning: 0
[2021.04.14-21.04.43:412][664]LogTemp: Warning: Players: 2
[2021.04.14-21.04.43:413][664]LogNet: Join succeeded: Programming-PC-A7F71
[2021.04.14-21.04.53:426][101]LogGameMode: ProcessServerTravel: /Game/Levels/Gamelevel?listen
[2021.04.14-21.04.53:428][101]LogWorld: SeamlessTravel to: /Game/Levels/Gamelevel
[2021.04.14-21.04.53:442][102]LogWorld: BeginTearingDown for /Game/Levels/Lobby
[2021.04.14-21.04.53:443][102]LogWorld: UWorld::CleanupWorld for Lobby, bSessionEnded=false, bCleanupResources=true
[2021.04.14-21.04.53:444][102]LogSlate: InvalidateAllWidgets triggered.  All widgets were invalidated
[2021.04.14-21.04.53:458][102]LogAISub: UAISubsystem::~UAISubsystem AIPerceptionSystem (000001D5AAEA8A40), frame # 4102
[2021.04.14-21.04.53:458][102]LogAISub: UAISubsystem::~UAISubsystem EnvQueryManager (000001D5C9DB9000), frame # 4102
[2021.04.14-21.04.53:459][102]LogUObjectHash: Compacting FUObjectHashTables data took   0.69ms
[2021.04.14-21.04.53:460][102]LogStats:     SeamlessTravel FlushLevelStreaming  -  0.000 s
[2021.04.14-21.04.53:460][102]LogAIModule: Creating AISystem for world Untitled
[2021.04.14-21.04.53:460][102]LogAISub: UAISubsystem::UAISubsystem EnvQueryManager (000001D5D1F52600), frame # 4102
[2021.04.14-21.04.53:461][102]LogAISub: UAISubsystem::UAISubsystem AIPerceptionSystem (000001D5CA7142C0), frame # 4102
[2021.04.14-21.04.53:461][102]LogWorld: Bringing World /Temp/Untitled_1.Untitled up for play (max tick rate 0) at 2021.04.14-22.04.53
[2021.04.14-21.04.53:462][102]LogWorld: Bringing up level for play took: 0.000467
[2021.04.14-21.04.53:463][102]LogWorld: Sending NotifyLoadedWorld for LP: LocalPlayer_0 PC: BP_MainPlayerController_C_0
[2021.04.14-21.04.53:463][102]LogNet: Verbose: NotifyLoadedWorld Begin
[2021.04.14-21.04.53:463][102]LogNet: VeryVerbose: GetFunctionCallspace Server calling Server function: ServerNotifyLoadedWorld Local
[2021.04.14-21.04.53:464][102]LogNet: Verbose: NotifyLoadedWorld End
[2021.04.14-21.04.53:464][102]LogWorld: StartLoadingDestination to: /Game/Levels/Gamelevel
[2021.04.14-21.04.53:543][106]LogWorld: BeginTearingDown for /Temp/Untitled_1
[2021.04.14-21.04.53:543][106]LogWorld: UWorld::CleanupWorld for Untitled, bSessionEnded=true, bCleanupResources=true
[2021.04.14-21.04.53:544][106]LogSlate: InvalidateAllWidgets triggered.  All widgets were invalidated
[2021.04.14-21.04.53:586][106]LogAISub: UAISubsystem::~UAISubsystem AIPerceptionSystem (000001D5CA7142C0), frame # 4106
[2021.04.14-21.04.53:586][106]LogAISub: UAISubsystem::~UAISubsystem EnvQueryManager (000001D5D1F52600), frame # 4106
[2021.04.14-21.04.53:588][106]LogUObjectHash: Compacting FUObjectHashTables data took   0.75ms
[2021.04.14-21.04.53:589][106]LogAIModule: Creating AISystem for world GameLevel
[2021.04.14-21.04.53:589][106]LogAISub: UAISubsystem::UAISubsystem EnvQueryManager (000001D5A8457C00), frame # 4106
[2021.04.14-21.04.53:589][106]LogAISub: UAISubsystem::UAISubsystem AIPerceptionSystem (000001D5D1E3A700), frame # 4106
[2021.04.14-21.04.53:594][106]LogLoad: Game class is 'BP_GamesAssignmentTwoGameModeBse_C'
[2021.04.14-21.04.53:594][106]LogStats:     SeamlessTravel FlushLevelStreaming  -  0.000 s
[2021.04.14-21.04.53:596][106]LogWorld: Bringing World /Game/Levels/Gamelevel.GameLevel up for play (max tick rate 0) at 2021.04.14-22.04.53
[2021.04.14-21.04.53:596][106]LogWorld: Bringing up level for play took: 0.002114
[2021.04.14-21.04.53:597][106]LogWorld: Sending NotifyLoadedWorld for LP: LocalPlayer_0 PC: BP_MainPlayerController_C_0
[2021.04.14-21.04.53:597][106]LogNet: Verbose: NotifyLoadedWorld Begin
[2021.04.14-21.04.53:597][106]LogNet: VeryVerbose: GetFunctionCallspace Server calling Server function: ServerNotifyLoadedWorld Local
[2021.04.14-21.04.53:597][106]LogNet: Verbose: NotifyLoadedWorld End
[2021.04.14-21.04.53:598][106]LogWorld: ----SeamlessTravel finished in 0.17 seconds ------
[2021.04.14-21.04.53:600][106]LogTemp: Warning: Destroy Character
[2021.04.14-21.04.53:601][106]PIE: Error: Only Local Player Controllers can be assigned to widgets. BP_MainPlayerController_C_1 is not a Local Player Controller.
[2021.04.14-21.04.53:601][106]LogScript: Warning: Accessed None trying to read property CallFunc_Create_ReturnValue
	GameLevel_C /Game/Levels/Gamelevel.GameLevel:PersistentLevel.GameLevel_C_2
	Function /Game/Levels/Gamelevel.GameLevel_C:ExecuteUbergraph_GameLevel:01F1
[2021.04.14-21.04.53:602][106]LogScript: Warning: Script call stack:
	Function /Game/Levels/Gamelevel.GameLevel_C:ReceiveBeginPlay
	Function /Game/Levels/Gamelevel.GameLevel_C:ExecuteUbergraph_GameLevel

[2021.04.14-21.04.53:630][110]LogTemp: Warning: 4
