Log file open, 04/14/21 22:09:19
LogInit: Display: Running engine for game: GamesAssignmentTwo
LogPlatformFile: Not using cached read wrapper
LogTaskGraph: Started task graph with 5 named threads and 71 total threads with 3 sets of task threads.
LogStats: Stats thread started at 0.191517
LogD3D11RHI: Loaded GFSDK_Aftermath_Lib.x64.dll
LogICUInternationalization: ICU TimeZone Detection - Raw Offset: +0:00, Platform Override: ''
LogPluginManager: Mounting plugin Paper2D
LogPluginManager: Mounting plugin AISupport
LogPluginManager: Mounting plugin LightPropagationVolume
LogPluginManager: Mounting plugin CameraShakePreviewer
LogPluginManager: Mounting plugin ActorLayerUtilities
LogPluginManager: Mounting plugin AnimationSharing
LogPluginManager: Mounting plugin CLionSourceCodeAccess
LogPluginManager: Mounting plugin CodeLiteSourceCodeAccess
LogPluginManager: Mounting plugin GitSourceControl
LogPluginManager: Mounting plugin KDevelopSourceCodeAccess
LogPluginManager: Mounting plugin NullSourceCodeAccess
LogPluginManager: Mounting plugin PerforceSourceControl
LogPluginManager: Mounting plugin PlasticSourceControl
LogPluginManager: Mounting plugin RiderSourceCodeAccess
LogPluginManager: Mounting plugin SubversionSourceControl
LogPluginManager: Mounting plugin UObjectPlugin
LogPluginManager: Mounting plugin VisualStudioCodeSourceCodeAccess
LogPluginManager: Mounting plugin VisualStudioSourceCodeAccess
LogPluginManager: Mounting plugin XCodeSourceCodeAccess
LogPluginManager: Mounting plugin AssetManagerEditor
LogPluginManager: Mounting plugin CryptoKeys
LogPluginManager: Mounting plugin CurveEditorTools
LogPluginManager: Mounting plugin DataValidation
LogPluginManager: Mounting plugin EditorScriptingUtilities
LogPluginManager: Mounting plugin FacialAnimation
LogPluginManager: Mounting plugin GameplayTagsEditor
LogPluginManager: Mounting plugin GeometryMode
LogPluginManager: Mounting plugin MacGraphicsSwitching
LogPluginManager: Mounting plugin MaterialAnalyzer
LogPluginManager: Mounting plugin MobileLauncherProfileWizard
LogPluginManager: Mounting plugin PluginBrowser
LogPluginManager: Mounting plugin SpeedTreeImporter
LogPluginManager: Mounting plugin DatasmithContent
LogPluginManager: Mounting plugin VariantManagerContent
LogPluginManager: Mounting plugin AlembicImporter
LogPluginManager: Mounting plugin AutomationUtils
LogPluginManager: Mounting plugin BackChannel
LogPluginManager: Mounting plugin ChaosCloth
LogPluginManager: Mounting plugin ChaosClothEditor
LogPluginManager: Mounting plugin ChaosEditor
LogPluginManager: Mounting plugin ChaosNiagara
LogPluginManager: Mounting plugin ChaosSolverPlugin
LogPluginManager: Mounting plugin CharacterAI
LogPluginManager: Mounting plugin GeometryCache
LogPluginManager: Mounting plugin GeometryCollectionPlugin
LogPluginManager: Mounting plugin GeometryProcessing
LogPluginManager: Mounting plugin PlanarCut
LogPluginManager: Mounting plugin PlatformCrypto
LogPluginManager: Mounting plugin ProxyLODPlugin
LogPluginManager: Mounting plugin SkeletalReduction
LogPluginManager: Mounting plugin Niagara
LogPluginManager: Mounting plugin NiagaraExtras
LogPluginManager: Mounting plugin MagicLeap
LogPluginManager: Mounting plugin MagicLeapLightEstimation
LogPluginManager: Mounting plugin MagicLeapMedia
LogPluginManager: Mounting plugin MagicLeapPassableWorld
LogPluginManager: Mounting plugin MLSDK
LogPluginManager: Mounting plugin AndroidMedia
LogPluginManager: Mounting plugin AvfMedia
LogPluginManager: Mounting plugin ImgMedia
LogPluginManager: Mounting plugin MediaCompositing
LogPluginManager: Mounting plugin MediaPlayerEditor
LogPluginManager: Mounting plugin WebMMedia
LogPluginManager: Mounting plugin WmfMedia
LogPluginManager: Mounting plugin MeshPainting
LogPluginManager: Mounting plugin TcpMessaging
LogPluginManager: Mounting plugin UdpMessaging
LogPluginManager: Mounting plugin ActorSequence
LogPluginManager: Mounting plugin LevelSequenceEditor
LogPluginManager: Mounting plugin MatineeToLevelSequence
LogPluginManager: Mounting plugin MovieRenderPipeline
LogPluginManager: Mounting plugin TemplateSequence
LogPluginManager: Mounting plugin NetcodeUnitTest
LogPluginManager: Mounting plugin NUTUnrealEngine4
LogPluginManager: Mounting plugin OnlineSubsystemGooglePlay
LogPluginManager: Mounting plugin OnlineSubsystemIOS
LogPluginManager: Mounting plugin OnlineSubsystem
LogPluginManager: Mounting plugin OnlineSubsystemNull
LogPluginManager: Mounting plugin OnlineSubsystemUtils
LogPluginManager: Mounting plugin LauncherChunkInstaller
LogPluginManager: Mounting plugin AndroidDeviceProfileSelector
LogPluginManager: Mounting plugin AndroidMoviePlayer
LogPluginManager: Mounting plugin AndroidPermission
LogPluginManager: Mounting plugin AppleImageUtils
LogPluginManager: Mounting plugin AppleMoviePlayer
LogPluginManager: Mounting plugin ArchVisCharacter
LogPluginManager: Mounting plugin AssetTags
LogPluginManager: Mounting plugin AudioCapture
LogPluginManager: Mounting plugin CableComponent
LogPluginManager: Mounting plugin CustomMeshComponent
LogPluginManager: Mounting plugin EditableMesh
LogPluginManager: Mounting plugin ExampleDeviceProfileSelector
LogPluginManager: Mounting plugin GoogleCloudMessaging
LogPluginManager: Mounting plugin GooglePAD
LogPluginManager: Mounting plugin IOSDeviceProfileSelector
LogPluginManager: Mounting plugin LinuxDeviceProfileSelector
LogPluginManager: Mounting plugin LocationServicesBPLibrary
LogPluginManager: Mounting plugin MobilePatchingUtils
LogPluginManager: Mounting plugin OculusVR
LogPluginManager: Mounting plugin PhysXVehicles
LogPluginManager: Mounting plugin PostSplashScreen
LogPluginManager: Mounting plugin ProceduralMeshComponent
LogPluginManager: Mounting plugin RuntimePhysXCooking
LogPluginManager: Mounting plugin SignificanceManager
LogPluginManager: Mounting plugin SoundFields
LogPluginManager: Mounting plugin SteamVR
LogPluginManager: Mounting plugin Synthesis
LogPluginManager: Mounting plugin WebMMoviePlayer
LogPluginManager: Mounting plugin WindowsMoviePlayer
LogPluginManager: Mounting plugin ScreenshotTools
LogInit: Using libcurl 7.55.1-DEV
LogInit:  - built for x86_64-pc-win32
LogInit:  - supports SSL with OpenSSL/1.1.1
LogInit:  - supports HTTP deflate (compression) using libz 1.2.8
LogInit:  - other features:
LogInit:      CURL_VERSION_SSL
LogInit:      CURL_VERSION_LIBZ
LogInit:      CURL_VERSION_IPV6
LogInit:      CURL_VERSION_ASYNCHDNS
LogInit:      CURL_VERSION_LARGEFILE
LogInit:      CURL_VERSION_IDN
LogInit:  CurlRequestOptions (configurable via config and command line):
LogInit:  - bVerifyPeer = true  - Libcurl will verify peer certificate
LogInit:  - bUseHttpProxy = false  - Libcurl will NOT use HTTP proxy
LogInit:  - bDontReuseConnections = false  - Libcurl will reuse connections
LogInit:  - MaxHostConnections = 16  - Libcurl will limit the number of connections to a host
LogInit:  - LocalHostAddr = Default
LogInit:  - BufferSize = 65536
LogOnline: OSS: Creating online subsystem instance for: NULL
LogInit: WinSock: version 1.1 (2.2), MaxSocks=32767, MaxUdp=65467
LogOnline: OSS: TryLoadSubsystemAndSetDefault: Loaded subsystem for module [NULL]
LogInit: Build: ++UE4+Release-4.25-CL-14469661
LogInit: Engine Version: 4.25.4-14469661+++UE4+Release-4.25
LogInit: Compatible Engine Version: 4.25.0-13144385+++UE4+Release-4.25
LogInit: Net CL: 13144385
LogInit: OS: Windows 10 (Release 2009) (), CPU: AMD Ryzen 9 3900X 12-Core Processor            , GPU: NVIDIA GeForce GTX 1060 6GB
LogInit: Compiled (64-bit): Oct 11 2020 08:10:49
LogInit: Compiled with Visual C++: 19.24.28315.00
LogInit: Build Configuration: Development
LogInit: Branch Name: ++UE4+Release-4.25
LogInit: Command Line: -log -game
LogInit: Base Directory: E:/UNREAL ENGINE/UE_4.25/Engine/Binaries/Win64/
LogInit: Allocator: TBB
LogInit: Installed Engine Build: 1
LogDevObjectVersion: Number of dev versions registered: 26
LogDevObjectVersion:   Dev-Blueprints (B0D832E4-1F89-4F0D-ACCF-7EB736FD4AA2): 10
LogDevObjectVersion:   Dev-Build (E1C64328-A22C-4D53-A36C-8E866417BD8C): 0
LogDevObjectVersion:   Dev-Core (375EC13C-06E4-48FB-B500-84F0262A717E): 4
LogDevObjectVersion:   Dev-Editor (E4B068ED-F494-42E9-A231-DA0B2E46BB41): 38
LogDevObjectVersion:   Dev-Framework (CFFC743F-43B0-4480-9391-14DF171D2073): 37
LogDevObjectVersion:   Dev-Mobile (B02B49B5-BB20-44E9-A304-32B752E40360): 2
LogDevObjectVersion:   Dev-Networking (A4E4105C-59A1-49B5-A7C5-40C4547EDFEE): 0
LogDevObjectVersion:   Dev-Online (39C831C9-5AE6-47DC-9A44-9C173E1C8E7C): 0
LogDevObjectVersion:   Dev-Physics (78F01B33-EBEA-4F98-B9B4-84EACCB95AA2): 4
LogDevObjectVersion:   Dev-Platform (6631380F-2D4D-43E0-8009-CF276956A95A): 0
LogDevObjectVersion:   Dev-Rendering (12F88B9F-8875-4AFC-A67C-D90C383ABD29): 43
LogDevObjectVersion:   Dev-Sequencer (7B5AE74C-D270-4C10-A958-57980B212A5A): 12
LogDevObjectVersion:   Dev-VR (D7296918-1DD6-4BDD-9DE2-64A83CC13884): 3
LogDevObjectVersion:   Dev-LoadTimes (C2A15278-BFE7-4AFE-6C17-90FF531DF755): 1
LogDevObjectVersion:   Private-Geometry (6EACA3D4-40EC-4CC1-B786-8BED09428FC5): 3
LogDevObjectVersion:   Dev-AnimPhys (29E575DD-E0A3-4627-9D10-D276232CDCEA): 17
LogDevObjectVersion:   Dev-Anim (AF43A65D-7FD3-4947-9873-3E8ED9C1BB05): 7
LogDevObjectVersion:   Dev-ReflectionCapture (6B266CEC-1EC7-4B8F-A30B-E4D90942FC07): 1
LogDevObjectVersion:   Dev-Automation (0DF73D61-A23F-47EA-B727-89E90C41499A): 1
LogDevObjectVersion:   FortniteMain (601D1886-AC64-4F84-AA16-D3DE0DEAC7D6): 31
LogDevObjectVersion:   Dev-Enterprise (9DFFBCD6-494F-0158-E221-12823C92A888): 10
LogDevObjectVersion:   Dev-Niagara (F2AED0AC-9AFE-416F-8664-AA7FFA26D6FC): 1
LogDevObjectVersion:   Dev-Destruction (174F1F0B-B4C6-45A5-B13F-2EE8D0FB917D): 10
LogDevObjectVersion:   Dev-Physics-Ext (35F94A83-E258-406C-A318-09F59610247C): 37
LogDevObjectVersion:   Dev-PhysicsMaterial-Chaos (B68FC16E-8B1B-42E2-B453-215C058844FE): 1
LogDevObjectVersion:   Dev-CineCamera (B2E18506-4273-CFC2-A54E-F4BB758BBA07): 1
LogInit: Presizing for max 25165824 objects, including 0 objects not considered by GC, pre-allocating 0 bytes for permanent pool.
LogConfig: Applying CVar settings from Section [/Script/Engine.StreamingSettings] File [C:/Users/aveng/Documents/GitHub/GamesAssignment2-SecondYear/Games Assignment Two/GamesAssignmentTwo/Saved/Config/Windows/Engine.ini]
LogConfig: Setting CVar [[s.MinBulkDataSizeForAsyncLoading:131072]]
LogConfig: Setting CVar [[s.AsyncLoadingThreadEnabled:0]]
LogConfig: Setting CVar [[s.EventDrivenLoaderEnabled:1]]
LogConfig: Setting CVar [[s.WarnIfTimeLimitExceeded:0]]
LogConfig: Setting CVar [[s.TimeLimitExceededMultiplier:1.5]]
LogConfig: Setting CVar [[s.TimeLimitExceededMinTime:0.005]]
LogConfig: Setting CVar [[s.UseBackgroundLevelStreaming:1]]
LogConfig: Setting CVar [[s.PriorityAsyncLoadingExtraTime:15.0]]
LogConfig: Setting CVar [[s.LevelStreamingActorsUpdateTimeLimit:5.0]]
LogConfig: Setting CVar [[s.PriorityLevelStreamingActorsUpdateExtraTime:5.0]]
LogConfig: Setting CVar [[s.LevelStreamingComponentsRegistrationGranularity:10]]
LogConfig: Setting CVar [[s.UnregisterComponentsTimeLimit:1.0]]
LogConfig: Setting CVar [[s.LevelStreamingComponentsUnregistrationGranularity:5]]
LogConfig: Setting CVar [[s.FlushStreamingOnExit:1]]
LogInit: Object subsystem initialized
LogConfig: Setting CVar [[con.DebugEarlyDefault:1]]
LogConfig: Setting CVar [[r.setres:1280x720]]
[2021.04.14-21.09.19:690][  0]LogConfig: Setting CVar [[con.DebugEarlyDefault:1]]
[2021.04.14-21.09.19:691][  0]LogConfig: Setting CVar [[r.setres:1280x720]]
[2021.04.14-21.09.19:691][  0]LogConfig: Applying CVar settings from Section [/Script/Engine.RendererSettings] File [C:/Users/aveng/Documents/GitHub/GamesAssignment2-SecondYear/Games Assignment Two/GamesAssignmentTwo/Saved/Config/Windows/Engine.ini]
[2021.04.14-21.09.19:691][  0]LogConfig: Setting CVar [[r.GPUCrashDebugging:0]]
[2021.04.14-21.09.19:692][  0]LogConfig: Applying CVar settings from Section [/Script/Engine.RendererOverrideSettings] File [C:/Users/aveng/Documents/GitHub/GamesAssignment2-SecondYear/Games Assignment Two/GamesAssignmentTwo/Saved/Config/Windows/Engine.ini]
[2021.04.14-21.09.19:692][  0]LogConfig: Applying CVar settings from Section [/Script/Engine.StreamingSettings] File [C:/Users/aveng/Documents/GitHub/GamesAssignment2-SecondYear/Games Assignment Two/GamesAssignmentTwo/Saved/Config/Windows/Engine.ini]
[2021.04.14-21.09.19:692][  0]LogConfig: Setting CVar [[s.MinBulkDataSizeForAsyncLoading:131072]]
[2021.04.14-21.09.19:693][  0]LogConfig: Setting CVar [[s.AsyncLoadingThreadEnabled:0]]
[2021.04.14-21.09.19:693][  0]LogConfig: Setting CVar [[s.EventDrivenLoaderEnabled:1]]
[2021.04.14-21.09.19:694][  0]LogConfig: Setting CVar [[s.WarnIfTimeLimitExceeded:0]]
[2021.04.14-21.09.19:694][  0]LogConfig: Setting CVar [[s.TimeLimitExceededMultiplier:1.5]]
[2021.04.14-21.09.19:694][  0]LogConfig: Setting CVar [[s.TimeLimitExceededMinTime:0.005]]
[2021.04.14-21.09.19:695][  0]LogConfig: Setting CVar [[s.UseBackgroundLevelStreaming:1]]
[2021.04.14-21.09.19:695][  0]LogConfig: Setting CVar [[s.PriorityAsyncLoadingExtraTime:15.0]]
[2021.04.14-21.09.19:695][  0]LogConfig: Setting CVar [[s.LevelStreamingActorsUpdateTimeLimit:5.0]]
[2021.04.14-21.09.19:696][  0]LogConfig: Setting CVar [[s.PriorityLevelStreamingActorsUpdateExtraTime:5.0]]
[2021.04.14-21.09.19:698][  0]LogConfig: Setting CVar [[s.LevelStreamingComponentsRegistrationGranularity:10]]
[2021.04.14-21.09.19:699][  0]LogConfig: Setting CVar [[s.UnregisterComponentsTimeLimit:1.0]]
[2021.04.14-21.09.19:700][  0]LogConfig: Setting CVar [[s.LevelStreamingComponentsUnregistrationGranularity:5]]
[2021.04.14-21.09.19:700][  0]LogConfig: Setting CVar [[s.FlushStreamingOnExit:1]]
[2021.04.14-21.09.19:701][  0]LogConfig: Applying CVar settings from Section [/Script/Engine.GarbageCollectionSettings] File [C:/Users/aveng/Documents/GitHub/GamesAssignment2-SecondYear/Games Assignment Two/GamesAssignmentTwo/Saved/Config/Windows/Engine.ini]
[2021.04.14-21.09.19:701][  0]LogConfig: Setting CVar [[gc.MaxObjectsNotConsideredByGC:1]]
[2021.04.14-21.09.19:701][  0]LogConfig: Setting CVar [[gc.SizeOfPermanentObjectPool:0]]
[2021.04.14-21.09.19:702][  0]LogConfig: Setting CVar [[gc.FlushStreamingOnGC:0]]
[2021.04.14-21.09.19:702][  0]LogConfig: Setting CVar [[gc.NumRetriesBeforeForcingGC:10]]
[2021.04.14-21.09.19:702][  0]LogConfig: Setting CVar [[gc.AllowParallelGC:1]]
[2021.04.14-21.09.19:703][  0]LogConfig: Setting CVar [[gc.TimeBetweenPurgingPendingKillObjects:61.1]]
[2021.04.14-21.09.19:703][  0]LogConfig: Setting CVar [[gc.MaxObjectsInEditor:25165824]]
[2021.04.14-21.09.19:703][  0]LogConfig: Setting CVar [[gc.IncrementalBeginDestroyEnabled:1]]
[2021.04.14-21.09.19:704][  0]LogConfig: Setting CVar [[gc.CreateGCClusters:1]]
[2021.04.14-21.09.19:704][  0]LogConfig: Setting CVar [[gc.MinGCClusterSize:5]]
[2021.04.14-21.09.19:704][  0]LogConfig: Setting CVar [[gc.ActorClusteringEnabled:0]]
[2021.04.14-21.09.19:705][  0]LogConfig: Setting CVar [[gc.BlueprintClusteringEnabled:0]]
[2021.04.14-21.09.19:705][  0]LogConfig: Setting CVar [[gc.UseDisregardForGCOnDedicatedServers:0]]
[2021.04.14-21.09.19:706][  0]LogConfig: Applying CVar settings from Section [/Script/Engine.NetworkSettings] File [C:/Users/aveng/Documents/GitHub/GamesAssignment2-SecondYear/Games Assignment Two/GamesAssignmentTwo/Saved/Config/Windows/Engine.ini]
[2021.04.14-21.09.19:706][  0]LogConfig: Applying CVar settings from Section [/Script/UnrealEd.CookerSettings] File [C:/Users/aveng/Documents/GitHub/GamesAssignment2-SecondYear/Games Assignment Two/GamesAssignmentTwo/Saved/Config/Windows/Engine.ini]
[2021.04.14-21.09.19:710][  0]LogConfig: Applying CVar settings from Section [ViewDistanceQuality@3] File [C:/Users/aveng/Documents/GitHub/GamesAssignment2-SecondYear/Games Assignment Two/GamesAssignmentTwo/Saved/Config/Windows/Scalability.ini]
[2021.04.14-21.09.19:710][  0]LogConfig: Setting CVar [[r.SkeletalMeshLODBias:0]]
[2021.04.14-21.09.19:710][  0]LogConfig: Setting CVar [[r.ViewDistanceScale:1.0]]
[2021.04.14-21.09.19:710][  0]LogConfig: Applying CVar settings from Section [AntiAliasingQuality@3] File [C:/Users/aveng/Documents/GitHub/GamesAssignment2-SecondYear/Games Assignment Two/GamesAssignmentTwo/Saved/Config/Windows/Scalability.ini]
[2021.04.14-21.09.19:711][  0]LogConfig: Setting CVar [[r.PostProcessAAQuality:4]]
[2021.04.14-21.09.19:711][  0]LogConfig: Applying CVar settings from Section [ShadowQuality@3] File [C:/Users/aveng/Documents/GitHub/GamesAssignment2-SecondYear/Games Assignment Two/GamesAssignmentTwo/Saved/Config/Windows/Scalability.ini]
[2021.04.14-21.09.19:711][  0]LogConfig: Setting CVar [[r.LightFunctionQuality:1]]
[2021.04.14-21.09.19:712][  0]LogConfig: Setting CVar [[r.ShadowQuality:5]]
[2021.04.14-21.09.19:712][  0]LogConfig: Setting CVar [[r.Shadow.CSM.MaxCascades:10]]
[2021.04.14-21.09.19:713][  0]LogConfig: Setting CVar [[r.Shadow.MaxResolution:2048]]
[2021.04.14-21.09.19:713][  0]LogConfig: Setting CVar [[r.Shadow.MaxCSMResolution:2048]]
[2021.04.14-21.09.19:713][  0]LogConfig: Setting CVar [[r.Shadow.RadiusThreshold:0.01]]
[2021.04.14-21.09.19:713][  0]LogConfig: Setting CVar [[r.Shadow.DistanceScale:1.0]]
[2021.04.14-21.09.19:714][  0]LogConfig: Setting CVar [[r.Shadow.CSM.TransitionScale:1.0]]
[2021.04.14-21.09.19:714][  0]LogConfig: Setting CVar [[r.Shadow.PreShadowResolutionFactor:1.0]]
[2021.04.14-21.09.19:715][  0]LogConfig: Setting CVar [[r.DistanceFieldShadowing:1]]
[2021.04.14-21.09.19:715][  0]LogConfig: Setting CVar [[r.DistanceFieldAO:1]]
[2021.04.14-21.09.19:716][  0]LogConfig: Setting CVar [[r.AOQuality:2]]
[2021.04.14-21.09.19:716][  0]LogConfig: Setting CVar [[r.VolumetricFog:1]]
[2021.04.14-21.09.19:717][  0]LogConfig: Setting CVar [[r.VolumetricFog.GridPixelSize:8]]
[2021.04.14-21.09.19:717][  0]LogConfig: Setting CVar [[r.VolumetricFog.GridSizeZ:128]]
[2021.04.14-21.09.19:718][  0]LogConfig: Setting CVar [[r.VolumetricFog.HistoryMissSupersampleCount:4]]
[2021.04.14-21.09.19:719][  0]LogConfig: Setting CVar [[r.LightMaxDrawDistanceScale:1]]
[2021.04.14-21.09.19:720][  0]LogConfig: Setting CVar [[r.CapsuleShadows:1]]
[2021.04.14-21.09.19:720][  0]LogConfig: Applying CVar settings from Section [PostProcessQuality@3] File [C:/Users/aveng/Documents/GitHub/GamesAssignment2-SecondYear/Games Assignment Two/GamesAssignmentTwo/Saved/Config/Windows/Scalability.ini]
[2021.04.14-21.09.19:720][  0]LogConfig: Setting CVar [[r.MotionBlurQuality:4]]
[2021.04.14-21.09.19:721][  0]LogConfig: Setting CVar [[r.AmbientOcclusionMipLevelFactor:0.4]]
[2021.04.14-21.09.19:721][  0]LogConfig: Setting CVar [[r.AmbientOcclusionMaxQuality:100]]
[2021.04.14-21.09.19:722][  0]LogConfig: Setting CVar [[r.AmbientOcclusionLevels:-1]]
[2021.04.14-21.09.19:722][  0]LogConfig: Setting CVar [[r.AmbientOcclusionRadiusScale:1.0]]
[2021.04.14-21.09.19:722][  0]LogConfig: Setting CVar [[r.DepthOfFieldQuality:2]]
[2021.04.14-21.09.19:723][  0]LogConfig: Setting CVar [[r.RenderTargetPoolMin:400]]
[2021.04.14-21.09.19:723][  0]LogConfig: Setting CVar [[r.LensFlareQuality:2]]
[2021.04.14-21.09.19:723][  0]LogConfig: Setting CVar [[r.SceneColorFringeQuality:1]]
[2021.04.14-21.09.19:724][  0]LogConfig: Setting CVar [[r.EyeAdaptationQuality:2]]
[2021.04.14-21.09.19:724][  0]LogConfig: Setting CVar [[r.BloomQuality:5]]
[2021.04.14-21.09.19:724][  0]LogConfig: Setting CVar [[r.FastBlurThreshold:100]]
[2021.04.14-21.09.19:725][  0]LogConfig: Setting CVar [[r.Upscale.Quality:3]]
[2021.04.14-21.09.19:725][  0]LogConfig: Setting CVar [[r.Tonemapper.GrainQuantization:1]]
[2021.04.14-21.09.19:726][  0]LogConfig: Setting CVar [[r.LightShaftQuality:1]]
[2021.04.14-21.09.19:726][  0]LogConfig: Setting CVar [[r.Filter.SizeScale:1]]
[2021.04.14-21.09.19:726][  0]LogConfig: Setting CVar [[r.Tonemapper.Quality:5]]
[2021.04.14-21.09.19:726][  0]LogConfig: Setting CVar [[r.DOF.Gather.AccumulatorQuality:1        ; higher gathering accumulator quality]]
[2021.04.14-21.09.19:727][  0]LogConfig: Setting CVar [[r.DOF.Gather.PostfilterMethod:1          ; Median3x3 postfilering method]]
[2021.04.14-21.09.19:727][  0]LogConfig: Setting CVar [[r.DOF.Gather.EnableBokehSettings:0       ; no bokeh simulation when gathering]]
[2021.04.14-21.09.19:728][  0]LogConfig: Setting CVar [[r.DOF.Gather.RingCount:4                 ; medium number of samples when gathering]]
[2021.04.14-21.09.19:730][  0]LogConfig: Setting CVar [[r.DOF.Scatter.ForegroundCompositing:1    ; additive foreground scattering]]
[2021.04.14-21.09.19:730][  0]LogConfig: Setting CVar [[r.DOF.Scatter.BackgroundCompositing:2    ; additive background scattering]]
[2021.04.14-21.09.19:730][  0]LogConfig: Setting CVar [[r.DOF.Scatter.EnableBokehSettings:1      ; bokeh simulation when scattering]]
[2021.04.14-21.09.19:731][  0]LogConfig: Setting CVar [[r.DOF.Scatter.MaxSpriteRatio:0.1         ; only a maximum of 10% of scattered bokeh]]
[2021.04.14-21.09.19:731][  0]LogConfig: Setting CVar [[r.DOF.Recombine.Quality:1                ; cheap slight out of focus]]
[2021.04.14-21.09.19:731][  0]LogConfig: Setting CVar [[r.DOF.Recombine.EnableBokehSettings:0    ; no bokeh simulation on slight out of focus]]
[2021.04.14-21.09.19:732][  0]LogConfig: Setting CVar [[r.DOF.TemporalAAQuality:1                ; more stable temporal accumulation]]
[2021.04.14-21.09.19:732][  0]LogConfig: Setting CVar [[r.DOF.Kernel.MaxForegroundRadius:0.025]]
[2021.04.14-21.09.19:732][  0]LogConfig: Setting CVar [[r.DOF.Kernel.MaxBackgroundRadius:0.025]]
[2021.04.14-21.09.19:733][  0]LogConfig: Applying CVar settings from Section [TextureQuality@3] File [C:/Users/aveng/Documents/GitHub/GamesAssignment2-SecondYear/Games Assignment Two/GamesAssignmentTwo/Saved/Config/Windows/Scalability.ini]
[2021.04.14-21.09.19:733][  0]LogConfig: Setting CVar [[r.Streaming.MipBias:0]]
[2021.04.14-21.09.19:733][  0]LogConfig: Setting CVar [[r.Streaming.AmortizeCPUToGPUCopy:0]]
[2021.04.14-21.09.19:734][  0]LogConfig: Setting CVar [[r.Streaming.MaxNumTexturesToStreamPerFrame:0]]
[2021.04.14-21.09.19:734][  0]LogConfig: Setting CVar [[r.Streaming.Boost:1]]
[2021.04.14-21.09.19:735][  0]LogConfig: Setting CVar [[r.MaxAnisotropy:8]]
[2021.04.14-21.09.19:735][  0]LogConfig: Setting CVar [[r.VT.MaxAnisotropy:8]]
[2021.04.14-21.09.19:735][  0]LogConfig: Setting CVar [[r.Streaming.LimitPoolSizeToVRAM:0]]
[2021.04.14-21.09.19:736][  0]LogConfig: Setting CVar [[r.Streaming.PoolSize:1000]]
[2021.04.14-21.09.19:736][  0]LogConfig: Setting CVar [[r.Streaming.MaxEffectiveScreenSize:0]]
[2021.04.14-21.09.19:736][  0]LogConfig: Applying CVar settings from Section [EffectsQuality@3] File [C:/Users/aveng/Documents/GitHub/GamesAssignment2-SecondYear/Games Assignment Two/GamesAssignmentTwo/Saved/Config/Windows/Scalability.ini]
[2021.04.14-21.09.19:737][  0]LogConfig: Setting CVar [[r.TranslucencyLightingVolumeDim:64]]
[2021.04.14-21.09.19:737][  0]LogConfig: Setting CVar [[r.RefractionQuality:2]]
[2021.04.14-21.09.19:737][  0]LogConfig: Setting CVar [[r.SSR.Quality:3]]
[2021.04.14-21.09.19:738][  0]LogConfig: Setting CVar [[r.SSR.HalfResSceneColor:0]]
[2021.04.14-21.09.19:738][  0]LogConfig: Setting CVar [[r.SceneColorFormat:4]]
[2021.04.14-21.09.19:738][  0]LogConfig: Setting CVar [[r.DetailMode:2]]
[2021.04.14-21.09.19:739][  0]LogConfig: Setting CVar [[r.TranslucencyVolumeBlur:1]]
[2021.04.14-21.09.19:741][  0]LogConfig: Setting CVar [[r.MaterialQualityLevel:1 ; High quality]]
[2021.04.14-21.09.19:741][  0]LogConfig: Setting CVar [[r.SSS.Scale:1]]
[2021.04.14-21.09.19:742][  0]LogConfig: Setting CVar [[r.SSS.SampleSet:2]]
[2021.04.14-21.09.19:742][  0]LogConfig: Setting CVar [[r.SSS.Quality:1]]
[2021.04.14-21.09.19:742][  0]LogConfig: Setting CVar [[r.SSS.HalfRes:0]]
[2021.04.14-21.09.19:742][  0]LogConfig: Setting CVar [[r.SSGI.Quality:3]]
[2021.04.14-21.09.19:743][  0]LogConfig: Setting CVar [[r.EmitterSpawnRateScale:1.0]]
[2021.04.14-21.09.19:743][  0]LogConfig: Setting CVar [[r.ParticleLightQuality:2]]
[2021.04.14-21.09.19:744][  0]LogConfig: Setting CVar [[r.SkyAtmosphere.AerialPerspectiveLUT.FastApplyOnOpaque:1 ; Always have FastSkyLUT 1 in this case to avoid wrong sky]]
[2021.04.14-21.09.19:744][  0]LogConfig: Setting CVar [[r.SkyAtmosphere.AerialPerspectiveLUT.SampleCountPerSlice:1]]
[2021.04.14-21.09.19:745][  0]LogConfig: Setting CVar [[r.SkyAtmosphere.AerialPerspectiveLUT.DepthResolution:16.0]]
[2021.04.14-21.09.19:746][  0]LogConfig: Setting CVar [[r.SkyAtmosphere.FastSkyLUT:1]]
[2021.04.14-21.09.19:746][  0]LogConfig: Setting CVar [[r.SkyAtmosphere.FastSkyLUT.SampleCountMin:4.0]]
[2021.04.14-21.09.19:747][  0]LogConfig: Setting CVar [[r.SkyAtmosphere.FastSkyLUT.SampleCountMax:32.0]]
[2021.04.14-21.09.19:748][  0]LogConfig: Setting CVar [[r.SkyAtmosphere.SampleCountMin:4.0]]
[2021.04.14-21.09.19:748][  0]LogConfig: Setting CVar [[r.SkyAtmosphere.SampleCountMax:32.0]]
[2021.04.14-21.09.19:749][  0]LogConfig: Setting CVar [[r.SkyAtmosphere.TransmittanceLUT.UseSmallFormat:0]]
[2021.04.14-21.09.19:749][  0]LogConfig: Setting CVar [[r.SkyAtmosphere.TransmittanceLUT.SampleCount:10.0]]
[2021.04.14-21.09.19:750][  0]LogConfig: Setting CVar [[r.SkyAtmosphere.MultiScatteringLUT.SampleCount:15.0]]
[2021.04.14-21.09.19:752][  0]LogConfig: Applying CVar settings from Section [FoliageQuality@3] File [C:/Users/aveng/Documents/GitHub/GamesAssignment2-SecondYear/Games Assignment Two/GamesAssignmentTwo/Saved/Config/Windows/Scalability.ini]
[2021.04.14-21.09.19:752][  0]LogConfig: Setting CVar [[foliage.DensityScale:1.0]]
[2021.04.14-21.09.19:753][  0]LogConfig: Setting CVar [[grass.DensityScale:1.0]]
[2021.04.14-21.09.19:753][  0]LogConfig: Applying CVar settings from Section [ShadingQuality@3] File [C:/Users/aveng/Documents/GitHub/GamesAssignment2-SecondYear/Games Assignment Two/GamesAssignmentTwo/Saved/Config/Windows/Scalability.ini]
[2021.04.14-21.09.19:753][  0]LogConfig: Setting CVar [[r.HairStrands.SkyLighting.SampleCount:16]]
[2021.04.14-21.09.19:754][  0]LogConfig: Setting CVar [[r.HairStrands.SkyLighting.JitterIntegration:0]]
[2021.04.14-21.09.19:754][  0]LogConfig: Setting CVar [[r.HairStrands.SkyAO.SampleCount:16]]
[2021.04.14-21.09.19:754][  0]LogConfig: Setting CVar [[r.HairStrands.DeepShadow.SuperSampling:0]]
[2021.04.14-21.09.19:755][  0]LogConfig: Setting CVar [[r.HairStrands.VisibilityPPLL:0]]
[2021.04.14-21.09.19:755][  0]LogConfig: Setting CVar [[r.HairStrands.RasterizationScale:0.5]]
[2021.04.14-21.09.19:755][  0]LogConfig: Setting CVar [[r.HairStrands.VelocityRasterizationScale:1]]
[2021.04.14-21.09.19:756][  0]LogInit: Selected Device Profile: [Windows]
[2021.04.14-21.09.19:756][  0]LogInit: Applying CVar settings loaded from the selected device profile: [Windows]
[2021.04.14-21.09.19:756][  0]LogHAL: Display: Platform has ~ 32 GB [34260910080 / 34359738368 / 32], which maps to Largest [LargestMinGB=32, LargerMinGB=12, DefaultMinGB=8, SmallerMinGB=6, SmallestMinGB=0)
[2021.04.14-21.09.19:757][  0]LogInit: Going up to parent DeviceProfile []
[2021.04.14-21.09.19:757][  0]LogConfig: Applying CVar settings from Section [ViewDistanceQuality@3] File [C:/Users/aveng/Documents/GitHub/GamesAssignment2-SecondYear/Games Assignment Two/GamesAssignmentTwo/Saved/Config/Windows/Scalability.ini]
[2021.04.14-21.09.19:757][  0]LogConfig: Setting CVar [[r.SkeletalMeshLODBias:0]]
[2021.04.14-21.09.19:758][  0]LogConfig: Setting CVar [[r.ViewDistanceScale:1.0]]
[2021.04.14-21.09.19:758][  0]LogConfig: Applying CVar settings from Section [AntiAliasingQuality@3] File [C:/Users/aveng/Documents/GitHub/GamesAssignment2-SecondYear/Games Assignment Two/GamesAssignmentTwo/Saved/Config/Windows/Scalability.ini]
[2021.04.14-21.09.19:758][  0]LogConfig: Setting CVar [[r.PostProcessAAQuality:4]]
[2021.04.14-21.09.19:759][  0]LogConfig: Applying CVar settings from Section [ShadowQuality@3] File [C:/Users/aveng/Documents/GitHub/GamesAssignment2-SecondYear/Games Assignment Two/GamesAssignmentTwo/Saved/Config/Windows/Scalability.ini]
[2021.04.14-21.09.19:760][  0]LogConfig: Setting CVar [[r.LightFunctionQuality:1]]
[2021.04.14-21.09.19:760][  0]LogConfig: Setting CVar [[r.ShadowQuality:5]]
[2021.04.14-21.09.19:760][  0]LogConfig: Setting CVar [[r.Shadow.CSM.MaxCascades:10]]
[2021.04.14-21.09.19:760][  0]LogConfig: Setting CVar [[r.Shadow.MaxResolution:2048]]
[2021.04.14-21.09.19:760][  0]LogConfig: Setting CVar [[r.Shadow.MaxCSMResolution:2048]]
[2021.04.14-21.09.19:761][  0]LogConfig: Setting CVar [[r.Shadow.RadiusThreshold:0.01]]
[2021.04.14-21.09.19:763][  0]LogConfig: Setting CVar [[r.Shadow.DistanceScale:1.0]]
[2021.04.14-21.09.19:763][  0]LogConfig: Setting CVar [[r.Shadow.CSM.TransitionScale:1.0]]
[2021.04.14-21.09.19:764][  0]LogConfig: Setting CVar [[r.Shadow.PreShadowResolutionFactor:1.0]]
[2021.04.14-21.09.19:764][  0]LogConfig: Setting CVar [[r.DistanceFieldShadowing:1]]
[2021.04.14-21.09.19:764][  0]LogConfig: Setting CVar [[r.DistanceFieldAO:1]]
[2021.04.14-21.09.19:765][  0]LogConfig: Setting CVar [[r.AOQuality:2]]
[2021.04.14-21.09.19:765][  0]LogConfig: Setting CVar [[r.VolumetricFog:1]]
[2021.04.14-21.09.19:765][  0]LogConfig: Setting CVar [[r.VolumetricFog.GridPixelSize:8]]
[2021.04.14-21.09.19:765][  0]LogConfig: Setting CVar [[r.VolumetricFog.GridSizeZ:128]]
[2021.04.14-21.09.19:766][  0]LogConfig: Setting CVar [[r.VolumetricFog.HistoryMissSupersampleCount:4]]
[2021.04.14-21.09.19:766][  0]LogConfig: Setting CVar [[r.LightMaxDrawDistanceScale:1]]
[2021.04.14-21.09.19:766][  0]LogConfig: Setting CVar [[r.CapsuleShadows:1]]
[2021.04.14-21.09.19:767][  0]LogConfig: Applying CVar settings from Section [PostProcessQuality@3] File [C:/Users/aveng/Documents/GitHub/GamesAssignment2-SecondYear/Games Assignment Two/GamesAssignmentTwo/Saved/Config/Windows/Scalability.ini]
[2021.04.14-21.09.19:767][  0]LogConfig: Setting CVar [[r.MotionBlurQuality:4]]
[2021.04.14-21.09.19:768][  0]LogConfig: Setting CVar [[r.AmbientOcclusionMipLevelFactor:0.4]]
[2021.04.14-21.09.19:768][  0]LogConfig: Setting CVar [[r.AmbientOcclusionMaxQuality:100]]
[2021.04.14-21.09.19:768][  0]LogConfig: Setting CVar [[r.AmbientOcclusionLevels:-1]]
[2021.04.14-21.09.19:769][  0]LogConfig: Setting CVar [[r.AmbientOcclusionRadiusScale:1.0]]
[2021.04.14-21.09.19:769][  0]LogConfig: Setting CVar [[r.DepthOfFieldQuality:2]]
[2021.04.14-21.09.19:769][  0]LogConfig: Setting CVar [[r.RenderTargetPoolMin:400]]
[2021.04.14-21.09.19:770][  0]LogConfig: Setting CVar [[r.LensFlareQuality:2]]
[2021.04.14-21.09.19:770][  0]LogConfig: Setting CVar [[r.SceneColorFringeQuality:1]]
[2021.04.14-21.09.19:770][  0]LogConfig: Setting CVar [[r.EyeAdaptationQuality:2]]
[2021.04.14-21.09.19:771][  0]LogConfig: Setting CVar [[r.BloomQuality:5]]
[2021.04.14-21.09.19:771][  0]LogConfig: Setting CVar [[r.FastBlurThreshold:100]]
[2021.04.14-21.09.19:771][  0]LogConfig: Setting CVar [[r.Upscale.Quality:3]]
[2021.04.14-21.09.19:772][  0]LogConfig: Setting CVar [[r.Tonemapper.GrainQuantization:1]]
[2021.04.14-21.09.19:774][  0]LogConfig: Setting CVar [[r.LightShaftQuality:1]]
[2021.04.14-21.09.19:774][  0]LogConfig: Setting CVar [[r.Filter.SizeScale:1]]
[2021.04.14-21.09.19:775][  0]LogConfig: Setting CVar [[r.Tonemapper.Quality:5]]
[2021.04.14-21.09.19:775][  0]LogConfig: Setting CVar [[r.DOF.Gather.AccumulatorQuality:1        ; higher gathering accumulator quality]]
[2021.04.14-21.09.19:775][  0]LogConfig: Setting CVar [[r.DOF.Gather.PostfilterMethod:1          ; Median3x3 postfilering method]]
[2021.04.14-21.09.19:776][  0]LogConfig: Setting CVar [[r.DOF.Gather.EnableBokehSettings:0       ; no bokeh simulation when gathering]]
[2021.04.14-21.09.19:777][  0]LogConfig: Setting CVar [[r.DOF.Gather.RingCount:4                 ; medium number of samples when gathering]]
[2021.04.14-21.09.19:777][  0]LogConfig: Setting CVar [[r.DOF.Scatter.ForegroundCompositing:1    ; additive foreground scattering]]
[2021.04.14-21.09.19:778][  0]LogConfig: Setting CVar [[r.DOF.Scatter.BackgroundCompositing:2    ; additive background scattering]]
[2021.04.14-21.09.19:778][  0]LogConfig: Setting CVar [[r.DOF.Scatter.EnableBokehSettings:1      ; bokeh simulation when scattering]]
[2021.04.14-21.09.19:778][  0]LogConfig: Setting CVar [[r.DOF.Scatter.MaxSpriteRatio:0.1         ; only a maximum of 10% of scattered bokeh]]
[2021.04.14-21.09.19:779][  0]LogConfig: Setting CVar [[r.DOF.Recombine.Quality:1                ; cheap slight out of focus]]
[2021.04.14-21.09.19:779][  0]LogConfig: Setting CVar [[r.DOF.Recombine.EnableBokehSettings:0    ; no bokeh simulation on slight out of focus]]
[2021.04.14-21.09.19:780][  0]LogConfig: Setting CVar [[r.DOF.TemporalAAQuality:1                ; more stable temporal accumulation]]
[2021.04.14-21.09.19:780][  0]LogConfig: Setting CVar [[r.DOF.Kernel.MaxForegroundRadius:0.025]]
[2021.04.14-21.09.19:780][  0]LogConfig: Setting CVar [[r.DOF.Kernel.MaxBackgroundRadius:0.025]]
[2021.04.14-21.09.19:781][  0]LogConfig: Applying CVar settings from Section [TextureQuality@3] File [C:/Users/aveng/Documents/GitHub/GamesAssignment2-SecondYear/Games Assignment Two/GamesAssignmentTwo/Saved/Config/Windows/Scalability.ini]
[2021.04.14-21.09.19:781][  0]LogConfig: Setting CVar [[r.Streaming.MipBias:0]]
[2021.04.14-21.09.19:781][  0]LogConfig: Setting CVar [[r.Streaming.AmortizeCPUToGPUCopy:0]]
[2021.04.14-21.09.19:782][  0]LogConfig: Setting CVar [[r.Streaming.MaxNumTexturesToStreamPerFrame:0]]
[2021.04.14-21.09.19:783][  0]LogConfig: Setting CVar [[r.Streaming.Boost:1]]
[2021.04.14-21.09.19:784][  0]LogConfig: Setting CVar [[r.MaxAnisotropy:8]]
[2021.04.14-21.09.19:784][  0]LogConfig: Setting CVar [[r.VT.MaxAnisotropy:8]]
[2021.04.14-21.09.19:784][  0]LogConfig: Setting CVar [[r.Streaming.LimitPoolSizeToVRAM:0]]
[2021.04.14-21.09.19:785][  0]LogConfig: Setting CVar [[r.Streaming.PoolSize:1000]]
[2021.04.14-21.09.19:785][  0]LogConfig: Setting CVar [[r.Streaming.MaxEffectiveScreenSize:0]]
[2021.04.14-21.09.19:786][  0]LogConfig: Applying CVar settings from Section [EffectsQuality@3] File [C:/Users/aveng/Documents/GitHub/GamesAssignment2-SecondYear/Games Assignment Two/GamesAssignmentTwo/Saved/Config/Windows/Scalability.ini]
[2021.04.14-21.09.19:786][  0]LogConfig: Setting CVar [[r.TranslucencyLightingVolumeDim:64]]
[2021.04.14-21.09.19:786][  0]LogConfig: Setting CVar [[r.RefractionQuality:2]]
[2021.04.14-21.09.19:787][  0]LogConfig: Setting CVar [[r.SSR.Quality:3]]
[2021.04.14-21.09.19:787][  0]LogConfig: Setting CVar [[r.SSR.HalfResSceneColor:0]]
[2021.04.14-21.09.19:787][  0]LogConfig: Setting CVar [[r.SceneColorFormat:4]]
[2021.04.14-21.09.19:788][  0]LogConfig: Setting CVar [[r.DetailMode:2]]
[2021.04.14-21.09.19:788][  0]LogConfig: Setting CVar [[r.TranslucencyVolumeBlur:1]]
[2021.04.14-21.09.19:788][  0]LogConfig: Setting CVar [[r.MaterialQualityLevel:1 ; High quality]]
[2021.04.14-21.09.19:789][  0]LogConfig: Setting CVar [[r.SSS.Scale:1]]
[2021.04.14-21.09.19:789][  0]LogConfig: Setting CVar [[r.SSS.SampleSet:2]]
[2021.04.14-21.09.19:789][  0]LogConfig: Setting CVar [[r.SSS.Quality:1]]
[2021.04.14-21.09.19:790][  0]LogConfig: Setting CVar [[r.SSS.HalfRes:0]]
[2021.04.14-21.09.19:791][  0]LogConfig: Setting CVar [[r.SSGI.Quality:3]]
[2021.04.14-21.09.19:791][  0]LogConfig: Setting CVar [[r.EmitterSpawnRateScale:1.0]]
[2021.04.14-21.09.19:791][  0]LogConfig: Setting CVar [[r.ParticleLightQuality:2]]
[2021.04.14-21.09.19:792][  0]LogConfig: Setting CVar [[r.SkyAtmosphere.AerialPerspectiveLUT.FastApplyOnOpaque:1 ; Always have FastSkyLUT 1 in this case to avoid wrong sky]]
[2021.04.14-21.09.19:794][  0]LogConfig: Setting CVar [[r.SkyAtmosphere.AerialPerspectiveLUT.SampleCountPerSlice:1]]
[2021.04.14-21.09.19:794][  0]LogConfig: Setting CVar [[r.SkyAtmosphere.AerialPerspectiveLUT.DepthResolution:16.0]]
[2021.04.14-21.09.19:794][  0]LogConfig: Setting CVar [[r.SkyAtmosphere.FastSkyLUT:1]]
[2021.04.14-21.09.19:795][  0]LogConfig: Setting CVar [[r.SkyAtmosphere.FastSkyLUT.SampleCountMin:4.0]]
[2021.04.14-21.09.19:795][  0]LogConfig: Setting CVar [[r.SkyAtmosphere.FastSkyLUT.SampleCountMax:32.0]]
[2021.04.14-21.09.19:796][  0]LogConfig: Setting CVar [[r.SkyAtmosphere.SampleCountMin:4.0]]
[2021.04.14-21.09.19:796][  0]LogConfig: Setting CVar [[r.SkyAtmosphere.SampleCountMax:32.0]]
[2021.04.14-21.09.19:796][  0]LogConfig: Setting CVar [[r.SkyAtmosphere.TransmittanceLUT.UseSmallFormat:0]]
[2021.04.14-21.09.19:796][  0]LogConfig: Setting CVar [[r.SkyAtmosphere.TransmittanceLUT.SampleCount:10.0]]
[2021.04.14-21.09.19:797][  0]LogConfig: Setting CVar [[r.SkyAtmosphere.MultiScatteringLUT.SampleCount:15.0]]
[2021.04.14-21.09.19:797][  0]LogConfig: Applying CVar settings from Section [FoliageQuality@3] File [C:/Users/aveng/Documents/GitHub/GamesAssignment2-SecondYear/Games Assignment Two/GamesAssignmentTwo/Saved/Config/Windows/Scalability.ini]
[2021.04.14-21.09.19:797][  0]LogConfig: Setting CVar [[foliage.DensityScale:1.0]]
[2021.04.14-21.09.19:798][  0]LogConfig: Setting CVar [[grass.DensityScale:1.0]]
[2021.04.14-21.09.19:798][  0]LogConfig: Applying CVar settings from Section [ShadingQuality@3] File [C:/Users/aveng/Documents/GitHub/GamesAssignment2-SecondYear/Games Assignment Two/GamesAssignmentTwo/Saved/Config/Windows/Scalability.ini]
[2021.04.14-21.09.19:798][  0]LogConfig: Setting CVar [[r.HairStrands.SkyLighting.SampleCount:16]]
[2021.04.14-21.09.19:799][  0]LogConfig: Setting CVar [[r.HairStrands.SkyLighting.JitterIntegration:0]]
[2021.04.14-21.09.19:799][  0]LogConfig: Setting CVar [[r.HairStrands.SkyAO.SampleCount:16]]
[2021.04.14-21.09.19:799][  0]LogConfig: Setting CVar [[r.HairStrands.DeepShadow.SuperSampling:0]]
[2021.04.14-21.09.19:800][  0]LogConfig: Setting CVar [[r.HairStrands.VisibilityPPLL:0]]
[2021.04.14-21.09.19:800][  0]LogConfig: Setting CVar [[r.HairStrands.RasterizationScale:0.5]]
[2021.04.14-21.09.19:800][  0]LogConfig: Setting CVar [[r.HairStrands.VelocityRasterizationScale:1]]
[2021.04.14-21.09.19:801][  0]LogConfig: Applying CVar settings from Section [Startup] File [../../../Engine/Config/ConsoleVariables.ini]
[2021.04.14-21.09.19:801][  0]LogConfig: Setting CVar [[net.UseAdaptiveNetUpdateFrequency:0]]
[2021.04.14-21.09.19:801][  0]LogConfig: Setting CVar [[p.chaos.AllowCreatePhysxBodies:1]]
[2021.04.14-21.09.19:802][  0]LogConfig: Setting CVar [[fx.SkipVectorVMBackendOptimizations:1]]
[2021.04.14-21.09.19:804][  0]LogConfig: Applying CVar settings from Section [ConsoleVariables] File [C:/Users/aveng/Documents/GitHub/GamesAssignment2-SecondYear/Games Assignment Two/GamesAssignmentTwo/Saved/Config/Windows/Engine.ini]
[2021.04.14-21.09.19:804][  0]LogInit: Computer: PROGRAMMING-PC
[2021.04.14-21.09.19:805][  0]LogInit: User: aveng
[2021.04.14-21.09.19:805][  0]LogInit: CPU Page size=4096, Cores=12
[2021.04.14-21.09.19:806][  0]LogInit: High frequency timer resolution =10.000000 MHz
[2021.04.14-21.09.19:807][  0]LogMemory: Memory total: Physical=31.9GB (32GB approx)
[2021.04.14-21.09.19:807][  0]LogMemory: Platform Memory Stats for Windows
[2021.04.14-21.09.19:807][  0]LogMemory: Process Physical Memory: 121.33 MB used, 121.34 MB peak
[2021.04.14-21.09.19:808][  0]LogMemory: Process Virtual Memory: 110.78 MB used, 110.78 MB peak
[2021.04.14-21.09.19:808][  0]LogMemory: Physical Memory: 18900.65 MB used,  13773.10 MB free, 32673.75 MB total
[2021.04.14-21.09.19:808][  0]LogMemory: Virtual Memory: 5220.79 MB used,  134212504.00 MB free, 134217728.00 MB total
[2021.04.14-21.09.19:814][  0]LogWindows: WindowsPlatformFeatures enabled
[2021.04.14-21.09.19:864][  0]LogInit: Physics initialised using underlying interface: PhysX
[2021.04.14-21.09.19:864][  0]LogInit: Using OS detected language (en-GB).
[2021.04.14-21.09.19:865][  0]LogInit: Using OS detected locale (en-GB).
[2021.04.14-21.09.19:866][  0]LogTextLocalizationManager: No specific localization for 'en-GB' exists, so the 'en' localization will be used.
[2021.04.14-21.09.20:055][  0]LogSlate: New Slate User Created.  User Index 0, Is Virtual User: 0
[2021.04.14-21.09.20:055][  0]LogSlate: Slate User Registered.  User Index 0, Is Virtual User: 0
[2021.04.14-21.09.20:065][  0]LogHMD: Failed to initialize OpenVR with code 110
[2021.04.14-21.09.20:065][  0]LogD3D11RHI: D3D11 min allowed feature level: 11_0
[2021.04.14-21.09.20:066][  0]LogD3D11RHI: D3D11 max allowed feature level: 11_0
[2021.04.14-21.09.20:066][  0]LogD3D11RHI: D3D11 adapters:
[2021.04.14-21.09.20:182][  0]LogD3D11RHI:    0. 'NVIDIA GeForce GTX 1060 6GB' (Feature Level 11_0)
[2021.04.14-21.09.20:182][  0]LogD3D11RHI:       6052/0/16336 MB DedicatedVideo/DedicatedSystem/SharedSystem, Outputs:2, VendorId:0x10de
[2021.04.14-21.09.20:185][  0]LogD3D11RHI:    1. 'Microsoft Basic Render Driver' (Feature Level 11_0)
[2021.04.14-21.09.20:186][  0]LogD3D11RHI:       0/0/16336 MB DedicatedVideo/DedicatedSystem/SharedSystem, Outputs:0, VendorId:0x1414
[2021.04.14-21.09.20:186][  0]LogD3D11RHI: Chosen D3D11 Adapter: 0
[2021.04.14-21.09.20:199][  0]LogD3D11RHI: Creating new Direct3DDevice
[2021.04.14-21.09.20:199][  0]LogD3D11RHI:     GPU DeviceId: 0x1c03 (for the marketing name, search the web for "GPU Device Id")
[2021.04.14-21.09.20:200][  0]LogWindows: EnumDisplayDevices:
[2021.04.14-21.09.20:201][  0]LogWindows:    0. 'NVIDIA GeForce GTX 1060 6GB' (P:1 D:1)
[2021.04.14-21.09.20:201][  0]LogWindows:    1. 'NVIDIA GeForce GTX 1060 6GB' (P:0 D:1)
[2021.04.14-21.09.20:202][  0]LogWindows:    2. 'NVIDIA GeForce GTX 1060 6GB' (P:0 D:0)
[2021.04.14-21.09.20:202][  0]LogWindows:    3. 'NVIDIA GeForce GTX 1060 6GB' (P:0 D:0)
[2021.04.14-21.09.20:203][  0]LogWindows: DebugString: FoundDriverCount:4 
[2021.04.14-21.09.20:203][  0]LogD3D11RHI:     Adapter Name: NVIDIA GeForce GTX 1060 6GB
[2021.04.14-21.09.20:203][  0]LogD3D11RHI:   Driver Version: 461.92 (internal:27.21.14.6192, unified:461.92)
[2021.04.14-21.09.20:204][  0]LogD3D11RHI:      Driver Date: 3-11-2021
[2021.04.14-21.09.20:204][  0]LogRHI: Texture pool is 4236 MB (70% of 6052 MB)
[2021.04.14-21.09.20:281][  0]LogD3D11RHI: RHI has support for 64 bit atomics
[2021.04.14-21.09.20:281][  0]LogD3D11RHI: Async texture creation enabled
[2021.04.14-21.09.20:282][  0]LogD3D11RHI: Array index from any shader is supported
[2021.04.14-21.09.20:305][  0]LogD3D11RHI: GPU Timing Frequency: 1000.000000 (Debug: 2 1)
[2021.04.14-21.09.20:673][  0]LogTargetPlatformManager: Display: Loaded TargetPlatform 'WindowsNoEditor'
[2021.04.14-21.09.20:677][  0]LogTargetPlatformManager: Display: Loaded TargetPlatform 'Windows'
[2021.04.14-21.09.20:686][  0]LogTargetPlatformManager: Display: Loaded TargetPlatform 'WindowsClient'
[2021.04.14-21.09.20:696][  0]LogTargetPlatformManager: Display: Loaded TargetPlatform 'WindowsServer'
[2021.04.14-21.09.20:696][  0]LogTargetPlatformManager: Display: Building Assets For Windows
[2021.04.14-21.09.20:705][  0]LogAudioDebug: Display: Lib vorbis DLL was dynamically loaded.
[2021.04.14-21.09.20:755][  0]LogShaderCompilers: Guid format shader working directory is -54 characters bigger than the processId version (C:/Users/aveng/Documents/GitHub/GamesAssignment2-SecondYear/Games Assignment Two/GamesAssignmentTwo/Intermediate/Shaders/WorkingDirectory/45504/).
[2021.04.14-21.09.20:756][  0]LogShaderCompilers: Cleaned the shader compiler working directory 'C:/Users/aveng/AppData/Local/Temp/UnrealShaderWorkingDir/03373E3F4D939FF1EE3685A09AFA796A/'.
[2021.04.14-21.09.20:757][  0]LogXGEController: Cleaning working directory: C:/Users/aveng/AppData/Local/Temp/UnrealXGEWorkingDir/
[2021.04.14-21.09.20:758][  0]LogXGEController: Cannot use XGE Controller as Incredibuild is not installed on this machine.
[2021.04.14-21.09.20:758][  0]LogShaderCompilers: Cannot use XGE Shader Compiler as Incredibuild is not installed on this machine.
[2021.04.14-21.09.20:758][  0]LogShaderCompilers: Display: Using Local Shader Compiler.
[2021.04.14-21.09.21:420][  0]LogDerivedDataCache: Display: Max Cache Size: 512 MB
[2021.04.14-21.09.21:462][  0]LogDerivedDataCache: Loaded boot cache 0.04s 77MB C:/Users/aveng/AppData/Local/UnrealEngine/4.25/DerivedDataCache/Boot.ddc.
[2021.04.14-21.09.21:462][  0]LogDerivedDataCache: Display: Loaded Boot cache: C:/Users/aveng/AppData/Local/UnrealEngine/4.25/DerivedDataCache/Boot.ddc
[2021.04.14-21.09.21:463][  0]LogDerivedDataCache: FDerivedDataBackendGraph:  Pak pak cache file C:/Users/aveng/Documents/GitHub/GamesAssignment2-SecondYear/Games Assignment Two/GamesAssignmentTwo/DerivedDataCache/DDC.ddp not found, will not use a pak cache.
[2021.04.14-21.09.21:463][  0]LogDerivedDataCache: Unable to find inner node Pak for hierarchical cache Hierarchy.
[2021.04.14-21.09.21:464][  0]LogDerivedDataCache: FDerivedDataBackendGraph:  CompressedPak pak cache file C:/Users/aveng/Documents/GitHub/GamesAssignment2-SecondYear/Games Assignment Two/GamesAssignmentTwo/DerivedDataCache/Compressed.ddp not found, will not use a pak cache.
[2021.04.14-21.09.21:464][  0]LogDerivedDataCache: Unable to find inner node CompressedPak for hierarchical cache Hierarchy.
[2021.04.14-21.09.21:474][  0]LogDerivedDataCache: Display: Pak cache opened for reading ../../../Engine/DerivedDataCache/Compressed.ddp.
[2021.04.14-21.09.21:474][  0]LogDerivedDataCache: FDerivedDataBackendGraph:  EnterprisePak pak cache file ../../../Enterprise/DerivedDataCache/Compressed.ddp not found, will not use a pak cache.
[2021.04.14-21.09.21:475][  0]LogDerivedDataCache: Unable to find inner node EnterprisePak for hierarchical cache Hierarchy.
[2021.04.14-21.09.21:477][  0]LogDerivedDataCache: Using Local data cache path C:/Users/aveng/AppData/Local/UnrealEngine/Common/DerivedDataCache: Writable
[2021.04.14-21.09.21:477][  0]LogDerivedDataCache: Shared data cache path not found in *engine.ini, will not use an Shared cache.
[2021.04.14-21.09.21:478][  0]LogDerivedDataCache: Unable to find inner node Shared for hierarchical cache Hierarchy.
[2021.04.14-21.09.21:511][  0]LogSlate: Using FreeType 2.10.0
[2021.04.14-21.09.21:512][  0]LogSlate: SlateFontServices - WITH_FREETYPE: 1, WITH_HARFBUZZ: 1
[2021.04.14-21.09.21:578][  0]LogInit: Using OS detected language (en-GB).
[2021.04.14-21.09.21:578][  0]LogInit: Using OS detected locale (en-GB).
[2021.04.14-21.09.21:579][  0]LogTextLocalizationManager: No localization for 'en-GB' exists, so 'en' will be used for the language.
[2021.04.14-21.09.21:579][  0]LogTextLocalizationManager: No localization for 'en-GB' exists, so 'en' will be used for the locale.
[2021.04.14-21.09.21:580][  0]LogSlate: FontCache flush requested. Reason: Culture for localization was changed
[2021.04.14-21.09.21:580][  0]LogSlate: FontCache flush requested. Reason: Culture for localization was changed
[2021.04.14-21.09.21:582][  0]LogTextLocalizationManager: Compacting localization data took   0.00ms
[2021.04.14-21.09.21:584][  0]LogAssetRegistry: FAssetRegistry took 0.0016 seconds to start up
[2021.04.14-21.09.21:792][  0]LogPackageLocalizationCache: Processed 20 localized package path(s) for 1 prioritized culture(s) in 0.047838 seconds
[2021.04.14-21.09.21:837][  0]LogInit: Selected Device Profile: [Windows]
[2021.04.14-21.09.21:924][  0]LogMeshReduction: Using QuadricMeshReduction for automatic static mesh reduction
[2021.04.14-21.09.21:925][  0]LogMeshReduction: Using SimplygonMeshReduction for automatic skeletal mesh reduction
[2021.04.14-21.09.21:925][  0]LogMeshReduction: Using ProxyLODMeshReduction for automatic mesh merging
[2021.04.14-21.09.21:926][  0]LogMeshReduction: No distributed automatic mesh merging module available
[2021.04.14-21.09.21:926][  0]LogMeshMerging: No distributed automatic mesh merging module available
[2021.04.14-21.09.21:942][  0]LogNetVersion: GamesAssignmentTwo 1.0.0, NetCL: 13144385, EngineNetVer: 14, GameNetVer: 0 (Checksum: 1185472599)
[2021.04.14-21.09.22:151][  0]LogAISub: UAISubsystem::UAISubsystem AISubsystem (00000236BCC358C0), frame # 0
[2021.04.14-21.09.22:151][  0]LogAISub: UAISubsystem::UAISubsystem AIPerceptionSystem (00000236BCB6D6C0), frame # 0
[2021.04.14-21.09.22:154][  0]LogAISub: UAISubsystem::UAISubsystem EnvQueryManager (00000236BCB67C00), frame # 0
[2021.04.14-21.09.22:224][  0]LogCollectionManager: Loaded 0 collections in 0.000786 seconds
[2021.04.14-21.09.22:227][  0]LogFileCache: Scanning file cache for directory 'C:/Users/aveng/Documents/GitHub/GamesAssignment2-SecondYear/Games Assignment Two/GamesAssignmentTwo/Saved/Collections/' took 0.00s
[2021.04.14-21.09.22:227][  0]LogFileCache: Scanning file cache for directory 'C:/Users/aveng/Documents/GitHub/GamesAssignment2-SecondYear/Games Assignment Two/GamesAssignmentTwo/Content/Developers/aveng/Collections/' took 0.00s
[2021.04.14-21.09.22:227][  0]LogFileCache: Scanning file cache for directory 'C:/Users/aveng/Documents/GitHub/GamesAssignment2-SecondYear/Games Assignment Two/GamesAssignmentTwo/Content/Collections/' took 0.00s
[2021.04.14-21.09.22:228][  0]LogCollectionManager: Fixed up redirectors for 0 collections in 0.000003 seconds (updated 0 objects)
[2021.04.14-21.09.22:278][  0]LogMoviePlayer: Initializing movie player
[2021.04.14-21.09.22:455][  0]LogScript: Warning: Script Msg: A null object was passed as a world context object to UEngine::GetWorldFromContextObject().
[2021.04.14-21.09.22:457][  0]LogScript: Warning: Script Msg: A null object was passed as a world context object to UEngine::GetWorldFromContextObject().
[2021.04.14-21.09.22:459][  0]LogScript: Warning: Script Msg: A null object was passed as a world context object to UEngine::GetWorldFromContextObject().
[2021.04.14-21.09.22:461][  0]LogScript: Warning: Script Msg: A null object was passed as a world context object to UEngine::GetWorldFromContextObject().
[2021.04.14-21.09.22:516][  0]LogBlueprint: Warning: [Compiler Ue4ASP_Character] InputAction Event references unknown Action 'Crouch' for  InputAction Crouch
[2021.04.14-21.09.22:517][  0]LogBlueprint: Warning: [Compiler Ue4ASP_Character] Input Axis Event references unknown Axis 'MoveForward' for  InputAxis MoveForward
[2021.04.14-21.09.22:519][  0]LogBlueprint: Warning: [Compiler Ue4ASP_Character] Input Axis Event references unknown Axis 'MoveRight' for  InputAxis MoveRight
[2021.04.14-21.09.22:612][  0]SourceControl: Source control is disabled
[2021.04.14-21.09.22:613][  0]SourceControl: Source control is disabled
[2021.04.14-21.09.22:621][  0]SourceControl: Source control is disabled
[2021.04.14-21.09.22:740][  0]LogAndroidPermission: UAndroidPermissionCallbackProxy::GetInstance
[2021.04.14-21.09.22:758][  0]LogAudioCaptureCore: Display: No Audio Capture implementations found. Audio input will be silent.
[2021.04.14-21.09.22:758][  0]LogAudioCaptureCore: Display: No Audio Capture implementations found. Audio input will be silent.
[2021.04.14-21.09.22:795][  0]LogOcInput: OculusInput pre-init called
[2021.04.14-21.09.22:810][  0]LogUObjectArray: 21163 objects as part of root set at end of initial load.
[2021.04.14-21.09.22:810][  0]LogUObjectAllocator: 5880432 out of 0 bytes used by permanent object pool.
[2021.04.14-21.09.22:810][  0]LogUObjectArray: CloseDisregardForGC: 0/0 objects in disregard for GC pool
[2021.04.14-21.09.22:851][  0]LogEngine: Initializing Engine...
[2021.04.14-21.09.22:852][  0]LogHMD: Failed to initialize OpenVR with code 110
[2021.04.14-21.09.22:852][  0]LogMagicLeap: Warning: VR disabled because ZI is not enabled.  To enable, in the editor, Edit -> Project Settings -> Plugins -> Magic Leap Plugin -> Enable Zero Iteration
[2021.04.14-21.09.22:855][  0]LogStats: UGameplayTagsManager::InitializeManager -  0.000 s
[2021.04.14-21.09.22:925][  0]LogInit: Initializing FReadOnlyCVARCache
[2021.04.14-21.09.22:930][  0]LogAudioMixer: Display: Audio Mixer Platform Settings:
[2021.04.14-21.09.22:930][  0]LogAudioMixer: Display: 	Sample Rate:						  48000
[2021.04.14-21.09.22:930][  0]LogAudioMixer: Display: 	Callback Buffer Frame Size Requested: 1024
[2021.04.14-21.09.22:931][  0]LogAudioMixer: Display: 	Callback Buffer Frame Size To Use:	  1024
[2021.04.14-21.09.22:932][  0]LogAudioMixer: Display: 	Number of buffers to queue:			  2
[2021.04.14-21.09.22:932][  0]LogAudioMixer: Display: 	Max Channels (voices):				  32
[2021.04.14-21.09.22:933][  0]LogAudioMixer: Display: 	Number of Async Source Workers:		  0
[2021.04.14-21.09.22:933][  0]LogAudio: Display: AudioDevice MaxSources: 32
[2021.04.14-21.09.22:934][  0]LogAudio: Display: Using built-in audio occlusion.
[2021.04.14-21.09.22:934][  0]LogAudioMixer: Display: Initializing audio mixer.
[2021.04.14-21.09.22:952][  0]LogAudioMixer: Display: 0: FrontLeft
[2021.04.14-21.09.22:952][  0]LogAudioMixer: Display: 1: FrontRight
[2021.04.14-21.09.22:953][  0]LogAudioMixer: Display: 2: FrontCenter
[2021.04.14-21.09.22:953][  0]LogAudioMixer: Display: 3: LowFrequency
[2021.04.14-21.09.22:954][  0]LogAudioMixer: Display: 4: BackLeft
[2021.04.14-21.09.22:954][  0]LogAudioMixer: Display: 5: BackRight
[2021.04.14-21.09.22:954][  0]LogAudioMixer: Display: 6: SideLeft
[2021.04.14-21.09.22:955][  0]LogAudioMixer: Display: 7: SideRight
[2021.04.14-21.09.22:984][  0]LogAudioMixer: Display: Using Audio Device Speakers (THX Spatial Audio)
[2021.04.14-21.09.22:990][  0]LogAudioMixer: Display: Initializing Sound Submixes...
[2021.04.14-21.09.22:991][  0]LogAudioMixer: Display: Creating Master Submix 'MasterSubmixDefault'
[2021.04.14-21.09.22:991][  0]LogAudioMixer: Display: Creating Master Submix 'MasterReverbSubmixDefault'
[2021.04.14-21.09.22:992][  0]LogAudioMixer: Display: Creating Master Submix 'MasterEQSubmixDefault'
[2021.04.14-21.09.22:995][  0]LogInit: FAudioDevice initialized.
[2021.04.14-21.09.22:997][  0]LogNetVersion: Set ProjectVersion to 1.0.0.0. Version Checksum will be recalculated on next use.
[2021.04.14-21.09.23:088][  0]LogDerivedDataCache: Saved boot cache 0.09s 77MB C:/Users/aveng/AppData/Local/UnrealEngine/4.25/DerivedDataCache/Boot.ddc.
[2021.04.14-21.09.23:089][  0]LogInit: Texture streaming: Enabled
[2021.04.14-21.09.23:139][  0]LogSlate: Updating window title bar state: overlay mode, drag disabled, window buttons hidden, title bar hidden
[2021.04.14-21.09.23:140][  0]LogInit: Display: Game Engine Initialized.
[2021.04.14-21.09.23:140][  0]LogNiagaraEditor: Warning: GEditor isn't valid! Particle reset commands will not work for Niagara components!
[2021.04.14-21.09.23:166][  0]LogInit: Display: Starting Game.
[2021.04.14-21.09.23:166][  0]LogNet: Browse: /Game/Levels/MainMenu?Name=Player
[2021.04.14-21.09.23:167][  0]LogLoad: LoadMap: /Game/Levels/MainMenu?Name=Player
[2021.04.14-21.09.23:168][  0]LogWorld: BeginTearingDown for /Temp/Untitled_0
[2021.04.14-21.09.23:169][  0]LogWorld: UWorld::CleanupWorld for Untitled, bSessionEnded=true, bCleanupResources=true
[2021.04.14-21.09.23:169][  0]LogSlate: InvalidateAllWidgets triggered.  All widgets were invalidated
[2021.04.14-21.09.23:191][  0]LogUObjectHash: Compacting FUObjectHashTables data took   0.66ms
[2021.04.14-21.09.23:243][  0]LogAIModule: Creating AISystem for world MainMenu
[2021.04.14-21.09.23:244][  0]LogAISub: UAISubsystem::UAISubsystem EnvQueryManager (00000236A27BDC00), frame # 0
[2021.04.14-21.09.23:245][  0]LogAISub: UAISubsystem::UAISubsystem AIPerceptionSystem (00000236C3227C40), frame # 0
[2021.04.14-21.09.23:251][  0]LogLoad: Game class is 'BP_GamesAssignmentTwoGameModeBse_C'
[2021.04.14-21.09.23:253][  0]LogWorld: Bringing World /Game/Levels/MainMenu.MainMenu up for play (max tick rate 0) at 2021.04.14-22.09.23
[2021.04.14-21.09.23:254][  0]LogWorld: Bringing up level for play took: 0.001393
[2021.04.14-21.09.23:254][  0]LogGameMode: FindPlayerStart: PATHS NOT DEFINED or NO PLAYERSTART with positive rating
[2021.04.14-21.09.23:257][  0]LogTemp: Warning: Destroy Character
[2021.04.14-21.09.23:258][  0]LogTemp: Warning: Load main menu widget from instance called
[2021.04.14-21.09.23:258][  0]LogTemp: Warning: Load main menu widget from instance MenuClass set
[2021.04.14-21.09.23:260][  0]LogTemp: Warning: TRUEEE
[2021.04.14-21.09.23:260][  0]LogLoad: Took 0.092723 seconds to LoadMap(/Game/Levels/MainMenu)
[2021.04.14-21.09.23:280][  0]LogRenderer: Reallocating scene render targets to support 960x1020 Format 10 NumSamples 1 (Frame:1).
[2021.04.14-21.09.23:280][  0]LogSlate: Took 0.000190 seconds to synchronously load lazily loaded font '../../../Engine/Content/Slate/Fonts/Roboto-Regular.ttf' (155K)
[2021.04.14-21.09.23:298][  0]LogLoad: (Engine Initialization) Total time: 4.93 seconds
[2021.04.14-21.09.23:299][  0]LogLoad: (Engine Initialization) Total Blueprint compile time: 0.00 seconds
[2021.04.14-21.09.23:309][  0]LogContentStreaming: Texture pool size now 1000 MB
[2021.04.14-21.09.23:311][  0]LogSlate: InvalidateAllWidgets triggered.  All widgets were invalidated
[2021.04.14-21.09.23:343][  1]LogSlate: Took 0.000165 seconds to synchronously load lazily loaded font '../../../Engine/Content/Slate/Fonts/Roboto-Regular.ttf' (155K)
[2021.04.14-21.09.33:983][819]LogSlate: WidgetSwitcher ('None') active index changed to 1
[2021.04.14-21.09.34:452][989]LogGameMode: ProcessServerTravel: /Game/Levels/Lobby?listen
[2021.04.14-21.09.34:453][989]LogEngine: Server switch level: /Game/Levels/Lobby?Name=Player?listen
[2021.04.14-21.09.34:453][989]LogNet: Browse: /Game/Levels/Lobby?Name=Player?listen
[2021.04.14-21.09.34:454][989]LogLoad: LoadMap: /Game/Levels/Lobby?Name=Player?listen
[2021.04.14-21.09.34:454][989]LogWorld: BeginTearingDown for /Game/Levels/MainMenu
[2021.04.14-21.09.34:455][989]LogWorld: UWorld::CleanupWorld for MainMenu, bSessionEnded=true, bCleanupResources=true
[2021.04.14-21.09.34:455][989]LogSlate: InvalidateAllWidgets triggered.  All widgets were invalidated
[2021.04.14-21.09.34:504][989]LogAISub: UAISubsystem::~UAISubsystem EnvQueryManager (00000236A27BDC00), frame # 2989
[2021.04.14-21.09.34:504][989]LogAISub: UAISubsystem::~UAISubsystem AIPerceptionSystem (00000236C3227C40), frame # 2989
[2021.04.14-21.09.34:506][989]LogUObjectHash: Compacting FUObjectHashTables data took   0.78ms
[2021.04.14-21.09.34:558][989]LogAIModule: Creating AISystem for world Lobby
[2021.04.14-21.09.34:559][989]LogAISub: UAISubsystem::UAISubsystem EnvQueryManager (00000236A27BC800), frame # 2989
[2021.04.14-21.09.34:560][989]LogAISub: UAISubsystem::UAISubsystem AIPerceptionSystem (00000236A5204A40), frame # 2989
[2021.04.14-21.09.34:560][989]LogLoad: Game class is 'BP_ServerLobbyGameModeBase_C'
[2021.04.14-21.09.34:561][989]LogNet: ReplicationDriverClass is null! Not using ReplicationDriver.
[2021.04.14-21.09.34:561][989]LogNetCore: DDoS detection status: detection enabled: 0 analytics enabled: 0
[2021.04.14-21.09.34:561][989]LogInit: WinSock: Socket queue. Rx: 131072 (config 131072) Tx: 131072 (config 131072)
[2021.04.14-21.09.34:562][989]LogNet: Created socket for bind address: 0.0.0.0 on port 7777
[2021.04.14-21.09.34:562][989]PacketHandlerLog: Loaded PacketHandler component: Engine.EngineHandlerComponentFactory (StatelessConnectHandlerComponent)
[2021.04.14-21.09.34:563][989]LogNet: GameNetDriver IpNetDriver_0 IpNetDriver listening on port 7777
[2021.04.14-21.09.34:564][989]LogWorld: Bringing World /Game/Levels/Lobby.Lobby up for play (max tick rate 0) at 2021.04.14-22.09.34
[2021.04.14-21.09.34:564][989]LogWorld: Bringing up level for play took: 0.001184
[2021.04.14-21.09.34:565][989]LogOnlineSession: Warning: OSS: No game present to join for session (GameSession)
[2021.04.14-21.09.34:566][989]LogTemp: Warning: Players: 1
[2021.04.14-21.09.34:567][989]LogTemp: Warning: Destroy Character
[2021.04.14-21.09.34:568][989]LogLoad: Took 0.114026 seconds to LoadMap(/Game/Levels/Lobby)
[2021.04.14-21.09.38:797][774]LogNet: NotifyAcceptingConnection accepted from: 127.0.0.1:52347
[2021.04.14-21.09.38:798][774]LogHandshake: SendConnectChallenge. Timestamp: 4.347948, Cookie: 209101054149159099165223028068169043062242079091178225110250
[2021.04.14-21.09.38:814][775]LogNet: NotifyAcceptingConnection accepted from: 127.0.0.1:52347
[2021.04.14-21.09.38:814][775]LogHandshake: SendChallengeAck. InCookie: 209101054149159099165223028068169043062242079091178225110250
[2021.04.14-21.09.38:815][775]LogNet: Server accepting post-challenge connection from: 127.0.0.1:52347
[2021.04.14-21.09.38:816][775]PacketHandlerLog: Loaded PacketHandler component: Engine.EngineHandlerComponentFactory (StatelessConnectHandlerComponent)
[2021.04.14-21.09.38:816][775]LogNet: NotifyAcceptedConnection: Name: Lobby, TimeStamp: 04/14/21 22:09:38, [UNetConnection] RemoteAddr: 127.0.0.1:52347, Name: IpConnection_0, Driver: GameNetDriver IpNetDriver_0, IsServer: YES, PC: NULL, Owner: NULL, UniqueId: INVALID
[2021.04.14-21.09.38:817][775]LogNet: AddClientConnection: Added client connection: [UNetConnection] RemoteAddr: 127.0.0.1:52347, Name: IpConnection_0, Driver: GameNetDriver IpNetDriver_0, IsServer: YES, PC: NULL, Owner: NULL, UniqueId: INVALID
[2021.04.14-21.09.38:829][776]LogNet: NotifyAcceptingChannel Control 0 server World /Game/Levels/Lobby.Lobby: Accepted
[2021.04.14-21.09.38:829][776]LogNet: Remote platform little endian=1
[2021.04.14-21.09.38:829][776]LogNet: This platform little endian=1
[2021.04.14-21.09.38:829][776]LogNetVersion: GamesAssignmentTwo 1.0.0.0, NetCL: 13144385, EngineNetVer: 14, GameNetVer: 0 (Checksum: 1872474305)
[2021.04.14-21.09.38:849][777]LogNet: Login request: ?Name=Programming-PC-F65105F04FA866D2B3A9D0A0F84BFD0B userId: NULL:Programming-PC-F65105F04FA866D2B3A9D0A0F84BFD0B platform: NULL
[2021.04.14-21.09.38:965][823]LogNet: Client netspeed is 10000
[2021.04.14-21.09.38:965][823]LogNet: Join request: /Game/Levels/MainMenu?Name=Programming-PC-F65105F04FA866D2B3A9D0A0F84BFD0B?SplitscreenCount=1
[2021.04.14-21.09.38:966][823]LogOnlineSession: Warning: OSS: No game present to join for session (GameSession)
[2021.04.14-21.09.38:968][823]LogTemp: Warning: 0
[2021.04.14-21.09.38:968][823]LogTemp: Warning: Players: 2
[2021.04.14-21.09.38:969][823]LogNet: Join succeeded: Programming-PC-F6510
[2021.04.14-21.09.45:506][147]LogNet: UChannel::ReceivedSequencedBunch: Bunch.bClose == true. ChIndex == 0. Calling ConditionalCleanUp.
[2021.04.14-21.09.45:506][147]LogNet: UChannel::CleanUp: ChIndex == 0. Closing connection. [UChannel] ChIndex: 0, Closing: 0 [UNetConnection] RemoteAddr: 127.0.0.1:52347, Name: IpConnection_0, Driver: GameNetDriver IpNetDriver_0, IsServer: YES, PC: BP_MainPlayerController_C_1, Owner: BP_MainPlayerController_C_1, UniqueId: NULL:Programming-PC-F65105F04FA866D2B3A9D0A0F84BFD0B
[2021.04.14-21.09.45:507][147]LogNet: UNetConnection::Close: [UNetConnection] RemoteAddr: 127.0.0.1:52347, Name: IpConnection_0, Driver: GameNetDriver IpNetDriver_0, IsServer: YES, PC: BP_MainPlayerController_C_1, Owner: BP_MainPlayerController_C_1, UniqueId: NULL:Programming-PC-F65105F04FA866D2B3A9D0A0F84BFD0B, Channels: 9, Time: 2021.04.14-21.09.45
[2021.04.14-21.09.45:508][147]LogNet: UChannel::Close: Sending CloseBunch. ChIndex == 0. Name: [UChannel] ChIndex: 0, Closing: 0 [UNetConnection] RemoteAddr: 127.0.0.1:52347, Name: IpConnection_0, Driver: GameNetDriver IpNetDriver_0, IsServer: YES, PC: BP_MainPlayerController_C_1, Owner: BP_MainPlayerController_C_1, UniqueId: NULL:Programming-PC-F65105F04FA866D2B3A9D0A0F84BFD0B
[2021.04.14-21.09.45:509][148]LogOnlineSession: Warning: OSS: No game present to leave for session (GameSession)
[2021.04.14-21.09.47:061][864]LogWindowsDesktop: Alt-F4 pressed!
[2021.04.14-21.09.47:070][864]LogSlate: Window 'GamesAssignmentTwo (64-bit Development PCD3D_SM5) ' being destroyed
[2021.04.14-21.09.47:070][864]LogWindowsTextInputMethodSystem: Display: IME system now deactivated.
[2021.04.14-21.09.47:077][864]LogOnlineSession: Warning: OSS: No game present to leave for session (GameSession)
[2021.04.14-21.09.47:078][864]LogSlate: Updating window title bar state: overlay mode, drag disabled, window buttons hidden, title bar hidden
[2021.04.14-21.09.47:078][864]LogEngine: All Windows Closed
[2021.04.14-21.09.47:080][864]LogWindows: FPlatformMisc::RequestExit(0)
[2021.04.14-21.09.47:082][864]LogCore: Engine exit requested (reason: Win RequestExit)
[2021.04.14-21.09.47:083][865]LogCore: Engine exit requested (reason: EngineExit() was called; note: exit was already requested)
[2021.04.14-21.09.47:087][865]LogAudio: Display: Shutting down audio device while 2 references to it are still alive. For more information, compile with INSTRUMENT_AUDIODEVICE_HANDLES.
[2021.04.14-21.09.47:124][865]LogInit: Display: PreExit Game.
[2021.04.14-21.09.47:157][865]LogWorld: BeginTearingDown for /Game/Levels/Lobby
[2021.04.14-21.09.47:157][865]LogNet: World NetDriver shutdown IpNetDriver_0 [GameNetDriver]
[2021.04.14-21.09.47:158][865]LogNet: DestroyNamedNetDriver IpNetDriver_0 [GameNetDriver]
[2021.04.14-21.09.47:159][865]LogExit: GameNetDriver IpNetDriver_0 shut down
[2021.04.14-21.09.47:159][865]LogWorld: UWorld::CleanupWorld for Lobby, bSessionEnded=true, bCleanupResources=true
[2021.04.14-21.09.47:159][865]LogSlate: InvalidateAllWidgets triggered.  All widgets were invalidated
[2021.04.14-21.09.47:874][865]LogExit: Preparing to exit.
[2021.04.14-21.09.47:874][865]LogMoviePlayer: Shutting down movie player
[2021.04.14-21.09.47:883][865]LogSlate: Updating window title bar state: overlay mode, drag disabled, window buttons hidden, title bar hidden
[2021.04.14-21.09.47:886][865]LogDemo: Cleaned up 0 splitscreen connections with owner deletion
[2021.04.14-21.09.47:889][865]LogExit: Game engine shut down
[2021.04.14-21.09.47:897][865]LogAISub: UAISubsystem::~UAISubsystem AISubsystem (00000236BCC358C0), frame # 4865
[2021.04.14-21.09.47:898][865]LogAISub: UAISubsystem::~UAISubsystem AIPerceptionSystem (00000236BCB6D6C0), frame # 4865
[2021.04.14-21.09.47:898][865]LogAISub: UAISubsystem::~UAISubsystem EnvQueryManager (00000236BCB67C00), frame # 4865
[2021.04.14-21.09.47:905][865]LogAISub: UAISubsystem::~UAISubsystem AIPerceptionSystem (00000236A5204A40), frame # 4865
[2021.04.14-21.09.47:905][865]LogAISub: UAISubsystem::~UAISubsystem EnvQueryManager (00000236A27BC800), frame # 4865
[2021.04.14-21.09.47:928][865]LogExit: Object subsystem successfully closed.
[2021.04.14-21.09.47:952][865]LogShaderCompilers: Display: Shaders left to compile 0
[2021.04.14-21.09.47:958][865]LogModuleManager: Shutting down and abandoning module SequenceRecorderSections (504)
[2021.04.14-21.09.47:958][865]LogModuleManager: Shutting down and abandoning module SequenceRecorder (502)
[2021.04.14-21.09.47:959][865]LogModuleManager: Shutting down and abandoning module AutomationController (500)
[2021.04.14-21.09.47:959][865]LogModuleManager: Shutting down and abandoning module AutomationWorker (498)
[2021.04.14-21.09.47:959][865]LogModuleManager: Shutting down and abandoning module Voice (496)
[2021.04.14-21.09.47:960][865]LogModuleManager: Shutting down and abandoning module AIModule (494)
[2021.04.14-21.09.47:960][865]LogModuleManager: Shutting down and abandoning module GameplayDebugger (493)
[2021.04.14-21.09.47:960][865]LogModuleManager: Shutting down and abandoning module AITestSuite (491)
[2021.04.14-21.09.47:961][865]LogModuleManager: Shutting down and abandoning module NavigationSystem (489)
[2021.04.14-21.09.47:961][865]LogModuleManager: Shutting down and abandoning module OculusMR (486)
[2021.04.14-21.09.47:962][865]LogModuleManager: Shutting down and abandoning module WmfMediaFactory (484)
[2021.04.14-21.09.47:963][865]LogModuleManager: Shutting down and abandoning module WebMMediaFactory (482)
[2021.04.14-21.09.47:963][865]LogModuleManager: Shutting down and abandoning module WebMMedia (480)
[2021.04.14-21.09.47:963][865]LogModuleManager: Shutting down and abandoning module OpenExrWrapper (478)
[2021.04.14-21.09.47:964][865]LogModuleManager: Shutting down and abandoning module ImgMediaFactory (476)
[2021.04.14-21.09.47:964][865]LogModuleManager: Shutting down and abandoning module AvfMediaFactory (474)
[2021.04.14-21.09.47:964][865]LogModuleManager: Shutting down and abandoning module MagicLeapMediaCodecFactory (472)
[2021.04.14-21.09.47:965][865]LogModuleManager: Shutting down and abandoning module MagicLeapMediaFactory (470)
[2021.04.14-21.09.47:965][865]LogModuleManager: Shutting down and abandoning module PlanarCut (468)
[2021.04.14-21.09.47:965][865]LogModuleManager: Shutting down and abandoning module CharacterAI (466)
[2021.04.14-21.09.47:966][865]LogModuleManager: Shutting down and abandoning module SessionServices (464)
[2021.04.14-21.09.47:966][865]LogModuleManager: Shutting down and abandoning module MovieSceneCapture (462)
[2021.04.14-21.09.47:966][865]LogModuleManager: Shutting down and abandoning module LiveCoding (460)
[2021.04.14-21.09.47:967][865]LogModuleManager: Shutting down and abandoning module LevelSequence (458)
[2021.04.14-21.09.47:967][865]LogModuleManager: Shutting down and abandoning module MovieSceneTracks (456)
[2021.04.14-21.09.47:968][865]LogModuleManager: Shutting down and abandoning module MovieScene (454)
[2021.04.14-21.09.47:968][865]LogModuleManager: Shutting down and abandoning module StreamingPauseRendering (452)
[2021.04.14-21.09.47:968][865]LogModuleManager: Shutting down and abandoning module PortalServices (450)
[2021.04.14-21.09.47:969][865]LogModuleManager: Shutting down and abandoning module PortalRpc (448)
[2021.04.14-21.09.47:969][865]LogModuleManager: Shutting down and abandoning module MessagingRpc (446)
[2021.04.14-21.09.47:969][865]LogModuleManager: Shutting down and abandoning module AudioMixerXAudio2 (444)
[2021.04.14-21.09.47:970][865]LogModuleManager: Shutting down and abandoning module AudioMixerCore (443)
[2021.04.14-21.09.47:970][865]LogModuleManager: Shutting down and abandoning module ProfilerService (440)
[2021.04.14-21.09.48:115][865]LogModuleManager: Shutting down and abandoning module TaskGraph (438)
[2021.04.14-21.09.48:115][865]LogModuleManager: Shutting down and abandoning module Synthesis (436)
[2021.04.14-21.09.48:116][865]LogModuleManager: Shutting down and abandoning module ProceduralMeshComponent (434)
[2021.04.14-21.09.48:117][865]LogModuleManager: Shutting down and abandoning module OculusInput (432)
[2021.04.14-21.09.48:117][865]LogModuleManager: Shutting down and abandoning module MobilePatchingUtils (430)
[2021.04.14-21.09.48:117][865]LogModuleManager: Shutting down and abandoning module GooglePAD (428)
[2021.04.14-21.09.48:117][865]LogModuleManager: Shutting down and abandoning module EditableMesh (426)
[2021.04.14-21.09.48:118][865]LogModuleManager: Shutting down and abandoning module CustomMeshComponent (424)
[2021.04.14-21.09.48:118][865]LogModuleManager: Shutting down and abandoning module CableComponent (422)
[2021.04.14-21.09.48:118][865]LogModuleManager: Shutting down and abandoning module AudioCapture (420)
[2021.04.14-21.09.48:119][865]LogModuleManager: Shutting down and abandoning module AudioCaptureRtAudio (419)
[2021.04.14-21.09.48:119][865]LogModuleManager: Shutting down and abandoning module AssetTags (416)
[2021.04.14-21.09.48:119][865]LogModuleManager: Shutting down and abandoning module ArchVisCharacter (414)
[2021.04.14-21.09.48:120][865]LogModuleManager: Shutting down and abandoning module AppleImageUtilsBlueprintSupport (412)
[2021.04.14-21.09.48:120][865]LogModuleManager: Shutting down and abandoning module AppleImageUtils (410)
[2021.04.14-21.09.48:121][865]LogModuleManager: Shutting down and abandoning module AndroidPermission (408)
[2021.04.14-21.09.48:121][865]LogModuleManager: Shutting down and abandoning module NUTUnrealEngine4 (406)
[2021.04.14-21.09.48:121][865]LogModuleManager: Shutting down and abandoning module NetcodeUnitTest (404)
[2021.04.14-21.09.48:122][865]LogModuleManager: Shutting down and abandoning module TemplateSequence (402)
[2021.04.14-21.09.48:122][865]LogModuleManager: Shutting down and abandoning module MovieRenderPipelineRenderPasses (400)
[2021.04.14-21.09.48:122][865]LogModuleManager: Shutting down and abandoning module MovieRenderPipelineSettings (398)
[2021.04.14-21.09.48:123][865]LogModuleManager: Shutting down and abandoning module MovieRenderPipelineCore (396)
[2021.04.14-21.09.48:123][865]LogModuleManager: Shutting down and abandoning module ImageWriteQueue (395)
[2021.04.14-21.09.48:127][865]LogModuleManager: Shutting down and abandoning module MediaCompositing (392)
[2021.04.14-21.09.48:127][865]LogModuleManager: Shutting down and abandoning module ImgMedia (390)
[2021.04.14-21.09.48:127][865]LogModuleManager: Shutting down and abandoning module MagicLeapSharedWorld (388)
[2021.04.14-21.09.48:128][865]LogModuleManager: Shutting down and abandoning module MagicLeapLightEstimation (386)
[2021.04.14-21.09.48:128][865]LogModuleManager: Shutting down and abandoning module MagicLeapHelperVulkan (384)
[2021.04.14-21.09.48:128][865]LogModuleManager: Shutting down and abandoning module MagicLeapHelperOpenGL (382)
[2021.04.14-21.09.48:128][865]LogModuleManager: Shutting down and abandoning module MagicLeapAudio (380)
[2021.04.14-21.09.48:129][865]LogModuleManager: Shutting down and abandoning module MeshSolverUtilities (378)
[2021.04.14-21.09.48:129][865]LogModuleManager: Shutting down and abandoning module MeshConversion (376)
[2021.04.14-21.09.48:129][865]LogModuleManager: Shutting down and abandoning module DynamicMesh (374)
[2021.04.14-21.09.48:130][865]LogModuleManager: Shutting down and abandoning module GeometryAlgorithms (372)
[2021.04.14-21.09.48:130][865]LogModuleManager: Shutting down and abandoning module GeometricObjects (370)
[2021.04.14-21.09.48:130][865]LogModuleManager: Shutting down and abandoning module GeometryCollectionTracks (368)
[2021.04.14-21.09.48:131][865]LogModuleManager: Shutting down and abandoning module GeometryCollectionSequencer (367)
[2021.04.14-21.09.48:131][865]LogModuleManager: Shutting down and abandoning module GeometryCacheTracks (364)
[2021.04.14-21.09.48:131][865]LogModuleManager: Shutting down and abandoning module GeometryCacheSequencer (363)
[2021.04.14-21.09.48:132][865]LogModuleManager: Shutting down and abandoning module GeometryCache (360)
[2021.04.14-21.09.48:132][865]LogModuleManager: Shutting down and abandoning module GeometryCacheEd (359)
[2021.04.14-21.09.48:133][865]LogModuleManager: Shutting down and abandoning module ChaosNiagara (356)
[2021.04.14-21.09.48:133][865]LogModuleManager: Shutting down and abandoning module ChaosCloth (354)
[2021.04.14-21.09.48:133][865]LogModuleManager: Shutting down and abandoning module BackChannel (352)
[2021.04.14-21.09.48:133][865]LogModuleManager: Shutting down and abandoning module AutomationUtils (350)
[2021.04.14-21.09.48:134][865]LogModuleManager: Shutting down and abandoning module VisualStudioSourceCodeAccess (348)
[2021.04.14-21.09.48:134][865]LogModuleManager: Shutting down and abandoning module HotReload (347)
[2021.04.14-21.09.48:135][865]LogModuleManager: Shutting down and abandoning module VisualStudioCodeSourceCodeAccess (344)
[2021.04.14-21.09.48:136][865]LogModuleManager: Shutting down and abandoning module UObjectPlugin (342)
[2021.04.14-21.09.48:137][865]LogModuleManager: Shutting down and abandoning module SubversionSourceControl (340)
[2021.04.14-21.09.48:137][865]LogModuleManager: Shutting down and abandoning module RiderSourceCodeAccess (338)
[2021.04.14-21.09.48:137][865]LogModuleManager: Shutting down and abandoning module PerforceSourceControl (336)
[2021.04.14-21.09.48:138][865]LogModuleManager: Shutting down and abandoning module SourceControl (335)
[2021.04.14-21.09.48:138][865]LogModuleManager: Shutting down and abandoning module CLionSourceCodeAccess (332)
[2021.04.14-21.09.48:138][865]LogModuleManager: Shutting down and abandoning module ActorLayerUtilities (330)
[2021.04.14-21.09.48:139][865]LogModuleManager: Shutting down and abandoning module GamesAssignmentTwo (328)
[2021.04.14-21.09.48:139][865]LogModuleManager: Shutting down and abandoning module SoundFields (326)
[2021.04.14-21.09.48:139][865]LogModuleManager: Shutting down and abandoning module SignificanceManager (324)
[2021.04.14-21.09.48:140][865]LogModuleManager: Shutting down and abandoning module RuntimePhysXCooking (322)
[2021.04.14-21.09.48:140][865]LogModuleManager: Shutting down and abandoning module PhysXVehiclesEditor (320)
[2021.04.14-21.09.48:140][865]LogModuleManager: Shutting down and abandoning module LocationServicesBPLibrary (316)
[2021.04.14-21.09.48:141][865]LogModuleManager: Shutting down and abandoning module ActorSequence (314)
[2021.04.14-21.09.48:141][865]LogModuleManager: Shutting down and abandoning module UdpMessaging (312)
[2021.04.14-21.09.48:141][865]LogModuleManager: Shutting down and abandoning module TcpMessaging (310)
[2021.04.14-21.09.48:142][865]LogModuleManager: Shutting down and abandoning module MagicLeapARPin (308)
[2021.04.14-21.09.48:142][865]LogModuleManager: Shutting down and abandoning module MagicLeapHandMeshing (306)
[2021.04.14-21.09.48:142][865]LogModuleManager: Shutting down and abandoning module MagicLeapSecureStorage (304)
[2021.04.14-21.09.48:143][865]LogModuleManager: Shutting down and abandoning module MagicLeapPrivileges (302)
[2021.04.14-21.09.48:143][865]LogModuleManager: Shutting down and abandoning module MagicLeapPlanes (300)
[2021.04.14-21.09.48:143][865]LogMagicLeapPlanes: Planes tracker already destroyed.
[2021.04.14-21.09.48:144][865]LogModuleManager: Shutting down and abandoning module MagicLeapImageTracker (298)
[2021.04.14-21.09.48:144][865]LogModuleManager: Shutting down and abandoning module MagicLeapIdentity (296)
[2021.04.14-21.09.48:144][865]LogModuleManager: Shutting down and abandoning module MagicLeapHandTracking (294)
[2021.04.14-21.09.48:145][865]LogModuleManager: Shutting down and abandoning module MagicLeapEyeTracker (292)
[2021.04.14-21.09.48:147][865]LogModuleManager: Shutting down and abandoning module MagicLeapController (290)
[2021.04.14-21.09.48:147][865]LogSlate: Slate User Destroyed.  User Index 0, Is Virtual User: 0
[2021.04.14-21.09.48:147][865]LogModuleManager: Shutting down and abandoning module MagicLeapARPinImpl (288)
[2021.04.14-21.09.48:148][865]LogModuleManager: Shutting down and abandoning module MagicLeapAR (286)
[2021.04.14-21.09.48:148][865]LogModuleManager: Shutting down and abandoning module AugmentedReality (285)
[2021.04.14-21.09.48:148][865]LogModuleManager: Shutting down and abandoning module NiagaraAnimNotifies (282)
[2021.04.14-21.09.48:149][865]LogModuleManager: Shutting down and abandoning module Niagara (280)
[2021.04.14-21.09.48:149][865]LogModuleManager: Shutting down and abandoning module SignalProcessing (279)
[2021.04.14-21.09.48:149][865]LogModuleManager: Shutting down and abandoning module NiagaraEditor (277)
[2021.04.14-21.09.48:150][865]LogModuleManager: Shutting down and abandoning module NiagaraCore (274)
[2021.04.14-21.09.48:150][865]LogModuleManager: Shutting down and abandoning module GameplayTagsEditor (272)
[2021.04.14-21.09.48:150][865]LogModuleManager: Shutting down and abandoning module FacialAnimation (270)
[2021.04.14-21.09.48:150][865]LogModuleManager: Shutting down and abandoning module AssetManagerEditor (268)
[2021.04.14-21.09.48:151][865]LogModuleManager: Shutting down and abandoning module TreeMap (267)
[2021.04.14-21.09.48:151][865]LogModuleManager: Shutting down and abandoning module AnimationSharing (264)
[2021.04.14-21.09.48:152][865]LogModuleManager: Shutting down and abandoning module LightPropagationVolumeRuntime (262)
[2021.04.14-21.09.48:152][865]LogModuleManager: Shutting down and abandoning module Paper2D (260)
[2021.04.14-21.09.48:152][865]LogModuleManager: Shutting down and abandoning module WindowsMoviePlayer (258)
[2021.04.14-21.09.48:153][865]LogModuleManager: Shutting down and abandoning module WebMMoviePlayer (256)
[2021.04.14-21.09.48:153][865]LogModuleManager: Shutting down and abandoning module NetworkReplayStreaming (254)
[2021.04.14-21.09.48:153][865]LogModuleManager: Shutting down and abandoning module PacketHandler (252)
[2021.04.14-21.09.48:154][865]LogModuleManager: Shutting down and abandoning module ClothingSystemEditor (250)
[2021.04.14-21.09.48:154][865]LogModuleManager: Shutting down and abandoning module ClothingSystemRuntimeNv (248)
[2021.04.14-21.09.48:154][865]LogModuleManager: Shutting down and abandoning module MediaAssets (246)
[2021.04.14-21.09.48:155][865]LogModuleManager: Shutting down and abandoning module Overlay (244)
[2021.04.14-21.09.48:157][865]LogModuleManager: Shutting down and abandoning module OverlayEditor (243)
[2021.04.14-21.09.48:157][865]LogModuleManager: Shutting down and abandoning module VREditor (240)
[2021.04.14-21.09.48:157][865]LogModuleManager: Shutting down and abandoning module StringTableEditor (238)
[2021.04.14-21.09.48:157][865]LogModuleManager: Shutting down and abandoning module GameplayTasksEditor (236)
[2021.04.14-21.09.48:158][865]LogModuleManager: Shutting down and abandoning module BehaviorTreeEditor (234)
[2021.04.14-21.09.48:158][865]LogModuleManager: Shutting down and abandoning module FunctionalTesting (232)
[2021.04.14-21.09.48:158][865]LogModuleManager: Shutting down and abandoning module CollisionAnalyzer (230)
[2021.04.14-21.09.48:159][865]LogModuleManager: Shutting down and abandoning module UMG (228)
[2021.04.14-21.09.48:159][865]LogModuleManager: Shutting down and abandoning module UMGEditor (227)
[2021.04.14-21.09.48:159][865]LogModuleManager: Shutting down and abandoning module Sequencer (226)
[2021.04.14-21.09.48:160][865]LogModuleManager: Shutting down and abandoning module MessageLog (223)
[2021.04.14-21.09.48:160][865]LogModuleManager: Shutting down and abandoning module MaterialEditor (221)
[2021.04.14-21.09.48:160][865]LogModuleManager: Shutting down and abandoning module ContentBrowser (220)
[2021.04.14-21.09.48:161][865]LogModuleManager: Shutting down and abandoning module WorkspaceMenuStructure (219)
[2021.04.14-21.09.48:161][865]LogModuleManager: Shutting down and abandoning module CollectionManager (217)
[2021.04.14-21.09.48:162][865]LogModuleManager: Shutting down and abandoning module DirectoryWatcher (216)
[2021.04.14-21.09.48:162][865]LogModuleManager: Shutting down and abandoning module SlateReflector (208)
[2021.04.14-21.09.48:162][865]LogModuleManager: Shutting down and abandoning module Slate (206)
[2021.04.14-21.09.48:162][865]LogModuleManager: Shutting down and abandoning module SlateCore (204)
[2021.04.14-21.09.48:163][865]LogModuleManager: Shutting down and abandoning module LandscapeEditorUtilities (202)
[2021.04.14-21.09.48:163][865]LogModuleManager: Shutting down and abandoning module EditorStyle (200)
[2021.04.14-21.09.48:164][865]LogModuleManager: Shutting down and abandoning module UnrealEd (198)
[2021.04.14-21.09.48:164][865]LogModuleManager: Shutting down and abandoning module MRMesh (196)
[2021.04.14-21.09.48:164][865]LogModuleManager: Shutting down and abandoning module Messaging (194)
[2021.04.14-21.09.48:165][865]LogModuleManager: Shutting down and abandoning module SourceCodeAccess (192)
[2021.04.14-21.09.48:167][865]LogModuleManager: Shutting down and abandoning module HeadMountedDisplay (190)
[2021.04.14-21.09.48:167][865]LogModuleManager: Shutting down and abandoning module XAudio2 (188)
[2021.04.14-21.09.48:167][865]LogModuleManager: Shutting down and abandoning module Networking (186)
[2021.04.14-21.09.48:168][865]LogModuleManager: Shutting down and abandoning module Core (184)
[2021.04.14-21.09.48:168][865]LogModuleManager: Shutting down and abandoning module MovieSceneTools (182)
[2021.04.14-21.09.48:168][865]LogModuleManager: Shutting down and abandoning module KismetCompiler (180)
[2021.04.14-21.09.48:169][865]LogModuleManager: Shutting down and abandoning module MeshBuilder (178)
[2021.04.14-21.09.48:169][865]LogModuleManager: Shutting down and abandoning module MeshUtilities (176)
[2021.04.14-21.09.48:169][865]LogModuleManager: Shutting down and abandoning module MeshMergeUtilities (175)
[2021.04.14-21.09.48:170][865]LogModuleManager: Shutting down and abandoning module MeshReductionInterface (174)
[2021.04.14-21.09.48:170][865]LogModuleManager: Shutting down and abandoning module MeshBoneReduction (173)
[2021.04.14-21.09.48:170][865]LogModuleManager: Shutting down and abandoning module SkeletalMeshReduction (171)
[2021.04.14-21.09.48:171][865]LogModuleManager: Shutting down and abandoning module ProxyLODMeshReduction (169)
[2021.04.14-21.09.48:171][865]LogModuleManager: Shutting down and abandoning module QuadricMeshReduction (167)
[2021.04.14-21.09.48:171][865]LogModuleManager: Shutting down and abandoning module MaterialBaking (163)
[2021.04.14-21.09.48:172][865]LogModuleManager: Shutting down and abandoning module NullInstallBundleManager (158)
[2021.04.14-21.09.48:172][865]LogModuleManager: Shutting down and abandoning module PIEPreviewDeviceProfileSelector (156)
[2021.04.14-21.09.48:172][865]LogModuleManager: Shutting down and abandoning module DerivedDataCache (154)
[2021.04.14-21.09.48:173][865]LogModuleManager: Shutting down and abandoning module XGEController (152)
[2021.04.14-21.09.48:173][865]LogXGEController: Cleaning working directory: C:/Users/aveng/AppData/Local/Temp/UnrealXGEWorkingDir/
[2021.04.14-21.09.48:174][865]LogModuleManager: Shutting down and abandoning module TargetPlatform (150)
[2021.04.14-21.09.48:174][865]LogModuleManager: Shutting down and abandoning module VulkanShaderFormat (149)
[2021.04.14-21.09.48:174][865]LogModuleManager: Shutting down and abandoning module ShaderFormatVectorVM (147)
[2021.04.14-21.09.48:174][865]LogModuleManager: Shutting down and abandoning module ShaderFormatOpenGL (145)
[2021.04.14-21.09.48:175][865]LogModuleManager: Shutting down and abandoning module ShaderFormatD3D (143)
[2021.04.14-21.09.48:177][865]LogModuleManager: Shutting down and abandoning module MetalShaderFormat (141)
[2021.04.14-21.09.48:177][865]LogModuleManager: Shutting down and abandoning module TextureFormatUncompressed (139)
[2021.04.14-21.09.48:177][865]LogModuleManager: Shutting down and abandoning module TextureFormatPVR (137)
[2021.04.14-21.09.48:178][865]LogModuleManager: Shutting down and abandoning module TextureFormatDXT (135)
[2021.04.14-21.09.48:178][865]LogModuleManager: Shutting down and abandoning module TextureFormatIntelISPCTexComp (133)
[2021.04.14-21.09.48:178][865]LogModuleManager: Shutting down and abandoning module TextureFormatASTC (131)
[2021.04.14-21.09.48:179][865]LogModuleManager: Shutting down and abandoning module ImageWrapper (130)
[2021.04.14-21.09.48:179][865]LogModuleManager: Shutting down and abandoning module TextureFormatAndroid (127)
[2021.04.14-21.09.48:179][865]LogModuleManager: Shutting down and abandoning module AudioFormatOpus (125)
[2021.04.14-21.09.48:180][865]LogModuleManager: Shutting down and abandoning module AudioFormatOgg (123)
[2021.04.14-21.09.48:180][865]LogModuleManager: Shutting down and abandoning module AudioFormatADPCM (121)
[2021.04.14-21.09.48:181][865]LogModuleManager: Shutting down and abandoning module WindowsServerTargetPlatform (119)
[2021.04.14-21.09.48:181][865]LogModuleManager: Shutting down and abandoning module WindowsClientTargetPlatform (117)
[2021.04.14-21.09.48:181][865]LogModuleManager: Shutting down and abandoning module WindowsTargetPlatform (115)
[2021.04.14-21.09.48:182][865]LogModuleManager: Shutting down and abandoning module WindowsNoEditorTargetPlatform (113)
[2021.04.14-21.09.48:182][865]LogModuleManager: Shutting down and abandoning module InputCore (110)
[2021.04.14-21.09.48:182][865]LogModuleManager: Shutting down and abandoning module Settings (108)
[2021.04.14-21.09.48:183][865]LogModuleManager: Shutting down and abandoning module PhysXCooking (106)
[2021.04.14-21.09.48:183][865]LogModuleManager: Shutting down and abandoning module ChaosSolvers (104)
[2021.04.14-21.09.48:183][865]LogModuleManager: Shutting down and abandoning module FieldSystemEngine (103)
[2021.04.14-21.09.48:183][865]LogModuleManager: Shutting down and abandoning module Chaos (100)
[2021.04.14-21.09.48:184][865]LogModuleManager: Shutting down and abandoning module WindowsPlatformFeatures (98)
[2021.04.14-21.09.48:184][865]LogModuleManager: Shutting down and abandoning module GameplayMediaEncoder (97)
[2021.04.14-21.09.48:185][865]LogModuleManager: Shutting down and abandoning module AVEncoder (96)
[2021.04.14-21.09.48:186][865]LogModuleManager: Shutting down and abandoning module SteamVRInputDevice (92)
[2021.04.14-21.09.48:187][865]LogModuleManager: Shutting down and abandoning module SteamVRInput (90)
[2021.04.14-21.09.48:187][865]LogModuleManager: Shutting down and abandoning module SteamVR (88)
[2021.04.14-21.09.48:187][865]LogHMD: Freeing OpenVRDLLHandle.
[2021.04.14-21.09.48:188][865]LogModuleManager: Shutting down and abandoning module OculusHMD (86)
[2021.04.14-21.09.48:188][865]LogModuleManager: Shutting down and abandoning module ExampleDeviceProfileSelector (84)
[2021.04.14-21.09.48:188][865]LogModuleManager: Shutting down and abandoning module LauncherChunkInstaller (82)
[2021.04.14-21.09.48:189][865]LogModuleManager: Shutting down and abandoning module OnlineBlueprintSupport (80)
[2021.04.14-21.09.48:189][865]LogModuleManager: Shutting down and abandoning module OnlineSubsystem (76)
[2021.04.14-21.09.48:190][865]LogModuleManager: Shutting down and abandoning module XMPP (71)
[2021.04.14-21.09.48:190][865]LogModuleManager: Shutting down and abandoning module WebSockets (70)
[2021.04.14-21.09.48:210][865]LogModuleManager: Shutting down and abandoning module HTTP (67)
[2021.04.14-21.09.48:237][865]LogModuleManager: Shutting down and abandoning module SSL (66)
[2021.04.14-21.09.48:238][865]LogModuleManager: Shutting down and abandoning module WmfMedia (62)
[2021.04.14-21.09.48:239][865]LogModuleManager: Shutting down and abandoning module Media (61)
[2021.04.14-21.09.48:239][865]LogModuleManager: Shutting down and abandoning module MagicLeap (58)
[2021.04.14-21.09.48:239][865]LogModuleManager: Shutting down and abandoning module NiagaraVertexFactories (56)
[2021.04.14-21.09.48:240][865]LogModuleManager: Shutting down and abandoning module NiagaraShader (54)
[2021.04.14-21.09.48:240][865]LogModuleManager: Shutting down and abandoning module VariantManagerContent (52)
[2021.04.14-21.09.48:240][865]LogModuleManager: Shutting down and abandoning module DatasmithContent (50)
[2021.04.14-21.09.48:241][865]LogModuleManager: Shutting down and abandoning module AISupportModule (48)
[2021.04.14-21.09.48:241][865]LogModuleManager: Shutting down and abandoning module DesktopPlatform (46)
[2021.04.14-21.09.48:241][865]LogModuleManager: Shutting down and abandoning module PlatformCryptoOpenSSL (44)
[2021.04.14-21.09.48:242][865]LogModuleManager: Shutting down and abandoning module PlatformCryptoTypes (42)
[2021.04.14-21.09.48:242][865]LogModuleManager: Shutting down and abandoning module PlatformCrypto (40)
[2021.04.14-21.09.48:242][865]LogModuleManager: Shutting down and abandoning module AnimationModifiers (38)
[2021.04.14-21.09.48:243][865]LogModuleManager: Shutting down and abandoning module PropertyEditor (37)
[2021.04.14-21.09.48:243][865]LogModuleManager: Shutting down and abandoning module AudioEditor (34)
[2021.04.14-21.09.48:243][865]LogModuleManager: Shutting down and abandoning module TextureCompressor (32)
[2021.04.14-21.09.48:244][865]LogModuleManager: Shutting down and abandoning module RenderCore (30)
[2021.04.14-21.09.48:244][865]LogModuleManager: Shutting down and abandoning module Landscape (28)
[2021.04.14-21.09.48:244][865]LogModuleManager: Shutting down and abandoning module SlateRHIRenderer (26)
[2021.04.14-21.09.48:245][865]LogModuleManager: Shutting down and abandoning module OpenGLDrv (24)
[2021.04.14-21.09.48:245][865]LogModuleManager: Shutting down and abandoning module D3D11RHI (22)
[2021.04.14-21.09.48:245][865]LogModuleManager: Shutting down and abandoning module AnimGraphRuntime (20)
[2021.04.14-21.09.48:246][865]LogModuleManager: Shutting down and abandoning module Renderer (18)
[2021.04.14-21.09.48:246][865]LogModuleManager: Shutting down and abandoning module Engine (16)
[2021.04.14-21.09.48:246][865]LogModuleManager: Shutting down and abandoning module CoreUObject (14)
[2021.04.14-21.09.48:246][865]LogModuleManager: Shutting down and abandoning module NetworkFile (12)
[2021.04.14-21.09.48:247][865]LogModuleManager: Shutting down and abandoning module CookedIterativeFile (10)
[2021.04.14-21.09.48:249][865]LogModuleManager: Shutting down and abandoning module StreamingFile (8)
[2021.04.14-21.09.48:249][865]LogModuleManager: Shutting down and abandoning module SandboxFile (6)
[2021.04.14-21.09.48:249][865]LogModuleManager: Shutting down and abandoning module PakFile (4)
[2021.04.14-21.09.48:250][865]LogModuleManager: Shutting down and abandoning module RSA (3)
[2021.04.14-21.09.48:363][865]LogContentStreaming: Display: There are 1 unreleased StreamingManagers
[2021.04.14-21.09.48:364][865]LogD3D11RHI: Shutdown
[2021.04.14-21.09.48:364][865]LogD3D11RHI: CleanupD3DDevice
[2021.04.14-21.09.48:379][865]LogExit: Exiting.
[2021.04.14-21.09.48:394][865]Log file closed, 04/14/21 22:09:48
