Log file open, 04/14/21 22:04:24
LogInit: Display: Running engine for game: GamesAssignmentTwo
LogPlatformFile: Not using cached read wrapper
LogTaskGraph: Started task graph with 5 named threads and 71 total threads with 3 sets of task threads.
LogStats: Stats thread started at 0.219073
LogD3D11RHI: Loaded GFSDK_Aftermath_Lib.x64.dll
LogICUInternationalization: ICU TimeZone Detection - Raw Offset: +0:00, Platform Override: ''
LogPluginManager: Mounting plugin Paper2D
LogPluginManager: Mounting plugin AISupport
LogPluginManager: Mounting plugin LightPropagationVolume
LogPluginManager: Mounting plugin CameraShakePreviewer
LogPluginManager: Mounting plugin ActorLayerUtilities
LogPluginManager: Mounting plugin AnimationSharing
LogPluginManager: Mounting plugin CLionSourceCodeAccess
LogPluginManager: Mounting plugin CodeLiteSourceCodeAccess
LogPluginManager: Mounting plugin GitSourceControl
LogPluginManager: Mounting plugin KDevelopSourceCodeAccess
LogPluginManager: Mounting plugin NullSourceCodeAccess
LogPluginManager: Mounting plugin PerforceSourceControl
LogPluginManager: Mounting plugin PlasticSourceControl
LogPluginManager: Mounting plugin RiderSourceCodeAccess
LogPluginManager: Mounting plugin SubversionSourceControl
LogPluginManager: Mounting plugin UObjectPlugin
LogPluginManager: Mounting plugin VisualStudioCodeSourceCodeAccess
LogPluginManager: Mounting plugin VisualStudioSourceCodeAccess
LogPluginManager: Mounting plugin XCodeSourceCodeAccess
LogPluginManager: Mounting plugin AssetManagerEditor
LogPluginManager: Mounting plugin CryptoKeys
LogPluginManager: Mounting plugin CurveEditorTools
LogPluginManager: Mounting plugin DataValidation
LogPluginManager: Mounting plugin EditorScriptingUtilities
LogPluginManager: Mounting plugin FacialAnimation
LogPluginManager: Mounting plugin GameplayTagsEditor
LogPluginManager: Mounting plugin GeometryMode
LogPluginManager: Mounting plugin MacGraphicsSwitching
LogPluginManager: Mounting plugin MaterialAnalyzer
LogPluginManager: Mounting plugin MobileLauncherProfileWizard
LogPluginManager: Mounting plugin PluginBrowser
LogPluginManager: Mounting plugin SpeedTreeImporter
LogPluginManager: Mounting plugin DatasmithContent
LogPluginManager: Mounting plugin VariantManagerContent
LogPluginManager: Mounting plugin AlembicImporter
LogPluginManager: Mounting plugin AutomationUtils
LogPluginManager: Mounting plugin BackChannel
LogPluginManager: Mounting plugin ChaosCloth
LogPluginManager: Mounting plugin ChaosClothEditor
LogPluginManager: Mounting plugin ChaosEditor
LogPluginManager: Mounting plugin ChaosNiagara
LogPluginManager: Mounting plugin ChaosSolverPlugin
LogPluginManager: Mounting plugin CharacterAI
LogPluginManager: Mounting plugin GeometryCache
LogPluginManager: Mounting plugin GeometryCollectionPlugin
LogPluginManager: Mounting plugin GeometryProcessing
LogPluginManager: Mounting plugin PlanarCut
LogPluginManager: Mounting plugin PlatformCrypto
LogPluginManager: Mounting plugin ProxyLODPlugin
LogPluginManager: Mounting plugin SkeletalReduction
LogPluginManager: Mounting plugin Niagara
LogPluginManager: Mounting plugin NiagaraExtras
LogPluginManager: Mounting plugin MagicLeap
LogPluginManager: Mounting plugin MagicLeapLightEstimation
LogPluginManager: Mounting plugin MagicLeapMedia
LogPluginManager: Mounting plugin MagicLeapPassableWorld
LogPluginManager: Mounting plugin MLSDK
LogPluginManager: Mounting plugin AndroidMedia
LogPluginManager: Mounting plugin AvfMedia
LogPluginManager: Mounting plugin ImgMedia
LogPluginManager: Mounting plugin MediaCompositing
LogPluginManager: Mounting plugin MediaPlayerEditor
LogPluginManager: Mounting plugin WebMMedia
LogPluginManager: Mounting plugin WmfMedia
LogPluginManager: Mounting plugin MeshPainting
LogPluginManager: Mounting plugin TcpMessaging
LogPluginManager: Mounting plugin UdpMessaging
LogPluginManager: Mounting plugin ActorSequence
LogPluginManager: Mounting plugin LevelSequenceEditor
LogPluginManager: Mounting plugin MatineeToLevelSequence
LogPluginManager: Mounting plugin MovieRenderPipeline
LogPluginManager: Mounting plugin TemplateSequence
LogPluginManager: Mounting plugin NetcodeUnitTest
LogPluginManager: Mounting plugin NUTUnrealEngine4
LogPluginManager: Mounting plugin OnlineSubsystemGooglePlay
LogPluginManager: Mounting plugin OnlineSubsystemIOS
LogPluginManager: Mounting plugin OnlineSubsystem
LogPluginManager: Mounting plugin OnlineSubsystemNull
LogPluginManager: Mounting plugin OnlineSubsystemUtils
LogPluginManager: Mounting plugin LauncherChunkInstaller
LogPluginManager: Mounting plugin AndroidDeviceProfileSelector
LogPluginManager: Mounting plugin AndroidMoviePlayer
LogPluginManager: Mounting plugin AndroidPermission
LogPluginManager: Mounting plugin AppleImageUtils
LogPluginManager: Mounting plugin AppleMoviePlayer
LogPluginManager: Mounting plugin ArchVisCharacter
LogPluginManager: Mounting plugin AssetTags
LogPluginManager: Mounting plugin AudioCapture
LogPluginManager: Mounting plugin CableComponent
LogPluginManager: Mounting plugin CustomMeshComponent
LogPluginManager: Mounting plugin EditableMesh
LogPluginManager: Mounting plugin ExampleDeviceProfileSelector
LogPluginManager: Mounting plugin GoogleCloudMessaging
LogPluginManager: Mounting plugin GooglePAD
LogPluginManager: Mounting plugin IOSDeviceProfileSelector
LogPluginManager: Mounting plugin LinuxDeviceProfileSelector
LogPluginManager: Mounting plugin LocationServicesBPLibrary
LogPluginManager: Mounting plugin MobilePatchingUtils
LogPluginManager: Mounting plugin OculusVR
LogPluginManager: Mounting plugin PhysXVehicles
LogPluginManager: Mounting plugin PostSplashScreen
LogPluginManager: Mounting plugin ProceduralMeshComponent
LogPluginManager: Mounting plugin RuntimePhysXCooking
LogPluginManager: Mounting plugin SignificanceManager
LogPluginManager: Mounting plugin SoundFields
LogPluginManager: Mounting plugin SteamVR
LogPluginManager: Mounting plugin Synthesis
LogPluginManager: Mounting plugin WebMMoviePlayer
LogPluginManager: Mounting plugin WindowsMoviePlayer
LogPluginManager: Mounting plugin ScreenshotTools
LogInit: Using libcurl 7.55.1-DEV
LogInit:  - built for x86_64-pc-win32
LogInit:  - supports SSL with OpenSSL/1.1.1
LogInit:  - supports HTTP deflate (compression) using libz 1.2.8
LogInit:  - other features:
LogInit:      CURL_VERSION_SSL
LogInit:      CURL_VERSION_LIBZ
LogInit:      CURL_VERSION_IPV6
LogInit:      CURL_VERSION_ASYNCHDNS
LogInit:      CURL_VERSION_LARGEFILE
LogInit:      CURL_VERSION_IDN
LogInit:  CurlRequestOptions (configurable via config and command line):
LogInit:  - bVerifyPeer = true  - Libcurl will verify peer certificate
LogInit:  - bUseHttpProxy = false  - Libcurl will NOT use HTTP proxy
LogInit:  - bDontReuseConnections = false  - Libcurl will reuse connections
LogInit:  - MaxHostConnections = 16  - Libcurl will limit the number of connections to a host
LogInit:  - LocalHostAddr = Default
LogInit:  - BufferSize = 65536
LogOnline: OSS: Creating online subsystem instance for: NULL
LogInit: WinSock: version 1.1 (2.2), MaxSocks=32767, MaxUdp=65467
LogOnline: OSS: TryLoadSubsystemAndSetDefault: Loaded subsystem for module [NULL]
LogInit: Build: ++UE4+Release-4.25-CL-14469661
LogInit: Engine Version: 4.25.4-14469661+++UE4+Release-4.25
LogInit: Compatible Engine Version: 4.25.0-13144385+++UE4+Release-4.25
LogInit: Net CL: 13144385
LogInit: OS: Windows 10 (Release 2009) (), CPU: AMD Ryzen 9 3900X 12-Core Processor            , GPU: NVIDIA GeForce GTX 1060 6GB
LogInit: Compiled (64-bit): Oct 11 2020 08:10:49
LogInit: Compiled with Visual C++: 19.24.28315.00
LogInit: Build Configuration: Development
LogInit: Branch Name: ++UE4+Release-4.25
LogInit: Command Line: -log -game
LogInit: Base Directory: E:/UNREAL ENGINE/UE_4.25/Engine/Binaries/Win64/
LogInit: Allocator: TBB
LogInit: Installed Engine Build: 1
LogDevObjectVersion: Number of dev versions registered: 26
LogDevObjectVersion:   Dev-Blueprints (B0D832E4-1F89-4F0D-ACCF-7EB736FD4AA2): 10
LogDevObjectVersion:   Dev-Build (E1C64328-A22C-4D53-A36C-8E866417BD8C): 0
LogDevObjectVersion:   Dev-Core (375EC13C-06E4-48FB-B500-84F0262A717E): 4
LogDevObjectVersion:   Dev-Editor (E4B068ED-F494-42E9-A231-DA0B2E46BB41): 38
LogDevObjectVersion:   Dev-Framework (CFFC743F-43B0-4480-9391-14DF171D2073): 37
LogDevObjectVersion:   Dev-Mobile (B02B49B5-BB20-44E9-A304-32B752E40360): 2
LogDevObjectVersion:   Dev-Networking (A4E4105C-59A1-49B5-A7C5-40C4547EDFEE): 0
LogDevObjectVersion:   Dev-Online (39C831C9-5AE6-47DC-9A44-9C173E1C8E7C): 0
LogDevObjectVersion:   Dev-Physics (78F01B33-EBEA-4F98-B9B4-84EACCB95AA2): 4
LogDevObjectVersion:   Dev-Platform (6631380F-2D4D-43E0-8009-CF276956A95A): 0
LogDevObjectVersion:   Dev-Rendering (12F88B9F-8875-4AFC-A67C-D90C383ABD29): 43
LogDevObjectVersion:   Dev-Sequencer (7B5AE74C-D270-4C10-A958-57980B212A5A): 12
LogDevObjectVersion:   Dev-VR (D7296918-1DD6-4BDD-9DE2-64A83CC13884): 3
LogDevObjectVersion:   Dev-LoadTimes (C2A15278-BFE7-4AFE-6C17-90FF531DF755): 1
LogDevObjectVersion:   Private-Geometry (6EACA3D4-40EC-4CC1-B786-8BED09428FC5): 3
LogDevObjectVersion:   Dev-AnimPhys (29E575DD-E0A3-4627-9D10-D276232CDCEA): 17
LogDevObjectVersion:   Dev-Anim (AF43A65D-7FD3-4947-9873-3E8ED9C1BB05): 7
LogDevObjectVersion:   Dev-ReflectionCapture (6B266CEC-1EC7-4B8F-A30B-E4D90942FC07): 1
LogDevObjectVersion:   Dev-Automation (0DF73D61-A23F-47EA-B727-89E90C41499A): 1
LogDevObjectVersion:   FortniteMain (601D1886-AC64-4F84-AA16-D3DE0DEAC7D6): 31
LogDevObjectVersion:   Dev-Enterprise (9DFFBCD6-494F-0158-E221-12823C92A888): 10
LogDevObjectVersion:   Dev-Niagara (F2AED0AC-9AFE-416F-8664-AA7FFA26D6FC): 1
LogDevObjectVersion:   Dev-Destruction (174F1F0B-B4C6-45A5-B13F-2EE8D0FB917D): 10
LogDevObjectVersion:   Dev-Physics-Ext (35F94A83-E258-406C-A318-09F59610247C): 37
LogDevObjectVersion:   Dev-PhysicsMaterial-Chaos (B68FC16E-8B1B-42E2-B453-215C058844FE): 1
LogDevObjectVersion:   Dev-CineCamera (B2E18506-4273-CFC2-A54E-F4BB758BBA07): 1
LogInit: Presizing for max 25165824 objects, including 0 objects not considered by GC, pre-allocating 0 bytes for permanent pool.
LogConfig: Applying CVar settings from Section [/Script/Engine.StreamingSettings] File [C:/Users/aveng/Documents/GitHub/GamesAssignment2-SecondYear/Games Assignment Two/GamesAssignmentTwo/Saved/Config/Windows/Engine.ini]
LogConfig: Setting CVar [[s.MinBulkDataSizeForAsyncLoading:131072]]
LogConfig: Setting CVar [[s.AsyncLoadingThreadEnabled:0]]
LogConfig: Setting CVar [[s.EventDrivenLoaderEnabled:1]]
LogConfig: Setting CVar [[s.WarnIfTimeLimitExceeded:0]]
LogConfig: Setting CVar [[s.TimeLimitExceededMultiplier:1.5]]
LogConfig: Setting CVar [[s.TimeLimitExceededMinTime:0.005]]
LogConfig: Setting CVar [[s.UseBackgroundLevelStreaming:1]]
LogConfig: Setting CVar [[s.PriorityAsyncLoadingExtraTime:15.0]]
LogConfig: Setting CVar [[s.LevelStreamingActorsUpdateTimeLimit:5.0]]
LogConfig: Setting CVar [[s.PriorityLevelStreamingActorsUpdateExtraTime:5.0]]
LogConfig: Setting CVar [[s.LevelStreamingComponentsRegistrationGranularity:10]]
LogConfig: Setting CVar [[s.UnregisterComponentsTimeLimit:1.0]]
LogConfig: Setting CVar [[s.LevelStreamingComponentsUnregistrationGranularity:5]]
LogConfig: Setting CVar [[s.FlushStreamingOnExit:1]]
LogInit: Object subsystem initialized
LogConfig: Setting CVar [[con.DebugEarlyDefault:1]]
LogConfig: Setting CVar [[r.setres:1280x720]]
[2021.04.14-21.04.25:140][  0]LogConfig: Setting CVar [[con.DebugEarlyDefault:1]]
[2021.04.14-21.04.25:140][  0]LogConfig: Setting CVar [[r.setres:1280x720]]
[2021.04.14-21.04.25:141][  0]LogConfig: Applying CVar settings from Section [/Script/Engine.RendererSettings] File [C:/Users/aveng/Documents/GitHub/GamesAssignment2-SecondYear/Games Assignment Two/GamesAssignmentTwo/Saved/Config/Windows/Engine.ini]
[2021.04.14-21.04.25:141][  0]LogConfig: Setting CVar [[r.GPUCrashDebugging:0]]
[2021.04.14-21.04.25:142][  0]LogConfig: Applying CVar settings from Section [/Script/Engine.RendererOverrideSettings] File [C:/Users/aveng/Documents/GitHub/GamesAssignment2-SecondYear/Games Assignment Two/GamesAssignmentTwo/Saved/Config/Windows/Engine.ini]
[2021.04.14-21.04.25:142][  0]LogConfig: Applying CVar settings from Section [/Script/Engine.StreamingSettings] File [C:/Users/aveng/Documents/GitHub/GamesAssignment2-SecondYear/Games Assignment Two/GamesAssignmentTwo/Saved/Config/Windows/Engine.ini]
[2021.04.14-21.04.25:142][  0]LogConfig: Setting CVar [[s.MinBulkDataSizeForAsyncLoading:131072]]
[2021.04.14-21.04.25:143][  0]LogConfig: Setting CVar [[s.AsyncLoadingThreadEnabled:0]]
[2021.04.14-21.04.25:143][  0]LogConfig: Setting CVar [[s.EventDrivenLoaderEnabled:1]]
[2021.04.14-21.04.25:143][  0]LogConfig: Setting CVar [[s.WarnIfTimeLimitExceeded:0]]
[2021.04.14-21.04.25:144][  0]LogConfig: Setting CVar [[s.TimeLimitExceededMultiplier:1.5]]
[2021.04.14-21.04.25:144][  0]LogConfig: Setting CVar [[s.TimeLimitExceededMinTime:0.005]]
[2021.04.14-21.04.25:144][  0]LogConfig: Setting CVar [[s.UseBackgroundLevelStreaming:1]]
[2021.04.14-21.04.25:144][  0]LogConfig: Setting CVar [[s.PriorityAsyncLoadingExtraTime:15.0]]
[2021.04.14-21.04.25:145][  0]LogConfig: Setting CVar [[s.LevelStreamingActorsUpdateTimeLimit:5.0]]
[2021.04.14-21.04.25:145][  0]LogConfig: Setting CVar [[s.PriorityLevelStreamingActorsUpdateExtraTime:5.0]]
[2021.04.14-21.04.25:145][  0]LogConfig: Setting CVar [[s.LevelStreamingComponentsRegistrationGranularity:10]]
[2021.04.14-21.04.25:146][  0]LogConfig: Setting CVar [[s.UnregisterComponentsTimeLimit:1.0]]
[2021.04.14-21.04.25:146][  0]LogConfig: Setting CVar [[s.LevelStreamingComponentsUnregistrationGranularity:5]]
[2021.04.14-21.04.25:146][  0]LogConfig: Setting CVar [[s.FlushStreamingOnExit:1]]
[2021.04.14-21.04.25:147][  0]LogConfig: Applying CVar settings from Section [/Script/Engine.GarbageCollectionSettings] File [C:/Users/aveng/Documents/GitHub/GamesAssignment2-SecondYear/Games Assignment Two/GamesAssignmentTwo/Saved/Config/Windows/Engine.ini]
[2021.04.14-21.04.25:147][  0]LogConfig: Setting CVar [[gc.MaxObjectsNotConsideredByGC:1]]
[2021.04.14-21.04.25:147][  0]LogConfig: Setting CVar [[gc.SizeOfPermanentObjectPool:0]]
[2021.04.14-21.04.25:147][  0]LogConfig: Setting CVar [[gc.FlushStreamingOnGC:0]]
[2021.04.14-21.04.25:148][  0]LogConfig: Setting CVar [[gc.NumRetriesBeforeForcingGC:10]]
[2021.04.14-21.04.25:150][  0]LogConfig: Setting CVar [[gc.AllowParallelGC:1]]
[2021.04.14-21.04.25:150][  0]LogConfig: Setting CVar [[gc.TimeBetweenPurgingPendingKillObjects:61.1]]
[2021.04.14-21.04.25:151][  0]LogConfig: Setting CVar [[gc.MaxObjectsInEditor:25165824]]
[2021.04.14-21.04.25:151][  0]LogConfig: Setting CVar [[gc.IncrementalBeginDestroyEnabled:1]]
[2021.04.14-21.04.25:152][  0]LogConfig: Setting CVar [[gc.CreateGCClusters:1]]
[2021.04.14-21.04.25:152][  0]LogConfig: Setting CVar [[gc.MinGCClusterSize:5]]
[2021.04.14-21.04.25:153][  0]LogConfig: Setting CVar [[gc.ActorClusteringEnabled:0]]
[2021.04.14-21.04.25:153][  0]LogConfig: Setting CVar [[gc.BlueprintClusteringEnabled:0]]
[2021.04.14-21.04.25:153][  0]LogConfig: Setting CVar [[gc.UseDisregardForGCOnDedicatedServers:0]]
[2021.04.14-21.04.25:154][  0]LogConfig: Applying CVar settings from Section [/Script/Engine.NetworkSettings] File [C:/Users/aveng/Documents/GitHub/GamesAssignment2-SecondYear/Games Assignment Two/GamesAssignmentTwo/Saved/Config/Windows/Engine.ini]
[2021.04.14-21.04.25:154][  0]LogConfig: Applying CVar settings from Section [/Script/UnrealEd.CookerSettings] File [C:/Users/aveng/Documents/GitHub/GamesAssignment2-SecondYear/Games Assignment Two/GamesAssignmentTwo/Saved/Config/Windows/Engine.ini]
[2021.04.14-21.04.25:157][  0]LogConfig: Applying CVar settings from Section [ViewDistanceQuality@3] File [C:/Users/aveng/Documents/GitHub/GamesAssignment2-SecondYear/Games Assignment Two/GamesAssignmentTwo/Saved/Config/Windows/Scalability.ini]
[2021.04.14-21.04.25:158][  0]LogConfig: Setting CVar [[r.SkeletalMeshLODBias:0]]
[2021.04.14-21.04.25:158][  0]LogConfig: Setting CVar [[r.ViewDistanceScale:1.0]]
[2021.04.14-21.04.25:158][  0]LogConfig: Applying CVar settings from Section [AntiAliasingQuality@3] File [C:/Users/aveng/Documents/GitHub/GamesAssignment2-SecondYear/Games Assignment Two/GamesAssignmentTwo/Saved/Config/Windows/Scalability.ini]
[2021.04.14-21.04.25:159][  0]LogConfig: Setting CVar [[r.PostProcessAAQuality:4]]
[2021.04.14-21.04.25:160][  0]LogConfig: Applying CVar settings from Section [ShadowQuality@3] File [C:/Users/aveng/Documents/GitHub/GamesAssignment2-SecondYear/Games Assignment Two/GamesAssignmentTwo/Saved/Config/Windows/Scalability.ini]
[2021.04.14-21.04.25:161][  0]LogConfig: Setting CVar [[r.LightFunctionQuality:1]]
[2021.04.14-21.04.25:161][  0]LogConfig: Setting CVar [[r.ShadowQuality:5]]
[2021.04.14-21.04.25:161][  0]LogConfig: Setting CVar [[r.Shadow.CSM.MaxCascades:10]]
[2021.04.14-21.04.25:162][  0]LogConfig: Setting CVar [[r.Shadow.MaxResolution:2048]]
[2021.04.14-21.04.25:162][  0]LogConfig: Setting CVar [[r.Shadow.MaxCSMResolution:2048]]
[2021.04.14-21.04.25:162][  0]LogConfig: Setting CVar [[r.Shadow.RadiusThreshold:0.01]]
[2021.04.14-21.04.25:163][  0]LogConfig: Setting CVar [[r.Shadow.DistanceScale:1.0]]
[2021.04.14-21.04.25:163][  0]LogConfig: Setting CVar [[r.Shadow.CSM.TransitionScale:1.0]]
[2021.04.14-21.04.25:163][  0]LogConfig: Setting CVar [[r.Shadow.PreShadowResolutionFactor:1.0]]
[2021.04.14-21.04.25:164][  0]LogConfig: Setting CVar [[r.DistanceFieldShadowing:1]]
[2021.04.14-21.04.25:164][  0]LogConfig: Setting CVar [[r.DistanceFieldAO:1]]
[2021.04.14-21.04.25:164][  0]LogConfig: Setting CVar [[r.AOQuality:2]]
[2021.04.14-21.04.25:165][  0]LogConfig: Setting CVar [[r.VolumetricFog:1]]
[2021.04.14-21.04.25:165][  0]LogConfig: Setting CVar [[r.VolumetricFog.GridPixelSize:8]]
[2021.04.14-21.04.25:165][  0]LogConfig: Setting CVar [[r.VolumetricFog.GridSizeZ:128]]
[2021.04.14-21.04.25:165][  0]LogConfig: Setting CVar [[r.VolumetricFog.HistoryMissSupersampleCount:4]]
[2021.04.14-21.04.25:166][  0]LogConfig: Setting CVar [[r.LightMaxDrawDistanceScale:1]]
[2021.04.14-21.04.25:166][  0]LogConfig: Setting CVar [[r.CapsuleShadows:1]]
[2021.04.14-21.04.25:166][  0]LogConfig: Applying CVar settings from Section [PostProcessQuality@3] File [C:/Users/aveng/Documents/GitHub/GamesAssignment2-SecondYear/Games Assignment Two/GamesAssignmentTwo/Saved/Config/Windows/Scalability.ini]
[2021.04.14-21.04.25:167][  0]LogConfig: Setting CVar [[r.MotionBlurQuality:4]]
[2021.04.14-21.04.25:167][  0]LogConfig: Setting CVar [[r.AmbientOcclusionMipLevelFactor:0.4]]
[2021.04.14-21.04.25:167][  0]LogConfig: Setting CVar [[r.AmbientOcclusionMaxQuality:100]]
[2021.04.14-21.04.25:168][  0]LogConfig: Setting CVar [[r.AmbientOcclusionLevels:-1]]
[2021.04.14-21.04.25:168][  0]LogConfig: Setting CVar [[r.AmbientOcclusionRadiusScale:1.0]]
[2021.04.14-21.04.25:169][  0]LogConfig: Setting CVar [[r.DepthOfFieldQuality:2]]
[2021.04.14-21.04.25:171][  0]LogConfig: Setting CVar [[r.RenderTargetPoolMin:400]]
[2021.04.14-21.04.25:171][  0]LogConfig: Setting CVar [[r.LensFlareQuality:2]]
[2021.04.14-21.04.25:171][  0]LogConfig: Setting CVar [[r.SceneColorFringeQuality:1]]
[2021.04.14-21.04.25:172][  0]LogConfig: Setting CVar [[r.EyeAdaptationQuality:2]]
[2021.04.14-21.04.25:172][  0]LogConfig: Setting CVar [[r.BloomQuality:5]]
[2021.04.14-21.04.25:172][  0]LogConfig: Setting CVar [[r.FastBlurThreshold:100]]
[2021.04.14-21.04.25:173][  0]LogConfig: Setting CVar [[r.Upscale.Quality:3]]
[2021.04.14-21.04.25:173][  0]LogConfig: Setting CVar [[r.Tonemapper.GrainQuantization:1]]
[2021.04.14-21.04.25:173][  0]LogConfig: Setting CVar [[r.LightShaftQuality:1]]
[2021.04.14-21.04.25:174][  0]LogConfig: Setting CVar [[r.Filter.SizeScale:1]]
[2021.04.14-21.04.25:174][  0]LogConfig: Setting CVar [[r.Tonemapper.Quality:5]]
[2021.04.14-21.04.25:174][  0]LogConfig: Setting CVar [[r.DOF.Gather.AccumulatorQuality:1        ; higher gathering accumulator quality]]
[2021.04.14-21.04.25:174][  0]LogConfig: Setting CVar [[r.DOF.Gather.PostfilterMethod:1          ; Median3x3 postfilering method]]
[2021.04.14-21.04.25:175][  0]LogConfig: Setting CVar [[r.DOF.Gather.EnableBokehSettings:0       ; no bokeh simulation when gathering]]
[2021.04.14-21.04.25:175][  0]LogConfig: Setting CVar [[r.DOF.Gather.RingCount:4                 ; medium number of samples when gathering]]
[2021.04.14-21.04.25:175][  0]LogConfig: Setting CVar [[r.DOF.Scatter.ForegroundCompositing:1    ; additive foreground scattering]]
[2021.04.14-21.04.25:176][  0]LogConfig: Setting CVar [[r.DOF.Scatter.BackgroundCompositing:2    ; additive background scattering]]
[2021.04.14-21.04.25:176][  0]LogConfig: Setting CVar [[r.DOF.Scatter.EnableBokehSettings:1      ; bokeh simulation when scattering]]
[2021.04.14-21.04.25:176][  0]LogConfig: Setting CVar [[r.DOF.Scatter.MaxSpriteRatio:0.1         ; only a maximum of 10% of scattered bokeh]]
[2021.04.14-21.04.25:177][  0]LogConfig: Setting CVar [[r.DOF.Recombine.Quality:1                ; cheap slight out of focus]]
[2021.04.14-21.04.25:177][  0]LogConfig: Setting CVar [[r.DOF.Recombine.EnableBokehSettings:0    ; no bokeh simulation on slight out of focus]]
[2021.04.14-21.04.25:177][  0]LogConfig: Setting CVar [[r.DOF.TemporalAAQuality:1                ; more stable temporal accumulation]]
[2021.04.14-21.04.25:177][  0]LogConfig: Setting CVar [[r.DOF.Kernel.MaxForegroundRadius:0.025]]
[2021.04.14-21.04.25:178][  0]LogConfig: Setting CVar [[r.DOF.Kernel.MaxBackgroundRadius:0.025]]
[2021.04.14-21.04.25:178][  0]LogConfig: Applying CVar settings from Section [TextureQuality@3] File [C:/Users/aveng/Documents/GitHub/GamesAssignment2-SecondYear/Games Assignment Two/GamesAssignmentTwo/Saved/Config/Windows/Scalability.ini]
[2021.04.14-21.04.25:179][  0]LogConfig: Setting CVar [[r.Streaming.MipBias:0]]
[2021.04.14-21.04.25:179][  0]LogConfig: Setting CVar [[r.Streaming.AmortizeCPUToGPUCopy:0]]
[2021.04.14-21.04.25:179][  0]LogConfig: Setting CVar [[r.Streaming.MaxNumTexturesToStreamPerFrame:0]]
[2021.04.14-21.04.25:179][  0]LogConfig: Setting CVar [[r.Streaming.Boost:1]]
[2021.04.14-21.04.25:180][  0]LogConfig: Setting CVar [[r.MaxAnisotropy:8]]
[2021.04.14-21.04.25:182][  0]LogConfig: Setting CVar [[r.VT.MaxAnisotropy:8]]
[2021.04.14-21.04.25:182][  0]LogConfig: Setting CVar [[r.Streaming.LimitPoolSizeToVRAM:0]]
[2021.04.14-21.04.25:182][  0]LogConfig: Setting CVar [[r.Streaming.PoolSize:1000]]
[2021.04.14-21.04.25:183][  0]LogConfig: Setting CVar [[r.Streaming.MaxEffectiveScreenSize:0]]
[2021.04.14-21.04.25:183][  0]LogConfig: Applying CVar settings from Section [EffectsQuality@3] File [C:/Users/aveng/Documents/GitHub/GamesAssignment2-SecondYear/Games Assignment Two/GamesAssignmentTwo/Saved/Config/Windows/Scalability.ini]
[2021.04.14-21.04.25:183][  0]LogConfig: Setting CVar [[r.TranslucencyLightingVolumeDim:64]]
[2021.04.14-21.04.25:184][  0]LogConfig: Setting CVar [[r.RefractionQuality:2]]
[2021.04.14-21.04.25:184][  0]LogConfig: Setting CVar [[r.SSR.Quality:3]]
[2021.04.14-21.04.25:185][  0]LogConfig: Setting CVar [[r.SSR.HalfResSceneColor:0]]
[2021.04.14-21.04.25:192][  0]LogConfig: Setting CVar [[r.SceneColorFormat:4]]
[2021.04.14-21.04.25:193][  0]LogConfig: Setting CVar [[r.DetailMode:2]]
[2021.04.14-21.04.25:194][  0]LogConfig: Setting CVar [[r.TranslucencyVolumeBlur:1]]
[2021.04.14-21.04.25:194][  0]LogConfig: Setting CVar [[r.MaterialQualityLevel:1 ; High quality]]
[2021.04.14-21.04.25:194][  0]LogConfig: Setting CVar [[r.SSS.Scale:1]]
[2021.04.14-21.04.25:195][  0]LogConfig: Setting CVar [[r.SSS.SampleSet:2]]
[2021.04.14-21.04.25:195][  0]LogConfig: Setting CVar [[r.SSS.Quality:1]]
[2021.04.14-21.04.25:195][  0]LogConfig: Setting CVar [[r.SSS.HalfRes:0]]
[2021.04.14-21.04.25:196][  0]LogConfig: Setting CVar [[r.SSGI.Quality:3]]
[2021.04.14-21.04.25:196][  0]LogConfig: Setting CVar [[r.EmitterSpawnRateScale:1.0]]
[2021.04.14-21.04.25:196][  0]LogConfig: Setting CVar [[r.ParticleLightQuality:2]]
[2021.04.14-21.04.25:196][  0]LogConfig: Setting CVar [[r.SkyAtmosphere.AerialPerspectiveLUT.FastApplyOnOpaque:1 ; Always have FastSkyLUT 1 in this case to avoid wrong sky]]
[2021.04.14-21.04.25:198][  0]LogConfig: Setting CVar [[r.SkyAtmosphere.AerialPerspectiveLUT.SampleCountPerSlice:1]]
[2021.04.14-21.04.25:198][  0]LogConfig: Setting CVar [[r.SkyAtmosphere.AerialPerspectiveLUT.DepthResolution:16.0]]
[2021.04.14-21.04.25:198][  0]LogConfig: Setting CVar [[r.SkyAtmosphere.FastSkyLUT:1]]
[2021.04.14-21.04.25:199][  0]LogConfig: Setting CVar [[r.SkyAtmosphere.FastSkyLUT.SampleCountMin:4.0]]
[2021.04.14-21.04.25:200][  0]LogConfig: Setting CVar [[r.SkyAtmosphere.FastSkyLUT.SampleCountMax:32.0]]
[2021.04.14-21.04.25:200][  0]LogConfig: Setting CVar [[r.SkyAtmosphere.SampleCountMin:4.0]]
[2021.04.14-21.04.25:201][  0]LogConfig: Setting CVar [[r.SkyAtmosphere.SampleCountMax:32.0]]
[2021.04.14-21.04.25:202][  0]LogConfig: Setting CVar [[r.SkyAtmosphere.TransmittanceLUT.UseSmallFormat:0]]
[2021.04.14-21.04.25:204][  0]LogConfig: Setting CVar [[r.SkyAtmosphere.TransmittanceLUT.SampleCount:10.0]]
[2021.04.14-21.04.25:204][  0]LogConfig: Setting CVar [[r.SkyAtmosphere.MultiScatteringLUT.SampleCount:15.0]]
[2021.04.14-21.04.25:204][  0]LogConfig: Applying CVar settings from Section [FoliageQuality@3] File [C:/Users/aveng/Documents/GitHub/GamesAssignment2-SecondYear/Games Assignment Two/GamesAssignmentTwo/Saved/Config/Windows/Scalability.ini]
[2021.04.14-21.04.25:205][  0]LogConfig: Setting CVar [[foliage.DensityScale:1.0]]
[2021.04.14-21.04.25:206][  0]LogConfig: Setting CVar [[grass.DensityScale:1.0]]
[2021.04.14-21.04.25:206][  0]LogConfig: Applying CVar settings from Section [ShadingQuality@3] File [C:/Users/aveng/Documents/GitHub/GamesAssignment2-SecondYear/Games Assignment Two/GamesAssignmentTwo/Saved/Config/Windows/Scalability.ini]
[2021.04.14-21.04.25:206][  0]LogConfig: Setting CVar [[r.HairStrands.SkyLighting.SampleCount:16]]
[2021.04.14-21.04.25:207][  0]LogConfig: Setting CVar [[r.HairStrands.SkyLighting.JitterIntegration:0]]
[2021.04.14-21.04.25:207][  0]LogConfig: Setting CVar [[r.HairStrands.SkyAO.SampleCount:16]]
[2021.04.14-21.04.25:207][  0]LogConfig: Setting CVar [[r.HairStrands.DeepShadow.SuperSampling:0]]
[2021.04.14-21.04.25:207][  0]LogConfig: Setting CVar [[r.HairStrands.VisibilityPPLL:0]]
[2021.04.14-21.04.25:208][  0]LogConfig: Setting CVar [[r.HairStrands.RasterizationScale:0.5]]
[2021.04.14-21.04.25:208][  0]LogConfig: Setting CVar [[r.HairStrands.VelocityRasterizationScale:1]]
[2021.04.14-21.04.25:208][  0]LogInit: Selected Device Profile: [Windows]
[2021.04.14-21.04.25:209][  0]LogInit: Applying CVar settings loaded from the selected device profile: [Windows]
[2021.04.14-21.04.25:209][  0]LogHAL: Display: Platform has ~ 32 GB [34260910080 / 34359738368 / 32], which maps to Largest [LargestMinGB=32, LargerMinGB=12, DefaultMinGB=8, SmallerMinGB=6, SmallestMinGB=0)
[2021.04.14-21.04.25:209][  0]LogInit: Going up to parent DeviceProfile []
[2021.04.14-21.04.25:210][  0]LogConfig: Applying CVar settings from Section [ViewDistanceQuality@3] File [C:/Users/aveng/Documents/GitHub/GamesAssignment2-SecondYear/Games Assignment Two/GamesAssignmentTwo/Saved/Config/Windows/Scalability.ini]
[2021.04.14-21.04.25:210][  0]LogConfig: Setting CVar [[r.SkeletalMeshLODBias:0]]
[2021.04.14-21.04.25:210][  0]LogConfig: Setting CVar [[r.ViewDistanceScale:1.0]]
[2021.04.14-21.04.25:211][  0]LogConfig: Applying CVar settings from Section [AntiAliasingQuality@3] File [C:/Users/aveng/Documents/GitHub/GamesAssignment2-SecondYear/Games Assignment Two/GamesAssignmentTwo/Saved/Config/Windows/Scalability.ini]
[2021.04.14-21.04.25:211][  0]LogConfig: Setting CVar [[r.PostProcessAAQuality:4]]
[2021.04.14-21.04.25:211][  0]LogConfig: Applying CVar settings from Section [ShadowQuality@3] File [C:/Users/aveng/Documents/GitHub/GamesAssignment2-SecondYear/Games Assignment Two/GamesAssignmentTwo/Saved/Config/Windows/Scalability.ini]
[2021.04.14-21.04.25:212][  0]LogConfig: Setting CVar [[r.LightFunctionQuality:1]]
[2021.04.14-21.04.25:214][  0]LogConfig: Setting CVar [[r.ShadowQuality:5]]
[2021.04.14-21.04.25:214][  0]LogConfig: Setting CVar [[r.Shadow.CSM.MaxCascades:10]]
[2021.04.14-21.04.25:215][  0]LogConfig: Setting CVar [[r.Shadow.MaxResolution:2048]]
[2021.04.14-21.04.25:215][  0]LogConfig: Setting CVar [[r.Shadow.MaxCSMResolution:2048]]
[2021.04.14-21.04.25:215][  0]LogConfig: Setting CVar [[r.Shadow.RadiusThreshold:0.01]]
[2021.04.14-21.04.25:216][  0]LogConfig: Setting CVar [[r.Shadow.DistanceScale:1.0]]
[2021.04.14-21.04.25:216][  0]LogConfig: Setting CVar [[r.Shadow.CSM.TransitionScale:1.0]]
[2021.04.14-21.04.25:216][  0]LogConfig: Setting CVar [[r.Shadow.PreShadowResolutionFactor:1.0]]
[2021.04.14-21.04.25:217][  0]LogConfig: Setting CVar [[r.DistanceFieldShadowing:1]]
[2021.04.14-21.04.25:217][  0]LogConfig: Setting CVar [[r.DistanceFieldAO:1]]
[2021.04.14-21.04.25:217][  0]LogConfig: Setting CVar [[r.AOQuality:2]]
[2021.04.14-21.04.25:218][  0]LogConfig: Setting CVar [[r.VolumetricFog:1]]
[2021.04.14-21.04.25:218][  0]LogConfig: Setting CVar [[r.VolumetricFog.GridPixelSize:8]]
[2021.04.14-21.04.25:218][  0]LogConfig: Setting CVar [[r.VolumetricFog.GridSizeZ:128]]
[2021.04.14-21.04.25:219][  0]LogConfig: Setting CVar [[r.VolumetricFog.HistoryMissSupersampleCount:4]]
[2021.04.14-21.04.25:219][  0]LogConfig: Setting CVar [[r.LightMaxDrawDistanceScale:1]]
[2021.04.14-21.04.25:219][  0]LogConfig: Setting CVar [[r.CapsuleShadows:1]]
[2021.04.14-21.04.25:220][  0]LogConfig: Applying CVar settings from Section [PostProcessQuality@3] File [C:/Users/aveng/Documents/GitHub/GamesAssignment2-SecondYear/Games Assignment Two/GamesAssignmentTwo/Saved/Config/Windows/Scalability.ini]
[2021.04.14-21.04.25:220][  0]LogConfig: Setting CVar [[r.MotionBlurQuality:4]]
[2021.04.14-21.04.25:220][  0]LogConfig: Setting CVar [[r.AmbientOcclusionMipLevelFactor:0.4]]
[2021.04.14-21.04.25:221][  0]LogConfig: Setting CVar [[r.AmbientOcclusionMaxQuality:100]]
[2021.04.14-21.04.25:221][  0]LogConfig: Setting CVar [[r.AmbientOcclusionLevels:-1]]
[2021.04.14-21.04.25:221][  0]LogConfig: Setting CVar [[r.AmbientOcclusionRadiusScale:1.0]]
[2021.04.14-21.04.25:221][  0]LogConfig: Setting CVar [[r.DepthOfFieldQuality:2]]
[2021.04.14-21.04.25:222][  0]LogConfig: Setting CVar [[r.RenderTargetPoolMin:400]]
[2021.04.14-21.04.25:222][  0]LogConfig: Setting CVar [[r.LensFlareQuality:2]]
[2021.04.14-21.04.25:222][  0]LogConfig: Setting CVar [[r.SceneColorFringeQuality:1]]
[2021.04.14-21.04.25:223][  0]LogConfig: Setting CVar [[r.EyeAdaptationQuality:2]]
[2021.04.14-21.04.25:225][  0]LogConfig: Setting CVar [[r.BloomQuality:5]]
[2021.04.14-21.04.25:225][  0]LogConfig: Setting CVar [[r.FastBlurThreshold:100]]
[2021.04.14-21.04.25:225][  0]LogConfig: Setting CVar [[r.Upscale.Quality:3]]
[2021.04.14-21.04.25:226][  0]LogConfig: Setting CVar [[r.Tonemapper.GrainQuantization:1]]
[2021.04.14-21.04.25:226][  0]LogConfig: Setting CVar [[r.LightShaftQuality:1]]
[2021.04.14-21.04.25:227][  0]LogConfig: Setting CVar [[r.Filter.SizeScale:1]]
[2021.04.14-21.04.25:227][  0]LogConfig: Setting CVar [[r.Tonemapper.Quality:5]]
[2021.04.14-21.04.25:227][  0]LogConfig: Setting CVar [[r.DOF.Gather.AccumulatorQuality:1        ; higher gathering accumulator quality]]
[2021.04.14-21.04.25:228][  0]LogConfig: Setting CVar [[r.DOF.Gather.PostfilterMethod:1          ; Median3x3 postfilering method]]
[2021.04.14-21.04.25:228][  0]LogConfig: Setting CVar [[r.DOF.Gather.EnableBokehSettings:0       ; no bokeh simulation when gathering]]
[2021.04.14-21.04.25:228][  0]LogConfig: Setting CVar [[r.DOF.Gather.RingCount:4                 ; medium number of samples when gathering]]
[2021.04.14-21.04.25:228][  0]LogConfig: Setting CVar [[r.DOF.Scatter.ForegroundCompositing:1    ; additive foreground scattering]]
[2021.04.14-21.04.25:229][  0]LogConfig: Setting CVar [[r.DOF.Scatter.BackgroundCompositing:2    ; additive background scattering]]
[2021.04.14-21.04.25:230][  0]LogConfig: Setting CVar [[r.DOF.Scatter.EnableBokehSettings:1      ; bokeh simulation when scattering]]
[2021.04.14-21.04.25:230][  0]LogConfig: Setting CVar [[r.DOF.Scatter.MaxSpriteRatio:0.1         ; only a maximum of 10% of scattered bokeh]]
[2021.04.14-21.04.25:230][  0]LogConfig: Setting CVar [[r.DOF.Recombine.Quality:1                ; cheap slight out of focus]]
[2021.04.14-21.04.25:231][  0]LogConfig: Setting CVar [[r.DOF.Recombine.EnableBokehSettings:0    ; no bokeh simulation on slight out of focus]]
[2021.04.14-21.04.25:231][  0]LogConfig: Setting CVar [[r.DOF.TemporalAAQuality:1                ; more stable temporal accumulation]]
[2021.04.14-21.04.25:231][  0]LogConfig: Setting CVar [[r.DOF.Kernel.MaxForegroundRadius:0.025]]
[2021.04.14-21.04.25:232][  0]LogConfig: Setting CVar [[r.DOF.Kernel.MaxBackgroundRadius:0.025]]
[2021.04.14-21.04.25:232][  0]LogConfig: Applying CVar settings from Section [TextureQuality@3] File [C:/Users/aveng/Documents/GitHub/GamesAssignment2-SecondYear/Games Assignment Two/GamesAssignmentTwo/Saved/Config/Windows/Scalability.ini]
[2021.04.14-21.04.25:232][  0]LogConfig: Setting CVar [[r.Streaming.MipBias:0]]
[2021.04.14-21.04.25:233][  0]LogConfig: Setting CVar [[r.Streaming.AmortizeCPUToGPUCopy:0]]
[2021.04.14-21.04.25:235][  0]LogConfig: Setting CVar [[r.Streaming.MaxNumTexturesToStreamPerFrame:0]]
[2021.04.14-21.04.25:235][  0]LogConfig: Setting CVar [[r.Streaming.Boost:1]]
[2021.04.14-21.04.25:235][  0]LogConfig: Setting CVar [[r.MaxAnisotropy:8]]
[2021.04.14-21.04.25:236][  0]LogConfig: Setting CVar [[r.VT.MaxAnisotropy:8]]
[2021.04.14-21.04.25:236][  0]LogConfig: Setting CVar [[r.Streaming.LimitPoolSizeToVRAM:0]]
[2021.04.14-21.04.25:237][  0]LogConfig: Setting CVar [[r.Streaming.PoolSize:1000]]
[2021.04.14-21.04.25:237][  0]LogConfig: Setting CVar [[r.Streaming.MaxEffectiveScreenSize:0]]
[2021.04.14-21.04.25:237][  0]LogConfig: Applying CVar settings from Section [EffectsQuality@3] File [C:/Users/aveng/Documents/GitHub/GamesAssignment2-SecondYear/Games Assignment Two/GamesAssignmentTwo/Saved/Config/Windows/Scalability.ini]
[2021.04.14-21.04.25:238][  0]LogConfig: Setting CVar [[r.TranslucencyLightingVolumeDim:64]]
[2021.04.14-21.04.25:238][  0]LogConfig: Setting CVar [[r.RefractionQuality:2]]
[2021.04.14-21.04.25:238][  0]LogConfig: Setting CVar [[r.SSR.Quality:3]]
[2021.04.14-21.04.25:238][  0]LogConfig: Setting CVar [[r.SSR.HalfResSceneColor:0]]
[2021.04.14-21.04.25:239][  0]LogConfig: Setting CVar [[r.SceneColorFormat:4]]
[2021.04.14-21.04.25:239][  0]LogConfig: Setting CVar [[r.DetailMode:2]]
[2021.04.14-21.04.25:239][  0]LogConfig: Setting CVar [[r.TranslucencyVolumeBlur:1]]
[2021.04.14-21.04.25:240][  0]LogConfig: Setting CVar [[r.MaterialQualityLevel:1 ; High quality]]
[2021.04.14-21.04.25:240][  0]LogConfig: Setting CVar [[r.SSS.Scale:1]]
[2021.04.14-21.04.25:240][  0]LogConfig: Setting CVar [[r.SSS.SampleSet:2]]
[2021.04.14-21.04.25:241][  0]LogConfig: Setting CVar [[r.SSS.Quality:1]]
[2021.04.14-21.04.25:241][  0]LogConfig: Setting CVar [[r.SSS.HalfRes:0]]
[2021.04.14-21.04.25:241][  0]LogConfig: Setting CVar [[r.SSGI.Quality:3]]
[2021.04.14-21.04.25:242][  0]LogConfig: Setting CVar [[r.EmitterSpawnRateScale:1.0]]
[2021.04.14-21.04.25:242][  0]LogConfig: Setting CVar [[r.ParticleLightQuality:2]]
[2021.04.14-21.04.25:242][  0]LogConfig: Setting CVar [[r.SkyAtmosphere.AerialPerspectiveLUT.FastApplyOnOpaque:1 ; Always have FastSkyLUT 1 in this case to avoid wrong sky]]
[2021.04.14-21.04.25:243][  0]LogConfig: Setting CVar [[r.SkyAtmosphere.AerialPerspectiveLUT.SampleCountPerSlice:1]]
[2021.04.14-21.04.25:245][  0]LogConfig: Setting CVar [[r.SkyAtmosphere.AerialPerspectiveLUT.DepthResolution:16.0]]
[2021.04.14-21.04.25:245][  0]LogConfig: Setting CVar [[r.SkyAtmosphere.FastSkyLUT:1]]
[2021.04.14-21.04.25:246][  0]LogConfig: Setting CVar [[r.SkyAtmosphere.FastSkyLUT.SampleCountMin:4.0]]
[2021.04.14-21.04.25:246][  0]LogConfig: Setting CVar [[r.SkyAtmosphere.FastSkyLUT.SampleCountMax:32.0]]
[2021.04.14-21.04.25:246][  0]LogConfig: Setting CVar [[r.SkyAtmosphere.SampleCountMin:4.0]]
[2021.04.14-21.04.25:247][  0]LogConfig: Setting CVar [[r.SkyAtmosphere.SampleCountMax:32.0]]
[2021.04.14-21.04.25:247][  0]LogConfig: Setting CVar [[r.SkyAtmosphere.TransmittanceLUT.UseSmallFormat:0]]
[2021.04.14-21.04.25:247][  0]LogConfig: Setting CVar [[r.SkyAtmosphere.TransmittanceLUT.SampleCount:10.0]]
[2021.04.14-21.04.25:248][  0]LogConfig: Setting CVar [[r.SkyAtmosphere.MultiScatteringLUT.SampleCount:15.0]]
[2021.04.14-21.04.25:248][  0]LogConfig: Applying CVar settings from Section [FoliageQuality@3] File [C:/Users/aveng/Documents/GitHub/GamesAssignment2-SecondYear/Games Assignment Two/GamesAssignmentTwo/Saved/Config/Windows/Scalability.ini]
[2021.04.14-21.04.25:248][  0]LogConfig: Setting CVar [[foliage.DensityScale:1.0]]
[2021.04.14-21.04.25:249][  0]LogConfig: Setting CVar [[grass.DensityScale:1.0]]
[2021.04.14-21.04.25:249][  0]LogConfig: Applying CVar settings from Section [ShadingQuality@3] File [C:/Users/aveng/Documents/GitHub/GamesAssignment2-SecondYear/Games Assignment Two/GamesAssignmentTwo/Saved/Config/Windows/Scalability.ini]
[2021.04.14-21.04.25:249][  0]LogConfig: Setting CVar [[r.HairStrands.SkyLighting.SampleCount:16]]
[2021.04.14-21.04.25:249][  0]LogConfig: Setting CVar [[r.HairStrands.SkyLighting.JitterIntegration:0]]
[2021.04.14-21.04.25:250][  0]LogConfig: Setting CVar [[r.HairStrands.SkyAO.SampleCount:16]]
[2021.04.14-21.04.25:250][  0]LogConfig: Setting CVar [[r.HairStrands.DeepShadow.SuperSampling:0]]
[2021.04.14-21.04.25:251][  0]LogConfig: Setting CVar [[r.HairStrands.VisibilityPPLL:0]]
[2021.04.14-21.04.25:251][  0]LogConfig: Setting CVar [[r.HairStrands.RasterizationScale:0.5]]
[2021.04.14-21.04.25:251][  0]LogConfig: Setting CVar [[r.HairStrands.VelocityRasterizationScale:1]]
[2021.04.14-21.04.25:252][  0]LogConfig: Applying CVar settings from Section [Startup] File [../../../Engine/Config/ConsoleVariables.ini]
[2021.04.14-21.04.25:252][  0]LogConfig: Setting CVar [[net.UseAdaptiveNetUpdateFrequency:0]]
[2021.04.14-21.04.25:252][  0]LogConfig: Setting CVar [[p.chaos.AllowCreatePhysxBodies:1]]
[2021.04.14-21.04.25:253][  0]LogConfig: Setting CVar [[fx.SkipVectorVMBackendOptimizations:1]]
[2021.04.14-21.04.25:253][  0]LogConfig: Applying CVar settings from Section [ConsoleVariables] File [C:/Users/aveng/Documents/GitHub/GamesAssignment2-SecondYear/Games Assignment Two/GamesAssignmentTwo/Saved/Config/Windows/Engine.ini]
[2021.04.14-21.04.25:253][  0]LogInit: Computer: PROGRAMMING-PC
[2021.04.14-21.04.25:254][  0]LogInit: User: aveng
[2021.04.14-21.04.25:256][  0]LogInit: CPU Page size=4096, Cores=12
[2021.04.14-21.04.25:256][  0]LogInit: High frequency timer resolution =10.000000 MHz
[2021.04.14-21.04.25:256][  0]LogMemory: Memory total: Physical=31.9GB (32GB approx)
[2021.04.14-21.04.25:257][  0]LogMemory: Platform Memory Stats for Windows
[2021.04.14-21.04.25:257][  0]LogMemory: Process Physical Memory: 121.23 MB used, 121.24 MB peak
[2021.04.14-21.04.25:257][  0]LogMemory: Process Virtual Memory: 110.72 MB used, 110.72 MB peak
[2021.04.14-21.04.25:258][  0]LogMemory: Physical Memory: 17937.58 MB used,  14736.17 MB free, 32673.75 MB total
[2021.04.14-21.04.25:259][  0]LogMemory: Virtual Memory: 5220.79 MB used,  134212504.00 MB free, 134217728.00 MB total
[2021.04.14-21.04.25:265][  0]LogWindows: WindowsPlatformFeatures enabled
[2021.04.14-21.04.25:315][  0]LogInit: Physics initialised using underlying interface: PhysX
[2021.04.14-21.04.25:316][  0]LogInit: Using OS detected language (en-GB).
[2021.04.14-21.04.25:316][  0]LogInit: Using OS detected locale (en-GB).
[2021.04.14-21.04.25:318][  0]LogTextLocalizationManager: No specific localization for 'en-GB' exists, so the 'en' localization will be used.
[2021.04.14-21.04.25:489][  0]LogSlate: New Slate User Created.  User Index 0, Is Virtual User: 0
[2021.04.14-21.04.25:489][  0]LogSlate: Slate User Registered.  User Index 0, Is Virtual User: 0
[2021.04.14-21.04.25:500][  0]LogHMD: Failed to initialize OpenVR with code 110
[2021.04.14-21.04.25:500][  0]LogD3D11RHI: D3D11 min allowed feature level: 11_0
[2021.04.14-21.04.25:501][  0]LogD3D11RHI: D3D11 max allowed feature level: 11_0
[2021.04.14-21.04.25:502][  0]LogD3D11RHI: D3D11 adapters:
[2021.04.14-21.04.25:631][  0]LogD3D11RHI:    0. 'NVIDIA GeForce GTX 1060 6GB' (Feature Level 11_0)
[2021.04.14-21.04.25:631][  0]LogD3D11RHI:       6052/0/16336 MB DedicatedVideo/DedicatedSystem/SharedSystem, Outputs:2, VendorId:0x10de
[2021.04.14-21.04.25:635][  0]LogD3D11RHI:    1. 'Microsoft Basic Render Driver' (Feature Level 11_0)
[2021.04.14-21.04.25:635][  0]LogD3D11RHI:       0/0/16336 MB DedicatedVideo/DedicatedSystem/SharedSystem, Outputs:0, VendorId:0x1414
[2021.04.14-21.04.25:636][  0]LogD3D11RHI: Chosen D3D11 Adapter: 0
[2021.04.14-21.04.25:646][  0]LogD3D11RHI: Creating new Direct3DDevice
[2021.04.14-21.04.25:647][  0]LogD3D11RHI:     GPU DeviceId: 0x1c03 (for the marketing name, search the web for "GPU Device Id")
[2021.04.14-21.04.25:647][  0]LogWindows: EnumDisplayDevices:
[2021.04.14-21.04.25:647][  0]LogWindows:    0. 'NVIDIA GeForce GTX 1060 6GB' (P:1 D:1)
[2021.04.14-21.04.25:648][  0]LogWindows:    1. 'NVIDIA GeForce GTX 1060 6GB' (P:0 D:1)
[2021.04.14-21.04.25:648][  0]LogWindows:    2. 'NVIDIA GeForce GTX 1060 6GB' (P:0 D:0)
[2021.04.14-21.04.25:649][  0]LogWindows:    3. 'NVIDIA GeForce GTX 1060 6GB' (P:0 D:0)
[2021.04.14-21.04.25:649][  0]LogWindows: DebugString: FoundDriverCount:4 
[2021.04.14-21.04.25:649][  0]LogD3D11RHI:     Adapter Name: NVIDIA GeForce GTX 1060 6GB
[2021.04.14-21.04.25:650][  0]LogD3D11RHI:   Driver Version: 461.92 (internal:27.21.14.6192, unified:461.92)
[2021.04.14-21.04.25:652][  0]LogD3D11RHI:      Driver Date: 3-11-2021
[2021.04.14-21.04.25:652][  0]LogRHI: Texture pool is 4236 MB (70% of 6052 MB)
[2021.04.14-21.04.25:730][  0]LogD3D11RHI: RHI has support for 64 bit atomics
[2021.04.14-21.04.25:731][  0]LogD3D11RHI: Async texture creation enabled
[2021.04.14-21.04.25:732][  0]LogD3D11RHI: Array index from any shader is supported
[2021.04.14-21.04.25:754][  0]LogD3D11RHI: GPU Timing Frequency: 1000.000000 (Debug: 2 1)
[2021.04.14-21.04.26:213][  0]LogTargetPlatformManager: Display: Loaded TargetPlatform 'WindowsNoEditor'
[2021.04.14-21.04.26:217][  0]LogTargetPlatformManager: Display: Loaded TargetPlatform 'Windows'
[2021.04.14-21.04.26:225][  0]LogTargetPlatformManager: Display: Loaded TargetPlatform 'WindowsClient'
[2021.04.14-21.04.26:234][  0]LogTargetPlatformManager: Display: Loaded TargetPlatform 'WindowsServer'
[2021.04.14-21.04.26:234][  0]LogTargetPlatformManager: Display: Building Assets For Windows
[2021.04.14-21.04.26:241][  0]LogAudioDebug: Display: Lib vorbis DLL was dynamically loaded.
[2021.04.14-21.04.26:293][  0]LogShaderCompilers: Guid format shader working directory is -54 characters bigger than the processId version (C:/Users/aveng/Documents/GitHub/GamesAssignment2-SecondYear/Games Assignment Two/GamesAssignmentTwo/Intermediate/Shaders/WorkingDirectory/29764/).
[2021.04.14-21.04.26:293][  0]LogShaderCompilers: Cleaned the shader compiler working directory 'C:/Users/aveng/AppData/Local/Temp/UnrealShaderWorkingDir/0335F5E2462B3C931198AE835AF3DD63/'.
[2021.04.14-21.04.26:294][  0]LogXGEController: Cleaning working directory: C:/Users/aveng/AppData/Local/Temp/UnrealXGEWorkingDir/
[2021.04.14-21.04.26:295][  0]LogXGEController: Cannot use XGE Controller as Incredibuild is not installed on this machine.
[2021.04.14-21.04.26:295][  0]LogShaderCompilers: Cannot use XGE Shader Compiler as Incredibuild is not installed on this machine.
[2021.04.14-21.04.26:295][  0]LogShaderCompilers: Display: Using Local Shader Compiler.
[2021.04.14-21.04.26:957][  0]LogDerivedDataCache: Display: Max Cache Size: 512 MB
[2021.04.14-21.04.27:000][  0]LogDerivedDataCache: Loaded boot cache 0.04s 78MB C:/Users/aveng/AppData/Local/UnrealEngine/4.25/DerivedDataCache/Boot.ddc.
[2021.04.14-21.04.27:000][  0]LogDerivedDataCache: Display: Loaded Boot cache: C:/Users/aveng/AppData/Local/UnrealEngine/4.25/DerivedDataCache/Boot.ddc
[2021.04.14-21.04.27:001][  0]LogDerivedDataCache: FDerivedDataBackendGraph:  Pak pak cache file C:/Users/aveng/Documents/GitHub/GamesAssignment2-SecondYear/Games Assignment Two/GamesAssignmentTwo/DerivedDataCache/DDC.ddp not found, will not use a pak cache.
[2021.04.14-21.04.27:001][  0]LogDerivedDataCache: Unable to find inner node Pak for hierarchical cache Hierarchy.
[2021.04.14-21.04.27:002][  0]LogDerivedDataCache: FDerivedDataBackendGraph:  CompressedPak pak cache file C:/Users/aveng/Documents/GitHub/GamesAssignment2-SecondYear/Games Assignment Two/GamesAssignmentTwo/DerivedDataCache/Compressed.ddp not found, will not use a pak cache.
[2021.04.14-21.04.27:002][  0]LogDerivedDataCache: Unable to find inner node CompressedPak for hierarchical cache Hierarchy.
[2021.04.14-21.04.27:012][  0]LogDerivedDataCache: Display: Pak cache opened for reading ../../../Engine/DerivedDataCache/Compressed.ddp.
[2021.04.14-21.04.27:013][  0]LogDerivedDataCache: FDerivedDataBackendGraph:  EnterprisePak pak cache file ../../../Enterprise/DerivedDataCache/Compressed.ddp not found, will not use a pak cache.
[2021.04.14-21.04.27:013][  0]LogDerivedDataCache: Unable to find inner node EnterprisePak for hierarchical cache Hierarchy.
[2021.04.14-21.04.27:015][  0]LogDerivedDataCache: Using Local data cache path C:/Users/aveng/AppData/Local/UnrealEngine/Common/DerivedDataCache: Writable
[2021.04.14-21.04.27:015][  0]LogDerivedDataCache: Shared data cache path not found in *engine.ini, will not use an Shared cache.
[2021.04.14-21.04.27:015][  0]LogDerivedDataCache: Unable to find inner node Shared for hierarchical cache Hierarchy.
[2021.04.14-21.04.27:049][  0]LogSlate: Using FreeType 2.10.0
[2021.04.14-21.04.27:049][  0]LogSlate: SlateFontServices - WITH_FREETYPE: 1, WITH_HARFBUZZ: 1
[2021.04.14-21.04.27:115][  0]LogInit: Using OS detected language (en-GB).
[2021.04.14-21.04.27:115][  0]LogInit: Using OS detected locale (en-GB).
[2021.04.14-21.04.27:116][  0]LogTextLocalizationManager: No localization for 'en-GB' exists, so 'en' will be used for the language.
[2021.04.14-21.04.27:116][  0]LogTextLocalizationManager: No localization for 'en-GB' exists, so 'en' will be used for the locale.
[2021.04.14-21.04.27:117][  0]LogSlate: FontCache flush requested. Reason: Culture for localization was changed
[2021.04.14-21.04.27:117][  0]LogSlate: FontCache flush requested. Reason: Culture for localization was changed
[2021.04.14-21.04.27:119][  0]LogTextLocalizationManager: Compacting localization data took   0.00ms
[2021.04.14-21.04.27:122][  0]LogAssetRegistry: FAssetRegistry took 0.0021 seconds to start up
[2021.04.14-21.04.27:326][  0]LogPackageLocalizationCache: Processed 20 localized package path(s) for 1 prioritized culture(s) in 0.046979 seconds
[2021.04.14-21.04.27:368][  0]LogInit: Selected Device Profile: [Windows]
[2021.04.14-21.04.27:459][  0]LogMeshReduction: Using QuadricMeshReduction for automatic static mesh reduction
[2021.04.14-21.04.27:459][  0]LogMeshReduction: Using SimplygonMeshReduction for automatic skeletal mesh reduction
[2021.04.14-21.04.27:460][  0]LogMeshReduction: Using ProxyLODMeshReduction for automatic mesh merging
[2021.04.14-21.04.27:460][  0]LogMeshReduction: No distributed automatic mesh merging module available
[2021.04.14-21.04.27:461][  0]LogMeshMerging: No distributed automatic mesh merging module available
[2021.04.14-21.04.27:475][  0]LogNetVersion: GamesAssignmentTwo 1.0.0, NetCL: 13144385, EngineNetVer: 14, GameNetVer: 0 (Checksum: 1185472599)
[2021.04.14-21.04.27:683][  0]LogAISub: UAISubsystem::UAISubsystem AISubsystem (00000158240858C0), frame # 0
[2021.04.14-21.04.27:683][  0]LogAISub: UAISubsystem::UAISubsystem AIPerceptionSystem (0000015823FBD6C0), frame # 0
[2021.04.14-21.04.27:686][  0]LogAISub: UAISubsystem::UAISubsystem EnvQueryManager (0000015823FB7C00), frame # 0
[2021.04.14-21.04.27:758][  0]LogCollectionManager: Loaded 0 collections in 0.000800 seconds
[2021.04.14-21.04.27:761][  0]LogFileCache: Scanning file cache for directory 'C:/Users/aveng/Documents/GitHub/GamesAssignment2-SecondYear/Games Assignment Two/GamesAssignmentTwo/Saved/Collections/' took 0.00s
[2021.04.14-21.04.27:761][  0]LogFileCache: Scanning file cache for directory 'C:/Users/aveng/Documents/GitHub/GamesAssignment2-SecondYear/Games Assignment Two/GamesAssignmentTwo/Content/Developers/aveng/Collections/' took 0.00s
[2021.04.14-21.04.27:761][  0]LogFileCache: Scanning file cache for directory 'C:/Users/aveng/Documents/GitHub/GamesAssignment2-SecondYear/Games Assignment Two/GamesAssignmentTwo/Content/Collections/' took 0.00s
[2021.04.14-21.04.27:761][  0]LogCollectionManager: Fixed up redirectors for 0 collections in 0.000003 seconds (updated 0 objects)
[2021.04.14-21.04.27:814][  0]LogMoviePlayer: Initializing movie player
[2021.04.14-21.04.27:999][  0]LogScript: Warning: Script Msg: A null object was passed as a world context object to UEngine::GetWorldFromContextObject().
[2021.04.14-21.04.28:001][  0]LogScript: Warning: Script Msg: A null object was passed as a world context object to UEngine::GetWorldFromContextObject().
[2021.04.14-21.04.28:003][  0]LogScript: Warning: Script Msg: A null object was passed as a world context object to UEngine::GetWorldFromContextObject().
[2021.04.14-21.04.28:005][  0]LogScript: Warning: Script Msg: A null object was passed as a world context object to UEngine::GetWorldFromContextObject().
[2021.04.14-21.04.28:060][  0]LogBlueprint: Warning: [Compiler Ue4ASP_Character] InputAction Event references unknown Action 'Crouch' for  InputAction Crouch
[2021.04.14-21.04.28:061][  0]LogBlueprint: Warning: [Compiler Ue4ASP_Character] Input Axis Event references unknown Axis 'MoveForward' for  InputAxis MoveForward
[2021.04.14-21.04.28:063][  0]LogBlueprint: Warning: [Compiler Ue4ASP_Character] Input Axis Event references unknown Axis 'MoveRight' for  InputAxis MoveRight
[2021.04.14-21.04.28:156][  0]SourceControl: Source control is disabled
[2021.04.14-21.04.28:158][  0]SourceControl: Source control is disabled
[2021.04.14-21.04.28:166][  0]SourceControl: Source control is disabled
[2021.04.14-21.04.28:285][  0]LogAndroidPermission: UAndroidPermissionCallbackProxy::GetInstance
[2021.04.14-21.04.28:302][  0]LogAudioCaptureCore: Display: No Audio Capture implementations found. Audio input will be silent.
[2021.04.14-21.04.28:303][  0]LogAudioCaptureCore: Display: No Audio Capture implementations found. Audio input will be silent.
[2021.04.14-21.04.28:342][  0]LogOcInput: OculusInput pre-init called
[2021.04.14-21.04.28:356][  0]LogUObjectArray: 21163 objects as part of root set at end of initial load.
[2021.04.14-21.04.28:356][  0]LogUObjectAllocator: 5880432 out of 0 bytes used by permanent object pool.
[2021.04.14-21.04.28:356][  0]LogUObjectArray: CloseDisregardForGC: 0/0 objects in disregard for GC pool
[2021.04.14-21.04.28:397][  0]LogEngine: Initializing Engine...
[2021.04.14-21.04.28:398][  0]LogHMD: Failed to initialize OpenVR with code 110
[2021.04.14-21.04.28:398][  0]LogMagicLeap: Warning: VR disabled because ZI is not enabled.  To enable, in the editor, Edit -> Project Settings -> Plugins -> Magic Leap Plugin -> Enable Zero Iteration
[2021.04.14-21.04.28:401][  0]LogStats: UGameplayTagsManager::InitializeManager -  0.000 s
[2021.04.14-21.04.28:477][  0]LogInit: Initializing FReadOnlyCVARCache
[2021.04.14-21.04.28:480][  0]LogAudioMixer: Display: Audio Mixer Platform Settings:
[2021.04.14-21.04.28:480][  0]LogAudioMixer: Display: 	Sample Rate:						  48000
[2021.04.14-21.04.28:481][  0]LogAudioMixer: Display: 	Callback Buffer Frame Size Requested: 1024
[2021.04.14-21.04.28:482][  0]LogAudioMixer: Display: 	Callback Buffer Frame Size To Use:	  1024
[2021.04.14-21.04.28:483][  0]LogAudioMixer: Display: 	Number of buffers to queue:			  2
[2021.04.14-21.04.28:484][  0]LogAudioMixer: Display: 	Max Channels (voices):				  32
[2021.04.14-21.04.28:484][  0]LogAudioMixer: Display: 	Number of Async Source Workers:		  0
[2021.04.14-21.04.28:485][  0]LogAudio: Display: AudioDevice MaxSources: 32
[2021.04.14-21.04.28:486][  0]LogAudio: Display: Using built-in audio occlusion.
[2021.04.14-21.04.28:486][  0]LogAudioMixer: Display: Initializing audio mixer.
[2021.04.14-21.04.28:508][  0]LogAudioMixer: Display: 0: FrontLeft
[2021.04.14-21.04.28:508][  0]LogAudioMixer: Display: 1: FrontRight
[2021.04.14-21.04.28:509][  0]LogAudioMixer: Display: 2: FrontCenter
[2021.04.14-21.04.28:511][  0]LogAudioMixer: Display: 3: LowFrequency
[2021.04.14-21.04.28:511][  0]LogAudioMixer: Display: 4: BackLeft
[2021.04.14-21.04.28:512][  0]LogAudioMixer: Display: 5: BackRight
[2021.04.14-21.04.28:512][  0]LogAudioMixer: Display: 6: SideLeft
[2021.04.14-21.04.28:513][  0]LogAudioMixer: Display: 7: SideRight
[2021.04.14-21.04.28:545][  0]LogAudioMixer: Display: Using Audio Device Speakers (THX Spatial Audio)
[2021.04.14-21.04.28:551][  0]LogAudioMixer: Display: Initializing Sound Submixes...
[2021.04.14-21.04.28:552][  0]LogAudioMixer: Display: Creating Master Submix 'MasterSubmixDefault'
[2021.04.14-21.04.28:552][  0]LogAudioMixer: Display: Creating Master Submix 'MasterReverbSubmixDefault'
[2021.04.14-21.04.28:553][  0]LogAudioMixer: Display: Creating Master Submix 'MasterEQSubmixDefault'
[2021.04.14-21.04.28:556][  0]LogInit: FAudioDevice initialized.
[2021.04.14-21.04.28:557][  0]LogNetVersion: Set ProjectVersion to 1.0.0.0. Version Checksum will be recalculated on next use.
[2021.04.14-21.04.28:562][  0]LogDerivedDataCache: Error: Could not save memory cache C:/Users/aveng/AppData/Local/UnrealEngine/4.25/DerivedDataCache/Boot.ddc.
[2021.04.14-21.04.28:562][  0]LogInit: Texture streaming: Enabled
[2021.04.14-21.04.28:612][  0]LogSlate: Updating window title bar state: overlay mode, drag disabled, window buttons hidden, title bar hidden
[2021.04.14-21.04.28:613][  0]LogInit: Display: Game Engine Initialized.
[2021.04.14-21.04.28:613][  0]LogNiagaraEditor: Warning: GEditor isn't valid! Particle reset commands will not work for Niagara components!
[2021.04.14-21.04.28:639][  0]LogInit: Display: Starting Game.
[2021.04.14-21.04.28:640][  0]LogNet: Browse: /Game/Levels/MainMenu?Name=Player
[2021.04.14-21.04.28:640][  0]LogLoad: LoadMap: /Game/Levels/MainMenu?Name=Player
[2021.04.14-21.04.28:641][  0]LogWorld: BeginTearingDown for /Temp/Untitled_0
[2021.04.14-21.04.28:642][  0]LogWorld: UWorld::CleanupWorld for Untitled, bSessionEnded=true, bCleanupResources=true
[2021.04.14-21.04.28:642][  0]LogSlate: InvalidateAllWidgets triggered.  All widgets were invalidated
[2021.04.14-21.04.28:666][  0]LogUObjectHash: Compacting FUObjectHashTables data took   0.68ms
[2021.04.14-21.04.28:723][  0]LogAIModule: Creating AISystem for world MainMenu
[2021.04.14-21.04.28:723][  0]LogAISub: UAISubsystem::UAISubsystem EnvQueryManager (0000015872AD5C00), frame # 0
[2021.04.14-21.04.28:724][  0]LogAISub: UAISubsystem::UAISubsystem AIPerceptionSystem (0000015872B1BC40), frame # 0
[2021.04.14-21.04.28:731][  0]LogLoad: Game class is 'BP_GamesAssignmentTwoGameModeBse_C'
[2021.04.14-21.04.28:732][  0]LogWorld: Bringing World /Game/Levels/MainMenu.MainMenu up for play (max tick rate 0) at 2021.04.14-22.04.28
[2021.04.14-21.04.28:733][  0]LogWorld: Bringing up level for play took: 0.001165
[2021.04.14-21.04.28:734][  0]LogGameMode: FindPlayerStart: PATHS NOT DEFINED or NO PLAYERSTART with positive rating
[2021.04.14-21.04.28:737][  0]LogTemp: Warning: Destroy Character
[2021.04.14-21.04.28:737][  0]LogTemp: Warning: Load main menu widget from instance called
[2021.04.14-21.04.28:738][  0]LogTemp: Warning: Load main menu widget from instance MenuClass set
[2021.04.14-21.04.28:739][  0]LogTemp: Warning: TRUEEE
[2021.04.14-21.04.28:740][  0]LogLoad: Took 0.099327 seconds to LoadMap(/Game/Levels/MainMenu)
[2021.04.14-21.04.28:761][  0]LogSlate: Took 0.000128 seconds to synchronously load lazily loaded font '../../../Engine/Content/Slate/Fonts/Roboto-Regular.ttf' (155K)
[2021.04.14-21.04.28:778][  0]LogRenderer: Reallocating scene render targets to support 960x1020 Format 10 NumSamples 1 (Frame:1).
[2021.04.14-21.04.28:778][  0]LogLoad: (Engine Initialization) Total time: 5.50 seconds
[2021.04.14-21.04.28:779][  0]LogLoad: (Engine Initialization) Total Blueprint compile time: 0.00 seconds
[2021.04.14-21.04.28:792][  0]LogContentStreaming: Texture pool size now 1000 MB
[2021.04.14-21.04.28:795][  0]LogSlate: InvalidateAllWidgets triggered.  All widgets were invalidated
[2021.04.14-21.04.28:831][  1]LogSlate: Took 0.000179 seconds to synchronously load lazily loaded font '../../../Engine/Content/Slate/Fonts/Roboto-Regular.ttf' (155K)
[2021.04.14-21.04.41:802][878]LogSlate: WidgetSwitcher ('None') active index changed to 2
[2021.04.14-21.04.42:183][ 19]LogNet: Browse: 127.0.0.1/Game/Levels/MainMenu
[2021.04.14-21.04.42:184][ 19]LogInit: WinSock: Socket queue. Rx: 32768 (config 32768) Tx: 32768 (config 32768)
[2021.04.14-21.04.42:186][ 19]LogNet: Created socket for bind address: 0.0.0.0 on port 0
[2021.04.14-21.04.42:186][ 19]PacketHandlerLog: Loaded PacketHandler component: Engine.EngineHandlerComponentFactory (StatelessConnectHandlerComponent)
[2021.04.14-21.04.42:186][ 19]LogNet: Game client on port 7777, rate 10000
[2021.04.14-21.04.43:193][400]LogHandshake: SendChallengeResponse. Timestamp: 5.713772, Cookie: 201113219223009084050185231232116215013107056158157144148128
[2021.04.14-21.04.43:217][409]LogNetVersion: GamesAssignmentTwo 1.0.0.0, NetCL: 13144385, EngineNetVer: 14, GameNetVer: 0 (Checksum: 1872474305)
[2021.04.14-21.04.43:217][409]LogNet: UPendingNetGame::SendInitialJoin: Sending hello. [UNetConnection] RemoteAddr: 127.0.0.1:7777, Name: IpConnection_0, Driver: PendingNetDriver IpNetDriver_0, IsServer: NO, PC: NULL, Owner: NULL, UniqueId: INVALID
[2021.04.14-21.04.43:283][435]LogNet: Welcomed by server (Level: /Game/Levels/Lobby, Game: /Game/Blueprints/BP_ServerLobbyGameModeBase.BP_ServerLobbyGameModeBase_C)
[2021.04.14-21.04.43:283][435]LogLoad: LoadMap: 127.0.0.1/Game/Levels/Lobby?game=/Game/Blueprints/BP_ServerLobbyGameModeBase.BP_ServerLobbyGameModeBase_C
[2021.04.14-21.04.43:284][435]LogWorld: BeginTearingDown for /Game/Levels/MainMenu
[2021.04.14-21.04.43:285][435]LogWorld: UWorld::CleanupWorld for MainMenu, bSessionEnded=true, bCleanupResources=true
[2021.04.14-21.04.43:285][435]LogSlate: InvalidateAllWidgets triggered.  All widgets were invalidated
[2021.04.14-21.04.43:324][435]LogAudio: Display: Waited 38.341999 ms for audio thread.
[2021.04.14-21.04.43:351][435]LogAISub: UAISubsystem::~UAISubsystem EnvQueryManager (0000015872AD5C00), frame # 2435
[2021.04.14-21.04.43:351][435]LogAISub: UAISubsystem::~UAISubsystem AIPerceptionSystem (0000015872B1BC40), frame # 2435
[2021.04.14-21.04.43:353][435]LogUObjectHash: Compacting FUObjectHashTables data took   0.72ms
[2021.04.14-21.04.43:406][435]LogWorld: Bringing World /Game/Levels/Lobby.Lobby up for play (max tick rate 0) at 2021.04.14-22.04.43
[2021.04.14-21.04.43:406][435]LogWorld: Bringing up level for play took: 0.000915
[2021.04.14-21.04.43:407][435]LogLoad: Took 0.124000 seconds to LoadMap(/Game/Levels/Lobby)
[2021.04.14-21.04.43:407][435]LogNavigation: Warning: NavData RegistrationFailed_DataPendingKill.
[2021.04.14-21.04.43:828][577]LogOnlineSession: Warning: OSS: No game present to join for session (GameSession)
[2021.04.14-21.04.43:898][601]LogTemp: Warning: 0
[2021.04.14-21.04.43:900][601]LogTemp: Warning: 0
[2021.04.14-21.04.43:984][629]LogOnlineSession: Warning: OSS: No game present to join for session (GameSession)
[2021.04.14-21.04.53:431][766]LogWorld: SeamlessTravel to: /Game/Levels/Gamelevel
[2021.04.14-21.04.53:434][767]LogWorld: BeginTearingDown for /Game/Levels/Lobby
[2021.04.14-21.04.53:435][767]LogWorld: UWorld::CleanupWorld for Lobby, bSessionEnded=false, bCleanupResources=true
[2021.04.14-21.04.53:436][767]LogSlate: InvalidateAllWidgets triggered.  All widgets were invalidated
[2021.04.14-21.04.53:474][767]LogAudio: Display: Waited 38.044098 ms for audio thread.
[2021.04.14-21.04.53:489][767]LogUObjectHash: Compacting FUObjectHashTables data took   0.81ms
[2021.04.14-21.04.53:490][767]LogStats:     SeamlessTravel FlushLevelStreaming  -  0.001 s
[2021.04.14-21.04.53:490][767]LogWorld: Bringing World /Temp/Untitled_1.Untitled up for play (max tick rate 0) at 2021.04.14-22.04.53
[2021.04.14-21.04.53:491][767]LogWorld: Bringing up level for play took: 0.000485
[2021.04.14-21.04.53:491][767]LogWorld: Sending NotifyLoadedWorld for LP: LocalPlayer_0 PC: BP_MainPlayerController_C_0
[2021.04.14-21.04.53:491][767]LogNet: Verbose: NotifyLoadedWorld Begin
[2021.04.14-21.04.53:492][767]LogNet: VeryVerbose: GetFunctionCallspace RemoteRole Remote ServerNotifyLoadedWorld
[2021.04.14-21.04.53:493][767]LogNetTraffic:       Sent RPC: BP_MainPlayerController_C /Temp/Untitled_1.Untitled:PersistentLevel.BP_MainPlayerController_C_0::ServerNotifyLoadedWorld [28.4 bytes]
[2021.04.14-21.04.53:493][767]LogNetTraffic: VeryVerbose: Sending: FOutBunch: Channel[2] ChSequence: 1004 NumBits: 227 PacketId: 0 bOpen: 0 bClose: 0 bDormant: 0 bIsReplicationPaused: 0 bReliable: 1 bPartial: 0//0//0 bHasPackageMapExports: 0 
[2021.04.14-21.04.53:493][767]LogNetTraffic: Verbose: UNetConnection::SendRawBunch. ChIndex: 2. Bits: 227. PacketId: 8793
[2021.04.14-21.04.53:494][767]LogNet: Verbose: NotifyLoadedWorld End
[2021.04.14-21.04.53:495][767]LogWorld: StartLoadingDestination to: /Game/Levels/Gamelevel
[2021.04.14-21.04.53:567][770]LogWorld: BeginTearingDown for /Temp/Untitled_1
[2021.04.14-21.04.53:567][770]LogWorld: UWorld::CleanupWorld for Untitled, bSessionEnded=true, bCleanupResources=true
[2021.04.14-21.04.53:568][770]LogSlate: InvalidateAllWidgets triggered.  All widgets were invalidated
[2021.04.14-21.04.53:618][770]LogUObjectHash: Compacting FUObjectHashTables data took   0.74ms
[2021.04.14-21.04.53:620][770]LogStats:     SeamlessTravel FlushLevelStreaming  -  0.000 s
[2021.04.14-21.04.53:622][770]LogWorld: Bringing World /Game/Levels/Gamelevel.GameLevel up for play (max tick rate 0) at 2021.04.14-22.04.53
[2021.04.14-21.04.53:622][770]LogWorld: Bringing up level for play took: 0.002001
[2021.04.14-21.04.53:622][770]LogWorld: Sending NotifyLoadedWorld for LP: LocalPlayer_0 PC: BP_MainPlayerController_C_0
[2021.04.14-21.04.53:622][770]LogNet: Verbose: NotifyLoadedWorld Begin
[2021.04.14-21.04.53:623][770]LogNet: VeryVerbose: GetFunctionCallspace RemoteRole Remote ServerNotifyLoadedWorld
[2021.04.14-21.04.53:623][770]LogNetTraffic:       Sent RPC: BP_MainPlayerController_C /Game/Levels/Gamelevel.GameLevel:PersistentLevel.BP_MainPlayerController_C_0::ServerNotifyLoadedWorld [36.4 bytes]
[2021.04.14-21.04.53:623][770]LogNetTraffic: VeryVerbose: Sending: FOutBunch: Channel[2] ChSequence: 1005 NumBits: 291 PacketId: 0 bOpen: 0 bClose: 0 bDormant: 0 bIsReplicationPaused: 0 bReliable: 1 bPartial: 0//0//0 bHasPackageMapExports: 0 
[2021.04.14-21.04.53:624][770]LogNetTraffic: Verbose: FNetPacketNotify::WriteHeader - Seq 8795, AckedSeq 13184 bReFresh 0 HistorySizeInWords 1
[2021.04.14-21.04.53:624][770]LogNetTraffic: Verbose: UNetConnection::SendRawBunch. ChIndex: 2. Bits: 291. PacketId: 8795
[2021.04.14-21.04.53:624][770]LogNet: Verbose: NotifyLoadedWorld End
[2021.04.14-21.04.53:625][770]LogWorld: ----SeamlessTravel finished in 0.19 seconds ------
[2021.04.14-21.04.53:625][770]LogOnlineSession: Warning: OSS: No game present to leave for session (GameSession)
[2021.04.14-21.04.53:626][770]LogNavigation: Warning: NavData RegistrationFailed_DataPendingKill.
[2021.04.14-21.04.53:644][772]LogOnlineSession: Warning: OSS: No game present to leave for session (GameSession)
[2021.04.14-21.04.54:102][920]LogOnlineSession: Warning: OSS: No game present to join for session (GameSession)
[2021.04.14-21.04.54:161][938]LogTemp: Warning: 4
[2021.04.14-21.04.54:552][ 76]LogOnlineSession: Warning: OSS: No game present to join for session (GameSession)
