Log file open, 04/14/21 09:09:47
LogInit: Display: Running engine for game: GamesAssignmentTwo
LogPlatformFile: Not using cached read wrapper
LogTaskGraph: Started task graph with 5 named threads and 71 total threads with 3 sets of task threads.
LogStats: Stats thread started at 0.210997
LogD3D11RHI: Loaded GFSDK_Aftermath_Lib.x64.dll
LogICUInternationalization: ICU TimeZone Detection - Raw Offset: +0:00, Platform Override: ''
LogPluginManager: Mounting plugin Paper2D
LogPluginManager: Mounting plugin AISupport
LogPluginManager: Mounting plugin LightPropagationVolume
LogPluginManager: Mounting plugin CameraShakePreviewer
LogPluginManager: Mounting plugin ActorLayerUtilities
LogPluginManager: Mounting plugin AnimationSharing
LogPluginManager: Mounting plugin CLionSourceCodeAccess
LogPluginManager: Mounting plugin CodeLiteSourceCodeAccess
LogPluginManager: Mounting plugin GitSourceControl
LogPluginManager: Mounting plugin KDevelopSourceCodeAccess
LogPluginManager: Mounting plugin NullSourceCodeAccess
LogPluginManager: Mounting plugin PerforceSourceControl
LogPluginManager: Mounting plugin PlasticSourceControl
LogPluginManager: Mounting plugin RiderSourceCodeAccess
LogPluginManager: Mounting plugin SubversionSourceControl
LogPluginManager: Mounting plugin UObjectPlugin
LogPluginManager: Mounting plugin VisualStudioCodeSourceCodeAccess
LogPluginManager: Mounting plugin VisualStudioSourceCodeAccess
LogPluginManager: Mounting plugin XCodeSourceCodeAccess
LogPluginManager: Mounting plugin AssetManagerEditor
LogPluginManager: Mounting plugin CryptoKeys
LogPluginManager: Mounting plugin CurveEditorTools
LogPluginManager: Mounting plugin DataValidation
LogPluginManager: Mounting plugin EditorScriptingUtilities
LogPluginManager: Mounting plugin FacialAnimation
LogPluginManager: Mounting plugin GameplayTagsEditor
LogPluginManager: Mounting plugin GeometryMode
LogPluginManager: Mounting plugin MacGraphicsSwitching
LogPluginManager: Mounting plugin MaterialAnalyzer
LogPluginManager: Mounting plugin MobileLauncherProfileWizard
LogPluginManager: Mounting plugin PluginBrowser
LogPluginManager: Mounting plugin SpeedTreeImporter
LogPluginManager: Mounting plugin DatasmithContent
LogPluginManager: Mounting plugin VariantManagerContent
LogPluginManager: Mounting plugin AlembicImporter
LogPluginManager: Mounting plugin AutomationUtils
LogPluginManager: Mounting plugin BackChannel
LogPluginManager: Mounting plugin ChaosCloth
LogPluginManager: Mounting plugin ChaosClothEditor
LogPluginManager: Mounting plugin ChaosEditor
LogPluginManager: Mounting plugin ChaosNiagara
LogPluginManager: Mounting plugin ChaosSolverPlugin
LogPluginManager: Mounting plugin CharacterAI
LogPluginManager: Mounting plugin GeometryCache
LogPluginManager: Mounting plugin GeometryCollectionPlugin
LogPluginManager: Mounting plugin GeometryProcessing
LogPluginManager: Mounting plugin PlanarCut
LogPluginManager: Mounting plugin PlatformCrypto
LogPluginManager: Mounting plugin ProxyLODPlugin
LogPluginManager: Mounting plugin SkeletalReduction
LogPluginManager: Mounting plugin Niagara
LogPluginManager: Mounting plugin MagicLeap
LogPluginManager: Mounting plugin MagicLeapLightEstimation
LogPluginManager: Mounting plugin MagicLeapMedia
LogPluginManager: Mounting plugin MagicLeapPassableWorld
LogPluginManager: Mounting plugin MLSDK
LogPluginManager: Mounting plugin AndroidMedia
LogPluginManager: Mounting plugin AvfMedia
LogPluginManager: Mounting plugin ImgMedia
LogPluginManager: Mounting plugin MediaCompositing
LogPluginManager: Mounting plugin MediaPlayerEditor
LogPluginManager: Mounting plugin WebMMedia
LogPluginManager: Mounting plugin WmfMedia
LogPluginManager: Mounting plugin MeshPainting
LogPluginManager: Mounting plugin TcpMessaging
LogPluginManager: Mounting plugin UdpMessaging
LogPluginManager: Mounting plugin ActorSequence
LogPluginManager: Mounting plugin LevelSequenceEditor
LogPluginManager: Mounting plugin MatineeToLevelSequence
LogPluginManager: Mounting plugin MovieRenderPipeline
LogPluginManager: Mounting plugin TemplateSequence
LogPluginManager: Mounting plugin NetcodeUnitTest
LogPluginManager: Mounting plugin NUTUnrealEngine4
LogPluginManager: Mounting plugin OnlineSubsystemGooglePlay
LogPluginManager: Mounting plugin OnlineSubsystemIOS
LogPluginManager: Mounting plugin OnlineSubsystem
LogPluginManager: Mounting plugin OnlineSubsystemNull
LogPluginManager: Mounting plugin OnlineSubsystemUtils
LogPluginManager: Mounting plugin LauncherChunkInstaller
LogPluginManager: Mounting plugin AndroidDeviceProfileSelector
LogPluginManager: Mounting plugin AndroidMoviePlayer
LogPluginManager: Mounting plugin AndroidPermission
LogPluginManager: Mounting plugin AppleImageUtils
LogPluginManager: Mounting plugin AppleMoviePlayer
LogPluginManager: Mounting plugin ArchVisCharacter
LogPluginManager: Mounting plugin AssetTags
LogPluginManager: Mounting plugin AudioCapture
LogPluginManager: Mounting plugin CableComponent
LogPluginManager: Mounting plugin CustomMeshComponent
LogPluginManager: Mounting plugin EditableMesh
LogPluginManager: Mounting plugin ExampleDeviceProfileSelector
LogPluginManager: Mounting plugin GoogleCloudMessaging
LogPluginManager: Mounting plugin GooglePAD
LogPluginManager: Mounting plugin IOSDeviceProfileSelector
LogPluginManager: Mounting plugin LinuxDeviceProfileSelector
LogPluginManager: Mounting plugin LocationServicesBPLibrary
LogPluginManager: Mounting plugin MobilePatchingUtils
LogPluginManager: Mounting plugin OculusVR
LogPluginManager: Mounting plugin PhysXVehicles
LogPluginManager: Mounting plugin PostSplashScreen
LogPluginManager: Mounting plugin ProceduralMeshComponent
LogPluginManager: Mounting plugin RuntimePhysXCooking
LogPluginManager: Mounting plugin SignificanceManager
LogPluginManager: Mounting plugin SoundFields
LogPluginManager: Mounting plugin SteamVR
LogPluginManager: Mounting plugin Synthesis
LogPluginManager: Mounting plugin WebMMoviePlayer
LogPluginManager: Mounting plugin WindowsMoviePlayer
LogPluginManager: Mounting plugin ScreenshotTools
LogInit: Using libcurl 7.55.1-DEV
LogInit:  - built for x86_64-pc-win32
LogInit:  - supports SSL with OpenSSL/1.1.1
LogInit:  - supports HTTP deflate (compression) using libz 1.2.8
LogInit:  - other features:
LogInit:      CURL_VERSION_SSL
LogInit:      CURL_VERSION_LIBZ
LogInit:      CURL_VERSION_IPV6
LogInit:      CURL_VERSION_ASYNCHDNS
LogInit:      CURL_VERSION_LARGEFILE
LogInit:      CURL_VERSION_IDN
LogInit:  CurlRequestOptions (configurable via config and command line):
LogInit:  - bVerifyPeer = true  - Libcurl will verify peer certificate
LogInit:  - bUseHttpProxy = false  - Libcurl will NOT use HTTP proxy
LogInit:  - bDontReuseConnections = false  - Libcurl will reuse connections
LogInit:  - MaxHostConnections = 16  - Libcurl will limit the number of connections to a host
LogInit:  - LocalHostAddr = Default
LogInit:  - BufferSize = 65536
LogOnline: OSS: Creating online subsystem instance for: NULL
LogInit: WinSock: version 1.1 (2.2), MaxSocks=32767, MaxUdp=65467
LogOnline: OSS: TryLoadSubsystemAndSetDefault: Loaded subsystem for module [NULL]
LogInit: Build: ++UE4+Release-4.25-CL-14469661
LogInit: Engine Version: 4.25.4-14469661+++UE4+Release-4.25
LogInit: Compatible Engine Version: 4.25.0-13144385+++UE4+Release-4.25
LogInit: Net CL: 13144385
LogInit: OS: Windows 10 (Release 2009) (), CPU: AMD Ryzen 9 3900X 12-Core Processor            , GPU: NVIDIA GeForce GTX 1060 6GB
LogInit: Compiled (64-bit): Oct 11 2020 08:10:49
LogInit: Compiled with Visual C++: 19.24.28315.00
LogInit: Build Configuration: Development
LogInit: Branch Name: ++UE4+Release-4.25
LogInit: Command Line: -log -game
LogInit: Base Directory: E:/UNREAL ENGINE/UE_4.25/Engine/Binaries/Win64/
LogInit: Allocator: TBB
LogInit: Installed Engine Build: 1
LogDevObjectVersion: Number of dev versions registered: 26
LogDevObjectVersion:   Dev-Blueprints (B0D832E4-1F89-4F0D-ACCF-7EB736FD4AA2): 10
LogDevObjectVersion:   Dev-Build (E1C64328-A22C-4D53-A36C-8E866417BD8C): 0
LogDevObjectVersion:   Dev-Core (375EC13C-06E4-48FB-B500-84F0262A717E): 4
LogDevObjectVersion:   Dev-Editor (E4B068ED-F494-42E9-A231-DA0B2E46BB41): 38
LogDevObjectVersion:   Dev-Framework (CFFC743F-43B0-4480-9391-14DF171D2073): 37
LogDevObjectVersion:   Dev-Mobile (B02B49B5-BB20-44E9-A304-32B752E40360): 2
LogDevObjectVersion:   Dev-Networking (A4E4105C-59A1-49B5-A7C5-40C4547EDFEE): 0
LogDevObjectVersion:   Dev-Online (39C831C9-5AE6-47DC-9A44-9C173E1C8E7C): 0
LogDevObjectVersion:   Dev-Physics (78F01B33-EBEA-4F98-B9B4-84EACCB95AA2): 4
LogDevObjectVersion:   Dev-Platform (6631380F-2D4D-43E0-8009-CF276956A95A): 0
LogDevObjectVersion:   Dev-Rendering (12F88B9F-8875-4AFC-A67C-D90C383ABD29): 43
LogDevObjectVersion:   Dev-Sequencer (7B5AE74C-D270-4C10-A958-57980B212A5A): 12
LogDevObjectVersion:   Dev-VR (D7296918-1DD6-4BDD-9DE2-64A83CC13884): 3
LogDevObjectVersion:   Dev-LoadTimes (C2A15278-BFE7-4AFE-6C17-90FF531DF755): 1
LogDevObjectVersion:   Private-Geometry (6EACA3D4-40EC-4CC1-B786-8BED09428FC5): 3
LogDevObjectVersion:   Dev-AnimPhys (29E575DD-E0A3-4627-9D10-D276232CDCEA): 17
LogDevObjectVersion:   Dev-Anim (AF43A65D-7FD3-4947-9873-3E8ED9C1BB05): 7
LogDevObjectVersion:   Dev-ReflectionCapture (6B266CEC-1EC7-4B8F-A30B-E4D90942FC07): 1
LogDevObjectVersion:   Dev-Automation (0DF73D61-A23F-47EA-B727-89E90C41499A): 1
LogDevObjectVersion:   FortniteMain (601D1886-AC64-4F84-AA16-D3DE0DEAC7D6): 31
LogDevObjectVersion:   Dev-Enterprise (9DFFBCD6-494F-0158-E221-12823C92A888): 10
LogDevObjectVersion:   Dev-Niagara (F2AED0AC-9AFE-416F-8664-AA7FFA26D6FC): 1
LogDevObjectVersion:   Dev-Destruction (174F1F0B-B4C6-45A5-B13F-2EE8D0FB917D): 10
LogDevObjectVersion:   Dev-Physics-Ext (35F94A83-E258-406C-A318-09F59610247C): 37
LogDevObjectVersion:   Dev-PhysicsMaterial-Chaos (B68FC16E-8B1B-42E2-B453-215C058844FE): 1
LogDevObjectVersion:   Dev-CineCamera (B2E18506-4273-CFC2-A54E-F4BB758BBA07): 1
LogInit: Presizing for max 25165824 objects, including 0 objects not considered by GC, pre-allocating 0 bytes for permanent pool.
LogConfig: Applying CVar settings from Section [/Script/Engine.StreamingSettings] File [C:/Users/aveng/Documents/GitHub/GamesAssignment2-SecondYear/Games Assignment Two/GamesAssignmentTwo/Saved/Config/Windows/Engine.ini]
LogConfig: Setting CVar [[s.MinBulkDataSizeForAsyncLoading:131072]]
LogConfig: Setting CVar [[s.AsyncLoadingThreadEnabled:0]]
LogConfig: Setting CVar [[s.EventDrivenLoaderEnabled:1]]
LogConfig: Setting CVar [[s.WarnIfTimeLimitExceeded:0]]
LogConfig: Setting CVar [[s.TimeLimitExceededMultiplier:1.5]]
LogConfig: Setting CVar [[s.TimeLimitExceededMinTime:0.005]]
LogConfig: Setting CVar [[s.UseBackgroundLevelStreaming:1]]
LogConfig: Setting CVar [[s.PriorityAsyncLoadingExtraTime:15.0]]
LogConfig: Setting CVar [[s.LevelStreamingActorsUpdateTimeLimit:5.0]]
LogConfig: Setting CVar [[s.PriorityLevelStreamingActorsUpdateExtraTime:5.0]]
LogConfig: Setting CVar [[s.LevelStreamingComponentsRegistrationGranularity:10]]
LogConfig: Setting CVar [[s.UnregisterComponentsTimeLimit:1.0]]
LogConfig: Setting CVar [[s.LevelStreamingComponentsUnregistrationGranularity:5]]
LogConfig: Setting CVar [[s.FlushStreamingOnExit:1]]
LogInit: Object subsystem initialized
LogConfig: Setting CVar [[con.DebugEarlyDefault:1]]
LogConfig: Setting CVar [[r.setres:1280x720]]
[2021.04.14-08.09.48:036][  0]LogConfig: Setting CVar [[con.DebugEarlyDefault:1]]
[2021.04.14-08.09.48:036][  0]LogConfig: Setting CVar [[r.setres:1280x720]]
[2021.04.14-08.09.48:037][  0]LogConfig: Applying CVar settings from Section [/Script/Engine.RendererSettings] File [C:/Users/aveng/Documents/GitHub/GamesAssignment2-SecondYear/Games Assignment Two/GamesAssignmentTwo/Saved/Config/Windows/Engine.ini]
[2021.04.14-08.09.48:037][  0]LogConfig: Setting CVar [[r.GPUCrashDebugging:0]]
[2021.04.14-08.09.48:037][  0]LogConfig: Applying CVar settings from Section [/Script/Engine.RendererOverrideSettings] File [C:/Users/aveng/Documents/GitHub/GamesAssignment2-SecondYear/Games Assignment Two/GamesAssignmentTwo/Saved/Config/Windows/Engine.ini]
[2021.04.14-08.09.48:038][  0]LogConfig: Applying CVar settings from Section [/Script/Engine.StreamingSettings] File [C:/Users/aveng/Documents/GitHub/GamesAssignment2-SecondYear/Games Assignment Two/GamesAssignmentTwo/Saved/Config/Windows/Engine.ini]
[2021.04.14-08.09.48:038][  0]LogConfig: Setting CVar [[s.MinBulkDataSizeForAsyncLoading:131072]]
[2021.04.14-08.09.48:038][  0]LogConfig: Setting CVar [[s.AsyncLoadingThreadEnabled:0]]
[2021.04.14-08.09.48:039][  0]LogConfig: Setting CVar [[s.EventDrivenLoaderEnabled:1]]
[2021.04.14-08.09.48:039][  0]LogConfig: Setting CVar [[s.WarnIfTimeLimitExceeded:0]]
[2021.04.14-08.09.48:039][  0]LogConfig: Setting CVar [[s.TimeLimitExceededMultiplier:1.5]]
[2021.04.14-08.09.48:040][  0]LogConfig: Setting CVar [[s.TimeLimitExceededMinTime:0.005]]
[2021.04.14-08.09.48:040][  0]LogConfig: Setting CVar [[s.UseBackgroundLevelStreaming:1]]
[2021.04.14-08.09.48:041][  0]LogConfig: Setting CVar [[s.PriorityAsyncLoadingExtraTime:15.0]]
[2021.04.14-08.09.48:041][  0]LogConfig: Setting CVar [[s.LevelStreamingActorsUpdateTimeLimit:5.0]]
[2021.04.14-08.09.48:041][  0]LogConfig: Setting CVar [[s.PriorityLevelStreamingActorsUpdateExtraTime:5.0]]
[2021.04.14-08.09.48:042][  0]LogConfig: Setting CVar [[s.LevelStreamingComponentsRegistrationGranularity:10]]
[2021.04.14-08.09.48:043][  0]LogConfig: Setting CVar [[s.UnregisterComponentsTimeLimit:1.0]]
[2021.04.14-08.09.48:044][  0]LogConfig: Setting CVar [[s.LevelStreamingComponentsUnregistrationGranularity:5]]
[2021.04.14-08.09.48:044][  0]LogConfig: Setting CVar [[s.FlushStreamingOnExit:1]]
[2021.04.14-08.09.48:044][  0]LogConfig: Applying CVar settings from Section [/Script/Engine.GarbageCollectionSettings] File [C:/Users/aveng/Documents/GitHub/GamesAssignment2-SecondYear/Games Assignment Two/GamesAssignmentTwo/Saved/Config/Windows/Engine.ini]
[2021.04.14-08.09.48:045][  0]LogConfig: Setting CVar [[gc.MaxObjectsNotConsideredByGC:1]]
[2021.04.14-08.09.48:045][  0]LogConfig: Setting CVar [[gc.SizeOfPermanentObjectPool:0]]
[2021.04.14-08.09.48:046][  0]LogConfig: Setting CVar [[gc.FlushStreamingOnGC:0]]
[2021.04.14-08.09.48:046][  0]LogConfig: Setting CVar [[gc.NumRetriesBeforeForcingGC:10]]
[2021.04.14-08.09.48:046][  0]LogConfig: Setting CVar [[gc.AllowParallelGC:1]]
[2021.04.14-08.09.48:047][  0]LogConfig: Setting CVar [[gc.TimeBetweenPurgingPendingKillObjects:61.1]]
[2021.04.14-08.09.48:047][  0]LogConfig: Setting CVar [[gc.MaxObjectsInEditor:25165824]]
[2021.04.14-08.09.48:047][  0]LogConfig: Setting CVar [[gc.IncrementalBeginDestroyEnabled:1]]
[2021.04.14-08.09.48:048][  0]LogConfig: Setting CVar [[gc.CreateGCClusters:1]]
[2021.04.14-08.09.48:048][  0]LogConfig: Setting CVar [[gc.MinGCClusterSize:5]]
[2021.04.14-08.09.48:048][  0]LogConfig: Setting CVar [[gc.ActorClusteringEnabled:0]]
[2021.04.14-08.09.48:049][  0]LogConfig: Setting CVar [[gc.BlueprintClusteringEnabled:0]]
[2021.04.14-08.09.48:049][  0]LogConfig: Setting CVar [[gc.UseDisregardForGCOnDedicatedServers:0]]
[2021.04.14-08.09.48:049][  0]LogConfig: Applying CVar settings from Section [/Script/Engine.NetworkSettings] File [C:/Users/aveng/Documents/GitHub/GamesAssignment2-SecondYear/Games Assignment Two/GamesAssignmentTwo/Saved/Config/Windows/Engine.ini]
[2021.04.14-08.09.48:050][  0]LogConfig: Applying CVar settings from Section [/Script/UnrealEd.CookerSettings] File [C:/Users/aveng/Documents/GitHub/GamesAssignment2-SecondYear/Games Assignment Two/GamesAssignmentTwo/Saved/Config/Windows/Engine.ini]
[2021.04.14-08.09.48:054][  0]LogConfig: Applying CVar settings from Section [ViewDistanceQuality@3] File [C:/Users/aveng/Documents/GitHub/GamesAssignment2-SecondYear/Games Assignment Two/GamesAssignmentTwo/Saved/Config/Windows/Scalability.ini]
[2021.04.14-08.09.48:054][  0]LogConfig: Setting CVar [[r.SkeletalMeshLODBias:0]]
[2021.04.14-08.09.48:055][  0]LogConfig: Setting CVar [[r.ViewDistanceScale:1.0]]
[2021.04.14-08.09.48:055][  0]LogConfig: Applying CVar settings from Section [AntiAliasingQuality@3] File [C:/Users/aveng/Documents/GitHub/GamesAssignment2-SecondYear/Games Assignment Two/GamesAssignmentTwo/Saved/Config/Windows/Scalability.ini]
[2021.04.14-08.09.48:055][  0]LogConfig: Setting CVar [[r.PostProcessAAQuality:4]]
[2021.04.14-08.09.48:056][  0]LogConfig: Applying CVar settings from Section [ShadowQuality@3] File [C:/Users/aveng/Documents/GitHub/GamesAssignment2-SecondYear/Games Assignment Two/GamesAssignmentTwo/Saved/Config/Windows/Scalability.ini]
[2021.04.14-08.09.48:057][  0]LogConfig: Setting CVar [[r.LightFunctionQuality:1]]
[2021.04.14-08.09.48:058][  0]LogConfig: Setting CVar [[r.ShadowQuality:5]]
[2021.04.14-08.09.48:058][  0]LogConfig: Setting CVar [[r.Shadow.CSM.MaxCascades:10]]
[2021.04.14-08.09.48:059][  0]LogConfig: Setting CVar [[r.Shadow.MaxResolution:2048]]
[2021.04.14-08.09.48:059][  0]LogConfig: Setting CVar [[r.Shadow.MaxCSMResolution:2048]]
[2021.04.14-08.09.48:060][  0]LogConfig: Setting CVar [[r.Shadow.RadiusThreshold:0.01]]
[2021.04.14-08.09.48:060][  0]LogConfig: Setting CVar [[r.Shadow.DistanceScale:1.0]]
[2021.04.14-08.09.48:060][  0]LogConfig: Setting CVar [[r.Shadow.CSM.TransitionScale:1.0]]
[2021.04.14-08.09.48:061][  0]LogConfig: Setting CVar [[r.Shadow.PreShadowResolutionFactor:1.0]]
[2021.04.14-08.09.48:061][  0]LogConfig: Setting CVar [[r.DistanceFieldShadowing:1]]
[2021.04.14-08.09.48:061][  0]LogConfig: Setting CVar [[r.DistanceFieldAO:1]]
[2021.04.14-08.09.48:062][  0]LogConfig: Setting CVar [[r.AOQuality:2]]
[2021.04.14-08.09.48:062][  0]LogConfig: Setting CVar [[r.VolumetricFog:1]]
[2021.04.14-08.09.48:062][  0]LogConfig: Setting CVar [[r.VolumetricFog.GridPixelSize:8]]
[2021.04.14-08.09.48:063][  0]LogConfig: Setting CVar [[r.VolumetricFog.GridSizeZ:128]]
[2021.04.14-08.09.48:065][  0]LogConfig: Setting CVar [[r.VolumetricFog.HistoryMissSupersampleCount:4]]
[2021.04.14-08.09.48:065][  0]LogConfig: Setting CVar [[r.LightMaxDrawDistanceScale:1]]
[2021.04.14-08.09.48:065][  0]LogConfig: Setting CVar [[r.CapsuleShadows:1]]
[2021.04.14-08.09.48:066][  0]LogConfig: Applying CVar settings from Section [PostProcessQuality@3] File [C:/Users/aveng/Documents/GitHub/GamesAssignment2-SecondYear/Games Assignment Two/GamesAssignmentTwo/Saved/Config/Windows/Scalability.ini]
[2021.04.14-08.09.48:066][  0]LogConfig: Setting CVar [[r.MotionBlurQuality:4]]
[2021.04.14-08.09.48:066][  0]LogConfig: Setting CVar [[r.AmbientOcclusionMipLevelFactor:0.4]]
[2021.04.14-08.09.48:067][  0]LogConfig: Setting CVar [[r.AmbientOcclusionMaxQuality:100]]
[2021.04.14-08.09.48:067][  0]LogConfig: Setting CVar [[r.AmbientOcclusionLevels:-1]]
[2021.04.14-08.09.48:067][  0]LogConfig: Setting CVar [[r.AmbientOcclusionRadiusScale:1.0]]
[2021.04.14-08.09.48:068][  0]LogConfig: Setting CVar [[r.DepthOfFieldQuality:2]]
[2021.04.14-08.09.48:068][  0]LogConfig: Setting CVar [[r.RenderTargetPoolMin:400]]
[2021.04.14-08.09.48:068][  0]LogConfig: Setting CVar [[r.LensFlareQuality:2]]
[2021.04.14-08.09.48:069][  0]LogConfig: Setting CVar [[r.SceneColorFringeQuality:1]]
[2021.04.14-08.09.48:069][  0]LogConfig: Setting CVar [[r.EyeAdaptationQuality:2]]
[2021.04.14-08.09.48:069][  0]LogConfig: Setting CVar [[r.BloomQuality:5]]
[2021.04.14-08.09.48:070][  0]LogConfig: Setting CVar [[r.FastBlurThreshold:100]]
[2021.04.14-08.09.48:070][  0]LogConfig: Setting CVar [[r.Upscale.Quality:3]]
[2021.04.14-08.09.48:070][  0]LogConfig: Setting CVar [[r.Tonemapper.GrainQuantization:1]]
[2021.04.14-08.09.48:071][  0]LogConfig: Setting CVar [[r.LightShaftQuality:1]]
[2021.04.14-08.09.48:071][  0]LogConfig: Setting CVar [[r.Filter.SizeScale:1]]
[2021.04.14-08.09.48:071][  0]LogConfig: Setting CVar [[r.Tonemapper.Quality:5]]
[2021.04.14-08.09.48:072][  0]LogConfig: Setting CVar [[r.DOF.Gather.AccumulatorQuality:1        ; higher gathering accumulator quality]]
[2021.04.14-08.09.48:072][  0]LogConfig: Setting CVar [[r.DOF.Gather.PostfilterMethod:1          ; Median3x3 postfilering method]]
[2021.04.14-08.09.48:072][  0]LogConfig: Setting CVar [[r.DOF.Gather.EnableBokehSettings:0       ; no bokeh simulation when gathering]]
[2021.04.14-08.09.48:072][  0]LogConfig: Setting CVar [[r.DOF.Gather.RingCount:4                 ; medium number of samples when gathering]]
[2021.04.14-08.09.48:073][  0]LogConfig: Setting CVar [[r.DOF.Scatter.ForegroundCompositing:1    ; additive foreground scattering]]
[2021.04.14-08.09.48:075][  0]LogConfig: Setting CVar [[r.DOF.Scatter.BackgroundCompositing:2    ; additive background scattering]]
[2021.04.14-08.09.48:075][  0]LogConfig: Setting CVar [[r.DOF.Scatter.EnableBokehSettings:1      ; bokeh simulation when scattering]]
[2021.04.14-08.09.48:075][  0]LogConfig: Setting CVar [[r.DOF.Scatter.MaxSpriteRatio:0.1         ; only a maximum of 10% of scattered bokeh]]
[2021.04.14-08.09.48:076][  0]LogConfig: Setting CVar [[r.DOF.Recombine.Quality:1                ; cheap slight out of focus]]
[2021.04.14-08.09.48:076][  0]LogConfig: Setting CVar [[r.DOF.Recombine.EnableBokehSettings:0    ; no bokeh simulation on slight out of focus]]
[2021.04.14-08.09.48:077][  0]LogConfig: Setting CVar [[r.DOF.TemporalAAQuality:1                ; more stable temporal accumulation]]
[2021.04.14-08.09.48:077][  0]LogConfig: Setting CVar [[r.DOF.Kernel.MaxForegroundRadius:0.025]]
[2021.04.14-08.09.48:077][  0]LogConfig: Setting CVar [[r.DOF.Kernel.MaxBackgroundRadius:0.025]]
[2021.04.14-08.09.48:077][  0]LogConfig: Applying CVar settings from Section [TextureQuality@3] File [C:/Users/aveng/Documents/GitHub/GamesAssignment2-SecondYear/Games Assignment Two/GamesAssignmentTwo/Saved/Config/Windows/Scalability.ini]
[2021.04.14-08.09.48:078][  0]LogConfig: Setting CVar [[r.Streaming.MipBias:0]]
[2021.04.14-08.09.48:078][  0]LogConfig: Setting CVar [[r.Streaming.AmortizeCPUToGPUCopy:0]]
[2021.04.14-08.09.48:078][  0]LogConfig: Setting CVar [[r.Streaming.MaxNumTexturesToStreamPerFrame:0]]
[2021.04.14-08.09.48:079][  0]LogConfig: Setting CVar [[r.Streaming.Boost:1]]
[2021.04.14-08.09.48:079][  0]LogConfig: Setting CVar [[r.MaxAnisotropy:8]]
[2021.04.14-08.09.48:080][  0]LogConfig: Setting CVar [[r.VT.MaxAnisotropy:8]]
[2021.04.14-08.09.48:080][  0]LogConfig: Setting CVar [[r.Streaming.LimitPoolSizeToVRAM:0]]
[2021.04.14-08.09.48:080][  0]LogConfig: Setting CVar [[r.Streaming.PoolSize:1000]]
[2021.04.14-08.09.48:081][  0]LogConfig: Setting CVar [[r.Streaming.MaxEffectiveScreenSize:0]]
[2021.04.14-08.09.48:081][  0]LogConfig: Applying CVar settings from Section [EffectsQuality@3] File [C:/Users/aveng/Documents/GitHub/GamesAssignment2-SecondYear/Games Assignment Two/GamesAssignmentTwo/Saved/Config/Windows/Scalability.ini]
[2021.04.14-08.09.48:081][  0]LogConfig: Setting CVar [[r.TranslucencyLightingVolumeDim:64]]
[2021.04.14-08.09.48:082][  0]LogConfig: Setting CVar [[r.RefractionQuality:2]]
[2021.04.14-08.09.48:082][  0]LogConfig: Setting CVar [[r.SSR.Quality:3]]
[2021.04.14-08.09.48:082][  0]LogConfig: Setting CVar [[r.SSR.HalfResSceneColor:0]]
[2021.04.14-08.09.48:082][  0]LogConfig: Setting CVar [[r.SceneColorFormat:4]]
[2021.04.14-08.09.48:083][  0]LogConfig: Setting CVar [[r.DetailMode:2]]
[2021.04.14-08.09.48:085][  0]LogConfig: Setting CVar [[r.TranslucencyVolumeBlur:1]]
[2021.04.14-08.09.48:085][  0]LogConfig: Setting CVar [[r.MaterialQualityLevel:1 ; High quality]]
[2021.04.14-08.09.48:085][  0]LogConfig: Setting CVar [[r.SSS.Scale:1]]
[2021.04.14-08.09.48:086][  0]LogConfig: Setting CVar [[r.SSS.SampleSet:2]]
[2021.04.14-08.09.48:086][  0]LogConfig: Setting CVar [[r.SSS.Quality:1]]
[2021.04.14-08.09.48:086][  0]LogConfig: Setting CVar [[r.SSS.HalfRes:0]]
[2021.04.14-08.09.48:087][  0]LogConfig: Setting CVar [[r.SSGI.Quality:3]]
[2021.04.14-08.09.48:087][  0]LogConfig: Setting CVar [[r.EmitterSpawnRateScale:1.0]]
[2021.04.14-08.09.48:087][  0]LogConfig: Setting CVar [[r.ParticleLightQuality:2]]
[2021.04.14-08.09.48:088][  0]LogConfig: Setting CVar [[r.SkyAtmosphere.AerialPerspectiveLUT.FastApplyOnOpaque:1 ; Always have FastSkyLUT 1 in this case to avoid wrong sky]]
[2021.04.14-08.09.48:088][  0]LogConfig: Setting CVar [[r.SkyAtmosphere.AerialPerspectiveLUT.SampleCountPerSlice:1]]
[2021.04.14-08.09.48:089][  0]LogConfig: Setting CVar [[r.SkyAtmosphere.AerialPerspectiveLUT.DepthResolution:16.0]]
[2021.04.14-08.09.48:089][  0]LogConfig: Setting CVar [[r.SkyAtmosphere.FastSkyLUT:1]]
[2021.04.14-08.09.48:090][  0]LogConfig: Setting CVar [[r.SkyAtmosphere.FastSkyLUT.SampleCountMin:4.0]]
[2021.04.14-08.09.48:090][  0]LogConfig: Setting CVar [[r.SkyAtmosphere.FastSkyLUT.SampleCountMax:32.0]]
[2021.04.14-08.09.48:091][  0]LogConfig: Setting CVar [[r.SkyAtmosphere.SampleCountMin:4.0]]
[2021.04.14-08.09.48:091][  0]LogConfig: Setting CVar [[r.SkyAtmosphere.SampleCountMax:32.0]]
[2021.04.14-08.09.48:092][  0]LogConfig: Setting CVar [[r.SkyAtmosphere.TransmittanceLUT.UseSmallFormat:0]]
[2021.04.14-08.09.48:092][  0]LogConfig: Setting CVar [[r.SkyAtmosphere.TransmittanceLUT.SampleCount:10.0]]
[2021.04.14-08.09.48:093][  0]LogConfig: Setting CVar [[r.SkyAtmosphere.MultiScatteringLUT.SampleCount:15.0]]
[2021.04.14-08.09.48:095][  0]LogConfig: Applying CVar settings from Section [FoliageQuality@3] File [C:/Users/aveng/Documents/GitHub/GamesAssignment2-SecondYear/Games Assignment Two/GamesAssignmentTwo/Saved/Config/Windows/Scalability.ini]
[2021.04.14-08.09.48:095][  0]LogConfig: Setting CVar [[foliage.DensityScale:1.0]]
[2021.04.14-08.09.48:095][  0]LogConfig: Setting CVar [[grass.DensityScale:1.0]]
[2021.04.14-08.09.48:096][  0]LogConfig: Applying CVar settings from Section [ShadingQuality@3] File [C:/Users/aveng/Documents/GitHub/GamesAssignment2-SecondYear/Games Assignment Two/GamesAssignmentTwo/Saved/Config/Windows/Scalability.ini]
[2021.04.14-08.09.48:096][  0]LogConfig: Setting CVar [[r.HairStrands.SkyLighting.SampleCount:16]]
[2021.04.14-08.09.48:096][  0]LogConfig: Setting CVar [[r.HairStrands.SkyLighting.JitterIntegration:0]]
[2021.04.14-08.09.48:097][  0]LogConfig: Setting CVar [[r.HairStrands.SkyAO.SampleCount:16]]
[2021.04.14-08.09.48:097][  0]LogConfig: Setting CVar [[r.HairStrands.DeepShadow.SuperSampling:0]]
[2021.04.14-08.09.48:097][  0]LogConfig: Setting CVar [[r.HairStrands.VisibilityPPLL:0]]
[2021.04.14-08.09.48:098][  0]LogConfig: Setting CVar [[r.HairStrands.RasterizationScale:0.5]]
[2021.04.14-08.09.48:098][  0]LogConfig: Setting CVar [[r.HairStrands.VelocityRasterizationScale:1]]
[2021.04.14-08.09.48:098][  0]LogInit: Selected Device Profile: [Windows]
[2021.04.14-08.09.48:099][  0]LogInit: Applying CVar settings loaded from the selected device profile: [Windows]
[2021.04.14-08.09.48:099][  0]LogHAL: Display: Platform has ~ 32 GB [34260910080 / 34359738368 / 32], which maps to Largest [LargestMinGB=32, LargerMinGB=12, DefaultMinGB=8, SmallerMinGB=6, SmallestMinGB=0)
[2021.04.14-08.09.48:099][  0]LogInit: Going up to parent DeviceProfile []
[2021.04.14-08.09.48:100][  0]LogConfig: Applying CVar settings from Section [ViewDistanceQuality@3] File [C:/Users/aveng/Documents/GitHub/GamesAssignment2-SecondYear/Games Assignment Two/GamesAssignmentTwo/Saved/Config/Windows/Scalability.ini]
[2021.04.14-08.09.48:100][  0]LogConfig: Setting CVar [[r.SkeletalMeshLODBias:0]]
[2021.04.14-08.09.48:100][  0]LogConfig: Setting CVar [[r.ViewDistanceScale:1.0]]
[2021.04.14-08.09.48:101][  0]LogConfig: Applying CVar settings from Section [AntiAliasingQuality@3] File [C:/Users/aveng/Documents/GitHub/GamesAssignment2-SecondYear/Games Assignment Two/GamesAssignmentTwo/Saved/Config/Windows/Scalability.ini]
[2021.04.14-08.09.48:101][  0]LogConfig: Setting CVar [[r.PostProcessAAQuality:4]]
[2021.04.14-08.09.48:101][  0]LogConfig: Applying CVar settings from Section [ShadowQuality@3] File [C:/Users/aveng/Documents/GitHub/GamesAssignment2-SecondYear/Games Assignment Two/GamesAssignmentTwo/Saved/Config/Windows/Scalability.ini]
[2021.04.14-08.09.48:102][  0]LogConfig: Setting CVar [[r.LightFunctionQuality:1]]
[2021.04.14-08.09.48:102][  0]LogConfig: Setting CVar [[r.ShadowQuality:5]]
[2021.04.14-08.09.48:102][  0]LogConfig: Setting CVar [[r.Shadow.CSM.MaxCascades:10]]
[2021.04.14-08.09.48:102][  0]LogConfig: Setting CVar [[r.Shadow.MaxResolution:2048]]
[2021.04.14-08.09.48:103][  0]LogConfig: Setting CVar [[r.Shadow.MaxCSMResolution:2048]]
[2021.04.14-08.09.48:105][  0]LogConfig: Setting CVar [[r.Shadow.RadiusThreshold:0.01]]
[2021.04.14-08.09.48:105][  0]LogConfig: Setting CVar [[r.Shadow.DistanceScale:1.0]]
[2021.04.14-08.09.48:105][  0]LogConfig: Setting CVar [[r.Shadow.CSM.TransitionScale:1.0]]
[2021.04.14-08.09.48:106][  0]LogConfig: Setting CVar [[r.Shadow.PreShadowResolutionFactor:1.0]]
[2021.04.14-08.09.48:107][  0]LogConfig: Setting CVar [[r.DistanceFieldShadowing:1]]
[2021.04.14-08.09.48:107][  0]LogConfig: Setting CVar [[r.DistanceFieldAO:1]]
[2021.04.14-08.09.48:107][  0]LogConfig: Setting CVar [[r.AOQuality:2]]
[2021.04.14-08.09.48:108][  0]LogConfig: Setting CVar [[r.VolumetricFog:1]]
[2021.04.14-08.09.48:108][  0]LogConfig: Setting CVar [[r.VolumetricFog.GridPixelSize:8]]
[2021.04.14-08.09.48:108][  0]LogConfig: Setting CVar [[r.VolumetricFog.GridSizeZ:128]]
[2021.04.14-08.09.48:109][  0]LogConfig: Setting CVar [[r.VolumetricFog.HistoryMissSupersampleCount:4]]
[2021.04.14-08.09.48:109][  0]LogConfig: Setting CVar [[r.LightMaxDrawDistanceScale:1]]
[2021.04.14-08.09.48:109][  0]LogConfig: Setting CVar [[r.CapsuleShadows:1]]
[2021.04.14-08.09.48:110][  0]LogConfig: Applying CVar settings from Section [PostProcessQuality@3] File [C:/Users/aveng/Documents/GitHub/GamesAssignment2-SecondYear/Games Assignment Two/GamesAssignmentTwo/Saved/Config/Windows/Scalability.ini]
[2021.04.14-08.09.48:110][  0]LogConfig: Setting CVar [[r.MotionBlurQuality:4]]
[2021.04.14-08.09.48:110][  0]LogConfig: Setting CVar [[r.AmbientOcclusionMipLevelFactor:0.4]]
[2021.04.14-08.09.48:111][  0]LogConfig: Setting CVar [[r.AmbientOcclusionMaxQuality:100]]
[2021.04.14-08.09.48:111][  0]LogConfig: Setting CVar [[r.AmbientOcclusionLevels:-1]]
[2021.04.14-08.09.48:111][  0]LogConfig: Setting CVar [[r.AmbientOcclusionRadiusScale:1.0]]
[2021.04.14-08.09.48:112][  0]LogConfig: Setting CVar [[r.DepthOfFieldQuality:2]]
[2021.04.14-08.09.48:112][  0]LogConfig: Setting CVar [[r.RenderTargetPoolMin:400]]
[2021.04.14-08.09.48:113][  0]LogConfig: Setting CVar [[r.LensFlareQuality:2]]
[2021.04.14-08.09.48:119][  0]LogConfig: Setting CVar [[r.SceneColorFringeQuality:1]]
[2021.04.14-08.09.48:121][  0]LogConfig: Setting CVar [[r.EyeAdaptationQuality:2]]
[2021.04.14-08.09.48:122][  0]LogConfig: Setting CVar [[r.BloomQuality:5]]
[2021.04.14-08.09.48:122][  0]LogConfig: Setting CVar [[r.FastBlurThreshold:100]]
[2021.04.14-08.09.48:122][  0]LogConfig: Setting CVar [[r.Upscale.Quality:3]]
[2021.04.14-08.09.48:123][  0]LogConfig: Setting CVar [[r.Tonemapper.GrainQuantization:1]]
[2021.04.14-08.09.48:123][  0]LogConfig: Setting CVar [[r.LightShaftQuality:1]]
[2021.04.14-08.09.48:123][  0]LogConfig: Setting CVar [[r.Filter.SizeScale:1]]
[2021.04.14-08.09.48:124][  0]LogConfig: Setting CVar [[r.Tonemapper.Quality:5]]
[2021.04.14-08.09.48:124][  0]LogConfig: Setting CVar [[r.DOF.Gather.AccumulatorQuality:1        ; higher gathering accumulator quality]]
[2021.04.14-08.09.48:124][  0]LogConfig: Setting CVar [[r.DOF.Gather.PostfilterMethod:1          ; Median3x3 postfilering method]]
[2021.04.14-08.09.48:125][  0]LogConfig: Setting CVar [[r.DOF.Gather.EnableBokehSettings:0       ; no bokeh simulation when gathering]]
[2021.04.14-08.09.48:125][  0]LogConfig: Setting CVar [[r.DOF.Gather.RingCount:4                 ; medium number of samples when gathering]]
[2021.04.14-08.09.48:125][  0]LogConfig: Setting CVar [[r.DOF.Scatter.ForegroundCompositing:1    ; additive foreground scattering]]
[2021.04.14-08.09.48:126][  0]LogConfig: Setting CVar [[r.DOF.Scatter.BackgroundCompositing:2    ; additive background scattering]]
[2021.04.14-08.09.48:126][  0]LogConfig: Setting CVar [[r.DOF.Scatter.EnableBokehSettings:1      ; bokeh simulation when scattering]]
[2021.04.14-08.09.48:126][  0]LogConfig: Setting CVar [[r.DOF.Scatter.MaxSpriteRatio:0.1         ; only a maximum of 10% of scattered bokeh]]
[2021.04.14-08.09.48:127][  0]LogConfig: Setting CVar [[r.DOF.Recombine.Quality:1                ; cheap slight out of focus]]
[2021.04.14-08.09.48:127][  0]LogConfig: Setting CVar [[r.DOF.Recombine.EnableBokehSettings:0    ; no bokeh simulation on slight out of focus]]
[2021.04.14-08.09.48:127][  0]LogConfig: Setting CVar [[r.DOF.TemporalAAQuality:1                ; more stable temporal accumulation]]
[2021.04.14-08.09.48:128][  0]LogConfig: Setting CVar [[r.DOF.Kernel.MaxForegroundRadius:0.025]]
[2021.04.14-08.09.48:128][  0]LogConfig: Setting CVar [[r.DOF.Kernel.MaxBackgroundRadius:0.025]]
[2021.04.14-08.09.48:128][  0]LogConfig: Applying CVar settings from Section [TextureQuality@3] File [C:/Users/aveng/Documents/GitHub/GamesAssignment2-SecondYear/Games Assignment Two/GamesAssignmentTwo/Saved/Config/Windows/Scalability.ini]
[2021.04.14-08.09.48:129][  0]LogConfig: Setting CVar [[r.Streaming.MipBias:0]]
[2021.04.14-08.09.48:129][  0]LogConfig: Setting CVar [[r.Streaming.AmortizeCPUToGPUCopy:0]]
[2021.04.14-08.09.48:129][  0]LogConfig: Setting CVar [[r.Streaming.MaxNumTexturesToStreamPerFrame:0]]
[2021.04.14-08.09.48:130][  0]LogConfig: Setting CVar [[r.Streaming.Boost:1]]
[2021.04.14-08.09.48:132][  0]LogConfig: Setting CVar [[r.MaxAnisotropy:8]]
[2021.04.14-08.09.48:132][  0]LogConfig: Setting CVar [[r.VT.MaxAnisotropy:8]]
[2021.04.14-08.09.48:133][  0]LogConfig: Setting CVar [[r.Streaming.LimitPoolSizeToVRAM:0]]
[2021.04.14-08.09.48:133][  0]LogConfig: Setting CVar [[r.Streaming.PoolSize:1000]]
[2021.04.14-08.09.48:133][  0]LogConfig: Setting CVar [[r.Streaming.MaxEffectiveScreenSize:0]]
[2021.04.14-08.09.48:133][  0]LogConfig: Applying CVar settings from Section [EffectsQuality@3] File [C:/Users/aveng/Documents/GitHub/GamesAssignment2-SecondYear/Games Assignment Two/GamesAssignmentTwo/Saved/Config/Windows/Scalability.ini]
[2021.04.14-08.09.48:134][  0]LogConfig: Setting CVar [[r.TranslucencyLightingVolumeDim:64]]
[2021.04.14-08.09.48:134][  0]LogConfig: Setting CVar [[r.RefractionQuality:2]]
[2021.04.14-08.09.48:135][  0]LogConfig: Setting CVar [[r.SSR.Quality:3]]
[2021.04.14-08.09.48:136][  0]LogConfig: Setting CVar [[r.SSR.HalfResSceneColor:0]]
[2021.04.14-08.09.48:136][  0]LogConfig: Setting CVar [[r.SceneColorFormat:4]]
[2021.04.14-08.09.48:137][  0]LogConfig: Setting CVar [[r.DetailMode:2]]
[2021.04.14-08.09.48:138][  0]LogConfig: Setting CVar [[r.TranslucencyVolumeBlur:1]]
[2021.04.14-08.09.48:138][  0]LogConfig: Setting CVar [[r.MaterialQualityLevel:1 ; High quality]]
[2021.04.14-08.09.48:138][  0]LogConfig: Setting CVar [[r.SSS.Scale:1]]
[2021.04.14-08.09.48:139][  0]LogConfig: Setting CVar [[r.SSS.SampleSet:2]]
[2021.04.14-08.09.48:139][  0]LogConfig: Setting CVar [[r.SSS.Quality:1]]
[2021.04.14-08.09.48:140][  0]LogConfig: Setting CVar [[r.SSS.HalfRes:0]]
[2021.04.14-08.09.48:141][  0]LogConfig: Setting CVar [[r.SSGI.Quality:3]]
[2021.04.14-08.09.48:142][  0]LogConfig: Setting CVar [[r.EmitterSpawnRateScale:1.0]]
[2021.04.14-08.09.48:142][  0]LogConfig: Setting CVar [[r.ParticleLightQuality:2]]
[2021.04.14-08.09.48:142][  0]LogConfig: Setting CVar [[r.SkyAtmosphere.AerialPerspectiveLUT.FastApplyOnOpaque:1 ; Always have FastSkyLUT 1 in this case to avoid wrong sky]]
[2021.04.14-08.09.48:143][  0]LogConfig: Setting CVar [[r.SkyAtmosphere.AerialPerspectiveLUT.SampleCountPerSlice:1]]
[2021.04.14-08.09.48:143][  0]LogConfig: Setting CVar [[r.SkyAtmosphere.AerialPerspectiveLUT.DepthResolution:16.0]]
[2021.04.14-08.09.48:143][  0]LogConfig: Setting CVar [[r.SkyAtmosphere.FastSkyLUT:1]]
[2021.04.14-08.09.48:144][  0]LogConfig: Setting CVar [[r.SkyAtmosphere.FastSkyLUT.SampleCountMin:4.0]]
[2021.04.14-08.09.48:144][  0]LogConfig: Setting CVar [[r.SkyAtmosphere.FastSkyLUT.SampleCountMax:32.0]]
[2021.04.14-08.09.48:144][  0]LogConfig: Setting CVar [[r.SkyAtmosphere.SampleCountMin:4.0]]
[2021.04.14-08.09.48:145][  0]LogConfig: Setting CVar [[r.SkyAtmosphere.SampleCountMax:32.0]]
[2021.04.14-08.09.48:145][  0]LogConfig: Setting CVar [[r.SkyAtmosphere.TransmittanceLUT.UseSmallFormat:0]]
[2021.04.14-08.09.48:145][  0]LogConfig: Setting CVar [[r.SkyAtmosphere.TransmittanceLUT.SampleCount:10.0]]
[2021.04.14-08.09.48:146][  0]LogConfig: Setting CVar [[r.SkyAtmosphere.MultiScatteringLUT.SampleCount:15.0]]
[2021.04.14-08.09.48:146][  0]LogConfig: Applying CVar settings from Section [FoliageQuality@3] File [C:/Users/aveng/Documents/GitHub/GamesAssignment2-SecondYear/Games Assignment Two/GamesAssignmentTwo/Saved/Config/Windows/Scalability.ini]
[2021.04.14-08.09.48:147][  0]LogConfig: Setting CVar [[foliage.DensityScale:1.0]]
[2021.04.14-08.09.48:147][  0]LogConfig: Setting CVar [[grass.DensityScale:1.0]]
[2021.04.14-08.09.48:147][  0]LogConfig: Applying CVar settings from Section [ShadingQuality@3] File [C:/Users/aveng/Documents/GitHub/GamesAssignment2-SecondYear/Games Assignment Two/GamesAssignmentTwo/Saved/Config/Windows/Scalability.ini]
[2021.04.14-08.09.48:148][  0]LogConfig: Setting CVar [[r.HairStrands.SkyLighting.SampleCount:16]]
[2021.04.14-08.09.48:148][  0]LogConfig: Setting CVar [[r.HairStrands.SkyLighting.JitterIntegration:0]]
[2021.04.14-08.09.48:148][  0]LogConfig: Setting CVar [[r.HairStrands.SkyAO.SampleCount:16]]
[2021.04.14-08.09.48:149][  0]LogConfig: Setting CVar [[r.HairStrands.DeepShadow.SuperSampling:0]]
[2021.04.14-08.09.48:149][  0]LogConfig: Setting CVar [[r.HairStrands.VisibilityPPLL:0]]
[2021.04.14-08.09.48:150][  0]LogConfig: Setting CVar [[r.HairStrands.RasterizationScale:0.5]]
[2021.04.14-08.09.48:152][  0]LogConfig: Setting CVar [[r.HairStrands.VelocityRasterizationScale:1]]
[2021.04.14-08.09.48:152][  0]LogConfig: Applying CVar settings from Section [Startup] File [../../../Engine/Config/ConsoleVariables.ini]
[2021.04.14-08.09.48:153][  0]LogConfig: Setting CVar [[net.UseAdaptiveNetUpdateFrequency:0]]
[2021.04.14-08.09.48:153][  0]LogConfig: Setting CVar [[p.chaos.AllowCreatePhysxBodies:1]]
[2021.04.14-08.09.48:154][  0]LogConfig: Setting CVar [[fx.SkipVectorVMBackendOptimizations:1]]
[2021.04.14-08.09.48:154][  0]LogConfig: Applying CVar settings from Section [ConsoleVariables] File [C:/Users/aveng/Documents/GitHub/GamesAssignment2-SecondYear/Games Assignment Two/GamesAssignmentTwo/Saved/Config/Windows/Engine.ini]
[2021.04.14-08.09.48:154][  0]LogInit: Computer: PROGRAMMING-PC
[2021.04.14-08.09.48:155][  0]LogInit: User: aveng
[2021.04.14-08.09.48:155][  0]LogInit: CPU Page size=4096, Cores=12
[2021.04.14-08.09.48:156][  0]LogInit: High frequency timer resolution =10.000000 MHz
[2021.04.14-08.09.48:156][  0]LogMemory: Memory total: Physical=31.9GB (32GB approx)
[2021.04.14-08.09.48:156][  0]LogMemory: Platform Memory Stats for Windows
[2021.04.14-08.09.48:157][  0]LogMemory: Process Physical Memory: 121.20 MB used, 121.20 MB peak
[2021.04.14-08.09.48:157][  0]LogMemory: Process Virtual Memory: 110.82 MB used, 110.82 MB peak
[2021.04.14-08.09.48:157][  0]LogMemory: Physical Memory: 26622.64 MB used,  6051.11 MB free, 32673.75 MB total
[2021.04.14-08.09.48:158][  0]LogMemory: Virtual Memory: 5220.85 MB used,  134212504.00 MB free, 134217728.00 MB total
[2021.04.14-08.09.48:164][  0]LogWindows: WindowsPlatformFeatures enabled
[2021.04.14-08.09.48:214][  0]LogInit: Physics initialised using underlying interface: PhysX
[2021.04.14-08.09.48:215][  0]LogInit: Using OS detected language (en-GB).
[2021.04.14-08.09.48:215][  0]LogInit: Using OS detected locale (en-GB).
[2021.04.14-08.09.48:217][  0]LogTextLocalizationManager: No specific localization for 'en-GB' exists, so the 'en' localization will be used.
[2021.04.14-08.09.48:384][  0]LogSlate: New Slate User Created.  User Index 0, Is Virtual User: 0
[2021.04.14-08.09.48:384][  0]LogSlate: Slate User Registered.  User Index 0, Is Virtual User: 0
[2021.04.14-08.09.48:396][  0]LogHMD: Failed to initialize OpenVR with code 110
[2021.04.14-08.09.48:396][  0]LogD3D11RHI: D3D11 min allowed feature level: 11_0
[2021.04.14-08.09.48:396][  0]LogD3D11RHI: D3D11 max allowed feature level: 11_0
[2021.04.14-08.09.48:397][  0]LogD3D11RHI: D3D11 adapters:
[2021.04.14-08.09.48:516][  0]LogD3D11RHI:    0. 'NVIDIA GeForce GTX 1060 6GB' (Feature Level 11_0)
[2021.04.14-08.09.48:516][  0]LogD3D11RHI:       6052/0/16336 MB DedicatedVideo/DedicatedSystem/SharedSystem, Outputs:2, VendorId:0x10de
[2021.04.14-08.09.48:519][  0]LogD3D11RHI:    1. 'Microsoft Basic Render Driver' (Feature Level 11_0)
[2021.04.14-08.09.48:519][  0]LogD3D11RHI:       0/0/16336 MB DedicatedVideo/DedicatedSystem/SharedSystem, Outputs:0, VendorId:0x1414
[2021.04.14-08.09.48:520][  0]LogD3D11RHI: Chosen D3D11 Adapter: 0
[2021.04.14-08.09.48:534][  0]LogD3D11RHI: Creating new Direct3DDevice
[2021.04.14-08.09.48:534][  0]LogD3D11RHI:     GPU DeviceId: 0x1c03 (for the marketing name, search the web for "GPU Device Id")
[2021.04.14-08.09.48:535][  0]LogWindows: EnumDisplayDevices:
[2021.04.14-08.09.48:536][  0]LogWindows:    0. 'NVIDIA GeForce GTX 1060 6GB' (P:1 D:1)
[2021.04.14-08.09.48:537][  0]LogWindows:    1. 'NVIDIA GeForce GTX 1060 6GB' (P:0 D:1)
[2021.04.14-08.09.48:537][  0]LogWindows:    2. 'NVIDIA GeForce GTX 1060 6GB' (P:0 D:0)
[2021.04.14-08.09.48:538][  0]LogWindows:    3. 'NVIDIA GeForce GTX 1060 6GB' (P:0 D:0)
[2021.04.14-08.09.48:538][  0]LogWindows: DebugString: FoundDriverCount:4 
[2021.04.14-08.09.48:539][  0]LogD3D11RHI:     Adapter Name: NVIDIA GeForce GTX 1060 6GB
[2021.04.14-08.09.48:539][  0]LogD3D11RHI:   Driver Version: 461.92 (internal:27.21.14.6192, unified:461.92)
[2021.04.14-08.09.48:539][  0]LogD3D11RHI:      Driver Date: 3-11-2021
[2021.04.14-08.09.48:540][  0]LogRHI: Texture pool is 4236 MB (70% of 6052 MB)
[2021.04.14-08.09.48:622][  0]LogD3D11RHI: RHI has support for 64 bit atomics
[2021.04.14-08.09.48:622][  0]LogD3D11RHI: Async texture creation enabled
[2021.04.14-08.09.48:623][  0]LogD3D11RHI: Array index from any shader is supported
[2021.04.14-08.09.48:646][  0]LogD3D11RHI: GPU Timing Frequency: 1000.000000 (Debug: 2 1)
[2021.04.14-08.09.49:039][  0]LogTargetPlatformManager: Display: Loaded TargetPlatform 'WindowsNoEditor'
[2021.04.14-08.09.49:044][  0]LogTargetPlatformManager: Display: Loaded TargetPlatform 'Windows'
[2021.04.14-08.09.49:053][  0]LogTargetPlatformManager: Display: Loaded TargetPlatform 'WindowsClient'
[2021.04.14-08.09.49:062][  0]LogTargetPlatformManager: Display: Loaded TargetPlatform 'WindowsServer'
[2021.04.14-08.09.49:062][  0]LogTargetPlatformManager: Display: Building Assets For Windows
[2021.04.14-08.09.49:070][  0]LogAudioDebug: Display: Lib vorbis DLL was dynamically loaded.
[2021.04.14-08.09.49:125][  0]LogShaderCompilers: Guid format shader working directory is -54 characters bigger than the processId version (C:/Users/aveng/Documents/GitHub/GamesAssignment2-SecondYear/Games Assignment Two/GamesAssignmentTwo/Intermediate/Shaders/WorkingDirectory/47076/).
[2021.04.14-08.09.49:126][  0]LogShaderCompilers: Cleaned the shader compiler working directory 'C:/Users/aveng/AppData/Local/Temp/UnrealShaderWorkingDir/38681CB549F7E5B11DDE06958526C5AD/'.
[2021.04.14-08.09.49:130][  0]LogXGEController: Cannot use XGE Controller as Incredibuild is not installed on this machine.
[2021.04.14-08.09.49:131][  0]LogShaderCompilers: Cannot use XGE Shader Compiler as Incredibuild is not installed on this machine.
[2021.04.14-08.09.49:132][  0]LogShaderCompilers: Display: Using Local Shader Compiler.
[2021.04.14-08.09.49:803][  0]LogDerivedDataCache: Display: Max Cache Size: 512 MB
[2021.04.14-08.09.49:847][  0]LogDerivedDataCache: Loaded boot cache 0.04s 78MB C:/Users/aveng/AppData/Local/UnrealEngine/4.25/DerivedDataCache/Boot.ddc.
[2021.04.14-08.09.49:848][  0]LogDerivedDataCache: Display: Loaded Boot cache: C:/Users/aveng/AppData/Local/UnrealEngine/4.25/DerivedDataCache/Boot.ddc
[2021.04.14-08.09.49:849][  0]LogDerivedDataCache: FDerivedDataBackendGraph:  Pak pak cache file C:/Users/aveng/Documents/GitHub/GamesAssignment2-SecondYear/Games Assignment Two/GamesAssignmentTwo/DerivedDataCache/DDC.ddp not found, will not use a pak cache.
[2021.04.14-08.09.49:849][  0]LogDerivedDataCache: Unable to find inner node Pak for hierarchical cache Hierarchy.
[2021.04.14-08.09.49:849][  0]LogDerivedDataCache: FDerivedDataBackendGraph:  CompressedPak pak cache file C:/Users/aveng/Documents/GitHub/GamesAssignment2-SecondYear/Games Assignment Two/GamesAssignmentTwo/DerivedDataCache/Compressed.ddp not found, will not use a pak cache.
[2021.04.14-08.09.49:850][  0]LogDerivedDataCache: Unable to find inner node CompressedPak for hierarchical cache Hierarchy.
[2021.04.14-08.09.49:860][  0]LogDerivedDataCache: Display: Pak cache opened for reading ../../../Engine/DerivedDataCache/Compressed.ddp.
[2021.04.14-08.09.49:860][  0]LogDerivedDataCache: FDerivedDataBackendGraph:  EnterprisePak pak cache file ../../../Enterprise/DerivedDataCache/Compressed.ddp not found, will not use a pak cache.
[2021.04.14-08.09.49:860][  0]LogDerivedDataCache: Unable to find inner node EnterprisePak for hierarchical cache Hierarchy.
[2021.04.14-08.09.49:862][  0]LogDerivedDataCache: Using Local data cache path C:/Users/aveng/AppData/Local/UnrealEngine/Common/DerivedDataCache: Writable
[2021.04.14-08.09.49:862][  0]LogDerivedDataCache: Shared data cache path not found in *engine.ini, will not use an Shared cache.
[2021.04.14-08.09.49:863][  0]LogDerivedDataCache: Unable to find inner node Shared for hierarchical cache Hierarchy.
[2021.04.14-08.09.49:897][  0]LogSlate: Using FreeType 2.10.0
[2021.04.14-08.09.49:898][  0]LogSlate: SlateFontServices - WITH_FREETYPE: 1, WITH_HARFBUZZ: 1
[2021.04.14-08.09.49:964][  0]LogInit: Using OS detected language (en-GB).
[2021.04.14-08.09.49:964][  0]LogInit: Using OS detected locale (en-GB).
[2021.04.14-08.09.49:965][  0]LogTextLocalizationManager: No localization for 'en-GB' exists, so 'en' will be used for the language.
[2021.04.14-08.09.49:965][  0]LogTextLocalizationManager: No localization for 'en-GB' exists, so 'en' will be used for the locale.
[2021.04.14-08.09.49:966][  0]LogSlate: FontCache flush requested. Reason: Culture for localization was changed
[2021.04.14-08.09.49:967][  0]LogSlate: FontCache flush requested. Reason: Culture for localization was changed
[2021.04.14-08.09.49:968][  0]LogTextLocalizationManager: Compacting localization data took   0.00ms
[2021.04.14-08.09.49:971][  0]LogAssetRegistry: FAssetRegistry took 0.0016 seconds to start up
[2021.04.14-08.09.50:171][  0]LogPackageLocalizationCache: Processed 19 localized package path(s) for 1 prioritized culture(s) in 0.047151 seconds
[2021.04.14-08.09.50:215][  0]LogInit: Selected Device Profile: [Windows]
[2021.04.14-08.09.50:303][  0]LogMeshReduction: Using QuadricMeshReduction for automatic static mesh reduction
[2021.04.14-08.09.50:303][  0]LogMeshReduction: Using SimplygonMeshReduction for automatic skeletal mesh reduction
[2021.04.14-08.09.50:304][  0]LogMeshReduction: Using ProxyLODMeshReduction for automatic mesh merging
[2021.04.14-08.09.50:304][  0]LogMeshReduction: No distributed automatic mesh merging module available
[2021.04.14-08.09.50:305][  0]LogMeshMerging: No distributed automatic mesh merging module available
[2021.04.14-08.09.50:320][  0]LogNetVersion: GamesAssignmentTwo 1.0.0, NetCL: 13144385, EngineNetVer: 14, GameNetVer: 0 (Checksum: 1185472599)
[2021.04.14-08.09.50:533][  0]LogAISub: UAISubsystem::UAISubsystem AISubsystem (000001E5342358C0), frame # 0
[2021.04.14-08.09.50:533][  0]LogAISub: UAISubsystem::UAISubsystem AIPerceptionSystem (000001E53416D6C0), frame # 0
[2021.04.14-08.09.50:536][  0]LogAISub: UAISubsystem::UAISubsystem EnvQueryManager (000001E534167C00), frame # 0
[2021.04.14-08.09.50:613][  0]LogCollectionManager: Loaded 0 collections in 0.000799 seconds
[2021.04.14-08.09.50:616][  0]LogFileCache: Scanning file cache for directory 'C:/Users/aveng/Documents/GitHub/GamesAssignment2-SecondYear/Games Assignment Two/GamesAssignmentTwo/Saved/Collections/' took 0.00s
[2021.04.14-08.09.50:616][  0]LogFileCache: Scanning file cache for directory 'C:/Users/aveng/Documents/GitHub/GamesAssignment2-SecondYear/Games Assignment Two/GamesAssignmentTwo/Content/Developers/aveng/Collections/' took 0.00s
[2021.04.14-08.09.50:616][  0]LogFileCache: Scanning file cache for directory 'C:/Users/aveng/Documents/GitHub/GamesAssignment2-SecondYear/Games Assignment Two/GamesAssignmentTwo/Content/Collections/' took 0.00s
[2021.04.14-08.09.50:617][  0]LogCollectionManager: Fixed up redirectors for 0 collections in 0.000002 seconds (updated 0 objects)
[2021.04.14-08.09.50:672][  0]LogMoviePlayer: Initializing movie player
[2021.04.14-08.09.50:861][  0]LogScript: Warning: Script Msg: A null object was passed as a world context object to UEngine::GetWorldFromContextObject().
[2021.04.14-08.09.50:862][  0]LogScript: Warning: Script Msg: A null object was passed as a world context object to UEngine::GetWorldFromContextObject().
[2021.04.14-08.09.50:864][  0]LogScript: Warning: Script Msg: A null object was passed as a world context object to UEngine::GetWorldFromContextObject().
[2021.04.14-08.09.50:866][  0]LogScript: Warning: Script Msg: A null object was passed as a world context object to UEngine::GetWorldFromContextObject().
[2021.04.14-08.09.50:920][  0]LogBlueprint: Warning: [Compiler Ue4ASP_Character] InputAction Event references unknown Action 'Crouch' for  InputAction Crouch
[2021.04.14-08.09.50:921][  0]LogBlueprint: Warning: [Compiler Ue4ASP_Character] Input Axis Event references unknown Axis 'MoveForward' for  InputAxis MoveForward
[2021.04.14-08.09.50:921][  0]LogBlueprint: Warning: [Compiler Ue4ASP_Character] Input Axis Event references unknown Axis 'MoveRight' for  InputAxis MoveRight
[2021.04.14-08.09.51:013][  0]SourceControl: Source control is disabled
[2021.04.14-08.09.51:014][  0]SourceControl: Source control is disabled
[2021.04.14-08.09.51:022][  0]SourceControl: Source control is disabled
[2021.04.14-08.09.51:137][  0]LogAndroidPermission: UAndroidPermissionCallbackProxy::GetInstance
[2021.04.14-08.09.51:154][  0]LogAudioCaptureCore: Display: No Audio Capture implementations found. Audio input will be silent.
[2021.04.14-08.09.51:154][  0]LogAudioCaptureCore: Display: No Audio Capture implementations found. Audio input will be silent.
[2021.04.14-08.09.51:194][  0]LogOcInput: OculusInput pre-init called
[2021.04.14-08.09.51:208][  0]LogUObjectArray: 21163 objects as part of root set at end of initial load.
[2021.04.14-08.09.51:209][  0]LogUObjectAllocator: 5880432 out of 0 bytes used by permanent object pool.
[2021.04.14-08.09.51:209][  0]LogUObjectArray: CloseDisregardForGC: 0/0 objects in disregard for GC pool
[2021.04.14-08.09.51:249][  0]LogEngine: Initializing Engine...
[2021.04.14-08.09.51:250][  0]LogHMD: Failed to initialize OpenVR with code 110
[2021.04.14-08.09.51:250][  0]LogMagicLeap: Warning: VR disabled because ZI is not enabled.  To enable, in the editor, Edit -> Project Settings -> Plugins -> Magic Leap Plugin -> Enable Zero Iteration
[2021.04.14-08.09.51:252][  0]LogStats: UGameplayTagsManager::InitializeManager -  0.000 s
[2021.04.14-08.09.51:335][  0]LogInit: Initializing FReadOnlyCVARCache
[2021.04.14-08.09.51:339][  0]LogAudioMixer: Display: Audio Mixer Platform Settings:
[2021.04.14-08.09.51:339][  0]LogAudioMixer: Display: 	Sample Rate:						  48000
[2021.04.14-08.09.51:339][  0]LogAudioMixer: Display: 	Callback Buffer Frame Size Requested: 1024
[2021.04.14-08.09.51:339][  0]LogAudioMixer: Display: 	Callback Buffer Frame Size To Use:	  1024
[2021.04.14-08.09.51:340][  0]LogAudioMixer: Display: 	Number of buffers to queue:			  2
[2021.04.14-08.09.51:340][  0]LogAudioMixer: Display: 	Max Channels (voices):				  32
[2021.04.14-08.09.51:341][  0]LogAudioMixer: Display: 	Number of Async Source Workers:		  0
[2021.04.14-08.09.51:341][  0]LogAudio: Display: AudioDevice MaxSources: 32
[2021.04.14-08.09.51:342][  0]LogAudio: Display: Using built-in audio occlusion.
[2021.04.14-08.09.51:342][  0]LogAudioMixer: Display: Initializing audio mixer.
[2021.04.14-08.09.51:359][  0]LogAudioMixer: Display: 0: FrontLeft
[2021.04.14-08.09.51:359][  0]LogAudioMixer: Display: 1: FrontRight
[2021.04.14-08.09.51:360][  0]LogAudioMixer: Display: 2: FrontCenter
[2021.04.14-08.09.51:360][  0]LogAudioMixer: Display: 3: LowFrequency
[2021.04.14-08.09.51:361][  0]LogAudioMixer: Display: 4: BackLeft
[2021.04.14-08.09.51:361][  0]LogAudioMixer: Display: 5: BackRight
[2021.04.14-08.09.51:361][  0]LogAudioMixer: Display: 6: SideLeft
[2021.04.14-08.09.51:361][  0]LogAudioMixer: Display: 7: SideRight
[2021.04.14-08.09.51:392][  0]LogAudioMixer: Display: Using Audio Device Speakers (THX Spatial Audio)
[2021.04.14-08.09.51:398][  0]LogAudioMixer: Display: Initializing Sound Submixes...
[2021.04.14-08.09.51:399][  0]LogAudioMixer: Display: Creating Master Submix 'MasterSubmixDefault'
[2021.04.14-08.09.51:399][  0]LogAudioMixer: Display: Creating Master Submix 'MasterReverbSubmixDefault'
[2021.04.14-08.09.51:400][  0]LogAudioMixer: Display: Creating Master Submix 'MasterEQSubmixDefault'
[2021.04.14-08.09.51:403][  0]LogInit: FAudioDevice initialized.
[2021.04.14-08.09.51:405][  0]LogNetVersion: Set ProjectVersion to 1.0.0.0. Version Checksum will be recalculated on next use.
[2021.04.14-08.09.51:491][  0]LogDerivedDataCache: Saved boot cache 0.09s 78MB C:/Users/aveng/AppData/Local/UnrealEngine/4.25/DerivedDataCache/Boot.ddc.
[2021.04.14-08.09.51:493][  0]LogInit: Texture streaming: Enabled
[2021.04.14-08.09.51:540][  0]LogSlate: Updating window title bar state: overlay mode, drag disabled, window buttons hidden, title bar hidden
[2021.04.14-08.09.51:541][  0]LogInit: Display: Game Engine Initialized.
[2021.04.14-08.09.51:541][  0]LogNiagaraEditor: Warning: GEditor isn't valid! Particle reset commands will not work for Niagara components!
[2021.04.14-08.09.51:566][  0]LogInit: Display: Starting Game.
[2021.04.14-08.09.51:566][  0]LogNet: Browse: /Game/Levels/MainMenu?Name=Player
[2021.04.14-08.09.51:567][  0]LogLoad: LoadMap: /Game/Levels/MainMenu?Name=Player
[2021.04.14-08.09.51:567][  0]LogWorld: BeginTearingDown for /Temp/Untitled_0
[2021.04.14-08.09.51:568][  0]LogWorld: UWorld::CleanupWorld for Untitled, bSessionEnded=true, bCleanupResources=true
[2021.04.14-08.09.51:568][  0]LogSlate: InvalidateAllWidgets triggered.  All widgets were invalidated
[2021.04.14-08.09.51:585][  0]LogUObjectHash: Compacting FUObjectHashTables data took   0.68ms
[2021.04.14-08.09.51:639][  0]LogAIModule: Creating AISystem for world MainMenu
[2021.04.14-08.09.51:640][  0]LogAISub: UAISubsystem::UAISubsystem EnvQueryManager (000001E53C2F8E00), frame # 0
[2021.04.14-08.09.51:641][  0]LogAISub: UAISubsystem::UAISubsystem AIPerceptionSystem (000001E51DCCBC40), frame # 0
[2021.04.14-08.09.51:648][  0]LogLoad: Game class is 'BP_GamesAssignmentTwoGameModeBse_C'
[2021.04.14-08.09.51:649][  0]LogWorld: Bringing World /Game/Levels/MainMenu.MainMenu up for play (max tick rate 0) at 2021.04.14-09.09.51
[2021.04.14-08.09.51:649][  0]LogWorld: Bringing up level for play took: 0.001381
[2021.04.14-08.09.51:653][  0]LogTemp: Warning: 0
[2021.04.14-08.09.51:653][  0]LogTemp: Warning: Load main menu widget from instance called
[2021.04.14-08.09.51:654][  0]LogTemp: Warning: Load main menu widget from instance MenuClass set
[2021.04.14-08.09.51:656][  0]LogTemp: Warning: TRUEEE
[2021.04.14-08.09.51:657][  0]LogTemp: Warning: Level: MainMenu
[2021.04.14-08.09.51:657][  0]LogLoad: Took 0.090930 seconds to LoadMap(/Game/Levels/MainMenu)
[2021.04.14-08.09.51:683][  0]LogSlate: Took 0.000139 seconds to synchronously load lazily loaded font '../../../Engine/Content/Slate/Fonts/Roboto-Regular.ttf' (155K)
[2021.04.14-08.09.51:703][  0]LogRenderer: Reallocating scene render targets to support 960x1020 Format 10 NumSamples 1 (Frame:1).
[2021.04.14-08.09.51:703][  0]LogLoad: (Engine Initialization) Total time: 5.00 seconds
[2021.04.14-08.09.51:704][  0]LogLoad: (Engine Initialization) Total Blueprint compile time: 0.00 seconds
[2021.04.14-08.09.51:717][  0]LogContentStreaming: Texture pool size now 1000 MB
[2021.04.14-08.09.51:720][  0]LogSlate: InvalidateAllWidgets triggered.  All widgets were invalidated
[2021.04.14-08.09.51:755][  1]LogSlate: Took 0.000234 seconds to synchronously load lazily loaded font '../../../Engine/Content/Slate/Fonts/Roboto-Regular.ttf' (155K)
[2021.04.14-08.10.05:755][632]LogSlate: WidgetSwitcher ('None') active index changed to 1
[2021.04.14-08.10.07:095][ 87]LogGameMode: ProcessServerTravel: /Game/Levels/Lobby?listen
[2021.04.14-08.10.07:096][ 87]LogEngine: Server switch level: /Game/Levels/Lobby?Name=Player?listen
[2021.04.14-08.10.07:097][ 87]LogNet: Browse: /Game/Levels/Lobby?Name=Player?listen
[2021.04.14-08.10.07:097][ 87]LogLoad: LoadMap: /Game/Levels/Lobby?Name=Player?listen
[2021.04.14-08.10.07:097][ 87]LogWorld: BeginTearingDown for /Game/Levels/MainMenu
[2021.04.14-08.10.07:098][ 87]LogWorld: UWorld::CleanupWorld for MainMenu, bSessionEnded=true, bCleanupResources=true
[2021.04.14-08.10.07:098][ 87]LogSlate: InvalidateAllWidgets triggered.  All widgets were invalidated
[2021.04.14-08.10.07:149][ 87]LogAISub: UAISubsystem::~UAISubsystem EnvQueryManager (000001E53C2F8E00), frame # 3087
[2021.04.14-08.10.07:149][ 87]LogAISub: UAISubsystem::~UAISubsystem AIPerceptionSystem (000001E51DCCBC40), frame # 3087
[2021.04.14-08.10.07:151][ 87]LogUObjectHash: Compacting FUObjectHashTables data took   0.78ms
[2021.04.14-08.10.07:203][ 87]LogAIModule: Creating AISystem for world Lobby
[2021.04.14-08.10.07:204][ 87]LogAISub: UAISubsystem::UAISubsystem EnvQueryManager (000001E53C2F8A00), frame # 3087
[2021.04.14-08.10.07:204][ 87]LogAISub: UAISubsystem::UAISubsystem AIPerceptionSystem (000001E51E1D1BC0), frame # 3087
[2021.04.14-08.10.07:205][ 87]LogLoad: Game class is 'BP_ServerLobbyGameModeBase_C'
[2021.04.14-08.10.07:205][ 87]LogNet: ReplicationDriverClass is null! Not using ReplicationDriver.
[2021.04.14-08.10.07:205][ 87]LogNetCore: DDoS detection status: detection enabled: 0 analytics enabled: 0
[2021.04.14-08.10.07:206][ 87]LogInit: WinSock: Socket queue. Rx: 131072 (config 131072) Tx: 131072 (config 131072)
[2021.04.14-08.10.07:206][ 87]LogNet: Created socket for bind address: 0.0.0.0 on port 7777
[2021.04.14-08.10.07:207][ 87]PacketHandlerLog: Loaded PacketHandler component: Engine.EngineHandlerComponentFactory (StatelessConnectHandlerComponent)
[2021.04.14-08.10.07:207][ 87]LogNet: GameNetDriver IpNetDriver_0 IpNetDriver listening on port 7777
[2021.04.14-08.10.07:209][ 87]LogWorld: Bringing World /Game/Levels/Lobby.Lobby up for play (max tick rate 0) at 2021.04.14-09.10.07
[2021.04.14-08.10.07:209][ 87]LogWorld: Bringing up level for play took: 0.001133
[2021.04.14-08.10.07:209][ 87]LogOnlineSession: Warning: OSS: No game present to join for session (GameSession)
[2021.04.14-08.10.07:211][ 87]LogTemp: Warning: Players: 1
[2021.04.14-08.10.07:212][ 87]LogTemp: Warning: 0
[2021.04.14-08.10.07:213][ 87]LogTemp: Warning: Level: Lobby
[2021.04.14-08.10.07:214][ 87]LogLoad: Took 0.116750 seconds to LoadMap(/Game/Levels/Lobby)
[2021.04.14-08.10.11:272][697]LogNet: NotifyAcceptingConnection accepted from: 127.0.0.1:59402
[2021.04.14-08.10.11:272][697]LogHandshake: SendConnectChallenge. Timestamp: 4.180906, Cookie: 197252059248198244227167151240231175054095070086071234056172
[2021.04.14-08.10.11:293][698]LogNet: NotifyAcceptingConnection accepted from: 127.0.0.1:59402
[2021.04.14-08.10.11:293][698]LogHandshake: SendChallengeAck. InCookie: 197252059248198244227167151240231175054095070086071234056172
[2021.04.14-08.10.11:294][698]LogNet: Server accepting post-challenge connection from: 127.0.0.1:59402
[2021.04.14-08.10.11:294][698]PacketHandlerLog: Loaded PacketHandler component: Engine.EngineHandlerComponentFactory (StatelessConnectHandlerComponent)
[2021.04.14-08.10.11:295][698]LogNet: NotifyAcceptedConnection: Name: Lobby, TimeStamp: 04/14/21 09:10:11, [UNetConnection] RemoteAddr: 127.0.0.1:59402, Name: IpConnection_0, Driver: GameNetDriver IpNetDriver_0, IsServer: YES, PC: NULL, Owner: NULL, UniqueId: INVALID
[2021.04.14-08.10.11:295][698]LogNet: AddClientConnection: Added client connection: [UNetConnection] RemoteAddr: 127.0.0.1:59402, Name: IpConnection_0, Driver: GameNetDriver IpNetDriver_0, IsServer: YES, PC: NULL, Owner: NULL, UniqueId: INVALID
[2021.04.14-08.10.11:296][698]LogNet: NotifyAcceptingChannel Control 0 server World /Game/Levels/Lobby.Lobby: Accepted
[2021.04.14-08.10.11:297][698]LogNet: Remote platform little endian=1
[2021.04.14-08.10.11:298][698]LogNet: This platform little endian=1
[2021.04.14-08.10.11:298][698]LogNetVersion: GamesAssignmentTwo 1.0.0.0, NetCL: 13144385, EngineNetVer: 14, GameNetVer: 0 (Checksum: 1872474305)
[2021.04.14-08.10.11:310][699]LogNet: Login request: ?Name=Programming-PC-03B0E43847984DDC2C8431A1432B8DA4 userId: NULL:Programming-PC-03B0E43847984DDC2C8431A1432B8DA4 platform: NULL
[2021.04.14-08.10.11:433][742]LogNet: Client netspeed is 10000
[2021.04.14-08.10.11:434][742]LogNet: Join request: /Game/Levels/MainMenu?Name=Programming-PC-03B0E43847984DDC2C8431A1432B8DA4?SplitscreenCount=1
[2021.04.14-08.10.11:435][742]PIE: Error: Only Local Player Controllers can be assigned to widgets. BP_MainPlayerController_C_1 is not a Local Player Controller.
[2021.04.14-08.10.11:436][742]LogTemp: Warning: Level: Lobby
[2021.04.14-08.10.11:436][742]LogOnlineSession: Warning: OSS: No game present to join for session (GameSession)
[2021.04.14-08.10.11:438][742]LogTemp: Warning: 0
[2021.04.14-08.10.11:439][742]LogTemp: Warning: Players: 2
[2021.04.14-08.10.11:440][742]LogNet: Join succeeded: Programming-PC-03B0E
[2021.04.14-08.10.21:433][211]LogGameMode: ProcessServerTravel: /Game/Levels/Gamelevel?listen
[2021.04.14-08.10.21:436][211]LogWorld: SeamlessTravel to: /Game/Levels/Gamelevel
[2021.04.14-08.10.21:452][212]LogWorld: BeginTearingDown for /Game/Levels/Lobby
[2021.04.14-08.10.21:454][212]LogWorld: UWorld::CleanupWorld for Lobby, bSessionEnded=false, bCleanupResources=true
[2021.04.14-08.10.21:454][212]LogSlate: InvalidateAllWidgets triggered.  All widgets were invalidated
[2021.04.14-08.10.21:492][212]LogAISub: UAISubsystem::~UAISubsystem AIPerceptionSystem (000001E51E1D1BC0), frame # 4212
[2021.04.14-08.10.21:493][212]LogAISub: UAISubsystem::~UAISubsystem EnvQueryManager (000001E53C2F8A00), frame # 4212
[2021.04.14-08.10.21:495][212]LogUObjectHash: Compacting FUObjectHashTables data took   0.86ms
[2021.04.14-08.10.21:496][212]LogStats:     SeamlessTravel FlushLevelStreaming  -  0.000 s
[2021.04.14-08.10.21:496][212]LogAIModule: Creating AISystem for world Untitled
[2021.04.14-08.10.21:497][212]LogAISub: UAISubsystem::UAISubsystem EnvQueryManager (000001E544F2A800), frame # 4212
[2021.04.14-08.10.21:497][212]LogAISub: UAISubsystem::UAISubsystem AIPerceptionSystem (000001E53BEC4680), frame # 4212
[2021.04.14-08.10.21:498][212]LogWorld: Bringing World /Temp/Untitled_1.Untitled up for play (max tick rate 0) at 2021.04.14-09.10.21
[2021.04.14-08.10.21:499][212]LogWorld: Bringing up level for play took: 0.000948
[2021.04.14-08.10.21:499][212]LogWorld: Sending NotifyLoadedWorld for LP: LocalPlayer_0 PC: BP_MainPlayerController_C_0
[2021.04.14-08.10.21:500][212]LogNet: Verbose: NotifyLoadedWorld Begin
[2021.04.14-08.10.21:501][212]LogNet: VeryVerbose: GetFunctionCallspace Server calling Server function: ServerNotifyLoadedWorld Local
[2021.04.14-08.10.21:502][212]LogNet: Verbose: NotifyLoadedWorld End
[2021.04.14-08.10.21:504][212]LogWorld: StartLoadingDestination to: /Game/Levels/Gamelevel
[2021.04.14-08.10.21:576][215]LogWorld: BeginTearingDown for /Temp/Untitled_1
[2021.04.14-08.10.21:577][215]LogWorld: UWorld::CleanupWorld for Untitled, bSessionEnded=true, bCleanupResources=true
[2021.04.14-08.10.21:578][215]LogSlate: InvalidateAllWidgets triggered.  All widgets were invalidated
[2021.04.14-08.10.21:620][215]LogAISub: UAISubsystem::~UAISubsystem AIPerceptionSystem (000001E53BEC4680), frame # 4215
[2021.04.14-08.10.21:621][215]LogAISub: UAISubsystem::~UAISubsystem EnvQueryManager (000001E544F2A800), frame # 4215
[2021.04.14-08.10.21:624][215]LogUObjectHash: Compacting FUObjectHashTables data took   0.84ms
[2021.04.14-08.10.21:625][215]LogAIModule: Creating AISystem for world GameLevel
[2021.04.14-08.10.21:625][215]LogAISub: UAISubsystem::UAISubsystem EnvQueryManager (000001E544F2B000), frame # 4215
[2021.04.14-08.10.21:625][215]LogAISub: UAISubsystem::UAISubsystem AIPerceptionSystem (000001E53BEC4CC0), frame # 4215
[2021.04.14-08.10.21:631][215]LogLoad: Game class is 'BP_GamesAssignmentTwoGameModeBse_C'
[2021.04.14-08.10.21:631][215]LogStats:     SeamlessTravel FlushLevelStreaming  -  0.000 s
[2021.04.14-08.10.21:633][215]LogWorld: Bringing World /Game/Levels/Gamelevel.GameLevel up for play (max tick rate 0) at 2021.04.14-09.10.21
[2021.04.14-08.10.21:633][215]LogWorld: Bringing up level for play took: 0.001907
[2021.04.14-08.10.21:634][215]LogWorld: Sending NotifyLoadedWorld for LP: LocalPlayer_0 PC: BP_MainPlayerController_C_0
[2021.04.14-08.10.21:634][215]LogNet: Verbose: NotifyLoadedWorld Begin
[2021.04.14-08.10.21:635][215]LogNet: VeryVerbose: GetFunctionCallspace Server calling Server function: ServerNotifyLoadedWorld Local
[2021.04.14-08.10.21:635][215]LogNet: Verbose: NotifyLoadedWorld End
[2021.04.14-08.10.21:635][215]LogWorld: ----SeamlessTravel finished in 0.20 seconds ------
[2021.04.14-08.10.21:639][215]LogTemp: Warning: 4
[2021.04.14-08.10.21:640][215]LogTemp: Warning: Level: Gamelevel
[2021.04.14-08.10.21:641][215]LogTemp: Warning: PlayerInterface Here
[2021.04.14-08.10.21:642][215]PIE: Error: Only Local Player Controllers can be assigned to widgets. BP_MainPlayerController_C_3 is not a Local Player Controller.
[2021.04.14-08.10.21:642][215]LogTemp: Warning: Level: Gamelevel
[2021.04.14-08.10.21:644][215]LogTemp: Warning: 4
[2021.04.14-08.10.24:164][336]LogTemp: Warning: Calling Push
[2021.04.14-08.10.27:003][468]LogTemp: Warning: Calling Push
[2021.04.14-08.10.28:015][517]LogTemp: Warning: Calling Push
[2021.04.14-08.10.28:742][550]LogTemp: Warning: Calling Push
[2021.04.14-08.10.29:357][579]LogTemp: Warning: Calling Push
[2021.04.14-08.10.29:927][606]LogTemp: Warning: Calling Push
[2021.04.14-08.10.30:540][635]LogTemp: Warning: Calling Push
[2021.04.14-08.10.30:933][653]LogTemp: Warning: Calling Push
[2021.04.14-08.10.31:147][664]LogTemp: Warning: Calling Push
[2021.04.14-08.10.31:779][694]LogTemp: Warning: Calling Push
[2021.04.14-08.10.32:372][722]LogTemp: Warning: Calling Push
[2021.04.14-08.10.34:292][812]LogTemp: Warning: Calling Push
[2021.04.14-08.10.34:803][836]LogTemp: Warning: Calling Push
[2021.04.14-08.10.35:195][854]LogTemp: Warning: Calling Push
[2021.04.14-08.10.38:425][153]LogTemp: Warning: Calling Push
[2021.04.14-08.10.39:015][342]LogTemp: Warning: Calling Push
[2021.04.14-08.10.39:470][485]LogTemp: Warning: Calling Push
[2021.04.14-08.10.40:602][834]LogTemp: Warning: Calling Push
[2021.04.14-08.10.40:811][900]LogTemp: Warning: Calling Push
[2021.04.14-08.10.40:989][956]LogTemp: Warning: Calling Push
[2021.04.14-08.10.41:149][  6]LogTemp: Warning: Calling Push
[2021.04.14-08.10.41:331][ 64]LogTemp: Warning: Calling Push
[2021.04.14-08.10.41:547][131]LogTemp: Warning: Calling Push
[2021.04.14-08.10.41:788][206]LogTemp: Warning: Calling Push
[2021.04.14-08.10.44:327][  7]LogWindowsDesktop: Alt-F4 pressed!
[2021.04.14-08.10.44:337][  7]LogSlate: Window 'GamesAssignmentTwo (64-bit Development PCD3D_SM5) ' being destroyed
[2021.04.14-08.10.44:337][  7]LogWindowsTextInputMethodSystem: Display: IME system now deactivated.
[2021.04.14-08.10.44:344][  7]LogOnlineSession: Warning: OSS: No game present to leave for session (GameSession)
[2021.04.14-08.10.44:346][  7]LogSlate: Updating window title bar state: overlay mode, drag disabled, window buttons hidden, title bar hidden
[2021.04.14-08.10.44:347][  7]LogEngine: All Windows Closed
[2021.04.14-08.10.44:348][  7]LogWindows: FPlatformMisc::RequestExit(0)
[2021.04.14-08.10.44:349][  7]LogCore: Engine exit requested (reason: Win RequestExit)
[2021.04.14-08.10.44:351][  8]LogCore: Engine exit requested (reason: EngineExit() was called; note: exit was already requested)
[2021.04.14-08.10.44:353][  8]LogAudio: Display: Shutting down audio device while 2 references to it are still alive. For more information, compile with INSTRUMENT_AUDIODEVICE_HANDLES.
[2021.04.14-08.10.44:407][  8]LogInit: Display: PreExit Game.
[2021.04.14-08.10.44:444][  8]LogWorld: BeginTearingDown for /Game/Levels/Gamelevel
[2021.04.14-08.10.44:444][  8]LogNet: World NetDriver shutdown IpNetDriver_0 [GameNetDriver]
[2021.04.14-08.10.44:445][  8]LogNet: DestroyNamedNetDriver IpNetDriver_0 [GameNetDriver]
[2021.04.14-08.10.44:446][  8]LogNet: UNetConnection::Cleanup: Closing open connection. [UNetConnection] RemoteAddr: 127.0.0.1:59402, Name: IpConnection_0, Driver: GameNetDriver IpNetDriver_0, IsServer: YES, PC: BP_MainPlayerController_C_3, Owner: BP_MainPlayerController_C_3, UniqueId: NULL:Programming-PC-03B0E43847984DDC2C8431A1432B8DA4
[2021.04.14-08.10.44:446][  8]LogNet: UNetConnection::Close: [UNetConnection] RemoteAddr: 127.0.0.1:59402, Name: IpConnection_0, Driver: GameNetDriver IpNetDriver_0, IsServer: YES, PC: BP_MainPlayerController_C_3, Owner: BP_MainPlayerController_C_3, UniqueId: NULL:Programming-PC-03B0E43847984DDC2C8431A1432B8DA4, Channels: 25, Time: 2021.04.14-08.10.44
[2021.04.14-08.10.44:446][  8]LogNet: UChannel::Close: Sending CloseBunch. ChIndex == 0. Name: [UChannel] ChIndex: 0, Closing: 0 [UNetConnection] RemoteAddr: 127.0.0.1:59402, Name: IpConnection_0, Driver: GameNetDriver IpNetDriver_0, IsServer: YES, PC: BP_MainPlayerController_C_3, Owner: BP_MainPlayerController_C_3, UniqueId: NULL:Programming-PC-03B0E43847984DDC2C8431A1432B8DA4
[2021.04.14-08.10.44:447][  8]LogExit: GameNetDriver IpNetDriver_0 shut down
[2021.04.14-08.10.44:447][  8]LogWorld: UWorld::CleanupWorld for GameLevel, bSessionEnded=true, bCleanupResources=true
[2021.04.14-08.10.44:448][  8]LogSlate: InvalidateAllWidgets triggered.  All widgets were invalidated
[2021.04.14-08.10.45:288][  8]LogExit: Preparing to exit.
[2021.04.14-08.10.45:288][  8]LogMoviePlayer: Shutting down movie player
[2021.04.14-08.10.45:302][  8]LogSlate: Updating window title bar state: overlay mode, drag disabled, window buttons hidden, title bar hidden
[2021.04.14-08.10.45:304][  8]LogDemo: Cleaned up 0 splitscreen connections with owner deletion
[2021.04.14-08.10.45:308][  8]LogExit: Game engine shut down
[2021.04.14-08.10.45:322][  8]LogAISub: UAISubsystem::~UAISubsystem AISubsystem (000001E5342358C0), frame # 7008
[2021.04.14-08.10.45:322][  8]LogAISub: UAISubsystem::~UAISubsystem AIPerceptionSystem (000001E53416D6C0), frame # 7008
[2021.04.14-08.10.45:322][  8]LogAISub: UAISubsystem::~UAISubsystem EnvQueryManager (000001E534167C00), frame # 7008
[2021.04.14-08.10.45:328][  8]LogAISub: UAISubsystem::~UAISubsystem AIPerceptionSystem (000001E53BEC4CC0), frame # 7008
[2021.04.14-08.10.45:328][  8]LogAISub: UAISubsystem::~UAISubsystem EnvQueryManager (000001E544F2B000), frame # 7008
[2021.04.14-08.10.45:351][  8]LogExit: Object subsystem successfully closed.
[2021.04.14-08.10.45:386][  8]LogShaderCompilers: Display: Shaders left to compile 0
[2021.04.14-08.10.45:394][  8]LogModuleManager: Shutting down and abandoning module SequenceRecorderSections (504)
[2021.04.14-08.10.45:394][  8]LogModuleManager: Shutting down and abandoning module SequenceRecorder (502)
[2021.04.14-08.10.45:394][  8]LogModuleManager: Shutting down and abandoning module AutomationController (500)
[2021.04.14-08.10.45:395][  8]LogModuleManager: Shutting down and abandoning module AutomationWorker (498)
[2021.04.14-08.10.45:395][  8]LogModuleManager: Shutting down and abandoning module Voice (496)
[2021.04.14-08.10.45:395][  8]LogModuleManager: Shutting down and abandoning module AIModule (494)
[2021.04.14-08.10.45:396][  8]LogModuleManager: Shutting down and abandoning module GameplayDebugger (493)
[2021.04.14-08.10.45:397][  8]LogModuleManager: Shutting down and abandoning module AITestSuite (491)
[2021.04.14-08.10.45:397][  8]LogModuleManager: Shutting down and abandoning module NavigationSystem (489)
[2021.04.14-08.10.45:397][  8]LogModuleManager: Shutting down and abandoning module OculusMR (486)
[2021.04.14-08.10.45:398][  8]LogModuleManager: Shutting down and abandoning module WmfMediaFactory (484)
[2021.04.14-08.10.45:398][  8]LogModuleManager: Shutting down and abandoning module WebMMediaFactory (482)
[2021.04.14-08.10.45:398][  8]LogModuleManager: Shutting down and abandoning module WebMMedia (480)
[2021.04.14-08.10.45:399][  8]LogModuleManager: Shutting down and abandoning module OpenExrWrapper (478)
[2021.04.14-08.10.45:399][  8]LogModuleManager: Shutting down and abandoning module ImgMediaFactory (476)
[2021.04.14-08.10.45:399][  8]LogModuleManager: Shutting down and abandoning module AvfMediaFactory (474)
[2021.04.14-08.10.45:400][  8]LogModuleManager: Shutting down and abandoning module MagicLeapMediaCodecFactory (472)
[2021.04.14-08.10.45:400][  8]LogModuleManager: Shutting down and abandoning module MagicLeapMediaFactory (470)
[2021.04.14-08.10.45:400][  8]LogModuleManager: Shutting down and abandoning module PlanarCut (468)
[2021.04.14-08.10.45:401][  8]LogModuleManager: Shutting down and abandoning module CharacterAI (466)
[2021.04.14-08.10.45:401][  8]LogModuleManager: Shutting down and abandoning module SessionServices (464)
[2021.04.14-08.10.45:402][  8]LogModuleManager: Shutting down and abandoning module MovieSceneCapture (462)
[2021.04.14-08.10.45:402][  8]LogModuleManager: Shutting down and abandoning module LiveCoding (460)
[2021.04.14-08.10.45:403][  8]LogModuleManager: Shutting down and abandoning module LevelSequence (458)
[2021.04.14-08.10.45:403][  8]LogModuleManager: Shutting down and abandoning module MovieSceneTracks (456)
[2021.04.14-08.10.45:403][  8]LogModuleManager: Shutting down and abandoning module MovieScene (454)
[2021.04.14-08.10.45:403][  8]LogModuleManager: Shutting down and abandoning module StreamingPauseRendering (452)
[2021.04.14-08.10.45:404][  8]LogModuleManager: Shutting down and abandoning module PortalServices (450)
[2021.04.14-08.10.45:404][  8]LogModuleManager: Shutting down and abandoning module PortalRpc (448)
[2021.04.14-08.10.45:405][  8]LogModuleManager: Shutting down and abandoning module MessagingRpc (446)
[2021.04.14-08.10.45:407][  8]LogModuleManager: Shutting down and abandoning module AudioMixerXAudio2 (444)
[2021.04.14-08.10.45:407][  8]LogModuleManager: Shutting down and abandoning module AudioMixerCore (443)
[2021.04.14-08.10.45:407][  8]LogModuleManager: Shutting down and abandoning module ProfilerService (440)
[2021.04.14-08.10.45:581][  8]LogModuleManager: Shutting down and abandoning module TaskGraph (438)
[2021.04.14-08.10.45:581][  8]LogModuleManager: Shutting down and abandoning module Synthesis (436)
[2021.04.14-08.10.45:582][  8]LogModuleManager: Shutting down and abandoning module ProceduralMeshComponent (434)
[2021.04.14-08.10.45:583][  8]LogModuleManager: Shutting down and abandoning module OculusInput (432)
[2021.04.14-08.10.45:583][  8]LogModuleManager: Shutting down and abandoning module MobilePatchingUtils (430)
[2021.04.14-08.10.45:583][  8]LogModuleManager: Shutting down and abandoning module GooglePAD (428)
[2021.04.14-08.10.45:584][  8]LogModuleManager: Shutting down and abandoning module EditableMesh (426)
[2021.04.14-08.10.45:584][  8]LogModuleManager: Shutting down and abandoning module CustomMeshComponent (424)
[2021.04.14-08.10.45:584][  8]LogModuleManager: Shutting down and abandoning module CableComponent (422)
[2021.04.14-08.10.45:585][  8]LogModuleManager: Shutting down and abandoning module AudioCapture (420)
[2021.04.14-08.10.45:585][  8]LogModuleManager: Shutting down and abandoning module AudioCaptureRtAudio (419)
[2021.04.14-08.10.45:585][  8]LogModuleManager: Shutting down and abandoning module AssetTags (416)
[2021.04.14-08.10.45:585][  8]LogModuleManager: Shutting down and abandoning module ArchVisCharacter (414)
[2021.04.14-08.10.45:586][  8]LogModuleManager: Shutting down and abandoning module AppleImageUtilsBlueprintSupport (412)
[2021.04.14-08.10.45:586][  8]LogModuleManager: Shutting down and abandoning module AppleImageUtils (410)
[2021.04.14-08.10.45:587][  8]LogModuleManager: Shutting down and abandoning module AndroidPermission (408)
[2021.04.14-08.10.45:587][  8]LogModuleManager: Shutting down and abandoning module NUTUnrealEngine4 (406)
[2021.04.14-08.10.45:587][  8]LogModuleManager: Shutting down and abandoning module NetcodeUnitTest (404)
[2021.04.14-08.10.45:588][  8]LogModuleManager: Shutting down and abandoning module TemplateSequence (402)
[2021.04.14-08.10.45:588][  8]LogModuleManager: Shutting down and abandoning module MovieRenderPipelineRenderPasses (400)
[2021.04.14-08.10.45:589][  8]LogModuleManager: Shutting down and abandoning module MovieRenderPipelineSettings (398)
[2021.04.14-08.10.45:589][  8]LogModuleManager: Shutting down and abandoning module MovieRenderPipelineCore (396)
[2021.04.14-08.10.45:589][  8]LogModuleManager: Shutting down and abandoning module ImageWriteQueue (395)
[2021.04.14-08.10.45:594][  8]LogModuleManager: Shutting down and abandoning module MediaCompositing (392)
[2021.04.14-08.10.45:594][  8]LogModuleManager: Shutting down and abandoning module ImgMedia (390)
[2021.04.14-08.10.45:595][  8]LogModuleManager: Shutting down and abandoning module MagicLeapSharedWorld (388)
[2021.04.14-08.10.45:596][  8]LogModuleManager: Shutting down and abandoning module MagicLeapLightEstimation (386)
[2021.04.14-08.10.45:596][  8]LogModuleManager: Shutting down and abandoning module MagicLeapHelperVulkan (384)
[2021.04.14-08.10.45:596][  8]LogModuleManager: Shutting down and abandoning module MagicLeapHelperOpenGL (382)
[2021.04.14-08.10.45:596][  8]LogModuleManager: Shutting down and abandoning module MagicLeapAudio (380)
[2021.04.14-08.10.45:597][  8]LogModuleManager: Shutting down and abandoning module MeshSolverUtilities (378)
[2021.04.14-08.10.45:597][  8]LogModuleManager: Shutting down and abandoning module MeshConversion (376)
[2021.04.14-08.10.45:597][  8]LogModuleManager: Shutting down and abandoning module DynamicMesh (374)
[2021.04.14-08.10.45:598][  8]LogModuleManager: Shutting down and abandoning module GeometryAlgorithms (372)
[2021.04.14-08.10.45:598][  8]LogModuleManager: Shutting down and abandoning module GeometricObjects (370)
[2021.04.14-08.10.45:598][  8]LogModuleManager: Shutting down and abandoning module GeometryCollectionTracks (368)
[2021.04.14-08.10.45:599][  8]LogModuleManager: Shutting down and abandoning module GeometryCollectionSequencer (367)
[2021.04.14-08.10.45:599][  8]LogModuleManager: Shutting down and abandoning module GeometryCacheTracks (364)
[2021.04.14-08.10.45:600][  8]LogModuleManager: Shutting down and abandoning module GeometryCacheSequencer (363)
[2021.04.14-08.10.45:600][  8]LogModuleManager: Shutting down and abandoning module GeometryCache (360)
[2021.04.14-08.10.45:600][  8]LogModuleManager: Shutting down and abandoning module GeometryCacheEd (359)
[2021.04.14-08.10.45:601][  8]LogModuleManager: Shutting down and abandoning module ChaosNiagara (356)
[2021.04.14-08.10.45:602][  8]LogModuleManager: Shutting down and abandoning module ChaosCloth (354)
[2021.04.14-08.10.45:603][  8]LogModuleManager: Shutting down and abandoning module BackChannel (352)
[2021.04.14-08.10.45:603][  8]LogModuleManager: Shutting down and abandoning module AutomationUtils (350)
[2021.04.14-08.10.45:603][  8]LogModuleManager: Shutting down and abandoning module VisualStudioSourceCodeAccess (348)
[2021.04.14-08.10.45:604][  8]LogModuleManager: Shutting down and abandoning module HotReload (347)
[2021.04.14-08.10.45:604][  8]LogModuleManager: Shutting down and abandoning module VisualStudioCodeSourceCodeAccess (344)
[2021.04.14-08.10.45:604][  8]LogModuleManager: Shutting down and abandoning module UObjectPlugin (342)
[2021.04.14-08.10.45:605][  8]LogModuleManager: Shutting down and abandoning module SubversionSourceControl (340)
[2021.04.14-08.10.45:605][  8]LogModuleManager: Shutting down and abandoning module RiderSourceCodeAccess (338)
[2021.04.14-08.10.45:605][  8]LogModuleManager: Shutting down and abandoning module PerforceSourceControl (336)
[2021.04.14-08.10.45:606][  8]LogModuleManager: Shutting down and abandoning module SourceControl (335)
[2021.04.14-08.10.45:606][  8]LogModuleManager: Shutting down and abandoning module CLionSourceCodeAccess (332)
[2021.04.14-08.10.45:606][  8]LogModuleManager: Shutting down and abandoning module ActorLayerUtilities (330)
[2021.04.14-08.10.45:607][  8]LogModuleManager: Shutting down and abandoning module GamesAssignmentTwo (328)
[2021.04.14-08.10.45:607][  8]LogModuleManager: Shutting down and abandoning module SoundFields (326)
[2021.04.14-08.10.45:608][  8]LogModuleManager: Shutting down and abandoning module SignificanceManager (324)
[2021.04.14-08.10.45:608][  8]LogModuleManager: Shutting down and abandoning module RuntimePhysXCooking (322)
[2021.04.14-08.10.45:608][  8]LogModuleManager: Shutting down and abandoning module PhysXVehiclesEditor (320)
[2021.04.14-08.10.45:609][  8]LogModuleManager: Shutting down and abandoning module LocationServicesBPLibrary (316)
[2021.04.14-08.10.45:609][  8]LogModuleManager: Shutting down and abandoning module ActorSequence (314)
[2021.04.14-08.10.45:609][  8]LogModuleManager: Shutting down and abandoning module UdpMessaging (312)
[2021.04.14-08.10.45:610][  8]LogModuleManager: Shutting down and abandoning module TcpMessaging (310)
[2021.04.14-08.10.45:610][  8]LogModuleManager: Shutting down and abandoning module MagicLeapARPin (308)
[2021.04.14-08.10.45:610][  8]LogModuleManager: Shutting down and abandoning module MagicLeapHandMeshing (306)
[2021.04.14-08.10.45:611][  8]LogModuleManager: Shutting down and abandoning module MagicLeapSecureStorage (304)
[2021.04.14-08.10.45:613][  8]LogModuleManager: Shutting down and abandoning module MagicLeapPrivileges (302)
[2021.04.14-08.10.45:613][  8]LogModuleManager: Shutting down and abandoning module MagicLeapPlanes (300)
[2021.04.14-08.10.45:613][  8]LogMagicLeapPlanes: Planes tracker already destroyed.
[2021.04.14-08.10.45:614][  8]LogModuleManager: Shutting down and abandoning module MagicLeapImageTracker (298)
[2021.04.14-08.10.45:614][  8]LogModuleManager: Shutting down and abandoning module MagicLeapIdentity (296)
[2021.04.14-08.10.45:614][  8]LogModuleManager: Shutting down and abandoning module MagicLeapHandTracking (294)
[2021.04.14-08.10.45:615][  8]LogModuleManager: Shutting down and abandoning module MagicLeapEyeTracker (292)
[2021.04.14-08.10.45:615][  8]LogModuleManager: Shutting down and abandoning module MagicLeapController (290)
[2021.04.14-08.10.45:616][  8]LogSlate: Slate User Destroyed.  User Index 0, Is Virtual User: 0
[2021.04.14-08.10.45:616][  8]LogModuleManager: Shutting down and abandoning module MagicLeapARPinImpl (288)
[2021.04.14-08.10.45:616][  8]LogModuleManager: Shutting down and abandoning module MagicLeapAR (286)
[2021.04.14-08.10.45:617][  8]LogModuleManager: Shutting down and abandoning module AugmentedReality (285)
[2021.04.14-08.10.45:617][  8]LogModuleManager: Shutting down and abandoning module NiagaraAnimNotifies (282)
[2021.04.14-08.10.45:617][  8]LogModuleManager: Shutting down and abandoning module Niagara (280)
[2021.04.14-08.10.45:618][  8]LogModuleManager: Shutting down and abandoning module SignalProcessing (279)
[2021.04.14-08.10.45:618][  8]LogModuleManager: Shutting down and abandoning module NiagaraEditor (277)
[2021.04.14-08.10.45:619][  8]LogModuleManager: Shutting down and abandoning module NiagaraCore (274)
[2021.04.14-08.10.45:619][  8]LogModuleManager: Shutting down and abandoning module GameplayTagsEditor (272)
[2021.04.14-08.10.45:619][  8]LogModuleManager: Shutting down and abandoning module FacialAnimation (270)
[2021.04.14-08.10.45:619][  8]LogModuleManager: Shutting down and abandoning module AssetManagerEditor (268)
[2021.04.14-08.10.45:620][  8]LogModuleManager: Shutting down and abandoning module TreeMap (267)
[2021.04.14-08.10.45:620][  8]LogModuleManager: Shutting down and abandoning module AnimationSharing (264)
[2021.04.14-08.10.45:620][  8]LogModuleManager: Shutting down and abandoning module LightPropagationVolumeRuntime (262)
[2021.04.14-08.10.45:621][  8]LogModuleManager: Shutting down and abandoning module Paper2D (260)
[2021.04.14-08.10.45:623][  8]LogModuleManager: Shutting down and abandoning module WindowsMoviePlayer (258)
[2021.04.14-08.10.45:623][  8]LogModuleManager: Shutting down and abandoning module WebMMoviePlayer (256)
[2021.04.14-08.10.45:623][  8]LogModuleManager: Shutting down and abandoning module NetworkReplayStreaming (254)
[2021.04.14-08.10.45:624][  8]LogModuleManager: Shutting down and abandoning module PacketHandler (252)
[2021.04.14-08.10.45:624][  8]LogModuleManager: Shutting down and abandoning module ClothingSystemEditor (250)
[2021.04.14-08.10.45:624][  8]LogModuleManager: Shutting down and abandoning module ClothingSystemRuntimeNv (248)
[2021.04.14-08.10.45:625][  8]LogModuleManager: Shutting down and abandoning module MediaAssets (246)
[2021.04.14-08.10.45:625][  8]LogModuleManager: Shutting down and abandoning module Overlay (244)
[2021.04.14-08.10.45:625][  8]LogModuleManager: Shutting down and abandoning module OverlayEditor (243)
[2021.04.14-08.10.45:626][  8]LogModuleManager: Shutting down and abandoning module VREditor (240)
[2021.04.14-08.10.45:626][  8]LogModuleManager: Shutting down and abandoning module StringTableEditor (238)
[2021.04.14-08.10.45:626][  8]LogModuleManager: Shutting down and abandoning module GameplayTasksEditor (236)
[2021.04.14-08.10.45:627][  8]LogModuleManager: Shutting down and abandoning module BehaviorTreeEditor (234)
[2021.04.14-08.10.45:627][  8]LogModuleManager: Shutting down and abandoning module FunctionalTesting (232)
[2021.04.14-08.10.45:627][  8]LogModuleManager: Shutting down and abandoning module CollisionAnalyzer (230)
[2021.04.14-08.10.45:628][  8]LogModuleManager: Shutting down and abandoning module UMG (228)
[2021.04.14-08.10.45:628][  8]LogModuleManager: Shutting down and abandoning module UMGEditor (227)
[2021.04.14-08.10.45:628][  8]LogModuleManager: Shutting down and abandoning module Sequencer (226)
[2021.04.14-08.10.45:629][  8]LogModuleManager: Shutting down and abandoning module MessageLog (223)
[2021.04.14-08.10.45:629][  8]LogModuleManager: Shutting down and abandoning module MaterialEditor (221)
[2021.04.14-08.10.45:629][  8]LogModuleManager: Shutting down and abandoning module ContentBrowser (220)
[2021.04.14-08.10.45:630][  8]LogModuleManager: Shutting down and abandoning module WorkspaceMenuStructure (219)
[2021.04.14-08.10.45:630][  8]LogModuleManager: Shutting down and abandoning module CollectionManager (217)
[2021.04.14-08.10.45:631][  8]LogModuleManager: Shutting down and abandoning module DirectoryWatcher (216)
[2021.04.14-08.10.45:632][  8]LogModuleManager: Shutting down and abandoning module SlateReflector (208)
[2021.04.14-08.10.45:633][  8]LogModuleManager: Shutting down and abandoning module Slate (206)
[2021.04.14-08.10.45:633][  8]LogModuleManager: Shutting down and abandoning module SlateCore (204)
[2021.04.14-08.10.45:633][  8]LogModuleManager: Shutting down and abandoning module LandscapeEditorUtilities (202)
[2021.04.14-08.10.45:634][  8]LogModuleManager: Shutting down and abandoning module EditorStyle (200)
[2021.04.14-08.10.45:635][  8]LogModuleManager: Shutting down and abandoning module UnrealEd (198)
[2021.04.14-08.10.45:635][  8]LogModuleManager: Shutting down and abandoning module MRMesh (196)
[2021.04.14-08.10.45:635][  8]LogModuleManager: Shutting down and abandoning module Messaging (194)
[2021.04.14-08.10.45:635][  8]LogModuleManager: Shutting down and abandoning module SourceCodeAccess (192)
[2021.04.14-08.10.45:636][  8]LogModuleManager: Shutting down and abandoning module HeadMountedDisplay (190)
[2021.04.14-08.10.45:636][  8]LogModuleManager: Shutting down and abandoning module XAudio2 (188)
[2021.04.14-08.10.45:636][  8]LogModuleManager: Shutting down and abandoning module Networking (186)
[2021.04.14-08.10.45:637][  8]LogModuleManager: Shutting down and abandoning module Core (184)
[2021.04.14-08.10.45:637][  8]LogModuleManager: Shutting down and abandoning module MovieSceneTools (182)
[2021.04.14-08.10.45:638][  8]LogModuleManager: Shutting down and abandoning module KismetCompiler (180)
[2021.04.14-08.10.45:638][  8]LogModuleManager: Shutting down and abandoning module MeshBuilder (178)
[2021.04.14-08.10.45:638][  8]LogModuleManager: Shutting down and abandoning module MeshUtilities (176)
[2021.04.14-08.10.45:639][  8]LogModuleManager: Shutting down and abandoning module MeshMergeUtilities (175)
[2021.04.14-08.10.45:639][  8]LogModuleManager: Shutting down and abandoning module MeshReductionInterface (174)
[2021.04.14-08.10.45:639][  8]LogModuleManager: Shutting down and abandoning module MeshBoneReduction (173)
[2021.04.14-08.10.45:640][  8]LogModuleManager: Shutting down and abandoning module SkeletalMeshReduction (171)
[2021.04.14-08.10.45:640][  8]LogModuleManager: Shutting down and abandoning module ProxyLODMeshReduction (169)
[2021.04.14-08.10.45:640][  8]LogModuleManager: Shutting down and abandoning module QuadricMeshReduction (167)
[2021.04.14-08.10.45:641][  8]LogModuleManager: Shutting down and abandoning module MaterialBaking (163)
[2021.04.14-08.10.45:643][  8]LogModuleManager: Shutting down and abandoning module NullInstallBundleManager (158)
[2021.04.14-08.10.45:643][  8]LogModuleManager: Shutting down and abandoning module PIEPreviewDeviceProfileSelector (156)
[2021.04.14-08.10.45:643][  8]LogModuleManager: Shutting down and abandoning module DerivedDataCache (154)
[2021.04.14-08.10.45:643][  8]LogModuleManager: Shutting down and abandoning module XGEController (152)
[2021.04.14-08.10.45:644][  8]LogModuleManager: Shutting down and abandoning module TargetPlatform (150)
[2021.04.14-08.10.45:644][  8]LogModuleManager: Shutting down and abandoning module VulkanShaderFormat (149)
[2021.04.14-08.10.45:644][  8]LogModuleManager: Shutting down and abandoning module ShaderFormatVectorVM (147)
[2021.04.14-08.10.45:645][  8]LogModuleManager: Shutting down and abandoning module ShaderFormatOpenGL (145)
[2021.04.14-08.10.45:645][  8]LogModuleManager: Shutting down and abandoning module ShaderFormatD3D (143)
[2021.04.14-08.10.45:645][  8]LogModuleManager: Shutting down and abandoning module MetalShaderFormat (141)
[2021.04.14-08.10.45:646][  8]LogModuleManager: Shutting down and abandoning module TextureFormatUncompressed (139)
[2021.04.14-08.10.45:646][  8]LogModuleManager: Shutting down and abandoning module TextureFormatPVR (137)
[2021.04.14-08.10.45:647][  8]LogModuleManager: Shutting down and abandoning module TextureFormatDXT (135)
[2021.04.14-08.10.45:647][  8]LogModuleManager: Shutting down and abandoning module TextureFormatIntelISPCTexComp (133)
[2021.04.14-08.10.45:647][  8]LogModuleManager: Shutting down and abandoning module TextureFormatASTC (131)
[2021.04.14-08.10.45:647][  8]LogModuleManager: Shutting down and abandoning module ImageWrapper (130)
[2021.04.14-08.10.45:648][  8]LogModuleManager: Shutting down and abandoning module TextureFormatAndroid (127)
[2021.04.14-08.10.45:648][  8]LogModuleManager: Shutting down and abandoning module AudioFormatOpus (125)
[2021.04.14-08.10.45:649][  8]LogModuleManager: Shutting down and abandoning module AudioFormatOgg (123)
[2021.04.14-08.10.45:649][  8]LogModuleManager: Shutting down and abandoning module AudioFormatADPCM (121)
[2021.04.14-08.10.45:649][  8]LogModuleManager: Shutting down and abandoning module WindowsServerTargetPlatform (119)
[2021.04.14-08.10.45:650][  8]LogModuleManager: Shutting down and abandoning module WindowsClientTargetPlatform (117)
[2021.04.14-08.10.45:650][  8]LogModuleManager: Shutting down and abandoning module WindowsTargetPlatform (115)
[2021.04.14-08.10.45:651][  8]LogModuleManager: Shutting down and abandoning module WindowsNoEditorTargetPlatform (113)
[2021.04.14-08.10.45:652][  8]LogModuleManager: Shutting down and abandoning module InputCore (110)
[2021.04.14-08.10.45:653][  8]LogModuleManager: Shutting down and abandoning module Settings (108)
[2021.04.14-08.10.45:653][  8]LogModuleManager: Shutting down and abandoning module PhysXCooking (106)
[2021.04.14-08.10.45:654][  8]LogModuleManager: Shutting down and abandoning module ChaosSolvers (104)
[2021.04.14-08.10.45:654][  8]LogModuleManager: Shutting down and abandoning module FieldSystemEngine (103)
[2021.04.14-08.10.45:655][  8]LogModuleManager: Shutting down and abandoning module Chaos (100)
[2021.04.14-08.10.45:655][  8]LogModuleManager: Shutting down and abandoning module WindowsPlatformFeatures (98)
[2021.04.14-08.10.45:655][  8]LogModuleManager: Shutting down and abandoning module GameplayMediaEncoder (97)
[2021.04.14-08.10.45:655][  8]LogModuleManager: Shutting down and abandoning module AVEncoder (96)
[2021.04.14-08.10.45:656][  8]LogModuleManager: Shutting down and abandoning module SteamVRInputDevice (92)
[2021.04.14-08.10.45:656][  8]LogModuleManager: Shutting down and abandoning module SteamVRInput (90)
[2021.04.14-08.10.45:656][  8]LogModuleManager: Shutting down and abandoning module SteamVR (88)
[2021.04.14-08.10.45:657][  8]LogHMD: Freeing OpenVRDLLHandle.
[2021.04.14-08.10.45:657][  8]LogModuleManager: Shutting down and abandoning module OculusHMD (86)
[2021.04.14-08.10.45:657][  8]LogModuleManager: Shutting down and abandoning module ExampleDeviceProfileSelector (84)
[2021.04.14-08.10.45:658][  8]LogModuleManager: Shutting down and abandoning module LauncherChunkInstaller (82)
[2021.04.14-08.10.45:658][  8]LogModuleManager: Shutting down and abandoning module OnlineBlueprintSupport (80)
[2021.04.14-08.10.45:659][  8]LogModuleManager: Shutting down and abandoning module OnlineSubsystem (76)
[2021.04.14-08.10.45:660][  8]LogModuleManager: Shutting down and abandoning module XMPP (71)
[2021.04.14-08.10.45:660][  8]LogModuleManager: Shutting down and abandoning module WebSockets (70)
[2021.04.14-08.10.45:666][  8]LogModuleManager: Shutting down and abandoning module HTTP (67)
[2021.04.14-08.10.45:699][  8]LogModuleManager: Shutting down and abandoning module SSL (66)
[2021.04.14-08.10.45:700][  8]LogModuleManager: Shutting down and abandoning module WmfMedia (62)
[2021.04.14-08.10.45:702][  8]LogModuleManager: Shutting down and abandoning module Media (61)
[2021.04.14-08.10.45:702][  8]LogModuleManager: Shutting down and abandoning module MagicLeap (58)
[2021.04.14-08.10.45:702][  8]LogModuleManager: Shutting down and abandoning module NiagaraVertexFactories (56)
[2021.04.14-08.10.45:703][  8]LogModuleManager: Shutting down and abandoning module NiagaraShader (54)
[2021.04.14-08.10.45:703][  8]LogModuleManager: Shutting down and abandoning module VariantManagerContent (52)
[2021.04.14-08.10.45:703][  8]LogModuleManager: Shutting down and abandoning module DatasmithContent (50)
[2021.04.14-08.10.45:704][  8]LogModuleManager: Shutting down and abandoning module AISupportModule (48)
[2021.04.14-08.10.45:704][  8]LogModuleManager: Shutting down and abandoning module DesktopPlatform (46)
[2021.04.14-08.10.45:705][  8]LogModuleManager: Shutting down and abandoning module PlatformCryptoOpenSSL (44)
[2021.04.14-08.10.45:705][  8]LogModuleManager: Shutting down and abandoning module PlatformCryptoTypes (42)
[2021.04.14-08.10.45:705][  8]LogModuleManager: Shutting down and abandoning module PlatformCrypto (40)
[2021.04.14-08.10.45:706][  8]LogModuleManager: Shutting down and abandoning module AnimationModifiers (38)
[2021.04.14-08.10.45:706][  8]LogModuleManager: Shutting down and abandoning module PropertyEditor (37)
[2021.04.14-08.10.45:706][  8]LogModuleManager: Shutting down and abandoning module AudioEditor (34)
[2021.04.14-08.10.45:707][  8]LogModuleManager: Shutting down and abandoning module TextureCompressor (32)
[2021.04.14-08.10.45:707][  8]LogModuleManager: Shutting down and abandoning module RenderCore (30)
[2021.04.14-08.10.45:707][  8]LogModuleManager: Shutting down and abandoning module Landscape (28)
[2021.04.14-08.10.45:708][  8]LogModuleManager: Shutting down and abandoning module SlateRHIRenderer (26)
[2021.04.14-08.10.45:708][  8]LogModuleManager: Shutting down and abandoning module OpenGLDrv (24)
[2021.04.14-08.10.45:709][  8]LogModuleManager: Shutting down and abandoning module D3D11RHI (22)
[2021.04.14-08.10.45:710][  8]LogModuleManager: Shutting down and abandoning module AnimGraphRuntime (20)
[2021.04.14-08.10.45:711][  8]LogModuleManager: Shutting down and abandoning module Renderer (18)
[2021.04.14-08.10.45:711][  8]LogModuleManager: Shutting down and abandoning module Engine (16)
[2021.04.14-08.10.45:711][  8]LogModuleManager: Shutting down and abandoning module CoreUObject (14)
[2021.04.14-08.10.45:712][  8]LogModuleManager: Shutting down and abandoning module NetworkFile (12)
[2021.04.14-08.10.45:712][  8]LogModuleManager: Shutting down and abandoning module CookedIterativeFile (10)
[2021.04.14-08.10.45:713][  8]LogModuleManager: Shutting down and abandoning module StreamingFile (8)
[2021.04.14-08.10.45:713][  8]LogModuleManager: Shutting down and abandoning module SandboxFile (6)
[2021.04.14-08.10.45:713][  8]LogModuleManager: Shutting down and abandoning module PakFile (4)
[2021.04.14-08.10.45:714][  8]LogModuleManager: Shutting down and abandoning module RSA (3)
[2021.04.14-08.10.45:775][  8]LogContentStreaming: Display: There are 1 unreleased StreamingManagers
[2021.04.14-08.10.45:775][  8]LogD3D11RHI: Shutdown
[2021.04.14-08.10.45:776][  8]LogD3D11RHI: CleanupD3DDevice
[2021.04.14-08.10.45:793][  8]LogExit: Exiting.
[2021.04.14-08.10.45:802][  8]Log file closed, 04/14/21 09:10:45
