Log file open, 04/14/21 08:58:40
LogInit: Display: Running engine for game: GamesAssignmentTwo
LogPlatformFile: Not using cached read wrapper
LogTaskGraph: Started task graph with 5 named threads and 71 total threads with 3 sets of task threads.
LogStats: Stats thread started at 0.710369
LogD3D11RHI: Loaded GFSDK_Aftermath_Lib.x64.dll
LogICUInternationalization: ICU TimeZone Detection - Raw Offset: +0:00, Platform Override: ''
LogPluginManager: Mounting plugin Paper2D
LogPluginManager: Mounting plugin AISupport
LogPluginManager: Mounting plugin LightPropagationVolume
LogPluginManager: Mounting plugin CameraShakePreviewer
LogPluginManager: Mounting plugin ActorLayerUtilities
LogPluginManager: Mounting plugin AnimationSharing
LogPluginManager: Mounting plugin CLionSourceCodeAccess
LogPluginManager: Mounting plugin CodeLiteSourceCodeAccess
LogPluginManager: Mounting plugin GitSourceControl
LogPluginManager: Mounting plugin KDevelopSourceCodeAccess
LogPluginManager: Mounting plugin NullSourceCodeAccess
LogPluginManager: Mounting plugin PerforceSourceControl
LogPluginManager: Mounting plugin PlasticSourceControl
LogPluginManager: Mounting plugin RiderSourceCodeAccess
LogPluginManager: Mounting plugin SubversionSourceControl
LogPluginManager: Mounting plugin UObjectPlugin
LogPluginManager: Mounting plugin VisualStudioCodeSourceCodeAccess
LogPluginManager: Mounting plugin VisualStudioSourceCodeAccess
LogPluginManager: Mounting plugin XCodeSourceCodeAccess
LogPluginManager: Mounting plugin AssetManagerEditor
LogPluginManager: Mounting plugin CryptoKeys
LogPluginManager: Mounting plugin CurveEditorTools
LogPluginManager: Mounting plugin DataValidation
LogPluginManager: Mounting plugin EditorScriptingUtilities
LogPluginManager: Mounting plugin FacialAnimation
LogPluginManager: Mounting plugin GameplayTagsEditor
LogPluginManager: Mounting plugin GeometryMode
LogPluginManager: Mounting plugin MacGraphicsSwitching
LogPluginManager: Mounting plugin MaterialAnalyzer
LogPluginManager: Mounting plugin MobileLauncherProfileWizard
LogPluginManager: Mounting plugin PluginBrowser
LogPluginManager: Mounting plugin SpeedTreeImporter
LogPluginManager: Mounting plugin DatasmithContent
LogPluginManager: Mounting plugin VariantManagerContent
LogPluginManager: Mounting plugin AlembicImporter
LogPluginManager: Mounting plugin AutomationUtils
LogPluginManager: Mounting plugin BackChannel
LogPluginManager: Mounting plugin ChaosCloth
LogPluginManager: Mounting plugin ChaosClothEditor
LogPluginManager: Mounting plugin ChaosEditor
LogPluginManager: Mounting plugin ChaosNiagara
LogPluginManager: Mounting plugin ChaosSolverPlugin
LogPluginManager: Mounting plugin CharacterAI
LogPluginManager: Mounting plugin GeometryCache
LogPluginManager: Mounting plugin GeometryCollectionPlugin
LogPluginManager: Mounting plugin GeometryProcessing
LogPluginManager: Mounting plugin PlanarCut
LogPluginManager: Mounting plugin PlatformCrypto
LogPluginManager: Mounting plugin ProxyLODPlugin
LogPluginManager: Mounting plugin SkeletalReduction
LogPluginManager: Mounting plugin Niagara
LogPluginManager: Mounting plugin MagicLeap
LogPluginManager: Mounting plugin MagicLeapLightEstimation
LogPluginManager: Mounting plugin MagicLeapMedia
LogPluginManager: Mounting plugin MagicLeapPassableWorld
LogPluginManager: Mounting plugin MLSDK
LogPluginManager: Mounting plugin AndroidMedia
LogPluginManager: Mounting plugin AvfMedia
LogPluginManager: Mounting plugin ImgMedia
LogPluginManager: Mounting plugin MediaCompositing
LogPluginManager: Mounting plugin MediaPlayerEditor
LogPluginManager: Mounting plugin WebMMedia
LogPluginManager: Mounting plugin WmfMedia
LogPluginManager: Mounting plugin MeshPainting
LogPluginManager: Mounting plugin TcpMessaging
LogPluginManager: Mounting plugin UdpMessaging
LogPluginManager: Mounting plugin ActorSequence
LogPluginManager: Mounting plugin LevelSequenceEditor
LogPluginManager: Mounting plugin MatineeToLevelSequence
LogPluginManager: Mounting plugin MovieRenderPipeline
LogPluginManager: Mounting plugin TemplateSequence
LogPluginManager: Mounting plugin NetcodeUnitTest
LogPluginManager: Mounting plugin NUTUnrealEngine4
LogPluginManager: Mounting plugin OnlineSubsystemGooglePlay
LogPluginManager: Mounting plugin OnlineSubsystemIOS
LogPluginManager: Mounting plugin OnlineSubsystem
LogPluginManager: Mounting plugin OnlineSubsystemNull
LogPluginManager: Mounting plugin OnlineSubsystemUtils
LogPluginManager: Mounting plugin LauncherChunkInstaller
LogPluginManager: Mounting plugin AndroidDeviceProfileSelector
LogPluginManager: Mounting plugin AndroidMoviePlayer
LogPluginManager: Mounting plugin AndroidPermission
LogPluginManager: Mounting plugin AppleImageUtils
LogPluginManager: Mounting plugin AppleMoviePlayer
LogPluginManager: Mounting plugin ArchVisCharacter
LogPluginManager: Mounting plugin AssetTags
LogPluginManager: Mounting plugin AudioCapture
LogPluginManager: Mounting plugin CableComponent
LogPluginManager: Mounting plugin CustomMeshComponent
LogPluginManager: Mounting plugin EditableMesh
LogPluginManager: Mounting plugin ExampleDeviceProfileSelector
LogPluginManager: Mounting plugin GoogleCloudMessaging
LogPluginManager: Mounting plugin GooglePAD
LogPluginManager: Mounting plugin IOSDeviceProfileSelector
LogPluginManager: Mounting plugin LinuxDeviceProfileSelector
LogPluginManager: Mounting plugin LocationServicesBPLibrary
LogPluginManager: Mounting plugin MobilePatchingUtils
LogPluginManager: Mounting plugin OculusVR
LogPluginManager: Mounting plugin PhysXVehicles
LogPluginManager: Mounting plugin PostSplashScreen
LogPluginManager: Mounting plugin ProceduralMeshComponent
LogPluginManager: Mounting plugin RuntimePhysXCooking
LogPluginManager: Mounting plugin SignificanceManager
LogPluginManager: Mounting plugin SoundFields
LogPluginManager: Mounting plugin SteamVR
LogPluginManager: Mounting plugin Synthesis
LogPluginManager: Mounting plugin WebMMoviePlayer
LogPluginManager: Mounting plugin WindowsMoviePlayer
LogPluginManager: Mounting plugin ScreenshotTools
LogInit: Using libcurl 7.55.1-DEV
LogInit:  - built for x86_64-pc-win32
LogInit:  - supports SSL with OpenSSL/1.1.1
LogInit:  - supports HTTP deflate (compression) using libz 1.2.8
LogInit:  - other features:
LogInit:      CURL_VERSION_SSL
LogInit:      CURL_VERSION_LIBZ
LogInit:      CURL_VERSION_IPV6
LogInit:      CURL_VERSION_ASYNCHDNS
LogInit:      CURL_VERSION_LARGEFILE
LogInit:      CURL_VERSION_IDN
LogInit:  CurlRequestOptions (configurable via config and command line):
LogInit:  - bVerifyPeer = true  - Libcurl will verify peer certificate
LogInit:  - bUseHttpProxy = false  - Libcurl will NOT use HTTP proxy
LogInit:  - bDontReuseConnections = false  - Libcurl will reuse connections
LogInit:  - MaxHostConnections = 16  - Libcurl will limit the number of connections to a host
LogInit:  - LocalHostAddr = Default
LogInit:  - BufferSize = 65536
LogOnline: OSS: Creating online subsystem instance for: NULL
LogInit: WinSock: version 1.1 (2.2), MaxSocks=32767, MaxUdp=65467
LogOnline: OSS: TryLoadSubsystemAndSetDefault: Loaded subsystem for module [NULL]
LogInit: Build: ++UE4+Release-4.25-CL-14469661
LogInit: Engine Version: 4.25.4-14469661+++UE4+Release-4.25
LogInit: Compatible Engine Version: 4.25.0-13144385+++UE4+Release-4.25
LogInit: Net CL: 13144385
LogInit: OS: Windows 10 (Release 2009) (), CPU: AMD Ryzen 9 3900X 12-Core Processor            , GPU: NVIDIA GeForce GTX 1060 6GB
LogInit: Compiled (64-bit): Oct 11 2020 08:10:49
LogInit: Compiled with Visual C++: 19.24.28315.00
LogInit: Build Configuration: Development
LogInit: Branch Name: ++UE4+Release-4.25
LogInit: Command Line: -log -game
LogInit: Base Directory: E:/UNREAL ENGINE/UE_4.25/Engine/Binaries/Win64/
LogInit: Allocator: TBB
LogInit: Installed Engine Build: 1
LogDevObjectVersion: Number of dev versions registered: 26
LogDevObjectVersion:   Dev-Blueprints (B0D832E4-1F89-4F0D-ACCF-7EB736FD4AA2): 10
LogDevObjectVersion:   Dev-Build (E1C64328-A22C-4D53-A36C-8E866417BD8C): 0
LogDevObjectVersion:   Dev-Core (375EC13C-06E4-48FB-B500-84F0262A717E): 4
LogDevObjectVersion:   Dev-Editor (E4B068ED-F494-42E9-A231-DA0B2E46BB41): 38
LogDevObjectVersion:   Dev-Framework (CFFC743F-43B0-4480-9391-14DF171D2073): 37
LogDevObjectVersion:   Dev-Mobile (B02B49B5-BB20-44E9-A304-32B752E40360): 2
LogDevObjectVersion:   Dev-Networking (A4E4105C-59A1-49B5-A7C5-40C4547EDFEE): 0
LogDevObjectVersion:   Dev-Online (39C831C9-5AE6-47DC-9A44-9C173E1C8E7C): 0
LogDevObjectVersion:   Dev-Physics (78F01B33-EBEA-4F98-B9B4-84EACCB95AA2): 4
LogDevObjectVersion:   Dev-Platform (6631380F-2D4D-43E0-8009-CF276956A95A): 0
LogDevObjectVersion:   Dev-Rendering (12F88B9F-8875-4AFC-A67C-D90C383ABD29): 43
LogDevObjectVersion:   Dev-Sequencer (7B5AE74C-D270-4C10-A958-57980B212A5A): 12
LogDevObjectVersion:   Dev-VR (D7296918-1DD6-4BDD-9DE2-64A83CC13884): 3
LogDevObjectVersion:   Dev-LoadTimes (C2A15278-BFE7-4AFE-6C17-90FF531DF755): 1
LogDevObjectVersion:   Private-Geometry (6EACA3D4-40EC-4CC1-B786-8BED09428FC5): 3
LogDevObjectVersion:   Dev-AnimPhys (29E575DD-E0A3-4627-9D10-D276232CDCEA): 17
LogDevObjectVersion:   Dev-Anim (AF43A65D-7FD3-4947-9873-3E8ED9C1BB05): 7
LogDevObjectVersion:   Dev-ReflectionCapture (6B266CEC-1EC7-4B8F-A30B-E4D90942FC07): 1
LogDevObjectVersion:   Dev-Automation (0DF73D61-A23F-47EA-B727-89E90C41499A): 1
LogDevObjectVersion:   FortniteMain (601D1886-AC64-4F84-AA16-D3DE0DEAC7D6): 31
LogDevObjectVersion:   Dev-Enterprise (9DFFBCD6-494F-0158-E221-12823C92A888): 10
LogDevObjectVersion:   Dev-Niagara (F2AED0AC-9AFE-416F-8664-AA7FFA26D6FC): 1
LogDevObjectVersion:   Dev-Destruction (174F1F0B-B4C6-45A5-B13F-2EE8D0FB917D): 10
LogDevObjectVersion:   Dev-Physics-Ext (35F94A83-E258-406C-A318-09F59610247C): 37
LogDevObjectVersion:   Dev-PhysicsMaterial-Chaos (B68FC16E-8B1B-42E2-B453-215C058844FE): 1
LogDevObjectVersion:   Dev-CineCamera (B2E18506-4273-CFC2-A54E-F4BB758BBA07): 1
LogInit: Presizing for max 25165824 objects, including 0 objects not considered by GC, pre-allocating 0 bytes for permanent pool.
LogConfig: Applying CVar settings from Section [/Script/Engine.StreamingSettings] File [C:/Users/aveng/Documents/GitHub/GamesAssignment2-SecondYear/Games Assignment Two/GamesAssignmentTwo/Saved/Config/Windows/Engine.ini]
LogConfig: Setting CVar [[s.MinBulkDataSizeForAsyncLoading:131072]]
LogConfig: Setting CVar [[s.AsyncLoadingThreadEnabled:0]]
LogConfig: Setting CVar [[s.EventDrivenLoaderEnabled:1]]
LogConfig: Setting CVar [[s.WarnIfTimeLimitExceeded:0]]
LogConfig: Setting CVar [[s.TimeLimitExceededMultiplier:1.5]]
LogConfig: Setting CVar [[s.TimeLimitExceededMinTime:0.005]]
LogConfig: Setting CVar [[s.UseBackgroundLevelStreaming:1]]
LogConfig: Setting CVar [[s.PriorityAsyncLoadingExtraTime:15.0]]
LogConfig: Setting CVar [[s.LevelStreamingActorsUpdateTimeLimit:5.0]]
LogConfig: Setting CVar [[s.PriorityLevelStreamingActorsUpdateExtraTime:5.0]]
LogConfig: Setting CVar [[s.LevelStreamingComponentsRegistrationGranularity:10]]
LogConfig: Setting CVar [[s.UnregisterComponentsTimeLimit:1.0]]
LogConfig: Setting CVar [[s.LevelStreamingComponentsUnregistrationGranularity:5]]
LogConfig: Setting CVar [[s.FlushStreamingOnExit:1]]
LogInit: Object subsystem initialized
LogConfig: Setting CVar [[con.DebugEarlyDefault:1]]
LogConfig: Setting CVar [[r.setres:1280x720]]
[2021.04.14-07.58.40:387][  0]LogConfig: Setting CVar [[con.DebugEarlyDefault:1]]
[2021.04.14-07.58.40:388][  0]LogConfig: Setting CVar [[r.setres:1280x720]]
[2021.04.14-07.58.40:388][  0]LogConfig: Applying CVar settings from Section [/Script/Engine.RendererSettings] File [C:/Users/aveng/Documents/GitHub/GamesAssignment2-SecondYear/Games Assignment Two/GamesAssignmentTwo/Saved/Config/Windows/Engine.ini]
[2021.04.14-07.58.40:388][  0]LogConfig: Setting CVar [[r.GPUCrashDebugging:0]]
[2021.04.14-07.58.40:389][  0]LogConfig: Applying CVar settings from Section [/Script/Engine.RendererOverrideSettings] File [C:/Users/aveng/Documents/GitHub/GamesAssignment2-SecondYear/Games Assignment Two/GamesAssignmentTwo/Saved/Config/Windows/Engine.ini]
[2021.04.14-07.58.40:389][  0]LogConfig: Applying CVar settings from Section [/Script/Engine.StreamingSettings] File [C:/Users/aveng/Documents/GitHub/GamesAssignment2-SecondYear/Games Assignment Two/GamesAssignmentTwo/Saved/Config/Windows/Engine.ini]
[2021.04.14-07.58.40:389][  0]LogConfig: Setting CVar [[s.MinBulkDataSizeForAsyncLoading:131072]]
[2021.04.14-07.58.40:390][  0]LogConfig: Setting CVar [[s.AsyncLoadingThreadEnabled:0]]
[2021.04.14-07.58.40:390][  0]LogConfig: Setting CVar [[s.EventDrivenLoaderEnabled:1]]
[2021.04.14-07.58.40:390][  0]LogConfig: Setting CVar [[s.WarnIfTimeLimitExceeded:0]]
[2021.04.14-07.58.40:391][  0]LogConfig: Setting CVar [[s.TimeLimitExceededMultiplier:1.5]]
[2021.04.14-07.58.40:391][  0]LogConfig: Setting CVar [[s.TimeLimitExceededMinTime:0.005]]
[2021.04.14-07.58.40:391][  0]LogConfig: Setting CVar [[s.UseBackgroundLevelStreaming:1]]
[2021.04.14-07.58.40:392][  0]LogConfig: Setting CVar [[s.PriorityAsyncLoadingExtraTime:15.0]]
[2021.04.14-07.58.40:392][  0]LogConfig: Setting CVar [[s.LevelStreamingActorsUpdateTimeLimit:5.0]]
[2021.04.14-07.58.40:392][  0]LogConfig: Setting CVar [[s.PriorityLevelStreamingActorsUpdateExtraTime:5.0]]
[2021.04.14-07.58.40:393][  0]LogConfig: Setting CVar [[s.LevelStreamingComponentsRegistrationGranularity:10]]
[2021.04.14-07.58.40:393][  0]LogConfig: Setting CVar [[s.UnregisterComponentsTimeLimit:1.0]]
[2021.04.14-07.58.40:393][  0]LogConfig: Setting CVar [[s.LevelStreamingComponentsUnregistrationGranularity:5]]
[2021.04.14-07.58.40:394][  0]LogConfig: Setting CVar [[s.FlushStreamingOnExit:1]]
[2021.04.14-07.58.40:396][  0]LogConfig: Applying CVar settings from Section [/Script/Engine.GarbageCollectionSettings] File [C:/Users/aveng/Documents/GitHub/GamesAssignment2-SecondYear/Games Assignment Two/GamesAssignmentTwo/Saved/Config/Windows/Engine.ini]
[2021.04.14-07.58.40:396][  0]LogConfig: Setting CVar [[gc.MaxObjectsNotConsideredByGC:1]]
[2021.04.14-07.58.40:396][  0]LogConfig: Setting CVar [[gc.SizeOfPermanentObjectPool:0]]
[2021.04.14-07.58.40:397][  0]LogConfig: Setting CVar [[gc.FlushStreamingOnGC:0]]
[2021.04.14-07.58.40:397][  0]LogConfig: Setting CVar [[gc.NumRetriesBeforeForcingGC:10]]
[2021.04.14-07.58.40:397][  0]LogConfig: Setting CVar [[gc.AllowParallelGC:1]]
[2021.04.14-07.58.40:398][  0]LogConfig: Setting CVar [[gc.TimeBetweenPurgingPendingKillObjects:61.1]]
[2021.04.14-07.58.40:398][  0]LogConfig: Setting CVar [[gc.MaxObjectsInEditor:25165824]]
[2021.04.14-07.58.40:398][  0]LogConfig: Setting CVar [[gc.IncrementalBeginDestroyEnabled:1]]
[2021.04.14-07.58.40:399][  0]LogConfig: Setting CVar [[gc.CreateGCClusters:1]]
[2021.04.14-07.58.40:399][  0]LogConfig: Setting CVar [[gc.MinGCClusterSize:5]]
[2021.04.14-07.58.40:399][  0]LogConfig: Setting CVar [[gc.ActorClusteringEnabled:0]]
[2021.04.14-07.58.40:400][  0]LogConfig: Setting CVar [[gc.BlueprintClusteringEnabled:0]]
[2021.04.14-07.58.40:401][  0]LogConfig: Setting CVar [[gc.UseDisregardForGCOnDedicatedServers:0]]
[2021.04.14-07.58.40:401][  0]LogConfig: Applying CVar settings from Section [/Script/Engine.NetworkSettings] File [C:/Users/aveng/Documents/GitHub/GamesAssignment2-SecondYear/Games Assignment Two/GamesAssignmentTwo/Saved/Config/Windows/Engine.ini]
[2021.04.14-07.58.40:401][  0]LogConfig: Applying CVar settings from Section [/Script/UnrealEd.CookerSettings] File [C:/Users/aveng/Documents/GitHub/GamesAssignment2-SecondYear/Games Assignment Two/GamesAssignmentTwo/Saved/Config/Windows/Engine.ini]
[2021.04.14-07.58.40:405][  0]LogConfig: Applying CVar settings from Section [ViewDistanceQuality@3] File [C:/Users/aveng/Documents/GitHub/GamesAssignment2-SecondYear/Games Assignment Two/GamesAssignmentTwo/Saved/Config/Windows/Scalability.ini]
[2021.04.14-07.58.40:406][  0]LogConfig: Setting CVar [[r.SkeletalMeshLODBias:0]]
[2021.04.14-07.58.40:406][  0]LogConfig: Setting CVar [[r.ViewDistanceScale:1.0]]
[2021.04.14-07.58.40:407][  0]LogConfig: Applying CVar settings from Section [AntiAliasingQuality@3] File [C:/Users/aveng/Documents/GitHub/GamesAssignment2-SecondYear/Games Assignment Two/GamesAssignmentTwo/Saved/Config/Windows/Scalability.ini]
[2021.04.14-07.58.40:407][  0]LogConfig: Setting CVar [[r.PostProcessAAQuality:4]]
[2021.04.14-07.58.40:407][  0]LogConfig: Applying CVar settings from Section [ShadowQuality@3] File [C:/Users/aveng/Documents/GitHub/GamesAssignment2-SecondYear/Games Assignment Two/GamesAssignmentTwo/Saved/Config/Windows/Scalability.ini]
[2021.04.14-07.58.40:408][  0]LogConfig: Setting CVar [[r.LightFunctionQuality:1]]
[2021.04.14-07.58.40:408][  0]LogConfig: Setting CVar [[r.ShadowQuality:5]]
[2021.04.14-07.58.40:408][  0]LogConfig: Setting CVar [[r.Shadow.CSM.MaxCascades:10]]
[2021.04.14-07.58.40:409][  0]LogConfig: Setting CVar [[r.Shadow.MaxResolution:2048]]
[2021.04.14-07.58.40:409][  0]LogConfig: Setting CVar [[r.Shadow.MaxCSMResolution:2048]]
[2021.04.14-07.58.40:409][  0]LogConfig: Setting CVar [[r.Shadow.RadiusThreshold:0.01]]
[2021.04.14-07.58.40:410][  0]LogConfig: Setting CVar [[r.Shadow.DistanceScale:1.0]]
[2021.04.14-07.58.40:410][  0]LogConfig: Setting CVar [[r.Shadow.CSM.TransitionScale:1.0]]
[2021.04.14-07.58.40:410][  0]LogConfig: Setting CVar [[r.Shadow.PreShadowResolutionFactor:1.0]]
[2021.04.14-07.58.40:411][  0]LogConfig: Setting CVar [[r.DistanceFieldShadowing:1]]
[2021.04.14-07.58.40:411][  0]LogConfig: Setting CVar [[r.DistanceFieldAO:1]]
[2021.04.14-07.58.40:411][  0]LogConfig: Setting CVar [[r.AOQuality:2]]
[2021.04.14-07.58.40:412][  0]LogConfig: Setting CVar [[r.VolumetricFog:1]]
[2021.04.14-07.58.40:412][  0]LogConfig: Setting CVar [[r.VolumetricFog.GridPixelSize:8]]
[2021.04.14-07.58.40:412][  0]LogConfig: Setting CVar [[r.VolumetricFog.GridSizeZ:128]]
[2021.04.14-07.58.40:413][  0]LogConfig: Setting CVar [[r.VolumetricFog.HistoryMissSupersampleCount:4]]
[2021.04.14-07.58.40:413][  0]LogConfig: Setting CVar [[r.LightMaxDrawDistanceScale:1]]
[2021.04.14-07.58.40:413][  0]LogConfig: Setting CVar [[r.CapsuleShadows:1]]
[2021.04.14-07.58.40:414][  0]LogConfig: Applying CVar settings from Section [PostProcessQuality@3] File [C:/Users/aveng/Documents/GitHub/GamesAssignment2-SecondYear/Games Assignment Two/GamesAssignmentTwo/Saved/Config/Windows/Scalability.ini]
[2021.04.14-07.58.40:414][  0]LogConfig: Setting CVar [[r.MotionBlurQuality:4]]
[2021.04.14-07.58.40:414][  0]LogConfig: Setting CVar [[r.AmbientOcclusionMipLevelFactor:0.4]]
[2021.04.14-07.58.40:415][  0]LogConfig: Setting CVar [[r.AmbientOcclusionMaxQuality:100]]
[2021.04.14-07.58.40:418][  0]LogConfig: Setting CVar [[r.AmbientOcclusionLevels:-1]]
[2021.04.14-07.58.40:418][  0]LogConfig: Setting CVar [[r.AmbientOcclusionRadiusScale:1.0]]
[2021.04.14-07.58.40:418][  0]LogConfig: Setting CVar [[r.DepthOfFieldQuality:2]]
[2021.04.14-07.58.40:419][  0]LogConfig: Setting CVar [[r.RenderTargetPoolMin:400]]
[2021.04.14-07.58.40:419][  0]LogConfig: Setting CVar [[r.LensFlareQuality:2]]
[2021.04.14-07.58.40:420][  0]LogConfig: Setting CVar [[r.SceneColorFringeQuality:1]]
[2021.04.14-07.58.40:420][  0]LogConfig: Setting CVar [[r.EyeAdaptationQuality:2]]
[2021.04.14-07.58.40:420][  0]LogConfig: Setting CVar [[r.BloomQuality:5]]
[2021.04.14-07.58.40:421][  0]LogConfig: Setting CVar [[r.FastBlurThreshold:100]]
[2021.04.14-07.58.40:421][  0]LogConfig: Setting CVar [[r.Upscale.Quality:3]]
[2021.04.14-07.58.40:421][  0]LogConfig: Setting CVar [[r.Tonemapper.GrainQuantization:1]]
[2021.04.14-07.58.40:422][  0]LogConfig: Setting CVar [[r.LightShaftQuality:1]]
[2021.04.14-07.58.40:422][  0]LogConfig: Setting CVar [[r.Filter.SizeScale:1]]
[2021.04.14-07.58.40:422][  0]LogConfig: Setting CVar [[r.Tonemapper.Quality:5]]
[2021.04.14-07.58.40:423][  0]LogConfig: Setting CVar [[r.DOF.Gather.AccumulatorQuality:1        ; higher gathering accumulator quality]]
[2021.04.14-07.58.40:423][  0]LogConfig: Setting CVar [[r.DOF.Gather.PostfilterMethod:1          ; Median3x3 postfilering method]]
[2021.04.14-07.58.40:423][  0]LogConfig: Setting CVar [[r.DOF.Gather.EnableBokehSettings:0       ; no bokeh simulation when gathering]]
[2021.04.14-07.58.40:424][  0]LogConfig: Setting CVar [[r.DOF.Gather.RingCount:4                 ; medium number of samples when gathering]]
[2021.04.14-07.58.40:424][  0]LogConfig: Setting CVar [[r.DOF.Scatter.ForegroundCompositing:1    ; additive foreground scattering]]
[2021.04.14-07.58.40:424][  0]LogConfig: Setting CVar [[r.DOF.Scatter.BackgroundCompositing:2    ; additive background scattering]]
[2021.04.14-07.58.40:425][  0]LogConfig: Setting CVar [[r.DOF.Scatter.EnableBokehSettings:1      ; bokeh simulation when scattering]]
[2021.04.14-07.58.40:425][  0]LogConfig: Setting CVar [[r.DOF.Scatter.MaxSpriteRatio:0.1         ; only a maximum of 10% of scattered bokeh]]
[2021.04.14-07.58.40:425][  0]LogConfig: Setting CVar [[r.DOF.Recombine.Quality:1                ; cheap slight out of focus]]
[2021.04.14-07.58.40:426][  0]LogConfig: Setting CVar [[r.DOF.Recombine.EnableBokehSettings:0    ; no bokeh simulation on slight out of focus]]
[2021.04.14-07.58.40:428][  0]LogConfig: Setting CVar [[r.DOF.TemporalAAQuality:1                ; more stable temporal accumulation]]
[2021.04.14-07.58.40:428][  0]LogConfig: Setting CVar [[r.DOF.Kernel.MaxForegroundRadius:0.025]]
[2021.04.14-07.58.40:429][  0]LogConfig: Setting CVar [[r.DOF.Kernel.MaxBackgroundRadius:0.025]]
[2021.04.14-07.58.40:429][  0]LogConfig: Applying CVar settings from Section [TextureQuality@3] File [C:/Users/aveng/Documents/GitHub/GamesAssignment2-SecondYear/Games Assignment Two/GamesAssignmentTwo/Saved/Config/Windows/Scalability.ini]
[2021.04.14-07.58.40:429][  0]LogConfig: Setting CVar [[r.Streaming.MipBias:0]]
[2021.04.14-07.58.40:430][  0]LogConfig: Setting CVar [[r.Streaming.AmortizeCPUToGPUCopy:0]]
[2021.04.14-07.58.40:430][  0]LogConfig: Setting CVar [[r.Streaming.MaxNumTexturesToStreamPerFrame:0]]
[2021.04.14-07.58.40:430][  0]LogConfig: Setting CVar [[r.Streaming.Boost:1]]
[2021.04.14-07.58.40:431][  0]LogConfig: Setting CVar [[r.MaxAnisotropy:8]]
[2021.04.14-07.58.40:432][  0]LogConfig: Setting CVar [[r.VT.MaxAnisotropy:8]]
[2021.04.14-07.58.40:432][  0]LogConfig: Setting CVar [[r.Streaming.LimitPoolSizeToVRAM:0]]
[2021.04.14-07.58.40:433][  0]LogConfig: Setting CVar [[r.Streaming.PoolSize:1000]]
[2021.04.14-07.58.40:433][  0]LogConfig: Setting CVar [[r.Streaming.MaxEffectiveScreenSize:0]]
[2021.04.14-07.58.40:433][  0]LogConfig: Applying CVar settings from Section [EffectsQuality@3] File [C:/Users/aveng/Documents/GitHub/GamesAssignment2-SecondYear/Games Assignment Two/GamesAssignmentTwo/Saved/Config/Windows/Scalability.ini]
[2021.04.14-07.58.40:434][  0]LogConfig: Setting CVar [[r.TranslucencyLightingVolumeDim:64]]
[2021.04.14-07.58.40:435][  0]LogConfig: Setting CVar [[r.RefractionQuality:2]]
[2021.04.14-07.58.40:435][  0]LogConfig: Setting CVar [[r.SSR.Quality:3]]
[2021.04.14-07.58.40:435][  0]LogConfig: Setting CVar [[r.SSR.HalfResSceneColor:0]]
[2021.04.14-07.58.40:436][  0]LogConfig: Setting CVar [[r.SceneColorFormat:4]]
[2021.04.14-07.58.40:438][  0]LogConfig: Setting CVar [[r.DetailMode:2]]
[2021.04.14-07.58.40:438][  0]LogConfig: Setting CVar [[r.TranslucencyVolumeBlur:1]]
[2021.04.14-07.58.40:438][  0]LogConfig: Setting CVar [[r.MaterialQualityLevel:1 ; High quality]]
[2021.04.14-07.58.40:439][  0]LogConfig: Setting CVar [[r.SSS.Scale:1]]
[2021.04.14-07.58.40:439][  0]LogConfig: Setting CVar [[r.SSS.SampleSet:2]]
[2021.04.14-07.58.40:439][  0]LogConfig: Setting CVar [[r.SSS.Quality:1]]
[2021.04.14-07.58.40:439][  0]LogConfig: Setting CVar [[r.SSS.HalfRes:0]]
[2021.04.14-07.58.40:440][  0]LogConfig: Setting CVar [[r.SSGI.Quality:3]]
[2021.04.14-07.58.40:440][  0]LogConfig: Setting CVar [[r.EmitterSpawnRateScale:1.0]]
[2021.04.14-07.58.40:440][  0]LogConfig: Setting CVar [[r.ParticleLightQuality:2]]
[2021.04.14-07.58.40:441][  0]LogConfig: Setting CVar [[r.SkyAtmosphere.AerialPerspectiveLUT.FastApplyOnOpaque:1 ; Always have FastSkyLUT 1 in this case to avoid wrong sky]]
[2021.04.14-07.58.40:441][  0]LogConfig: Setting CVar [[r.SkyAtmosphere.AerialPerspectiveLUT.SampleCountPerSlice:1]]
[2021.04.14-07.58.40:442][  0]LogConfig: Setting CVar [[r.SkyAtmosphere.AerialPerspectiveLUT.DepthResolution:16.0]]
[2021.04.14-07.58.40:442][  0]LogConfig: Setting CVar [[r.SkyAtmosphere.FastSkyLUT:1]]
[2021.04.14-07.58.40:442][  0]LogConfig: Setting CVar [[r.SkyAtmosphere.FastSkyLUT.SampleCountMin:4.0]]
[2021.04.14-07.58.40:443][  0]LogConfig: Setting CVar [[r.SkyAtmosphere.FastSkyLUT.SampleCountMax:32.0]]
[2021.04.14-07.58.40:443][  0]LogConfig: Setting CVar [[r.SkyAtmosphere.SampleCountMin:4.0]]
[2021.04.14-07.58.40:443][  0]LogConfig: Setting CVar [[r.SkyAtmosphere.SampleCountMax:32.0]]
[2021.04.14-07.58.40:444][  0]LogConfig: Setting CVar [[r.SkyAtmosphere.TransmittanceLUT.UseSmallFormat:0]]
[2021.04.14-07.58.40:444][  0]LogConfig: Setting CVar [[r.SkyAtmosphere.TransmittanceLUT.SampleCount:10.0]]
[2021.04.14-07.58.40:444][  0]LogConfig: Setting CVar [[r.SkyAtmosphere.MultiScatteringLUT.SampleCount:15.0]]
[2021.04.14-07.58.40:445][  0]LogConfig: Applying CVar settings from Section [FoliageQuality@3] File [C:/Users/aveng/Documents/GitHub/GamesAssignment2-SecondYear/Games Assignment Two/GamesAssignmentTwo/Saved/Config/Windows/Scalability.ini]
[2021.04.14-07.58.40:445][  0]LogConfig: Setting CVar [[foliage.DensityScale:1.0]]
[2021.04.14-07.58.40:445][  0]LogConfig: Setting CVar [[grass.DensityScale:1.0]]
[2021.04.14-07.58.40:445][  0]LogConfig: Applying CVar settings from Section [ShadingQuality@3] File [C:/Users/aveng/Documents/GitHub/GamesAssignment2-SecondYear/Games Assignment Two/GamesAssignmentTwo/Saved/Config/Windows/Scalability.ini]
[2021.04.14-07.58.40:446][  0]LogConfig: Setting CVar [[r.HairStrands.SkyLighting.SampleCount:16]]
[2021.04.14-07.58.40:448][  0]LogConfig: Setting CVar [[r.HairStrands.SkyLighting.JitterIntegration:0]]
[2021.04.14-07.58.40:449][  0]LogConfig: Setting CVar [[r.HairStrands.SkyAO.SampleCount:16]]
[2021.04.14-07.58.40:449][  0]LogConfig: Setting CVar [[r.HairStrands.DeepShadow.SuperSampling:0]]
[2021.04.14-07.58.40:450][  0]LogConfig: Setting CVar [[r.HairStrands.VisibilityPPLL:0]]
[2021.04.14-07.58.40:451][  0]LogConfig: Setting CVar [[r.HairStrands.RasterizationScale:0.5]]
[2021.04.14-07.58.40:451][  0]LogConfig: Setting CVar [[r.HairStrands.VelocityRasterizationScale:1]]
[2021.04.14-07.58.40:452][  0]LogInit: Selected Device Profile: [Windows]
[2021.04.14-07.58.40:452][  0]LogInit: Applying CVar settings loaded from the selected device profile: [Windows]
[2021.04.14-07.58.40:453][  0]LogHAL: Display: Platform has ~ 32 GB [34260910080 / 34359738368 / 32], which maps to Largest [LargestMinGB=32, LargerMinGB=12, DefaultMinGB=8, SmallerMinGB=6, SmallestMinGB=0)
[2021.04.14-07.58.40:453][  0]LogInit: Going up to parent DeviceProfile []
[2021.04.14-07.58.40:454][  0]LogConfig: Applying CVar settings from Section [ViewDistanceQuality@3] File [C:/Users/aveng/Documents/GitHub/GamesAssignment2-SecondYear/Games Assignment Two/GamesAssignmentTwo/Saved/Config/Windows/Scalability.ini]
[2021.04.14-07.58.40:454][  0]LogConfig: Setting CVar [[r.SkeletalMeshLODBias:0]]
[2021.04.14-07.58.40:454][  0]LogConfig: Setting CVar [[r.ViewDistanceScale:1.0]]
[2021.04.14-07.58.40:455][  0]LogConfig: Applying CVar settings from Section [AntiAliasingQuality@3] File [C:/Users/aveng/Documents/GitHub/GamesAssignment2-SecondYear/Games Assignment Two/GamesAssignmentTwo/Saved/Config/Windows/Scalability.ini]
[2021.04.14-07.58.40:455][  0]LogConfig: Setting CVar [[r.PostProcessAAQuality:4]]
[2021.04.14-07.58.40:456][  0]LogConfig: Applying CVar settings from Section [ShadowQuality@3] File [C:/Users/aveng/Documents/GitHub/GamesAssignment2-SecondYear/Games Assignment Two/GamesAssignmentTwo/Saved/Config/Windows/Scalability.ini]
[2021.04.14-07.58.40:456][  0]LogConfig: Setting CVar [[r.LightFunctionQuality:1]]
[2021.04.14-07.58.40:456][  0]LogConfig: Setting CVar [[r.ShadowQuality:5]]
[2021.04.14-07.58.40:457][  0]LogConfig: Setting CVar [[r.Shadow.CSM.MaxCascades:10]]
[2021.04.14-07.58.40:459][  0]LogConfig: Setting CVar [[r.Shadow.MaxResolution:2048]]
[2021.04.14-07.58.40:459][  0]LogConfig: Setting CVar [[r.Shadow.MaxCSMResolution:2048]]
[2021.04.14-07.58.40:460][  0]LogConfig: Setting CVar [[r.Shadow.RadiusThreshold:0.01]]
[2021.04.14-07.58.40:460][  0]LogConfig: Setting CVar [[r.Shadow.DistanceScale:1.0]]
[2021.04.14-07.58.40:461][  0]LogConfig: Setting CVar [[r.Shadow.CSM.TransitionScale:1.0]]
[2021.04.14-07.58.40:461][  0]LogConfig: Setting CVar [[r.Shadow.PreShadowResolutionFactor:1.0]]
[2021.04.14-07.58.40:462][  0]LogConfig: Setting CVar [[r.DistanceFieldShadowing:1]]
[2021.04.14-07.58.40:462][  0]LogConfig: Setting CVar [[r.DistanceFieldAO:1]]
[2021.04.14-07.58.40:462][  0]LogConfig: Setting CVar [[r.AOQuality:2]]
[2021.04.14-07.58.40:463][  0]LogConfig: Setting CVar [[r.VolumetricFog:1]]
[2021.04.14-07.58.40:463][  0]LogConfig: Setting CVar [[r.VolumetricFog.GridPixelSize:8]]
[2021.04.14-07.58.40:463][  0]LogConfig: Setting CVar [[r.VolumetricFog.GridSizeZ:128]]
[2021.04.14-07.58.40:464][  0]LogConfig: Setting CVar [[r.VolumetricFog.HistoryMissSupersampleCount:4]]
[2021.04.14-07.58.40:464][  0]LogConfig: Setting CVar [[r.LightMaxDrawDistanceScale:1]]
[2021.04.14-07.58.40:464][  0]LogConfig: Setting CVar [[r.CapsuleShadows:1]]
[2021.04.14-07.58.40:465][  0]LogConfig: Applying CVar settings from Section [PostProcessQuality@3] File [C:/Users/aveng/Documents/GitHub/GamesAssignment2-SecondYear/Games Assignment Two/GamesAssignmentTwo/Saved/Config/Windows/Scalability.ini]
[2021.04.14-07.58.40:465][  0]LogConfig: Setting CVar [[r.MotionBlurQuality:4]]
[2021.04.14-07.58.40:465][  0]LogConfig: Setting CVar [[r.AmbientOcclusionMipLevelFactor:0.4]]
[2021.04.14-07.58.40:466][  0]LogConfig: Setting CVar [[r.AmbientOcclusionMaxQuality:100]]
[2021.04.14-07.58.40:466][  0]LogConfig: Setting CVar [[r.AmbientOcclusionLevels:-1]]
[2021.04.14-07.58.40:467][  0]LogConfig: Setting CVar [[r.AmbientOcclusionRadiusScale:1.0]]
[2021.04.14-07.58.40:467][  0]LogConfig: Setting CVar [[r.DepthOfFieldQuality:2]]
[2021.04.14-07.58.40:467][  0]LogConfig: Setting CVar [[r.RenderTargetPoolMin:400]]
[2021.04.14-07.58.40:468][  0]LogConfig: Setting CVar [[r.LensFlareQuality:2]]
[2021.04.14-07.58.40:470][  0]LogConfig: Setting CVar [[r.SceneColorFringeQuality:1]]
[2021.04.14-07.58.40:470][  0]LogConfig: Setting CVar [[r.EyeAdaptationQuality:2]]
[2021.04.14-07.58.40:470][  0]LogConfig: Setting CVar [[r.BloomQuality:5]]
[2021.04.14-07.58.40:471][  0]LogConfig: Setting CVar [[r.FastBlurThreshold:100]]
[2021.04.14-07.58.40:471][  0]LogConfig: Setting CVar [[r.Upscale.Quality:3]]
[2021.04.14-07.58.40:471][  0]LogConfig: Setting CVar [[r.Tonemapper.GrainQuantization:1]]
[2021.04.14-07.58.40:472][  0]LogConfig: Setting CVar [[r.LightShaftQuality:1]]
[2021.04.14-07.58.40:472][  0]LogConfig: Setting CVar [[r.Filter.SizeScale:1]]
[2021.04.14-07.58.40:472][  0]LogConfig: Setting CVar [[r.Tonemapper.Quality:5]]
[2021.04.14-07.58.40:473][  0]LogConfig: Setting CVar [[r.DOF.Gather.AccumulatorQuality:1        ; higher gathering accumulator quality]]
[2021.04.14-07.58.40:473][  0]LogConfig: Setting CVar [[r.DOF.Gather.PostfilterMethod:1          ; Median3x3 postfilering method]]
[2021.04.14-07.58.40:473][  0]LogConfig: Setting CVar [[r.DOF.Gather.EnableBokehSettings:0       ; no bokeh simulation when gathering]]
[2021.04.14-07.58.40:474][  0]LogConfig: Setting CVar [[r.DOF.Gather.RingCount:4                 ; medium number of samples when gathering]]
[2021.04.14-07.58.40:474][  0]LogConfig: Setting CVar [[r.DOF.Scatter.ForegroundCompositing:1    ; additive foreground scattering]]
[2021.04.14-07.58.40:474][  0]LogConfig: Setting CVar [[r.DOF.Scatter.BackgroundCompositing:2    ; additive background scattering]]
[2021.04.14-07.58.40:474][  0]LogConfig: Setting CVar [[r.DOF.Scatter.EnableBokehSettings:1      ; bokeh simulation when scattering]]
[2021.04.14-07.58.40:475][  0]LogConfig: Setting CVar [[r.DOF.Scatter.MaxSpriteRatio:0.1         ; only a maximum of 10% of scattered bokeh]]
[2021.04.14-07.58.40:475][  0]LogConfig: Setting CVar [[r.DOF.Recombine.Quality:1                ; cheap slight out of focus]]
[2021.04.14-07.58.40:475][  0]LogConfig: Setting CVar [[r.DOF.Recombine.EnableBokehSettings:0    ; no bokeh simulation on slight out of focus]]
[2021.04.14-07.58.40:476][  0]LogConfig: Setting CVar [[r.DOF.TemporalAAQuality:1                ; more stable temporal accumulation]]
[2021.04.14-07.58.40:476][  0]LogConfig: Setting CVar [[r.DOF.Kernel.MaxForegroundRadius:0.025]]
[2021.04.14-07.58.40:477][  0]LogConfig: Setting CVar [[r.DOF.Kernel.MaxBackgroundRadius:0.025]]
[2021.04.14-07.58.40:477][  0]LogConfig: Applying CVar settings from Section [TextureQuality@3] File [C:/Users/aveng/Documents/GitHub/GamesAssignment2-SecondYear/Games Assignment Two/GamesAssignmentTwo/Saved/Config/Windows/Scalability.ini]
[2021.04.14-07.58.40:477][  0]LogConfig: Setting CVar [[r.Streaming.MipBias:0]]
[2021.04.14-07.58.40:478][  0]LogConfig: Setting CVar [[r.Streaming.AmortizeCPUToGPUCopy:0]]
[2021.04.14-07.58.40:480][  0]LogConfig: Setting CVar [[r.Streaming.MaxNumTexturesToStreamPerFrame:0]]
[2021.04.14-07.58.40:480][  0]LogConfig: Setting CVar [[r.Streaming.Boost:1]]
[2021.04.14-07.58.40:481][  0]LogConfig: Setting CVar [[r.MaxAnisotropy:8]]
[2021.04.14-07.58.40:481][  0]LogConfig: Setting CVar [[r.VT.MaxAnisotropy:8]]
[2021.04.14-07.58.40:482][  0]LogConfig: Setting CVar [[r.Streaming.LimitPoolSizeToVRAM:0]]
[2021.04.14-07.58.40:482][  0]LogConfig: Setting CVar [[r.Streaming.PoolSize:1000]]
[2021.04.14-07.58.40:482][  0]LogConfig: Setting CVar [[r.Streaming.MaxEffectiveScreenSize:0]]
[2021.04.14-07.58.40:483][  0]LogConfig: Applying CVar settings from Section [EffectsQuality@3] File [C:/Users/aveng/Documents/GitHub/GamesAssignment2-SecondYear/Games Assignment Two/GamesAssignmentTwo/Saved/Config/Windows/Scalability.ini]
[2021.04.14-07.58.40:483][  0]LogConfig: Setting CVar [[r.TranslucencyLightingVolumeDim:64]]
[2021.04.14-07.58.40:483][  0]LogConfig: Setting CVar [[r.RefractionQuality:2]]
[2021.04.14-07.58.40:484][  0]LogConfig: Setting CVar [[r.SSR.Quality:3]]
[2021.04.14-07.58.40:484][  0]LogConfig: Setting CVar [[r.SSR.HalfResSceneColor:0]]
[2021.04.14-07.58.40:484][  0]LogConfig: Setting CVar [[r.SceneColorFormat:4]]
[2021.04.14-07.58.40:485][  0]LogConfig: Setting CVar [[r.DetailMode:2]]
[2021.04.14-07.58.40:485][  0]LogConfig: Setting CVar [[r.TranslucencyVolumeBlur:1]]
[2021.04.14-07.58.40:485][  0]LogConfig: Setting CVar [[r.MaterialQualityLevel:1 ; High quality]]
[2021.04.14-07.58.40:486][  0]LogConfig: Setting CVar [[r.SSS.Scale:1]]
[2021.04.14-07.58.40:486][  0]LogConfig: Setting CVar [[r.SSS.SampleSet:2]]
[2021.04.14-07.58.40:486][  0]LogConfig: Setting CVar [[r.SSS.Quality:1]]
[2021.04.14-07.58.40:487][  0]LogConfig: Setting CVar [[r.SSS.HalfRes:0]]
[2021.04.14-07.58.40:487][  0]LogConfig: Setting CVar [[r.SSGI.Quality:3]]
[2021.04.14-07.58.40:487][  0]LogConfig: Setting CVar [[r.EmitterSpawnRateScale:1.0]]
[2021.04.14-07.58.40:488][  0]LogConfig: Setting CVar [[r.ParticleLightQuality:2]]
[2021.04.14-07.58.40:488][  0]LogConfig: Setting CVar [[r.SkyAtmosphere.AerialPerspectiveLUT.FastApplyOnOpaque:1 ; Always have FastSkyLUT 1 in this case to avoid wrong sky]]
[2021.04.14-07.58.40:489][  0]LogConfig: Setting CVar [[r.SkyAtmosphere.AerialPerspectiveLUT.SampleCountPerSlice:1]]
[2021.04.14-07.58.40:491][  0]LogConfig: Setting CVar [[r.SkyAtmosphere.AerialPerspectiveLUT.DepthResolution:16.0]]
[2021.04.14-07.58.40:491][  0]LogConfig: Setting CVar [[r.SkyAtmosphere.FastSkyLUT:1]]
[2021.04.14-07.58.40:491][  0]LogConfig: Setting CVar [[r.SkyAtmosphere.FastSkyLUT.SampleCountMin:4.0]]
[2021.04.14-07.58.40:492][  0]LogConfig: Setting CVar [[r.SkyAtmosphere.FastSkyLUT.SampleCountMax:32.0]]
[2021.04.14-07.58.40:492][  0]LogConfig: Setting CVar [[r.SkyAtmosphere.SampleCountMin:4.0]]
[2021.04.14-07.58.40:492][  0]LogConfig: Setting CVar [[r.SkyAtmosphere.SampleCountMax:32.0]]
[2021.04.14-07.58.40:493][  0]LogConfig: Setting CVar [[r.SkyAtmosphere.TransmittanceLUT.UseSmallFormat:0]]
[2021.04.14-07.58.40:493][  0]LogConfig: Setting CVar [[r.SkyAtmosphere.TransmittanceLUT.SampleCount:10.0]]
[2021.04.14-07.58.40:493][  0]LogConfig: Setting CVar [[r.SkyAtmosphere.MultiScatteringLUT.SampleCount:15.0]]
[2021.04.14-07.58.40:494][  0]LogConfig: Applying CVar settings from Section [FoliageQuality@3] File [C:/Users/aveng/Documents/GitHub/GamesAssignment2-SecondYear/Games Assignment Two/GamesAssignmentTwo/Saved/Config/Windows/Scalability.ini]
[2021.04.14-07.58.40:494][  0]LogConfig: Setting CVar [[foliage.DensityScale:1.0]]
[2021.04.14-07.58.40:495][  0]LogConfig: Setting CVar [[grass.DensityScale:1.0]]
[2021.04.14-07.58.40:495][  0]LogConfig: Applying CVar settings from Section [ShadingQuality@3] File [C:/Users/aveng/Documents/GitHub/GamesAssignment2-SecondYear/Games Assignment Two/GamesAssignmentTwo/Saved/Config/Windows/Scalability.ini]
[2021.04.14-07.58.40:495][  0]LogConfig: Setting CVar [[r.HairStrands.SkyLighting.SampleCount:16]]
[2021.04.14-07.58.40:496][  0]LogConfig: Setting CVar [[r.HairStrands.SkyLighting.JitterIntegration:0]]
[2021.04.14-07.58.40:496][  0]LogConfig: Setting CVar [[r.HairStrands.SkyAO.SampleCount:16]]
[2021.04.14-07.58.40:496][  0]LogConfig: Setting CVar [[r.HairStrands.DeepShadow.SuperSampling:0]]
[2021.04.14-07.58.40:497][  0]LogConfig: Setting CVar [[r.HairStrands.VisibilityPPLL:0]]
[2021.04.14-07.58.40:497][  0]LogConfig: Setting CVar [[r.HairStrands.RasterizationScale:0.5]]
[2021.04.14-07.58.40:498][  0]LogConfig: Setting CVar [[r.HairStrands.VelocityRasterizationScale:1]]
[2021.04.14-07.58.40:498][  0]LogConfig: Applying CVar settings from Section [Startup] File [../../../Engine/Config/ConsoleVariables.ini]
[2021.04.14-07.58.40:499][  0]LogConfig: Setting CVar [[net.UseAdaptiveNetUpdateFrequency:0]]
[2021.04.14-07.58.40:499][  0]LogConfig: Setting CVar [[p.chaos.AllowCreatePhysxBodies:1]]
[2021.04.14-07.58.40:501][  0]LogConfig: Setting CVar [[fx.SkipVectorVMBackendOptimizations:1]]
[2021.04.14-07.58.40:501][  0]LogConfig: Applying CVar settings from Section [ConsoleVariables] File [C:/Users/aveng/Documents/GitHub/GamesAssignment2-SecondYear/Games Assignment Two/GamesAssignmentTwo/Saved/Config/Windows/Engine.ini]
[2021.04.14-07.58.40:502][  0]LogInit: Computer: PROGRAMMING-PC
[2021.04.14-07.58.40:502][  0]LogInit: User: aveng
[2021.04.14-07.58.40:502][  0]LogInit: CPU Page size=4096, Cores=12
[2021.04.14-07.58.40:502][  0]LogInit: High frequency timer resolution =10.000000 MHz
[2021.04.14-07.58.40:503][  0]LogMemory: Memory total: Physical=31.9GB (32GB approx)
[2021.04.14-07.58.40:503][  0]LogMemory: Platform Memory Stats for Windows
[2021.04.14-07.58.40:503][  0]LogMemory: Process Physical Memory: 120.46 MB used, 120.46 MB peak
[2021.04.14-07.58.40:504][  0]LogMemory: Process Virtual Memory: 110.89 MB used, 110.89 MB peak
[2021.04.14-07.58.40:504][  0]LogMemory: Physical Memory: 26863.51 MB used,  5810.24 MB free, 32673.75 MB total
[2021.04.14-07.58.40:504][  0]LogMemory: Virtual Memory: 5220.85 MB used,  134212504.00 MB free, 134217728.00 MB total
[2021.04.14-07.58.40:508][  0]LogWindows: WindowsPlatformFeatures enabled
[2021.04.14-07.58.40:545][  0]LogInit: Physics initialised using underlying interface: PhysX
[2021.04.14-07.58.40:546][  0]LogInit: Using OS detected language (en-GB).
[2021.04.14-07.58.40:547][  0]LogInit: Using OS detected locale (en-GB).
[2021.04.14-07.58.40:548][  0]LogTextLocalizationManager: No specific localization for 'en-GB' exists, so the 'en' localization will be used.
[2021.04.14-07.58.40:730][  0]LogSlate: New Slate User Created.  User Index 0, Is Virtual User: 0
[2021.04.14-07.58.40:731][  0]LogSlate: Slate User Registered.  User Index 0, Is Virtual User: 0
[2021.04.14-07.58.40:743][  0]LogHMD: Failed to initialize OpenVR with code 110
[2021.04.14-07.58.40:743][  0]LogD3D11RHI: D3D11 min allowed feature level: 11_0
[2021.04.14-07.58.40:743][  0]LogD3D11RHI: D3D11 max allowed feature level: 11_0
[2021.04.14-07.58.40:744][  0]LogD3D11RHI: D3D11 adapters:
[2021.04.14-07.58.40:846][  0]LogD3D11RHI:    0. 'NVIDIA GeForce GTX 1060 6GB' (Feature Level 11_0)
[2021.04.14-07.58.40:846][  0]LogD3D11RHI:       6052/0/16336 MB DedicatedVideo/DedicatedSystem/SharedSystem, Outputs:2, VendorId:0x10de
[2021.04.14-07.58.40:850][  0]LogD3D11RHI:    1. 'Microsoft Basic Render Driver' (Feature Level 11_0)
[2021.04.14-07.58.40:850][  0]LogD3D11RHI:       0/0/16336 MB DedicatedVideo/DedicatedSystem/SharedSystem, Outputs:0, VendorId:0x1414
[2021.04.14-07.58.40:851][  0]LogD3D11RHI: Chosen D3D11 Adapter: 0
[2021.04.14-07.58.40:865][  0]LogD3D11RHI: Creating new Direct3DDevice
[2021.04.14-07.58.40:866][  0]LogD3D11RHI:     GPU DeviceId: 0x1c03 (for the marketing name, search the web for "GPU Device Id")
[2021.04.14-07.58.40:866][  0]LogWindows: EnumDisplayDevices:
[2021.04.14-07.58.40:867][  0]LogWindows:    0. 'NVIDIA GeForce GTX 1060 6GB' (P:1 D:1)
[2021.04.14-07.58.40:868][  0]LogWindows:    1. 'NVIDIA GeForce GTX 1060 6GB' (P:0 D:1)
[2021.04.14-07.58.40:869][  0]LogWindows:    2. 'NVIDIA GeForce GTX 1060 6GB' (P:0 D:0)
[2021.04.14-07.58.40:869][  0]LogWindows:    3. 'NVIDIA GeForce GTX 1060 6GB' (P:0 D:0)
[2021.04.14-07.58.40:870][  0]LogWindows: DebugString: FoundDriverCount:4 
[2021.04.14-07.58.40:870][  0]LogD3D11RHI:     Adapter Name: NVIDIA GeForce GTX 1060 6GB
[2021.04.14-07.58.40:870][  0]LogD3D11RHI:   Driver Version: 461.92 (internal:27.21.14.6192, unified:461.92)
[2021.04.14-07.58.40:870][  0]LogD3D11RHI:      Driver Date: 3-11-2021
[2021.04.14-07.58.40:871][  0]LogRHI: Texture pool is 4236 MB (70% of 6052 MB)
[2021.04.14-07.58.40:950][  0]LogD3D11RHI: RHI has support for 64 bit atomics
[2021.04.14-07.58.40:950][  0]LogD3D11RHI: Async texture creation enabled
[2021.04.14-07.58.40:951][  0]LogD3D11RHI: Array index from any shader is supported
[2021.04.14-07.58.40:976][  0]LogD3D11RHI: GPU Timing Frequency: 1000.000000 (Debug: 2 1)
[2021.04.14-07.58.41:721][  0]LogTargetPlatformManager: Display: Loaded TargetPlatform 'WindowsNoEditor'
[2021.04.14-07.58.41:724][  0]LogTargetPlatformManager: Display: Loaded TargetPlatform 'Windows'
[2021.04.14-07.58.41:731][  0]LogTargetPlatformManager: Display: Loaded TargetPlatform 'WindowsClient'
[2021.04.14-07.58.41:739][  0]LogTargetPlatformManager: Display: Loaded TargetPlatform 'WindowsServer'
[2021.04.14-07.58.41:739][  0]LogTargetPlatformManager: Display: Building Assets For Windows
[2021.04.14-07.58.41:743][  0]LogAudioDebug: Display: Lib vorbis DLL was dynamically loaded.
[2021.04.14-07.58.41:766][  0]LogShaderCompilers: Guid format shader working directory is -54 characters bigger than the processId version (C:/Users/aveng/Documents/GitHub/GamesAssignment2-SecondYear/Games Assignment Two/GamesAssignmentTwo/Intermediate/Shaders/WorkingDirectory/27256/).
[2021.04.14-07.58.41:767][  0]LogShaderCompilers: Cleaned the shader compiler working directory 'C:/Users/aveng/AppData/Local/Temp/UnrealShaderWorkingDir/F8060C03469CDA3307C867AC2FB10CF1/'.
[2021.04.14-07.58.41:768][  0]LogXGEController: Cannot use XGE Controller as Incredibuild is not installed on this machine.
[2021.04.14-07.58.41:768][  0]LogShaderCompilers: Cannot use XGE Shader Compiler as Incredibuild is not installed on this machine.
[2021.04.14-07.58.41:769][  0]LogShaderCompilers: Display: Using Local Shader Compiler.
[2021.04.14-07.58.42:450][  0]LogDerivedDataCache: Display: Max Cache Size: 512 MB
[2021.04.14-07.58.42:509][  0]LogDerivedDataCache: Loaded boot cache 0.06s 78MB C:/Users/aveng/AppData/Local/UnrealEngine/4.25/DerivedDataCache/Boot.ddc.
[2021.04.14-07.58.42:509][  0]LogDerivedDataCache: Display: Loaded Boot cache: C:/Users/aveng/AppData/Local/UnrealEngine/4.25/DerivedDataCache/Boot.ddc
[2021.04.14-07.58.42:510][  0]LogDerivedDataCache: FDerivedDataBackendGraph:  Pak pak cache file C:/Users/aveng/Documents/GitHub/GamesAssignment2-SecondYear/Games Assignment Two/GamesAssignmentTwo/DerivedDataCache/DDC.ddp not found, will not use a pak cache.
[2021.04.14-07.58.42:512][  0]LogDerivedDataCache: Unable to find inner node Pak for hierarchical cache Hierarchy.
[2021.04.14-07.58.42:512][  0]LogDerivedDataCache: FDerivedDataBackendGraph:  CompressedPak pak cache file C:/Users/aveng/Documents/GitHub/GamesAssignment2-SecondYear/Games Assignment Two/GamesAssignmentTwo/DerivedDataCache/Compressed.ddp not found, will not use a pak cache.
[2021.04.14-07.58.42:513][  0]LogDerivedDataCache: Unable to find inner node CompressedPak for hierarchical cache Hierarchy.
[2021.04.14-07.58.42:523][  0]LogDerivedDataCache: Display: Pak cache opened for reading ../../../Engine/DerivedDataCache/Compressed.ddp.
[2021.04.14-07.58.42:524][  0]LogDerivedDataCache: FDerivedDataBackendGraph:  EnterprisePak pak cache file ../../../Enterprise/DerivedDataCache/Compressed.ddp not found, will not use a pak cache.
[2021.04.14-07.58.42:524][  0]LogDerivedDataCache: Unable to find inner node EnterprisePak for hierarchical cache Hierarchy.
[2021.04.14-07.58.42:526][  0]LogDerivedDataCache: Using Local data cache path C:/Users/aveng/AppData/Local/UnrealEngine/Common/DerivedDataCache: Writable
[2021.04.14-07.58.42:526][  0]LogDerivedDataCache: Shared data cache path not found in *engine.ini, will not use an Shared cache.
[2021.04.14-07.58.42:526][  0]LogDerivedDataCache: Unable to find inner node Shared for hierarchical cache Hierarchy.
[2021.04.14-07.58.42:562][  0]LogSlate: Using FreeType 2.10.0
[2021.04.14-07.58.42:563][  0]LogSlate: SlateFontServices - WITH_FREETYPE: 1, WITH_HARFBUZZ: 1
[2021.04.14-07.58.42:635][  0]LogInit: Using OS detected language (en-GB).
[2021.04.14-07.58.42:635][  0]LogInit: Using OS detected locale (en-GB).
[2021.04.14-07.58.42:636][  0]LogTextLocalizationManager: No localization for 'en-GB' exists, so 'en' will be used for the language.
[2021.04.14-07.58.42:637][  0]LogTextLocalizationManager: No localization for 'en-GB' exists, so 'en' will be used for the locale.
[2021.04.14-07.58.42:637][  0]LogSlate: FontCache flush requested. Reason: Culture for localization was changed
[2021.04.14-07.58.42:637][  0]LogSlate: FontCache flush requested. Reason: Culture for localization was changed
[2021.04.14-07.58.42:639][  0]LogTextLocalizationManager: Compacting localization data took   0.00ms
[2021.04.14-07.58.42:642][  0]LogAssetRegistry: FAssetRegistry took 0.0023 seconds to start up
[2021.04.14-07.58.42:852][  0]LogPackageLocalizationCache: Processed 19 localized package path(s) for 1 prioritized culture(s) in 0.047466 seconds
[2021.04.14-07.58.42:895][  0]LogInit: Selected Device Profile: [Windows]
[2021.04.14-07.58.42:971][  0]LogMeshReduction: Using QuadricMeshReduction for automatic static mesh reduction
[2021.04.14-07.58.42:971][  0]LogMeshReduction: Using SimplygonMeshReduction for automatic skeletal mesh reduction
[2021.04.14-07.58.42:972][  0]LogMeshReduction: Using ProxyLODMeshReduction for automatic mesh merging
[2021.04.14-07.58.42:972][  0]LogMeshReduction: No distributed automatic mesh merging module available
[2021.04.14-07.58.42:973][  0]LogMeshMerging: No distributed automatic mesh merging module available
[2021.04.14-07.58.42:987][  0]LogNetVersion: GamesAssignmentTwo 1.0.0, NetCL: 13144385, EngineNetVer: 14, GameNetVer: 0 (Checksum: 1185472599)
[2021.04.14-07.58.43:211][  0]LogAISub: UAISubsystem::UAISubsystem AISubsystem (0000023AE16998C0), frame # 0
[2021.04.14-07.58.43:211][  0]LogAISub: UAISubsystem::UAISubsystem AIPerceptionSystem (0000023AE15C96C0), frame # 0
[2021.04.14-07.58.43:215][  0]LogAISub: UAISubsystem::UAISubsystem EnvQueryManager (0000023AE15C3C00), frame # 0
[2021.04.14-07.58.43:266][  0]LogCollectionManager: Loaded 0 collections in 0.000834 seconds
[2021.04.14-07.58.43:268][  0]LogFileCache: Scanning file cache for directory 'C:/Users/aveng/Documents/GitHub/GamesAssignment2-SecondYear/Games Assignment Two/GamesAssignmentTwo/Saved/Collections/' took 0.00s
[2021.04.14-07.58.43:268][  0]LogFileCache: Scanning file cache for directory 'C:/Users/aveng/Documents/GitHub/GamesAssignment2-SecondYear/Games Assignment Two/GamesAssignmentTwo/Content/Developers/aveng/Collections/' took 0.00s
[2021.04.14-07.58.43:269][  0]LogFileCache: Scanning file cache for directory 'C:/Users/aveng/Documents/GitHub/GamesAssignment2-SecondYear/Games Assignment Two/GamesAssignmentTwo/Content/Collections/' took 0.00s
[2021.04.14-07.58.43:269][  0]LogCollectionManager: Fixed up redirectors for 0 collections in 0.000002 seconds (updated 0 objects)
[2021.04.14-07.58.43:295][  0]LogMoviePlayer: Initializing movie player
[2021.04.14-07.58.43:428][  0]LogScript: Warning: Script Msg: A null object was passed as a world context object to UEngine::GetWorldFromContextObject().
[2021.04.14-07.58.43:429][  0]LogScript: Warning: Script Msg: A null object was passed as a world context object to UEngine::GetWorldFromContextObject().
[2021.04.14-07.58.43:432][  0]LogScript: Warning: Script Msg: A null object was passed as a world context object to UEngine::GetWorldFromContextObject().
[2021.04.14-07.58.43:433][  0]LogScript: Warning: Script Msg: A null object was passed as a world context object to UEngine::GetWorldFromContextObject().
[2021.04.14-07.58.43:493][  0]LogBlueprint: Warning: [Compiler Ue4ASP_Character] InputAction Event references unknown Action 'Crouch' for  InputAction Crouch
[2021.04.14-07.58.43:496][  0]LogBlueprint: Warning: [Compiler Ue4ASP_Character] Input Axis Event references unknown Axis 'MoveForward' for  InputAxis MoveForward
[2021.04.14-07.58.43:497][  0]LogBlueprint: Warning: [Compiler Ue4ASP_Character] Input Axis Event references unknown Axis 'MoveRight' for  InputAxis MoveRight
[2021.04.14-07.58.43:586][  0]SourceControl: Source control is disabled
[2021.04.14-07.58.43:587][  0]SourceControl: Source control is disabled
[2021.04.14-07.58.43:591][  0]SourceControl: Source control is disabled
[2021.04.14-07.58.43:653][  0]LogAndroidPermission: UAndroidPermissionCallbackProxy::GetInstance
[2021.04.14-07.58.43:659][  0]LogAudioCaptureCore: Display: No Audio Capture implementations found. Audio input will be silent.
[2021.04.14-07.58.43:659][  0]LogAudioCaptureCore: Display: No Audio Capture implementations found. Audio input will be silent.
[2021.04.14-07.58.43:687][  0]LogOcInput: OculusInput pre-init called
[2021.04.14-07.58.43:701][  0]LogUObjectArray: 21163 objects as part of root set at end of initial load.
[2021.04.14-07.58.43:701][  0]LogUObjectAllocator: 5880432 out of 0 bytes used by permanent object pool.
[2021.04.14-07.58.43:701][  0]LogUObjectArray: CloseDisregardForGC: 0/0 objects in disregard for GC pool
[2021.04.14-07.58.43:737][  0]LogEngine: Initializing Engine...
[2021.04.14-07.58.43:739][  0]LogHMD: Failed to initialize OpenVR with code 110
[2021.04.14-07.58.43:739][  0]LogMagicLeap: Warning: VR disabled because ZI is not enabled.  To enable, in the editor, Edit -> Project Settings -> Plugins -> Magic Leap Plugin -> Enable Zero Iteration
[2021.04.14-07.58.43:741][  0]LogStats: UGameplayTagsManager::InitializeManager -  0.000 s
[2021.04.14-07.58.43:835][  0]LogInit: Initializing FReadOnlyCVARCache
[2021.04.14-07.58.43:837][  0]LogAudioMixer: Display: Audio Mixer Platform Settings:
[2021.04.14-07.58.43:838][  0]LogAudioMixer: Display: 	Sample Rate:						  48000
[2021.04.14-07.58.43:838][  0]LogAudioMixer: Display: 	Callback Buffer Frame Size Requested: 1024
[2021.04.14-07.58.43:838][  0]LogAudioMixer: Display: 	Callback Buffer Frame Size To Use:	  1024
[2021.04.14-07.58.43:839][  0]LogAudioMixer: Display: 	Number of buffers to queue:			  2
[2021.04.14-07.58.43:839][  0]LogAudioMixer: Display: 	Max Channels (voices):				  32
[2021.04.14-07.58.43:840][  0]LogAudioMixer: Display: 	Number of Async Source Workers:		  0
[2021.04.14-07.58.43:840][  0]LogAudio: Display: AudioDevice MaxSources: 32
[2021.04.14-07.58.43:841][  0]LogAudio: Display: Using built-in audio occlusion.
[2021.04.14-07.58.43:841][  0]LogAudioMixer: Display: Initializing audio mixer.
[2021.04.14-07.58.43:858][  0]LogAudioMixer: Display: 0: FrontLeft
[2021.04.14-07.58.43:858][  0]LogAudioMixer: Display: 1: FrontRight
[2021.04.14-07.58.43:859][  0]LogAudioMixer: Display: 2: FrontCenter
[2021.04.14-07.58.43:860][  0]LogAudioMixer: Display: 3: LowFrequency
[2021.04.14-07.58.43:860][  0]LogAudioMixer: Display: 4: BackLeft
[2021.04.14-07.58.43:861][  0]LogAudioMixer: Display: 5: BackRight
[2021.04.14-07.58.43:861][  0]LogAudioMixer: Display: 6: SideLeft
[2021.04.14-07.58.43:862][  0]LogAudioMixer: Display: 7: SideRight
[2021.04.14-07.58.43:890][  0]LogAudioMixer: Display: Using Audio Device Speakers (THX Spatial Audio)
[2021.04.14-07.58.43:897][  0]LogAudioMixer: Display: Initializing Sound Submixes...
[2021.04.14-07.58.43:898][  0]LogAudioMixer: Display: Creating Master Submix 'MasterSubmixDefault'
[2021.04.14-07.58.43:898][  0]LogAudioMixer: Display: Creating Master Submix 'MasterReverbSubmixDefault'
[2021.04.14-07.58.43:900][  0]LogAudioMixer: Display: Creating Master Submix 'MasterEQSubmixDefault'
[2021.04.14-07.58.43:904][  0]LogInit: FAudioDevice initialized.
[2021.04.14-07.58.43:906][  0]LogNetVersion: Set ProjectVersion to 1.0.0.0. Version Checksum will be recalculated on next use.
[2021.04.14-07.58.43:990][  0]LogDerivedDataCache: Saved boot cache 0.08s 78MB C:/Users/aveng/AppData/Local/UnrealEngine/4.25/DerivedDataCache/Boot.ddc.
[2021.04.14-07.58.43:992][  0]LogInit: Texture streaming: Enabled
[2021.04.14-07.58.44:034][  0]LogSlate: Updating window title bar state: overlay mode, drag disabled, window buttons hidden, title bar hidden
[2021.04.14-07.58.44:035][  0]LogInit: Display: Game Engine Initialized.
[2021.04.14-07.58.44:035][  0]LogNiagaraEditor: Warning: GEditor isn't valid! Particle reset commands will not work for Niagara components!
[2021.04.14-07.58.44:047][  0]LogInit: Display: Starting Game.
[2021.04.14-07.58.44:048][  0]LogNet: Browse: /Game/Levels/MainMenu?Name=Player
[2021.04.14-07.58.44:048][  0]LogLoad: LoadMap: /Game/Levels/MainMenu?Name=Player
[2021.04.14-07.58.44:049][  0]LogWorld: BeginTearingDown for /Temp/Untitled_0
[2021.04.14-07.58.44:050][  0]LogWorld: UWorld::CleanupWorld for Untitled, bSessionEnded=true, bCleanupResources=true
[2021.04.14-07.58.44:050][  0]LogSlate: InvalidateAllWidgets triggered.  All widgets were invalidated
[2021.04.14-07.58.44:074][  0]LogUObjectHash: Compacting FUObjectHashTables data took   0.69ms
[2021.04.14-07.58.44:131][  0]LogAIModule: Creating AISystem for world MainMenu
[2021.04.14-07.58.44:131][  0]LogAISub: UAISubsystem::UAISubsystem EnvQueryManager (0000023AE8A58E00), frame # 0
[2021.04.14-07.58.44:132][  0]LogAISub: UAISubsystem::UAISubsystem AIPerceptionSystem (0000023AE8A7BC40), frame # 0
[2021.04.14-07.58.44:140][  0]LogLoad: Game class is 'BP_GamesAssignmentTwoGameModeBse_C'
[2021.04.14-07.58.44:142][  0]LogWorld: Bringing World /Game/Levels/MainMenu.MainMenu up for play (max tick rate 0) at 2021.04.14-08.58.44
[2021.04.14-07.58.44:142][  0]LogWorld: Bringing up level for play took: 0.001320
[2021.04.14-07.58.44:146][  0]LogTemp: Warning: 0
[2021.04.14-07.58.44:147][  0]LogTemp: Warning: Load main menu widget from instance called
[2021.04.14-07.58.44:147][  0]LogTemp: Warning: Load main menu widget from instance MenuClass set
[2021.04.14-07.58.44:149][  0]LogTemp: Warning: TRUEEE
[2021.04.14-07.58.44:150][  0]LogTemp: Warning: Level: MainMenu
[2021.04.14-07.58.44:151][  0]LogLoad: Took 0.102815 seconds to LoadMap(/Game/Levels/MainMenu)
[2021.04.14-07.58.44:178][  0]LogSlate: Took 0.000202 seconds to synchronously load lazily loaded font '../../../Engine/Content/Slate/Fonts/Roboto-Regular.ttf' (155K)
[2021.04.14-07.58.44:192][  0]LogRenderer: Reallocating scene render targets to support 960x1020 Format 10 NumSamples 1 (Frame:1).
[2021.04.14-07.58.44:192][  0]LogLoad: (Engine Initialization) Total time: 5.60 seconds
[2021.04.14-07.58.44:192][  0]LogLoad: (Engine Initialization) Total Blueprint compile time: 0.00 seconds
[2021.04.14-07.58.44:213][  0]LogContentStreaming: Texture pool size now 1000 MB
[2021.04.14-07.58.44:217][  0]LogSlate: InvalidateAllWidgets triggered.  All widgets were invalidated
[2021.04.14-07.58.44:247][  1]LogSlate: Took 0.000161 seconds to synchronously load lazily loaded font '../../../Engine/Content/Slate/Fonts/Roboto-Regular.ttf' (155K)
[2021.04.14-07.59.03:927][589]LogSlate: WidgetSwitcher ('None') active index changed to 1
[2021.04.14-07.59.12:081][614]LogGameMode: ProcessServerTravel: /Game/Levels/Lobby?listen
[2021.04.14-07.59.12:082][614]LogEngine: Server switch level: /Game/Levels/Lobby?Name=Player?listen
[2021.04.14-07.59.12:083][614]LogNet: Browse: /Game/Levels/Lobby?Name=Player?listen
[2021.04.14-07.59.12:083][614]LogLoad: LoadMap: /Game/Levels/Lobby?Name=Player?listen
[2021.04.14-07.59.12:083][614]LogWorld: BeginTearingDown for /Game/Levels/MainMenu
[2021.04.14-07.59.12:084][614]LogWorld: UWorld::CleanupWorld for MainMenu, bSessionEnded=true, bCleanupResources=true
[2021.04.14-07.59.12:085][614]LogSlate: InvalidateAllWidgets triggered.  All widgets were invalidated
[2021.04.14-07.59.12:127][614]LogAISub: UAISubsystem::~UAISubsystem EnvQueryManager (0000023AE8A58E00), frame # 7614
[2021.04.14-07.59.12:127][614]LogAISub: UAISubsystem::~UAISubsystem AIPerceptionSystem (0000023AE8A7BC40), frame # 7614
[2021.04.14-07.59.12:129][614]LogUObjectHash: Compacting FUObjectHashTables data took   0.79ms
[2021.04.14-07.59.12:184][614]LogAIModule: Creating AISystem for world Lobby
[2021.04.14-07.59.12:185][614]LogAISub: UAISubsystem::UAISubsystem EnvQueryManager (0000023AE8C44400), frame # 7614
[2021.04.14-07.59.12:186][614]LogAISub: UAISubsystem::UAISubsystem AIPerceptionSystem (0000023ACB0647C0), frame # 7614
[2021.04.14-07.59.12:186][614]LogLoad: Game class is 'BP_ServerLobbyGameModeBase_C'
[2021.04.14-07.59.12:187][614]LogNet: ReplicationDriverClass is null! Not using ReplicationDriver.
[2021.04.14-07.59.12:187][614]LogNetCore: DDoS detection status: detection enabled: 0 analytics enabled: 0
[2021.04.14-07.59.12:188][614]LogInit: WinSock: Socket queue. Rx: 131072 (config 131072) Tx: 131072 (config 131072)
[2021.04.14-07.59.12:188][614]LogNet: Created socket for bind address: 0.0.0.0 on port 7777
[2021.04.14-07.59.12:189][614]PacketHandlerLog: Loaded PacketHandler component: Engine.EngineHandlerComponentFactory (StatelessConnectHandlerComponent)
[2021.04.14-07.59.12:189][614]LogNet: GameNetDriver IpNetDriver_0 IpNetDriver listening on port 7777
[2021.04.14-07.59.12:191][614]LogWorld: Bringing World /Game/Levels/Lobby.Lobby up for play (max tick rate 0) at 2021.04.14-08.59.12
[2021.04.14-07.59.12:191][614]LogWorld: Bringing up level for play took: 0.001206
[2021.04.14-07.59.12:192][614]LogOnlineSession: Warning: OSS: No game present to join for session (GameSession)
[2021.04.14-07.59.12:193][614]LogTemp: Warning: Players: 1
[2021.04.14-07.59.12:196][614]LogTemp: Warning: 0
[2021.04.14-07.59.12:197][614]LogTemp: Warning: Level: Lobby
[2021.04.14-07.59.12:197][614]LogLoad: Took 0.114059 seconds to LoadMap(/Game/Levels/Lobby)
[2021.04.14-07.59.16:450][328]LogNet: NotifyAcceptingConnection accepted from: 127.0.0.1:49462
[2021.04.14-07.59.16:450][328]LogHandshake: SendConnectChallenge. Timestamp: 4.373033, Cookie: 115247171249030039199070086019216138125148038115104131048106
[2021.04.14-07.59.16:474][329]LogNet: NotifyAcceptingConnection accepted from: 127.0.0.1:49462
[2021.04.14-07.59.16:474][329]LogHandshake: SendChallengeAck. InCookie: 115247171249030039199070086019216138125148038115104131048106
[2021.04.14-07.59.16:475][329]LogNet: Server accepting post-challenge connection from: 127.0.0.1:49462
[2021.04.14-07.59.16:476][329]PacketHandlerLog: Loaded PacketHandler component: Engine.EngineHandlerComponentFactory (StatelessConnectHandlerComponent)
[2021.04.14-07.59.16:476][329]LogNet: NotifyAcceptedConnection: Name: Lobby, TimeStamp: 04/14/21 08:59:16, [UNetConnection] RemoteAddr: 127.0.0.1:49462, Name: IpConnection_0, Driver: GameNetDriver IpNetDriver_0, IsServer: YES, PC: NULL, Owner: NULL, UniqueId: INVALID
[2021.04.14-07.59.16:477][329]LogNet: AddClientConnection: Added client connection: [UNetConnection] RemoteAddr: 127.0.0.1:49462, Name: IpConnection_0, Driver: GameNetDriver IpNetDriver_0, IsServer: YES, PC: NULL, Owner: NULL, UniqueId: INVALID
[2021.04.14-07.59.16:515][330]LogNet: NotifyAcceptingChannel Control 0 server World /Game/Levels/Lobby.Lobby: Accepted
[2021.04.14-07.59.16:515][330]LogNet: Remote platform little endian=1
[2021.04.14-07.59.16:517][330]LogNet: This platform little endian=1
[2021.04.14-07.59.16:517][330]LogNetVersion: GamesAssignmentTwo 1.0.0.0, NetCL: 13144385, EngineNetVer: 14, GameNetVer: 0 (Checksum: 1872474305)
[2021.04.14-07.59.16:545][331]LogNet: Login request: ?Name=Programming-PC-C863F3754B1916CF4A291799AE8BC955 userId: NULL:Programming-PC-C863F3754B1916CF4A291799AE8BC955 platform: NULL
[2021.04.14-07.59.16:671][375]LogNet: Client netspeed is 10000
[2021.04.14-07.59.16:671][375]LogNet: Join request: /Game/Levels/MainMenu?Name=Programming-PC-C863F3754B1916CF4A291799AE8BC955?SplitscreenCount=1
[2021.04.14-07.59.16:672][375]PIE: Error: Only Local Player Controllers can be assigned to widgets. BP_MainPlayerController_C_1 is not a Local Player Controller.
[2021.04.14-07.59.16:673][375]LogTemp: Warning: Level: Lobby
[2021.04.14-07.59.16:673][375]LogOnlineSession: Warning: OSS: No game present to join for session (GameSession)
[2021.04.14-07.59.16:675][375]LogTemp: Warning: 0
[2021.04.14-07.59.16:676][375]LogTemp: Warning: Players: 2
[2021.04.14-07.59.16:676][375]LogNet: Join succeeded: Programming-PC-C863F
[2021.04.14-07.59.26:680][820]LogGameMode: ProcessServerTravel: /Game/Levels/Gamelevel?listen
[2021.04.14-07.59.26:682][820]LogWorld: SeamlessTravel to: /Game/Levels/Gamelevel
[2021.04.14-07.59.26:697][821]LogWorld: BeginTearingDown for /Game/Levels/Lobby
[2021.04.14-07.59.26:699][821]LogWorld: UWorld::CleanupWorld for Lobby, bSessionEnded=false, bCleanupResources=true
[2021.04.14-07.59.26:699][821]LogSlate: InvalidateAllWidgets triggered.  All widgets were invalidated
[2021.04.14-07.59.26:714][821]LogAISub: UAISubsystem::~UAISubsystem AIPerceptionSystem (0000023ACB0647C0), frame # 8821
[2021.04.14-07.59.26:714][821]LogAISub: UAISubsystem::~UAISubsystem EnvQueryManager (0000023AE8C44400), frame # 8821
[2021.04.14-07.59.26:715][821]LogUObjectHash: Compacting FUObjectHashTables data took   0.84ms
[2021.04.14-07.59.26:716][821]LogStats:     SeamlessTravel FlushLevelStreaming  -  0.000 s
[2021.04.14-07.59.26:716][821]LogAIModule: Creating AISystem for world Untitled
[2021.04.14-07.59.26:717][821]LogAISub: UAISubsystem::UAISubsystem EnvQueryManager (0000023A8426AA00), frame # 8821
[2021.04.14-07.59.26:718][821]LogAISub: UAISubsystem::UAISubsystem AIPerceptionSystem (0000023AE1409300), frame # 8821
[2021.04.14-07.59.26:719][821]LogWorld: Bringing World /Temp/Untitled_1.Untitled up for play (max tick rate 0) at 2021.04.14-08.59.26
[2021.04.14-07.59.26:719][821]LogWorld: Bringing up level for play took: 0.000458
[2021.04.14-07.59.26:720][821]LogWorld: Sending NotifyLoadedWorld for LP: LocalPlayer_0 PC: BP_MainPlayerController_C_0
[2021.04.14-07.59.26:720][821]LogNet: Verbose: NotifyLoadedWorld Begin
[2021.04.14-07.59.26:720][821]LogNet: VeryVerbose: GetFunctionCallspace Server calling Server function: ServerNotifyLoadedWorld Local
[2021.04.14-07.59.26:721][821]LogNet: Verbose: NotifyLoadedWorld End
[2021.04.14-07.59.26:721][821]LogWorld: StartLoadingDestination to: /Game/Levels/Gamelevel
[2021.04.14-07.59.26:797][824]LogWorld: BeginTearingDown for /Temp/Untitled_1
[2021.04.14-07.59.26:797][824]LogWorld: UWorld::CleanupWorld for Untitled, bSessionEnded=true, bCleanupResources=true
[2021.04.14-07.59.26:798][824]LogSlate: InvalidateAllWidgets triggered.  All widgets were invalidated
[2021.04.14-07.59.26:838][824]LogAISub: UAISubsystem::~UAISubsystem AIPerceptionSystem (0000023AE1409300), frame # 8824
[2021.04.14-07.59.26:839][824]LogAISub: UAISubsystem::~UAISubsystem EnvQueryManager (0000023A8426AA00), frame # 8824
[2021.04.14-07.59.26:840][824]LogUObjectHash: Compacting FUObjectHashTables data took   0.76ms
[2021.04.14-07.59.26:841][824]LogAIModule: Creating AISystem for world GameLevel
[2021.04.14-07.59.26:841][824]LogAISub: UAISubsystem::UAISubsystem EnvQueryManager (0000023A8426BA00), frame # 8824
[2021.04.14-07.59.26:842][824]LogAISub: UAISubsystem::UAISubsystem AIPerceptionSystem (0000023AE829C180), frame # 8824
[2021.04.14-07.59.26:847][824]LogLoad: Game class is 'BP_GamesAssignmentTwoGameModeBse_C'
[2021.04.14-07.59.26:847][824]LogStats:     SeamlessTravel FlushLevelStreaming  -  0.000 s
[2021.04.14-07.59.26:849][824]LogWorld: Bringing World /Game/Levels/Gamelevel.GameLevel up for play (max tick rate 0) at 2021.04.14-08.59.26
[2021.04.14-07.59.26:854][824]LogWorld: Bringing up level for play took: 0.006759
[2021.04.14-07.59.26:854][824]LogWorld: Sending NotifyLoadedWorld for LP: LocalPlayer_0 PC: BP_MainPlayerController_C_0
[2021.04.14-07.59.26:855][824]LogNet: Verbose: NotifyLoadedWorld Begin
[2021.04.14-07.59.26:855][824]LogNet: VeryVerbose: GetFunctionCallspace Server calling Server function: ServerNotifyLoadedWorld Local
[2021.04.14-07.59.26:855][824]LogNet: Verbose: NotifyLoadedWorld End
[2021.04.14-07.59.26:855][824]LogWorld: ----SeamlessTravel finished in 0.17 seconds ------
[2021.04.14-07.59.26:859][824]LogTemp: Warning: 4
[2021.04.14-07.59.26:860][824]PIE: Error: Only Local Player Controllers can be assigned to widgets. BP_MainPlayerController_C_1 is not a Local Player Controller.
[2021.04.14-07.59.26:861][824]LogScript: Warning: Accessed None trying to read property CallFunc_Create_ReturnValue
	GameLevel_C /Game/Levels/Gamelevel.GameLevel:PersistentLevel.GameLevel_C_2
	Function /Game/Levels/Gamelevel.GameLevel_C:ExecuteUbergraph_GameLevel:006B
[2021.04.14-07.59.26:861][824]LogScript: Warning: Script call stack:
	Function /Game/Levels/Gamelevel.GameLevel_C:ReceiveBeginPlay
	Function /Game/Levels/Gamelevel.GameLevel_C:ExecuteUbergraph_GameLevel

[2021.04.14-07.59.26:862][824]LogTemp: Warning: Level: Gamelevel
[2021.04.14-07.59.26:863][824]LogTemp: Warning: PlayerInterface Here
[2021.04.14-07.59.26:884][826]PIE: Error: Only Local Player Controllers can be assigned to widgets. BP_MainPlayerController_C_3 is not a Local Player Controller.
[2021.04.14-07.59.26:885][826]LogTemp: Warning: Level: Gamelevel
[2021.04.14-07.59.26:887][826]LogTemp: Warning: 4
[2021.04.14-08.00.17:047][674]LogWindowsDesktop: Alt-F4 pressed!
[2021.04.14-08.00.17:053][674]LogSlate: Window 'GamesAssignmentTwo (64-bit Development PCD3D_SM5) ' being destroyed
[2021.04.14-08.00.17:054][674]LogWindowsTextInputMethodSystem: Display: IME system now deactivated.
[2021.04.14-08.00.17:062][674]LogOnlineSession: Warning: OSS: No game present to leave for session (GameSession)
[2021.04.14-08.00.17:063][674]LogSlate: Updating window title bar state: overlay mode, drag disabled, window buttons hidden, title bar hidden
[2021.04.14-08.00.17:063][674]LogEngine: All Windows Closed
[2021.04.14-08.00.17:064][674]LogWindows: FPlatformMisc::RequestExit(0)
[2021.04.14-08.00.17:064][674]LogCore: Engine exit requested (reason: Win RequestExit)
[2021.04.14-08.00.17:067][675]LogCore: Engine exit requested (reason: EngineExit() was called; note: exit was already requested)
[2021.04.14-08.00.17:069][675]LogAudio: Display: Shutting down audio device while 2 references to it are still alive. For more information, compile with INSTRUMENT_AUDIODEVICE_HANDLES.
[2021.04.14-08.00.17:117][675]LogInit: Display: PreExit Game.
[2021.04.14-08.00.17:151][675]LogWorld: BeginTearingDown for /Game/Levels/Gamelevel
[2021.04.14-08.00.17:152][675]LogNet: World NetDriver shutdown IpNetDriver_0 [GameNetDriver]
[2021.04.14-08.00.17:152][675]LogNet: DestroyNamedNetDriver IpNetDriver_0 [GameNetDriver]
[2021.04.14-08.00.17:153][675]LogNet: UNetConnection::Cleanup: Closing open connection. [UNetConnection] RemoteAddr: 127.0.0.1:49462, Name: IpConnection_0, Driver: GameNetDriver IpNetDriver_0, IsServer: YES, PC: BP_MainPlayerController_C_3, Owner: BP_MainPlayerController_C_3, UniqueId: NULL:Programming-PC-C863F3754B1916CF4A291799AE8BC955
[2021.04.14-08.00.17:153][675]LogNet: UNetConnection::Close: [UNetConnection] RemoteAddr: 127.0.0.1:49462, Name: IpConnection_0, Driver: GameNetDriver IpNetDriver_0, IsServer: YES, PC: BP_MainPlayerController_C_3, Owner: BP_MainPlayerController_C_3, UniqueId: NULL:Programming-PC-C863F3754B1916CF4A291799AE8BC955, Channels: 25, Time: 2021.04.14-08.00.17
[2021.04.14-08.00.17:154][675]LogNet: UChannel::Close: Sending CloseBunch. ChIndex == 0. Name: [UChannel] ChIndex: 0, Closing: 0 [UNetConnection] RemoteAddr: 127.0.0.1:49462, Name: IpConnection_0, Driver: GameNetDriver IpNetDriver_0, IsServer: YES, PC: BP_MainPlayerController_C_3, Owner: BP_MainPlayerController_C_3, UniqueId: NULL:Programming-PC-C863F3754B1916CF4A291799AE8BC955
[2021.04.14-08.00.17:155][675]LogExit: GameNetDriver IpNetDriver_0 shut down
[2021.04.14-08.00.17:155][675]LogWorld: UWorld::CleanupWorld for GameLevel, bSessionEnded=true, bCleanupResources=true
[2021.04.14-08.00.17:156][675]LogSlate: InvalidateAllWidgets triggered.  All widgets were invalidated
[2021.04.14-08.00.17:796][675]LogExit: Preparing to exit.
[2021.04.14-08.00.17:796][675]LogMoviePlayer: Shutting down movie player
[2021.04.14-08.00.17:808][675]LogSlate: Updating window title bar state: overlay mode, drag disabled, window buttons hidden, title bar hidden
[2021.04.14-08.00.17:813][675]LogDemo: Cleaned up 0 splitscreen connections with owner deletion
[2021.04.14-08.00.17:820][675]LogExit: Game engine shut down
[2021.04.14-08.00.17:827][675]LogAISub: UAISubsystem::~UAISubsystem AISubsystem (0000023AE16998C0), frame # 12675
[2021.04.14-08.00.17:827][675]LogAISub: UAISubsystem::~UAISubsystem AIPerceptionSystem (0000023AE15C96C0), frame # 12675
[2021.04.14-08.00.17:831][675]LogAISub: UAISubsystem::~UAISubsystem EnvQueryManager (0000023AE15C3C00), frame # 12675
[2021.04.14-08.00.17:835][675]LogAISub: UAISubsystem::~UAISubsystem AIPerceptionSystem (0000023AE829C180), frame # 12675
[2021.04.14-08.00.17:835][675]LogAISub: UAISubsystem::~UAISubsystem EnvQueryManager (0000023A8426BA00), frame # 12675
[2021.04.14-08.00.17:861][675]LogExit: Object subsystem successfully closed.
[2021.04.14-08.00.17:887][675]LogShaderCompilers: Display: Shaders left to compile 0
[2021.04.14-08.00.17:894][675]LogModuleManager: Shutting down and abandoning module SequenceRecorderSections (504)
[2021.04.14-08.00.17:894][675]LogModuleManager: Shutting down and abandoning module SequenceRecorder (502)
[2021.04.14-08.00.17:895][675]LogModuleManager: Shutting down and abandoning module AutomationController (500)
[2021.04.14-08.00.17:896][675]LogModuleManager: Shutting down and abandoning module AutomationWorker (498)
[2021.04.14-08.00.17:897][675]LogModuleManager: Shutting down and abandoning module Voice (496)
[2021.04.14-08.00.17:898][675]LogModuleManager: Shutting down and abandoning module AIModule (494)
[2021.04.14-08.00.17:898][675]LogModuleManager: Shutting down and abandoning module GameplayDebugger (493)
[2021.04.14-08.00.17:898][675]LogModuleManager: Shutting down and abandoning module AITestSuite (491)
[2021.04.14-08.00.17:899][675]LogModuleManager: Shutting down and abandoning module NavigationSystem (489)
[2021.04.14-08.00.17:899][675]LogModuleManager: Shutting down and abandoning module OculusMR (486)
[2021.04.14-08.00.17:899][675]LogModuleManager: Shutting down and abandoning module WmfMediaFactory (484)
[2021.04.14-08.00.17:900][675]LogModuleManager: Shutting down and abandoning module WebMMediaFactory (482)
[2021.04.14-08.00.17:901][675]LogModuleManager: Shutting down and abandoning module WebMMedia (480)
[2021.04.14-08.00.17:902][675]LogModuleManager: Shutting down and abandoning module OpenExrWrapper (478)
[2021.04.14-08.00.17:902][675]LogModuleManager: Shutting down and abandoning module ImgMediaFactory (476)
[2021.04.14-08.00.17:903][675]LogModuleManager: Shutting down and abandoning module AvfMediaFactory (474)
[2021.04.14-08.00.17:903][675]LogModuleManager: Shutting down and abandoning module MagicLeapMediaCodecFactory (472)
[2021.04.14-08.00.17:904][675]LogModuleManager: Shutting down and abandoning module MagicLeapMediaFactory (470)
[2021.04.14-08.00.17:905][675]LogModuleManager: Shutting down and abandoning module PlanarCut (468)
[2021.04.14-08.00.17:906][675]LogModuleManager: Shutting down and abandoning module CharacterAI (466)
[2021.04.14-08.00.17:907][675]LogModuleManager: Shutting down and abandoning module SessionServices (464)
[2021.04.14-08.00.17:908][675]LogModuleManager: Shutting down and abandoning module MovieSceneCapture (462)
[2021.04.14-08.00.17:908][675]LogModuleManager: Shutting down and abandoning module LiveCoding (460)
[2021.04.14-08.00.17:908][675]LogModuleManager: Shutting down and abandoning module LevelSequence (458)
[2021.04.14-08.00.17:908][675]LogModuleManager: Shutting down and abandoning module MovieSceneTracks (456)
[2021.04.14-08.00.17:909][675]LogModuleManager: Shutting down and abandoning module MovieScene (454)
[2021.04.14-08.00.17:909][675]LogModuleManager: Shutting down and abandoning module StreamingPauseRendering (452)
[2021.04.14-08.00.17:910][675]LogModuleManager: Shutting down and abandoning module PortalServices (450)
[2021.04.14-08.00.17:910][675]LogModuleManager: Shutting down and abandoning module PortalRpc (448)
[2021.04.14-08.00.17:911][675]LogModuleManager: Shutting down and abandoning module MessagingRpc (446)
[2021.04.14-08.00.17:911][675]LogModuleManager: Shutting down and abandoning module AudioMixerXAudio2 (444)
[2021.04.14-08.00.17:912][675]LogModuleManager: Shutting down and abandoning module AudioMixerCore (443)
[2021.04.14-08.00.17:912][675]LogModuleManager: Shutting down and abandoning module ProfilerService (440)
[2021.04.14-08.00.18:142][675]LogModuleManager: Shutting down and abandoning module TaskGraph (438)
[2021.04.14-08.00.18:142][675]LogModuleManager: Shutting down and abandoning module Synthesis (436)
[2021.04.14-08.00.18:143][675]LogModuleManager: Shutting down and abandoning module ProceduralMeshComponent (434)
[2021.04.14-08.00.18:144][675]LogModuleManager: Shutting down and abandoning module OculusInput (432)
[2021.04.14-08.00.18:144][675]LogModuleManager: Shutting down and abandoning module MobilePatchingUtils (430)
[2021.04.14-08.00.18:145][675]LogModuleManager: Shutting down and abandoning module GooglePAD (428)
[2021.04.14-08.00.18:145][675]LogModuleManager: Shutting down and abandoning module EditableMesh (426)
[2021.04.14-08.00.18:146][675]LogModuleManager: Shutting down and abandoning module CustomMeshComponent (424)
[2021.04.14-08.00.18:146][675]LogModuleManager: Shutting down and abandoning module CableComponent (422)
[2021.04.14-08.00.18:147][675]LogModuleManager: Shutting down and abandoning module AudioCapture (420)
[2021.04.14-08.00.18:147][675]LogModuleManager: Shutting down and abandoning module AudioCaptureRtAudio (419)
[2021.04.14-08.00.18:147][675]LogModuleManager: Shutting down and abandoning module AssetTags (416)
[2021.04.14-08.00.18:148][675]LogModuleManager: Shutting down and abandoning module ArchVisCharacter (414)
[2021.04.14-08.00.18:148][675]LogModuleManager: Shutting down and abandoning module AppleImageUtilsBlueprintSupport (412)
[2021.04.14-08.00.18:148][675]LogModuleManager: Shutting down and abandoning module AppleImageUtils (410)
[2021.04.14-08.00.18:149][675]LogModuleManager: Shutting down and abandoning module AndroidPermission (408)
[2021.04.14-08.00.18:149][675]LogModuleManager: Shutting down and abandoning module NUTUnrealEngine4 (406)
[2021.04.14-08.00.18:150][675]LogModuleManager: Shutting down and abandoning module NetcodeUnitTest (404)
[2021.04.14-08.00.18:150][675]LogModuleManager: Shutting down and abandoning module TemplateSequence (402)
[2021.04.14-08.00.18:150][675]LogModuleManager: Shutting down and abandoning module MovieRenderPipelineRenderPasses (400)
[2021.04.14-08.00.18:151][675]LogModuleManager: Shutting down and abandoning module MovieRenderPipelineSettings (398)
[2021.04.14-08.00.18:151][675]LogModuleManager: Shutting down and abandoning module MovieRenderPipelineCore (396)
[2021.04.14-08.00.18:151][675]LogModuleManager: Shutting down and abandoning module ImageWriteQueue (395)
[2021.04.14-08.00.18:157][675]LogModuleManager: Shutting down and abandoning module MediaCompositing (392)
[2021.04.14-08.00.18:157][675]LogModuleManager: Shutting down and abandoning module ImgMedia (390)
[2021.04.14-08.00.18:157][675]LogModuleManager: Shutting down and abandoning module MagicLeapSharedWorld (388)
[2021.04.14-08.00.18:158][675]LogModuleManager: Shutting down and abandoning module MagicLeapLightEstimation (386)
[2021.04.14-08.00.18:158][675]LogModuleManager: Shutting down and abandoning module MagicLeapHelperVulkan (384)
[2021.04.14-08.00.18:159][675]LogModuleManager: Shutting down and abandoning module MagicLeapHelperOpenGL (382)
[2021.04.14-08.00.18:159][675]LogModuleManager: Shutting down and abandoning module MagicLeapAudio (380)
[2021.04.14-08.00.18:159][675]LogModuleManager: Shutting down and abandoning module MeshSolverUtilities (378)
[2021.04.14-08.00.18:160][675]LogModuleManager: Shutting down and abandoning module MeshConversion (376)
[2021.04.14-08.00.18:160][675]LogModuleManager: Shutting down and abandoning module DynamicMesh (374)
[2021.04.14-08.00.18:160][675]LogModuleManager: Shutting down and abandoning module GeometryAlgorithms (372)
[2021.04.14-08.00.18:161][675]LogModuleManager: Shutting down and abandoning module GeometricObjects (370)
[2021.04.14-08.00.18:161][675]LogModuleManager: Shutting down and abandoning module GeometryCollectionTracks (368)
[2021.04.14-08.00.18:162][675]LogModuleManager: Shutting down and abandoning module GeometryCollectionSequencer (367)
[2021.04.14-08.00.18:162][675]LogModuleManager: Shutting down and abandoning module GeometryCacheTracks (364)
[2021.04.14-08.00.18:162][675]LogModuleManager: Shutting down and abandoning module GeometryCacheSequencer (363)
[2021.04.14-08.00.18:163][675]LogModuleManager: Shutting down and abandoning module GeometryCache (360)
[2021.04.14-08.00.18:164][675]LogModuleManager: Shutting down and abandoning module GeometryCacheEd (359)
[2021.04.14-08.00.18:164][675]LogModuleManager: Shutting down and abandoning module ChaosNiagara (356)
[2021.04.14-08.00.18:165][675]LogModuleManager: Shutting down and abandoning module ChaosCloth (354)
[2021.04.14-08.00.18:165][675]LogModuleManager: Shutting down and abandoning module BackChannel (352)
[2021.04.14-08.00.18:165][675]LogModuleManager: Shutting down and abandoning module AutomationUtils (350)
[2021.04.14-08.00.18:166][675]LogModuleManager: Shutting down and abandoning module VisualStudioSourceCodeAccess (348)
[2021.04.14-08.00.18:166][675]LogModuleManager: Shutting down and abandoning module HotReload (347)
[2021.04.14-08.00.18:167][675]LogModuleManager: Shutting down and abandoning module VisualStudioCodeSourceCodeAccess (344)
[2021.04.14-08.00.18:167][675]LogModuleManager: Shutting down and abandoning module UObjectPlugin (342)
[2021.04.14-08.00.18:167][675]LogModuleManager: Shutting down and abandoning module SubversionSourceControl (340)
[2021.04.14-08.00.18:168][675]LogModuleManager: Shutting down and abandoning module RiderSourceCodeAccess (338)
[2021.04.14-08.00.18:168][675]LogModuleManager: Shutting down and abandoning module PerforceSourceControl (336)
[2021.04.14-08.00.18:168][675]LogModuleManager: Shutting down and abandoning module SourceControl (335)
[2021.04.14-08.00.18:169][675]LogModuleManager: Shutting down and abandoning module CLionSourceCodeAccess (332)
[2021.04.14-08.00.18:169][675]LogModuleManager: Shutting down and abandoning module ActorLayerUtilities (330)
[2021.04.14-08.00.18:170][675]LogModuleManager: Shutting down and abandoning module GamesAssignmentTwo (328)
[2021.04.14-08.00.18:170][675]LogModuleManager: Shutting down and abandoning module SoundFields (326)
[2021.04.14-08.00.18:170][675]LogModuleManager: Shutting down and abandoning module SignificanceManager (324)
[2021.04.14-08.00.18:171][675]LogModuleManager: Shutting down and abandoning module RuntimePhysXCooking (322)
[2021.04.14-08.00.18:171][675]LogModuleManager: Shutting down and abandoning module PhysXVehiclesEditor (320)
[2021.04.14-08.00.18:172][675]LogModuleManager: Shutting down and abandoning module LocationServicesBPLibrary (316)
[2021.04.14-08.00.18:173][675]LogModuleManager: Shutting down and abandoning module ActorSequence (314)
[2021.04.14-08.00.18:174][675]LogModuleManager: Shutting down and abandoning module UdpMessaging (312)
[2021.04.14-08.00.18:175][675]LogModuleManager: Shutting down and abandoning module TcpMessaging (310)
[2021.04.14-08.00.18:175][675]LogModuleManager: Shutting down and abandoning module MagicLeapARPin (308)
[2021.04.14-08.00.18:175][675]LogModuleManager: Shutting down and abandoning module MagicLeapHandMeshing (306)
[2021.04.14-08.00.18:175][675]LogModuleManager: Shutting down and abandoning module MagicLeapSecureStorage (304)
[2021.04.14-08.00.18:176][675]LogModuleManager: Shutting down and abandoning module MagicLeapPrivileges (302)
[2021.04.14-08.00.18:176][675]LogModuleManager: Shutting down and abandoning module MagicLeapPlanes (300)
[2021.04.14-08.00.18:176][675]LogMagicLeapPlanes: Planes tracker already destroyed.
[2021.04.14-08.00.18:177][675]LogModuleManager: Shutting down and abandoning module MagicLeapImageTracker (298)
[2021.04.14-08.00.18:177][675]LogModuleManager: Shutting down and abandoning module MagicLeapIdentity (296)
[2021.04.14-08.00.18:177][675]LogModuleManager: Shutting down and abandoning module MagicLeapHandTracking (294)
[2021.04.14-08.00.18:178][675]LogModuleManager: Shutting down and abandoning module MagicLeapEyeTracker (292)
[2021.04.14-08.00.18:178][675]LogModuleManager: Shutting down and abandoning module MagicLeapController (290)
[2021.04.14-08.00.18:178][675]LogSlate: Slate User Destroyed.  User Index 0, Is Virtual User: 0
[2021.04.14-08.00.18:179][675]LogModuleManager: Shutting down and abandoning module MagicLeapARPinImpl (288)
[2021.04.14-08.00.18:179][675]LogModuleManager: Shutting down and abandoning module MagicLeapAR (286)
[2021.04.14-08.00.18:180][675]LogModuleManager: Shutting down and abandoning module AugmentedReality (285)
[2021.04.14-08.00.18:180][675]LogModuleManager: Shutting down and abandoning module NiagaraAnimNotifies (282)
[2021.04.14-08.00.18:181][675]LogModuleManager: Shutting down and abandoning module Niagara (280)
[2021.04.14-08.00.18:181][675]LogModuleManager: Shutting down and abandoning module SignalProcessing (279)
[2021.04.14-08.00.18:182][675]LogModuleManager: Shutting down and abandoning module NiagaraEditor (277)
[2021.04.14-08.00.18:184][675]LogModuleManager: Shutting down and abandoning module NiagaraCore (274)
[2021.04.14-08.00.18:184][675]LogModuleManager: Shutting down and abandoning module GameplayTagsEditor (272)
[2021.04.14-08.00.18:185][675]LogModuleManager: Shutting down and abandoning module FacialAnimation (270)
[2021.04.14-08.00.18:185][675]LogModuleManager: Shutting down and abandoning module AssetManagerEditor (268)
[2021.04.14-08.00.18:185][675]LogModuleManager: Shutting down and abandoning module TreeMap (267)
[2021.04.14-08.00.18:185][675]LogModuleManager: Shutting down and abandoning module AnimationSharing (264)
[2021.04.14-08.00.18:186][675]LogModuleManager: Shutting down and abandoning module LightPropagationVolumeRuntime (262)
[2021.04.14-08.00.18:186][675]LogModuleManager: Shutting down and abandoning module Paper2D (260)
[2021.04.14-08.00.18:186][675]LogModuleManager: Shutting down and abandoning module WindowsMoviePlayer (258)
[2021.04.14-08.00.18:187][675]LogModuleManager: Shutting down and abandoning module WebMMoviePlayer (256)
[2021.04.14-08.00.18:187][675]LogModuleManager: Shutting down and abandoning module NetworkReplayStreaming (254)
[2021.04.14-08.00.18:187][675]LogModuleManager: Shutting down and abandoning module PacketHandler (252)
[2021.04.14-08.00.18:188][675]LogModuleManager: Shutting down and abandoning module ClothingSystemEditor (250)
[2021.04.14-08.00.18:188][675]LogModuleManager: Shutting down and abandoning module ClothingSystemRuntimeNv (248)
[2021.04.14-08.00.18:188][675]LogModuleManager: Shutting down and abandoning module MediaAssets (246)
[2021.04.14-08.00.18:189][675]LogModuleManager: Shutting down and abandoning module Overlay (244)
[2021.04.14-08.00.18:189][675]LogModuleManager: Shutting down and abandoning module OverlayEditor (243)
[2021.04.14-08.00.18:190][675]LogModuleManager: Shutting down and abandoning module VREditor (240)
[2021.04.14-08.00.18:190][675]LogModuleManager: Shutting down and abandoning module StringTableEditor (238)
[2021.04.14-08.00.18:190][675]LogModuleManager: Shutting down and abandoning module GameplayTasksEditor (236)
[2021.04.14-08.00.18:191][675]LogModuleManager: Shutting down and abandoning module BehaviorTreeEditor (234)
[2021.04.14-08.00.18:191][675]LogModuleManager: Shutting down and abandoning module FunctionalTesting (232)
[2021.04.14-08.00.18:191][675]LogModuleManager: Shutting down and abandoning module CollisionAnalyzer (230)
[2021.04.14-08.00.18:192][675]LogModuleManager: Shutting down and abandoning module UMG (228)
[2021.04.14-08.00.18:196][675]LogModuleManager: Shutting down and abandoning module UMGEditor (227)
[2021.04.14-08.00.18:197][675]LogModuleManager: Shutting down and abandoning module Sequencer (226)
[2021.04.14-08.00.18:197][675]LogModuleManager: Shutting down and abandoning module MessageLog (223)
[2021.04.14-08.00.18:198][675]LogModuleManager: Shutting down and abandoning module MaterialEditor (221)
[2021.04.14-08.00.18:198][675]LogModuleManager: Shutting down and abandoning module ContentBrowser (220)
[2021.04.14-08.00.18:198][675]LogModuleManager: Shutting down and abandoning module WorkspaceMenuStructure (219)
[2021.04.14-08.00.18:199][675]LogModuleManager: Shutting down and abandoning module CollectionManager (217)
[2021.04.14-08.00.18:199][675]LogModuleManager: Shutting down and abandoning module DirectoryWatcher (216)
[2021.04.14-08.00.18:200][675]LogModuleManager: Shutting down and abandoning module SlateReflector (208)
[2021.04.14-08.00.18:200][675]LogModuleManager: Shutting down and abandoning module Slate (206)
[2021.04.14-08.00.18:200][675]LogModuleManager: Shutting down and abandoning module SlateCore (204)
[2021.04.14-08.00.18:201][675]LogModuleManager: Shutting down and abandoning module LandscapeEditorUtilities (202)
[2021.04.14-08.00.18:201][675]LogModuleManager: Shutting down and abandoning module EditorStyle (200)
[2021.04.14-08.00.18:202][675]LogModuleManager: Shutting down and abandoning module UnrealEd (198)
[2021.04.14-08.00.18:202][675]LogModuleManager: Shutting down and abandoning module MRMesh (196)
[2021.04.14-08.00.18:202][675]LogModuleManager: Shutting down and abandoning module Messaging (194)
[2021.04.14-08.00.18:203][675]LogModuleManager: Shutting down and abandoning module SourceCodeAccess (192)
[2021.04.14-08.00.18:204][675]LogModuleManager: Shutting down and abandoning module HeadMountedDisplay (190)
[2021.04.14-08.00.18:205][675]LogModuleManager: Shutting down and abandoning module XAudio2 (188)
[2021.04.14-08.00.18:205][675]LogModuleManager: Shutting down and abandoning module Networking (186)
[2021.04.14-08.00.18:206][675]LogModuleManager: Shutting down and abandoning module Core (184)
[2021.04.14-08.00.18:206][675]LogModuleManager: Shutting down and abandoning module MovieSceneTools (182)
[2021.04.14-08.00.18:206][675]LogModuleManager: Shutting down and abandoning module KismetCompiler (180)
[2021.04.14-08.00.18:207][675]LogModuleManager: Shutting down and abandoning module MeshBuilder (178)
[2021.04.14-08.00.18:207][675]LogModuleManager: Shutting down and abandoning module MeshUtilities (176)
[2021.04.14-08.00.18:208][675]LogModuleManager: Shutting down and abandoning module MeshMergeUtilities (175)
[2021.04.14-08.00.18:208][675]LogModuleManager: Shutting down and abandoning module MeshReductionInterface (174)
[2021.04.14-08.00.18:208][675]LogModuleManager: Shutting down and abandoning module MeshBoneReduction (173)
[2021.04.14-08.00.18:209][675]LogModuleManager: Shutting down and abandoning module SkeletalMeshReduction (171)
[2021.04.14-08.00.18:209][675]LogModuleManager: Shutting down and abandoning module ProxyLODMeshReduction (169)
[2021.04.14-08.00.18:210][675]LogModuleManager: Shutting down and abandoning module QuadricMeshReduction (167)
[2021.04.14-08.00.18:210][675]LogModuleManager: Shutting down and abandoning module MaterialBaking (163)
[2021.04.14-08.00.18:211][675]LogModuleManager: Shutting down and abandoning module NullInstallBundleManager (158)
[2021.04.14-08.00.18:211][675]LogModuleManager: Shutting down and abandoning module PIEPreviewDeviceProfileSelector (156)
[2021.04.14-08.00.18:212][675]LogModuleManager: Shutting down and abandoning module DerivedDataCache (154)
[2021.04.14-08.00.18:213][675]LogModuleManager: Shutting down and abandoning module XGEController (152)
[2021.04.14-08.00.18:217][675]LogModuleManager: Shutting down and abandoning module TargetPlatform (150)
[2021.04.14-08.00.18:217][675]LogModuleManager: Shutting down and abandoning module VulkanShaderFormat (149)
[2021.04.14-08.00.18:218][675]LogModuleManager: Shutting down and abandoning module ShaderFormatVectorVM (147)
[2021.04.14-08.00.18:218][675]LogModuleManager: Shutting down and abandoning module ShaderFormatOpenGL (145)
[2021.04.14-08.00.18:218][675]LogModuleManager: Shutting down and abandoning module ShaderFormatD3D (143)
[2021.04.14-08.00.18:219][675]LogModuleManager: Shutting down and abandoning module MetalShaderFormat (141)
[2021.04.14-08.00.18:219][675]LogModuleManager: Shutting down and abandoning module TextureFormatUncompressed (139)
[2021.04.14-08.00.18:219][675]LogModuleManager: Shutting down and abandoning module TextureFormatPVR (137)
[2021.04.14-08.00.18:220][675]LogModuleManager: Shutting down and abandoning module TextureFormatDXT (135)
[2021.04.14-08.00.18:220][675]LogModuleManager: Shutting down and abandoning module TextureFormatIntelISPCTexComp (133)
[2021.04.14-08.00.18:220][675]LogModuleManager: Shutting down and abandoning module TextureFormatASTC (131)
[2021.04.14-08.00.18:221][675]LogModuleManager: Shutting down and abandoning module ImageWrapper (130)
[2021.04.14-08.00.18:221][675]LogModuleManager: Shutting down and abandoning module TextureFormatAndroid (127)
[2021.04.14-08.00.18:222][675]LogModuleManager: Shutting down and abandoning module AudioFormatOpus (125)
[2021.04.14-08.00.18:222][675]LogModuleManager: Shutting down and abandoning module AudioFormatOgg (123)
[2021.04.14-08.00.18:223][675]LogModuleManager: Shutting down and abandoning module AudioFormatADPCM (121)
[2021.04.14-08.00.18:224][675]LogModuleManager: Shutting down and abandoning module WindowsServerTargetPlatform (119)
[2021.04.14-08.00.18:225][675]LogModuleManager: Shutting down and abandoning module WindowsClientTargetPlatform (117)
[2021.04.14-08.00.18:225][675]LogModuleManager: Shutting down and abandoning module WindowsTargetPlatform (115)
[2021.04.14-08.00.18:225][675]LogModuleManager: Shutting down and abandoning module WindowsNoEditorTargetPlatform (113)
[2021.04.14-08.00.18:226][675]LogModuleManager: Shutting down and abandoning module InputCore (110)
[2021.04.14-08.00.18:226][675]LogModuleManager: Shutting down and abandoning module Settings (108)
[2021.04.14-08.00.18:226][675]LogModuleManager: Shutting down and abandoning module PhysXCooking (106)
[2021.04.14-08.00.18:227][675]LogModuleManager: Shutting down and abandoning module ChaosSolvers (104)
[2021.04.14-08.00.18:227][675]LogModuleManager: Shutting down and abandoning module FieldSystemEngine (103)
[2021.04.14-08.00.18:228][675]LogModuleManager: Shutting down and abandoning module Chaos (100)
[2021.04.14-08.00.18:229][675]LogModuleManager: Shutting down and abandoning module WindowsPlatformFeatures (98)
[2021.04.14-08.00.18:229][675]LogModuleManager: Shutting down and abandoning module GameplayMediaEncoder (97)
[2021.04.14-08.00.18:230][675]LogModuleManager: Shutting down and abandoning module AVEncoder (96)
[2021.04.14-08.00.18:230][675]LogModuleManager: Shutting down and abandoning module SteamVRInputDevice (92)
[2021.04.14-08.00.18:231][675]LogModuleManager: Shutting down and abandoning module SteamVRInput (90)
[2021.04.14-08.00.18:231][675]LogModuleManager: Shutting down and abandoning module SteamVR (88)
[2021.04.14-08.00.18:231][675]LogHMD: Freeing OpenVRDLLHandle.
[2021.04.14-08.00.18:232][675]LogModuleManager: Shutting down and abandoning module OculusHMD (86)
[2021.04.14-08.00.18:232][675]LogModuleManager: Shutting down and abandoning module ExampleDeviceProfileSelector (84)
[2021.04.14-08.00.18:232][675]LogModuleManager: Shutting down and abandoning module LauncherChunkInstaller (82)
[2021.04.14-08.00.18:233][675]LogModuleManager: Shutting down and abandoning module OnlineBlueprintSupport (80)
[2021.04.14-08.00.18:235][675]LogModuleManager: Shutting down and abandoning module OnlineSubsystem (76)
[2021.04.14-08.00.18:236][675]LogModuleManager: Shutting down and abandoning module XMPP (71)
[2021.04.14-08.00.18:236][675]LogModuleManager: Shutting down and abandoning module WebSockets (70)
[2021.04.14-08.00.18:258][675]LogModuleManager: Shutting down and abandoning module HTTP (67)
[2021.04.14-08.00.18:288][675]LogModuleManager: Shutting down and abandoning module SSL (66)
[2021.04.14-08.00.18:289][675]LogModuleManager: Shutting down and abandoning module WmfMedia (62)
[2021.04.14-08.00.18:291][675]LogModuleManager: Shutting down and abandoning module Media (61)
[2021.04.14-08.00.18:291][675]LogModuleManager: Shutting down and abandoning module MagicLeap (58)
[2021.04.14-08.00.18:291][675]LogModuleManager: Shutting down and abandoning module NiagaraVertexFactories (56)
[2021.04.14-08.00.18:292][675]LogModuleManager: Shutting down and abandoning module NiagaraShader (54)
[2021.04.14-08.00.18:292][675]LogModuleManager: Shutting down and abandoning module VariantManagerContent (52)
[2021.04.14-08.00.18:292][675]LogModuleManager: Shutting down and abandoning module DatasmithContent (50)
[2021.04.14-08.00.18:293][675]LogModuleManager: Shutting down and abandoning module AISupportModule (48)
[2021.04.14-08.00.18:293][675]LogModuleManager: Shutting down and abandoning module DesktopPlatform (46)
[2021.04.14-08.00.18:294][675]LogModuleManager: Shutting down and abandoning module PlatformCryptoOpenSSL (44)
[2021.04.14-08.00.18:294][675]LogModuleManager: Shutting down and abandoning module PlatformCryptoTypes (42)
[2021.04.14-08.00.18:295][675]LogModuleManager: Shutting down and abandoning module PlatformCrypto (40)
[2021.04.14-08.00.18:296][675]LogModuleManager: Shutting down and abandoning module AnimationModifiers (38)
[2021.04.14-08.00.18:296][675]LogModuleManager: Shutting down and abandoning module PropertyEditor (37)
[2021.04.14-08.00.18:296][675]LogModuleManager: Shutting down and abandoning module AudioEditor (34)
[2021.04.14-08.00.18:296][675]LogModuleManager: Shutting down and abandoning module TextureCompressor (32)
[2021.04.14-08.00.18:297][675]LogModuleManager: Shutting down and abandoning module RenderCore (30)
[2021.04.14-08.00.18:297][675]LogModuleManager: Shutting down and abandoning module Landscape (28)
[2021.04.14-08.00.18:297][675]LogModuleManager: Shutting down and abandoning module SlateRHIRenderer (26)
[2021.04.14-08.00.18:298][675]LogModuleManager: Shutting down and abandoning module OpenGLDrv (24)
[2021.04.14-08.00.18:299][675]LogModuleManager: Shutting down and abandoning module D3D11RHI (22)
[2021.04.14-08.00.18:301][675]LogModuleManager: Shutting down and abandoning module AnimGraphRuntime (20)
[2021.04.14-08.00.18:301][675]LogModuleManager: Shutting down and abandoning module Renderer (18)
[2021.04.14-08.00.18:301][675]LogModuleManager: Shutting down and abandoning module Engine (16)
[2021.04.14-08.00.18:302][675]LogModuleManager: Shutting down and abandoning module CoreUObject (14)
[2021.04.14-08.00.18:302][675]LogModuleManager: Shutting down and abandoning module NetworkFile (12)
[2021.04.14-08.00.18:302][675]LogModuleManager: Shutting down and abandoning module CookedIterativeFile (10)
[2021.04.14-08.00.18:303][675]LogModuleManager: Shutting down and abandoning module StreamingFile (8)
[2021.04.14-08.00.18:303][675]LogModuleManager: Shutting down and abandoning module SandboxFile (6)
[2021.04.14-08.00.18:303][675]LogModuleManager: Shutting down and abandoning module PakFile (4)
[2021.04.14-08.00.18:304][675]LogModuleManager: Shutting down and abandoning module RSA (3)
[2021.04.14-08.00.18:499][675]LogContentStreaming: Display: There are 1 unreleased StreamingManagers
[2021.04.14-08.00.18:499][675]LogD3D11RHI: Shutdown
[2021.04.14-08.00.18:500][675]LogD3D11RHI: CleanupD3DDevice
[2021.04.14-08.00.18:518][675]LogExit: Exiting.
[2021.04.14-08.00.18:530][675]Log file closed, 04/14/21 09:00:18
