Log file open, 04/14/21 02:48:39
LogInit: Display: Running engine for game: GamesAssignmentTwo
LogPlatformFile: Not using cached read wrapper
LogTaskGraph: Started task graph with 5 named threads and 71 total threads with 3 sets of task threads.
LogStats: Stats thread started at 0.278423
LogD3D11RHI: Loaded GFSDK_Aftermath_Lib.x64.dll
LogICUInternationalization: ICU TimeZone Detection - Raw Offset: +0:00, Platform Override: ''
LogPluginManager: Mounting plugin Paper2D
LogPluginManager: Mounting plugin AISupport
LogPluginManager: Mounting plugin LightPropagationVolume
LogPluginManager: Mounting plugin CameraShakePreviewer
LogPluginManager: Mounting plugin ActorLayerUtilities
LogPluginManager: Mounting plugin AnimationSharing
LogPluginManager: Mounting plugin CLionSourceCodeAccess
LogPluginManager: Mounting plugin CodeLiteSourceCodeAccess
LogPluginManager: Mounting plugin GitSourceControl
LogPluginManager: Mounting plugin KDevelopSourceCodeAccess
LogPluginManager: Mounting plugin NullSourceCodeAccess
LogPluginManager: Mounting plugin PerforceSourceControl
LogPluginManager: Mounting plugin PlasticSourceControl
LogPluginManager: Mounting plugin RiderSourceCodeAccess
LogPluginManager: Mounting plugin SubversionSourceControl
LogPluginManager: Mounting plugin UObjectPlugin
LogPluginManager: Mounting plugin VisualStudioCodeSourceCodeAccess
LogPluginManager: Mounting plugin VisualStudioSourceCodeAccess
LogPluginManager: Mounting plugin XCodeSourceCodeAccess
LogPluginManager: Mounting plugin AssetManagerEditor
LogPluginManager: Mounting plugin CryptoKeys
LogPluginManager: Mounting plugin CurveEditorTools
LogPluginManager: Mounting plugin DataValidation
LogPluginManager: Mounting plugin EditorScriptingUtilities
LogPluginManager: Mounting plugin FacialAnimation
LogPluginManager: Mounting plugin GameplayTagsEditor
LogPluginManager: Mounting plugin GeometryMode
LogPluginManager: Mounting plugin MacGraphicsSwitching
LogPluginManager: Mounting plugin MaterialAnalyzer
LogPluginManager: Mounting plugin MobileLauncherProfileWizard
LogPluginManager: Mounting plugin PluginBrowser
LogPluginManager: Mounting plugin SpeedTreeImporter
LogPluginManager: Mounting plugin DatasmithContent
LogPluginManager: Mounting plugin VariantManagerContent
LogPluginManager: Mounting plugin AlembicImporter
LogPluginManager: Mounting plugin AutomationUtils
LogPluginManager: Mounting plugin BackChannel
LogPluginManager: Mounting plugin ChaosCloth
LogPluginManager: Mounting plugin ChaosClothEditor
LogPluginManager: Mounting plugin ChaosEditor
LogPluginManager: Mounting plugin ChaosNiagara
LogPluginManager: Mounting plugin ChaosSolverPlugin
LogPluginManager: Mounting plugin CharacterAI
LogPluginManager: Mounting plugin GeometryCache
LogPluginManager: Mounting plugin GeometryCollectionPlugin
LogPluginManager: Mounting plugin GeometryProcessing
LogPluginManager: Mounting plugin PlanarCut
LogPluginManager: Mounting plugin PlatformCrypto
LogPluginManager: Mounting plugin ProxyLODPlugin
LogPluginManager: Mounting plugin SkeletalReduction
LogPluginManager: Mounting plugin Niagara
LogPluginManager: Mounting plugin MagicLeap
LogPluginManager: Mounting plugin MagicLeapLightEstimation
LogPluginManager: Mounting plugin MagicLeapMedia
LogPluginManager: Mounting plugin MagicLeapPassableWorld
LogPluginManager: Mounting plugin MLSDK
LogPluginManager: Mounting plugin AndroidMedia
LogPluginManager: Mounting plugin AvfMedia
LogPluginManager: Mounting plugin ImgMedia
LogPluginManager: Mounting plugin MediaCompositing
LogPluginManager: Mounting plugin MediaPlayerEditor
LogPluginManager: Mounting plugin WebMMedia
LogPluginManager: Mounting plugin WmfMedia
LogPluginManager: Mounting plugin MeshPainting
LogPluginManager: Mounting plugin TcpMessaging
LogPluginManager: Mounting plugin UdpMessaging
LogPluginManager: Mounting plugin ActorSequence
LogPluginManager: Mounting plugin LevelSequenceEditor
LogPluginManager: Mounting plugin MatineeToLevelSequence
LogPluginManager: Mounting plugin MovieRenderPipeline
LogPluginManager: Mounting plugin TemplateSequence
LogPluginManager: Mounting plugin NetcodeUnitTest
LogPluginManager: Mounting plugin NUTUnrealEngine4
LogPluginManager: Mounting plugin OnlineSubsystemGooglePlay
LogPluginManager: Mounting plugin OnlineSubsystemIOS
LogPluginManager: Mounting plugin OnlineSubsystem
LogPluginManager: Mounting plugin OnlineSubsystemNull
LogPluginManager: Mounting plugin OnlineSubsystemUtils
LogPluginManager: Mounting plugin LauncherChunkInstaller
LogPluginManager: Mounting plugin AndroidDeviceProfileSelector
LogPluginManager: Mounting plugin AndroidMoviePlayer
LogPluginManager: Mounting plugin AndroidPermission
LogPluginManager: Mounting plugin AppleImageUtils
LogPluginManager: Mounting plugin AppleMoviePlayer
LogPluginManager: Mounting plugin ArchVisCharacter
LogPluginManager: Mounting plugin AssetTags
LogPluginManager: Mounting plugin AudioCapture
LogPluginManager: Mounting plugin CableComponent
LogPluginManager: Mounting plugin CustomMeshComponent
LogPluginManager: Mounting plugin EditableMesh
LogPluginManager: Mounting plugin ExampleDeviceProfileSelector
LogPluginManager: Mounting plugin GoogleCloudMessaging
LogPluginManager: Mounting plugin GooglePAD
LogPluginManager: Mounting plugin IOSDeviceProfileSelector
LogPluginManager: Mounting plugin LinuxDeviceProfileSelector
LogPluginManager: Mounting plugin LocationServicesBPLibrary
LogPluginManager: Mounting plugin MobilePatchingUtils
LogPluginManager: Mounting plugin OculusVR
LogPluginManager: Mounting plugin PhysXVehicles
LogPluginManager: Mounting plugin PostSplashScreen
LogPluginManager: Mounting plugin ProceduralMeshComponent
LogPluginManager: Mounting plugin RuntimePhysXCooking
LogPluginManager: Mounting plugin SignificanceManager
LogPluginManager: Mounting plugin SoundFields
LogPluginManager: Mounting plugin SteamVR
LogPluginManager: Mounting plugin Synthesis
LogPluginManager: Mounting plugin WebMMoviePlayer
LogPluginManager: Mounting plugin WindowsMoviePlayer
LogPluginManager: Mounting plugin ScreenshotTools
LogInit: Using libcurl 7.55.1-DEV
LogInit:  - built for x86_64-pc-win32
LogInit:  - supports SSL with OpenSSL/1.1.1
LogInit:  - supports HTTP deflate (compression) using libz 1.2.8
LogInit:  - other features:
LogInit:      CURL_VERSION_SSL
LogInit:      CURL_VERSION_LIBZ
LogInit:      CURL_VERSION_IPV6
LogInit:      CURL_VERSION_ASYNCHDNS
LogInit:      CURL_VERSION_LARGEFILE
LogInit:      CURL_VERSION_IDN
LogInit:  CurlRequestOptions (configurable via config and command line):
LogInit:  - bVerifyPeer = true  - Libcurl will verify peer certificate
LogInit:  - bUseHttpProxy = false  - Libcurl will NOT use HTTP proxy
LogInit:  - bDontReuseConnections = false  - Libcurl will reuse connections
LogInit:  - MaxHostConnections = 16  - Libcurl will limit the number of connections to a host
LogInit:  - LocalHostAddr = Default
LogInit:  - BufferSize = 65536
LogOnline: OSS: Creating online subsystem instance for: NULL
LogInit: WinSock: version 1.1 (2.2), MaxSocks=32767, MaxUdp=65467
LogOnline: OSS: TryLoadSubsystemAndSetDefault: Loaded subsystem for module [NULL]
LogInit: Build: ++UE4+Release-4.25-CL-14469661
LogInit: Engine Version: 4.25.4-14469661+++UE4+Release-4.25
LogInit: Compatible Engine Version: 4.25.0-13144385+++UE4+Release-4.25
LogInit: Net CL: 13144385
LogInit: OS: Windows 10 (Release 2009) (), CPU: AMD Ryzen 9 3900X 12-Core Processor            , GPU: NVIDIA GeForce GTX 1060 6GB
LogInit: Compiled (64-bit): Oct 11 2020 08:10:49
LogInit: Compiled with Visual C++: 19.24.28315.00
LogInit: Build Configuration: Development
LogInit: Branch Name: ++UE4+Release-4.25
LogInit: Command Line:  -skipcompile
LogInit: Base Directory: E:/UNREAL ENGINE/UE_4.25/Engine/Binaries/Win64/
LogInit: Allocator: TBB
LogInit: Installed Engine Build: 1
LogDevObjectVersion: Number of dev versions registered: 26
LogDevObjectVersion:   Dev-Blueprints (B0D832E4-1F89-4F0D-ACCF-7EB736FD4AA2): 10
LogDevObjectVersion:   Dev-Build (E1C64328-A22C-4D53-A36C-8E866417BD8C): 0
LogDevObjectVersion:   Dev-Core (375EC13C-06E4-48FB-B500-84F0262A717E): 4
LogDevObjectVersion:   Dev-Editor (E4B068ED-F494-42E9-A231-DA0B2E46BB41): 38
LogDevObjectVersion:   Dev-Framework (CFFC743F-43B0-4480-9391-14DF171D2073): 37
LogDevObjectVersion:   Dev-Mobile (B02B49B5-BB20-44E9-A304-32B752E40360): 2
LogDevObjectVersion:   Dev-Networking (A4E4105C-59A1-49B5-A7C5-40C4547EDFEE): 0
LogDevObjectVersion:   Dev-Online (39C831C9-5AE6-47DC-9A44-9C173E1C8E7C): 0
LogDevObjectVersion:   Dev-Physics (78F01B33-EBEA-4F98-B9B4-84EACCB95AA2): 4
LogDevObjectVersion:   Dev-Platform (6631380F-2D4D-43E0-8009-CF276956A95A): 0
LogDevObjectVersion:   Dev-Rendering (12F88B9F-8875-4AFC-A67C-D90C383ABD29): 43
LogDevObjectVersion:   Dev-Sequencer (7B5AE74C-D270-4C10-A958-57980B212A5A): 12
LogDevObjectVersion:   Dev-VR (D7296918-1DD6-4BDD-9DE2-64A83CC13884): 3
LogDevObjectVersion:   Dev-LoadTimes (C2A15278-BFE7-4AFE-6C17-90FF531DF755): 1
LogDevObjectVersion:   Private-Geometry (6EACA3D4-40EC-4CC1-B786-8BED09428FC5): 3
LogDevObjectVersion:   Dev-AnimPhys (29E575DD-E0A3-4627-9D10-D276232CDCEA): 17
LogDevObjectVersion:   Dev-Anim (AF43A65D-7FD3-4947-9873-3E8ED9C1BB05): 7
LogDevObjectVersion:   Dev-ReflectionCapture (6B266CEC-1EC7-4B8F-A30B-E4D90942FC07): 1
LogDevObjectVersion:   Dev-Automation (0DF73D61-A23F-47EA-B727-89E90C41499A): 1
LogDevObjectVersion:   FortniteMain (601D1886-AC64-4F84-AA16-D3DE0DEAC7D6): 31
LogDevObjectVersion:   Dev-Enterprise (9DFFBCD6-494F-0158-E221-12823C92A888): 10
LogDevObjectVersion:   Dev-Niagara (F2AED0AC-9AFE-416F-8664-AA7FFA26D6FC): 1
LogDevObjectVersion:   Dev-Destruction (174F1F0B-B4C6-45A5-B13F-2EE8D0FB917D): 10
LogDevObjectVersion:   Dev-Physics-Ext (35F94A83-E258-406C-A318-09F59610247C): 37
LogDevObjectVersion:   Dev-PhysicsMaterial-Chaos (B68FC16E-8B1B-42E2-B453-215C058844FE): 1
LogDevObjectVersion:   Dev-CineCamera (B2E18506-4273-CFC2-A54E-F4BB758BBA07): 1
LogInit: Presizing for max 25165824 objects, including 0 objects not considered by GC, pre-allocating 0 bytes for permanent pool.
LogConfig: Applying CVar settings from Section [/Script/Engine.StreamingSettings] File [C:/Users/aveng/Documents/GitHub/GamesAssignment2-SecondYear/Games Assignment Two/GamesAssignmentTwo/Saved/Config/Windows/Engine.ini]
LogConfig: Setting CVar [[s.MinBulkDataSizeForAsyncLoading:131072]]
LogConfig: Setting CVar [[s.AsyncLoadingThreadEnabled:0]]
LogConfig: Setting CVar [[s.EventDrivenLoaderEnabled:1]]
LogConfig: Setting CVar [[s.WarnIfTimeLimitExceeded:0]]
LogConfig: Setting CVar [[s.TimeLimitExceededMultiplier:1.5]]
LogConfig: Setting CVar [[s.TimeLimitExceededMinTime:0.005]]
LogConfig: Setting CVar [[s.UseBackgroundLevelStreaming:1]]
LogConfig: Setting CVar [[s.PriorityAsyncLoadingExtraTime:15.0]]
LogConfig: Setting CVar [[s.LevelStreamingActorsUpdateTimeLimit:5.0]]
LogConfig: Setting CVar [[s.PriorityLevelStreamingActorsUpdateExtraTime:5.0]]
LogConfig: Setting CVar [[s.LevelStreamingComponentsRegistrationGranularity:10]]
LogConfig: Setting CVar [[s.UnregisterComponentsTimeLimit:1.0]]
LogConfig: Setting CVar [[s.LevelStreamingComponentsUnregistrationGranularity:5]]
LogConfig: Setting CVar [[s.FlushStreamingOnExit:1]]
LogInit: Object subsystem initialized
LogConfig: Setting CVar [[con.DebugEarlyDefault:1]]
LogConfig: Setting CVar [[r.setres:1280x720]]
[2021.04.14-01.48.39:636][  0]LogConfig: Setting CVar [[r.VSync:0]]
[2021.04.14-01.48.39:636][  0]LogConfig: Setting CVar [[r.RHICmdBypass:0]]
[2021.04.14-01.48.39:636][  0]LogConfig: Applying CVar settings from Section [/Script/Engine.RendererSettings] File [C:/Users/aveng/Documents/GitHub/GamesAssignment2-SecondYear/Games Assignment Two/GamesAssignmentTwo/Saved/Config/Windows/Engine.ini]
[2021.04.14-01.48.39:636][  0]LogConfig: Setting CVar [[r.GPUCrashDebugging:0]]
[2021.04.14-01.48.39:636][  0]LogConfig: Applying CVar settings from Section [/Script/Engine.RendererOverrideSettings] File [C:/Users/aveng/Documents/GitHub/GamesAssignment2-SecondYear/Games Assignment Two/GamesAssignmentTwo/Saved/Config/Windows/Engine.ini]
[2021.04.14-01.48.39:637][  0]LogConfig: Applying CVar settings from Section [/Script/Engine.StreamingSettings] File [C:/Users/aveng/Documents/GitHub/GamesAssignment2-SecondYear/Games Assignment Two/GamesAssignmentTwo/Saved/Config/Windows/Engine.ini]
[2021.04.14-01.48.39:637][  0]LogConfig: Setting CVar [[s.MinBulkDataSizeForAsyncLoading:131072]]
[2021.04.14-01.48.39:637][  0]LogConfig: Setting CVar [[s.AsyncLoadingThreadEnabled:0]]
[2021.04.14-01.48.39:637][  0]LogConfig: Setting CVar [[s.EventDrivenLoaderEnabled:1]]
[2021.04.14-01.48.39:637][  0]LogConfig: Setting CVar [[s.WarnIfTimeLimitExceeded:0]]
[2021.04.14-01.48.39:637][  0]LogConfig: Setting CVar [[s.TimeLimitExceededMultiplier:1.5]]
[2021.04.14-01.48.39:637][  0]LogConfig: Setting CVar [[s.TimeLimitExceededMinTime:0.005]]
[2021.04.14-01.48.39:637][  0]LogConfig: Setting CVar [[s.UseBackgroundLevelStreaming:1]]
[2021.04.14-01.48.39:637][  0]LogConfig: Setting CVar [[s.PriorityAsyncLoadingExtraTime:15.0]]
[2021.04.14-01.48.39:637][  0]LogConfig: Setting CVar [[s.LevelStreamingActorsUpdateTimeLimit:5.0]]
[2021.04.14-01.48.39:637][  0]LogConfig: Setting CVar [[s.PriorityLevelStreamingActorsUpdateExtraTime:5.0]]
[2021.04.14-01.48.39:637][  0]LogConfig: Setting CVar [[s.LevelStreamingComponentsRegistrationGranularity:10]]
[2021.04.14-01.48.39:637][  0]LogConfig: Setting CVar [[s.UnregisterComponentsTimeLimit:1.0]]
[2021.04.14-01.48.39:637][  0]LogConfig: Setting CVar [[s.LevelStreamingComponentsUnregistrationGranularity:5]]
[2021.04.14-01.48.39:637][  0]LogConfig: Setting CVar [[s.FlushStreamingOnExit:1]]
[2021.04.14-01.48.39:637][  0]LogConfig: Applying CVar settings from Section [/Script/Engine.GarbageCollectionSettings] File [C:/Users/aveng/Documents/GitHub/GamesAssignment2-SecondYear/Games Assignment Two/GamesAssignmentTwo/Saved/Config/Windows/Engine.ini]
[2021.04.14-01.48.39:638][  0]LogConfig: Setting CVar [[gc.MaxObjectsNotConsideredByGC:1]]
[2021.04.14-01.48.39:638][  0]LogConfig: Setting CVar [[gc.SizeOfPermanentObjectPool:0]]
[2021.04.14-01.48.39:638][  0]LogConfig: Setting CVar [[gc.FlushStreamingOnGC:0]]
[2021.04.14-01.48.39:638][  0]LogConfig: Setting CVar [[gc.NumRetriesBeforeForcingGC:10]]
[2021.04.14-01.48.39:638][  0]LogConfig: Setting CVar [[gc.AllowParallelGC:1]]
[2021.04.14-01.48.39:638][  0]LogConfig: Setting CVar [[gc.TimeBetweenPurgingPendingKillObjects:61.1]]
[2021.04.14-01.48.39:638][  0]LogConfig: Setting CVar [[gc.MaxObjectsInEditor:25165824]]
[2021.04.14-01.48.39:638][  0]LogConfig: Setting CVar [[gc.IncrementalBeginDestroyEnabled:1]]
[2021.04.14-01.48.39:638][  0]LogConfig: Setting CVar [[gc.CreateGCClusters:1]]
[2021.04.14-01.48.39:638][  0]LogConfig: Setting CVar [[gc.MinGCClusterSize:5]]
[2021.04.14-01.48.39:638][  0]LogConfig: Setting CVar [[gc.ActorClusteringEnabled:0]]
[2021.04.14-01.48.39:638][  0]LogConfig: Setting CVar [[gc.BlueprintClusteringEnabled:0]]
[2021.04.14-01.48.39:638][  0]LogConfig: Setting CVar [[gc.UseDisregardForGCOnDedicatedServers:0]]
[2021.04.14-01.48.39:638][  0]LogConfig: Applying CVar settings from Section [/Script/Engine.NetworkSettings] File [C:/Users/aveng/Documents/GitHub/GamesAssignment2-SecondYear/Games Assignment Two/GamesAssignmentTwo/Saved/Config/Windows/Engine.ini]
[2021.04.14-01.48.39:638][  0]LogConfig: Applying CVar settings from Section [/Script/UnrealEd.CookerSettings] File [C:/Users/aveng/Documents/GitHub/GamesAssignment2-SecondYear/Games Assignment Two/GamesAssignmentTwo/Saved/Config/Windows/Engine.ini]
[2021.04.14-01.48.39:646][  0]LogConfig: Applying CVar settings from Section [ViewDistanceQuality@3] File [C:/Users/aveng/Documents/GitHub/GamesAssignment2-SecondYear/Games Assignment Two/GamesAssignmentTwo/Saved/Config/Windows/Scalability.ini]
[2021.04.14-01.48.39:646][  0]LogConfig: Setting CVar [[r.SkeletalMeshLODBias:0]]
[2021.04.14-01.48.39:646][  0]LogConfig: Setting CVar [[r.ViewDistanceScale:1.0]]
[2021.04.14-01.48.39:646][  0]LogConfig: Applying CVar settings from Section [AntiAliasingQuality@3] File [C:/Users/aveng/Documents/GitHub/GamesAssignment2-SecondYear/Games Assignment Two/GamesAssignmentTwo/Saved/Config/Windows/Scalability.ini]
[2021.04.14-01.48.39:646][  0]LogConfig: Setting CVar [[r.PostProcessAAQuality:4]]
[2021.04.14-01.48.39:646][  0]LogConfig: Applying CVar settings from Section [ShadowQuality@3] File [C:/Users/aveng/Documents/GitHub/GamesAssignment2-SecondYear/Games Assignment Two/GamesAssignmentTwo/Saved/Config/Windows/Scalability.ini]
[2021.04.14-01.48.39:646][  0]LogConfig: Setting CVar [[r.LightFunctionQuality:1]]
[2021.04.14-01.48.39:646][  0]LogConfig: Setting CVar [[r.ShadowQuality:5]]
[2021.04.14-01.48.39:646][  0]LogConfig: Setting CVar [[r.Shadow.CSM.MaxCascades:10]]
[2021.04.14-01.48.39:646][  0]LogConfig: Setting CVar [[r.Shadow.MaxResolution:2048]]
[2021.04.14-01.48.39:646][  0]LogConfig: Setting CVar [[r.Shadow.MaxCSMResolution:2048]]
[2021.04.14-01.48.39:646][  0]LogConfig: Setting CVar [[r.Shadow.RadiusThreshold:0.01]]
[2021.04.14-01.48.39:646][  0]LogConfig: Setting CVar [[r.Shadow.DistanceScale:1.0]]
[2021.04.14-01.48.39:647][  0]LogConfig: Setting CVar [[r.Shadow.CSM.TransitionScale:1.0]]
[2021.04.14-01.48.39:647][  0]LogConfig: Setting CVar [[r.Shadow.PreShadowResolutionFactor:1.0]]
[2021.04.14-01.48.39:647][  0]LogConfig: Setting CVar [[r.DistanceFieldShadowing:1]]
[2021.04.14-01.48.39:647][  0]LogConfig: Setting CVar [[r.DistanceFieldAO:1]]
[2021.04.14-01.48.39:647][  0]LogConfig: Setting CVar [[r.AOQuality:2]]
[2021.04.14-01.48.39:647][  0]LogConfig: Setting CVar [[r.VolumetricFog:1]]
[2021.04.14-01.48.39:647][  0]LogConfig: Setting CVar [[r.VolumetricFog.GridPixelSize:8]]
[2021.04.14-01.48.39:647][  0]LogConfig: Setting CVar [[r.VolumetricFog.GridSizeZ:128]]
[2021.04.14-01.48.39:647][  0]LogConfig: Setting CVar [[r.VolumetricFog.HistoryMissSupersampleCount:4]]
[2021.04.14-01.48.39:647][  0]LogConfig: Setting CVar [[r.LightMaxDrawDistanceScale:1]]
[2021.04.14-01.48.39:647][  0]LogConfig: Setting CVar [[r.CapsuleShadows:1]]
[2021.04.14-01.48.39:647][  0]LogConfig: Applying CVar settings from Section [PostProcessQuality@3] File [C:/Users/aveng/Documents/GitHub/GamesAssignment2-SecondYear/Games Assignment Two/GamesAssignmentTwo/Saved/Config/Windows/Scalability.ini]
[2021.04.14-01.48.39:647][  0]LogConfig: Setting CVar [[r.MotionBlurQuality:4]]
[2021.04.14-01.48.39:647][  0]LogConfig: Setting CVar [[r.AmbientOcclusionMipLevelFactor:0.4]]
[2021.04.14-01.48.39:647][  0]LogConfig: Setting CVar [[r.AmbientOcclusionMaxQuality:100]]
[2021.04.14-01.48.39:647][  0]LogConfig: Setting CVar [[r.AmbientOcclusionLevels:-1]]
[2021.04.14-01.48.39:647][  0]LogConfig: Setting CVar [[r.AmbientOcclusionRadiusScale:1.0]]
[2021.04.14-01.48.39:648][  0]LogConfig: Setting CVar [[r.DepthOfFieldQuality:2]]
[2021.04.14-01.48.39:648][  0]LogConfig: Setting CVar [[r.RenderTargetPoolMin:400]]
[2021.04.14-01.48.39:648][  0]LogConfig: Setting CVar [[r.LensFlareQuality:2]]
[2021.04.14-01.48.39:648][  0]LogConfig: Setting CVar [[r.SceneColorFringeQuality:1]]
[2021.04.14-01.48.39:648][  0]LogConfig: Setting CVar [[r.EyeAdaptationQuality:2]]
[2021.04.14-01.48.39:648][  0]LogConfig: Setting CVar [[r.BloomQuality:5]]
[2021.04.14-01.48.39:648][  0]LogConfig: Setting CVar [[r.FastBlurThreshold:100]]
[2021.04.14-01.48.39:648][  0]LogConfig: Setting CVar [[r.Upscale.Quality:3]]
[2021.04.14-01.48.39:648][  0]LogConfig: Setting CVar [[r.Tonemapper.GrainQuantization:1]]
[2021.04.14-01.48.39:648][  0]LogConfig: Setting CVar [[r.LightShaftQuality:1]]
[2021.04.14-01.48.39:648][  0]LogConfig: Setting CVar [[r.Filter.SizeScale:1]]
[2021.04.14-01.48.39:648][  0]LogConfig: Setting CVar [[r.Tonemapper.Quality:5]]
[2021.04.14-01.48.39:648][  0]LogConfig: Setting CVar [[r.DOF.Gather.AccumulatorQuality:1        ; higher gathering accumulator quality]]
[2021.04.14-01.48.39:648][  0]LogConfig: Setting CVar [[r.DOF.Gather.PostfilterMethod:1          ; Median3x3 postfilering method]]
[2021.04.14-01.48.39:648][  0]LogConfig: Setting CVar [[r.DOF.Gather.EnableBokehSettings:0       ; no bokeh simulation when gathering]]
[2021.04.14-01.48.39:648][  0]LogConfig: Setting CVar [[r.DOF.Gather.RingCount:4                 ; medium number of samples when gathering]]
[2021.04.14-01.48.39:648][  0]LogConfig: Setting CVar [[r.DOF.Scatter.ForegroundCompositing:1    ; additive foreground scattering]]
[2021.04.14-01.48.39:648][  0]LogConfig: Setting CVar [[r.DOF.Scatter.BackgroundCompositing:2    ; additive background scattering]]
[2021.04.14-01.48.39:648][  0]LogConfig: Setting CVar [[r.DOF.Scatter.EnableBokehSettings:1      ; bokeh simulation when scattering]]
[2021.04.14-01.48.39:648][  0]LogConfig: Setting CVar [[r.DOF.Scatter.MaxSpriteRatio:0.1         ; only a maximum of 10% of scattered bokeh]]
[2021.04.14-01.48.39:649][  0]LogConfig: Setting CVar [[r.DOF.Recombine.Quality:1                ; cheap slight out of focus]]
[2021.04.14-01.48.39:649][  0]LogConfig: Setting CVar [[r.DOF.Recombine.EnableBokehSettings:0    ; no bokeh simulation on slight out of focus]]
[2021.04.14-01.48.39:649][  0]LogConfig: Setting CVar [[r.DOF.TemporalAAQuality:1                ; more stable temporal accumulation]]
[2021.04.14-01.48.39:649][  0]LogConfig: Setting CVar [[r.DOF.Kernel.MaxForegroundRadius:0.025]]
[2021.04.14-01.48.39:649][  0]LogConfig: Setting CVar [[r.DOF.Kernel.MaxBackgroundRadius:0.025]]
[2021.04.14-01.48.39:649][  0]LogConfig: Applying CVar settings from Section [TextureQuality@3] File [C:/Users/aveng/Documents/GitHub/GamesAssignment2-SecondYear/Games Assignment Two/GamesAssignmentTwo/Saved/Config/Windows/Scalability.ini]
[2021.04.14-01.48.39:649][  0]LogConfig: Setting CVar [[r.Streaming.MipBias:0]]
[2021.04.14-01.48.39:649][  0]LogConfig: Setting CVar [[r.Streaming.AmortizeCPUToGPUCopy:0]]
[2021.04.14-01.48.39:649][  0]LogConfig: Setting CVar [[r.Streaming.MaxNumTexturesToStreamPerFrame:0]]
[2021.04.14-01.48.39:649][  0]LogConfig: Setting CVar [[r.Streaming.Boost:1]]
[2021.04.14-01.48.39:649][  0]LogConfig: Setting CVar [[r.MaxAnisotropy:8]]
[2021.04.14-01.48.39:649][  0]LogConfig: Setting CVar [[r.VT.MaxAnisotropy:8]]
[2021.04.14-01.48.39:649][  0]LogConfig: Setting CVar [[r.Streaming.LimitPoolSizeToVRAM:0]]
[2021.04.14-01.48.39:649][  0]LogConfig: Setting CVar [[r.Streaming.PoolSize:1000]]
[2021.04.14-01.48.39:649][  0]LogConfig: Setting CVar [[r.Streaming.MaxEffectiveScreenSize:0]]
[2021.04.14-01.48.39:649][  0]LogConfig: Applying CVar settings from Section [EffectsQuality@3] File [C:/Users/aveng/Documents/GitHub/GamesAssignment2-SecondYear/Games Assignment Two/GamesAssignmentTwo/Saved/Config/Windows/Scalability.ini]
[2021.04.14-01.48.39:649][  0]LogConfig: Setting CVar [[r.TranslucencyLightingVolumeDim:64]]
[2021.04.14-01.48.39:649][  0]LogConfig: Setting CVar [[r.RefractionQuality:2]]
[2021.04.14-01.48.39:650][  0]LogConfig: Setting CVar [[r.SSR.Quality:3]]
[2021.04.14-01.48.39:650][  0]LogConfig: Setting CVar [[r.SSR.HalfResSceneColor:0]]
[2021.04.14-01.48.39:650][  0]LogConfig: Setting CVar [[r.SceneColorFormat:4]]
[2021.04.14-01.48.39:650][  0]LogConfig: Setting CVar [[r.DetailMode:2]]
[2021.04.14-01.48.39:650][  0]LogConfig: Setting CVar [[r.TranslucencyVolumeBlur:1]]
[2021.04.14-01.48.39:650][  0]LogConfig: Setting CVar [[r.MaterialQualityLevel:1 ; High quality]]
[2021.04.14-01.48.39:650][  0]LogConfig: Setting CVar [[r.SSS.Scale:1]]
[2021.04.14-01.48.39:650][  0]LogConfig: Setting CVar [[r.SSS.SampleSet:2]]
[2021.04.14-01.48.39:650][  0]LogConfig: Setting CVar [[r.SSS.Quality:1]]
[2021.04.14-01.48.39:650][  0]LogConfig: Setting CVar [[r.SSS.HalfRes:0]]
[2021.04.14-01.48.39:650][  0]LogConfig: Setting CVar [[r.SSGI.Quality:3]]
[2021.04.14-01.48.39:650][  0]LogConfig: Setting CVar [[r.EmitterSpawnRateScale:1.0]]
[2021.04.14-01.48.39:650][  0]LogConfig: Setting CVar [[r.ParticleLightQuality:2]]
[2021.04.14-01.48.39:650][  0]LogConfig: Setting CVar [[r.SkyAtmosphere.AerialPerspectiveLUT.FastApplyOnOpaque:1 ; Always have FastSkyLUT 1 in this case to avoid wrong sky]]
[2021.04.14-01.48.39:650][  0]LogConfig: Setting CVar [[r.SkyAtmosphere.AerialPerspectiveLUT.SampleCountPerSlice:1]]
[2021.04.14-01.48.39:650][  0]LogConfig: Setting CVar [[r.SkyAtmosphere.AerialPerspectiveLUT.DepthResolution:16.0]]
[2021.04.14-01.48.39:650][  0]LogConfig: Setting CVar [[r.SkyAtmosphere.FastSkyLUT:1]]
[2021.04.14-01.48.39:650][  0]LogConfig: Setting CVar [[r.SkyAtmosphere.FastSkyLUT.SampleCountMin:4.0]]
[2021.04.14-01.48.39:650][  0]LogConfig: Setting CVar [[r.SkyAtmosphere.FastSkyLUT.SampleCountMax:32.0]]
[2021.04.14-01.48.39:651][  0]LogConfig: Setting CVar [[r.SkyAtmosphere.SampleCountMin:4.0]]
[2021.04.14-01.48.39:651][  0]LogConfig: Setting CVar [[r.SkyAtmosphere.SampleCountMax:32.0]]
[2021.04.14-01.48.39:651][  0]LogConfig: Setting CVar [[r.SkyAtmosphere.TransmittanceLUT.UseSmallFormat:0]]
[2021.04.14-01.48.39:651][  0]LogConfig: Setting CVar [[r.SkyAtmosphere.TransmittanceLUT.SampleCount:10.0]]
[2021.04.14-01.48.39:651][  0]LogConfig: Setting CVar [[r.SkyAtmosphere.MultiScatteringLUT.SampleCount:15.0]]
[2021.04.14-01.48.39:651][  0]LogConfig: Applying CVar settings from Section [FoliageQuality@3] File [C:/Users/aveng/Documents/GitHub/GamesAssignment2-SecondYear/Games Assignment Two/GamesAssignmentTwo/Saved/Config/Windows/Scalability.ini]
[2021.04.14-01.48.39:651][  0]LogConfig: Setting CVar [[foliage.DensityScale:1.0]]
[2021.04.14-01.48.39:651][  0]LogConfig: Setting CVar [[grass.DensityScale:1.0]]
[2021.04.14-01.48.39:651][  0]LogConfig: Applying CVar settings from Section [ShadingQuality@3] File [C:/Users/aveng/Documents/GitHub/GamesAssignment2-SecondYear/Games Assignment Two/GamesAssignmentTwo/Saved/Config/Windows/Scalability.ini]
[2021.04.14-01.48.39:651][  0]LogConfig: Setting CVar [[r.HairStrands.SkyLighting.SampleCount:16]]
[2021.04.14-01.48.39:651][  0]LogConfig: Setting CVar [[r.HairStrands.SkyLighting.JitterIntegration:0]]
[2021.04.14-01.48.39:651][  0]LogConfig: Setting CVar [[r.HairStrands.SkyAO.SampleCount:16]]
[2021.04.14-01.48.39:651][  0]LogConfig: Setting CVar [[r.HairStrands.DeepShadow.SuperSampling:0]]
[2021.04.14-01.48.39:651][  0]LogConfig: Setting CVar [[r.HairStrands.VisibilityPPLL:0]]
[2021.04.14-01.48.39:651][  0]LogConfig: Setting CVar [[r.HairStrands.RasterizationScale:0.5]]
[2021.04.14-01.48.39:652][  0]LogConfig: Setting CVar [[r.HairStrands.VelocityRasterizationScale:1]]
[2021.04.14-01.48.39:652][  0]LogInit: Selected Device Profile: [Windows]
[2021.04.14-01.48.39:652][  0]LogInit: Applying CVar settings loaded from the selected device profile: [Windows]
[2021.04.14-01.48.39:652][  0]LogHAL: Display: Platform has ~ 32 GB [34260910080 / 34359738368 / 32], which maps to Largest [LargestMinGB=32, LargerMinGB=12, DefaultMinGB=8, SmallerMinGB=6, SmallestMinGB=0)
[2021.04.14-01.48.39:652][  0]LogInit: Going up to parent DeviceProfile []
[2021.04.14-01.48.39:652][  0]LogConfig: Applying CVar settings from Section [ViewDistanceQuality@3] File [C:/Users/aveng/Documents/GitHub/GamesAssignment2-SecondYear/Games Assignment Two/GamesAssignmentTwo/Saved/Config/Windows/Scalability.ini]
[2021.04.14-01.48.39:652][  0]LogConfig: Setting CVar [[r.SkeletalMeshLODBias:0]]
[2021.04.14-01.48.39:652][  0]LogConfig: Setting CVar [[r.ViewDistanceScale:1.0]]
[2021.04.14-01.48.39:652][  0]LogConfig: Applying CVar settings from Section [AntiAliasingQuality@0] File [C:/Users/aveng/Documents/GitHub/GamesAssignment2-SecondYear/Games Assignment Two/GamesAssignmentTwo/Saved/Config/Windows/Scalability.ini]
[2021.04.14-01.48.39:652][  0]LogConfig: Setting CVar [[r.PostProcessAAQuality:0]]
[2021.04.14-01.48.39:652][  0]LogConfig: Applying CVar settings from Section [ShadowQuality@3] File [C:/Users/aveng/Documents/GitHub/GamesAssignment2-SecondYear/Games Assignment Two/GamesAssignmentTwo/Saved/Config/Windows/Scalability.ini]
[2021.04.14-01.48.39:652][  0]LogConfig: Setting CVar [[r.LightFunctionQuality:1]]
[2021.04.14-01.48.39:652][  0]LogConfig: Setting CVar [[r.ShadowQuality:5]]
[2021.04.14-01.48.39:653][  0]LogConfig: Setting CVar [[r.Shadow.CSM.MaxCascades:10]]
[2021.04.14-01.48.39:653][  0]LogConfig: Setting CVar [[r.Shadow.MaxResolution:2048]]
[2021.04.14-01.48.39:653][  0]LogConfig: Setting CVar [[r.Shadow.MaxCSMResolution:2048]]
[2021.04.14-01.48.39:653][  0]LogConfig: Setting CVar [[r.Shadow.RadiusThreshold:0.01]]
[2021.04.14-01.48.39:653][  0]LogConfig: Setting CVar [[r.Shadow.DistanceScale:1.0]]
[2021.04.14-01.48.39:653][  0]LogConfig: Setting CVar [[r.Shadow.CSM.TransitionScale:1.0]]
[2021.04.14-01.48.39:653][  0]LogConfig: Setting CVar [[r.Shadow.PreShadowResolutionFactor:1.0]]
[2021.04.14-01.48.39:653][  0]LogConfig: Setting CVar [[r.DistanceFieldShadowing:1]]
[2021.04.14-01.48.39:653][  0]LogConfig: Setting CVar [[r.DistanceFieldAO:1]]
[2021.04.14-01.48.39:653][  0]LogConfig: Setting CVar [[r.AOQuality:2]]
[2021.04.14-01.48.39:653][  0]LogConfig: Setting CVar [[r.VolumetricFog:1]]
[2021.04.14-01.48.39:653][  0]LogConfig: Setting CVar [[r.VolumetricFog.GridPixelSize:8]]
[2021.04.14-01.48.39:653][  0]LogConfig: Setting CVar [[r.VolumetricFog.GridSizeZ:128]]
[2021.04.14-01.48.39:653][  0]LogConfig: Setting CVar [[r.VolumetricFog.HistoryMissSupersampleCount:4]]
[2021.04.14-01.48.39:653][  0]LogConfig: Setting CVar [[r.LightMaxDrawDistanceScale:1]]
[2021.04.14-01.48.39:653][  0]LogConfig: Setting CVar [[r.CapsuleShadows:1]]
[2021.04.14-01.48.39:654][  0]LogConfig: Applying CVar settings from Section [PostProcessQuality@Cine] File [C:/Users/aveng/Documents/GitHub/GamesAssignment2-SecondYear/Games Assignment Two/GamesAssignmentTwo/Saved/Config/Windows/Scalability.ini]
[2021.04.14-01.48.39:654][  0]LogConfig: Setting CVar [[r.MotionBlurQuality:4]]
[2021.04.14-01.48.39:654][  0]LogConfig: Setting CVar [[r.AmbientOcclusionMipLevelFactor:0.4]]
[2021.04.14-01.48.39:654][  0]LogConfig: Setting CVar [[r.AmbientOcclusionMaxQuality:100]]
[2021.04.14-01.48.39:654][  0]LogConfig: Setting CVar [[r.AmbientOcclusionLevels:-1]]
[2021.04.14-01.48.39:654][  0]LogConfig: Setting CVar [[r.AmbientOcclusionRadiusScale:1.0]]
[2021.04.14-01.48.39:654][  0]LogConfig: Setting CVar [[r.DepthOfFieldQuality:4]]
[2021.04.14-01.48.39:654][  0]LogConfig: Setting CVar [[r.RenderTargetPoolMin:1000]]
[2021.04.14-01.48.39:654][  0]LogConfig: Setting CVar [[r.LensFlareQuality:3]]
[2021.04.14-01.48.39:654][  0]LogConfig: Setting CVar [[r.SceneColorFringeQuality:1]]
[2021.04.14-01.48.39:654][  0]LogConfig: Setting CVar [[r.EyeAdaptationQuality:2]]
[2021.04.14-01.48.39:654][  0]LogConfig: Setting CVar [[r.BloomQuality:5]]
[2021.04.14-01.48.39:654][  0]LogConfig: Setting CVar [[r.FastBlurThreshold:100]]
[2021.04.14-01.48.39:654][  0]LogConfig: Setting CVar [[r.Upscale.Quality:3]]
[2021.04.14-01.48.39:654][  0]LogConfig: Setting CVar [[r.Tonemapper.GrainQuantization:1]]
[2021.04.14-01.48.39:654][  0]LogConfig: Setting CVar [[r.LightShaftQuality:1]]
[2021.04.14-01.48.39:654][  0]LogConfig: Setting CVar [[r.Filter.SizeScale:1]]
[2021.04.14-01.48.39:654][  0]LogConfig: Setting CVar [[r.Tonemapper.Quality:5]]
[2021.04.14-01.48.39:655][  0]LogConfig: Setting CVar [[r.DOF.Gather.AccumulatorQuality:1        ; higher gathering accumulator quality]]
[2021.04.14-01.48.39:655][  0]LogConfig: Setting CVar [[r.DOF.Gather.PostfilterMethod:1          ; Median3x3 postfilering method]]
[2021.04.14-01.48.39:655][  0]LogConfig: Setting CVar [[r.DOF.Gather.EnableBokehSettings:1       ; bokeh simulation when gathering]]
[2021.04.14-01.48.39:655][  0]LogConfig: Setting CVar [[r.DOF.Gather.RingCount:5                 ; high number of samples when gathering]]
[2021.04.14-01.48.39:655][  0]LogConfig: Setting CVar [[r.DOF.Scatter.ForegroundCompositing:1    ; additive foreground scattering]]
[2021.04.14-01.48.39:655][  0]LogConfig: Setting CVar [[r.DOF.Scatter.BackgroundCompositing:2    ; background scattering occlusion]]
[2021.04.14-01.48.39:655][  0]LogConfig: Setting CVar [[r.DOF.Scatter.EnableBokehSettings:1      ; no bokeh simulation when scattering]]
[2021.04.14-01.48.39:655][  0]LogConfig: Setting CVar [[r.DOF.Scatter.MaxSpriteRatio:0.25        ; only a maximum of 10% of scattered bokeh]]
[2021.04.14-01.48.39:655][  0]LogConfig: Setting CVar [[r.DOF.Recombine.Quality:2                ; highest slight out of focus]]
[2021.04.14-01.48.39:655][  0]LogConfig: Setting CVar [[r.DOF.Recombine.EnableBokehSettings:1    ; bokeh simulation on slight out of focus]]
[2021.04.14-01.48.39:655][  0]LogConfig: Setting CVar [[r.DOF.TemporalAAQuality:1                ; more stable temporal accumulation]]
[2021.04.14-01.48.39:655][  0]LogConfig: Setting CVar [[r.DOF.Kernel.MaxForegroundRadius:0.025]]
[2021.04.14-01.48.39:655][  0]LogConfig: Setting CVar [[r.DOF.Kernel.MaxBackgroundRadius:0.025]]
[2021.04.14-01.48.39:655][  0]LogConfig: Applying CVar settings from Section [TextureQuality@3] File [C:/Users/aveng/Documents/GitHub/GamesAssignment2-SecondYear/Games Assignment Two/GamesAssignmentTwo/Saved/Config/Windows/Scalability.ini]
[2021.04.14-01.48.39:655][  0]LogConfig: Setting CVar [[r.Streaming.MipBias:0]]
[2021.04.14-01.48.39:655][  0]LogConfig: Setting CVar [[r.Streaming.AmortizeCPUToGPUCopy:0]]
[2021.04.14-01.48.39:656][  0]LogConfig: Setting CVar [[r.Streaming.MaxNumTexturesToStreamPerFrame:0]]
[2021.04.14-01.48.39:656][  0]LogConfig: Setting CVar [[r.Streaming.Boost:1]]
[2021.04.14-01.48.39:656][  0]LogConfig: Setting CVar [[r.MaxAnisotropy:8]]
[2021.04.14-01.48.39:656][  0]LogConfig: Setting CVar [[r.VT.MaxAnisotropy:8]]
[2021.04.14-01.48.39:656][  0]LogConfig: Setting CVar [[r.Streaming.LimitPoolSizeToVRAM:0]]
[2021.04.14-01.48.39:656][  0]LogConfig: Setting CVar [[r.Streaming.PoolSize:1000]]
[2021.04.14-01.48.39:656][  0]LogConfig: Setting CVar [[r.Streaming.MaxEffectiveScreenSize:0]]
[2021.04.14-01.48.39:656][  0]LogConfig: Applying CVar settings from Section [EffectsQuality@3] File [C:/Users/aveng/Documents/GitHub/GamesAssignment2-SecondYear/Games Assignment Two/GamesAssignmentTwo/Saved/Config/Windows/Scalability.ini]
[2021.04.14-01.48.39:656][  0]LogConfig: Setting CVar [[r.TranslucencyLightingVolumeDim:64]]
[2021.04.14-01.48.39:656][  0]LogConfig: Setting CVar [[r.RefractionQuality:2]]
[2021.04.14-01.48.39:656][  0]LogConfig: Setting CVar [[r.SSR.Quality:3]]
[2021.04.14-01.48.39:656][  0]LogConfig: Setting CVar [[r.SSR.HalfResSceneColor:0]]
[2021.04.14-01.48.39:656][  0]LogConfig: Setting CVar [[r.SceneColorFormat:4]]
[2021.04.14-01.48.39:656][  0]LogConfig: Setting CVar [[r.DetailMode:2]]
[2021.04.14-01.48.39:656][  0]LogConfig: Setting CVar [[r.TranslucencyVolumeBlur:1]]
[2021.04.14-01.48.39:656][  0]LogConfig: Setting CVar [[r.MaterialQualityLevel:1 ; High quality]]
[2021.04.14-01.48.39:656][  0]LogConfig: Setting CVar [[r.SSS.Scale:1]]
[2021.04.14-01.48.39:656][  0]LogConfig: Setting CVar [[r.SSS.SampleSet:2]]
[2021.04.14-01.48.39:656][  0]LogConfig: Setting CVar [[r.SSS.Quality:1]]
[2021.04.14-01.48.39:656][  0]LogConfig: Setting CVar [[r.SSS.HalfRes:0]]
[2021.04.14-01.48.39:656][  0]LogConfig: Setting CVar [[r.SSGI.Quality:3]]
[2021.04.14-01.48.39:657][  0]LogConfig: Setting CVar [[r.EmitterSpawnRateScale:1.0]]
[2021.04.14-01.48.39:657][  0]LogConfig: Setting CVar [[r.ParticleLightQuality:2]]
[2021.04.14-01.48.39:657][  0]LogConfig: Setting CVar [[r.SkyAtmosphere.AerialPerspectiveLUT.FastApplyOnOpaque:1 ; Always have FastSkyLUT 1 in this case to avoid wrong sky]]
[2021.04.14-01.48.39:657][  0]LogConfig: Setting CVar [[r.SkyAtmosphere.AerialPerspectiveLUT.SampleCountPerSlice:1]]
[2021.04.14-01.48.39:657][  0]LogConfig: Setting CVar [[r.SkyAtmosphere.AerialPerspectiveLUT.DepthResolution:16.0]]
[2021.04.14-01.48.39:657][  0]LogConfig: Setting CVar [[r.SkyAtmosphere.FastSkyLUT:1]]
[2021.04.14-01.48.39:657][  0]LogConfig: Setting CVar [[r.SkyAtmosphere.FastSkyLUT.SampleCountMin:4.0]]
[2021.04.14-01.48.39:657][  0]LogConfig: Setting CVar [[r.SkyAtmosphere.FastSkyLUT.SampleCountMax:32.0]]
[2021.04.14-01.48.39:657][  0]LogConfig: Setting CVar [[r.SkyAtmosphere.SampleCountMin:4.0]]
[2021.04.14-01.48.39:657][  0]LogConfig: Setting CVar [[r.SkyAtmosphere.SampleCountMax:32.0]]
[2021.04.14-01.48.39:657][  0]LogConfig: Setting CVar [[r.SkyAtmosphere.TransmittanceLUT.UseSmallFormat:0]]
[2021.04.14-01.48.39:657][  0]LogConfig: Setting CVar [[r.SkyAtmosphere.TransmittanceLUT.SampleCount:10.0]]
[2021.04.14-01.48.39:657][  0]LogConfig: Setting CVar [[r.SkyAtmosphere.MultiScatteringLUT.SampleCount:15.0]]
[2021.04.14-01.48.39:657][  0]LogConfig: Applying CVar settings from Section [FoliageQuality@3] File [C:/Users/aveng/Documents/GitHub/GamesAssignment2-SecondYear/Games Assignment Two/GamesAssignmentTwo/Saved/Config/Windows/Scalability.ini]
[2021.04.14-01.48.39:657][  0]LogConfig: Setting CVar [[foliage.DensityScale:1.0]]
[2021.04.14-01.48.39:657][  0]LogConfig: Setting CVar [[grass.DensityScale:1.0]]
[2021.04.14-01.48.39:657][  0]LogConfig: Applying CVar settings from Section [ShadingQuality@3] File [C:/Users/aveng/Documents/GitHub/GamesAssignment2-SecondYear/Games Assignment Two/GamesAssignmentTwo/Saved/Config/Windows/Scalability.ini]
[2021.04.14-01.48.39:657][  0]LogConfig: Setting CVar [[r.HairStrands.SkyLighting.SampleCount:16]]
[2021.04.14-01.48.39:657][  0]LogConfig: Setting CVar [[r.HairStrands.SkyLighting.JitterIntegration:0]]
[2021.04.14-01.48.39:658][  0]LogConfig: Setting CVar [[r.HairStrands.SkyAO.SampleCount:16]]
[2021.04.14-01.48.39:658][  0]LogConfig: Setting CVar [[r.HairStrands.DeepShadow.SuperSampling:0]]
[2021.04.14-01.48.39:658][  0]LogConfig: Setting CVar [[r.HairStrands.VisibilityPPLL:0]]
[2021.04.14-01.48.39:658][  0]LogConfig: Setting CVar [[r.HairStrands.RasterizationScale:0.5]]
[2021.04.14-01.48.39:658][  0]LogConfig: Setting CVar [[r.HairStrands.VelocityRasterizationScale:1]]
[2021.04.14-01.48.39:658][  0]LogConfig: Applying CVar settings from Section [Startup] File [../../../Engine/Config/ConsoleVariables.ini]
[2021.04.14-01.48.39:658][  0]LogConfig: Setting CVar [[net.UseAdaptiveNetUpdateFrequency:0]]
[2021.04.14-01.48.39:658][  0]LogConfig: Setting CVar [[p.chaos.AllowCreatePhysxBodies:1]]
[2021.04.14-01.48.39:658][  0]LogConfig: Setting CVar [[fx.SkipVectorVMBackendOptimizations:1]]
[2021.04.14-01.48.39:658][  0]LogConfig: Applying CVar settings from Section [ConsoleVariables] File [C:/Users/aveng/Documents/GitHub/GamesAssignment2-SecondYear/Games Assignment Two/GamesAssignmentTwo/Saved/Config/Windows/Engine.ini]
[2021.04.14-01.48.39:658][  0]LogInit: Computer: PROGRAMMING-PC
[2021.04.14-01.48.39:659][  0]LogInit: User: aveng
[2021.04.14-01.48.39:659][  0]LogInit: CPU Page size=4096, Cores=12
[2021.04.14-01.48.39:659][  0]LogInit: High frequency timer resolution =10.000000 MHz
[2021.04.14-01.48.39:659][  0]LogMemory: Memory total: Physical=31.9GB (32GB approx)
[2021.04.14-01.48.39:659][  0]LogMemory: Platform Memory Stats for Windows
[2021.04.14-01.48.39:659][  0]LogMemory: Process Physical Memory: 119.19 MB used, 119.19 MB peak
[2021.04.14-01.48.39:659][  0]LogMemory: Process Virtual Memory: 108.25 MB used, 108.25 MB peak
[2021.04.14-01.48.39:659][  0]LogMemory: Physical Memory: 20541.58 MB used,  12132.17 MB free, 32673.75 MB total
[2021.04.14-01.48.39:659][  0]LogMemory: Virtual Memory: 5237.44 MB used,  134212488.00 MB free, 134217728.00 MB total
[2021.04.14-01.48.39:672][  0]LogWindows: WindowsPlatformFeatures enabled
[2021.04.14-01.48.39:870][  0]LogInit: Physics initialised using underlying interface: PhysX
[2021.04.14-01.48.39:871][  0]LogInit: Using OS detected language (en-GB).
[2021.04.14-01.48.39:871][  0]LogInit: Using OS detected locale (en-GB).
[2021.04.14-01.48.39:873][  0]LogTextLocalizationManager: No specific localization for 'en-GB' exists, so the 'en' localization will be used.
[2021.04.14-01.48.40:050][  0]LogInit: Setting process to per monitor DPI aware
[2021.04.14-01.48.40:100][  0]LogSlate: New Slate User Created.  User Index 0, Is Virtual User: 0
[2021.04.14-01.48.40:100][  0]LogSlate: Slate User Registered.  User Index 0, Is Virtual User: 0
[2021.04.14-01.48.40:223][  0]LogHMD: Failed to initialize OpenVR with code 110
[2021.04.14-01.48.40:223][  0]LogD3D11RHI: D3D11 min allowed feature level: 11_0
[2021.04.14-01.48.40:223][  0]LogD3D11RHI: D3D11 max allowed feature level: 11_0
[2021.04.14-01.48.40:223][  0]LogD3D11RHI: D3D11 adapters:
[2021.04.14-01.48.40:371][  0]LogD3D11RHI:    0. 'NVIDIA GeForce GTX 1060 6GB' (Feature Level 11_0)
[2021.04.14-01.48.40:371][  0]LogD3D11RHI:       6052/0/16336 MB DedicatedVideo/DedicatedSystem/SharedSystem, Outputs:2, VendorId:0x10de
[2021.04.14-01.48.40:376][  0]LogD3D11RHI:    1. 'Microsoft Basic Render Driver' (Feature Level 11_0)
[2021.04.14-01.48.40:376][  0]LogD3D11RHI:       0/0/16336 MB DedicatedVideo/DedicatedSystem/SharedSystem, Outputs:0, VendorId:0x1414
[2021.04.14-01.48.40:376][  0]LogD3D11RHI: Chosen D3D11 Adapter: 0
[2021.04.14-01.48.40:386][  0]LogD3D11RHI: Creating new Direct3DDevice
[2021.04.14-01.48.40:387][  0]LogD3D11RHI:     GPU DeviceId: 0x1c03 (for the marketing name, search the web for "GPU Device Id")
[2021.04.14-01.48.40:387][  0]LogWindows: EnumDisplayDevices:
[2021.04.14-01.48.40:387][  0]LogWindows:    0. 'NVIDIA GeForce GTX 1060 6GB' (P:1 D:1)
[2021.04.14-01.48.40:387][  0]LogWindows:    1. 'NVIDIA GeForce GTX 1060 6GB' (P:0 D:1)
[2021.04.14-01.48.40:387][  0]LogWindows:    2. 'NVIDIA GeForce GTX 1060 6GB' (P:0 D:0)
[2021.04.14-01.48.40:388][  0]LogWindows:    3. 'NVIDIA GeForce GTX 1060 6GB' (P:0 D:0)
[2021.04.14-01.48.40:388][  0]LogWindows: DebugString: FoundDriverCount:4 
[2021.04.14-01.48.40:388][  0]LogD3D11RHI:     Adapter Name: NVIDIA GeForce GTX 1060 6GB
[2021.04.14-01.48.40:388][  0]LogD3D11RHI:   Driver Version: 461.92 (internal:27.21.14.6192, unified:461.92)
[2021.04.14-01.48.40:388][  0]LogD3D11RHI:      Driver Date: 3-11-2021
[2021.04.14-01.48.40:388][  0]LogRHI: Texture pool is 4236 MB (70% of 6052 MB)
[2021.04.14-01.48.40:474][  0]LogD3D11RHI: RHI has support for 64 bit atomics
[2021.04.14-01.48.40:474][  0]LogD3D11RHI: Async texture creation enabled
[2021.04.14-01.48.40:475][  0]LogD3D11RHI: Array index from any shader is supported
[2021.04.14-01.48.40:497][  0]LogD3D11RHI: GPU Timing Frequency: 1000.000000 (Debug: 2 1)
[2021.04.14-01.48.40:907][  0]LogTargetPlatformManager: Display: Loaded TargetPlatform 'AllDesktop'
[2021.04.14-01.48.40:930][  0]LogTargetPlatformManager: Display: Loaded TargetPlatform 'Android'
[2021.04.14-01.48.40:930][  0]LogTargetPlatformManager: Display: Loaded TargetPlatform 'Android_ASTC'
[2021.04.14-01.48.40:930][  0]LogTargetPlatformManager: Display: Loaded TargetPlatform 'Android_DXT'
[2021.04.14-01.48.40:930][  0]LogTargetPlatformManager: Display: Loaded TargetPlatform 'Android_ETC2'
[2021.04.14-01.48.40:930][  0]LogTargetPlatformManager: Display: Loaded TargetPlatform 'AndroidClient'
[2021.04.14-01.48.40:930][  0]LogTargetPlatformManager: Display: Loaded TargetPlatform 'Android_ASTCClient'
[2021.04.14-01.48.40:930][  0]LogTargetPlatformManager: Display: Loaded TargetPlatform 'Android_DXTClient'
[2021.04.14-01.48.40:930][  0]LogTargetPlatformManager: Display: Loaded TargetPlatform 'Android_ETC2Client'
[2021.04.14-01.48.40:930][  0]LogTargetPlatformManager: Display: Loaded TargetPlatform 'Android_Multi'
[2021.04.14-01.48.40:930][  0]LogTargetPlatformManager: Display: Loaded TargetPlatform 'Android_MultiClient'
[2021.04.14-01.48.40:962][  0]LogTargetPlatformManager: Display: Loaded TargetPlatform 'IOSClient'
[2021.04.14-01.48.40:962][  0]LogTargetPlatformManager: Display: Loaded TargetPlatform 'IOS'
[2021.04.14-01.48.40:976][  0]LogTargetPlatformManager: Display: Loaded TargetPlatform 'Linux'
[2021.04.14-01.48.40:987][  0]LogTargetPlatformManager: Display: Loaded TargetPlatform 'LinuxNoEditor'
[2021.04.14-01.48.40:999][  0]LogTargetPlatformManager: Display: Loaded TargetPlatform 'LinuxClient'
[2021.04.14-01.48.41:009][  0]LogTargetPlatformManager: Display: Loaded TargetPlatform 'LinuxServer'
[2021.04.14-01.48.41:020][  0]LogTargetPlatformManager: Display: Loaded TargetPlatform 'LinuxAArch64NoEditor'
[2021.04.14-01.48.41:030][  0]LogTargetPlatformManager: Display: Loaded TargetPlatform 'LinuxAArch64Client'
[2021.04.14-01.48.41:041][  0]LogTargetPlatformManager: Display: Loaded TargetPlatform 'LinuxAArch64Server'
[2021.04.14-01.48.41:068][  0]LogTargetPlatformManager: Display: Loaded TargetPlatform 'Lumin'
[2021.04.14-01.48.41:068][  0]LogTargetPlatformManager: Display: Loaded TargetPlatform 'LuminClient'
[2021.04.14-01.48.41:085][  0]LogTargetPlatformManager: Display: Loaded TargetPlatform 'TVOSClient'
[2021.04.14-01.48.41:085][  0]LogTargetPlatformManager: Display: Loaded TargetPlatform 'TVOS'
[2021.04.14-01.48.41:096][  0]LogTargetPlatformManager: Display: Loaded TargetPlatform 'WindowsNoEditor'
[2021.04.14-01.48.41:107][  0]LogTargetPlatformManager: Display: Loaded TargetPlatform 'Windows'
[2021.04.14-01.48.41:117][  0]LogTargetPlatformManager: Display: Loaded TargetPlatform 'WindowsClient'
[2021.04.14-01.48.41:128][  0]LogTargetPlatformManager: Display: Loaded TargetPlatform 'WindowsServer'
[2021.04.14-01.48.41:128][  0]LogTargetPlatformManager: Display: Building Assets For Windows
[2021.04.14-01.48.41:141][  0]LogAudioDebug: Display: Lib vorbis DLL was dynamically loaded.
[2021.04.14-01.48.41:229][  0]LogShaderCompilers: Guid format shader working directory is -53 characters bigger than the processId version (C:/Users/aveng/Documents/GitHub/GamesAssignment2-SecondYear/Games Assignment Two/GamesAssignmentTwo/Intermediate/Shaders/WorkingDirectory/7884/).
[2021.04.14-01.48.41:229][  0]LogShaderCompilers: Cleaned the shader compiler working directory 'C:/Users/aveng/AppData/Local/Temp/UnrealShaderWorkingDir/01D0E2A4494979A4B381CC8CD2554F25/'.
[2021.04.14-01.48.41:229][  0]LogXGEController: Cleaning working directory: C:/Users/aveng/AppData/Local/Temp/UnrealXGEWorkingDir/
[2021.04.14-01.48.41:230][  0]LogXGEController: Cannot use XGE Controller as Incredibuild is not installed on this machine.
[2021.04.14-01.48.41:230][  0]LogShaderCompilers: Cannot use XGE Shader Compiler as Incredibuild is not installed on this machine.
[2021.04.14-01.48.41:230][  0]LogShaderCompilers: Display: Using Local Shader Compiler.
[2021.04.14-01.48.41:880][  0]LogDerivedDataCache: Display: Max Cache Size: 512 MB
[2021.04.14-01.48.41:930][  0]LogDerivedDataCache: Loaded boot cache 0.05s 112MB C:/Users/aveng/AppData/Local/UnrealEngine/4.25/DerivedDataCache/Boot.ddc.
[2021.04.14-01.48.41:930][  0]LogDerivedDataCache: Display: Loaded Boot cache: C:/Users/aveng/AppData/Local/UnrealEngine/4.25/DerivedDataCache/Boot.ddc
[2021.04.14-01.48.41:930][  0]LogDerivedDataCache: FDerivedDataBackendGraph:  Pak pak cache file C:/Users/aveng/Documents/GitHub/GamesAssignment2-SecondYear/Games Assignment Two/GamesAssignmentTwo/DerivedDataCache/DDC.ddp not found, will not use a pak cache.
[2021.04.14-01.48.41:930][  0]LogDerivedDataCache: Unable to find inner node Pak for hierarchical cache Hierarchy.
[2021.04.14-01.48.41:930][  0]LogDerivedDataCache: FDerivedDataBackendGraph:  CompressedPak pak cache file C:/Users/aveng/Documents/GitHub/GamesAssignment2-SecondYear/Games Assignment Two/GamesAssignmentTwo/DerivedDataCache/Compressed.ddp not found, will not use a pak cache.
[2021.04.14-01.48.41:930][  0]LogDerivedDataCache: Unable to find inner node CompressedPak for hierarchical cache Hierarchy.
[2021.04.14-01.48.41:940][  0]LogDerivedDataCache: Display: Pak cache opened for reading ../../../Engine/DerivedDataCache/Compressed.ddp.
[2021.04.14-01.48.41:940][  0]LogDerivedDataCache: FDerivedDataBackendGraph:  EnterprisePak pak cache file ../../../Enterprise/DerivedDataCache/Compressed.ddp not found, will not use a pak cache.
[2021.04.14-01.48.41:940][  0]LogDerivedDataCache: Unable to find inner node EnterprisePak for hierarchical cache Hierarchy.
[2021.04.14-01.48.41:943][  0]LogDerivedDataCache: Using Local data cache path C:/Users/aveng/AppData/Local/UnrealEngine/Common/DerivedDataCache: Writable
[2021.04.14-01.48.41:943][  0]LogDerivedDataCache: Shared data cache path not found in *engine.ini, will not use an Shared cache.
[2021.04.14-01.48.41:943][  0]LogDerivedDataCache: Unable to find inner node Shared for hierarchical cache Hierarchy.
[2021.04.14-01.48.41:990][  0]LogSlate: Using FreeType 2.10.0
[2021.04.14-01.48.41:990][  0]LogSlate: SlateFontServices - WITH_FREETYPE: 1, WITH_HARFBUZZ: 1
[2021.04.14-01.48.42:014][  0]LogAssetRegistry: FAssetRegistry took 0.0043 seconds to start up
[2021.04.14-01.48.42:214][  0]LogInit: Selected Device Profile: [Windows]
[2021.04.14-01.48.42:331][  0]LogMeshReduction: Using QuadricMeshReduction for automatic static mesh reduction
[2021.04.14-01.48.42:331][  0]LogMeshReduction: Using SimplygonMeshReduction for automatic skeletal mesh reduction
[2021.04.14-01.48.42:331][  0]LogMeshReduction: Using ProxyLODMeshReduction for automatic mesh merging
[2021.04.14-01.48.42:331][  0]LogMeshReduction: No distributed automatic mesh merging module available
[2021.04.14-01.48.42:331][  0]LogMeshMerging: No distributed automatic mesh merging module available
[2021.04.14-01.48.42:348][  0]LogNetVersion: GamesAssignmentTwo 1.0.0, NetCL: 13144385, EngineNetVer: 14, GameNetVer: 0 (Checksum: 1185472599)
[2021.04.14-01.48.42:702][  0]LogAISub: UAISubsystem::UAISubsystem AISubsystem (000001C7B10B3880), frame # 0
[2021.04.14-01.48.42:702][  0]LogAISub: UAISubsystem::UAISubsystem AIPerceptionSystem (000001C7B10B91C0), frame # 0
[2021.04.14-01.48.42:703][  0]LogAISub: UAISubsystem::UAISubsystem EnvQueryManager (000001C7B10F5E00), frame # 0
[2021.04.14-01.48.42:773][  0]LogPackageLocalizationCache: Processed 19 localized package path(s) for 1 prioritized culture(s) in 0.063547 seconds
[2021.04.14-01.48.42:779][  0]LogUObjectArray: 15917 objects as part of root set at end of initial load.
[2021.04.14-01.48.42:779][  0]LogUObjectAllocator: 3965568 out of 0 bytes used by permanent object pool.
[2021.04.14-01.48.42:779][  0]LogUObjectArray: CloseDisregardForGC: 0/0 objects in disregard for GC pool
[2021.04.14-01.48.43:251][  0]LogTcpMessaging: Initializing TcpMessaging bridge
[2021.04.14-01.48.43:258][  0]LogUdpMessaging: Initializing bridge on interface 0.0.0.0:0 to multicast group 230.0.0.1:6666.
[2021.04.14-01.48.43:388][  0]SourceControl: Source control is disabled
[2021.04.14-01.48.43:389][  0]SourceControl: Source control is disabled
[2021.04.14-01.48.43:393][  0]SourceControl: Source control is disabled
[2021.04.14-01.48.43:397][  0]SourceControl: Source control is disabled
[2021.04.14-01.48.43:409][  0]SourceControl: Source control is disabled
[2021.04.14-01.48.43:759][  0]LogAndroidPermission: UAndroidPermissionCallbackProxy::GetInstance
[2021.04.14-01.48.43:788][  0]LogAudioCaptureCore: Display: No Audio Capture implementations found. Audio input will be silent.
[2021.04.14-01.48.43:788][  0]LogAudioCaptureCore: Display: No Audio Capture implementations found. Audio input will be silent.
[2021.04.14-01.48.43:850][  0]LogOcInput: OculusInput pre-init called
[2021.04.14-01.48.43:864][  0]LogWindows: Failed to load 'OVRPlugin.dll' (GetLastError=126)
[2021.04.14-01.48.43:864][  0]LogWindows: File 'OVRPlugin.dll' does not exist
[2021.04.14-01.48.43:934][  0]LogEngine: Initializing Engine...
[2021.04.14-01.48.43:936][  0]LogHMD: Failed to initialize OpenVR with code 110
[2021.04.14-01.48.43:936][  0]LogMagicLeap: Warning: VR disabled because ZI is not enabled.  To enable, in the editor, Edit -> Project Settings -> Plugins -> Magic Leap Plugin -> Enable Zero Iteration
[2021.04.14-01.48.43:937][  0]LogStats: UGameplayTagsManager::InitializeManager -  0.000 s
[2021.04.14-01.48.44:035][  0]LogInit: Initializing FReadOnlyCVARCache
[2021.04.14-01.48.44:044][  0]LogAIModule: Creating AISystem for world Untitled
[2021.04.14-01.48.44:044][  0]LogAISub: UAISubsystem::UAISubsystem EnvQueryManager (000001C7B901A800), frame # 0
[2021.04.14-01.48.44:044][  0]LogAISub: UAISubsystem::UAISubsystem AIPerceptionSystem (000001C7B9079800), frame # 0
[2021.04.14-01.48.44:064][  0]LogAudioMixer: Display: Audio Mixer Platform Settings:
[2021.04.14-01.48.44:064][  0]LogAudioMixer: Display: 	Sample Rate:						  48000
[2021.04.14-01.48.44:065][  0]LogAudioMixer: Display: 	Callback Buffer Frame Size Requested: 1024
[2021.04.14-01.48.44:065][  0]LogAudioMixer: Display: 	Callback Buffer Frame Size To Use:	  1024
[2021.04.14-01.48.44:065][  0]LogAudioMixer: Display: 	Number of buffers to queue:			  2
[2021.04.14-01.48.44:065][  0]LogAudioMixer: Display: 	Max Channels (voices):				  32
[2021.04.14-01.48.44:065][  0]LogAudioMixer: Display: 	Number of Async Source Workers:		  0
[2021.04.14-01.48.44:065][  0]LogAudio: Display: AudioDevice MaxSources: 32
[2021.04.14-01.48.44:065][  0]LogAudio: Display: Using built-in audio occlusion.
[2021.04.14-01.48.44:065][  0]LogAudioMixer: Display: Initializing audio mixer.
[2021.04.14-01.48.44:088][  0]LogAudioMixer: Display: 0: FrontLeft
[2021.04.14-01.48.44:088][  0]LogAudioMixer: Display: 1: FrontRight
[2021.04.14-01.48.44:088][  0]LogAudioMixer: Display: 2: FrontCenter
[2021.04.14-01.48.44:088][  0]LogAudioMixer: Display: 3: LowFrequency
[2021.04.14-01.48.44:088][  0]LogAudioMixer: Display: 4: BackLeft
[2021.04.14-01.48.44:088][  0]LogAudioMixer: Display: 5: BackRight
[2021.04.14-01.48.44:088][  0]LogAudioMixer: Display: 6: SideLeft
[2021.04.14-01.48.44:088][  0]LogAudioMixer: Display: 7: SideRight
[2021.04.14-01.48.44:139][  0]LogAudioMixer: Display: Using Audio Device Speakers (THX Spatial Audio)
[2021.04.14-01.48.44:145][  0]LogAudioMixer: Display: Initializing Sound Submixes...
[2021.04.14-01.48.44:146][  0]LogAudioMixer: Display: Creating Master Submix 'MasterSubmixDefault'
[2021.04.14-01.48.44:147][  0]LogAudioMixer: Display: Creating Master Submix 'MasterReverbSubmixDefault'
[2021.04.14-01.48.44:148][  0]LogAudioMixer: Display: Creating Master Submix 'MasterEQSubmixDefault'
[2021.04.14-01.48.44:149][  0]LogInit: FAudioDevice initialized.
[2021.04.14-01.48.44:150][  0]LogNetVersion: Set ProjectVersion to 1.0.0.0. Version Checksum will be recalculated on next use.
[2021.04.14-01.48.44:227][  0]LogDerivedDataCache: Saved boot cache 0.08s 76MB C:/Users/aveng/AppData/Local/UnrealEngine/4.25/DerivedDataCache/Boot.ddc.
[2021.04.14-01.48.44:232][  0]LogInit: Texture streaming: Enabled
[2021.04.14-01.48.44:255][  0]LogEngineSessionManager: EngineSessionManager initialized
[2021.04.14-01.48.44:255][  0]LogEditorSessionSummary: Verbose: Initializing EditorSessionSummaryWriter for editor session tracking
[2021.04.14-01.48.44:257][  0]LogEditorSessionSummary: EditorSessionSummaryWriter initialized
[2021.04.14-01.48.44:297][  0]LogInit: Transaction tracking system initialized
[2021.04.14-01.48.44:328][  0]BlueprintLog: New page: Editor Load
[2021.04.14-01.48.44:420][  0]LocalizationService: Localization service is disabled
[2021.04.14-01.48.44:584][  0]LogCook: Display: Max memory allowance for cook 16384mb min free memory 0mb
[2021.04.14-01.48.44:584][  0]LogCook: Display: Mobile HDR setting 1
[2021.04.14-01.48.44:713][  0]LogFileCache: Scanning file cache for directory 'C:/Users/aveng/Documents/GitHub/GamesAssignment2-SecondYear/Games Assignment Two/GamesAssignmentTwo/Content/' took 0.00s
[2021.04.14-01.48.44:901][  0]SourceControl: Source control is disabled
[2021.04.14-01.48.44:901][  0]LogUnrealEdMisc: Loading editor; pre map load, took 6.673
[2021.04.14-01.48.44:901][  0]Cmd: MAP LOAD FILE="C:/Users/aveng/Documents/GitHub/GamesAssignment2-SecondYear/Games Assignment Two/GamesAssignmentTwo/Content/Levels/MainMenu.umap" TEMPLATE=0 SHOWPROGRESS=1 FEATURELEVEL=3
[2021.04.14-01.48.44:902][  0]LightingResults: New page: Lighting Build
[2021.04.14-01.48.44:902][  0]LogWorld: UWorld::CleanupWorld for Untitled, bSessionEnded=true, bCleanupResources=true
[2021.04.14-01.48.44:903][  0]LogSlate: InvalidateAllWidgets triggered.  All widgets were invalidated
[2021.04.14-01.48.44:903][  0]MapCheck: New page: Map Check
[2021.04.14-01.48.44:903][  0]LightingResults: New page: Lighting Build
[2021.04.14-01.48.44:946][  0]LogAISub: UAISubsystem::~UAISubsystem EnvQueryManager (000001C7B901A800), frame # 0
[2021.04.14-01.48.44:946][  0]LogAISub: UAISubsystem::~UAISubsystem AIPerceptionSystem (000001C7B9079800), frame # 0
[2021.04.14-01.48.44:947][  0]LogUObjectHash: Compacting FUObjectHashTables data took   0.65ms
[2021.04.14-01.48.45:002][  0]LogAIModule: Creating AISystem for world MainMenu
[2021.04.14-01.48.45:002][  0]LogAISub: UAISubsystem::UAISubsystem EnvQueryManager (000001C7A980BE00), frame # 0
[2021.04.14-01.48.45:002][  0]LogAISub: UAISubsystem::UAISubsystem AIPerceptionSystem (000001C7A999F100), frame # 0
[2021.04.14-01.48.45:005][  0]LogEditorServer: Finished looking for orphan Actors (0.000 secs)
[2021.04.14-01.48.45:023][  0]LogUObjectHash: Compacting FUObjectHashTables data took   0.69ms
[2021.04.14-01.48.45:023][  0]Cmd: MAP CHECKDEP NOCLEARLOG
[2021.04.14-01.48.45:024][  0]MapCheck: Map check complete: 0 Error(s), 0 Warning(s), took 0.216ms to complete.
[2021.04.14-01.48.45:024][  0]LogFileHelpers: Loading map 'MainMenu' took 0.122
[2021.04.14-01.48.45:026][  0]LogUnrealEdMisc: Total Editor Startup Time, took 6.797
[2021.04.14-01.48.45:160][  0]LogSlate: Updating window title bar state: overlay mode, drag disabled, window buttons hidden, title bar hidden
[2021.04.14-01.48.45:165][  0]LogSlate: Updating window title bar state: overlay mode, drag disabled, window buttons hidden, title bar hidden
[2021.04.14-01.48.45:170][  0]LogSlate: Updating window title bar state: overlay mode, drag disabled, window buttons hidden, title bar hidden
[2021.04.14-01.48.45:176][  0]LogSlate: Updating window title bar state: overlay mode, drag disabled, window buttons hidden, title bar hidden
[2021.04.14-01.48.45:183][  0]LogCollectionManager: Loaded 0 collections in 0.000764 seconds
[2021.04.14-01.48.45:199][  0]LogFileCache: Scanning file cache for directory 'C:/Users/aveng/Documents/GitHub/GamesAssignment2-SecondYear/Games Assignment Two/GamesAssignmentTwo/Saved/Collections/' took 0.00s
[2021.04.14-01.48.45:200][  0]LogFileCache: Scanning file cache for directory 'C:/Users/aveng/Documents/GitHub/GamesAssignment2-SecondYear/Games Assignment Two/GamesAssignmentTwo/Content/Developers/aveng/Collections/' took 0.00s
[2021.04.14-01.48.45:200][  0]LogFileCache: Scanning file cache for directory 'C:/Users/aveng/Documents/GitHub/GamesAssignment2-SecondYear/Games Assignment Two/GamesAssignmentTwo/Content/Collections/' took 0.00s
[2021.04.14-01.48.45:200][  0]LogContentBrowser: Native class hierarchy populated in 0.0089 seconds. Added 3435 classes and 823 folders.
[2021.04.14-01.48.45:202][  0]LogContentBrowser: Native class hierarchy updated for 'WidgetCarousel' in 0.0004 seconds. Added 0 classes and 0 folders.
[2021.04.14-01.48.45:244][  0]LogContentBrowser: Native class hierarchy updated for 'AddContentDialog' in 0.0005 seconds. Added 0 classes and 0 folders.
[2021.04.14-01.48.45:247][  0]LogContentBrowser: Native class hierarchy updated for 'SceneOutliner' in 0.0003 seconds. Added 2 classes and 0 folders.
[2021.04.14-01.48.45:274][  0]LogContentBrowser: Native class hierarchy updated for 'HierarchicalLODOutliner' in 0.0004 seconds. Added 0 classes and 0 folders.
[2021.04.14-01.48.45:274][  0]LogLoad: (Engine Initialization) Total time: 7.05 seconds
[2021.04.14-01.48.45:274][  0]LogLoad: (Engine Initialization) Total Blueprint compile time: 0.00 seconds
[2021.04.14-01.48.45:305][  0]LogAssetRegistry: Asset discovery search completed in 3.2931 seconds
[2021.04.14-01.48.45:308][  0]LogCollectionManager: Fixed up redirectors for 0 collections in 0.000002 seconds (updated 0 objects)
[2021.04.14-01.48.45:309][  0]LogContentStreaming: Texture pool size now 1000 MB
[2021.04.14-01.48.45:314][  0]LogSlate: Took 0.000135 seconds to synchronously load lazily loaded font '../../../Engine/Content/Slate/Fonts/Roboto-Regular.ttf' (155K)
[2021.04.14-01.48.45:315][  0]LogSlate: Took 0.000093 seconds to synchronously load lazily loaded font '../../../Engine/Content/Slate/Fonts/Roboto-Bold.ttf' (160K)
[2021.04.14-01.48.45:319][  0]LogSlate: Took 0.000094 seconds to synchronously load lazily loaded font '../../../Engine/Content/Editor/Slate/Fonts/FontAwesome.ttf' (139K)
[2021.04.14-01.48.45:369][  0]LogSlate: Took 0.000094 seconds to synchronously load lazily loaded font '../../../Engine/Content/Slate/Fonts/Roboto-Light.ttf' (167K)
[2021.04.14-01.48.45:383][  1]LogRenderer: Reallocating scene render targets to support 740x360 Format 10 NumSamples 1 (Frame:1).
[2021.04.14-01.48.55:356][932]LogRenderer: Reallocating scene render targets to support 1112x584 Format 10 NumSamples 1 (Frame:948).
[2021.04.14-01.49.05:384][124]LogSlate: Took 0.000126 seconds to synchronously load lazily loaded font '../../../Engine/Content/Slate/Fonts/Roboto-Light.ttf' (167K)
[2021.04.14-01.49.05:408][124]LogAssetEditorSubsystem: Opening Asset editor for World /Game/Levels/EndLevel.EndLevel
[2021.04.14-01.49.05:436][124]LogUObjectHash: Compacting FUObjectHashTables data took   0.63ms
[2021.04.14-01.49.05:437][124]Cmd: MAP LOAD FILE="C:/Users/aveng/Documents/GitHub/GamesAssignment2-SecondYear/Games Assignment Two/GamesAssignmentTwo/Content/Levels/EndLevel.umap" TEMPLATE=0 SHOWPROGRESS=1 FEATURELEVEL=3
[2021.04.14-01.49.05:438][124]LightingResults: New page: Lighting Build
[2021.04.14-01.49.05:438][124]LoadErrors: New page: Loading map: EndLevel.umap
[2021.04.14-01.49.05:438][124]LogWorld: UWorld::CleanupWorld for MainMenu, bSessionEnded=true, bCleanupResources=true
[2021.04.14-01.49.05:439][124]LogSlate: InvalidateAllWidgets triggered.  All widgets were invalidated
[2021.04.14-01.49.05:439][124]MapCheck: New page: Map Check
[2021.04.14-01.49.05:439][124]LightingResults: New page: Lighting Build
[2021.04.14-01.49.05:451][124]LogAISub: UAISubsystem::~UAISubsystem EnvQueryManager (000001C7A980BE00), frame # 2124
[2021.04.14-01.49.05:451][124]LogAISub: UAISubsystem::~UAISubsystem AIPerceptionSystem (000001C7A999F100), frame # 2124
[2021.04.14-01.49.05:452][124]LogUObjectHash: Compacting FUObjectHashTables data took   0.62ms
[2021.04.14-01.49.05:454][124]LogEditorServer: Finished looking for orphan Actors (0.000 secs)
[2021.04.14-01.49.05:454][124]LogAIModule: Creating AISystem for world EndLevel
[2021.04.14-01.49.05:454][124]LogAISub: UAISubsystem::UAISubsystem EnvQueryManager (000001C7A9809800), frame # 2124
[2021.04.14-01.49.05:455][124]LogAISub: UAISubsystem::UAISubsystem AIPerceptionSystem (000001C7A992D940), frame # 2124
[2021.04.14-01.49.05:468][124]LogUObjectHash: Compacting FUObjectHashTables data took   0.57ms
[2021.04.14-01.49.05:483][124]Cmd: MAP CHECKDEP NOCLEARLOG
[2021.04.14-01.49.05:483][124]MapCheck: Map check complete: 0 Error(s), 0 Warning(s), took 0.178ms to complete.
[2021.04.14-01.49.05:484][124]LogFileHelpers: Loading map 'EndLevel' took 0.046
[2021.04.14-01.49.09:380][587]LogEditorViewport: Clicking on Actor (LMB): PlayerStart (Player Start)
[2021.04.14-01.49.09:911][644]LogNavigationPoint: PostEditMove Clear paths rebuilt
[2021.04.14-01.49.10:487][712]LogNavigationPoint: PostEditMove Clear paths rebuilt
[2021.04.14-01.49.11:945][886]LogNavigationPoint: PostEditMove Clear paths rebuilt
[2021.04.14-01.49.12:730][979]LogNavigationPoint: PostEditMove Clear paths rebuilt
[2021.04.14-01.49.13:588][ 81]LogNavigationPoint: PostEditMove Clear paths rebuilt
[2021.04.14-01.49.14:815][227]LogNavigationPoint: PostEditMove Clear paths rebuilt
[2021.04.14-01.49.15:482][306]LogNavigationPoint: PostEditMove Clear paths rebuilt
[2021.04.14-01.49.16:082][377]LogEditorViewport: Clicking on Actor (LMB): PlayerStart (Player Start)
[2021.04.14-01.49.17:866][589]LogNavigationPoint: PostEditMove Clear paths rebuilt
[2021.04.14-01.49.20:173][865]LogNavigationPoint: PostEditMove Clear paths rebuilt
[2021.04.14-01.49.21:854][ 56]LogAssetEditorSubsystem: Opening Asset editor for World /Game/Levels/GameLevel.GameLevel
[2021.04.14-01.49.21:868][ 56]LogUObjectHash: Compacting FUObjectHashTables data took   0.76ms
[2021.04.14-01.49.22:771][ 56]LogSlate: Window 'Save Content' being destroyed
[2021.04.14-01.49.22:791][ 56]LogUObjectHash: Compacting FUObjectHashTables data took   0.24ms
[2021.04.14-01.49.22:808][ 56]LogSavePackage: Moving 'C:/Users/aveng/Documents/GitHub/GamesAssignment2-SecondYear/Games Assignment Two/GamesAssignmentTwo/Saved/EndLevel2103411E44380A810FC0BDAE05A849E4.tmp' to 'C:/Users/aveng/Documents/GitHub/GamesAssignment2-SecondYear/Games Assignment Two/GamesAssignmentTwo/Content/Levels/EndLevel.umap'
[2021.04.14-01.49.22:825][ 56]LogFileHelpers: Saving map 'EndLevel' took 0.046
[2021.04.14-01.49.22:837][ 56]LogSavePackage: Moving 'C:/Users/aveng/Documents/GitHub/GamesAssignment2-SecondYear/Games Assignment Two/GamesAssignmentTwo/Saved/EndLevel_BuiltData47EA5C3F4CC7AE4BC61CB9B1D4826037.tmp' to 'C:/Users/aveng/Documents/GitHub/GamesAssignment2-SecondYear/Games Assignment Two/GamesAssignmentTwo/Content/Levels/EndLevel_BuiltData.uasset'
[2021.04.14-01.49.22:840][ 56]Cmd: MAP LOAD FILE="C:/Users/aveng/Documents/GitHub/GamesAssignment2-SecondYear/Games Assignment Two/GamesAssignmentTwo/Content/Levels/GameLevel.umap" TEMPLATE=0 SHOWPROGRESS=1 FEATURELEVEL=3
[2021.04.14-01.49.22:840][ 56]LightingResults: New page: Lighting Build
[2021.04.14-01.49.22:840][ 56]LoadErrors: New page: Loading map: GameLevel.umap
[2021.04.14-01.49.22:891][ 56]LogWorld: UWorld::CleanupWorld for EndLevel, bSessionEnded=true, bCleanupResources=true
[2021.04.14-01.49.22:891][ 56]LogSlate: InvalidateAllWidgets triggered.  All widgets were invalidated
[2021.04.14-01.49.22:891][ 56]MapCheck: New page: Map Check
[2021.04.14-01.49.22:891][ 56]LightingResults: New page: Lighting Build
[2021.04.14-01.49.22:904][ 56]LogAISub: UAISubsystem::~UAISubsystem AIPerceptionSystem (000001C7A992D940), frame # 4056
[2021.04.14-01.49.22:904][ 56]LogAISub: UAISubsystem::~UAISubsystem EnvQueryManager (000001C7A9809800), frame # 4056
[2021.04.14-01.49.22:905][ 56]LogUObjectHash: Compacting FUObjectHashTables data took   0.63ms
[2021.04.14-01.49.22:908][ 56]LogEditorServer: Finished looking for orphan Actors (0.000 secs)
[2021.04.14-01.49.22:908][ 56]LogAIModule: Creating AISystem for world GameLevel
[2021.04.14-01.49.22:909][ 56]LogAISub: UAISubsystem::UAISubsystem EnvQueryManager (000001C7CDA7DA00), frame # 4056
[2021.04.14-01.49.22:909][ 56]LogAISub: UAISubsystem::UAISubsystem AIPerceptionSystem (000001C7CE2AB100), frame # 4056
[2021.04.14-01.49.22:923][ 56]LogUObjectHash: Compacting FUObjectHashTables data took   0.58ms
[2021.04.14-01.49.22:938][ 56]Cmd: MAP CHECKDEP NOCLEARLOG
[2021.04.14-01.49.22:938][ 56]MapCheck: Map check complete: 0 Error(s), 0 Warning(s), took 0.149ms to complete.
[2021.04.14-01.49.22:938][ 56]LogFileHelpers: Loading map 'GameLevel' took 0.098
[2021.04.14-01.49.22:986][ 56]AssetCheck: New page: Asset Save: multiple assets
[2021.04.14-01.49.22:986][ 56]LogContentValidation: Display: Validating World /Game/Levels/EndLevel.EndLevel
[2021.04.14-01.49.22:993][ 56]LogContentValidation: Display: Validating MapBuildDataRegistry /Game/Levels/EndLevel_BuiltData.EndLevel_BuiltData
[2021.04.14-01.49.26:644][491]LogEditorViewport: Clicking on Actor (LMB): PlayerStart (Player Start)
[2021.04.14-01.49.27:409][579]LogNavigationPoint: PostEditMove Clear paths rebuilt
[2021.04.14-01.49.28:077][658]LogNavigationPoint: PostEditMove Clear paths rebuilt
[2021.04.14-01.49.28:724][734]LogNavigationPoint: PostEditMove Clear paths rebuilt
[2021.04.14-01.49.29:381][812]LogNavigationPoint: PostEditMove Clear paths rebuilt
[2021.04.14-01.49.30:278][918]LogNavigationPoint: PostEditMove Clear paths rebuilt
[2021.04.14-01.49.31:613][ 77]LogNavigationPoint: PostEditMove Clear paths rebuilt
[2021.04.14-01.49.32:597][194]LogEditorViewport: Clicking on Actor (LMB): PlayerStart (Player Start3)
[2021.04.14-01.49.33:748][330]LogNavigationPoint: PostEditMove Clear paths rebuilt
[2021.04.14-01.49.34:623][434]LogEditorViewport: Clicking on Actor (LMB): PlayerStart (Player Start)
[2021.04.14-01.49.35:789][572]LogNavigationPoint: PostEditMove Clear paths rebuilt
[2021.04.14-01.49.36:405][645]LogEditorViewport: Clicking on Actor (LMB): PlayerStart (Player Start2)
[2021.04.14-01.49.37:432][766]LogNavigationPoint: PostEditMove Clear paths rebuilt
[2021.04.14-01.49.38:006][834]LogEditorViewport: Clicking on Actor (LMB): PlayerStart (Player Start4)
[2021.04.14-01.49.38:981][949]LogNavigationPoint: PostEditMove Clear paths rebuilt
[2021.04.14-01.49.40:108][ 78]LogAssetEditorSubsystem: Opening Asset editor for World /Game/Levels/Lobby.Lobby
[2021.04.14-01.49.40:121][ 78]LogUObjectHash: Compacting FUObjectHashTables data took   0.67ms
[2021.04.14-01.49.41:365][ 78]LogSlate: Window 'Save Content' being destroyed
[2021.04.14-01.49.41:390][ 78]LogUObjectHash: Compacting FUObjectHashTables data took   0.24ms
[2021.04.14-01.49.41:446][ 78]LogSavePackage: Moving 'C:/Users/aveng/Documents/GitHub/GamesAssignment2-SecondYear/Games Assignment Two/GamesAssignmentTwo/Saved/GameLevel233AD76A4BBAEEFA769724BC59A0950A.tmp' to 'C:/Users/aveng/Documents/GitHub/GamesAssignment2-SecondYear/Games Assignment Two/GamesAssignmentTwo/Content/Levels/GameLevel.umap'
[2021.04.14-01.49.41:465][ 78]LogFileHelpers: Saving map 'GameLevel' took 0.088
[2021.04.14-01.49.41:514][ 78]LogSavePackage: Moving 'C:/Users/aveng/Documents/GitHub/GamesAssignment2-SecondYear/Games Assignment Two/GamesAssignmentTwo/Saved/GameLevel_BuiltData37699A834E8DFB61786218A199CAA04C.tmp' to 'C:/Users/aveng/Documents/GitHub/GamesAssignment2-SecondYear/Games Assignment Two/GamesAssignmentTwo/Content/Levels/GameLevel_BuiltData.uasset'
[2021.04.14-01.49.41:517][ 78]Cmd: MAP LOAD FILE="C:/Users/aveng/Documents/GitHub/GamesAssignment2-SecondYear/Games Assignment Two/GamesAssignmentTwo/Content/Levels/Lobby.umap" TEMPLATE=0 SHOWPROGRESS=1 FEATURELEVEL=3
[2021.04.14-01.49.41:518][ 78]LightingResults: New page: Lighting Build
[2021.04.14-01.49.41:518][ 78]LoadErrors: New page: Loading map: Lobby.umap
[2021.04.14-01.49.41:519][ 78]LogWorld: UWorld::CleanupWorld for GameLevel, bSessionEnded=true, bCleanupResources=true
[2021.04.14-01.49.41:519][ 78]LogSlate: InvalidateAllWidgets triggered.  All widgets were invalidated
[2021.04.14-01.49.41:519][ 78]MapCheck: New page: Map Check
[2021.04.14-01.49.41:520][ 78]LightingResults: New page: Lighting Build
[2021.04.14-01.49.41:531][ 78]LogAISub: UAISubsystem::~UAISubsystem AIPerceptionSystem (000001C7CE2AB100), frame # 6078
[2021.04.14-01.49.41:532][ 78]LogAISub: UAISubsystem::~UAISubsystem EnvQueryManager (000001C7CDA7DA00), frame # 6078
[2021.04.14-01.49.41:533][ 78]LogUObjectHash: Compacting FUObjectHashTables data took   0.65ms
[2021.04.14-01.49.41:547][ 78]LogUObjectHash: Compacting FUObjectHashTables data took   0.58ms
[2021.04.14-01.49.41:560][ 78]LogUObjectHash: Compacting FUObjectHashTables data took   0.58ms
[2021.04.14-01.49.41:562][ 78]LogEditorServer: Finished looking for orphan Actors (0.000 secs)
[2021.04.14-01.49.41:562][ 78]LogAIModule: Creating AISystem for world Lobby
[2021.04.14-01.49.41:563][ 78]LogAISub: UAISubsystem::UAISubsystem EnvQueryManager (000001C7CDA1C200), frame # 6078
[2021.04.14-01.49.41:563][ 78]LogAISub: UAISubsystem::UAISubsystem AIPerceptionSystem (000001C7C3075080), frame # 6078
[2021.04.14-01.49.41:576][ 78]LogUObjectHash: Compacting FUObjectHashTables data took   0.59ms
[2021.04.14-01.49.41:610][ 78]Cmd: MAP CHECKDEP NOCLEARLOG
[2021.04.14-01.49.41:610][ 78]MapCheck: Map check complete: 0 Error(s), 0 Warning(s), took 0.13ms to complete.
[2021.04.14-01.49.41:610][ 78]LogFileHelpers: Loading map 'Lobby' took 0.093
[2021.04.14-01.49.41:634][ 78]AssetCheck: New page: Asset Save: multiple assets
[2021.04.14-01.49.41:634][ 78]LogContentValidation: Display: Validating World /Game/Levels/GameLevel.GameLevel
[2021.04.14-01.49.41:656][ 78]LogContentValidation: Display: Validating MapBuildDataRegistry /Game/Levels/GameLevel_BuiltData.GameLevel_BuiltData
[2021.04.14-01.49.44:847][460]LogEditorViewport: Clicking on Actor (LMB): PlayerStart (Player Start)
[2021.04.14-01.49.45:365][517]LogNavigationPoint: PostEditMove Clear paths rebuilt
[2021.04.14-01.49.45:948][586]LogNavigationPoint: PostEditMove Clear paths rebuilt
[2021.04.14-01.49.47:482][769]LogNavigationPoint: PostEditMove Clear paths rebuilt
[2021.04.14-01.49.47:934][822]LogNavigationPoint: PostEditMove Clear paths rebuilt
[2021.04.14-01.49.48:791][924]LogNavigationPoint: PostEditMove Clear paths rebuilt
[2021.04.14-01.49.49:579][ 17]LogNavigationPoint: PostEditMove Clear paths rebuilt
[2021.04.14-01.49.50:471][123]LogNavigationPoint: PostEditMove Clear paths rebuilt
[2021.04.14-01.49.51:146][203]LogEditorViewport: Clicking on Actor (LMB): PlayerStart (Player Start)
[2021.04.14-01.49.52:596][375]LogNavigationPoint: PostEditMove Clear paths rebuilt
[2021.04.14-01.49.53:844][524]LogNavigationPoint: PostEditMove Clear paths rebuilt
[2021.04.14-01.49.55:726][743]LogUObjectHash: Compacting FUObjectHashTables data took   0.73ms
[2021.04.14-01.49.56:683][743]LogSlate: Window 'Save Content' being destroyed
[2021.04.14-01.49.56:717][743]LogUObjectHash: Compacting FUObjectHashTables data took   0.24ms
[2021.04.14-01.49.56:733][743]LogSavePackage: Moving 'C:/Users/aveng/Documents/GitHub/GamesAssignment2-SecondYear/Games Assignment Two/GamesAssignmentTwo/Saved/Lobby4F34DC2A450E5123123884A08863037B.tmp' to 'C:/Users/aveng/Documents/GitHub/GamesAssignment2-SecondYear/Games Assignment Two/GamesAssignmentTwo/Content/Levels/Lobby.umap'
[2021.04.14-01.49.56:751][743]LogFileHelpers: Saving map 'Lobby' took 0.048
[2021.04.14-01.49.56:763][743]LogSavePackage: Moving 'C:/Users/aveng/Documents/GitHub/GamesAssignment2-SecondYear/Games Assignment Two/GamesAssignmentTwo/Saved/Lobby_BuiltDataFE682BE24DC3627699CED4850F348AB4.tmp' to 'C:/Users/aveng/Documents/GitHub/GamesAssignment2-SecondYear/Games Assignment Two/GamesAssignmentTwo/Content/Levels/Lobby_BuiltData.uasset'
[2021.04.14-01.49.56:775][743]AssetCheck: New page: Asset Save: multiple assets
[2021.04.14-01.49.56:775][743]LogContentValidation: Display: Validating World /Game/Levels/Lobby.Lobby
[2021.04.14-01.49.56:775][743]LogContentValidation: Display: Validating MapBuildDataRegistry /Game/Levels/Lobby_BuiltData.Lobby_BuiltData
[2021.04.14-01.50.02:075][359]LogSlate: WidgetSwitcher ('None') active index changed to -1
[2021.04.14-01.50.02:075][359]LogSlate: WidgetSwitcher ('None') active index changed to 0
[2021.04.14-01.50.02:120][359]LogSlate: Took 0.002797 seconds to synchronously load lazily loaded font '../../../Engine/Content/Slate/Fonts/Roboto-BoldCondensed.ttf' (158K)
[2021.04.14-01.50.10:222][297]LogSlate: WidgetSwitcher ('None') active index changed to 1
[2021.04.14-01.50.55:041][670]Running E:/UNREAL ENGINE/UE_4.25/Engine/Binaries/DotNET/UnrealBuildTool.exe  -projectfiles -project="C:/Users/aveng/Documents/GitHub/GamesAssignment2-SecondYear/Games Assignment Two/GamesAssignmentTwo/GamesAssignmentTwo.uproject" -game -rocket -progress
[2021.04.14-01.50.55:479][670]Discovering modules, targets and source code for project...
[2021.04.14-01.50.56:589][670]Binding IntelliSense data...
[2021.04.14-01.50.58:015][670]Binding IntelliSense data... 100%
[2021.04.14-01.50.58:016][670]Writing project files...
[2021.04.14-01.51.00:734][670]Writing project files... 100%
[2021.04.14-01.51.00:861][670]Candidate modules for hot reload:
[2021.04.14-01.51.00:861][670]  GamesAssignmentTwo
[2021.04.14-01.51.00:861][670]Launching UnrealBuildTool... [E:/UNREAL ENGINE/UE_4.25/Engine/Binaries/DotNET/UnrealBuildTool.exe  -ModuleWithSuffix=GamesAssignmentTwo,1763 GamesAssignmentTwoEditor Win64 Development -Project="C:/Users/aveng/Documents/GitHub/GamesAssignment2-SecondYear/Games Assignment Two/GamesAssignmentTwo/GamesAssignmentTwo.uproject" "C:/Users/aveng/Documents/GitHub/GamesAssignment2-SecondYear/Games Assignment Two/GamesAssignmentTwo/GamesAssignmentTwo.uproject"  -IgnoreJunk]
[2021.04.14-01.51.11:177][670]CompilerResultsLog: New page: Compilation - 14 Apr 2021, 03:51:11
[2021.04.14-01.51.11:177][670]CompilerResultsLog: Creating makefile for GamesAssignmentTwoEditor (no existing makefile)
[2021.04.14-01.51.11:177][670]CompilerResultsLog: Parsing headers for GamesAssignmentTwoEditor
[2021.04.14-01.51.11:178][670]CompilerResultsLog:   Running UnrealHeaderTool "C:\Users\aveng\Documents\GitHub\GamesAssignment2-SecondYear\Games Assignment Two\GamesAssignmentTwo\GamesAssignmentTwo.uproject" "C:\Users\aveng\Documents\GitHub\GamesAssignment2-SecondYear\Games Assignment Two\GamesAssignmentTwo\Intermediate\Build\Win64\GamesAssignmentTwoEditor\Development\GamesAssignmentTwoEditor.uhtmanifest" -LogCmds="loginit warning, logexit warning, logdatabase error" -Unattended -WarningsAsErrors -abslog="C:\Users\aveng\AppData\Local\UnrealBuildTool\Log_UHT.txt" -installed
[2021.04.14-01.51.11:178][670]CompilerResultsLog: Reflection code generated for GamesAssignmentTwoEditor in 4.6185111 seconds
[2021.04.14-01.51.11:178][670]CompilerResultsLog: Building GamesAssignmentTwoEditor...
[2021.04.14-01.51.11:178][670]CompilerResultsLog: Using Visual Studio 2019 14.28.29337 toolchain (C:\Program Files (x86)\Microsoft Visual Studio\2019\Community\VC\Tools\MSVC\14.28.29333) and Windows 10.0.18362.0 SDK (C:\Program Files (x86)\Windows Kits\10).
[2021.04.14-01.51.11:178][670]CompilerResultsLog: Building 6 actions with 24 processes...
[2021.04.14-01.51.11:178][670]CompilerResultsLog:   [1/6] GamesAssignmentTwo.init.gen.cpp
[2021.04.14-01.51.11:178][670]CompilerResultsLog:   [2/6] BaseUserWidget.cpp
[2021.04.14-01.51.11:178][670]CompilerResultsLog:   [3/6] BaseUserWidget.gen.cpp
[2021.04.14-01.51.11:178][670]CompilerResultsLog:   [4/6] UE4Editor-GamesAssignmentTwo-1763.lib
[2021.04.14-01.51.11:179][670]CompilerResultsLog:      Creating library C:\Users\aveng\Documents\GitHub\GamesAssignment2-SecondYear\Games Assignment Two\GamesAssignmentTwo\Intermediate\Build\Win64\UE4Editor\Development\GamesAssignmentTwo\UE4Editor-GamesAssignmentTwo-1763.lib and object C:\Users\aveng\Documents\GitHub\GamesAssignment2-SecondYear\Games Assignment Two\GamesAssignmentTwo\Intermediate\Build\Win64\UE4Editor\Development\GamesAssignmentTwo\UE4Editor-GamesAssignmentTwo-1763.exp
[2021.04.14-01.51.11:179][670]CompilerResultsLog:   [5/6] UE4Editor-GamesAssignmentTwo-1763.dll
[2021.04.14-01.51.11:179][670]CompilerResultsLog:      Creating library C:\Users\aveng\Documents\GitHub\GamesAssignment2-SecondYear\Games Assignment Two\GamesAssignmentTwo\Intermediate\Build\Win64\UE4Editor\Development\GamesAssignmentTwo\UE4Editor-GamesAssignmentTwo-1763.suppressed.lib and object C:\Users\aveng\Documents\GitHub\GamesAssignment2-SecondYear\Games Assignment Two\GamesAssignmentTwo\Intermediate\Build\Win64\UE4Editor\Development\GamesAssignmentTwo\UE4Editor-GamesAssignmentTwo-1763.suppressed.exp
[2021.04.14-01.51.11:179][670]CompilerResultsLog:   [6/6] GamesAssignmentTwoEditor.target
[2021.04.14-01.51.11:179][670]CompilerResultsLog: Total time in Parallel executor: 4.07 seconds
[2021.04.14-01.51.11:179][670]CompilerResultsLog: Total execution time: 10.16 seconds
[2021.04.14-01.51.11:179][670]LogMainFrame: MainFrame: Module compiling took 10.322 seconds
[2021.04.14-01.51.11:193][670]LogClass: Could not find existing class BaseUserWidget in package /Script/GamesAssignmentTwo for HotReload, assuming new class
[2021.04.14-01.51.11:203][670]LogContentBrowser: Native class hierarchy updated for 'GamesAssignmentTwo' in 0.0006 seconds. Added 9 classes and 2 folders.
[2021.04.14-01.51.11:205][670]Display: HotReload successful (9 functions remapped  0 scriptstructs remapped)
[2021.04.14-01.51.11:288][670]LogContentBrowser: Native class hierarchy populated in 0.0107 seconds. Added 3436 classes and 823 folders.
[2021.04.14-01.51.11:293][670]Display: HotReload took 10.5s.
[2021.04.14-01.51.11:294][670]Warning: HotReload operation took 10.5s.
[2021.04.14-01.51.11:760][670]LogVSAccessor: Warning: Couldn't goto line number '1' in 'C:/Users/aveng/Documents/GitHub/GamesAssignment2-SecondYear/Games Assignment Two/GamesAssignmentTwo/Source/GamesAssignmentTwo/BaseUserWidget.h'
[2021.04.14-01.51.11:775][670]LogVSAccessor: Warning: Couldn't open file 'C:/Users/aveng/Documents/GitHub/GamesAssignment2-SecondYear/Games Assignment Two/GamesAssignmentTwo/Source/GamesAssignmentTwo/BaseUserWidget.cpp'.
[2021.04.14-01.51.11:787][670]LogSlate: Window 'Add C++ Class' being destroyed
[2021.04.14-01.51.11:798][670]LogHotReload: New module detected: UE4Editor-GamesAssignmentTwo-1763.dll
[2021.04.14-01.51.11:861][671]LogHotReload: Starting Hot-Reload from IDE
[2021.04.14-01.51.11:885][671]LogContentBrowser: Native class hierarchy updated for 'GamesAssignmentTwo' in 0.0004 seconds. Added 9 classes and 2 folders.
[2021.04.14-01.51.11:886][671]Display: HotReload successful (0 functions remapped  0 scriptstructs remapped)
[2021.04.14-01.51.11:896][671]LogContentBrowser: Native class hierarchy populated in 0.0097 seconds. Added 3436 classes and 823 folders.
[2021.04.14-01.51.11:904][671]Display: HotReload took  0.0s.
