Log file open, 04/14/21 09:05:47
LogInit: Display: Running engine for game: GamesAssignmentTwo
LogPlatformFile: Not using cached read wrapper
LogTaskGraph: Started task graph with 5 named threads and 71 total threads with 3 sets of task threads.
LogStats: Stats thread started at 0.360715
LogD3D11RHI: Loaded GFSDK_Aftermath_Lib.x64.dll
LogICUInternationalization: ICU TimeZone Detection - Raw Offset: +0:00, Platform Override: ''
LogPluginManager: Mounting plugin Paper2D
LogPluginManager: Mounting plugin AISupport
LogPluginManager: Mounting plugin LightPropagationVolume
LogPluginManager: Mounting plugin CameraShakePreviewer
LogPluginManager: Mounting plugin ActorLayerUtilities
LogPluginManager: Mounting plugin AnimationSharing
LogPluginManager: Mounting plugin CLionSourceCodeAccess
LogPluginManager: Mounting plugin CodeLiteSourceCodeAccess
LogPluginManager: Mounting plugin GitSourceControl
LogPluginManager: Mounting plugin KDevelopSourceCodeAccess
LogPluginManager: Mounting plugin NullSourceCodeAccess
LogPluginManager: Mounting plugin PerforceSourceControl
LogPluginManager: Mounting plugin PlasticSourceControl
LogPluginManager: Mounting plugin RiderSourceCodeAccess
LogPluginManager: Mounting plugin SubversionSourceControl
LogPluginManager: Mounting plugin UObjectPlugin
LogPluginManager: Mounting plugin VisualStudioCodeSourceCodeAccess
LogPluginManager: Mounting plugin VisualStudioSourceCodeAccess
LogPluginManager: Mounting plugin XCodeSourceCodeAccess
LogPluginManager: Mounting plugin AssetManagerEditor
LogPluginManager: Mounting plugin CryptoKeys
LogPluginManager: Mounting plugin CurveEditorTools
LogPluginManager: Mounting plugin DataValidation
LogPluginManager: Mounting plugin EditorScriptingUtilities
LogPluginManager: Mounting plugin FacialAnimation
LogPluginManager: Mounting plugin GameplayTagsEditor
LogPluginManager: Mounting plugin GeometryMode
LogPluginManager: Mounting plugin MacGraphicsSwitching
LogPluginManager: Mounting plugin MaterialAnalyzer
LogPluginManager: Mounting plugin MobileLauncherProfileWizard
LogPluginManager: Mounting plugin PluginBrowser
LogPluginManager: Mounting plugin SpeedTreeImporter
LogPluginManager: Mounting plugin DatasmithContent
LogPluginManager: Mounting plugin VariantManagerContent
LogPluginManager: Mounting plugin AlembicImporter
LogPluginManager: Mounting plugin AutomationUtils
LogPluginManager: Mounting plugin BackChannel
LogPluginManager: Mounting plugin ChaosCloth
LogPluginManager: Mounting plugin ChaosClothEditor
LogPluginManager: Mounting plugin ChaosEditor
LogPluginManager: Mounting plugin ChaosNiagara
LogPluginManager: Mounting plugin ChaosSolverPlugin
LogPluginManager: Mounting plugin CharacterAI
LogPluginManager: Mounting plugin GeometryCache
LogPluginManager: Mounting plugin GeometryCollectionPlugin
LogPluginManager: Mounting plugin GeometryProcessing
LogPluginManager: Mounting plugin PlanarCut
LogPluginManager: Mounting plugin PlatformCrypto
LogPluginManager: Mounting plugin ProxyLODPlugin
LogPluginManager: Mounting plugin SkeletalReduction
LogPluginManager: Mounting plugin Niagara
LogPluginManager: Mounting plugin MagicLeap
LogPluginManager: Mounting plugin MagicLeapLightEstimation
LogPluginManager: Mounting plugin MagicLeapMedia
LogPluginManager: Mounting plugin MagicLeapPassableWorld
LogPluginManager: Mounting plugin MLSDK
LogPluginManager: Mounting plugin AndroidMedia
LogPluginManager: Mounting plugin AvfMedia
LogPluginManager: Mounting plugin ImgMedia
LogPluginManager: Mounting plugin MediaCompositing
LogPluginManager: Mounting plugin MediaPlayerEditor
LogPluginManager: Mounting plugin WebMMedia
LogPluginManager: Mounting plugin WmfMedia
LogPluginManager: Mounting plugin MeshPainting
LogPluginManager: Mounting plugin TcpMessaging
LogPluginManager: Mounting plugin UdpMessaging
LogPluginManager: Mounting plugin ActorSequence
LogPluginManager: Mounting plugin LevelSequenceEditor
LogPluginManager: Mounting plugin MatineeToLevelSequence
LogPluginManager: Mounting plugin MovieRenderPipeline
LogPluginManager: Mounting plugin TemplateSequence
LogPluginManager: Mounting plugin NetcodeUnitTest
LogPluginManager: Mounting plugin NUTUnrealEngine4
LogPluginManager: Mounting plugin OnlineSubsystemGooglePlay
LogPluginManager: Mounting plugin OnlineSubsystemIOS
LogPluginManager: Mounting plugin OnlineSubsystem
LogPluginManager: Mounting plugin OnlineSubsystemNull
LogPluginManager: Mounting plugin OnlineSubsystemUtils
LogPluginManager: Mounting plugin LauncherChunkInstaller
LogPluginManager: Mounting plugin AndroidDeviceProfileSelector
LogPluginManager: Mounting plugin AndroidMoviePlayer
LogPluginManager: Mounting plugin AndroidPermission
LogPluginManager: Mounting plugin AppleImageUtils
LogPluginManager: Mounting plugin AppleMoviePlayer
LogPluginManager: Mounting plugin ArchVisCharacter
LogPluginManager: Mounting plugin AssetTags
LogPluginManager: Mounting plugin AudioCapture
LogPluginManager: Mounting plugin CableComponent
LogPluginManager: Mounting plugin CustomMeshComponent
LogPluginManager: Mounting plugin EditableMesh
LogPluginManager: Mounting plugin ExampleDeviceProfileSelector
LogPluginManager: Mounting plugin GoogleCloudMessaging
LogPluginManager: Mounting plugin GooglePAD
LogPluginManager: Mounting plugin IOSDeviceProfileSelector
LogPluginManager: Mounting plugin LinuxDeviceProfileSelector
LogPluginManager: Mounting plugin LocationServicesBPLibrary
LogPluginManager: Mounting plugin MobilePatchingUtils
LogPluginManager: Mounting plugin OculusVR
LogPluginManager: Mounting plugin PhysXVehicles
LogPluginManager: Mounting plugin PostSplashScreen
LogPluginManager: Mounting plugin ProceduralMeshComponent
LogPluginManager: Mounting plugin RuntimePhysXCooking
LogPluginManager: Mounting plugin SignificanceManager
LogPluginManager: Mounting plugin SoundFields
LogPluginManager: Mounting plugin SteamVR
LogPluginManager: Mounting plugin Synthesis
LogPluginManager: Mounting plugin WebMMoviePlayer
LogPluginManager: Mounting plugin WindowsMoviePlayer
LogPluginManager: Mounting plugin ScreenshotTools
LogInit: Using libcurl 7.55.1-DEV
LogInit:  - built for x86_64-pc-win32
LogInit:  - supports SSL with OpenSSL/1.1.1
LogInit:  - supports HTTP deflate (compression) using libz 1.2.8
LogInit:  - other features:
LogInit:      CURL_VERSION_SSL
LogInit:      CURL_VERSION_LIBZ
LogInit:      CURL_VERSION_IPV6
LogInit:      CURL_VERSION_ASYNCHDNS
LogInit:      CURL_VERSION_LARGEFILE
LogInit:      CURL_VERSION_IDN
LogInit:  CurlRequestOptions (configurable via config and command line):
LogInit:  - bVerifyPeer = true  - Libcurl will verify peer certificate
LogInit:  - bUseHttpProxy = false  - Libcurl will NOT use HTTP proxy
LogInit:  - bDontReuseConnections = false  - Libcurl will reuse connections
LogInit:  - MaxHostConnections = 16  - Libcurl will limit the number of connections to a host
LogInit:  - LocalHostAddr = Default
LogInit:  - BufferSize = 65536
LogOnline: OSS: Creating online subsystem instance for: NULL
LogInit: WinSock: version 1.1 (2.2), MaxSocks=32767, MaxUdp=65467
LogOnline: OSS: TryLoadSubsystemAndSetDefault: Loaded subsystem for module [NULL]
LogInit: Build: ++UE4+Release-4.25-CL-14469661
LogInit: Engine Version: 4.25.4-14469661+++UE4+Release-4.25
LogInit: Compatible Engine Version: 4.25.0-13144385+++UE4+Release-4.25
LogInit: Net CL: 13144385
LogInit: OS: Windows 10 (Release 2009) (), CPU: AMD Ryzen 9 3900X 12-Core Processor            , GPU: NVIDIA GeForce GTX 1060 6GB
LogInit: Compiled (64-bit): Oct 11 2020 08:10:49
LogInit: Compiled with Visual C++: 19.24.28315.00
LogInit: Build Configuration: Development
LogInit: Branch Name: ++UE4+Release-4.25
LogInit: Command Line: -log -game
LogInit: Base Directory: E:/UNREAL ENGINE/UE_4.25/Engine/Binaries/Win64/
LogInit: Allocator: TBB
LogInit: Installed Engine Build: 1
LogDevObjectVersion: Number of dev versions registered: 26
LogDevObjectVersion:   Dev-Blueprints (B0D832E4-1F89-4F0D-ACCF-7EB736FD4AA2): 10
LogDevObjectVersion:   Dev-Build (E1C64328-A22C-4D53-A36C-8E866417BD8C): 0
LogDevObjectVersion:   Dev-Core (375EC13C-06E4-48FB-B500-84F0262A717E): 4
LogDevObjectVersion:   Dev-Editor (E4B068ED-F494-42E9-A231-DA0B2E46BB41): 38
LogDevObjectVersion:   Dev-Framework (CFFC743F-43B0-4480-9391-14DF171D2073): 37
LogDevObjectVersion:   Dev-Mobile (B02B49B5-BB20-44E9-A304-32B752E40360): 2
LogDevObjectVersion:   Dev-Networking (A4E4105C-59A1-49B5-A7C5-40C4547EDFEE): 0
LogDevObjectVersion:   Dev-Online (39C831C9-5AE6-47DC-9A44-9C173E1C8E7C): 0
LogDevObjectVersion:   Dev-Physics (78F01B33-EBEA-4F98-B9B4-84EACCB95AA2): 4
LogDevObjectVersion:   Dev-Platform (6631380F-2D4D-43E0-8009-CF276956A95A): 0
LogDevObjectVersion:   Dev-Rendering (12F88B9F-8875-4AFC-A67C-D90C383ABD29): 43
LogDevObjectVersion:   Dev-Sequencer (7B5AE74C-D270-4C10-A958-57980B212A5A): 12
LogDevObjectVersion:   Dev-VR (D7296918-1DD6-4BDD-9DE2-64A83CC13884): 3
LogDevObjectVersion:   Dev-LoadTimes (C2A15278-BFE7-4AFE-6C17-90FF531DF755): 1
LogDevObjectVersion:   Private-Geometry (6EACA3D4-40EC-4CC1-B786-8BED09428FC5): 3
LogDevObjectVersion:   Dev-AnimPhys (29E575DD-E0A3-4627-9D10-D276232CDCEA): 17
LogDevObjectVersion:   Dev-Anim (AF43A65D-7FD3-4947-9873-3E8ED9C1BB05): 7
LogDevObjectVersion:   Dev-ReflectionCapture (6B266CEC-1EC7-4B8F-A30B-E4D90942FC07): 1
LogDevObjectVersion:   Dev-Automation (0DF73D61-A23F-47EA-B727-89E90C41499A): 1
LogDevObjectVersion:   FortniteMain (601D1886-AC64-4F84-AA16-D3DE0DEAC7D6): 31
LogDevObjectVersion:   Dev-Enterprise (9DFFBCD6-494F-0158-E221-12823C92A888): 10
LogDevObjectVersion:   Dev-Niagara (F2AED0AC-9AFE-416F-8664-AA7FFA26D6FC): 1
LogDevObjectVersion:   Dev-Destruction (174F1F0B-B4C6-45A5-B13F-2EE8D0FB917D): 10
LogDevObjectVersion:   Dev-Physics-Ext (35F94A83-E258-406C-A318-09F59610247C): 37
LogDevObjectVersion:   Dev-PhysicsMaterial-Chaos (B68FC16E-8B1B-42E2-B453-215C058844FE): 1
LogDevObjectVersion:   Dev-CineCamera (B2E18506-4273-CFC2-A54E-F4BB758BBA07): 1
LogInit: Presizing for max 25165824 objects, including 0 objects not considered by GC, pre-allocating 0 bytes for permanent pool.
LogConfig: Applying CVar settings from Section [/Script/Engine.StreamingSettings] File [C:/Users/aveng/Documents/GitHub/GamesAssignment2-SecondYear/Games Assignment Two/GamesAssignmentTwo/Saved/Config/Windows/Engine.ini]
LogConfig: Setting CVar [[s.MinBulkDataSizeForAsyncLoading:131072]]
LogConfig: Setting CVar [[s.AsyncLoadingThreadEnabled:0]]
LogConfig: Setting CVar [[s.EventDrivenLoaderEnabled:1]]
LogConfig: Setting CVar [[s.WarnIfTimeLimitExceeded:0]]
LogConfig: Setting CVar [[s.TimeLimitExceededMultiplier:1.5]]
LogConfig: Setting CVar [[s.TimeLimitExceededMinTime:0.005]]
LogConfig: Setting CVar [[s.UseBackgroundLevelStreaming:1]]
LogConfig: Setting CVar [[s.PriorityAsyncLoadingExtraTime:15.0]]
LogConfig: Setting CVar [[s.LevelStreamingActorsUpdateTimeLimit:5.0]]
LogConfig: Setting CVar [[s.PriorityLevelStreamingActorsUpdateExtraTime:5.0]]
LogConfig: Setting CVar [[s.LevelStreamingComponentsRegistrationGranularity:10]]
LogConfig: Setting CVar [[s.UnregisterComponentsTimeLimit:1.0]]
LogConfig: Setting CVar [[s.LevelStreamingComponentsUnregistrationGranularity:5]]
LogConfig: Setting CVar [[s.FlushStreamingOnExit:1]]
LogInit: Object subsystem initialized
LogConfig: Setting CVar [[con.DebugEarlyDefault:1]]
LogConfig: Setting CVar [[r.setres:1280x720]]
[2021.04.14-08.05.47:971][  0]LogConfig: Setting CVar [[con.DebugEarlyDefault:1]]
[2021.04.14-08.05.47:971][  0]LogConfig: Setting CVar [[r.setres:1280x720]]
[2021.04.14-08.05.47:972][  0]LogConfig: Applying CVar settings from Section [/Script/Engine.RendererSettings] File [C:/Users/aveng/Documents/GitHub/GamesAssignment2-SecondYear/Games Assignment Two/GamesAssignmentTwo/Saved/Config/Windows/Engine.ini]
[2021.04.14-08.05.47:972][  0]LogConfig: Setting CVar [[r.GPUCrashDebugging:0]]
[2021.04.14-08.05.47:973][  0]LogConfig: Applying CVar settings from Section [/Script/Engine.RendererOverrideSettings] File [C:/Users/aveng/Documents/GitHub/GamesAssignment2-SecondYear/Games Assignment Two/GamesAssignmentTwo/Saved/Config/Windows/Engine.ini]
[2021.04.14-08.05.47:973][  0]LogConfig: Applying CVar settings from Section [/Script/Engine.StreamingSettings] File [C:/Users/aveng/Documents/GitHub/GamesAssignment2-SecondYear/Games Assignment Two/GamesAssignmentTwo/Saved/Config/Windows/Engine.ini]
[2021.04.14-08.05.47:974][  0]LogConfig: Setting CVar [[s.MinBulkDataSizeForAsyncLoading:131072]]
[2021.04.14-08.05.47:974][  0]LogConfig: Setting CVar [[s.AsyncLoadingThreadEnabled:0]]
[2021.04.14-08.05.47:974][  0]LogConfig: Setting CVar [[s.EventDrivenLoaderEnabled:1]]
[2021.04.14-08.05.47:975][  0]LogConfig: Setting CVar [[s.WarnIfTimeLimitExceeded:0]]
[2021.04.14-08.05.47:975][  0]LogConfig: Setting CVar [[s.TimeLimitExceededMultiplier:1.5]]
[2021.04.14-08.05.47:976][  0]LogConfig: Setting CVar [[s.TimeLimitExceededMinTime:0.005]]
[2021.04.14-08.05.47:977][  0]LogConfig: Setting CVar [[s.UseBackgroundLevelStreaming:1]]
[2021.04.14-08.05.47:978][  0]LogConfig: Setting CVar [[s.PriorityAsyncLoadingExtraTime:15.0]]
[2021.04.14-08.05.47:979][  0]LogConfig: Setting CVar [[s.LevelStreamingActorsUpdateTimeLimit:5.0]]
[2021.04.14-08.05.47:980][  0]LogConfig: Setting CVar [[s.PriorityLevelStreamingActorsUpdateExtraTime:5.0]]
[2021.04.14-08.05.47:981][  0]LogConfig: Setting CVar [[s.LevelStreamingComponentsRegistrationGranularity:10]]
[2021.04.14-08.05.47:981][  0]LogConfig: Setting CVar [[s.UnregisterComponentsTimeLimit:1.0]]
[2021.04.14-08.05.47:981][  0]LogConfig: Setting CVar [[s.LevelStreamingComponentsUnregistrationGranularity:5]]
[2021.04.14-08.05.47:982][  0]LogConfig: Setting CVar [[s.FlushStreamingOnExit:1]]
[2021.04.14-08.05.47:982][  0]LogConfig: Applying CVar settings from Section [/Script/Engine.GarbageCollectionSettings] File [C:/Users/aveng/Documents/GitHub/GamesAssignment2-SecondYear/Games Assignment Two/GamesAssignmentTwo/Saved/Config/Windows/Engine.ini]
[2021.04.14-08.05.47:983][  0]LogConfig: Setting CVar [[gc.MaxObjectsNotConsideredByGC:1]]
[2021.04.14-08.05.47:983][  0]LogConfig: Setting CVar [[gc.SizeOfPermanentObjectPool:0]]
[2021.04.14-08.05.47:984][  0]LogConfig: Setting CVar [[gc.FlushStreamingOnGC:0]]
[2021.04.14-08.05.47:984][  0]LogConfig: Setting CVar [[gc.NumRetriesBeforeForcingGC:10]]
[2021.04.14-08.05.47:984][  0]LogConfig: Setting CVar [[gc.AllowParallelGC:1]]
[2021.04.14-08.05.47:985][  0]LogConfig: Setting CVar [[gc.TimeBetweenPurgingPendingKillObjects:61.1]]
[2021.04.14-08.05.47:985][  0]LogConfig: Setting CVar [[gc.MaxObjectsInEditor:25165824]]
[2021.04.14-08.05.47:986][  0]LogConfig: Setting CVar [[gc.IncrementalBeginDestroyEnabled:1]]
[2021.04.14-08.05.47:988][  0]LogConfig: Setting CVar [[gc.CreateGCClusters:1]]
[2021.04.14-08.05.47:988][  0]LogConfig: Setting CVar [[gc.MinGCClusterSize:5]]
[2021.04.14-08.05.47:988][  0]LogConfig: Setting CVar [[gc.ActorClusteringEnabled:0]]
[2021.04.14-08.05.47:989][  0]LogConfig: Setting CVar [[gc.BlueprintClusteringEnabled:0]]
[2021.04.14-08.05.47:989][  0]LogConfig: Setting CVar [[gc.UseDisregardForGCOnDedicatedServers:0]]
[2021.04.14-08.05.47:989][  0]LogConfig: Applying CVar settings from Section [/Script/Engine.NetworkSettings] File [C:/Users/aveng/Documents/GitHub/GamesAssignment2-SecondYear/Games Assignment Two/GamesAssignmentTwo/Saved/Config/Windows/Engine.ini]
[2021.04.14-08.05.47:990][  0]LogConfig: Applying CVar settings from Section [/Script/UnrealEd.CookerSettings] File [C:/Users/aveng/Documents/GitHub/GamesAssignment2-SecondYear/Games Assignment Two/GamesAssignmentTwo/Saved/Config/Windows/Engine.ini]
[2021.04.14-08.05.47:994][  0]LogConfig: Applying CVar settings from Section [ViewDistanceQuality@3] File [C:/Users/aveng/Documents/GitHub/GamesAssignment2-SecondYear/Games Assignment Two/GamesAssignmentTwo/Saved/Config/Windows/Scalability.ini]
[2021.04.14-08.05.47:994][  0]LogConfig: Setting CVar [[r.SkeletalMeshLODBias:0]]
[2021.04.14-08.05.47:994][  0]LogConfig: Setting CVar [[r.ViewDistanceScale:1.0]]
[2021.04.14-08.05.47:995][  0]LogConfig: Applying CVar settings from Section [AntiAliasingQuality@3] File [C:/Users/aveng/Documents/GitHub/GamesAssignment2-SecondYear/Games Assignment Two/GamesAssignmentTwo/Saved/Config/Windows/Scalability.ini]
[2021.04.14-08.05.47:995][  0]LogConfig: Setting CVar [[r.PostProcessAAQuality:4]]
[2021.04.14-08.05.47:996][  0]LogConfig: Applying CVar settings from Section [ShadowQuality@3] File [C:/Users/aveng/Documents/GitHub/GamesAssignment2-SecondYear/Games Assignment Two/GamesAssignmentTwo/Saved/Config/Windows/Scalability.ini]
[2021.04.14-08.05.47:997][  0]LogConfig: Setting CVar [[r.LightFunctionQuality:1]]
[2021.04.14-08.05.47:998][  0]LogConfig: Setting CVar [[r.ShadowQuality:5]]
[2021.04.14-08.05.47:998][  0]LogConfig: Setting CVar [[r.Shadow.CSM.MaxCascades:10]]
[2021.04.14-08.05.47:998][  0]LogConfig: Setting CVar [[r.Shadow.MaxResolution:2048]]
[2021.04.14-08.05.47:999][  0]LogConfig: Setting CVar [[r.Shadow.MaxCSMResolution:2048]]
[2021.04.14-08.05.47:999][  0]LogConfig: Setting CVar [[r.Shadow.RadiusThreshold:0.01]]
[2021.04.14-08.05.47:999][  0]LogConfig: Setting CVar [[r.Shadow.DistanceScale:1.0]]
[2021.04.14-08.05.48:000][  0]LogConfig: Setting CVar [[r.Shadow.CSM.TransitionScale:1.0]]
[2021.04.14-08.05.48:000][  0]LogConfig: Setting CVar [[r.Shadow.PreShadowResolutionFactor:1.0]]
[2021.04.14-08.05.48:001][  0]LogConfig: Setting CVar [[r.DistanceFieldShadowing:1]]
[2021.04.14-08.05.48:001][  0]LogConfig: Setting CVar [[r.DistanceFieldAO:1]]
[2021.04.14-08.05.48:001][  0]LogConfig: Setting CVar [[r.AOQuality:2]]
[2021.04.14-08.05.48:002][  0]LogConfig: Setting CVar [[r.VolumetricFog:1]]
[2021.04.14-08.05.48:002][  0]LogConfig: Setting CVar [[r.VolumetricFog.GridPixelSize:8]]
[2021.04.14-08.05.48:002][  0]LogConfig: Setting CVar [[r.VolumetricFog.GridSizeZ:128]]
[2021.04.14-08.05.48:003][  0]LogConfig: Setting CVar [[r.VolumetricFog.HistoryMissSupersampleCount:4]]
[2021.04.14-08.05.48:003][  0]LogConfig: Setting CVar [[r.LightMaxDrawDistanceScale:1]]
[2021.04.14-08.05.48:003][  0]LogConfig: Setting CVar [[r.CapsuleShadows:1]]
[2021.04.14-08.05.48:004][  0]LogConfig: Applying CVar settings from Section [PostProcessQuality@3] File [C:/Users/aveng/Documents/GitHub/GamesAssignment2-SecondYear/Games Assignment Two/GamesAssignmentTwo/Saved/Config/Windows/Scalability.ini]
[2021.04.14-08.05.48:004][  0]LogConfig: Setting CVar [[r.MotionBlurQuality:4]]
[2021.04.14-08.05.48:004][  0]LogConfig: Setting CVar [[r.AmbientOcclusionMipLevelFactor:0.4]]
[2021.04.14-08.05.48:005][  0]LogConfig: Setting CVar [[r.AmbientOcclusionMaxQuality:100]]
[2021.04.14-08.05.48:005][  0]LogConfig: Setting CVar [[r.AmbientOcclusionLevels:-1]]
[2021.04.14-08.05.48:005][  0]LogConfig: Setting CVar [[r.AmbientOcclusionRadiusScale:1.0]]
[2021.04.14-08.05.48:006][  0]LogConfig: Setting CVar [[r.DepthOfFieldQuality:2]]
[2021.04.14-08.05.48:008][  0]LogConfig: Setting CVar [[r.RenderTargetPoolMin:400]]
[2021.04.14-08.05.48:009][  0]LogConfig: Setting CVar [[r.LensFlareQuality:2]]
[2021.04.14-08.05.48:009][  0]LogConfig: Setting CVar [[r.SceneColorFringeQuality:1]]
[2021.04.14-08.05.48:012][  0]LogConfig: Setting CVar [[r.EyeAdaptationQuality:2]]
[2021.04.14-08.05.48:012][  0]LogConfig: Setting CVar [[r.BloomQuality:5]]
[2021.04.14-08.05.48:012][  0]LogConfig: Setting CVar [[r.FastBlurThreshold:100]]
[2021.04.14-08.05.48:013][  0]LogConfig: Setting CVar [[r.Upscale.Quality:3]]
[2021.04.14-08.05.48:013][  0]LogConfig: Setting CVar [[r.Tonemapper.GrainQuantization:1]]
[2021.04.14-08.05.48:014][  0]LogConfig: Setting CVar [[r.LightShaftQuality:1]]
[2021.04.14-08.05.48:014][  0]LogConfig: Setting CVar [[r.Filter.SizeScale:1]]
[2021.04.14-08.05.48:014][  0]LogConfig: Setting CVar [[r.Tonemapper.Quality:5]]
[2021.04.14-08.05.48:015][  0]LogConfig: Setting CVar [[r.DOF.Gather.AccumulatorQuality:1        ; higher gathering accumulator quality]]
[2021.04.14-08.05.48:015][  0]LogConfig: Setting CVar [[r.DOF.Gather.PostfilterMethod:1          ; Median3x3 postfilering method]]
[2021.04.14-08.05.48:017][  0]LogConfig: Setting CVar [[r.DOF.Gather.EnableBokehSettings:0       ; no bokeh simulation when gathering]]
[2021.04.14-08.05.48:018][  0]LogConfig: Setting CVar [[r.DOF.Gather.RingCount:4                 ; medium number of samples when gathering]]
[2021.04.14-08.05.48:018][  0]LogConfig: Setting CVar [[r.DOF.Scatter.ForegroundCompositing:1    ; additive foreground scattering]]
[2021.04.14-08.05.48:019][  0]LogConfig: Setting CVar [[r.DOF.Scatter.BackgroundCompositing:2    ; additive background scattering]]
[2021.04.14-08.05.48:019][  0]LogConfig: Setting CVar [[r.DOF.Scatter.EnableBokehSettings:1      ; bokeh simulation when scattering]]
[2021.04.14-08.05.48:019][  0]LogConfig: Setting CVar [[r.DOF.Scatter.MaxSpriteRatio:0.1         ; only a maximum of 10% of scattered bokeh]]
[2021.04.14-08.05.48:019][  0]LogConfig: Setting CVar [[r.DOF.Recombine.Quality:1                ; cheap slight out of focus]]
[2021.04.14-08.05.48:020][  0]LogConfig: Setting CVar [[r.DOF.Recombine.EnableBokehSettings:0    ; no bokeh simulation on slight out of focus]]
[2021.04.14-08.05.48:020][  0]LogConfig: Setting CVar [[r.DOF.TemporalAAQuality:1                ; more stable temporal accumulation]]
[2021.04.14-08.05.48:029][  0]LogConfig: Setting CVar [[r.DOF.Kernel.MaxForegroundRadius:0.025]]
[2021.04.14-08.05.48:029][  0]LogConfig: Setting CVar [[r.DOF.Kernel.MaxBackgroundRadius:0.025]]
[2021.04.14-08.05.48:029][  0]LogConfig: Applying CVar settings from Section [TextureQuality@3] File [C:/Users/aveng/Documents/GitHub/GamesAssignment2-SecondYear/Games Assignment Two/GamesAssignmentTwo/Saved/Config/Windows/Scalability.ini]
[2021.04.14-08.05.48:032][  0]LogConfig: Setting CVar [[r.Streaming.MipBias:0]]
[2021.04.14-08.05.48:032][  0]LogConfig: Setting CVar [[r.Streaming.AmortizeCPUToGPUCopy:0]]
[2021.04.14-08.05.48:035][  0]LogConfig: Setting CVar [[r.Streaming.MaxNumTexturesToStreamPerFrame:0]]
[2021.04.14-08.05.48:035][  0]LogConfig: Setting CVar [[r.Streaming.Boost:1]]
[2021.04.14-08.05.48:035][  0]LogConfig: Setting CVar [[r.MaxAnisotropy:8]]
[2021.04.14-08.05.48:037][  0]LogConfig: Setting CVar [[r.VT.MaxAnisotropy:8]]
[2021.04.14-08.05.48:039][  0]LogConfig: Setting CVar [[r.Streaming.LimitPoolSizeToVRAM:0]]
[2021.04.14-08.05.48:040][  0]LogConfig: Setting CVar [[r.Streaming.PoolSize:1000]]
[2021.04.14-08.05.48:040][  0]LogConfig: Setting CVar [[r.Streaming.MaxEffectiveScreenSize:0]]
[2021.04.14-08.05.48:040][  0]LogConfig: Applying CVar settings from Section [EffectsQuality@3] File [C:/Users/aveng/Documents/GitHub/GamesAssignment2-SecondYear/Games Assignment Two/GamesAssignmentTwo/Saved/Config/Windows/Scalability.ini]
[2021.04.14-08.05.48:041][  0]LogConfig: Setting CVar [[r.TranslucencyLightingVolumeDim:64]]
[2021.04.14-08.05.48:041][  0]LogConfig: Setting CVar [[r.RefractionQuality:2]]
[2021.04.14-08.05.48:042][  0]LogConfig: Setting CVar [[r.SSR.Quality:3]]
[2021.04.14-08.05.48:042][  0]LogConfig: Setting CVar [[r.SSR.HalfResSceneColor:0]]
[2021.04.14-08.05.48:044][  0]LogConfig: Setting CVar [[r.SceneColorFormat:4]]
[2021.04.14-08.05.48:048][  0]LogConfig: Setting CVar [[r.DetailMode:2]]
[2021.04.14-08.05.48:049][  0]LogConfig: Setting CVar [[r.TranslucencyVolumeBlur:1]]
[2021.04.14-08.05.48:050][  0]LogConfig: Setting CVar [[r.MaterialQualityLevel:1 ; High quality]]
[2021.04.14-08.05.48:050][  0]LogConfig: Setting CVar [[r.SSS.Scale:1]]
[2021.04.14-08.05.48:051][  0]LogConfig: Setting CVar [[r.SSS.SampleSet:2]]
[2021.04.14-08.05.48:051][  0]LogConfig: Setting CVar [[r.SSS.Quality:1]]
[2021.04.14-08.05.48:051][  0]LogConfig: Setting CVar [[r.SSS.HalfRes:0]]
[2021.04.14-08.05.48:052][  0]LogConfig: Setting CVar [[r.SSGI.Quality:3]]
[2021.04.14-08.05.48:053][  0]LogConfig: Setting CVar [[r.EmitterSpawnRateScale:1.0]]
[2021.04.14-08.05.48:053][  0]LogConfig: Setting CVar [[r.ParticleLightQuality:2]]
[2021.04.14-08.05.48:053][  0]LogConfig: Setting CVar [[r.SkyAtmosphere.AerialPerspectiveLUT.FastApplyOnOpaque:1 ; Always have FastSkyLUT 1 in this case to avoid wrong sky]]
[2021.04.14-08.05.48:055][  0]LogConfig: Setting CVar [[r.SkyAtmosphere.AerialPerspectiveLUT.SampleCountPerSlice:1]]
[2021.04.14-08.05.48:055][  0]LogConfig: Setting CVar [[r.SkyAtmosphere.AerialPerspectiveLUT.DepthResolution:16.0]]
[2021.04.14-08.05.48:056][  0]LogConfig: Setting CVar [[r.SkyAtmosphere.FastSkyLUT:1]]
[2021.04.14-08.05.48:057][  0]LogConfig: Setting CVar [[r.SkyAtmosphere.FastSkyLUT.SampleCountMin:4.0]]
[2021.04.14-08.05.48:058][  0]LogConfig: Setting CVar [[r.SkyAtmosphere.FastSkyLUT.SampleCountMax:32.0]]
[2021.04.14-08.05.48:060][  0]LogConfig: Setting CVar [[r.SkyAtmosphere.SampleCountMin:4.0]]
[2021.04.14-08.05.48:060][  0]LogConfig: Setting CVar [[r.SkyAtmosphere.SampleCountMax:32.0]]
[2021.04.14-08.05.48:060][  0]LogConfig: Setting CVar [[r.SkyAtmosphere.TransmittanceLUT.UseSmallFormat:0]]
[2021.04.14-08.05.48:061][  0]LogConfig: Setting CVar [[r.SkyAtmosphere.TransmittanceLUT.SampleCount:10.0]]
[2021.04.14-08.05.48:062][  0]LogConfig: Setting CVar [[r.SkyAtmosphere.MultiScatteringLUT.SampleCount:15.0]]
[2021.04.14-08.05.48:062][  0]LogConfig: Applying CVar settings from Section [FoliageQuality@3] File [C:/Users/aveng/Documents/GitHub/GamesAssignment2-SecondYear/Games Assignment Two/GamesAssignmentTwo/Saved/Config/Windows/Scalability.ini]
[2021.04.14-08.05.48:062][  0]LogConfig: Setting CVar [[foliage.DensityScale:1.0]]
[2021.04.14-08.05.48:063][  0]LogConfig: Setting CVar [[grass.DensityScale:1.0]]
[2021.04.14-08.05.48:063][  0]LogConfig: Applying CVar settings from Section [ShadingQuality@3] File [C:/Users/aveng/Documents/GitHub/GamesAssignment2-SecondYear/Games Assignment Two/GamesAssignmentTwo/Saved/Config/Windows/Scalability.ini]
[2021.04.14-08.05.48:064][  0]LogConfig: Setting CVar [[r.HairStrands.SkyLighting.SampleCount:16]]
[2021.04.14-08.05.48:064][  0]LogConfig: Setting CVar [[r.HairStrands.SkyLighting.JitterIntegration:0]]
[2021.04.14-08.05.48:064][  0]LogConfig: Setting CVar [[r.HairStrands.SkyAO.SampleCount:16]]
[2021.04.14-08.05.48:065][  0]LogConfig: Setting CVar [[r.HairStrands.DeepShadow.SuperSampling:0]]
[2021.04.14-08.05.48:065][  0]LogConfig: Setting CVar [[r.HairStrands.VisibilityPPLL:0]]
[2021.04.14-08.05.48:066][  0]LogConfig: Setting CVar [[r.HairStrands.RasterizationScale:0.5]]
[2021.04.14-08.05.48:066][  0]LogConfig: Setting CVar [[r.HairStrands.VelocityRasterizationScale:1]]
[2021.04.14-08.05.48:067][  0]LogInit: Selected Device Profile: [Windows]
[2021.04.14-08.05.48:067][  0]LogInit: Applying CVar settings loaded from the selected device profile: [Windows]
[2021.04.14-08.05.48:067][  0]LogHAL: Display: Platform has ~ 32 GB [34260910080 / 34359738368 / 32], which maps to Largest [LargestMinGB=32, LargerMinGB=12, DefaultMinGB=8, SmallerMinGB=6, SmallestMinGB=0)
[2021.04.14-08.05.48:068][  0]LogInit: Going up to parent DeviceProfile []
[2021.04.14-08.05.48:068][  0]LogConfig: Applying CVar settings from Section [ViewDistanceQuality@3] File [C:/Users/aveng/Documents/GitHub/GamesAssignment2-SecondYear/Games Assignment Two/GamesAssignmentTwo/Saved/Config/Windows/Scalability.ini]
[2021.04.14-08.05.48:069][  0]LogConfig: Setting CVar [[r.SkeletalMeshLODBias:0]]
[2021.04.14-08.05.48:071][  0]LogConfig: Setting CVar [[r.ViewDistanceScale:1.0]]
[2021.04.14-08.05.48:072][  0]LogConfig: Applying CVar settings from Section [AntiAliasingQuality@3] File [C:/Users/aveng/Documents/GitHub/GamesAssignment2-SecondYear/Games Assignment Two/GamesAssignmentTwo/Saved/Config/Windows/Scalability.ini]
[2021.04.14-08.05.48:072][  0]LogConfig: Setting CVar [[r.PostProcessAAQuality:4]]
[2021.04.14-08.05.48:072][  0]LogConfig: Applying CVar settings from Section [ShadowQuality@3] File [C:/Users/aveng/Documents/GitHub/GamesAssignment2-SecondYear/Games Assignment Two/GamesAssignmentTwo/Saved/Config/Windows/Scalability.ini]
[2021.04.14-08.05.48:073][  0]LogConfig: Setting CVar [[r.LightFunctionQuality:1]]
[2021.04.14-08.05.48:073][  0]LogConfig: Setting CVar [[r.ShadowQuality:5]]
[2021.04.14-08.05.48:074][  0]LogConfig: Setting CVar [[r.Shadow.CSM.MaxCascades:10]]
[2021.04.14-08.05.48:074][  0]LogConfig: Setting CVar [[r.Shadow.MaxResolution:2048]]
[2021.04.14-08.05.48:074][  0]LogConfig: Setting CVar [[r.Shadow.MaxCSMResolution:2048]]
[2021.04.14-08.05.48:075][  0]LogConfig: Setting CVar [[r.Shadow.RadiusThreshold:0.01]]
[2021.04.14-08.05.48:075][  0]LogConfig: Setting CVar [[r.Shadow.DistanceScale:1.0]]
[2021.04.14-08.05.48:076][  0]LogConfig: Setting CVar [[r.Shadow.CSM.TransitionScale:1.0]]
[2021.04.14-08.05.48:076][  0]LogConfig: Setting CVar [[r.Shadow.PreShadowResolutionFactor:1.0]]
[2021.04.14-08.05.48:077][  0]LogConfig: Setting CVar [[r.DistanceFieldShadowing:1]]
[2021.04.14-08.05.48:078][  0]LogConfig: Setting CVar [[r.DistanceFieldAO:1]]
[2021.04.14-08.05.48:078][  0]LogConfig: Setting CVar [[r.AOQuality:2]]
[2021.04.14-08.05.48:079][  0]LogConfig: Setting CVar [[r.VolumetricFog:1]]
[2021.04.14-08.05.48:079][  0]LogConfig: Setting CVar [[r.VolumetricFog.GridPixelSize:8]]
[2021.04.14-08.05.48:080][  0]LogConfig: Setting CVar [[r.VolumetricFog.GridSizeZ:128]]
[2021.04.14-08.05.48:082][  0]LogConfig: Setting CVar [[r.VolumetricFog.HistoryMissSupersampleCount:4]]
[2021.04.14-08.05.48:082][  0]LogConfig: Setting CVar [[r.LightMaxDrawDistanceScale:1]]
[2021.04.14-08.05.48:082][  0]LogConfig: Setting CVar [[r.CapsuleShadows:1]]
[2021.04.14-08.05.48:083][  0]LogConfig: Applying CVar settings from Section [PostProcessQuality@3] File [C:/Users/aveng/Documents/GitHub/GamesAssignment2-SecondYear/Games Assignment Two/GamesAssignmentTwo/Saved/Config/Windows/Scalability.ini]
[2021.04.14-08.05.48:083][  0]LogConfig: Setting CVar [[r.MotionBlurQuality:4]]
[2021.04.14-08.05.48:084][  0]LogConfig: Setting CVar [[r.AmbientOcclusionMipLevelFactor:0.4]]
[2021.04.14-08.05.48:084][  0]LogConfig: Setting CVar [[r.AmbientOcclusionMaxQuality:100]]
[2021.04.14-08.05.48:084][  0]LogConfig: Setting CVar [[r.AmbientOcclusionLevels:-1]]
[2021.04.14-08.05.48:085][  0]LogConfig: Setting CVar [[r.AmbientOcclusionRadiusScale:1.0]]
[2021.04.14-08.05.48:085][  0]LogConfig: Setting CVar [[r.DepthOfFieldQuality:2]]
[2021.04.14-08.05.48:085][  0]LogConfig: Setting CVar [[r.RenderTargetPoolMin:400]]
[2021.04.14-08.05.48:087][  0]LogConfig: Setting CVar [[r.LensFlareQuality:2]]
[2021.04.14-08.05.48:087][  0]LogConfig: Setting CVar [[r.SceneColorFringeQuality:1]]
[2021.04.14-08.05.48:088][  0]LogConfig: Setting CVar [[r.EyeAdaptationQuality:2]]
[2021.04.14-08.05.48:088][  0]LogConfig: Setting CVar [[r.BloomQuality:5]]
[2021.04.14-08.05.48:089][  0]LogConfig: Setting CVar [[r.FastBlurThreshold:100]]
[2021.04.14-08.05.48:089][  0]LogConfig: Setting CVar [[r.Upscale.Quality:3]]
[2021.04.14-08.05.48:090][  0]LogConfig: Setting CVar [[r.Tonemapper.GrainQuantization:1]]
[2021.04.14-08.05.48:092][  0]LogConfig: Setting CVar [[r.LightShaftQuality:1]]
[2021.04.14-08.05.48:092][  0]LogConfig: Setting CVar [[r.Filter.SizeScale:1]]
[2021.04.14-08.05.48:092][  0]LogConfig: Setting CVar [[r.Tonemapper.Quality:5]]
[2021.04.14-08.05.48:093][  0]LogConfig: Setting CVar [[r.DOF.Gather.AccumulatorQuality:1        ; higher gathering accumulator quality]]
[2021.04.14-08.05.48:093][  0]LogConfig: Setting CVar [[r.DOF.Gather.PostfilterMethod:1          ; Median3x3 postfilering method]]
[2021.04.14-08.05.48:093][  0]LogConfig: Setting CVar [[r.DOF.Gather.EnableBokehSettings:0       ; no bokeh simulation when gathering]]
[2021.04.14-08.05.48:094][  0]LogConfig: Setting CVar [[r.DOF.Gather.RingCount:4                 ; medium number of samples when gathering]]
[2021.04.14-08.05.48:094][  0]LogConfig: Setting CVar [[r.DOF.Scatter.ForegroundCompositing:1    ; additive foreground scattering]]
[2021.04.14-08.05.48:095][  0]LogConfig: Setting CVar [[r.DOF.Scatter.BackgroundCompositing:2    ; additive background scattering]]
[2021.04.14-08.05.48:096][  0]LogConfig: Setting CVar [[r.DOF.Scatter.EnableBokehSettings:1      ; bokeh simulation when scattering]]
[2021.04.14-08.05.48:096][  0]LogConfig: Setting CVar [[r.DOF.Scatter.MaxSpriteRatio:0.1         ; only a maximum of 10% of scattered bokeh]]
[2021.04.14-08.05.48:097][  0]LogConfig: Setting CVar [[r.DOF.Recombine.Quality:1                ; cheap slight out of focus]]
[2021.04.14-08.05.48:097][  0]LogConfig: Setting CVar [[r.DOF.Recombine.EnableBokehSettings:0    ; no bokeh simulation on slight out of focus]]
[2021.04.14-08.05.48:097][  0]LogConfig: Setting CVar [[r.DOF.TemporalAAQuality:1                ; more stable temporal accumulation]]
[2021.04.14-08.05.48:097][  0]LogConfig: Setting CVar [[r.DOF.Kernel.MaxForegroundRadius:0.025]]
[2021.04.14-08.05.48:098][  0]LogConfig: Setting CVar [[r.DOF.Kernel.MaxBackgroundRadius:0.025]]
[2021.04.14-08.05.48:098][  0]LogConfig: Applying CVar settings from Section [TextureQuality@3] File [C:/Users/aveng/Documents/GitHub/GamesAssignment2-SecondYear/Games Assignment Two/GamesAssignmentTwo/Saved/Config/Windows/Scalability.ini]
[2021.04.14-08.05.48:098][  0]LogConfig: Setting CVar [[r.Streaming.MipBias:0]]
[2021.04.14-08.05.48:099][  0]LogConfig: Setting CVar [[r.Streaming.AmortizeCPUToGPUCopy:0]]
[2021.04.14-08.05.48:099][  0]LogConfig: Setting CVar [[r.Streaming.MaxNumTexturesToStreamPerFrame:0]]
[2021.04.14-08.05.48:099][  0]LogConfig: Setting CVar [[r.Streaming.Boost:1]]
[2021.04.14-08.05.48:100][  0]LogConfig: Setting CVar [[r.MaxAnisotropy:8]]
[2021.04.14-08.05.48:102][  0]LogConfig: Setting CVar [[r.VT.MaxAnisotropy:8]]
[2021.04.14-08.05.48:102][  0]LogConfig: Setting CVar [[r.Streaming.LimitPoolSizeToVRAM:0]]
[2021.04.14-08.05.48:102][  0]LogConfig: Setting CVar [[r.Streaming.PoolSize:1000]]
[2021.04.14-08.05.48:103][  0]LogConfig: Setting CVar [[r.Streaming.MaxEffectiveScreenSize:0]]
[2021.04.14-08.05.48:103][  0]LogConfig: Applying CVar settings from Section [EffectsQuality@3] File [C:/Users/aveng/Documents/GitHub/GamesAssignment2-SecondYear/Games Assignment Two/GamesAssignmentTwo/Saved/Config/Windows/Scalability.ini]
[2021.04.14-08.05.48:103][  0]LogConfig: Setting CVar [[r.TranslucencyLightingVolumeDim:64]]
[2021.04.14-08.05.48:104][  0]LogConfig: Setting CVar [[r.RefractionQuality:2]]
[2021.04.14-08.05.48:104][  0]LogConfig: Setting CVar [[r.SSR.Quality:3]]
[2021.04.14-08.05.48:104][  0]LogConfig: Setting CVar [[r.SSR.HalfResSceneColor:0]]
[2021.04.14-08.05.48:105][  0]LogConfig: Setting CVar [[r.SceneColorFormat:4]]
[2021.04.14-08.05.48:105][  0]LogConfig: Setting CVar [[r.DetailMode:2]]
[2021.04.14-08.05.48:106][  0]LogConfig: Setting CVar [[r.TranslucencyVolumeBlur:1]]
[2021.04.14-08.05.48:107][  0]LogConfig: Setting CVar [[r.MaterialQualityLevel:1 ; High quality]]
[2021.04.14-08.05.48:107][  0]LogConfig: Setting CVar [[r.SSS.Scale:1]]
[2021.04.14-08.05.48:108][  0]LogConfig: Setting CVar [[r.SSS.SampleSet:2]]
[2021.04.14-08.05.48:108][  0]LogConfig: Setting CVar [[r.SSS.Quality:1]]
[2021.04.14-08.05.48:109][  0]LogConfig: Setting CVar [[r.SSS.HalfRes:0]]
[2021.04.14-08.05.48:109][  0]LogConfig: Setting CVar [[r.SSGI.Quality:3]]
[2021.04.14-08.05.48:110][  0]LogConfig: Setting CVar [[r.EmitterSpawnRateScale:1.0]]
[2021.04.14-08.05.48:112][  0]LogConfig: Setting CVar [[r.ParticleLightQuality:2]]
[2021.04.14-08.05.48:112][  0]LogConfig: Setting CVar [[r.SkyAtmosphere.AerialPerspectiveLUT.FastApplyOnOpaque:1 ; Always have FastSkyLUT 1 in this case to avoid wrong sky]]
[2021.04.14-08.05.48:113][  0]LogConfig: Setting CVar [[r.SkyAtmosphere.AerialPerspectiveLUT.SampleCountPerSlice:1]]
[2021.04.14-08.05.48:113][  0]LogConfig: Setting CVar [[r.SkyAtmosphere.AerialPerspectiveLUT.DepthResolution:16.0]]
[2021.04.14-08.05.48:114][  0]LogConfig: Setting CVar [[r.SkyAtmosphere.FastSkyLUT:1]]
[2021.04.14-08.05.48:114][  0]LogConfig: Setting CVar [[r.SkyAtmosphere.FastSkyLUT.SampleCountMin:4.0]]
[2021.04.14-08.05.48:115][  0]LogConfig: Setting CVar [[r.SkyAtmosphere.FastSkyLUT.SampleCountMax:32.0]]
[2021.04.14-08.05.48:115][  0]LogConfig: Setting CVar [[r.SkyAtmosphere.SampleCountMin:4.0]]
[2021.04.14-08.05.48:115][  0]LogConfig: Setting CVar [[r.SkyAtmosphere.SampleCountMax:32.0]]
[2021.04.14-08.05.48:116][  0]LogConfig: Setting CVar [[r.SkyAtmosphere.TransmittanceLUT.UseSmallFormat:0]]
[2021.04.14-08.05.48:116][  0]LogConfig: Setting CVar [[r.SkyAtmosphere.TransmittanceLUT.SampleCount:10.0]]
[2021.04.14-08.05.48:117][  0]LogConfig: Setting CVar [[r.SkyAtmosphere.MultiScatteringLUT.SampleCount:15.0]]
[2021.04.14-08.05.48:117][  0]LogConfig: Applying CVar settings from Section [FoliageQuality@3] File [C:/Users/aveng/Documents/GitHub/GamesAssignment2-SecondYear/Games Assignment Two/GamesAssignmentTwo/Saved/Config/Windows/Scalability.ini]
[2021.04.14-08.05.48:117][  0]LogConfig: Setting CVar [[foliage.DensityScale:1.0]]
[2021.04.14-08.05.48:118][  0]LogConfig: Setting CVar [[grass.DensityScale:1.0]]
[2021.04.14-08.05.48:118][  0]LogConfig: Applying CVar settings from Section [ShadingQuality@3] File [C:/Users/aveng/Documents/GitHub/GamesAssignment2-SecondYear/Games Assignment Two/GamesAssignmentTwo/Saved/Config/Windows/Scalability.ini]
[2021.04.14-08.05.48:118][  0]LogConfig: Setting CVar [[r.HairStrands.SkyLighting.SampleCount:16]]
[2021.04.14-08.05.48:119][  0]LogConfig: Setting CVar [[r.HairStrands.SkyLighting.JitterIntegration:0]]
[2021.04.14-08.05.48:120][  0]LogConfig: Setting CVar [[r.HairStrands.SkyAO.SampleCount:16]]
[2021.04.14-08.05.48:121][  0]LogConfig: Setting CVar [[r.HairStrands.DeepShadow.SuperSampling:0]]
[2021.04.14-08.05.48:122][  0]LogConfig: Setting CVar [[r.HairStrands.VisibilityPPLL:0]]
[2021.04.14-08.05.48:122][  0]LogConfig: Setting CVar [[r.HairStrands.RasterizationScale:0.5]]
[2021.04.14-08.05.48:123][  0]LogConfig: Setting CVar [[r.HairStrands.VelocityRasterizationScale:1]]
[2021.04.14-08.05.48:123][  0]LogConfig: Applying CVar settings from Section [Startup] File [../../../Engine/Config/ConsoleVariables.ini]
[2021.04.14-08.05.48:124][  0]LogConfig: Setting CVar [[net.UseAdaptiveNetUpdateFrequency:0]]
[2021.04.14-08.05.48:124][  0]LogConfig: Setting CVar [[p.chaos.AllowCreatePhysxBodies:1]]
[2021.04.14-08.05.48:125][  0]LogConfig: Setting CVar [[fx.SkipVectorVMBackendOptimizations:1]]
[2021.04.14-08.05.48:126][  0]LogConfig: Applying CVar settings from Section [ConsoleVariables] File [C:/Users/aveng/Documents/GitHub/GamesAssignment2-SecondYear/Games Assignment Two/GamesAssignmentTwo/Saved/Config/Windows/Engine.ini]
[2021.04.14-08.05.48:126][  0]LogInit: Computer: PROGRAMMING-PC
[2021.04.14-08.05.48:126][  0]LogInit: User: aveng
[2021.04.14-08.05.48:127][  0]LogInit: CPU Page size=4096, Cores=12
[2021.04.14-08.05.48:127][  0]LogInit: High frequency timer resolution =10.000000 MHz
[2021.04.14-08.05.48:128][  0]LogMemory: Memory total: Physical=31.9GB (32GB approx)
[2021.04.14-08.05.48:128][  0]LogMemory: Platform Memory Stats for Windows
[2021.04.14-08.05.48:129][  0]LogMemory: Process Physical Memory: 120.47 MB used, 120.48 MB peak
[2021.04.14-08.05.48:129][  0]LogMemory: Process Virtual Memory: 110.86 MB used, 110.86 MB peak
[2021.04.14-08.05.48:130][  0]LogMemory: Physical Memory: 26832.87 MB used,  5840.88 MB free, 32673.75 MB total
[2021.04.14-08.05.48:131][  0]LogMemory: Virtual Memory: 5220.85 MB used,  134212504.00 MB free, 134217728.00 MB total
[2021.04.14-08.05.48:135][  0]LogWindows: WindowsPlatformFeatures enabled
[2021.04.14-08.05.48:174][  0]LogInit: Physics initialised using underlying interface: PhysX
[2021.04.14-08.05.48:175][  0]LogInit: Using OS detected language (en-GB).
[2021.04.14-08.05.48:176][  0]LogInit: Using OS detected locale (en-GB).
[2021.04.14-08.05.48:177][  0]LogTextLocalizationManager: No specific localization for 'en-GB' exists, so the 'en' localization will be used.
[2021.04.14-08.05.48:358][  0]LogSlate: New Slate User Created.  User Index 0, Is Virtual User: 0
[2021.04.14-08.05.48:358][  0]LogSlate: Slate User Registered.  User Index 0, Is Virtual User: 0
[2021.04.14-08.05.48:370][  0]LogHMD: Failed to initialize OpenVR with code 110
[2021.04.14-08.05.48:370][  0]LogD3D11RHI: D3D11 min allowed feature level: 11_0
[2021.04.14-08.05.48:370][  0]LogD3D11RHI: D3D11 max allowed feature level: 11_0
[2021.04.14-08.05.48:370][  0]LogD3D11RHI: D3D11 adapters:
[2021.04.14-08.05.48:474][  0]LogD3D11RHI:    0. 'NVIDIA GeForce GTX 1060 6GB' (Feature Level 11_0)
[2021.04.14-08.05.48:475][  0]LogD3D11RHI:       6052/0/16336 MB DedicatedVideo/DedicatedSystem/SharedSystem, Outputs:2, VendorId:0x10de
[2021.04.14-08.05.48:478][  0]LogD3D11RHI:    1. 'Microsoft Basic Render Driver' (Feature Level 11_0)
[2021.04.14-08.05.48:479][  0]LogD3D11RHI:       0/0/16336 MB DedicatedVideo/DedicatedSystem/SharedSystem, Outputs:0, VendorId:0x1414
[2021.04.14-08.05.48:479][  0]LogD3D11RHI: Chosen D3D11 Adapter: 0
[2021.04.14-08.05.48:494][  0]LogD3D11RHI: Creating new Direct3DDevice
[2021.04.14-08.05.48:494][  0]LogD3D11RHI:     GPU DeviceId: 0x1c03 (for the marketing name, search the web for "GPU Device Id")
[2021.04.14-08.05.48:495][  0]LogWindows: EnumDisplayDevices:
[2021.04.14-08.05.48:496][  0]LogWindows:    0. 'NVIDIA GeForce GTX 1060 6GB' (P:1 D:1)
[2021.04.14-08.05.48:498][  0]LogWindows:    1. 'NVIDIA GeForce GTX 1060 6GB' (P:0 D:1)
[2021.04.14-08.05.48:498][  0]LogWindows:    2. 'NVIDIA GeForce GTX 1060 6GB' (P:0 D:0)
[2021.04.14-08.05.48:499][  0]LogWindows:    3. 'NVIDIA GeForce GTX 1060 6GB' (P:0 D:0)
[2021.04.14-08.05.48:499][  0]LogWindows: DebugString: FoundDriverCount:4 
[2021.04.14-08.05.48:500][  0]LogD3D11RHI:     Adapter Name: NVIDIA GeForce GTX 1060 6GB
[2021.04.14-08.05.48:500][  0]LogD3D11RHI:   Driver Version: 461.92 (internal:27.21.14.6192, unified:461.92)
[2021.04.14-08.05.48:500][  0]LogD3D11RHI:      Driver Date: 3-11-2021
[2021.04.14-08.05.48:500][  0]LogRHI: Texture pool is 4236 MB (70% of 6052 MB)
[2021.04.14-08.05.48:581][  0]LogD3D11RHI: RHI has support for 64 bit atomics
[2021.04.14-08.05.48:582][  0]LogD3D11RHI: Async texture creation enabled
[2021.04.14-08.05.48:582][  0]LogD3D11RHI: Array index from any shader is supported
[2021.04.14-08.05.48:609][  0]LogD3D11RHI: GPU Timing Frequency: 1000.000000 (Debug: 2 1)
[2021.04.14-08.05.48:998][  0]LogTargetPlatformManager: Display: Loaded TargetPlatform 'WindowsNoEditor'
[2021.04.14-08.05.49:001][  0]LogTargetPlatformManager: Display: Loaded TargetPlatform 'Windows'
[2021.04.14-08.05.49:008][  0]LogTargetPlatformManager: Display: Loaded TargetPlatform 'WindowsClient'
[2021.04.14-08.05.49:015][  0]LogTargetPlatformManager: Display: Loaded TargetPlatform 'WindowsServer'
[2021.04.14-08.05.49:015][  0]LogTargetPlatformManager: Display: Building Assets For Windows
[2021.04.14-08.05.49:018][  0]LogAudioDebug: Display: Lib vorbis DLL was dynamically loaded.
[2021.04.14-08.05.49:040][  0]LogShaderCompilers: Guid format shader working directory is -54 characters bigger than the processId version (C:/Users/aveng/Documents/GitHub/GamesAssignment2-SecondYear/Games Assignment Two/GamesAssignmentTwo/Intermediate/Shaders/WorkingDirectory/10140/).
[2021.04.14-08.05.49:040][  0]LogShaderCompilers: Cleaned the shader compiler working directory 'C:/Users/aveng/AppData/Local/Temp/UnrealShaderWorkingDir/B27A12CE4BB5E46B371726AE6912034B/'.
[2021.04.14-08.05.49:041][  0]LogXGEController: Cannot use XGE Controller as Incredibuild is not installed on this machine.
[2021.04.14-08.05.49:041][  0]LogShaderCompilers: Cannot use XGE Shader Compiler as Incredibuild is not installed on this machine.
[2021.04.14-08.05.49:042][  0]LogShaderCompilers: Display: Using Local Shader Compiler.
[2021.04.14-08.05.49:714][  0]LogDerivedDataCache: Display: Max Cache Size: 512 MB
[2021.04.14-08.05.49:759][  0]LogDerivedDataCache: Loaded boot cache 0.04s 78MB C:/Users/aveng/AppData/Local/UnrealEngine/4.25/DerivedDataCache/Boot.ddc.
[2021.04.14-08.05.49:759][  0]LogDerivedDataCache: Display: Loaded Boot cache: C:/Users/aveng/AppData/Local/UnrealEngine/4.25/DerivedDataCache/Boot.ddc
[2021.04.14-08.05.49:760][  0]LogDerivedDataCache: FDerivedDataBackendGraph:  Pak pak cache file C:/Users/aveng/Documents/GitHub/GamesAssignment2-SecondYear/Games Assignment Two/GamesAssignmentTwo/DerivedDataCache/DDC.ddp not found, will not use a pak cache.
[2021.04.14-08.05.49:760][  0]LogDerivedDataCache: Unable to find inner node Pak for hierarchical cache Hierarchy.
[2021.04.14-08.05.49:760][  0]LogDerivedDataCache: FDerivedDataBackendGraph:  CompressedPak pak cache file C:/Users/aveng/Documents/GitHub/GamesAssignment2-SecondYear/Games Assignment Two/GamesAssignmentTwo/DerivedDataCache/Compressed.ddp not found, will not use a pak cache.
[2021.04.14-08.05.49:760][  0]LogDerivedDataCache: Unable to find inner node CompressedPak for hierarchical cache Hierarchy.
[2021.04.14-08.05.49:772][  0]LogDerivedDataCache: Display: Pak cache opened for reading ../../../Engine/DerivedDataCache/Compressed.ddp.
[2021.04.14-08.05.49:772][  0]LogDerivedDataCache: FDerivedDataBackendGraph:  EnterprisePak pak cache file ../../../Enterprise/DerivedDataCache/Compressed.ddp not found, will not use a pak cache.
[2021.04.14-08.05.49:773][  0]LogDerivedDataCache: Unable to find inner node EnterprisePak for hierarchical cache Hierarchy.
[2021.04.14-08.05.49:774][  0]LogDerivedDataCache: Using Local data cache path C:/Users/aveng/AppData/Local/UnrealEngine/Common/DerivedDataCache: Writable
[2021.04.14-08.05.49:775][  0]LogDerivedDataCache: Shared data cache path not found in *engine.ini, will not use an Shared cache.
[2021.04.14-08.05.49:775][  0]LogDerivedDataCache: Unable to find inner node Shared for hierarchical cache Hierarchy.
[2021.04.14-08.05.49:811][  0]LogSlate: Using FreeType 2.10.0
[2021.04.14-08.05.49:811][  0]LogSlate: SlateFontServices - WITH_FREETYPE: 1, WITH_HARFBUZZ: 1
[2021.04.14-08.05.49:884][  0]LogInit: Using OS detected language (en-GB).
[2021.04.14-08.05.49:885][  0]LogInit: Using OS detected locale (en-GB).
[2021.04.14-08.05.49:886][  0]LogTextLocalizationManager: No localization for 'en-GB' exists, so 'en' will be used for the language.
[2021.04.14-08.05.49:886][  0]LogTextLocalizationManager: No localization for 'en-GB' exists, so 'en' will be used for the locale.
[2021.04.14-08.05.49:886][  0]LogSlate: FontCache flush requested. Reason: Culture for localization was changed
[2021.04.14-08.05.49:886][  0]LogSlate: FontCache flush requested. Reason: Culture for localization was changed
[2021.04.14-08.05.49:888][  0]LogTextLocalizationManager: Compacting localization data took   0.00ms
[2021.04.14-08.05.49:891][  0]LogAssetRegistry: FAssetRegistry took 0.0016 seconds to start up
[2021.04.14-08.05.50:101][  0]LogPackageLocalizationCache: Processed 19 localized package path(s) for 1 prioritized culture(s) in 0.050323 seconds
[2021.04.14-08.05.50:145][  0]LogInit: Selected Device Profile: [Windows]
[2021.04.14-08.05.50:222][  0]LogMeshReduction: Using QuadricMeshReduction for automatic static mesh reduction
[2021.04.14-08.05.50:222][  0]LogMeshReduction: Using SimplygonMeshReduction for automatic skeletal mesh reduction
[2021.04.14-08.05.50:223][  0]LogMeshReduction: Using ProxyLODMeshReduction for automatic mesh merging
[2021.04.14-08.05.50:223][  0]LogMeshReduction: No distributed automatic mesh merging module available
[2021.04.14-08.05.50:224][  0]LogMeshMerging: No distributed automatic mesh merging module available
[2021.04.14-08.05.50:239][  0]LogNetVersion: GamesAssignmentTwo 1.0.0, NetCL: 13144385, EngineNetVer: 14, GameNetVer: 0 (Checksum: 1185472599)
[2021.04.14-08.05.50:462][  0]LogAISub: UAISubsystem::UAISubsystem AISubsystem (000001AA4487D8C0), frame # 0
[2021.04.14-08.05.50:462][  0]LogAISub: UAISubsystem::UAISubsystem AIPerceptionSystem (000001AA447AD6C0), frame # 0
[2021.04.14-08.05.50:465][  0]LogAISub: UAISubsystem::UAISubsystem EnvQueryManager (000001AA447ABC00), frame # 0
[2021.04.14-08.05.50:512][  0]LogCollectionManager: Loaded 0 collections in 0.000896 seconds
[2021.04.14-08.05.50:515][  0]LogFileCache: Scanning file cache for directory 'C:/Users/aveng/Documents/GitHub/GamesAssignment2-SecondYear/Games Assignment Two/GamesAssignmentTwo/Saved/Collections/' took 0.00s
[2021.04.14-08.05.50:515][  0]LogFileCache: Scanning file cache for directory 'C:/Users/aveng/Documents/GitHub/GamesAssignment2-SecondYear/Games Assignment Two/GamesAssignmentTwo/Content/Developers/aveng/Collections/' took 0.00s
[2021.04.14-08.05.50:515][  0]LogFileCache: Scanning file cache for directory 'C:/Users/aveng/Documents/GitHub/GamesAssignment2-SecondYear/Games Assignment Two/GamesAssignmentTwo/Content/Collections/' took 0.00s
[2021.04.14-08.05.50:516][  0]LogCollectionManager: Fixed up redirectors for 0 collections in 0.000002 seconds (updated 0 objects)
[2021.04.14-08.05.50:540][  0]LogMoviePlayer: Initializing movie player
[2021.04.14-08.05.50:658][  0]LogScript: Warning: Script Msg: A null object was passed as a world context object to UEngine::GetWorldFromContextObject().
[2021.04.14-08.05.50:659][  0]LogScript: Warning: Script Msg: A null object was passed as a world context object to UEngine::GetWorldFromContextObject().
[2021.04.14-08.05.50:661][  0]LogScript: Warning: Script Msg: A null object was passed as a world context object to UEngine::GetWorldFromContextObject().
[2021.04.14-08.05.50:663][  0]LogScript: Warning: Script Msg: A null object was passed as a world context object to UEngine::GetWorldFromContextObject().
[2021.04.14-08.05.50:722][  0]LogBlueprint: Warning: [Compiler Ue4ASP_Character] InputAction Event references unknown Action 'Crouch' for  InputAction Crouch
[2021.04.14-08.05.50:722][  0]LogBlueprint: Warning: [Compiler Ue4ASP_Character] Input Axis Event references unknown Axis 'MoveForward' for  InputAxis MoveForward
[2021.04.14-08.05.50:723][  0]LogBlueprint: Warning: [Compiler Ue4ASP_Character] Input Axis Event references unknown Axis 'MoveRight' for  InputAxis MoveRight
[2021.04.14-08.05.50:812][  0]SourceControl: Source control is disabled
[2021.04.14-08.05.50:813][  0]SourceControl: Source control is disabled
[2021.04.14-08.05.50:817][  0]SourceControl: Source control is disabled
[2021.04.14-08.05.50:873][  0]LogAndroidPermission: UAndroidPermissionCallbackProxy::GetInstance
[2021.04.14-08.05.50:881][  0]LogAudioCaptureCore: Display: No Audio Capture implementations found. Audio input will be silent.
[2021.04.14-08.05.50:881][  0]LogAudioCaptureCore: Display: No Audio Capture implementations found. Audio input will be silent.
[2021.04.14-08.05.50:912][  0]LogOcInput: OculusInput pre-init called
[2021.04.14-08.05.50:927][  0]LogUObjectArray: 21163 objects as part of root set at end of initial load.
[2021.04.14-08.05.50:927][  0]LogUObjectAllocator: 5880432 out of 0 bytes used by permanent object pool.
[2021.04.14-08.05.50:928][  0]LogUObjectArray: CloseDisregardForGC: 0/0 objects in disregard for GC pool
[2021.04.14-08.05.50:968][  0]LogEngine: Initializing Engine...
[2021.04.14-08.05.50:970][  0]LogHMD: Failed to initialize OpenVR with code 110
[2021.04.14-08.05.50:971][  0]LogMagicLeap: Warning: VR disabled because ZI is not enabled.  To enable, in the editor, Edit -> Project Settings -> Plugins -> Magic Leap Plugin -> Enable Zero Iteration
[2021.04.14-08.05.50:973][  0]LogStats: UGameplayTagsManager::InitializeManager -  0.000 s
[2021.04.14-08.05.51:065][  0]LogInit: Initializing FReadOnlyCVARCache
[2021.04.14-08.05.51:069][  0]LogAudioMixer: Display: Audio Mixer Platform Settings:
[2021.04.14-08.05.51:070][  0]LogAudioMixer: Display: 	Sample Rate:						  48000
[2021.04.14-08.05.51:070][  0]LogAudioMixer: Display: 	Callback Buffer Frame Size Requested: 1024
[2021.04.14-08.05.51:071][  0]LogAudioMixer: Display: 	Callback Buffer Frame Size To Use:	  1024
[2021.04.14-08.05.51:072][  0]LogAudioMixer: Display: 	Number of buffers to queue:			  2
[2021.04.14-08.05.51:073][  0]LogAudioMixer: Display: 	Max Channels (voices):				  32
[2021.04.14-08.05.51:074][  0]LogAudioMixer: Display: 	Number of Async Source Workers:		  0
[2021.04.14-08.05.51:075][  0]LogAudio: Display: AudioDevice MaxSources: 32
[2021.04.14-08.05.51:075][  0]LogAudio: Display: Using built-in audio occlusion.
[2021.04.14-08.05.51:076][  0]LogAudioMixer: Display: Initializing audio mixer.
[2021.04.14-08.05.51:097][  0]LogAudioMixer: Display: 0: FrontLeft
[2021.04.14-08.05.51:097][  0]LogAudioMixer: Display: 1: FrontRight
[2021.04.14-08.05.51:098][  0]LogAudioMixer: Display: 2: FrontCenter
[2021.04.14-08.05.51:099][  0]LogAudioMixer: Display: 3: LowFrequency
[2021.04.14-08.05.51:099][  0]LogAudioMixer: Display: 4: BackLeft
[2021.04.14-08.05.51:099][  0]LogAudioMixer: Display: 5: BackRight
[2021.04.14-08.05.51:100][  0]LogAudioMixer: Display: 6: SideLeft
[2021.04.14-08.05.51:100][  0]LogAudioMixer: Display: 7: SideRight
[2021.04.14-08.05.51:133][  0]LogAudioMixer: Display: Using Audio Device Speakers (THX Spatial Audio)
[2021.04.14-08.05.51:140][  0]LogAudioMixer: Display: Initializing Sound Submixes...
[2021.04.14-08.05.51:141][  0]LogAudioMixer: Display: Creating Master Submix 'MasterSubmixDefault'
[2021.04.14-08.05.51:141][  0]LogAudioMixer: Display: Creating Master Submix 'MasterReverbSubmixDefault'
[2021.04.14-08.05.51:143][  0]LogAudioMixer: Display: Creating Master Submix 'MasterEQSubmixDefault'
[2021.04.14-08.05.51:144][  0]LogInit: FAudioDevice initialized.
[2021.04.14-08.05.51:146][  0]LogNetVersion: Set ProjectVersion to 1.0.0.0. Version Checksum will be recalculated on next use.
[2021.04.14-08.05.51:226][  0]LogDerivedDataCache: Saved boot cache 0.08s 78MB C:/Users/aveng/AppData/Local/UnrealEngine/4.25/DerivedDataCache/Boot.ddc.
[2021.04.14-08.05.51:227][  0]LogInit: Texture streaming: Enabled
[2021.04.14-08.05.51:270][  0]LogSlate: Updating window title bar state: overlay mode, drag disabled, window buttons hidden, title bar hidden
[2021.04.14-08.05.51:271][  0]LogInit: Display: Game Engine Initialized.
[2021.04.14-08.05.51:271][  0]LogNiagaraEditor: Warning: GEditor isn't valid! Particle reset commands will not work for Niagara components!
[2021.04.14-08.05.51:281][  0]LogInit: Display: Starting Game.
[2021.04.14-08.05.51:282][  0]LogNet: Browse: /Game/Levels/MainMenu?Name=Player
[2021.04.14-08.05.51:282][  0]LogLoad: LoadMap: /Game/Levels/MainMenu?Name=Player
[2021.04.14-08.05.51:282][  0]LogWorld: BeginTearingDown for /Temp/Untitled_0
[2021.04.14-08.05.51:283][  0]LogWorld: UWorld::CleanupWorld for Untitled, bSessionEnded=true, bCleanupResources=true
[2021.04.14-08.05.51:284][  0]LogSlate: InvalidateAllWidgets triggered.  All widgets were invalidated
[2021.04.14-08.05.51:307][  0]LogUObjectHash: Compacting FUObjectHashTables data took   0.75ms
[2021.04.14-08.05.51:358][  0]LogAIModule: Creating AISystem for world MainMenu
[2021.04.14-08.05.51:358][  0]LogAISub: UAISubsystem::UAISubsystem EnvQueryManager (000001AA4D4DD000), frame # 0
[2021.04.14-08.05.51:359][  0]LogAISub: UAISubsystem::UAISubsystem AIPerceptionSystem (000001AA4D50CCC0), frame # 0
[2021.04.14-08.05.51:367][  0]LogLoad: Game class is 'BP_GamesAssignmentTwoGameModeBse_C'
[2021.04.14-08.05.51:369][  0]LogWorld: Bringing World /Game/Levels/MainMenu.MainMenu up for play (max tick rate 0) at 2021.04.14-09.05.51
[2021.04.14-08.05.51:370][  0]LogWorld: Bringing up level for play took: 0.001309
[2021.04.14-08.05.51:374][  0]LogTemp: Warning: 0
[2021.04.14-08.05.51:375][  0]LogTemp: Warning: Load main menu widget from instance called
[2021.04.14-08.05.51:376][  0]LogTemp: Warning: Load main menu widget from instance MenuClass set
[2021.04.14-08.05.51:377][  0]LogTemp: Warning: TRUEEE
[2021.04.14-08.05.51:378][  0]LogTemp: Warning: Level: MainMenu
[2021.04.14-08.05.51:379][  0]LogLoad: Took 0.097173 seconds to LoadMap(/Game/Levels/MainMenu)
[2021.04.14-08.05.51:403][  0]LogSlate: Took 0.000196 seconds to synchronously load lazily loaded font '../../../Engine/Content/Slate/Fonts/Roboto-Regular.ttf' (155K)
[2021.04.14-08.05.51:418][  0]LogRenderer: Reallocating scene render targets to support 960x1020 Format 10 NumSamples 1 (Frame:1).
[2021.04.14-08.05.51:418][  0]LogLoad: (Engine Initialization) Total time: 4.88 seconds
[2021.04.14-08.05.51:419][  0]LogLoad: (Engine Initialization) Total Blueprint compile time: 0.00 seconds
[2021.04.14-08.05.51:443][  0]LogContentStreaming: Texture pool size now 1000 MB
[2021.04.14-08.05.51:448][  0]LogSlate: InvalidateAllWidgets triggered.  All widgets were invalidated
[2021.04.14-08.05.51:485][  1]LogSlate: Took 0.000199 seconds to synchronously load lazily loaded font '../../../Engine/Content/Slate/Fonts/Roboto-Regular.ttf' (155K)
[2021.04.14-08.05.54:271][470]LogSlate: WidgetSwitcher ('None') active index changed to 1
[2021.04.14-08.05.56:006][ 48]LogGameMode: ProcessServerTravel: /Game/Levels/Lobby?listen
[2021.04.14-08.05.56:007][ 48]LogEngine: Server switch level: /Game/Levels/Lobby?Name=Player?listen
[2021.04.14-08.05.56:007][ 48]LogNet: Browse: /Game/Levels/Lobby?Name=Player?listen
[2021.04.14-08.05.56:007][ 48]LogLoad: LoadMap: /Game/Levels/Lobby?Name=Player?listen
[2021.04.14-08.05.56:008][ 48]LogWorld: BeginTearingDown for /Game/Levels/MainMenu
[2021.04.14-08.05.56:009][ 48]LogWorld: UWorld::CleanupWorld for MainMenu, bSessionEnded=true, bCleanupResources=true
[2021.04.14-08.05.56:009][ 48]LogSlate: InvalidateAllWidgets triggered.  All widgets were invalidated
[2021.04.14-08.05.56:045][ 48]LogAudio: Display: Waited 35.548500 ms for audio thread.
[2021.04.14-08.05.56:064][ 48]LogAISub: UAISubsystem::~UAISubsystem EnvQueryManager (000001AA4D4DD000), frame # 1048
[2021.04.14-08.05.56:065][ 48]LogAISub: UAISubsystem::~UAISubsystem AIPerceptionSystem (000001AA4D50CCC0), frame # 1048
[2021.04.14-08.05.56:067][ 48]LogUObjectHash: Compacting FUObjectHashTables data took   0.73ms
[2021.04.14-08.05.56:124][ 48]LogAIModule: Creating AISystem for world Lobby
[2021.04.14-08.05.56:124][ 48]LogAISub: UAISubsystem::UAISubsystem EnvQueryManager (000001AA4D588400), frame # 1048
[2021.04.14-08.05.56:125][ 48]LogAISub: UAISubsystem::UAISubsystem AIPerceptionSystem (000001AA4D51DA80), frame # 1048
[2021.04.14-08.05.56:126][ 48]LogLoad: Game class is 'BP_ServerLobbyGameModeBase_C'
[2021.04.14-08.05.56:126][ 48]LogNet: ReplicationDriverClass is null! Not using ReplicationDriver.
[2021.04.14-08.05.56:126][ 48]LogNetCore: DDoS detection status: detection enabled: 0 analytics enabled: 0
[2021.04.14-08.05.56:127][ 48]LogInit: WinSock: Socket queue. Rx: 131072 (config 131072) Tx: 131072 (config 131072)
[2021.04.14-08.05.56:127][ 48]LogNet: Created socket for bind address: 0.0.0.0 on port 7777
[2021.04.14-08.05.56:127][ 48]PacketHandlerLog: Loaded PacketHandler component: Engine.EngineHandlerComponentFactory (StatelessConnectHandlerComponent)
[2021.04.14-08.05.56:128][ 48]LogNet: GameNetDriver IpNetDriver_0 IpNetDriver listening on port 7777
[2021.04.14-08.05.56:130][ 48]LogWorld: Bringing World /Game/Levels/Lobby.Lobby up for play (max tick rate 0) at 2021.04.14-09.05.56
[2021.04.14-08.05.56:130][ 48]LogWorld: Bringing up level for play took: 0.001020
[2021.04.14-08.05.56:131][ 48]LogOnlineSession: Warning: OSS: No game present to join for session (GameSession)
[2021.04.14-08.05.56:132][ 48]LogTemp: Warning: Players: 1
[2021.04.14-08.05.56:134][ 48]LogTemp: Warning: 0
[2021.04.14-08.05.56:136][ 48]LogTemp: Warning: Level: Lobby
[2021.04.14-08.05.56:137][ 48]LogLoad: Took 0.128683 seconds to LoadMap(/Game/Levels/Lobby)
[2021.04.14-08.06.02:944][123]LogNet: NotifyAcceptingConnection accepted from: 127.0.0.1:52350
[2021.04.14-08.06.02:944][123]LogHandshake: SendConnectChallenge. Timestamp: 6.941191, Cookie: 140162157210151128097099022147215067026244064156235044034067
[2021.04.14-08.06.02:966][124]LogNet: NotifyAcceptingConnection accepted from: 127.0.0.1:52350
[2021.04.14-08.06.02:985][124]LogHandshake: SendChallengeAck. InCookie: 140162157210151128097099022147215067026244064156235044034067
[2021.04.14-08.06.02:986][124]LogNet: Server accepting post-challenge connection from: 127.0.0.1:52350
[2021.04.14-08.06.02:986][124]PacketHandlerLog: Loaded PacketHandler component: Engine.EngineHandlerComponentFactory (StatelessConnectHandlerComponent)
[2021.04.14-08.06.02:987][124]LogNet: NotifyAcceptedConnection: Name: Lobby, TimeStamp: 04/14/21 09:06:02, [UNetConnection] RemoteAddr: 127.0.0.1:52350, Name: IpConnection_0, Driver: GameNetDriver IpNetDriver_0, IsServer: YES, PC: NULL, Owner: NULL, UniqueId: INVALID
[2021.04.14-08.06.02:987][124]LogNet: AddClientConnection: Added client connection: [UNetConnection] RemoteAddr: 127.0.0.1:52350, Name: IpConnection_0, Driver: GameNetDriver IpNetDriver_0, IsServer: YES, PC: NULL, Owner: NULL, UniqueId: INVALID
[2021.04.14-08.06.02:990][125]LogNet: NotifyAcceptingChannel Control 0 server World /Game/Levels/Lobby.Lobby: Accepted
[2021.04.14-08.06.02:990][125]LogNet: Remote platform little endian=1
[2021.04.14-08.06.02:990][125]LogNet: This platform little endian=1
[2021.04.14-08.06.02:991][125]LogNetVersion: GamesAssignmentTwo 1.0.0.0, NetCL: 13144385, EngineNetVer: 14, GameNetVer: 0 (Checksum: 1872474305)
[2021.04.14-08.06.03:023][126]LogNet: Login request: ?Name=Programming-PC-76F46F5F49249D27DBC754987E980ACA userId: NULL:Programming-PC-76F46F5F49249D27DBC754987E980ACA platform: NULL
[2021.04.14-08.06.03:039][127]LogNet: Client netspeed is 10000
[2021.04.14-08.06.03:137][165]LogNet: Join request: /Game/Levels/MainMenu?Name=Programming-PC-76F46F5F49249D27DBC754987E980ACA?SplitscreenCount=1
[2021.04.14-08.06.03:138][165]PIE: Error: Only Local Player Controllers can be assigned to widgets. BP_MainPlayerController_C_1 is not a Local Player Controller.
[2021.04.14-08.06.03:139][165]LogTemp: Warning: Level: Lobby
[2021.04.14-08.06.03:139][165]LogOnlineSession: Warning: OSS: No game present to join for session (GameSession)
[2021.04.14-08.06.03:141][165]LogTemp: Warning: 0
[2021.04.14-08.06.03:142][165]LogTemp: Warning: Players: 2
[2021.04.14-08.06.03:142][165]LogNet: Join succeeded: Programming-PC-76F46
[2021.04.14-08.06.13:142][625]LogGameMode: ProcessServerTravel: /Game/Levels/Gamelevel?listen
[2021.04.14-08.06.13:144][625]LogWorld: SeamlessTravel to: /Game/Levels/Gamelevel
[2021.04.14-08.06.13:160][626]LogWorld: BeginTearingDown for /Game/Levels/Lobby
[2021.04.14-08.06.13:162][626]LogWorld: UWorld::CleanupWorld for Lobby, bSessionEnded=false, bCleanupResources=true
[2021.04.14-08.06.13:162][626]LogSlate: InvalidateAllWidgets triggered.  All widgets were invalidated
[2021.04.14-08.06.13:176][626]LogAISub: UAISubsystem::~UAISubsystem AIPerceptionSystem (000001AA4D51DA80), frame # 2626
[2021.04.14-08.06.13:176][626]LogAISub: UAISubsystem::~UAISubsystem EnvQueryManager (000001AA4D588400), frame # 2626
[2021.04.14-08.06.13:178][626]LogUObjectHash: Compacting FUObjectHashTables data took   0.72ms
[2021.04.14-08.06.13:178][626]LogStats:     SeamlessTravel FlushLevelStreaming  -  0.000 s
[2021.04.14-08.06.13:178][626]LogAIModule: Creating AISystem for world Untitled
[2021.04.14-08.06.13:179][626]LogAISub: UAISubsystem::UAISubsystem EnvQueryManager (000001AA5013E200), frame # 2626
[2021.04.14-08.06.13:180][626]LogAISub: UAISubsystem::UAISubsystem AIPerceptionSystem (000001AA4D133EC0), frame # 2626
[2021.04.14-08.06.13:180][626]LogWorld: Bringing World /Temp/Untitled_1.Untitled up for play (max tick rate 0) at 2021.04.14-09.06.13
[2021.04.14-08.06.13:180][626]LogWorld: Bringing up level for play took: 0.000329
[2021.04.14-08.06.13:181][626]LogWorld: Sending NotifyLoadedWorld for LP: LocalPlayer_0 PC: BP_MainPlayerController_C_0
[2021.04.14-08.06.13:181][626]LogNet: Verbose: NotifyLoadedWorld Begin
[2021.04.14-08.06.13:181][626]LogNet: VeryVerbose: GetFunctionCallspace Server calling Server function: ServerNotifyLoadedWorld Local
[2021.04.14-08.06.13:181][626]LogNet: Verbose: NotifyLoadedWorld End
[2021.04.14-08.06.13:181][626]LogWorld: StartLoadingDestination to: /Game/Levels/Gamelevel
[2021.04.14-08.06.13:254][629]LogWorld: BeginTearingDown for /Temp/Untitled_1
[2021.04.14-08.06.13:255][629]LogWorld: UWorld::CleanupWorld for Untitled, bSessionEnded=true, bCleanupResources=true
[2021.04.14-08.06.13:256][629]LogSlate: InvalidateAllWidgets triggered.  All widgets were invalidated
[2021.04.14-08.06.13:299][629]LogAISub: UAISubsystem::~UAISubsystem AIPerceptionSystem (000001AA4D133EC0), frame # 2629
[2021.04.14-08.06.13:300][629]LogAISub: UAISubsystem::~UAISubsystem EnvQueryManager (000001AA5013E200), frame # 2629
[2021.04.14-08.06.13:301][629]LogUObjectHash: Compacting FUObjectHashTables data took   0.77ms
[2021.04.14-08.06.13:302][629]LogAIModule: Creating AISystem for world GameLevel
[2021.04.14-08.06.13:302][629]LogAISub: UAISubsystem::UAISubsystem EnvQueryManager (000001AA50008400), frame # 2629
[2021.04.14-08.06.13:303][629]LogAISub: UAISubsystem::UAISubsystem AIPerceptionSystem (000001AA2BC81BC0), frame # 2629
[2021.04.14-08.06.13:307][629]LogLoad: Game class is 'BP_GamesAssignmentTwoGameModeBse_C'
[2021.04.14-08.06.13:307][629]LogStats:     SeamlessTravel FlushLevelStreaming  -  0.000 s
[2021.04.14-08.06.13:309][629]LogWorld: Bringing World /Game/Levels/Gamelevel.GameLevel up for play (max tick rate 0) at 2021.04.14-09.06.13
[2021.04.14-08.06.13:309][629]LogWorld: Bringing up level for play took: 0.001940
[2021.04.14-08.06.13:310][629]LogWorld: Sending NotifyLoadedWorld for LP: LocalPlayer_0 PC: BP_MainPlayerController_C_0
[2021.04.14-08.06.13:310][629]LogNet: Verbose: NotifyLoadedWorld Begin
[2021.04.14-08.06.13:310][629]LogNet: VeryVerbose: GetFunctionCallspace Server calling Server function: ServerNotifyLoadedWorld Local
[2021.04.14-08.06.13:311][629]LogNet: Verbose: NotifyLoadedWorld End
[2021.04.14-08.06.13:311][629]LogWorld: ----SeamlessTravel finished in 0.17 seconds ------
[2021.04.14-08.06.13:313][629]LogTemp: Warning: 4
[2021.04.14-08.06.13:314][629]LogTemp: Warning: Level: Gamelevel
[2021.04.14-08.06.13:314][629]LogTemp: Warning: PlayerInterface Here
[2021.04.14-08.06.13:342][635]PIE: Error: Only Local Player Controllers can be assigned to widgets. BP_MainPlayerController_C_3 is not a Local Player Controller.
[2021.04.14-08.06.13:343][635]LogTemp: Warning: Level: Gamelevel
[2021.04.14-08.06.13:345][635]LogTemp: Warning: 4
[2021.04.14-08.06.15:860][751]LogTemp: Warning: Calling Push
[2021.04.14-08.06.16:715][790]LogTemp: Warning: Calling Push
[2021.04.14-08.06.17:587][829]LogTemp: Warning: Calling Push
[2021.04.14-08.06.19:851][928]LogTemp: Warning: Calling Push
[2021.04.14-08.06.20:910][975]LogTemp: Warning: Calling Push
[2021.04.14-08.06.21:567][  3]LogTemp: Warning: Calling Push
[2021.04.14-08.06.22:066][ 24]LogTemp: Warning: Calling Push
[2021.04.14-08.06.23:919][103]LogTemp: Warning: Calling Push
[2021.04.14-08.06.25:326][164]LogTemp: Warning: Calling Push
[2021.04.14-08.06.25:849][188]LogTemp: Warning: Calling Push
[2021.04.14-08.06.26:095][198]LogTemp: Warning: Calling Push
[2021.04.14-08.06.26:334][209]LogTemp: Warning: Calling Push
[2021.04.14-08.06.26:509][217]LogTemp: Warning: Calling Push
[2021.04.14-08.06.26:691][225]LogTemp: Warning: Calling Push
[2021.04.14-08.06.26:872][233]LogTemp: Warning: Calling Push
[2021.04.14-08.06.27:041][240]LogTemp: Warning: Calling Push
[2021.04.14-08.06.27:208][248]LogTemp: Warning: Calling Push
[2021.04.14-08.06.27:368][255]LogTemp: Warning: Calling Push
[2021.04.14-08.06.29:012][330]LogTemp: Warning: Calling Push
[2021.04.14-08.06.29:174][338]LogTemp: Warning: Calling Push
[2021.04.14-08.06.29:365][346]LogTemp: Warning: Calling Push
[2021.04.14-08.06.29:510][352]LogTemp: Warning: Calling Push
[2021.04.14-08.06.29:674][360]LogTemp: Warning: Calling Push
[2021.04.14-08.06.29:844][367]LogTemp: Warning: Calling Push
[2021.04.14-08.06.30:002][373]LogTemp: Warning: Calling Push
[2021.04.14-08.06.30:174][380]LogTemp: Warning: Calling Push
[2021.04.14-08.06.35:048][307]LogTemp: Warning: Calling Push
[2021.04.14-08.06.35:432][427]LogTemp: Warning: Calling Push
[2021.04.14-08.06.35:798][542]LogTemp: Warning: Calling Push
[2021.04.14-08.06.36:015][610]LogTemp: Warning: Calling Push
[2021.04.14-08.06.36:255][686]LogTemp: Warning: Calling Push
[2021.04.14-08.06.36:446][748]LogTemp: Warning: Calling Push
[2021.04.14-08.06.36:645][811]LogTemp: Warning: Calling Push
[2021.04.14-08.06.36:823][867]LogTemp: Warning: Calling Push
[2021.04.14-08.06.37:016][927]LogTemp: Warning: Calling Push
[2021.04.14-08.06.37:195][983]LogTemp: Warning: Calling Push
[2021.04.14-08.06.37:896][201]LogTemp: Warning: Calling Push
[2021.04.14-08.06.39:159][595]LogTemp: Warning: Calling Push
[2021.04.14-08.06.39:649][751]LogTemp: Warning: Calling Push
[2021.04.14-08.06.39:866][820]LogTemp: Warning: Calling Push
[2021.04.14-08.06.40:021][868]LogTemp: Warning: Calling Push
[2021.04.14-08.06.40:179][919]LogTemp: Warning: Calling Push
[2021.04.14-08.06.40:349][971]LogTemp: Warning: Calling Push
[2021.04.14-08.06.40:955][164]LogTemp: Warning: Calling Push
[2021.04.14-08.06.41:240][254]LogTemp: Warning: Calling Push
[2021.04.14-08.06.43:131][850]LogWindowsDesktop: Alt-F4 pressed!
[2021.04.14-08.06.43:141][850]LogSlate: Window 'GamesAssignmentTwo (64-bit Development PCD3D_SM5) ' being destroyed
[2021.04.14-08.06.43:142][850]LogWindowsTextInputMethodSystem: Display: IME system now deactivated.
[2021.04.14-08.06.43:151][850]LogOnlineSession: Warning: OSS: No game present to leave for session (GameSession)
[2021.04.14-08.06.43:152][850]LogSlate: Updating window title bar state: overlay mode, drag disabled, window buttons hidden, title bar hidden
[2021.04.14-08.06.43:153][850]LogEngine: All Windows Closed
[2021.04.14-08.06.43:154][850]LogWindows: FPlatformMisc::RequestExit(0)
[2021.04.14-08.06.43:155][850]LogCore: Engine exit requested (reason: Win RequestExit)
[2021.04.14-08.06.43:155][851]LogCore: Engine exit requested (reason: EngineExit() was called; note: exit was already requested)
[2021.04.14-08.06.43:158][851]LogAudio: Display: Shutting down audio device while 2 references to it are still alive. For more information, compile with INSTRUMENT_AUDIODEVICE_HANDLES.
[2021.04.14-08.06.43:209][851]LogInit: Display: PreExit Game.
[2021.04.14-08.06.43:240][851]LogWorld: BeginTearingDown for /Game/Levels/Gamelevel
[2021.04.14-08.06.43:241][851]LogNet: World NetDriver shutdown IpNetDriver_0 [GameNetDriver]
[2021.04.14-08.06.43:242][851]LogNet: DestroyNamedNetDriver IpNetDriver_0 [GameNetDriver]
[2021.04.14-08.06.43:243][851]LogNet: UNetConnection::Cleanup: Closing open connection. [UNetConnection] RemoteAddr: 127.0.0.1:52350, Name: IpConnection_0, Driver: GameNetDriver IpNetDriver_0, IsServer: YES, PC: BP_MainPlayerController_C_3, Owner: BP_MainPlayerController_C_3, UniqueId: NULL:Programming-PC-76F46F5F49249D27DBC754987E980ACA
[2021.04.14-08.06.43:243][851]LogNet: UNetConnection::Close: [UNetConnection] RemoteAddr: 127.0.0.1:52350, Name: IpConnection_0, Driver: GameNetDriver IpNetDriver_0, IsServer: YES, PC: BP_MainPlayerController_C_3, Owner: BP_MainPlayerController_C_3, UniqueId: NULL:Programming-PC-76F46F5F49249D27DBC754987E980ACA, Channels: 25, Time: 2021.04.14-08.06.43
[2021.04.14-08.06.43:244][851]LogNet: UChannel::Close: Sending CloseBunch. ChIndex == 0. Name: [UChannel] ChIndex: 0, Closing: 0 [UNetConnection] RemoteAddr: 127.0.0.1:52350, Name: IpConnection_0, Driver: GameNetDriver IpNetDriver_0, IsServer: YES, PC: BP_MainPlayerController_C_3, Owner: BP_MainPlayerController_C_3, UniqueId: NULL:Programming-PC-76F46F5F49249D27DBC754987E980ACA
[2021.04.14-08.06.43:245][851]LogExit: GameNetDriver IpNetDriver_0 shut down
[2021.04.14-08.06.43:246][851]LogWorld: UWorld::CleanupWorld for GameLevel, bSessionEnded=true, bCleanupResources=true
[2021.04.14-08.06.43:248][851]LogSlate: InvalidateAllWidgets triggered.  All widgets were invalidated
[2021.04.14-08.06.44:008][851]LogExit: Preparing to exit.
[2021.04.14-08.06.44:009][851]LogMoviePlayer: Shutting down movie player
[2021.04.14-08.06.44:018][851]LogSlate: Updating window title bar state: overlay mode, drag disabled, window buttons hidden, title bar hidden
[2021.04.14-08.06.44:024][851]LogDemo: Cleaned up 0 splitscreen connections with owner deletion
[2021.04.14-08.06.44:029][851]LogExit: Game engine shut down
[2021.04.14-08.06.44:037][851]LogAISub: UAISubsystem::~UAISubsystem AISubsystem (000001AA4487D8C0), frame # 6851
[2021.04.14-08.06.44:037][851]LogAISub: UAISubsystem::~UAISubsystem AIPerceptionSystem (000001AA447AD6C0), frame # 6851
[2021.04.14-08.06.44:038][851]LogAISub: UAISubsystem::~UAISubsystem EnvQueryManager (000001AA447ABC00), frame # 6851
[2021.04.14-08.06.44:040][851]LogAISub: UAISubsystem::~UAISubsystem AIPerceptionSystem (000001AA2BC81BC0), frame # 6851
[2021.04.14-08.06.44:040][851]LogAISub: UAISubsystem::~UAISubsystem EnvQueryManager (000001AA50008400), frame # 6851
[2021.04.14-08.06.44:062][851]LogExit: Object subsystem successfully closed.
[2021.04.14-08.06.44:085][851]LogShaderCompilers: Display: Shaders left to compile 0
[2021.04.14-08.06.44:091][851]LogModuleManager: Shutting down and abandoning module SequenceRecorderSections (504)
[2021.04.14-08.06.44:091][851]LogModuleManager: Shutting down and abandoning module SequenceRecorder (502)
[2021.04.14-08.06.44:091][851]LogModuleManager: Shutting down and abandoning module AutomationController (500)
[2021.04.14-08.06.44:092][851]LogModuleManager: Shutting down and abandoning module AutomationWorker (498)
[2021.04.14-08.06.44:092][851]LogModuleManager: Shutting down and abandoning module Voice (496)
[2021.04.14-08.06.44:093][851]LogModuleManager: Shutting down and abandoning module AIModule (494)
[2021.04.14-08.06.44:093][851]LogModuleManager: Shutting down and abandoning module GameplayDebugger (493)
[2021.04.14-08.06.44:093][851]LogModuleManager: Shutting down and abandoning module AITestSuite (491)
[2021.04.14-08.06.44:093][851]LogModuleManager: Shutting down and abandoning module NavigationSystem (489)
[2021.04.14-08.06.44:094][851]LogModuleManager: Shutting down and abandoning module OculusMR (486)
[2021.04.14-08.06.44:095][851]LogModuleManager: Shutting down and abandoning module WmfMediaFactory (484)
[2021.04.14-08.06.44:095][851]LogModuleManager: Shutting down and abandoning module WebMMediaFactory (482)
[2021.04.14-08.06.44:096][851]LogModuleManager: Shutting down and abandoning module WebMMedia (480)
[2021.04.14-08.06.44:096][851]LogModuleManager: Shutting down and abandoning module OpenExrWrapper (478)
[2021.04.14-08.06.44:096][851]LogModuleManager: Shutting down and abandoning module ImgMediaFactory (476)
[2021.04.14-08.06.44:097][851]LogModuleManager: Shutting down and abandoning module AvfMediaFactory (474)
[2021.04.14-08.06.44:097][851]LogModuleManager: Shutting down and abandoning module MagicLeapMediaCodecFactory (472)
[2021.04.14-08.06.44:097][851]LogModuleManager: Shutting down and abandoning module MagicLeapMediaFactory (470)
[2021.04.14-08.06.44:098][851]LogModuleManager: Shutting down and abandoning module PlanarCut (468)
[2021.04.14-08.06.44:098][851]LogModuleManager: Shutting down and abandoning module CharacterAI (466)
[2021.04.14-08.06.44:098][851]LogModuleManager: Shutting down and abandoning module SessionServices (464)
[2021.04.14-08.06.44:099][851]LogModuleManager: Shutting down and abandoning module MovieSceneCapture (462)
[2021.04.14-08.06.44:099][851]LogModuleManager: Shutting down and abandoning module LiveCoding (460)
[2021.04.14-08.06.44:099][851]LogModuleManager: Shutting down and abandoning module LevelSequence (458)
[2021.04.14-08.06.44:100][851]LogModuleManager: Shutting down and abandoning module MovieSceneTracks (456)
[2021.04.14-08.06.44:100][851]LogModuleManager: Shutting down and abandoning module MovieScene (454)
[2021.04.14-08.06.44:100][851]LogModuleManager: Shutting down and abandoning module StreamingPauseRendering (452)
[2021.04.14-08.06.44:100][851]LogModuleManager: Shutting down and abandoning module PortalServices (450)
[2021.04.14-08.06.44:101][851]LogModuleManager: Shutting down and abandoning module PortalRpc (448)
[2021.04.14-08.06.44:101][851]LogModuleManager: Shutting down and abandoning module MessagingRpc (446)
[2021.04.14-08.06.44:101][851]LogModuleManager: Shutting down and abandoning module AudioMixerXAudio2 (444)
[2021.04.14-08.06.44:102][851]LogModuleManager: Shutting down and abandoning module AudioMixerCore (443)
[2021.04.14-08.06.44:102][851]LogModuleManager: Shutting down and abandoning module ProfilerService (440)
[2021.04.14-08.06.44:291][851]LogModuleManager: Shutting down and abandoning module TaskGraph (438)
[2021.04.14-08.06.44:291][851]LogModuleManager: Shutting down and abandoning module Synthesis (436)
[2021.04.14-08.06.44:292][851]LogModuleManager: Shutting down and abandoning module ProceduralMeshComponent (434)
[2021.04.14-08.06.44:292][851]LogModuleManager: Shutting down and abandoning module OculusInput (432)
[2021.04.14-08.06.44:293][851]LogModuleManager: Shutting down and abandoning module MobilePatchingUtils (430)
[2021.04.14-08.06.44:293][851]LogModuleManager: Shutting down and abandoning module GooglePAD (428)
[2021.04.14-08.06.44:294][851]LogModuleManager: Shutting down and abandoning module EditableMesh (426)
[2021.04.14-08.06.44:294][851]LogModuleManager: Shutting down and abandoning module CustomMeshComponent (424)
[2021.04.14-08.06.44:294][851]LogModuleManager: Shutting down and abandoning module CableComponent (422)
[2021.04.14-08.06.44:295][851]LogModuleManager: Shutting down and abandoning module AudioCapture (420)
[2021.04.14-08.06.44:295][851]LogModuleManager: Shutting down and abandoning module AudioCaptureRtAudio (419)
[2021.04.14-08.06.44:296][851]LogModuleManager: Shutting down and abandoning module AssetTags (416)
[2021.04.14-08.06.44:296][851]LogModuleManager: Shutting down and abandoning module ArchVisCharacter (414)
[2021.04.14-08.06.44:296][851]LogModuleManager: Shutting down and abandoning module AppleImageUtilsBlueprintSupport (412)
[2021.04.14-08.06.44:297][851]LogModuleManager: Shutting down and abandoning module AppleImageUtils (410)
[2021.04.14-08.06.44:297][851]LogModuleManager: Shutting down and abandoning module AndroidPermission (408)
[2021.04.14-08.06.44:297][851]LogModuleManager: Shutting down and abandoning module NUTUnrealEngine4 (406)
[2021.04.14-08.06.44:298][851]LogModuleManager: Shutting down and abandoning module NetcodeUnitTest (404)
[2021.04.14-08.06.44:298][851]LogModuleManager: Shutting down and abandoning module TemplateSequence (402)
[2021.04.14-08.06.44:298][851]LogModuleManager: Shutting down and abandoning module MovieRenderPipelineRenderPasses (400)
[2021.04.14-08.06.44:299][851]LogModuleManager: Shutting down and abandoning module MovieRenderPipelineSettings (398)
[2021.04.14-08.06.44:299][851]LogModuleManager: Shutting down and abandoning module MovieRenderPipelineCore (396)
[2021.04.14-08.06.44:299][851]LogModuleManager: Shutting down and abandoning module ImageWriteQueue (395)
[2021.04.14-08.06.44:303][851]LogModuleManager: Shutting down and abandoning module MediaCompositing (392)
[2021.04.14-08.06.44:303][851]LogModuleManager: Shutting down and abandoning module ImgMedia (390)
[2021.04.14-08.06.44:303][851]LogModuleManager: Shutting down and abandoning module MagicLeapSharedWorld (388)
[2021.04.14-08.06.44:304][851]LogModuleManager: Shutting down and abandoning module MagicLeapLightEstimation (386)
[2021.04.14-08.06.44:304][851]LogModuleManager: Shutting down and abandoning module MagicLeapHelperVulkan (384)
[2021.04.14-08.06.44:304][851]LogModuleManager: Shutting down and abandoning module MagicLeapHelperOpenGL (382)
[2021.04.14-08.06.44:305][851]LogModuleManager: Shutting down and abandoning module MagicLeapAudio (380)
[2021.04.14-08.06.44:305][851]LogModuleManager: Shutting down and abandoning module MeshSolverUtilities (378)
[2021.04.14-08.06.44:305][851]LogModuleManager: Shutting down and abandoning module MeshConversion (376)
[2021.04.14-08.06.44:306][851]LogModuleManager: Shutting down and abandoning module DynamicMesh (374)
[2021.04.14-08.06.44:306][851]LogModuleManager: Shutting down and abandoning module GeometryAlgorithms (372)
[2021.04.14-08.06.44:306][851]LogModuleManager: Shutting down and abandoning module GeometricObjects (370)
[2021.04.14-08.06.44:307][851]LogModuleManager: Shutting down and abandoning module GeometryCollectionTracks (368)
[2021.04.14-08.06.44:307][851]LogModuleManager: Shutting down and abandoning module GeometryCollectionSequencer (367)
[2021.04.14-08.06.44:307][851]LogModuleManager: Shutting down and abandoning module GeometryCacheTracks (364)
[2021.04.14-08.06.44:308][851]LogModuleManager: Shutting down and abandoning module GeometryCacheSequencer (363)
[2021.04.14-08.06.44:308][851]LogModuleManager: Shutting down and abandoning module GeometryCache (360)
[2021.04.14-08.06.44:308][851]LogModuleManager: Shutting down and abandoning module GeometryCacheEd (359)
[2021.04.14-08.06.44:309][851]LogModuleManager: Shutting down and abandoning module ChaosNiagara (356)
[2021.04.14-08.06.44:309][851]LogModuleManager: Shutting down and abandoning module ChaosCloth (354)
[2021.04.14-08.06.44:309][851]LogModuleManager: Shutting down and abandoning module BackChannel (352)
[2021.04.14-08.06.44:310][851]LogModuleManager: Shutting down and abandoning module AutomationUtils (350)
[2021.04.14-08.06.44:310][851]LogModuleManager: Shutting down and abandoning module VisualStudioSourceCodeAccess (348)
[2021.04.14-08.06.44:310][851]LogModuleManager: Shutting down and abandoning module HotReload (347)
[2021.04.14-08.06.44:311][851]LogModuleManager: Shutting down and abandoning module VisualStudioCodeSourceCodeAccess (344)
[2021.04.14-08.06.44:313][851]LogModuleManager: Shutting down and abandoning module UObjectPlugin (342)
[2021.04.14-08.06.44:313][851]LogModuleManager: Shutting down and abandoning module SubversionSourceControl (340)
[2021.04.14-08.06.44:313][851]LogModuleManager: Shutting down and abandoning module RiderSourceCodeAccess (338)
[2021.04.14-08.06.44:314][851]LogModuleManager: Shutting down and abandoning module PerforceSourceControl (336)
[2021.04.14-08.06.44:314][851]LogModuleManager: Shutting down and abandoning module SourceControl (335)
[2021.04.14-08.06.44:314][851]LogModuleManager: Shutting down and abandoning module CLionSourceCodeAccess (332)
[2021.04.14-08.06.44:315][851]LogModuleManager: Shutting down and abandoning module ActorLayerUtilities (330)
[2021.04.14-08.06.44:315][851]LogModuleManager: Shutting down and abandoning module GamesAssignmentTwo (328)
[2021.04.14-08.06.44:315][851]LogModuleManager: Shutting down and abandoning module SoundFields (326)
[2021.04.14-08.06.44:316][851]LogModuleManager: Shutting down and abandoning module SignificanceManager (324)
[2021.04.14-08.06.44:316][851]LogModuleManager: Shutting down and abandoning module RuntimePhysXCooking (322)
[2021.04.14-08.06.44:316][851]LogModuleManager: Shutting down and abandoning module PhysXVehiclesEditor (320)
[2021.04.14-08.06.44:317][851]LogModuleManager: Shutting down and abandoning module LocationServicesBPLibrary (316)
[2021.04.14-08.06.44:317][851]LogModuleManager: Shutting down and abandoning module ActorSequence (314)
[2021.04.14-08.06.44:317][851]LogModuleManager: Shutting down and abandoning module UdpMessaging (312)
[2021.04.14-08.06.44:317][851]LogModuleManager: Shutting down and abandoning module TcpMessaging (310)
[2021.04.14-08.06.44:318][851]LogModuleManager: Shutting down and abandoning module MagicLeapARPin (308)
[2021.04.14-08.06.44:318][851]LogModuleManager: Shutting down and abandoning module MagicLeapHandMeshing (306)
[2021.04.14-08.06.44:318][851]LogModuleManager: Shutting down and abandoning module MagicLeapSecureStorage (304)
[2021.04.14-08.06.44:319][851]LogModuleManager: Shutting down and abandoning module MagicLeapPrivileges (302)
[2021.04.14-08.06.44:319][851]LogModuleManager: Shutting down and abandoning module MagicLeapPlanes (300)
[2021.04.14-08.06.44:319][851]LogMagicLeapPlanes: Planes tracker already destroyed.
[2021.04.14-08.06.44:320][851]LogModuleManager: Shutting down and abandoning module MagicLeapImageTracker (298)
[2021.04.14-08.06.44:320][851]LogModuleManager: Shutting down and abandoning module MagicLeapIdentity (296)
[2021.04.14-08.06.44:320][851]LogModuleManager: Shutting down and abandoning module MagicLeapHandTracking (294)
[2021.04.14-08.06.44:321][851]LogModuleManager: Shutting down and abandoning module MagicLeapEyeTracker (292)
[2021.04.14-08.06.44:323][851]LogModuleManager: Shutting down and abandoning module MagicLeapController (290)
[2021.04.14-08.06.44:323][851]LogSlate: Slate User Destroyed.  User Index 0, Is Virtual User: 0
[2021.04.14-08.06.44:323][851]LogModuleManager: Shutting down and abandoning module MagicLeapARPinImpl (288)
[2021.04.14-08.06.44:324][851]LogModuleManager: Shutting down and abandoning module MagicLeapAR (286)
[2021.04.14-08.06.44:324][851]LogModuleManager: Shutting down and abandoning module AugmentedReality (285)
[2021.04.14-08.06.44:324][851]LogModuleManager: Shutting down and abandoning module NiagaraAnimNotifies (282)
[2021.04.14-08.06.44:325][851]LogModuleManager: Shutting down and abandoning module Niagara (280)
[2021.04.14-08.06.44:325][851]LogModuleManager: Shutting down and abandoning module SignalProcessing (279)
[2021.04.14-08.06.44:325][851]LogModuleManager: Shutting down and abandoning module NiagaraEditor (277)
[2021.04.14-08.06.44:326][851]LogModuleManager: Shutting down and abandoning module NiagaraCore (274)
[2021.04.14-08.06.44:326][851]LogModuleManager: Shutting down and abandoning module GameplayTagsEditor (272)
[2021.04.14-08.06.44:326][851]LogModuleManager: Shutting down and abandoning module FacialAnimation (270)
[2021.04.14-08.06.44:327][851]LogModuleManager: Shutting down and abandoning module AssetManagerEditor (268)
[2021.04.14-08.06.44:327][851]LogModuleManager: Shutting down and abandoning module TreeMap (267)
[2021.04.14-08.06.44:327][851]LogModuleManager: Shutting down and abandoning module AnimationSharing (264)
[2021.04.14-08.06.44:328][851]LogModuleManager: Shutting down and abandoning module LightPropagationVolumeRuntime (262)
[2021.04.14-08.06.44:328][851]LogModuleManager: Shutting down and abandoning module Paper2D (260)
[2021.04.14-08.06.44:328][851]LogModuleManager: Shutting down and abandoning module WindowsMoviePlayer (258)
[2021.04.14-08.06.44:329][851]LogModuleManager: Shutting down and abandoning module WebMMoviePlayer (256)
[2021.04.14-08.06.44:329][851]LogModuleManager: Shutting down and abandoning module NetworkReplayStreaming (254)
[2021.04.14-08.06.44:330][851]LogModuleManager: Shutting down and abandoning module PacketHandler (252)
[2021.04.14-08.06.44:330][851]LogModuleManager: Shutting down and abandoning module ClothingSystemEditor (250)
[2021.04.14-08.06.44:331][851]LogModuleManager: Shutting down and abandoning module ClothingSystemRuntimeNv (248)
[2021.04.14-08.06.44:332][851]LogModuleManager: Shutting down and abandoning module MediaAssets (246)
[2021.04.14-08.06.44:333][851]LogModuleManager: Shutting down and abandoning module Overlay (244)
[2021.04.14-08.06.44:333][851]LogModuleManager: Shutting down and abandoning module OverlayEditor (243)
[2021.04.14-08.06.44:333][851]LogModuleManager: Shutting down and abandoning module VREditor (240)
[2021.04.14-08.06.44:334][851]LogModuleManager: Shutting down and abandoning module StringTableEditor (238)
[2021.04.14-08.06.44:334][851]LogModuleManager: Shutting down and abandoning module GameplayTasksEditor (236)
[2021.04.14-08.06.44:334][851]LogModuleManager: Shutting down and abandoning module BehaviorTreeEditor (234)
[2021.04.14-08.06.44:335][851]LogModuleManager: Shutting down and abandoning module FunctionalTesting (232)
[2021.04.14-08.06.44:335][851]LogModuleManager: Shutting down and abandoning module CollisionAnalyzer (230)
[2021.04.14-08.06.44:335][851]LogModuleManager: Shutting down and abandoning module UMG (228)
[2021.04.14-08.06.44:335][851]LogModuleManager: Shutting down and abandoning module UMGEditor (227)
[2021.04.14-08.06.44:336][851]LogModuleManager: Shutting down and abandoning module Sequencer (226)
[2021.04.14-08.06.44:336][851]LogModuleManager: Shutting down and abandoning module MessageLog (223)
[2021.04.14-08.06.44:336][851]LogModuleManager: Shutting down and abandoning module MaterialEditor (221)
[2021.04.14-08.06.44:337][851]LogModuleManager: Shutting down and abandoning module ContentBrowser (220)
[2021.04.14-08.06.44:337][851]LogModuleManager: Shutting down and abandoning module WorkspaceMenuStructure (219)
[2021.04.14-08.06.44:337][851]LogModuleManager: Shutting down and abandoning module CollectionManager (217)
[2021.04.14-08.06.44:338][851]LogModuleManager: Shutting down and abandoning module DirectoryWatcher (216)
[2021.04.14-08.06.44:338][851]LogModuleManager: Shutting down and abandoning module SlateReflector (208)
[2021.04.14-08.06.44:338][851]LogModuleManager: Shutting down and abandoning module Slate (206)
[2021.04.14-08.06.44:339][851]LogModuleManager: Shutting down and abandoning module SlateCore (204)
[2021.04.14-08.06.44:339][851]LogModuleManager: Shutting down and abandoning module LandscapeEditorUtilities (202)
[2021.04.14-08.06.44:339][851]LogModuleManager: Shutting down and abandoning module EditorStyle (200)
[2021.04.14-08.06.44:340][851]LogModuleManager: Shutting down and abandoning module UnrealEd (198)
[2021.04.14-08.06.44:341][851]LogModuleManager: Shutting down and abandoning module MRMesh (196)
[2021.04.14-08.06.44:342][851]LogModuleManager: Shutting down and abandoning module Messaging (194)
[2021.04.14-08.06.44:343][851]LogModuleManager: Shutting down and abandoning module SourceCodeAccess (192)
[2021.04.14-08.06.44:343][851]LogModuleManager: Shutting down and abandoning module HeadMountedDisplay (190)
[2021.04.14-08.06.44:343][851]LogModuleManager: Shutting down and abandoning module XAudio2 (188)
[2021.04.14-08.06.44:344][851]LogModuleManager: Shutting down and abandoning module Networking (186)
[2021.04.14-08.06.44:344][851]LogModuleManager: Shutting down and abandoning module Core (184)
[2021.04.14-08.06.44:345][851]LogModuleManager: Shutting down and abandoning module MovieSceneTools (182)
[2021.04.14-08.06.44:345][851]LogModuleManager: Shutting down and abandoning module KismetCompiler (180)
[2021.04.14-08.06.44:345][851]LogModuleManager: Shutting down and abandoning module MeshBuilder (178)
[2021.04.14-08.06.44:346][851]LogModuleManager: Shutting down and abandoning module MeshUtilities (176)
[2021.04.14-08.06.44:346][851]LogModuleManager: Shutting down and abandoning module MeshMergeUtilities (175)
[2021.04.14-08.06.44:346][851]LogModuleManager: Shutting down and abandoning module MeshReductionInterface (174)
[2021.04.14-08.06.44:347][851]LogModuleManager: Shutting down and abandoning module MeshBoneReduction (173)
[2021.04.14-08.06.44:347][851]LogModuleManager: Shutting down and abandoning module SkeletalMeshReduction (171)
[2021.04.14-08.06.44:347][851]LogModuleManager: Shutting down and abandoning module ProxyLODMeshReduction (169)
[2021.04.14-08.06.44:348][851]LogModuleManager: Shutting down and abandoning module QuadricMeshReduction (167)
[2021.04.14-08.06.44:348][851]LogModuleManager: Shutting down and abandoning module MaterialBaking (163)
[2021.04.14-08.06.44:348][851]LogModuleManager: Shutting down and abandoning module NullInstallBundleManager (158)
[2021.04.14-08.06.44:348][851]LogModuleManager: Shutting down and abandoning module PIEPreviewDeviceProfileSelector (156)
[2021.04.14-08.06.44:349][851]LogModuleManager: Shutting down and abandoning module DerivedDataCache (154)
[2021.04.14-08.06.44:349][851]LogModuleManager: Shutting down and abandoning module XGEController (152)
[2021.04.14-08.06.44:349][851]LogModuleManager: Shutting down and abandoning module TargetPlatform (150)
[2021.04.14-08.06.44:350][851]LogModuleManager: Shutting down and abandoning module VulkanShaderFormat (149)
[2021.04.14-08.06.44:350][851]LogModuleManager: Shutting down and abandoning module ShaderFormatVectorVM (147)
[2021.04.14-08.06.44:350][851]LogModuleManager: Shutting down and abandoning module ShaderFormatOpenGL (145)
[2021.04.14-08.06.44:351][851]LogModuleManager: Shutting down and abandoning module ShaderFormatD3D (143)
[2021.04.14-08.06.44:353][851]LogModuleManager: Shutting down and abandoning module MetalShaderFormat (141)
[2021.04.14-08.06.44:353][851]LogModuleManager: Shutting down and abandoning module TextureFormatUncompressed (139)
[2021.04.14-08.06.44:353][851]LogModuleManager: Shutting down and abandoning module TextureFormatPVR (137)
[2021.04.14-08.06.44:353][851]LogModuleManager: Shutting down and abandoning module TextureFormatDXT (135)
[2021.04.14-08.06.44:354][851]LogModuleManager: Shutting down and abandoning module TextureFormatIntelISPCTexComp (133)
[2021.04.14-08.06.44:354][851]LogModuleManager: Shutting down and abandoning module TextureFormatASTC (131)
[2021.04.14-08.06.44:355][851]LogModuleManager: Shutting down and abandoning module ImageWrapper (130)
[2021.04.14-08.06.44:355][851]LogModuleManager: Shutting down and abandoning module TextureFormatAndroid (127)
[2021.04.14-08.06.44:355][851]LogModuleManager: Shutting down and abandoning module AudioFormatOpus (125)
[2021.04.14-08.06.44:356][851]LogModuleManager: Shutting down and abandoning module AudioFormatOgg (123)
[2021.04.14-08.06.44:356][851]LogModuleManager: Shutting down and abandoning module AudioFormatADPCM (121)
[2021.04.14-08.06.44:356][851]LogModuleManager: Shutting down and abandoning module WindowsServerTargetPlatform (119)
[2021.04.14-08.06.44:357][851]LogModuleManager: Shutting down and abandoning module WindowsClientTargetPlatform (117)
[2021.04.14-08.06.44:357][851]LogModuleManager: Shutting down and abandoning module WindowsTargetPlatform (115)
[2021.04.14-08.06.44:357][851]LogModuleManager: Shutting down and abandoning module WindowsNoEditorTargetPlatform (113)
[2021.04.14-08.06.44:358][851]LogModuleManager: Shutting down and abandoning module InputCore (110)
[2021.04.14-08.06.44:358][851]LogModuleManager: Shutting down and abandoning module Settings (108)
[2021.04.14-08.06.44:358][851]LogModuleManager: Shutting down and abandoning module PhysXCooking (106)
[2021.04.14-08.06.44:359][851]LogModuleManager: Shutting down and abandoning module ChaosSolvers (104)
[2021.04.14-08.06.44:359][851]LogModuleManager: Shutting down and abandoning module FieldSystemEngine (103)
[2021.04.14-08.06.44:359][851]LogModuleManager: Shutting down and abandoning module Chaos (100)
[2021.04.14-08.06.44:360][851]LogModuleManager: Shutting down and abandoning module WindowsPlatformFeatures (98)
[2021.04.14-08.06.44:360][851]LogModuleManager: Shutting down and abandoning module GameplayMediaEncoder (97)
[2021.04.14-08.06.44:361][851]LogModuleManager: Shutting down and abandoning module AVEncoder (96)
[2021.04.14-08.06.44:362][851]LogModuleManager: Shutting down and abandoning module SteamVRInputDevice (92)
[2021.04.14-08.06.44:363][851]LogModuleManager: Shutting down and abandoning module SteamVRInput (90)
[2021.04.14-08.06.44:363][851]LogModuleManager: Shutting down and abandoning module SteamVR (88)
[2021.04.14-08.06.44:363][851]LogHMD: Freeing OpenVRDLLHandle.
[2021.04.14-08.06.44:364][851]LogModuleManager: Shutting down and abandoning module OculusHMD (86)
[2021.04.14-08.06.44:364][851]LogModuleManager: Shutting down and abandoning module ExampleDeviceProfileSelector (84)
[2021.04.14-08.06.44:364][851]LogModuleManager: Shutting down and abandoning module LauncherChunkInstaller (82)
[2021.04.14-08.06.44:365][851]LogModuleManager: Shutting down and abandoning module OnlineBlueprintSupport (80)
[2021.04.14-08.06.44:365][851]LogModuleManager: Shutting down and abandoning module OnlineSubsystem (76)
[2021.04.14-08.06.44:366][851]LogModuleManager: Shutting down and abandoning module XMPP (71)
[2021.04.14-08.06.44:366][851]LogModuleManager: Shutting down and abandoning module WebSockets (70)
[2021.04.14-08.06.44:389][851]LogModuleManager: Shutting down and abandoning module HTTP (67)
[2021.04.14-08.06.44:398][851]LogModuleManager: Shutting down and abandoning module SSL (66)
[2021.04.14-08.06.44:399][851]LogModuleManager: Shutting down and abandoning module WmfMedia (62)
[2021.04.14-08.06.44:400][851]LogModuleManager: Shutting down and abandoning module Media (61)
[2021.04.14-08.06.44:400][851]LogModuleManager: Shutting down and abandoning module MagicLeap (58)
[2021.04.14-08.06.44:400][851]LogModuleManager: Shutting down and abandoning module NiagaraVertexFactories (56)
[2021.04.14-08.06.44:401][851]LogModuleManager: Shutting down and abandoning module NiagaraShader (54)
[2021.04.14-08.06.44:401][851]LogModuleManager: Shutting down and abandoning module VariantManagerContent (52)
[2021.04.14-08.06.44:402][851]LogModuleManager: Shutting down and abandoning module DatasmithContent (50)
[2021.04.14-08.06.44:402][851]LogModuleManager: Shutting down and abandoning module AISupportModule (48)
[2021.04.14-08.06.44:402][851]LogModuleManager: Shutting down and abandoning module DesktopPlatform (46)
[2021.04.14-08.06.44:403][851]LogModuleManager: Shutting down and abandoning module PlatformCryptoOpenSSL (44)
[2021.04.14-08.06.44:403][851]LogModuleManager: Shutting down and abandoning module PlatformCryptoTypes (42)
[2021.04.14-08.06.44:403][851]LogModuleManager: Shutting down and abandoning module PlatformCrypto (40)
[2021.04.14-08.06.44:404][851]LogModuleManager: Shutting down and abandoning module AnimationModifiers (38)
[2021.04.14-08.06.44:404][851]LogModuleManager: Shutting down and abandoning module PropertyEditor (37)
[2021.04.14-08.06.44:404][851]LogModuleManager: Shutting down and abandoning module AudioEditor (34)
[2021.04.14-08.06.44:405][851]LogModuleManager: Shutting down and abandoning module TextureCompressor (32)
[2021.04.14-08.06.44:406][851]LogModuleManager: Shutting down and abandoning module RenderCore (30)
[2021.04.14-08.06.44:406][851]LogModuleManager: Shutting down and abandoning module Landscape (28)
[2021.04.14-08.06.44:406][851]LogModuleManager: Shutting down and abandoning module SlateRHIRenderer (26)
[2021.04.14-08.06.44:407][851]LogModuleManager: Shutting down and abandoning module OpenGLDrv (24)
[2021.04.14-08.06.44:409][851]LogModuleManager: Shutting down and abandoning module D3D11RHI (22)
[2021.04.14-08.06.44:409][851]LogModuleManager: Shutting down and abandoning module AnimGraphRuntime (20)
[2021.04.14-08.06.44:409][851]LogModuleManager: Shutting down and abandoning module Renderer (18)
[2021.04.14-08.06.44:410][851]LogModuleManager: Shutting down and abandoning module Engine (16)
[2021.04.14-08.06.44:410][851]LogModuleManager: Shutting down and abandoning module CoreUObject (14)
[2021.04.14-08.06.44:410][851]LogModuleManager: Shutting down and abandoning module NetworkFile (12)
[2021.04.14-08.06.44:411][851]LogModuleManager: Shutting down and abandoning module CookedIterativeFile (10)
[2021.04.14-08.06.44:411][851]LogModuleManager: Shutting down and abandoning module StreamingFile (8)
[2021.04.14-08.06.44:411][851]LogModuleManager: Shutting down and abandoning module SandboxFile (6)
[2021.04.14-08.06.44:412][851]LogModuleManager: Shutting down and abandoning module PakFile (4)
[2021.04.14-08.06.44:412][851]LogModuleManager: Shutting down and abandoning module RSA (3)
[2021.04.14-08.06.44:702][851]LogContentStreaming: Display: There are 1 unreleased StreamingManagers
[2021.04.14-08.06.44:703][851]LogD3D11RHI: Shutdown
[2021.04.14-08.06.44:703][851]LogD3D11RHI: CleanupD3DDevice
[2021.04.14-08.06.44:718][851]LogExit: Exiting.
[2021.04.14-08.06.44:732][851]Log file closed, 04/14/21 09:06:44
