Log file open, 04/14/21 07:52:30
LogInit: Display: Running engine for game: GamesAssignmentTwo
LogPlatformFile: Not using cached read wrapper
LogTaskGraph: Started task graph with 5 named threads and 71 total threads with 3 sets of task threads.
LogStats: Stats thread started at 0.564000
LogD3D11RHI: Loaded GFSDK_Aftermath_Lib.x64.dll
LogICUInternationalization: ICU TimeZone Detection - Raw Offset: +0:00, Platform Override: ''
LogPluginManager: Mounting plugin Paper2D
LogPluginManager: Mounting plugin AISupport
LogPluginManager: Mounting plugin LightPropagationVolume
LogPluginManager: Mounting plugin CameraShakePreviewer
LogPluginManager: Mounting plugin ActorLayerUtilities
LogPluginManager: Mounting plugin AnimationSharing
LogPluginManager: Mounting plugin CLionSourceCodeAccess
LogPluginManager: Mounting plugin CodeLiteSourceCodeAccess
LogPluginManager: Mounting plugin GitSourceControl
LogPluginManager: Mounting plugin KDevelopSourceCodeAccess
LogPluginManager: Mounting plugin NullSourceCodeAccess
LogPluginManager: Mounting plugin PerforceSourceControl
LogPluginManager: Mounting plugin PlasticSourceControl
LogPluginManager: Mounting plugin RiderSourceCodeAccess
LogPluginManager: Mounting plugin SubversionSourceControl
LogPluginManager: Mounting plugin UObjectPlugin
LogPluginManager: Mounting plugin VisualStudioCodeSourceCodeAccess
LogPluginManager: Mounting plugin VisualStudioSourceCodeAccess
LogPluginManager: Mounting plugin XCodeSourceCodeAccess
LogPluginManager: Mounting plugin AssetManagerEditor
LogPluginManager: Mounting plugin CryptoKeys
LogPluginManager: Mounting plugin CurveEditorTools
LogPluginManager: Mounting plugin DataValidation
LogPluginManager: Mounting plugin EditorScriptingUtilities
LogPluginManager: Mounting plugin FacialAnimation
LogPluginManager: Mounting plugin GameplayTagsEditor
LogPluginManager: Mounting plugin GeometryMode
LogPluginManager: Mounting plugin MacGraphicsSwitching
LogPluginManager: Mounting plugin MaterialAnalyzer
LogPluginManager: Mounting plugin MobileLauncherProfileWizard
LogPluginManager: Mounting plugin PluginBrowser
LogPluginManager: Mounting plugin SpeedTreeImporter
LogPluginManager: Mounting plugin DatasmithContent
LogPluginManager: Mounting plugin VariantManagerContent
LogPluginManager: Mounting plugin AlembicImporter
LogPluginManager: Mounting plugin AutomationUtils
LogPluginManager: Mounting plugin BackChannel
LogPluginManager: Mounting plugin ChaosCloth
LogPluginManager: Mounting plugin ChaosClothEditor
LogPluginManager: Mounting plugin ChaosEditor
LogPluginManager: Mounting plugin ChaosNiagara
LogPluginManager: Mounting plugin ChaosSolverPlugin
LogPluginManager: Mounting plugin CharacterAI
LogPluginManager: Mounting plugin GeometryCache
LogPluginManager: Mounting plugin GeometryCollectionPlugin
LogPluginManager: Mounting plugin GeometryProcessing
LogPluginManager: Mounting plugin PlanarCut
LogPluginManager: Mounting plugin PlatformCrypto
LogPluginManager: Mounting plugin ProxyLODPlugin
LogPluginManager: Mounting plugin SkeletalReduction
LogPluginManager: Mounting plugin Niagara
LogPluginManager: Mounting plugin MagicLeap
LogPluginManager: Mounting plugin MagicLeapLightEstimation
LogPluginManager: Mounting plugin MagicLeapMedia
LogPluginManager: Mounting plugin MagicLeapPassableWorld
LogPluginManager: Mounting plugin MLSDK
LogPluginManager: Mounting plugin AndroidMedia
LogPluginManager: Mounting plugin AvfMedia
LogPluginManager: Mounting plugin ImgMedia
LogPluginManager: Mounting plugin MediaCompositing
LogPluginManager: Mounting plugin MediaPlayerEditor
LogPluginManager: Mounting plugin WebMMedia
LogPluginManager: Mounting plugin WmfMedia
LogPluginManager: Mounting plugin MeshPainting
LogPluginManager: Mounting plugin TcpMessaging
LogPluginManager: Mounting plugin UdpMessaging
LogPluginManager: Mounting plugin ActorSequence
LogPluginManager: Mounting plugin LevelSequenceEditor
LogPluginManager: Mounting plugin MatineeToLevelSequence
LogPluginManager: Mounting plugin MovieRenderPipeline
LogPluginManager: Mounting plugin TemplateSequence
LogPluginManager: Mounting plugin NetcodeUnitTest
LogPluginManager: Mounting plugin NUTUnrealEngine4
LogPluginManager: Mounting plugin OnlineSubsystemGooglePlay
LogPluginManager: Mounting plugin OnlineSubsystemIOS
LogPluginManager: Mounting plugin OnlineSubsystem
LogPluginManager: Mounting plugin OnlineSubsystemNull
LogPluginManager: Mounting plugin OnlineSubsystemUtils
LogPluginManager: Mounting plugin LauncherChunkInstaller
LogPluginManager: Mounting plugin AndroidDeviceProfileSelector
LogPluginManager: Mounting plugin AndroidMoviePlayer
LogPluginManager: Mounting plugin AndroidPermission
LogPluginManager: Mounting plugin AppleImageUtils
LogPluginManager: Mounting plugin AppleMoviePlayer
LogPluginManager: Mounting plugin ArchVisCharacter
LogPluginManager: Mounting plugin AssetTags
LogPluginManager: Mounting plugin AudioCapture
LogPluginManager: Mounting plugin CableComponent
LogPluginManager: Mounting plugin CustomMeshComponent
LogPluginManager: Mounting plugin EditableMesh
LogPluginManager: Mounting plugin ExampleDeviceProfileSelector
LogPluginManager: Mounting plugin GoogleCloudMessaging
LogPluginManager: Mounting plugin GooglePAD
LogPluginManager: Mounting plugin IOSDeviceProfileSelector
LogPluginManager: Mounting plugin LinuxDeviceProfileSelector
LogPluginManager: Mounting plugin LocationServicesBPLibrary
LogPluginManager: Mounting plugin MobilePatchingUtils
LogPluginManager: Mounting plugin OculusVR
LogPluginManager: Mounting plugin PhysXVehicles
LogPluginManager: Mounting plugin PostSplashScreen
LogPluginManager: Mounting plugin ProceduralMeshComponent
LogPluginManager: Mounting plugin RuntimePhysXCooking
LogPluginManager: Mounting plugin SignificanceManager
LogPluginManager: Mounting plugin SoundFields
LogPluginManager: Mounting plugin SteamVR
LogPluginManager: Mounting plugin Synthesis
LogPluginManager: Mounting plugin WebMMoviePlayer
LogPluginManager: Mounting plugin WindowsMoviePlayer
LogPluginManager: Mounting plugin ScreenshotTools
LogInit: Using libcurl 7.55.1-DEV
LogInit:  - built for x86_64-pc-win32
LogInit:  - supports SSL with OpenSSL/1.1.1
LogInit:  - supports HTTP deflate (compression) using libz 1.2.8
LogInit:  - other features:
LogInit:      CURL_VERSION_SSL
LogInit:      CURL_VERSION_LIBZ
LogInit:      CURL_VERSION_IPV6
LogInit:      CURL_VERSION_ASYNCHDNS
LogInit:      CURL_VERSION_LARGEFILE
LogInit:      CURL_VERSION_IDN
LogInit:  CurlRequestOptions (configurable via config and command line):
LogInit:  - bVerifyPeer = true  - Libcurl will verify peer certificate
LogInit:  - bUseHttpProxy = false  - Libcurl will NOT use HTTP proxy
LogInit:  - bDontReuseConnections = false  - Libcurl will reuse connections
LogInit:  - MaxHostConnections = 16  - Libcurl will limit the number of connections to a host
LogInit:  - LocalHostAddr = Default
LogInit:  - BufferSize = 65536
LogOnline: OSS: Creating online subsystem instance for: NULL
LogInit: WinSock: version 1.1 (2.2), MaxSocks=32767, MaxUdp=65467
LogOnline: OSS: TryLoadSubsystemAndSetDefault: Loaded subsystem for module [NULL]
LogInit: Build: ++UE4+Release-4.25-CL-14469661
LogInit: Engine Version: 4.25.4-14469661+++UE4+Release-4.25
LogInit: Compatible Engine Version: 4.25.0-13144385+++UE4+Release-4.25
LogInit: Net CL: 13144385
LogInit: OS: Windows 10 (Release 2009) (), CPU: AMD Ryzen 9 3900X 12-Core Processor            , GPU: NVIDIA GeForce GTX 1060 6GB
LogInit: Compiled (64-bit): Oct 11 2020 08:10:49
LogInit: Compiled with Visual C++: 19.24.28315.00
LogInit: Build Configuration: Development
LogInit: Branch Name: ++UE4+Release-4.25
LogInit: Command Line: -log -game
LogInit: Base Directory: E:/UNREAL ENGINE/UE_4.25/Engine/Binaries/Win64/
LogInit: Allocator: TBB
LogInit: Installed Engine Build: 1
LogDevObjectVersion: Number of dev versions registered: 26
LogDevObjectVersion:   Dev-Blueprints (B0D832E4-1F89-4F0D-ACCF-7EB736FD4AA2): 10
LogDevObjectVersion:   Dev-Build (E1C64328-A22C-4D53-A36C-8E866417BD8C): 0
LogDevObjectVersion:   Dev-Core (375EC13C-06E4-48FB-B500-84F0262A717E): 4
LogDevObjectVersion:   Dev-Editor (E4B068ED-F494-42E9-A231-DA0B2E46BB41): 38
LogDevObjectVersion:   Dev-Framework (CFFC743F-43B0-4480-9391-14DF171D2073): 37
LogDevObjectVersion:   Dev-Mobile (B02B49B5-BB20-44E9-A304-32B752E40360): 2
LogDevObjectVersion:   Dev-Networking (A4E4105C-59A1-49B5-A7C5-40C4547EDFEE): 0
LogDevObjectVersion:   Dev-Online (39C831C9-5AE6-47DC-9A44-9C173E1C8E7C): 0
LogDevObjectVersion:   Dev-Physics (78F01B33-EBEA-4F98-B9B4-84EACCB95AA2): 4
LogDevObjectVersion:   Dev-Platform (6631380F-2D4D-43E0-8009-CF276956A95A): 0
LogDevObjectVersion:   Dev-Rendering (12F88B9F-8875-4AFC-A67C-D90C383ABD29): 43
LogDevObjectVersion:   Dev-Sequencer (7B5AE74C-D270-4C10-A958-57980B212A5A): 12
LogDevObjectVersion:   Dev-VR (D7296918-1DD6-4BDD-9DE2-64A83CC13884): 3
LogDevObjectVersion:   Dev-LoadTimes (C2A15278-BFE7-4AFE-6C17-90FF531DF755): 1
LogDevObjectVersion:   Private-Geometry (6EACA3D4-40EC-4CC1-B786-8BED09428FC5): 3
LogDevObjectVersion:   Dev-AnimPhys (29E575DD-E0A3-4627-9D10-D276232CDCEA): 17
LogDevObjectVersion:   Dev-Anim (AF43A65D-7FD3-4947-9873-3E8ED9C1BB05): 7
LogDevObjectVersion:   Dev-ReflectionCapture (6B266CEC-1EC7-4B8F-A30B-E4D90942FC07): 1
LogDevObjectVersion:   Dev-Automation (0DF73D61-A23F-47EA-B727-89E90C41499A): 1
LogDevObjectVersion:   FortniteMain (601D1886-AC64-4F84-AA16-D3DE0DEAC7D6): 31
LogDevObjectVersion:   Dev-Enterprise (9DFFBCD6-494F-0158-E221-12823C92A888): 10
LogDevObjectVersion:   Dev-Niagara (F2AED0AC-9AFE-416F-8664-AA7FFA26D6FC): 1
LogDevObjectVersion:   Dev-Destruction (174F1F0B-B4C6-45A5-B13F-2EE8D0FB917D): 10
LogDevObjectVersion:   Dev-Physics-Ext (35F94A83-E258-406C-A318-09F59610247C): 37
LogDevObjectVersion:   Dev-PhysicsMaterial-Chaos (B68FC16E-8B1B-42E2-B453-215C058844FE): 1
LogDevObjectVersion:   Dev-CineCamera (B2E18506-4273-CFC2-A54E-F4BB758BBA07): 1
LogInit: Presizing for max 25165824 objects, including 0 objects not considered by GC, pre-allocating 0 bytes for permanent pool.
LogConfig: Applying CVar settings from Section [/Script/Engine.StreamingSettings] File [C:/Users/aveng/Documents/GitHub/GamesAssignment2-SecondYear/Games Assignment Two/GamesAssignmentTwo/Saved/Config/Windows/Engine.ini]
LogConfig: Setting CVar [[s.MinBulkDataSizeForAsyncLoading:131072]]
LogConfig: Setting CVar [[s.AsyncLoadingThreadEnabled:0]]
LogConfig: Setting CVar [[s.EventDrivenLoaderEnabled:1]]
LogConfig: Setting CVar [[s.WarnIfTimeLimitExceeded:0]]
LogConfig: Setting CVar [[s.TimeLimitExceededMultiplier:1.5]]
LogConfig: Setting CVar [[s.TimeLimitExceededMinTime:0.005]]
LogConfig: Setting CVar [[s.UseBackgroundLevelStreaming:1]]
LogConfig: Setting CVar [[s.PriorityAsyncLoadingExtraTime:15.0]]
LogConfig: Setting CVar [[s.LevelStreamingActorsUpdateTimeLimit:5.0]]
LogConfig: Setting CVar [[s.PriorityLevelStreamingActorsUpdateExtraTime:5.0]]
LogConfig: Setting CVar [[s.LevelStreamingComponentsRegistrationGranularity:10]]
LogConfig: Setting CVar [[s.UnregisterComponentsTimeLimit:1.0]]
LogConfig: Setting CVar [[s.LevelStreamingComponentsUnregistrationGranularity:5]]
LogConfig: Setting CVar [[s.FlushStreamingOnExit:1]]
LogInit: Object subsystem initialized
LogConfig: Setting CVar [[con.DebugEarlyDefault:1]]
LogConfig: Setting CVar [[r.setres:1280x720]]
[2021.04.14-06.52.30:664][  0]LogConfig: Setting CVar [[con.DebugEarlyDefault:1]]
[2021.04.14-06.52.30:664][  0]LogConfig: Setting CVar [[r.setres:1280x720]]
[2021.04.14-06.52.30:665][  0]LogConfig: Applying CVar settings from Section [/Script/Engine.RendererSettings] File [C:/Users/aveng/Documents/GitHub/GamesAssignment2-SecondYear/Games Assignment Two/GamesAssignmentTwo/Saved/Config/Windows/Engine.ini]
[2021.04.14-06.52.30:665][  0]LogConfig: Setting CVar [[r.GPUCrashDebugging:0]]
[2021.04.14-06.52.30:666][  0]LogConfig: Applying CVar settings from Section [/Script/Engine.RendererOverrideSettings] File [C:/Users/aveng/Documents/GitHub/GamesAssignment2-SecondYear/Games Assignment Two/GamesAssignmentTwo/Saved/Config/Windows/Engine.ini]
[2021.04.14-06.52.30:666][  0]LogConfig: Applying CVar settings from Section [/Script/Engine.StreamingSettings] File [C:/Users/aveng/Documents/GitHub/GamesAssignment2-SecondYear/Games Assignment Two/GamesAssignmentTwo/Saved/Config/Windows/Engine.ini]
[2021.04.14-06.52.30:667][  0]LogConfig: Setting CVar [[s.MinBulkDataSizeForAsyncLoading:131072]]
[2021.04.14-06.52.30:667][  0]LogConfig: Setting CVar [[s.AsyncLoadingThreadEnabled:0]]
[2021.04.14-06.52.30:667][  0]LogConfig: Setting CVar [[s.EventDrivenLoaderEnabled:1]]
[2021.04.14-06.52.30:667][  0]LogConfig: Setting CVar [[s.WarnIfTimeLimitExceeded:0]]
[2021.04.14-06.52.30:668][  0]LogConfig: Setting CVar [[s.TimeLimitExceededMultiplier:1.5]]
[2021.04.14-06.52.30:668][  0]LogConfig: Setting CVar [[s.TimeLimitExceededMinTime:0.005]]
[2021.04.14-06.52.30:668][  0]LogConfig: Setting CVar [[s.UseBackgroundLevelStreaming:1]]
[2021.04.14-06.52.30:669][  0]LogConfig: Setting CVar [[s.PriorityAsyncLoadingExtraTime:15.0]]
[2021.04.14-06.52.30:669][  0]LogConfig: Setting CVar [[s.LevelStreamingActorsUpdateTimeLimit:5.0]]
[2021.04.14-06.52.30:669][  0]LogConfig: Setting CVar [[s.PriorityLevelStreamingActorsUpdateExtraTime:5.0]]
[2021.04.14-06.52.30:670][  0]LogConfig: Setting CVar [[s.LevelStreamingComponentsRegistrationGranularity:10]]
[2021.04.14-06.52.30:672][  0]LogConfig: Setting CVar [[s.UnregisterComponentsTimeLimit:1.0]]
[2021.04.14-06.52.30:672][  0]LogConfig: Setting CVar [[s.LevelStreamingComponentsUnregistrationGranularity:5]]
[2021.04.14-06.52.30:672][  0]LogConfig: Setting CVar [[s.FlushStreamingOnExit:1]]
[2021.04.14-06.52.30:673][  0]LogConfig: Applying CVar settings from Section [/Script/Engine.GarbageCollectionSettings] File [C:/Users/aveng/Documents/GitHub/GamesAssignment2-SecondYear/Games Assignment Two/GamesAssignmentTwo/Saved/Config/Windows/Engine.ini]
[2021.04.14-06.52.30:673][  0]LogConfig: Setting CVar [[gc.MaxObjectsNotConsideredByGC:1]]
[2021.04.14-06.52.30:673][  0]LogConfig: Setting CVar [[gc.SizeOfPermanentObjectPool:0]]
[2021.04.14-06.52.30:674][  0]LogConfig: Setting CVar [[gc.FlushStreamingOnGC:0]]
[2021.04.14-06.52.30:674][  0]LogConfig: Setting CVar [[gc.NumRetriesBeforeForcingGC:10]]
[2021.04.14-06.52.30:674][  0]LogConfig: Setting CVar [[gc.AllowParallelGC:1]]
[2021.04.14-06.52.30:675][  0]LogConfig: Setting CVar [[gc.TimeBetweenPurgingPendingKillObjects:61.1]]
[2021.04.14-06.52.30:675][  0]LogConfig: Setting CVar [[gc.MaxObjectsInEditor:25165824]]
[2021.04.14-06.52.30:675][  0]LogConfig: Setting CVar [[gc.IncrementalBeginDestroyEnabled:1]]
[2021.04.14-06.52.30:676][  0]LogConfig: Setting CVar [[gc.CreateGCClusters:1]]
[2021.04.14-06.52.30:676][  0]LogConfig: Setting CVar [[gc.MinGCClusterSize:5]]
[2021.04.14-06.52.30:676][  0]LogConfig: Setting CVar [[gc.ActorClusteringEnabled:0]]
[2021.04.14-06.52.30:677][  0]LogConfig: Setting CVar [[gc.BlueprintClusteringEnabled:0]]
[2021.04.14-06.52.30:677][  0]LogConfig: Setting CVar [[gc.UseDisregardForGCOnDedicatedServers:0]]
[2021.04.14-06.52.30:677][  0]LogConfig: Applying CVar settings from Section [/Script/Engine.NetworkSettings] File [C:/Users/aveng/Documents/GitHub/GamesAssignment2-SecondYear/Games Assignment Two/GamesAssignmentTwo/Saved/Config/Windows/Engine.ini]
[2021.04.14-06.52.30:678][  0]LogConfig: Applying CVar settings from Section [/Script/UnrealEd.CookerSettings] File [C:/Users/aveng/Documents/GitHub/GamesAssignment2-SecondYear/Games Assignment Two/GamesAssignmentTwo/Saved/Config/Windows/Engine.ini]
[2021.04.14-06.52.30:682][  0]LogConfig: Applying CVar settings from Section [ViewDistanceQuality@3] File [C:/Users/aveng/Documents/GitHub/GamesAssignment2-SecondYear/Games Assignment Two/GamesAssignmentTwo/Saved/Config/Windows/Scalability.ini]
[2021.04.14-06.52.30:682][  0]LogConfig: Setting CVar [[r.SkeletalMeshLODBias:0]]
[2021.04.14-06.52.30:683][  0]LogConfig: Setting CVar [[r.ViewDistanceScale:1.0]]
[2021.04.14-06.52.30:683][  0]LogConfig: Applying CVar settings from Section [AntiAliasingQuality@3] File [C:/Users/aveng/Documents/GitHub/GamesAssignment2-SecondYear/Games Assignment Two/GamesAssignmentTwo/Saved/Config/Windows/Scalability.ini]
[2021.04.14-06.52.30:684][  0]LogConfig: Setting CVar [[r.PostProcessAAQuality:4]]
[2021.04.14-06.52.30:684][  0]LogConfig: Applying CVar settings from Section [ShadowQuality@3] File [C:/Users/aveng/Documents/GitHub/GamesAssignment2-SecondYear/Games Assignment Two/GamesAssignmentTwo/Saved/Config/Windows/Scalability.ini]
[2021.04.14-06.52.30:684][  0]LogConfig: Setting CVar [[r.LightFunctionQuality:1]]
[2021.04.14-06.52.30:685][  0]LogConfig: Setting CVar [[r.ShadowQuality:5]]
[2021.04.14-06.52.30:685][  0]LogConfig: Setting CVar [[r.Shadow.CSM.MaxCascades:10]]
[2021.04.14-06.52.30:685][  0]LogConfig: Setting CVar [[r.Shadow.MaxResolution:2048]]
[2021.04.14-06.52.30:686][  0]LogConfig: Setting CVar [[r.Shadow.MaxCSMResolution:2048]]
[2021.04.14-06.52.30:686][  0]LogConfig: Setting CVar [[r.Shadow.RadiusThreshold:0.01]]
[2021.04.14-06.52.30:686][  0]LogConfig: Setting CVar [[r.Shadow.DistanceScale:1.0]]
[2021.04.14-06.52.30:687][  0]LogConfig: Setting CVar [[r.Shadow.CSM.TransitionScale:1.0]]
[2021.04.14-06.52.30:687][  0]LogConfig: Setting CVar [[r.Shadow.PreShadowResolutionFactor:1.0]]
[2021.04.14-06.52.30:687][  0]LogConfig: Setting CVar [[r.DistanceFieldShadowing:1]]
[2021.04.14-06.52.30:688][  0]LogConfig: Setting CVar [[r.DistanceFieldAO:1]]
[2021.04.14-06.52.30:688][  0]LogConfig: Setting CVar [[r.AOQuality:2]]
[2021.04.14-06.52.30:689][  0]LogConfig: Setting CVar [[r.VolumetricFog:1]]
[2021.04.14-06.52.30:689][  0]LogConfig: Setting CVar [[r.VolumetricFog.GridPixelSize:8]]
[2021.04.14-06.52.30:689][  0]LogConfig: Setting CVar [[r.VolumetricFog.GridSizeZ:128]]
[2021.04.14-06.52.30:690][  0]LogConfig: Setting CVar [[r.VolumetricFog.HistoryMissSupersampleCount:4]]
[2021.04.14-06.52.30:690][  0]LogConfig: Setting CVar [[r.LightMaxDrawDistanceScale:1]]
[2021.04.14-06.52.30:690][  0]LogConfig: Setting CVar [[r.CapsuleShadows:1]]
[2021.04.14-06.52.30:691][  0]LogConfig: Applying CVar settings from Section [PostProcessQuality@3] File [C:/Users/aveng/Documents/GitHub/GamesAssignment2-SecondYear/Games Assignment Two/GamesAssignmentTwo/Saved/Config/Windows/Scalability.ini]
[2021.04.14-06.52.30:693][  0]LogConfig: Setting CVar [[r.MotionBlurQuality:4]]
[2021.04.14-06.52.30:693][  0]LogConfig: Setting CVar [[r.AmbientOcclusionMipLevelFactor:0.4]]
[2021.04.14-06.52.30:693][  0]LogConfig: Setting CVar [[r.AmbientOcclusionMaxQuality:100]]
[2021.04.14-06.52.30:694][  0]LogConfig: Setting CVar [[r.AmbientOcclusionLevels:-1]]
[2021.04.14-06.52.30:695][  0]LogConfig: Setting CVar [[r.AmbientOcclusionRadiusScale:1.0]]
[2021.04.14-06.52.30:695][  0]LogConfig: Setting CVar [[r.DepthOfFieldQuality:2]]
[2021.04.14-06.52.30:696][  0]LogConfig: Setting CVar [[r.RenderTargetPoolMin:400]]
[2021.04.14-06.52.30:696][  0]LogConfig: Setting CVar [[r.LensFlareQuality:2]]
[2021.04.14-06.52.30:696][  0]LogConfig: Setting CVar [[r.SceneColorFringeQuality:1]]
[2021.04.14-06.52.30:697][  0]LogConfig: Setting CVar [[r.EyeAdaptationQuality:2]]
[2021.04.14-06.52.30:698][  0]LogConfig: Setting CVar [[r.BloomQuality:5]]
[2021.04.14-06.52.30:698][  0]LogConfig: Setting CVar [[r.FastBlurThreshold:100]]
[2021.04.14-06.52.30:698][  0]LogConfig: Setting CVar [[r.Upscale.Quality:3]]
[2021.04.14-06.52.30:699][  0]LogConfig: Setting CVar [[r.Tonemapper.GrainQuantization:1]]
[2021.04.14-06.52.30:699][  0]LogConfig: Setting CVar [[r.LightShaftQuality:1]]
[2021.04.14-06.52.30:699][  0]LogConfig: Setting CVar [[r.Filter.SizeScale:1]]
[2021.04.14-06.52.30:700][  0]LogConfig: Setting CVar [[r.Tonemapper.Quality:5]]
[2021.04.14-06.52.30:700][  0]LogConfig: Setting CVar [[r.DOF.Gather.AccumulatorQuality:1        ; higher gathering accumulator quality]]
[2021.04.14-06.52.30:700][  0]LogConfig: Setting CVar [[r.DOF.Gather.PostfilterMethod:1          ; Median3x3 postfilering method]]
[2021.04.14-06.52.30:701][  0]LogConfig: Setting CVar [[r.DOF.Gather.EnableBokehSettings:0       ; no bokeh simulation when gathering]]
[2021.04.14-06.52.30:703][  0]LogConfig: Setting CVar [[r.DOF.Gather.RingCount:4                 ; medium number of samples when gathering]]
[2021.04.14-06.52.30:703][  0]LogConfig: Setting CVar [[r.DOF.Scatter.ForegroundCompositing:1    ; additive foreground scattering]]
[2021.04.14-06.52.30:703][  0]LogConfig: Setting CVar [[r.DOF.Scatter.BackgroundCompositing:2    ; additive background scattering]]
[2021.04.14-06.52.30:704][  0]LogConfig: Setting CVar [[r.DOF.Scatter.EnableBokehSettings:1      ; bokeh simulation when scattering]]
[2021.04.14-06.52.30:704][  0]LogConfig: Setting CVar [[r.DOF.Scatter.MaxSpriteRatio:0.1         ; only a maximum of 10% of scattered bokeh]]
[2021.04.14-06.52.30:704][  0]LogConfig: Setting CVar [[r.DOF.Recombine.Quality:1                ; cheap slight out of focus]]
[2021.04.14-06.52.30:705][  0]LogConfig: Setting CVar [[r.DOF.Recombine.EnableBokehSettings:0    ; no bokeh simulation on slight out of focus]]
[2021.04.14-06.52.30:705][  0]LogConfig: Setting CVar [[r.DOF.TemporalAAQuality:1                ; more stable temporal accumulation]]
[2021.04.14-06.52.30:705][  0]LogConfig: Setting CVar [[r.DOF.Kernel.MaxForegroundRadius:0.025]]
[2021.04.14-06.52.30:706][  0]LogConfig: Setting CVar [[r.DOF.Kernel.MaxBackgroundRadius:0.025]]
[2021.04.14-06.52.30:706][  0]LogConfig: Applying CVar settings from Section [TextureQuality@3] File [C:/Users/aveng/Documents/GitHub/GamesAssignment2-SecondYear/Games Assignment Two/GamesAssignmentTwo/Saved/Config/Windows/Scalability.ini]
[2021.04.14-06.52.30:706][  0]LogConfig: Setting CVar [[r.Streaming.MipBias:0]]
[2021.04.14-06.52.30:707][  0]LogConfig: Setting CVar [[r.Streaming.AmortizeCPUToGPUCopy:0]]
[2021.04.14-06.52.30:707][  0]LogConfig: Setting CVar [[r.Streaming.MaxNumTexturesToStreamPerFrame:0]]
[2021.04.14-06.52.30:707][  0]LogConfig: Setting CVar [[r.Streaming.Boost:1]]
[2021.04.14-06.52.30:708][  0]LogConfig: Setting CVar [[r.MaxAnisotropy:8]]
[2021.04.14-06.52.30:708][  0]LogConfig: Setting CVar [[r.VT.MaxAnisotropy:8]]
[2021.04.14-06.52.30:708][  0]LogConfig: Setting CVar [[r.Streaming.LimitPoolSizeToVRAM:0]]
[2021.04.14-06.52.30:709][  0]LogConfig: Setting CVar [[r.Streaming.PoolSize:1000]]
[2021.04.14-06.52.30:709][  0]LogConfig: Setting CVar [[r.Streaming.MaxEffectiveScreenSize:0]]
[2021.04.14-06.52.30:709][  0]LogConfig: Applying CVar settings from Section [EffectsQuality@3] File [C:/Users/aveng/Documents/GitHub/GamesAssignment2-SecondYear/Games Assignment Two/GamesAssignmentTwo/Saved/Config/Windows/Scalability.ini]
[2021.04.14-06.52.30:710][  0]LogConfig: Setting CVar [[r.TranslucencyLightingVolumeDim:64]]
[2021.04.14-06.52.30:710][  0]LogConfig: Setting CVar [[r.RefractionQuality:2]]
[2021.04.14-06.52.30:710][  0]LogConfig: Setting CVar [[r.SSR.Quality:3]]
[2021.04.14-06.52.30:711][  0]LogConfig: Setting CVar [[r.SSR.HalfResSceneColor:0]]
[2021.04.14-06.52.30:713][  0]LogConfig: Setting CVar [[r.SceneColorFormat:4]]
[2021.04.14-06.52.30:713][  0]LogConfig: Setting CVar [[r.DetailMode:2]]
[2021.04.14-06.52.30:714][  0]LogConfig: Setting CVar [[r.TranslucencyVolumeBlur:1]]
[2021.04.14-06.52.30:714][  0]LogConfig: Setting CVar [[r.MaterialQualityLevel:1 ; High quality]]
[2021.04.14-06.52.30:714][  0]LogConfig: Setting CVar [[r.SSS.Scale:1]]
[2021.04.14-06.52.30:715][  0]LogConfig: Setting CVar [[r.SSS.SampleSet:2]]
[2021.04.14-06.52.30:715][  0]LogConfig: Setting CVar [[r.SSS.Quality:1]]
[2021.04.14-06.52.30:715][  0]LogConfig: Setting CVar [[r.SSS.HalfRes:0]]
[2021.04.14-06.52.30:716][  0]LogConfig: Setting CVar [[r.SSGI.Quality:3]]
[2021.04.14-06.52.30:716][  0]LogConfig: Setting CVar [[r.EmitterSpawnRateScale:1.0]]
[2021.04.14-06.52.30:716][  0]LogConfig: Setting CVar [[r.ParticleLightQuality:2]]
[2021.04.14-06.52.30:717][  0]LogConfig: Setting CVar [[r.SkyAtmosphere.AerialPerspectiveLUT.FastApplyOnOpaque:1 ; Always have FastSkyLUT 1 in this case to avoid wrong sky]]
[2021.04.14-06.52.30:717][  0]LogConfig: Setting CVar [[r.SkyAtmosphere.AerialPerspectiveLUT.SampleCountPerSlice:1]]
[2021.04.14-06.52.30:717][  0]LogConfig: Setting CVar [[r.SkyAtmosphere.AerialPerspectiveLUT.DepthResolution:16.0]]
[2021.04.14-06.52.30:718][  0]LogConfig: Setting CVar [[r.SkyAtmosphere.FastSkyLUT:1]]
[2021.04.14-06.52.30:718][  0]LogConfig: Setting CVar [[r.SkyAtmosphere.FastSkyLUT.SampleCountMin:4.0]]
[2021.04.14-06.52.30:718][  0]LogConfig: Setting CVar [[r.SkyAtmosphere.FastSkyLUT.SampleCountMax:32.0]]
[2021.04.14-06.52.30:719][  0]LogConfig: Setting CVar [[r.SkyAtmosphere.SampleCountMin:4.0]]
[2021.04.14-06.52.30:719][  0]LogConfig: Setting CVar [[r.SkyAtmosphere.SampleCountMax:32.0]]
[2021.04.14-06.52.30:719][  0]LogConfig: Setting CVar [[r.SkyAtmosphere.TransmittanceLUT.UseSmallFormat:0]]
[2021.04.14-06.52.30:720][  0]LogConfig: Setting CVar [[r.SkyAtmosphere.TransmittanceLUT.SampleCount:10.0]]
[2021.04.14-06.52.30:720][  0]LogConfig: Setting CVar [[r.SkyAtmosphere.MultiScatteringLUT.SampleCount:15.0]]
[2021.04.14-06.52.30:720][  0]LogConfig: Applying CVar settings from Section [FoliageQuality@3] File [C:/Users/aveng/Documents/GitHub/GamesAssignment2-SecondYear/Games Assignment Two/GamesAssignmentTwo/Saved/Config/Windows/Scalability.ini]
[2021.04.14-06.52.30:721][  0]LogConfig: Setting CVar [[foliage.DensityScale:1.0]]
[2021.04.14-06.52.30:721][  0]LogConfig: Setting CVar [[grass.DensityScale:1.0]]
[2021.04.14-06.52.30:721][  0]LogConfig: Applying CVar settings from Section [ShadingQuality@3] File [C:/Users/aveng/Documents/GitHub/GamesAssignment2-SecondYear/Games Assignment Two/GamesAssignmentTwo/Saved/Config/Windows/Scalability.ini]
[2021.04.14-06.52.30:724][  0]LogConfig: Setting CVar [[r.HairStrands.SkyLighting.SampleCount:16]]
[2021.04.14-06.52.30:724][  0]LogConfig: Setting CVar [[r.HairStrands.SkyLighting.JitterIntegration:0]]
[2021.04.14-06.52.30:724][  0]LogConfig: Setting CVar [[r.HairStrands.SkyAO.SampleCount:16]]
[2021.04.14-06.52.30:725][  0]LogConfig: Setting CVar [[r.HairStrands.DeepShadow.SuperSampling:0]]
[2021.04.14-06.52.30:725][  0]LogConfig: Setting CVar [[r.HairStrands.VisibilityPPLL:0]]
[2021.04.14-06.52.30:725][  0]LogConfig: Setting CVar [[r.HairStrands.RasterizationScale:0.5]]
[2021.04.14-06.52.30:726][  0]LogConfig: Setting CVar [[r.HairStrands.VelocityRasterizationScale:1]]
[2021.04.14-06.52.30:726][  0]LogInit: Selected Device Profile: [Windows]
[2021.04.14-06.52.30:726][  0]LogInit: Applying CVar settings loaded from the selected device profile: [Windows]
[2021.04.14-06.52.30:727][  0]LogHAL: Display: Platform has ~ 32 GB [34260910080 / 34359738368 / 32], which maps to Largest [LargestMinGB=32, LargerMinGB=12, DefaultMinGB=8, SmallerMinGB=6, SmallestMinGB=0)
[2021.04.14-06.52.30:728][  0]LogInit: Going up to parent DeviceProfile []
[2021.04.14-06.52.30:728][  0]LogConfig: Applying CVar settings from Section [ViewDistanceQuality@3] File [C:/Users/aveng/Documents/GitHub/GamesAssignment2-SecondYear/Games Assignment Two/GamesAssignmentTwo/Saved/Config/Windows/Scalability.ini]
[2021.04.14-06.52.30:729][  0]LogConfig: Setting CVar [[r.SkeletalMeshLODBias:0]]
[2021.04.14-06.52.30:730][  0]LogConfig: Setting CVar [[r.ViewDistanceScale:1.0]]
[2021.04.14-06.52.30:730][  0]LogConfig: Applying CVar settings from Section [AntiAliasingQuality@3] File [C:/Users/aveng/Documents/GitHub/GamesAssignment2-SecondYear/Games Assignment Two/GamesAssignmentTwo/Saved/Config/Windows/Scalability.ini]
[2021.04.14-06.52.30:731][  0]LogConfig: Setting CVar [[r.PostProcessAAQuality:4]]
[2021.04.14-06.52.30:731][  0]LogConfig: Applying CVar settings from Section [ShadowQuality@3] File [C:/Users/aveng/Documents/GitHub/GamesAssignment2-SecondYear/Games Assignment Two/GamesAssignmentTwo/Saved/Config/Windows/Scalability.ini]
[2021.04.14-06.52.30:732][  0]LogConfig: Setting CVar [[r.LightFunctionQuality:1]]
[2021.04.14-06.52.30:732][  0]LogConfig: Setting CVar [[r.ShadowQuality:5]]
[2021.04.14-06.52.30:733][  0]LogConfig: Setting CVar [[r.Shadow.CSM.MaxCascades:10]]
[2021.04.14-06.52.30:735][  0]LogConfig: Setting CVar [[r.Shadow.MaxResolution:2048]]
[2021.04.14-06.52.30:735][  0]LogConfig: Setting CVar [[r.Shadow.MaxCSMResolution:2048]]
[2021.04.14-06.52.30:735][  0]LogConfig: Setting CVar [[r.Shadow.RadiusThreshold:0.01]]
[2021.04.14-06.52.30:736][  0]LogConfig: Setting CVar [[r.Shadow.DistanceScale:1.0]]
[2021.04.14-06.52.30:736][  0]LogConfig: Setting CVar [[r.Shadow.CSM.TransitionScale:1.0]]
[2021.04.14-06.52.30:737][  0]LogConfig: Setting CVar [[r.Shadow.PreShadowResolutionFactor:1.0]]
[2021.04.14-06.52.30:737][  0]LogConfig: Setting CVar [[r.DistanceFieldShadowing:1]]
[2021.04.14-06.52.30:737][  0]LogConfig: Setting CVar [[r.DistanceFieldAO:1]]
[2021.04.14-06.52.30:738][  0]LogConfig: Setting CVar [[r.AOQuality:2]]
[2021.04.14-06.52.30:738][  0]LogConfig: Setting CVar [[r.VolumetricFog:1]]
[2021.04.14-06.52.30:738][  0]LogConfig: Setting CVar [[r.VolumetricFog.GridPixelSize:8]]
[2021.04.14-06.52.30:739][  0]LogConfig: Setting CVar [[r.VolumetricFog.GridSizeZ:128]]
[2021.04.14-06.52.30:739][  0]LogConfig: Setting CVar [[r.VolumetricFog.HistoryMissSupersampleCount:4]]
[2021.04.14-06.52.30:739][  0]LogConfig: Setting CVar [[r.LightMaxDrawDistanceScale:1]]
[2021.04.14-06.52.30:740][  0]LogConfig: Setting CVar [[r.CapsuleShadows:1]]
[2021.04.14-06.52.30:740][  0]LogConfig: Applying CVar settings from Section [PostProcessQuality@3] File [C:/Users/aveng/Documents/GitHub/GamesAssignment2-SecondYear/Games Assignment Two/GamesAssignmentTwo/Saved/Config/Windows/Scalability.ini]
[2021.04.14-06.52.30:740][  0]LogConfig: Setting CVar [[r.MotionBlurQuality:4]]
[2021.04.14-06.52.30:741][  0]LogConfig: Setting CVar [[r.AmbientOcclusionMipLevelFactor:0.4]]
[2021.04.14-06.52.30:741][  0]LogConfig: Setting CVar [[r.AmbientOcclusionMaxQuality:100]]
[2021.04.14-06.52.30:741][  0]LogConfig: Setting CVar [[r.AmbientOcclusionLevels:-1]]
[2021.04.14-06.52.30:741][  0]LogConfig: Setting CVar [[r.AmbientOcclusionRadiusScale:1.0]]
[2021.04.14-06.52.30:742][  0]LogConfig: Setting CVar [[r.DepthOfFieldQuality:2]]
[2021.04.14-06.52.30:742][  0]LogConfig: Setting CVar [[r.RenderTargetPoolMin:400]]
[2021.04.14-06.52.30:743][  0]LogConfig: Setting CVar [[r.LensFlareQuality:2]]
[2021.04.14-06.52.30:745][  0]LogConfig: Setting CVar [[r.SceneColorFringeQuality:1]]
[2021.04.14-06.52.30:746][  0]LogConfig: Setting CVar [[r.EyeAdaptationQuality:2]]
[2021.04.14-06.52.30:746][  0]LogConfig: Setting CVar [[r.BloomQuality:5]]
[2021.04.14-06.52.30:746][  0]LogConfig: Setting CVar [[r.FastBlurThreshold:100]]
[2021.04.14-06.52.30:747][  0]LogConfig: Setting CVar [[r.Upscale.Quality:3]]
[2021.04.14-06.52.30:747][  0]LogConfig: Setting CVar [[r.Tonemapper.GrainQuantization:1]]
[2021.04.14-06.52.30:747][  0]LogConfig: Setting CVar [[r.LightShaftQuality:1]]
[2021.04.14-06.52.30:748][  0]LogConfig: Setting CVar [[r.Filter.SizeScale:1]]
[2021.04.14-06.52.30:748][  0]LogConfig: Setting CVar [[r.Tonemapper.Quality:5]]
[2021.04.14-06.52.30:748][  0]LogConfig: Setting CVar [[r.DOF.Gather.AccumulatorQuality:1        ; higher gathering accumulator quality]]
[2021.04.14-06.52.30:749][  0]LogConfig: Setting CVar [[r.DOF.Gather.PostfilterMethod:1          ; Median3x3 postfilering method]]
[2021.04.14-06.52.30:749][  0]LogConfig: Setting CVar [[r.DOF.Gather.EnableBokehSettings:0       ; no bokeh simulation when gathering]]
[2021.04.14-06.52.30:749][  0]LogConfig: Setting CVar [[r.DOF.Gather.RingCount:4                 ; medium number of samples when gathering]]
[2021.04.14-06.52.30:750][  0]LogConfig: Setting CVar [[r.DOF.Scatter.ForegroundCompositing:1    ; additive foreground scattering]]
[2021.04.14-06.52.30:750][  0]LogConfig: Setting CVar [[r.DOF.Scatter.BackgroundCompositing:2    ; additive background scattering]]
[2021.04.14-06.52.30:750][  0]LogConfig: Setting CVar [[r.DOF.Scatter.EnableBokehSettings:1      ; bokeh simulation when scattering]]
[2021.04.14-06.52.30:750][  0]LogConfig: Setting CVar [[r.DOF.Scatter.MaxSpriteRatio:0.1         ; only a maximum of 10% of scattered bokeh]]
[2021.04.14-06.52.30:751][  0]LogConfig: Setting CVar [[r.DOF.Recombine.Quality:1                ; cheap slight out of focus]]
[2021.04.14-06.52.30:751][  0]LogConfig: Setting CVar [[r.DOF.Recombine.EnableBokehSettings:0    ; no bokeh simulation on slight out of focus]]
[2021.04.14-06.52.30:751][  0]LogConfig: Setting CVar [[r.DOF.TemporalAAQuality:1                ; more stable temporal accumulation]]
[2021.04.14-06.52.30:752][  0]LogConfig: Setting CVar [[r.DOF.Kernel.MaxForegroundRadius:0.025]]
[2021.04.14-06.52.30:752][  0]LogConfig: Setting CVar [[r.DOF.Kernel.MaxBackgroundRadius:0.025]]
[2021.04.14-06.52.30:752][  0]LogConfig: Applying CVar settings from Section [TextureQuality@3] File [C:/Users/aveng/Documents/GitHub/GamesAssignment2-SecondYear/Games Assignment Two/GamesAssignmentTwo/Saved/Config/Windows/Scalability.ini]
[2021.04.14-06.52.30:753][  0]LogConfig: Setting CVar [[r.Streaming.MipBias:0]]
[2021.04.14-06.52.30:753][  0]LogConfig: Setting CVar [[r.Streaming.AmortizeCPUToGPUCopy:0]]
[2021.04.14-06.52.30:753][  0]LogConfig: Setting CVar [[r.Streaming.MaxNumTexturesToStreamPerFrame:0]]
[2021.04.14-06.52.30:754][  0]LogConfig: Setting CVar [[r.Streaming.Boost:1]]
[2021.04.14-06.52.30:756][  0]LogConfig: Setting CVar [[r.MaxAnisotropy:8]]
[2021.04.14-06.52.30:757][  0]LogConfig: Setting CVar [[r.VT.MaxAnisotropy:8]]
[2021.04.14-06.52.30:757][  0]LogConfig: Setting CVar [[r.Streaming.LimitPoolSizeToVRAM:0]]
[2021.04.14-06.52.30:757][  0]LogConfig: Setting CVar [[r.Streaming.PoolSize:1000]]
[2021.04.14-06.52.30:758][  0]LogConfig: Setting CVar [[r.Streaming.MaxEffectiveScreenSize:0]]
[2021.04.14-06.52.30:758][  0]LogConfig: Applying CVar settings from Section [EffectsQuality@3] File [C:/Users/aveng/Documents/GitHub/GamesAssignment2-SecondYear/Games Assignment Two/GamesAssignmentTwo/Saved/Config/Windows/Scalability.ini]
[2021.04.14-06.52.30:758][  0]LogConfig: Setting CVar [[r.TranslucencyLightingVolumeDim:64]]
[2021.04.14-06.52.30:759][  0]LogConfig: Setting CVar [[r.RefractionQuality:2]]
[2021.04.14-06.52.30:759][  0]LogConfig: Setting CVar [[r.SSR.Quality:3]]
[2021.04.14-06.52.30:760][  0]LogConfig: Setting CVar [[r.SSR.HalfResSceneColor:0]]
[2021.04.14-06.52.30:760][  0]LogConfig: Setting CVar [[r.SceneColorFormat:4]]
[2021.04.14-06.52.30:761][  0]LogConfig: Setting CVar [[r.DetailMode:2]]
[2021.04.14-06.52.30:761][  0]LogConfig: Setting CVar [[r.TranslucencyVolumeBlur:1]]
[2021.04.14-06.52.30:762][  0]LogConfig: Setting CVar [[r.MaterialQualityLevel:1 ; High quality]]
[2021.04.14-06.52.30:762][  0]LogConfig: Setting CVar [[r.SSS.Scale:1]]
[2021.04.14-06.52.30:762][  0]LogConfig: Setting CVar [[r.SSS.SampleSet:2]]
[2021.04.14-06.52.30:762][  0]LogConfig: Setting CVar [[r.SSS.Quality:1]]
[2021.04.14-06.52.30:763][  0]LogConfig: Setting CVar [[r.SSS.HalfRes:0]]
[2021.04.14-06.52.30:763][  0]LogConfig: Setting CVar [[r.SSGI.Quality:3]]
[2021.04.14-06.52.30:763][  0]LogConfig: Setting CVar [[r.EmitterSpawnRateScale:1.0]]
[2021.04.14-06.52.30:764][  0]LogConfig: Setting CVar [[r.ParticleLightQuality:2]]
[2021.04.14-06.52.30:764][  0]LogConfig: Setting CVar [[r.SkyAtmosphere.AerialPerspectiveLUT.FastApplyOnOpaque:1 ; Always have FastSkyLUT 1 in this case to avoid wrong sky]]
[2021.04.14-06.52.30:764][  0]LogConfig: Setting CVar [[r.SkyAtmosphere.AerialPerspectiveLUT.SampleCountPerSlice:1]]
[2021.04.14-06.52.30:765][  0]LogConfig: Setting CVar [[r.SkyAtmosphere.AerialPerspectiveLUT.DepthResolution:16.0]]
[2021.04.14-06.52.30:767][  0]LogConfig: Setting CVar [[r.SkyAtmosphere.FastSkyLUT:1]]
[2021.04.14-06.52.30:768][  0]LogConfig: Setting CVar [[r.SkyAtmosphere.FastSkyLUT.SampleCountMin:4.0]]
[2021.04.14-06.52.30:768][  0]LogConfig: Setting CVar [[r.SkyAtmosphere.FastSkyLUT.SampleCountMax:32.0]]
[2021.04.14-06.52.30:768][  0]LogConfig: Setting CVar [[r.SkyAtmosphere.SampleCountMin:4.0]]
[2021.04.14-06.52.30:769][  0]LogConfig: Setting CVar [[r.SkyAtmosphere.SampleCountMax:32.0]]
[2021.04.14-06.52.30:769][  0]LogConfig: Setting CVar [[r.SkyAtmosphere.TransmittanceLUT.UseSmallFormat:0]]
[2021.04.14-06.52.30:769][  0]LogConfig: Setting CVar [[r.SkyAtmosphere.TransmittanceLUT.SampleCount:10.0]]
[2021.04.14-06.52.30:770][  0]LogConfig: Setting CVar [[r.SkyAtmosphere.MultiScatteringLUT.SampleCount:15.0]]
[2021.04.14-06.52.30:770][  0]LogConfig: Applying CVar settings from Section [FoliageQuality@3] File [C:/Users/aveng/Documents/GitHub/GamesAssignment2-SecondYear/Games Assignment Two/GamesAssignmentTwo/Saved/Config/Windows/Scalability.ini]
[2021.04.14-06.52.30:771][  0]LogConfig: Setting CVar [[foliage.DensityScale:1.0]]
[2021.04.14-06.52.30:771][  0]LogConfig: Setting CVar [[grass.DensityScale:1.0]]
[2021.04.14-06.52.30:771][  0]LogConfig: Applying CVar settings from Section [ShadingQuality@3] File [C:/Users/aveng/Documents/GitHub/GamesAssignment2-SecondYear/Games Assignment Two/GamesAssignmentTwo/Saved/Config/Windows/Scalability.ini]
[2021.04.14-06.52.30:772][  0]LogConfig: Setting CVar [[r.HairStrands.SkyLighting.SampleCount:16]]
[2021.04.14-06.52.30:772][  0]LogConfig: Setting CVar [[r.HairStrands.SkyLighting.JitterIntegration:0]]
[2021.04.14-06.52.30:772][  0]LogConfig: Setting CVar [[r.HairStrands.SkyAO.SampleCount:16]]
[2021.04.14-06.52.30:773][  0]LogConfig: Setting CVar [[r.HairStrands.DeepShadow.SuperSampling:0]]
[2021.04.14-06.52.30:773][  0]LogConfig: Setting CVar [[r.HairStrands.VisibilityPPLL:0]]
[2021.04.14-06.52.30:773][  0]LogConfig: Setting CVar [[r.HairStrands.RasterizationScale:0.5]]
[2021.04.14-06.52.30:773][  0]LogConfig: Setting CVar [[r.HairStrands.VelocityRasterizationScale:1]]
[2021.04.14-06.52.30:774][  0]LogConfig: Applying CVar settings from Section [Startup] File [../../../Engine/Config/ConsoleVariables.ini]
[2021.04.14-06.52.30:774][  0]LogConfig: Setting CVar [[net.UseAdaptiveNetUpdateFrequency:0]]
[2021.04.14-06.52.30:775][  0]LogConfig: Setting CVar [[p.chaos.AllowCreatePhysxBodies:1]]
[2021.04.14-06.52.30:775][  0]LogConfig: Setting CVar [[fx.SkipVectorVMBackendOptimizations:1]]
[2021.04.14-06.52.30:775][  0]LogConfig: Applying CVar settings from Section [ConsoleVariables] File [C:/Users/aveng/Documents/GitHub/GamesAssignment2-SecondYear/Games Assignment Two/GamesAssignmentTwo/Saved/Config/Windows/Engine.ini]
[2021.04.14-06.52.30:776][  0]LogInit: Computer: PROGRAMMING-PC
[2021.04.14-06.52.30:778][  0]LogInit: User: aveng
[2021.04.14-06.52.30:778][  0]LogInit: CPU Page size=4096, Cores=12
[2021.04.14-06.52.30:779][  0]LogInit: High frequency timer resolution =10.000000 MHz
[2021.04.14-06.52.30:780][  0]LogMemory: Memory total: Physical=31.9GB (32GB approx)
[2021.04.14-06.52.30:780][  0]LogMemory: Platform Memory Stats for Windows
[2021.04.14-06.52.30:780][  0]LogMemory: Process Physical Memory: 119.88 MB used, 119.89 MB peak
[2021.04.14-06.52.30:781][  0]LogMemory: Process Virtual Memory: 102.63 MB used, 102.63 MB peak
[2021.04.14-06.52.30:781][  0]LogMemory: Physical Memory: 26426.83 MB used,  6246.92 MB free, 32673.75 MB total
[2021.04.14-06.52.30:781][  0]LogMemory: Virtual Memory: 5212.60 MB used,  134212512.00 MB free, 134217728.00 MB total
[2021.04.14-06.52.30:785][  0]LogWindows: WindowsPlatformFeatures enabled
[2021.04.14-06.52.30:820][  0]LogInit: Physics initialised using underlying interface: PhysX
[2021.04.14-06.52.30:821][  0]LogInit: Using OS detected language (en-GB).
[2021.04.14-06.52.30:821][  0]LogInit: Using OS detected locale (en-GB).
[2021.04.14-06.52.30:823][  0]LogTextLocalizationManager: No specific localization for 'en-GB' exists, so the 'en' localization will be used.
[2021.04.14-06.52.30:995][  0]LogSlate: New Slate User Created.  User Index 0, Is Virtual User: 0
[2021.04.14-06.52.30:995][  0]LogSlate: Slate User Registered.  User Index 0, Is Virtual User: 0
[2021.04.14-06.52.31:008][  0]LogHMD: Failed to initialize OpenVR with code 110
[2021.04.14-06.52.31:008][  0]LogD3D11RHI: D3D11 min allowed feature level: 11_0
[2021.04.14-06.52.31:008][  0]LogD3D11RHI: D3D11 max allowed feature level: 11_0
[2021.04.14-06.52.31:009][  0]LogD3D11RHI: D3D11 adapters:
[2021.04.14-06.52.31:109][  0]LogD3D11RHI:    0. 'NVIDIA GeForce GTX 1060 6GB' (Feature Level 11_0)
[2021.04.14-06.52.31:109][  0]LogD3D11RHI:       6052/0/16336 MB DedicatedVideo/DedicatedSystem/SharedSystem, Outputs:2, VendorId:0x10de
[2021.04.14-06.52.31:113][  0]LogD3D11RHI:    1. 'Microsoft Basic Render Driver' (Feature Level 11_0)
[2021.04.14-06.52.31:113][  0]LogD3D11RHI:       0/0/16336 MB DedicatedVideo/DedicatedSystem/SharedSystem, Outputs:0, VendorId:0x1414
[2021.04.14-06.52.31:113][  0]LogD3D11RHI: Chosen D3D11 Adapter: 0
[2021.04.14-06.52.31:129][  0]LogD3D11RHI: Creating new Direct3DDevice
[2021.04.14-06.52.31:129][  0]LogD3D11RHI:     GPU DeviceId: 0x1c03 (for the marketing name, search the web for "GPU Device Id")
[2021.04.14-06.52.31:130][  0]LogWindows: EnumDisplayDevices:
[2021.04.14-06.52.31:130][  0]LogWindows:    0. 'NVIDIA GeForce GTX 1060 6GB' (P:1 D:1)
[2021.04.14-06.52.31:131][  0]LogWindows:    1. 'NVIDIA GeForce GTX 1060 6GB' (P:0 D:1)
[2021.04.14-06.52.31:131][  0]LogWindows:    2. 'NVIDIA GeForce GTX 1060 6GB' (P:0 D:0)
[2021.04.14-06.52.31:132][  0]LogWindows:    3. 'NVIDIA GeForce GTX 1060 6GB' (P:0 D:0)
[2021.04.14-06.52.31:132][  0]LogWindows: DebugString: FoundDriverCount:4 
[2021.04.14-06.52.31:132][  0]LogD3D11RHI:     Adapter Name: NVIDIA GeForce GTX 1060 6GB
[2021.04.14-06.52.31:132][  0]LogD3D11RHI:   Driver Version: 461.92 (internal:27.21.14.6192, unified:461.92)
[2021.04.14-06.52.31:133][  0]LogD3D11RHI:      Driver Date: 3-11-2021
[2021.04.14-06.52.31:133][  0]LogRHI: Texture pool is 4236 MB (70% of 6052 MB)
[2021.04.14-06.52.31:210][  0]LogD3D11RHI: RHI has support for 64 bit atomics
[2021.04.14-06.52.31:210][  0]LogD3D11RHI: Async texture creation enabled
[2021.04.14-06.52.31:212][  0]LogD3D11RHI: Array index from any shader is supported
[2021.04.14-06.52.31:235][  0]LogD3D11RHI: GPU Timing Frequency: 1000.000000 (Debug: 2 1)
[2021.04.14-06.52.31:613][  0]LogTargetPlatformManager: Display: Loaded TargetPlatform 'WindowsNoEditor'
[2021.04.14-06.52.31:616][  0]LogTargetPlatformManager: Display: Loaded TargetPlatform 'Windows'
[2021.04.14-06.52.31:623][  0]LogTargetPlatformManager: Display: Loaded TargetPlatform 'WindowsClient'
[2021.04.14-06.52.31:630][  0]LogTargetPlatformManager: Display: Loaded TargetPlatform 'WindowsServer'
[2021.04.14-06.52.31:631][  0]LogTargetPlatformManager: Display: Building Assets For Windows
[2021.04.14-06.52.31:634][  0]LogAudioDebug: Display: Lib vorbis DLL was dynamically loaded.
[2021.04.14-06.52.31:655][  0]LogShaderCompilers: Guid format shader working directory is -54 characters bigger than the processId version (C:/Users/aveng/Documents/GitHub/GamesAssignment2-SecondYear/Games Assignment Two/GamesAssignmentTwo/Intermediate/Shaders/WorkingDirectory/30856/).
[2021.04.14-06.52.31:656][  0]LogShaderCompilers: Cleaned the shader compiler working directory 'C:/Users/aveng/AppData/Local/Temp/UnrealShaderWorkingDir/15C9845648227B8BFC9AB5829754FB35/'.
[2021.04.14-06.52.31:657][  0]LogXGEController: Cannot use XGE Controller as Incredibuild is not installed on this machine.
[2021.04.14-06.52.31:657][  0]LogShaderCompilers: Cannot use XGE Shader Compiler as Incredibuild is not installed on this machine.
[2021.04.14-06.52.31:657][  0]LogShaderCompilers: Display: Using Local Shader Compiler.
[2021.04.14-06.52.32:340][  0]LogDerivedDataCache: Display: Max Cache Size: 512 MB
[2021.04.14-06.52.32:382][  0]LogDerivedDataCache: Loaded boot cache 0.04s 77MB C:/Users/aveng/AppData/Local/UnrealEngine/4.25/DerivedDataCache/Boot.ddc.
[2021.04.14-06.52.32:382][  0]LogDerivedDataCache: Display: Loaded Boot cache: C:/Users/aveng/AppData/Local/UnrealEngine/4.25/DerivedDataCache/Boot.ddc
[2021.04.14-06.52.32:383][  0]LogDerivedDataCache: FDerivedDataBackendGraph:  Pak pak cache file C:/Users/aveng/Documents/GitHub/GamesAssignment2-SecondYear/Games Assignment Two/GamesAssignmentTwo/DerivedDataCache/DDC.ddp not found, will not use a pak cache.
[2021.04.14-06.52.32:383][  0]LogDerivedDataCache: Unable to find inner node Pak for hierarchical cache Hierarchy.
[2021.04.14-06.52.32:384][  0]LogDerivedDataCache: FDerivedDataBackendGraph:  CompressedPak pak cache file C:/Users/aveng/Documents/GitHub/GamesAssignment2-SecondYear/Games Assignment Two/GamesAssignmentTwo/DerivedDataCache/Compressed.ddp not found, will not use a pak cache.
[2021.04.14-06.52.32:385][  0]LogDerivedDataCache: Unable to find inner node CompressedPak for hierarchical cache Hierarchy.
[2021.04.14-06.52.32:396][  0]LogDerivedDataCache: Display: Pak cache opened for reading ../../../Engine/DerivedDataCache/Compressed.ddp.
[2021.04.14-06.52.32:396][  0]LogDerivedDataCache: FDerivedDataBackendGraph:  EnterprisePak pak cache file ../../../Enterprise/DerivedDataCache/Compressed.ddp not found, will not use a pak cache.
[2021.04.14-06.52.32:397][  0]LogDerivedDataCache: Unable to find inner node EnterprisePak for hierarchical cache Hierarchy.
[2021.04.14-06.52.32:398][  0]LogDerivedDataCache: Using Local data cache path C:/Users/aveng/AppData/Local/UnrealEngine/Common/DerivedDataCache: Writable
[2021.04.14-06.52.32:398][  0]LogDerivedDataCache: Shared data cache path not found in *engine.ini, will not use an Shared cache.
[2021.04.14-06.52.32:399][  0]LogDerivedDataCache: Unable to find inner node Shared for hierarchical cache Hierarchy.
[2021.04.14-06.52.32:433][  0]LogSlate: Using FreeType 2.10.0
[2021.04.14-06.52.32:434][  0]LogSlate: SlateFontServices - WITH_FREETYPE: 1, WITH_HARFBUZZ: 1
[2021.04.14-06.52.32:509][  0]LogInit: Using OS detected language (en-GB).
[2021.04.14-06.52.32:509][  0]LogInit: Using OS detected locale (en-GB).
[2021.04.14-06.52.32:510][  0]LogTextLocalizationManager: No localization for 'en-GB' exists, so 'en' will be used for the language.
[2021.04.14-06.52.32:510][  0]LogTextLocalizationManager: No localization for 'en-GB' exists, so 'en' will be used for the locale.
[2021.04.14-06.52.32:511][  0]LogSlate: FontCache flush requested. Reason: Culture for localization was changed
[2021.04.14-06.52.32:511][  0]LogSlate: FontCache flush requested. Reason: Culture for localization was changed
[2021.04.14-06.52.32:513][  0]LogTextLocalizationManager: Compacting localization data took   0.00ms
[2021.04.14-06.52.32:516][  0]LogAssetRegistry: FAssetRegistry took 0.0017 seconds to start up
[2021.04.14-06.52.32:727][  0]LogPackageLocalizationCache: Processed 19 localized package path(s) for 1 prioritized culture(s) in 0.050155 seconds
[2021.04.14-06.52.32:772][  0]LogInit: Selected Device Profile: [Windows]
[2021.04.14-06.52.32:846][  0]LogMeshReduction: Using QuadricMeshReduction for automatic static mesh reduction
[2021.04.14-06.52.32:846][  0]LogMeshReduction: Using SimplygonMeshReduction for automatic skeletal mesh reduction
[2021.04.14-06.52.32:847][  0]LogMeshReduction: Using ProxyLODMeshReduction for automatic mesh merging
[2021.04.14-06.52.32:848][  0]LogMeshReduction: No distributed automatic mesh merging module available
[2021.04.14-06.52.32:848][  0]LogMeshMerging: No distributed automatic mesh merging module available
[2021.04.14-06.52.32:862][  0]LogNetVersion: GamesAssignmentTwo 1.0.0, NetCL: 13144385, EngineNetVer: 14, GameNetVer: 0 (Checksum: 1185472599)
[2021.04.14-06.52.33:082][  0]LogAISub: UAISubsystem::UAISubsystem AISubsystem (000002467E4358C0), frame # 0
[2021.04.14-06.52.33:082][  0]LogAISub: UAISubsystem::UAISubsystem AIPerceptionSystem (000002467E3756C0), frame # 0
[2021.04.14-06.52.33:085][  0]LogAISub: UAISubsystem::UAISubsystem EnvQueryManager (000002467E36BC00), frame # 0
[2021.04.14-06.52.33:133][  0]LogCollectionManager: Loaded 0 collections in 0.000849 seconds
[2021.04.14-06.52.33:135][  0]LogFileCache: Scanning file cache for directory 'C:/Users/aveng/Documents/GitHub/GamesAssignment2-SecondYear/Games Assignment Two/GamesAssignmentTwo/Saved/Collections/' took 0.00s
[2021.04.14-06.52.33:135][  0]LogFileCache: Scanning file cache for directory 'C:/Users/aveng/Documents/GitHub/GamesAssignment2-SecondYear/Games Assignment Two/GamesAssignmentTwo/Content/Developers/aveng/Collections/' took 0.00s
[2021.04.14-06.52.33:135][  0]LogFileCache: Scanning file cache for directory 'C:/Users/aveng/Documents/GitHub/GamesAssignment2-SecondYear/Games Assignment Two/GamesAssignmentTwo/Content/Collections/' took 0.00s
[2021.04.14-06.52.33:136][  0]LogCollectionManager: Fixed up redirectors for 0 collections in 0.000003 seconds (updated 0 objects)
[2021.04.14-06.52.33:159][  0]LogMoviePlayer: Initializing movie player
[2021.04.14-06.52.33:277][  0]LogScript: Warning: Script Msg: A null object was passed as a world context object to UEngine::GetWorldFromContextObject().
[2021.04.14-06.52.33:279][  0]LogScript: Warning: Script Msg: A null object was passed as a world context object to UEngine::GetWorldFromContextObject().
[2021.04.14-06.52.33:281][  0]LogScript: Warning: Script Msg: A null object was passed as a world context object to UEngine::GetWorldFromContextObject().
[2021.04.14-06.52.33:283][  0]LogScript: Warning: Script Msg: A null object was passed as a world context object to UEngine::GetWorldFromContextObject().
[2021.04.14-06.52.33:339][  0]LogBlueprint: Warning: [Compiler Ue4ASP_Character] InputAction Event references unknown Action 'Crouch' for  InputAction Crouch
[2021.04.14-06.52.33:340][  0]LogBlueprint: Warning: [Compiler Ue4ASP_Character] Input Axis Event references unknown Axis 'MoveForward' for  InputAxis MoveForward
[2021.04.14-06.52.33:341][  0]LogBlueprint: Warning: [Compiler Ue4ASP_Character] Input Axis Event references unknown Axis 'MoveRight' for  InputAxis MoveRight
[2021.04.14-06.52.33:432][  0]SourceControl: Source control is disabled
[2021.04.14-06.52.33:433][  0]SourceControl: Source control is disabled
[2021.04.14-06.52.33:437][  0]SourceControl: Source control is disabled
[2021.04.14-06.52.33:489][  0]LogAndroidPermission: UAndroidPermissionCallbackProxy::GetInstance
[2021.04.14-06.52.33:497][  0]LogAudioCaptureCore: Display: No Audio Capture implementations found. Audio input will be silent.
[2021.04.14-06.52.33:497][  0]LogAudioCaptureCore: Display: No Audio Capture implementations found. Audio input will be silent.
[2021.04.14-06.52.33:525][  0]LogOcInput: OculusInput pre-init called
[2021.04.14-06.52.33:538][  0]LogUObjectArray: 21161 objects as part of root set at end of initial load.
[2021.04.14-06.52.33:539][  0]LogUObjectAllocator: 5879904 out of 0 bytes used by permanent object pool.
[2021.04.14-06.52.33:539][  0]LogUObjectArray: CloseDisregardForGC: 0/0 objects in disregard for GC pool
[2021.04.14-06.52.33:576][  0]LogEngine: Initializing Engine...
[2021.04.14-06.52.33:577][  0]LogHMD: Failed to initialize OpenVR with code 110
[2021.04.14-06.52.33:577][  0]LogMagicLeap: Warning: VR disabled because ZI is not enabled.  To enable, in the editor, Edit -> Project Settings -> Plugins -> Magic Leap Plugin -> Enable Zero Iteration
[2021.04.14-06.52.33:579][  0]LogStats: UGameplayTagsManager::InitializeManager -  0.000 s
[2021.04.14-06.52.33:664][  0]LogInit: Initializing FReadOnlyCVARCache
[2021.04.14-06.52.33:666][  0]LogAudioMixer: Display: Audio Mixer Platform Settings:
[2021.04.14-06.52.33:666][  0]LogAudioMixer: Display: 	Sample Rate:						  48000
[2021.04.14-06.52.33:667][  0]LogAudioMixer: Display: 	Callback Buffer Frame Size Requested: 1024
[2021.04.14-06.52.33:668][  0]LogAudioMixer: Display: 	Callback Buffer Frame Size To Use:	  1024
[2021.04.14-06.52.33:668][  0]LogAudioMixer: Display: 	Number of buffers to queue:			  2
[2021.04.14-06.52.33:669][  0]LogAudioMixer: Display: 	Max Channels (voices):				  32
[2021.04.14-06.52.33:669][  0]LogAudioMixer: Display: 	Number of Async Source Workers:		  0
[2021.04.14-06.52.33:669][  0]LogAudio: Display: AudioDevice MaxSources: 32
[2021.04.14-06.52.33:670][  0]LogAudio: Display: Using built-in audio occlusion.
[2021.04.14-06.52.33:670][  0]LogAudioMixer: Display: Initializing audio mixer.
[2021.04.14-06.52.33:688][  0]LogAudioMixer: Display: 0: FrontLeft
[2021.04.14-06.52.33:688][  0]LogAudioMixer: Display: 1: FrontRight
[2021.04.14-06.52.33:689][  0]LogAudioMixer: Display: 2: FrontCenter
[2021.04.14-06.52.33:689][  0]LogAudioMixer: Display: 3: LowFrequency
[2021.04.14-06.52.33:690][  0]LogAudioMixer: Display: 4: BackLeft
[2021.04.14-06.52.33:690][  0]LogAudioMixer: Display: 5: BackRight
[2021.04.14-06.52.33:690][  0]LogAudioMixer: Display: 6: SideLeft
[2021.04.14-06.52.33:691][  0]LogAudioMixer: Display: 7: SideRight
[2021.04.14-06.52.33:718][  0]LogAudioMixer: Display: Using Audio Device Speakers (THX Spatial Audio)
[2021.04.14-06.52.33:725][  0]LogAudioMixer: Display: Initializing Sound Submixes...
[2021.04.14-06.52.33:726][  0]LogAudioMixer: Display: Creating Master Submix 'MasterSubmixDefault'
[2021.04.14-06.52.33:726][  0]LogAudioMixer: Display: Creating Master Submix 'MasterReverbSubmixDefault'
[2021.04.14-06.52.33:729][  0]LogAudioMixer: Display: Creating Master Submix 'MasterEQSubmixDefault'
[2021.04.14-06.52.33:730][  0]LogInit: FAudioDevice initialized.
[2021.04.14-06.52.33:732][  0]LogNetVersion: Set ProjectVersion to 1.0.0.0. Version Checksum will be recalculated on next use.
[2021.04.14-06.52.33:834][  0]LogDerivedDataCache: Saved boot cache 0.10s 77MB C:/Users/aveng/AppData/Local/UnrealEngine/4.25/DerivedDataCache/Boot.ddc.
[2021.04.14-06.52.33:835][  0]LogInit: Texture streaming: Enabled
[2021.04.14-06.52.33:882][  0]LogSlate: Updating window title bar state: overlay mode, drag disabled, window buttons hidden, title bar hidden
[2021.04.14-06.52.33:883][  0]LogInit: Display: Game Engine Initialized.
[2021.04.14-06.52.33:884][  0]LogNiagaraEditor: Warning: GEditor isn't valid! Particle reset commands will not work for Niagara components!
[2021.04.14-06.52.33:899][  0]LogInit: Display: Starting Game.
[2021.04.14-06.52.33:900][  0]LogNet: Browse: /Game/Levels/MainMenu?Name=Player
[2021.04.14-06.52.33:901][  0]LogLoad: LoadMap: /Game/Levels/MainMenu?Name=Player
[2021.04.14-06.52.33:902][  0]LogWorld: BeginTearingDown for /Temp/Untitled_0
[2021.04.14-06.52.33:904][  0]LogWorld: UWorld::CleanupWorld for Untitled, bSessionEnded=true, bCleanupResources=true
[2021.04.14-06.52.33:904][  0]LogSlate: InvalidateAllWidgets triggered.  All widgets were invalidated
[2021.04.14-06.52.33:927][  0]LogUObjectHash: Compacting FUObjectHashTables data took   0.76ms
[2021.04.14-06.52.33:989][  0]LogAIModule: Creating AISystem for world MainMenu
[2021.04.14-06.52.33:990][  0]LogAISub: UAISubsystem::UAISubsystem EnvQueryManager (00000246094B9C00), frame # 0
[2021.04.14-06.52.33:991][  0]LogAISub: UAISubsystem::UAISubsystem AIPerceptionSystem (000002460948F100), frame # 0
[2021.04.14-06.52.33:996][  0]LogLoad: Game class is 'BP_GamesAssignmentTwoGameModeBse_C'
[2021.04.14-06.52.33:998][  0]LogWorld: Bringing World /Game/Levels/MainMenu.MainMenu up for play (max tick rate 0) at 2021.04.14-07.52.33
[2021.04.14-06.52.33:999][  0]LogWorld: Bringing up level for play took: 0.001622
[2021.04.14-06.52.34:003][  0]LogTemp: Warning: 0
[2021.04.14-06.52.34:004][  0]LogTemp: Warning: Load main menu widget from instance called
[2021.04.14-06.52.34:004][  0]LogTemp: Warning: Load main menu widget from instance MenuClass set
[2021.04.14-06.52.34:006][  0]LogTemp: Warning: TRUEEE
[2021.04.14-06.52.34:007][  0]PIE: Error: CreateWidget called with a null class.
[2021.04.14-06.52.34:007][  0]LogTemp: Warning: Level: MainMenu
[2021.04.14-06.52.34:007][  0]LogLoad: Took 0.106758 seconds to LoadMap(/Game/Levels/MainMenu)
[2021.04.14-06.52.34:028][  0]LogSlate: Took 0.000189 seconds to synchronously load lazily loaded font '../../../Engine/Content/Slate/Fonts/Roboto-Regular.ttf' (155K)
[2021.04.14-06.52.34:041][  0]LogRenderer: Reallocating scene render targets to support 960x1020 Format 10 NumSamples 1 (Frame:1).
[2021.04.14-06.52.34:042][  0]LogLoad: (Engine Initialization) Total time: 4.99 seconds
[2021.04.14-06.52.34:042][  0]LogLoad: (Engine Initialization) Total Blueprint compile time: 0.00 seconds
[2021.04.14-06.52.34:062][  0]LogContentStreaming: Texture pool size now 1000 MB
[2021.04.14-06.52.34:065][  0]LogSlate: InvalidateAllWidgets triggered.  All widgets were invalidated
[2021.04.14-06.52.34:099][  1]LogSlate: Took 0.000197 seconds to synchronously load lazily loaded font '../../../Engine/Content/Slate/Fonts/Roboto-Regular.ttf' (155K)
[2021.04.14-06.52.55:881][930]LogSlate: WidgetSwitcher ('None') active index changed to 2
[2021.04.14-06.52.56:212][ 39]LogNet: Browse: 127.0.0.1/Game/Levels/MainMenu
[2021.04.14-06.52.56:212][ 39]LogInit: WinSock: Socket queue. Rx: 32768 (config 32768) Tx: 32768 (config 32768)
[2021.04.14-06.52.56:213][ 39]LogNet: Created socket for bind address: 0.0.0.0 on port 0
[2021.04.14-06.52.56:214][ 39]PacketHandlerLog: Loaded PacketHandler component: Engine.EngineHandlerComponentFactory (StatelessConnectHandlerComponent)
[2021.04.14-06.52.56:214][ 39]LogNet: Game client on port 7777, rate 10000
[2021.04.14-06.52.57:228][376]LogHandshake: SendChallengeResponse. Timestamp: 4.092433, Cookie: 186028215101224026137121150155166047083054216161244040040101
[2021.04.14-06.52.57:252][384]LogNetVersion: GamesAssignmentTwo 1.0.0.0, NetCL: 13144385, EngineNetVer: 14, GameNetVer: 0 (Checksum: 1872474305)
[2021.04.14-06.52.57:252][384]LogNet: UPendingNetGame::SendInitialJoin: Sending hello. [UNetConnection] RemoteAddr: 127.0.0.1:7777, Name: IpConnection_0, Driver: PendingNetDriver IpNetDriver_0, IsServer: NO, PC: NULL, Owner: NULL, UniqueId: INVALID
[2021.04.14-06.52.57:311][404]LogNet: Welcomed by server (Level: /Game/Levels/Lobby, Game: /Game/Blueprints/BP_ServerLobbyGameModeBase.BP_ServerLobbyGameModeBase_C)
[2021.04.14-06.52.57:312][404]LogLoad: LoadMap: 127.0.0.1/Game/Levels/Lobby?game=/Game/Blueprints/BP_ServerLobbyGameModeBase.BP_ServerLobbyGameModeBase_C
[2021.04.14-06.52.57:313][404]LogWorld: BeginTearingDown for /Game/Levels/MainMenu
[2021.04.14-06.52.57:314][404]LogWorld: UWorld::CleanupWorld for MainMenu, bSessionEnded=true, bCleanupResources=true
[2021.04.14-06.52.57:321][404]LogSlate: InvalidateAllWidgets triggered.  All widgets were invalidated
[2021.04.14-06.52.57:360][404]LogAISub: UAISubsystem::~UAISubsystem EnvQueryManager (00000246094B9C00), frame # 3404
[2021.04.14-06.52.57:361][404]LogAISub: UAISubsystem::~UAISubsystem AIPerceptionSystem (000002460948F100), frame # 3404
[2021.04.14-06.52.57:364][404]LogUObjectHash: Compacting FUObjectHashTables data took   0.77ms
[2021.04.14-06.52.57:422][404]LogWorld: Bringing World /Game/Levels/Lobby.Lobby up for play (max tick rate 0) at 2021.04.14-07.52.57
[2021.04.14-06.52.57:422][404]LogWorld: Bringing up level for play took: 0.001190
[2021.04.14-06.52.57:424][404]LogLoad: Took 0.111099 seconds to LoadMap(/Game/Levels/Lobby)
[2021.04.14-06.52.57:424][404]LogNavigation: Warning: NavData RegistrationFailed_DataPendingKill.
[2021.04.14-06.52.57:836][544]LogTemp: Warning: Level: Lobby
[2021.04.14-06.52.57:838][544]LogTemp: Warning: 0
[2021.04.14-06.52.57:838][544]LogTemp: Warning: 0
[2021.04.14-06.52.57:933][577]LogOnlineSession: Warning: OSS: No game present to join for session (GameSession)
[2021.04.14-06.52.58:004][601]LogOnlineSession: Warning: OSS: No game present to join for session (GameSession)
[2021.04.14-06.53.07:436][821]LogWorld: SeamlessTravel to: /Game/Levels/Gamelevel
[2021.04.14-06.53.07:439][822]LogWorld: BeginTearingDown for /Game/Levels/Lobby
[2021.04.14-06.53.07:441][822]LogWorld: UWorld::CleanupWorld for Lobby, bSessionEnded=false, bCleanupResources=true
[2021.04.14-06.53.07:441][822]LogSlate: InvalidateAllWidgets triggered.  All widgets were invalidated
[2021.04.14-06.53.07:490][822]LogUObjectHash: Compacting FUObjectHashTables data took   1.05ms
[2021.04.14-06.53.07:491][822]LogStats:     SeamlessTravel FlushLevelStreaming  -  0.000 s
[2021.04.14-06.53.07:491][822]LogWorld: Bringing World /Temp/Untitled_1.Untitled up for play (max tick rate 0) at 2021.04.14-07.53.07
[2021.04.14-06.53.07:491][822]LogWorld: Bringing up level for play took: 0.000529
[2021.04.14-06.53.07:491][822]LogWorld: Sending NotifyLoadedWorld for LP: LocalPlayer_0 PC: BP_MainPlayerController_C_0
[2021.04.14-06.53.07:492][822]LogNet: Verbose: NotifyLoadedWorld Begin
[2021.04.14-06.53.07:492][822]LogNet: VeryVerbose: GetFunctionCallspace RemoteRole Remote ServerNotifyLoadedWorld
[2021.04.14-06.53.07:493][822]LogNetTraffic:       Sent RPC: BP_MainPlayerController_C /Temp/Untitled_1.Untitled:PersistentLevel.BP_MainPlayerController_C_0::ServerNotifyLoadedWorld [28.4 bytes]
[2021.04.14-06.53.07:493][822]LogNetTraffic: VeryVerbose: Sending: FOutBunch: Channel[2] ChSequence: 485 NumBits: 227 PacketId: 0 bOpen: 0 bClose: 0 bDormant: 0 bIsReplicationPaused: 0 bReliable: 1 bPartial: 0//0//0 bHasPackageMapExports: 0 
[2021.04.14-06.53.07:493][822]LogNetTraffic: Verbose: FNetPacketNotify::WriteHeader - Seq 10396, AckedSeq 7991 bReFresh 0 HistorySizeInWords 1
[2021.04.14-06.53.07:494][822]LogNetTraffic: Verbose: UNetConnection::SendRawBunch. ChIndex: 2. Bits: 227. PacketId: 10396
[2021.04.14-06.53.07:494][822]LogNet: Verbose: NotifyLoadedWorld End
[2021.04.14-06.53.07:495][822]LogWorld: StartLoadingDestination to: /Game/Levels/Gamelevel
[2021.04.14-06.53.07:568][825]LogWorld: BeginTearingDown for /Temp/Untitled_1
[2021.04.14-06.53.07:569][825]LogWorld: UWorld::CleanupWorld for Untitled, bSessionEnded=true, bCleanupResources=true
[2021.04.14-06.53.07:570][825]LogSlate: InvalidateAllWidgets triggered.  All widgets were invalidated
[2021.04.14-06.53.07:624][825]LogUObjectHash: Compacting FUObjectHashTables data took   0.76ms
[2021.04.14-06.53.07:625][825]LogStats:     SeamlessTravel FlushLevelStreaming  -  0.000 s
[2021.04.14-06.53.07:627][825]LogWorld: Bringing World /Game/Levels/Gamelevel.GameLevel up for play (max tick rate 0) at 2021.04.14-07.53.07
[2021.04.14-06.53.07:627][825]LogWorld: Bringing up level for play took: 0.001810
[2021.04.14-06.53.07:628][825]LogWorld: Sending NotifyLoadedWorld for LP: LocalPlayer_0 PC: BP_MainPlayerController_C_0
[2021.04.14-06.53.07:628][825]LogNet: Verbose: NotifyLoadedWorld Begin
[2021.04.14-06.53.07:629][825]LogNet: VeryVerbose: GetFunctionCallspace RemoteRole Remote ServerNotifyLoadedWorld
[2021.04.14-06.53.07:629][825]LogNetTraffic:       Sent RPC: BP_MainPlayerController_C /Game/Levels/Gamelevel.GameLevel:PersistentLevel.BP_MainPlayerController_C_0::ServerNotifyLoadedWorld [36.4 bytes]
[2021.04.14-06.53.07:629][825]LogNetTraffic: VeryVerbose: Sending: FOutBunch: Channel[2] ChSequence: 486 NumBits: 291 PacketId: 0 bOpen: 0 bClose: 0 bDormant: 0 bIsReplicationPaused: 0 bReliable: 1 bPartial: 0//0//0 bHasPackageMapExports: 0 
[2021.04.14-06.53.07:630][825]LogNetTraffic: Verbose: FNetPacketNotify::WriteHeader - Seq 10398, AckedSeq 7992 bReFresh 0 HistorySizeInWords 1
[2021.04.14-06.53.07:630][825]LogNetTraffic: Verbose: UNetConnection::SendRawBunch. ChIndex: 2. Bits: 291. PacketId: 10398
[2021.04.14-06.53.07:630][825]LogNet: Verbose: NotifyLoadedWorld End
[2021.04.14-06.53.07:631][825]LogWorld: ----SeamlessTravel finished in 0.19 seconds ------
[2021.04.14-06.53.07:632][825]LogNet: Warning: UActorChannel::ProcessBunch: SerializeNewActor failed to find/spawn actor. Actor: None, Channel: 10
[2021.04.14-06.53.07:632][825]LogNavigation: Warning: NavData RegistrationFailed_DataPendingKill.
[2021.04.14-06.53.07:650][828]LogOnlineSession: Warning: OSS: No game present to leave for session (GameSession)
[2021.04.14-06.53.07:651][828]LogOnlineSession: Warning: OSS: No game present to leave for session (GameSession)
[2021.04.14-06.53.08:048][900]LogOnlineSession: Warning: OSS: No game present to join for session (GameSession)
[2021.04.14-06.53.08:093][909]LogOnlineSession: Warning: OSS: No game present to join for session (GameSession)
[2021.04.14-06.53.08:143][917]PIE: Error: CreateWidget called with a null class.
[2021.04.14-06.53.08:144][917]LogTemp: Warning: Level: Gamelevel
[2021.04.14-06.53.08:145][917]LogTemp: Warning: 4
[2021.04.14-06.53.08:145][917]LogTemp: Warning: 4
[2021.04.14-06.53.16:217][580]LogOnlineSession: Warning: OSS: No game present to leave for session (GameSession)
[2021.04.14-06.53.16:219][580]LogNet: Error: UEngine::BroadcastNetworkFailure: FailureType = FailureReceived, ErrorString = Host closed the connection., Driver = GameNetDriver IpNetDriver_0
[2021.04.14-06.53.16:220][580]LogNet: Warning: Network Failure: GameNetDriver[FailureReceived]: Host closed the connection.
[2021.04.14-06.53.16:220][580]LogNet: NetworkFailure: FailureReceived, Error: 'Host closed the connection.'
[2021.04.14-06.53.16:220][580]LogNet: UNetConnection::Close: [UNetConnection] RemoteAddr: 127.0.0.1:7777, Name: IpConnection_0, Driver: GameNetDriver IpNetDriver_0, IsServer: NO, PC: MainPlayerController_0, Owner: MainPlayerController_0, UniqueId: NULL:Programming-PC-5CB3E76949094A0949DED7B40D72DA9C, Channels: 24, Time: 2021.04.14-06.53.16
[2021.04.14-06.53.16:221][580]LogNet: UChannel::Close: Sending CloseBunch. ChIndex == 0. Name: [UChannel] ChIndex: 0, Closing: 0 [UNetConnection] RemoteAddr: 127.0.0.1:7777, Name: IpConnection_0, Driver: GameNetDriver IpNetDriver_0, IsServer: NO, PC: MainPlayerController_0, Owner: MainPlayerController_0, UniqueId: NULL:Programming-PC-5CB3E76949094A0949DED7B40D72DA9C
[2021.04.14-06.53.16:221][580]LogNet: Error: UEngine::BroadcastNetworkFailure: FailureType = ConnectionLost, ErrorString = Your connection to the host has been lost., Driver = GameNetDriver IpNetDriver_0
[2021.04.14-06.53.16:223][581]LogNet: Browse: /Game/Levels/MainMenu
[2021.04.14-06.53.16:223][581]LogLoad: LoadMap: /Game/Levels/MainMenu
[2021.04.14-06.53.16:224][581]LogWorld: BeginTearingDown for /Game/Levels/Gamelevel
[2021.04.14-06.53.16:224][581]LogNet: World NetDriver shutdown IpNetDriver_0 [GameNetDriver]
[2021.04.14-06.53.16:224][581]LogNet: DestroyNamedNetDriver IpNetDriver_0 [GameNetDriver]
[2021.04.14-06.53.16:225][581]LogExit: GameNetDriver IpNetDriver_0 shut down
[2021.04.14-06.53.16:226][581]LogWorld: UWorld::CleanupWorld for GameLevel, bSessionEnded=true, bCleanupResources=true
[2021.04.14-06.53.16:226][581]LogSlate: InvalidateAllWidgets triggered.  All widgets were invalidated
[2021.04.14-06.53.16:265][581]LogAudio: Display: Waited 38.406399 ms for audio thread.
[2021.04.14-06.53.16:281][581]LogUObjectHash: Compacting FUObjectHashTables data took   0.59ms
[2021.04.14-06.53.16:330][581]LogAIModule: Creating AISystem for world MainMenu
[2021.04.14-06.53.16:330][581]LogAISub: UAISubsystem::UAISubsystem EnvQueryManager (00000246094BB800), frame # 7581
[2021.04.14-06.53.16:331][581]LogAISub: UAISubsystem::UAISubsystem AIPerceptionSystem (000002466719ED40), frame # 7581
[2021.04.14-06.53.16:336][581]LogLoad: Game class is 'BP_GamesAssignmentTwoGameModeBse_C'
[2021.04.14-06.53.16:337][581]LogWorld: Bringing World /Game/Levels/MainMenu.MainMenu up for play (max tick rate 0) at 2021.04.14-07.53.16
[2021.04.14-06.53.16:338][581]LogWorld: Bringing up level for play took: 0.001304
[2021.04.14-06.53.16:341][581]LogTemp: Warning: 0
[2021.04.14-06.53.16:341][581]LogTemp: Warning: Load main menu widget from instance called
[2021.04.14-06.53.16:342][581]LogTemp: Warning: Load main menu widget from instance MenuClass set
[2021.04.14-06.53.16:343][581]LogTemp: Warning: TRUEEE
[2021.04.14-06.53.16:344][581]PIE: Error: CreateWidget called with a null class.
[2021.04.14-06.53.16:345][581]LogTemp: Warning: Level: MainMenu
[2021.04.14-06.53.16:346][581]LogLoad: Took 0.122721 seconds to LoadMap(/Game/Levels/MainMenu)
[2021.04.14-06.53.17:278][908]LogSlate: Window 'GamesAssignmentTwo (64-bit Development PCD3D_SM5) ' being destroyed
[2021.04.14-06.53.17:279][908]LogWindowsTextInputMethodSystem: Display: IME system now deactivated.
[2021.04.14-06.53.17:285][908]LogSlate: Updating window title bar state: overlay mode, drag disabled, window buttons hidden, title bar hidden
[2021.04.14-06.53.17:285][908]LogEngine: All Windows Closed
[2021.04.14-06.53.17:285][908]LogWindows: FPlatformMisc::RequestExit(0)
[2021.04.14-06.53.17:285][908]LogCore: Engine exit requested (reason: Win RequestExit)
[2021.04.14-06.53.17:286][909]LogCore: Engine exit requested (reason: EngineExit() was called; note: exit was already requested)
[2021.04.14-06.53.17:288][909]LogAudio: Display: Shutting down audio device while 2 references to it are still alive. For more information, compile with INSTRUMENT_AUDIODEVICE_HANDLES.
[2021.04.14-06.53.17:298][909]LogInit: Display: PreExit Game.
[2021.04.14-06.53.17:326][909]LogWorld: BeginTearingDown for /Game/Levels/MainMenu
[2021.04.14-06.53.17:326][909]LogWorld: UWorld::CleanupWorld for MainMenu, bSessionEnded=true, bCleanupResources=true
[2021.04.14-06.53.17:327][909]LogSlate: InvalidateAllWidgets triggered.  All widgets were invalidated
[2021.04.14-06.53.17:610][909]LogExit: Preparing to exit.
[2021.04.14-06.53.17:611][909]LogMoviePlayer: Shutting down movie player
[2021.04.14-06.53.17:624][909]LogSlate: Updating window title bar state: overlay mode, drag disabled, window buttons hidden, title bar hidden
[2021.04.14-06.53.17:625][909]LogDemo: Cleaned up 0 splitscreen connections with owner deletion
[2021.04.14-06.53.17:630][909]LogExit: Game engine shut down
[2021.04.14-06.53.17:637][909]LogAISub: UAISubsystem::~UAISubsystem AISubsystem (000002467E4358C0), frame # 7909
[2021.04.14-06.53.17:637][909]LogAISub: UAISubsystem::~UAISubsystem AIPerceptionSystem (000002467E3756C0), frame # 7909
[2021.04.14-06.53.17:638][909]LogAISub: UAISubsystem::~UAISubsystem EnvQueryManager (000002467E36BC00), frame # 7909
[2021.04.14-06.53.17:642][909]LogAISub: UAISubsystem::~UAISubsystem AIPerceptionSystem (000002466719ED40), frame # 7909
[2021.04.14-06.53.17:642][909]LogAISub: UAISubsystem::~UAISubsystem EnvQueryManager (00000246094BB800), frame # 7909
[2021.04.14-06.53.17:664][909]LogExit: Object subsystem successfully closed.
[2021.04.14-06.53.17:691][909]LogShaderCompilers: Display: Shaders left to compile 0
[2021.04.14-06.53.17:702][909]LogModuleManager: Shutting down and abandoning module SequenceRecorderSections (504)
[2021.04.14-06.53.17:702][909]LogModuleManager: Shutting down and abandoning module SequenceRecorder (502)
[2021.04.14-06.53.17:702][909]LogModuleManager: Shutting down and abandoning module AutomationController (500)
[2021.04.14-06.53.17:703][909]LogModuleManager: Shutting down and abandoning module AutomationWorker (498)
[2021.04.14-06.53.17:703][909]LogModuleManager: Shutting down and abandoning module Voice (496)
[2021.04.14-06.53.17:703][909]LogModuleManager: Shutting down and abandoning module AIModule (494)
[2021.04.14-06.53.17:704][909]LogModuleManager: Shutting down and abandoning module GameplayDebugger (493)
[2021.04.14-06.53.17:704][909]LogModuleManager: Shutting down and abandoning module AITestSuite (491)
[2021.04.14-06.53.17:705][909]LogModuleManager: Shutting down and abandoning module NavigationSystem (489)
[2021.04.14-06.53.17:705][909]LogModuleManager: Shutting down and abandoning module OculusMR (486)
[2021.04.14-06.53.17:705][909]LogModuleManager: Shutting down and abandoning module WmfMediaFactory (484)
[2021.04.14-06.53.17:706][909]LogModuleManager: Shutting down and abandoning module WebMMediaFactory (482)
[2021.04.14-06.53.17:706][909]LogModuleManager: Shutting down and abandoning module WebMMedia (480)
[2021.04.14-06.53.17:707][909]LogModuleManager: Shutting down and abandoning module OpenExrWrapper (478)
[2021.04.14-06.53.17:707][909]LogModuleManager: Shutting down and abandoning module ImgMediaFactory (476)
[2021.04.14-06.53.17:707][909]LogModuleManager: Shutting down and abandoning module AvfMediaFactory (474)
[2021.04.14-06.53.17:708][909]LogModuleManager: Shutting down and abandoning module MagicLeapMediaCodecFactory (472)
[2021.04.14-06.53.17:708][909]LogModuleManager: Shutting down and abandoning module MagicLeapMediaFactory (470)
[2021.04.14-06.53.17:709][909]LogModuleManager: Shutting down and abandoning module PlanarCut (468)
[2021.04.14-06.53.17:709][909]LogModuleManager: Shutting down and abandoning module CharacterAI (466)
[2021.04.14-06.53.17:709][909]LogModuleManager: Shutting down and abandoning module SessionServices (464)
[2021.04.14-06.53.17:710][909]LogModuleManager: Shutting down and abandoning module MovieSceneCapture (462)
[2021.04.14-06.53.17:711][909]LogModuleManager: Shutting down and abandoning module LiveCoding (460)
[2021.04.14-06.53.17:712][909]LogModuleManager: Shutting down and abandoning module LevelSequence (458)
[2021.04.14-06.53.17:712][909]LogModuleManager: Shutting down and abandoning module MovieSceneTracks (456)
[2021.04.14-06.53.17:713][909]LogModuleManager: Shutting down and abandoning module MovieScene (454)
[2021.04.14-06.53.17:713][909]LogModuleManager: Shutting down and abandoning module StreamingPauseRendering (452)
[2021.04.14-06.53.17:713][909]LogModuleManager: Shutting down and abandoning module PortalServices (450)
[2021.04.14-06.53.17:714][909]LogModuleManager: Shutting down and abandoning module PortalRpc (448)
[2021.04.14-06.53.17:714][909]LogModuleManager: Shutting down and abandoning module MessagingRpc (446)
[2021.04.14-06.53.17:714][909]LogModuleManager: Shutting down and abandoning module AudioMixerXAudio2 (444)
[2021.04.14-06.53.17:715][909]LogModuleManager: Shutting down and abandoning module AudioMixerCore (443)
[2021.04.14-06.53.17:715][909]LogModuleManager: Shutting down and abandoning module ProfilerService (440)
[2021.04.14-06.53.17:886][909]LogModuleManager: Shutting down and abandoning module TaskGraph (438)
[2021.04.14-06.53.17:886][909]LogModuleManager: Shutting down and abandoning module Synthesis (436)
[2021.04.14-06.53.17:887][909]LogModuleManager: Shutting down and abandoning module ProceduralMeshComponent (434)
[2021.04.14-06.53.17:888][909]LogModuleManager: Shutting down and abandoning module OculusInput (432)
[2021.04.14-06.53.17:888][909]LogModuleManager: Shutting down and abandoning module MobilePatchingUtils (430)
[2021.04.14-06.53.17:888][909]LogModuleManager: Shutting down and abandoning module GooglePAD (428)
[2021.04.14-06.53.17:889][909]LogModuleManager: Shutting down and abandoning module EditableMesh (426)
[2021.04.14-06.53.17:889][909]LogModuleManager: Shutting down and abandoning module CustomMeshComponent (424)
[2021.04.14-06.53.17:889][909]LogModuleManager: Shutting down and abandoning module CableComponent (422)
[2021.04.14-06.53.17:890][909]LogModuleManager: Shutting down and abandoning module AudioCapture (420)
[2021.04.14-06.53.17:890][909]LogModuleManager: Shutting down and abandoning module AudioCaptureRtAudio (419)
[2021.04.14-06.53.17:891][909]LogModuleManager: Shutting down and abandoning module AssetTags (416)
[2021.04.14-06.53.17:891][909]LogModuleManager: Shutting down and abandoning module ArchVisCharacter (414)
[2021.04.14-06.53.17:891][909]LogModuleManager: Shutting down and abandoning module AppleImageUtilsBlueprintSupport (412)
[2021.04.14-06.53.17:891][909]LogModuleManager: Shutting down and abandoning module AppleImageUtils (410)
[2021.04.14-06.53.17:892][909]LogModuleManager: Shutting down and abandoning module AndroidPermission (408)
[2021.04.14-06.53.17:892][909]LogModuleManager: Shutting down and abandoning module NUTUnrealEngine4 (406)
[2021.04.14-06.53.17:892][909]LogModuleManager: Shutting down and abandoning module NetcodeUnitTest (404)
[2021.04.14-06.53.17:893][909]LogModuleManager: Shutting down and abandoning module TemplateSequence (402)
[2021.04.14-06.53.17:893][909]LogModuleManager: Shutting down and abandoning module MovieRenderPipelineRenderPasses (400)
[2021.04.14-06.53.17:894][909]LogModuleManager: Shutting down and abandoning module MovieRenderPipelineSettings (398)
[2021.04.14-06.53.17:894][909]LogModuleManager: Shutting down and abandoning module MovieRenderPipelineCore (396)
[2021.04.14-06.53.17:894][909]LogModuleManager: Shutting down and abandoning module ImageWriteQueue (395)
[2021.04.14-06.53.17:899][909]LogModuleManager: Shutting down and abandoning module MediaCompositing (392)
[2021.04.14-06.53.17:899][909]LogModuleManager: Shutting down and abandoning module ImgMedia (390)
[2021.04.14-06.53.17:899][909]LogModuleManager: Shutting down and abandoning module MagicLeapSharedWorld (388)
[2021.04.14-06.53.17:899][909]LogModuleManager: Shutting down and abandoning module MagicLeapLightEstimation (386)
[2021.04.14-06.53.17:900][909]LogModuleManager: Shutting down and abandoning module MagicLeapHelperVulkan (384)
[2021.04.14-06.53.17:900][909]LogModuleManager: Shutting down and abandoning module MagicLeapHelperOpenGL (382)
[2021.04.14-06.53.17:900][909]LogModuleManager: Shutting down and abandoning module MagicLeapAudio (380)
[2021.04.14-06.53.17:901][909]LogModuleManager: Shutting down and abandoning module MeshSolverUtilities (378)
[2021.04.14-06.53.17:901][909]LogModuleManager: Shutting down and abandoning module MeshConversion (376)
[2021.04.14-06.53.17:901][909]LogModuleManager: Shutting down and abandoning module DynamicMesh (374)
[2021.04.14-06.53.17:902][909]LogModuleManager: Shutting down and abandoning module GeometryAlgorithms (372)
[2021.04.14-06.53.17:902][909]LogModuleManager: Shutting down and abandoning module GeometricObjects (370)
[2021.04.14-06.53.17:902][909]LogModuleManager: Shutting down and abandoning module GeometryCollectionTracks (368)
[2021.04.14-06.53.17:903][909]LogModuleManager: Shutting down and abandoning module GeometryCollectionSequencer (367)
[2021.04.14-06.53.17:903][909]LogModuleManager: Shutting down and abandoning module GeometryCacheTracks (364)
[2021.04.14-06.53.17:904][909]LogModuleManager: Shutting down and abandoning module GeometryCacheSequencer (363)
[2021.04.14-06.53.17:904][909]LogModuleManager: Shutting down and abandoning module GeometryCache (360)
[2021.04.14-06.53.17:904][909]LogModuleManager: Shutting down and abandoning module GeometryCacheEd (359)
[2021.04.14-06.53.17:904][909]LogModuleManager: Shutting down and abandoning module ChaosNiagara (356)
[2021.04.14-06.53.17:905][909]LogModuleManager: Shutting down and abandoning module ChaosCloth (354)
[2021.04.14-06.53.17:905][909]LogModuleManager: Shutting down and abandoning module BackChannel (352)
[2021.04.14-06.53.17:906][909]LogModuleManager: Shutting down and abandoning module AutomationUtils (350)
[2021.04.14-06.53.17:907][909]LogModuleManager: Shutting down and abandoning module VisualStudioSourceCodeAccess (348)
[2021.04.14-06.53.17:908][909]LogModuleManager: Shutting down and abandoning module HotReload (347)
[2021.04.14-06.53.17:908][909]LogModuleManager: Shutting down and abandoning module VisualStudioCodeSourceCodeAccess (344)
[2021.04.14-06.53.17:909][909]LogModuleManager: Shutting down and abandoning module UObjectPlugin (342)
[2021.04.14-06.53.17:909][909]LogModuleManager: Shutting down and abandoning module SubversionSourceControl (340)
[2021.04.14-06.53.17:909][909]LogModuleManager: Shutting down and abandoning module RiderSourceCodeAccess (338)
[2021.04.14-06.53.17:910][909]LogModuleManager: Shutting down and abandoning module PerforceSourceControl (336)
[2021.04.14-06.53.17:910][909]LogModuleManager: Shutting down and abandoning module SourceControl (335)
[2021.04.14-06.53.17:910][909]LogModuleManager: Shutting down and abandoning module CLionSourceCodeAccess (332)
[2021.04.14-06.53.17:911][909]LogModuleManager: Shutting down and abandoning module ActorLayerUtilities (330)
[2021.04.14-06.53.17:911][909]LogModuleManager: Shutting down and abandoning module GamesAssignmentTwo (328)
[2021.04.14-06.53.17:912][909]LogModuleManager: Shutting down and abandoning module SoundFields (326)
[2021.04.14-06.53.17:912][909]LogModuleManager: Shutting down and abandoning module SignificanceManager (324)
[2021.04.14-06.53.17:913][909]LogModuleManager: Shutting down and abandoning module RuntimePhysXCooking (322)
[2021.04.14-06.53.17:913][909]LogModuleManager: Shutting down and abandoning module PhysXVehiclesEditor (320)
[2021.04.14-06.53.17:913][909]LogModuleManager: Shutting down and abandoning module LocationServicesBPLibrary (316)
[2021.04.14-06.53.17:914][909]LogModuleManager: Shutting down and abandoning module ActorSequence (314)
[2021.04.14-06.53.17:914][909]LogModuleManager: Shutting down and abandoning module UdpMessaging (312)
[2021.04.14-06.53.17:914][909]LogModuleManager: Shutting down and abandoning module TcpMessaging (310)
[2021.04.14-06.53.17:915][909]LogModuleManager: Shutting down and abandoning module MagicLeapARPin (308)
[2021.04.14-06.53.17:915][909]LogModuleManager: Shutting down and abandoning module MagicLeapHandMeshing (306)
[2021.04.14-06.53.17:915][909]LogModuleManager: Shutting down and abandoning module MagicLeapSecureStorage (304)
[2021.04.14-06.53.17:916][909]LogModuleManager: Shutting down and abandoning module MagicLeapPrivileges (302)
[2021.04.14-06.53.17:918][909]LogModuleManager: Shutting down and abandoning module MagicLeapPlanes (300)
[2021.04.14-06.53.17:918][909]LogMagicLeapPlanes: Planes tracker already destroyed.
[2021.04.14-06.53.17:918][909]LogModuleManager: Shutting down and abandoning module MagicLeapImageTracker (298)
[2021.04.14-06.53.17:919][909]LogModuleManager: Shutting down and abandoning module MagicLeapIdentity (296)
[2021.04.14-06.53.17:919][909]LogModuleManager: Shutting down and abandoning module MagicLeapHandTracking (294)
[2021.04.14-06.53.17:920][909]LogModuleManager: Shutting down and abandoning module MagicLeapEyeTracker (292)
[2021.04.14-06.53.17:920][909]LogModuleManager: Shutting down and abandoning module MagicLeapController (290)
[2021.04.14-06.53.17:920][909]LogSlate: Slate User Destroyed.  User Index 0, Is Virtual User: 0
[2021.04.14-06.53.17:921][909]LogModuleManager: Shutting down and abandoning module MagicLeapARPinImpl (288)
[2021.04.14-06.53.17:921][909]LogModuleManager: Shutting down and abandoning module MagicLeapAR (286)
[2021.04.14-06.53.17:921][909]LogModuleManager: Shutting down and abandoning module AugmentedReality (285)
[2021.04.14-06.53.17:922][909]LogModuleManager: Shutting down and abandoning module NiagaraAnimNotifies (282)
[2021.04.14-06.53.17:922][909]LogModuleManager: Shutting down and abandoning module Niagara (280)
[2021.04.14-06.53.17:923][909]LogModuleManager: Shutting down and abandoning module SignalProcessing (279)
[2021.04.14-06.53.17:923][909]LogModuleManager: Shutting down and abandoning module NiagaraEditor (277)
[2021.04.14-06.53.17:923][909]LogModuleManager: Shutting down and abandoning module NiagaraCore (274)
[2021.04.14-06.53.17:924][909]LogModuleManager: Shutting down and abandoning module GameplayTagsEditor (272)
[2021.04.14-06.53.17:924][909]LogModuleManager: Shutting down and abandoning module FacialAnimation (270)
[2021.04.14-06.53.17:924][909]LogModuleManager: Shutting down and abandoning module AssetManagerEditor (268)
[2021.04.14-06.53.17:925][909]LogModuleManager: Shutting down and abandoning module TreeMap (267)
[2021.04.14-06.53.17:925][909]LogModuleManager: Shutting down and abandoning module AnimationSharing (264)
[2021.04.14-06.53.17:926][909]LogModuleManager: Shutting down and abandoning module LightPropagationVolumeRuntime (262)
[2021.04.14-06.53.17:927][909]LogModuleManager: Shutting down and abandoning module Paper2D (260)
[2021.04.14-06.53.17:928][909]LogModuleManager: Shutting down and abandoning module WindowsMoviePlayer (258)
[2021.04.14-06.53.17:929][909]LogModuleManager: Shutting down and abandoning module WebMMoviePlayer (256)
[2021.04.14-06.53.17:929][909]LogModuleManager: Shutting down and abandoning module NetworkReplayStreaming (254)
[2021.04.14-06.53.17:929][909]LogModuleManager: Shutting down and abandoning module PacketHandler (252)
[2021.04.14-06.53.17:929][909]LogModuleManager: Shutting down and abandoning module ClothingSystemEditor (250)
[2021.04.14-06.53.17:930][909]LogModuleManager: Shutting down and abandoning module ClothingSystemRuntimeNv (248)
[2021.04.14-06.53.17:930][909]LogModuleManager: Shutting down and abandoning module MediaAssets (246)
[2021.04.14-06.53.17:930][909]LogModuleManager: Shutting down and abandoning module Overlay (244)
[2021.04.14-06.53.17:931][909]LogModuleManager: Shutting down and abandoning module OverlayEditor (243)
[2021.04.14-06.53.17:931][909]LogModuleManager: Shutting down and abandoning module VREditor (240)
[2021.04.14-06.53.17:931][909]LogModuleManager: Shutting down and abandoning module StringTableEditor (238)
[2021.04.14-06.53.17:932][909]LogModuleManager: Shutting down and abandoning module GameplayTasksEditor (236)
[2021.04.14-06.53.17:932][909]LogModuleManager: Shutting down and abandoning module BehaviorTreeEditor (234)
[2021.04.14-06.53.17:933][909]LogModuleManager: Shutting down and abandoning module FunctionalTesting (232)
[2021.04.14-06.53.17:933][909]LogModuleManager: Shutting down and abandoning module CollisionAnalyzer (230)
[2021.04.14-06.53.17:933][909]LogModuleManager: Shutting down and abandoning module UMG (228)
[2021.04.14-06.53.17:934][909]LogModuleManager: Shutting down and abandoning module UMGEditor (227)
[2021.04.14-06.53.17:934][909]LogModuleManager: Shutting down and abandoning module Sequencer (226)
[2021.04.14-06.53.17:935][909]LogModuleManager: Shutting down and abandoning module MessageLog (223)
[2021.04.14-06.53.17:935][909]LogModuleManager: Shutting down and abandoning module MaterialEditor (221)
[2021.04.14-06.53.17:936][909]LogModuleManager: Shutting down and abandoning module ContentBrowser (220)
[2021.04.14-06.53.17:938][909]LogModuleManager: Shutting down and abandoning module WorkspaceMenuStructure (219)
[2021.04.14-06.53.17:938][909]LogModuleManager: Shutting down and abandoning module CollectionManager (217)
[2021.04.14-06.53.17:939][909]LogModuleManager: Shutting down and abandoning module DirectoryWatcher (216)
[2021.04.14-06.53.17:939][909]LogModuleManager: Shutting down and abandoning module SlateReflector (208)
[2021.04.14-06.53.17:939][909]LogModuleManager: Shutting down and abandoning module Slate (206)
[2021.04.14-06.53.17:939][909]LogModuleManager: Shutting down and abandoning module SlateCore (204)
[2021.04.14-06.53.17:940][909]LogModuleManager: Shutting down and abandoning module LandscapeEditorUtilities (202)
[2021.04.14-06.53.17:940][909]LogModuleManager: Shutting down and abandoning module EditorStyle (200)
[2021.04.14-06.53.17:941][909]LogModuleManager: Shutting down and abandoning module UnrealEd (198)
[2021.04.14-06.53.17:941][909]LogModuleManager: Shutting down and abandoning module MRMesh (196)
[2021.04.14-06.53.17:941][909]LogModuleManager: Shutting down and abandoning module Messaging (194)
[2021.04.14-06.53.17:942][909]LogModuleManager: Shutting down and abandoning module SourceCodeAccess (192)
[2021.04.14-06.53.17:942][909]LogModuleManager: Shutting down and abandoning module HeadMountedDisplay (190)
[2021.04.14-06.53.17:942][909]LogModuleManager: Shutting down and abandoning module XAudio2 (188)
[2021.04.14-06.53.17:943][909]LogModuleManager: Shutting down and abandoning module Networking (186)
[2021.04.14-06.53.17:943][909]LogModuleManager: Shutting down and abandoning module Core (184)
[2021.04.14-06.53.17:943][909]LogModuleManager: Shutting down and abandoning module MovieSceneTools (182)
[2021.04.14-06.53.17:944][909]LogModuleManager: Shutting down and abandoning module KismetCompiler (180)
[2021.04.14-06.53.17:944][909]LogModuleManager: Shutting down and abandoning module MeshBuilder (178)
[2021.04.14-06.53.17:945][909]LogModuleManager: Shutting down and abandoning module MeshUtilities (176)
[2021.04.14-06.53.17:945][909]LogModuleManager: Shutting down and abandoning module MeshMergeUtilities (175)
[2021.04.14-06.53.17:945][909]LogModuleManager: Shutting down and abandoning module MeshReductionInterface (174)
[2021.04.14-06.53.17:946][909]LogModuleManager: Shutting down and abandoning module MeshBoneReduction (173)
[2021.04.14-06.53.17:947][909]LogModuleManager: Shutting down and abandoning module SkeletalMeshReduction (171)
[2021.04.14-06.53.17:949][909]LogModuleManager: Shutting down and abandoning module ProxyLODMeshReduction (169)
[2021.04.14-06.53.17:949][909]LogModuleManager: Shutting down and abandoning module QuadricMeshReduction (167)
[2021.04.14-06.53.17:950][909]LogModuleManager: Shutting down and abandoning module MaterialBaking (163)
[2021.04.14-06.53.17:950][909]LogModuleManager: Shutting down and abandoning module NullInstallBundleManager (158)
[2021.04.14-06.53.17:951][909]LogModuleManager: Shutting down and abandoning module PIEPreviewDeviceProfileSelector (156)
[2021.04.14-06.53.17:951][909]LogModuleManager: Shutting down and abandoning module DerivedDataCache (154)
[2021.04.14-06.53.17:951][909]LogModuleManager: Shutting down and abandoning module XGEController (152)
[2021.04.14-06.53.17:952][909]LogModuleManager: Shutting down and abandoning module TargetPlatform (150)
[2021.04.14-06.53.17:952][909]LogModuleManager: Shutting down and abandoning module VulkanShaderFormat (149)
[2021.04.14-06.53.17:952][909]LogModuleManager: Shutting down and abandoning module ShaderFormatVectorVM (147)
[2021.04.14-06.53.17:953][909]LogModuleManager: Shutting down and abandoning module ShaderFormatOpenGL (145)
[2021.04.14-06.53.17:953][909]LogModuleManager: Shutting down and abandoning module ShaderFormatD3D (143)
[2021.04.14-06.53.17:953][909]LogModuleManager: Shutting down and abandoning module MetalShaderFormat (141)
[2021.04.14-06.53.17:954][909]LogModuleManager: Shutting down and abandoning module TextureFormatUncompressed (139)
[2021.04.14-06.53.17:954][909]LogModuleManager: Shutting down and abandoning module TextureFormatPVR (137)
[2021.04.14-06.53.17:954][909]LogModuleManager: Shutting down and abandoning module TextureFormatDXT (135)
[2021.04.14-06.53.17:955][909]LogModuleManager: Shutting down and abandoning module TextureFormatIntelISPCTexComp (133)
[2021.04.14-06.53.17:955][909]LogModuleManager: Shutting down and abandoning module TextureFormatASTC (131)
[2021.04.14-06.53.17:956][909]LogModuleManager: Shutting down and abandoning module ImageWrapper (130)
[2021.04.14-06.53.17:956][909]LogModuleManager: Shutting down and abandoning module TextureFormatAndroid (127)
[2021.04.14-06.53.17:956][909]LogModuleManager: Shutting down and abandoning module AudioFormatOpus (125)
[2021.04.14-06.53.17:957][909]LogModuleManager: Shutting down and abandoning module AudioFormatOgg (123)
[2021.04.14-06.53.17:959][909]LogModuleManager: Shutting down and abandoning module AudioFormatADPCM (121)
[2021.04.14-06.53.17:959][909]LogModuleManager: Shutting down and abandoning module WindowsServerTargetPlatform (119)
[2021.04.14-06.53.17:959][909]LogModuleManager: Shutting down and abandoning module WindowsClientTargetPlatform (117)
[2021.04.14-06.53.17:960][909]LogModuleManager: Shutting down and abandoning module WindowsTargetPlatform (115)
[2021.04.14-06.53.17:960][909]LogModuleManager: Shutting down and abandoning module WindowsNoEditorTargetPlatform (113)
[2021.04.14-06.53.17:960][909]LogModuleManager: Shutting down and abandoning module InputCore (110)
[2021.04.14-06.53.17:961][909]LogModuleManager: Shutting down and abandoning module Settings (108)
[2021.04.14-06.53.17:961][909]LogModuleManager: Shutting down and abandoning module PhysXCooking (106)
[2021.04.14-06.53.17:962][909]LogModuleManager: Shutting down and abandoning module ChaosSolvers (104)
[2021.04.14-06.53.17:962][909]LogModuleManager: Shutting down and abandoning module FieldSystemEngine (103)
[2021.04.14-06.53.17:962][909]LogModuleManager: Shutting down and abandoning module Chaos (100)
[2021.04.14-06.53.17:963][909]LogModuleManager: Shutting down and abandoning module WindowsPlatformFeatures (98)
[2021.04.14-06.53.17:963][909]LogModuleManager: Shutting down and abandoning module GameplayMediaEncoder (97)
[2021.04.14-06.53.17:963][909]LogModuleManager: Shutting down and abandoning module AVEncoder (96)
[2021.04.14-06.53.17:964][909]LogModuleManager: Shutting down and abandoning module SteamVRInputDevice (92)
[2021.04.14-06.53.17:964][909]LogModuleManager: Shutting down and abandoning module SteamVRInput (90)
[2021.04.14-06.53.17:964][909]LogModuleManager: Shutting down and abandoning module SteamVR (88)
[2021.04.14-06.53.17:965][909]LogHMD: Freeing OpenVRDLLHandle.
[2021.04.14-06.53.17:965][909]LogModuleManager: Shutting down and abandoning module OculusHMD (86)
[2021.04.14-06.53.17:965][909]LogModuleManager: Shutting down and abandoning module ExampleDeviceProfileSelector (84)
[2021.04.14-06.53.17:966][909]LogModuleManager: Shutting down and abandoning module LauncherChunkInstaller (82)
[2021.04.14-06.53.17:966][909]LogModuleManager: Shutting down and abandoning module OnlineBlueprintSupport (80)
[2021.04.14-06.53.17:966][909]LogModuleManager: Shutting down and abandoning module OnlineSubsystem (76)
[2021.04.14-06.53.17:967][909]LogModuleManager: Shutting down and abandoning module XMPP (71)
[2021.04.14-06.53.17:969][909]LogModuleManager: Shutting down and abandoning module WebSockets (70)
[2021.04.14-06.53.17:997][909]LogModuleManager: Shutting down and abandoning module HTTP (67)
[2021.04.14-06.53.18:010][909]LogModuleManager: Shutting down and abandoning module SSL (66)
[2021.04.14-06.53.18:011][909]LogModuleManager: Shutting down and abandoning module WmfMedia (62)
[2021.04.14-06.53.18:012][909]LogModuleManager: Shutting down and abandoning module Media (61)
[2021.04.14-06.53.18:013][909]LogModuleManager: Shutting down and abandoning module MagicLeap (58)
[2021.04.14-06.53.18:013][909]LogModuleManager: Shutting down and abandoning module NiagaraVertexFactories (56)
[2021.04.14-06.53.18:013][909]LogModuleManager: Shutting down and abandoning module NiagaraShader (54)
[2021.04.14-06.53.18:013][909]LogModuleManager: Shutting down and abandoning module VariantManagerContent (52)
[2021.04.14-06.53.18:014][909]LogModuleManager: Shutting down and abandoning module DatasmithContent (50)
[2021.04.14-06.53.18:014][909]LogModuleManager: Shutting down and abandoning module AISupportModule (48)
[2021.04.14-06.53.18:014][909]LogModuleManager: Shutting down and abandoning module DesktopPlatform (46)
[2021.04.14-06.53.18:015][909]LogModuleManager: Shutting down and abandoning module PlatformCryptoOpenSSL (44)
[2021.04.14-06.53.18:016][909]LogModuleManager: Shutting down and abandoning module PlatformCryptoTypes (42)
[2021.04.14-06.53.18:016][909]LogModuleManager: Shutting down and abandoning module PlatformCrypto (40)
[2021.04.14-06.53.18:016][909]LogModuleManager: Shutting down and abandoning module AnimationModifiers (38)
[2021.04.14-06.53.18:017][909]LogModuleManager: Shutting down and abandoning module PropertyEditor (37)
[2021.04.14-06.53.18:017][909]LogModuleManager: Shutting down and abandoning module AudioEditor (34)
[2021.04.14-06.53.18:017][909]LogModuleManager: Shutting down and abandoning module TextureCompressor (32)
[2021.04.14-06.53.18:018][909]LogModuleManager: Shutting down and abandoning module RenderCore (30)
[2021.04.14-06.53.18:018][909]LogModuleManager: Shutting down and abandoning module Landscape (28)
[2021.04.14-06.53.18:018][909]LogModuleManager: Shutting down and abandoning module SlateRHIRenderer (26)
[2021.04.14-06.53.18:019][909]LogModuleManager: Shutting down and abandoning module OpenGLDrv (24)
[2021.04.14-06.53.18:019][909]LogModuleManager: Shutting down and abandoning module D3D11RHI (22)
[2021.04.14-06.53.18:019][909]LogModuleManager: Shutting down and abandoning module AnimGraphRuntime (20)
[2021.04.14-06.53.18:020][909]LogModuleManager: Shutting down and abandoning module Renderer (18)
[2021.04.14-06.53.18:020][909]LogModuleManager: Shutting down and abandoning module Engine (16)
[2021.04.14-06.53.18:020][909]LogModuleManager: Shutting down and abandoning module CoreUObject (14)
[2021.04.14-06.53.18:021][909]LogModuleManager: Shutting down and abandoning module NetworkFile (12)
[2021.04.14-06.53.18:021][909]LogModuleManager: Shutting down and abandoning module CookedIterativeFile (10)
[2021.04.14-06.53.18:021][909]LogModuleManager: Shutting down and abandoning module StreamingFile (8)
[2021.04.14-06.53.18:022][909]LogModuleManager: Shutting down and abandoning module SandboxFile (6)
[2021.04.14-06.53.18:022][909]LogModuleManager: Shutting down and abandoning module PakFile (4)
[2021.04.14-06.53.18:022][909]LogModuleManager: Shutting down and abandoning module RSA (3)
[2021.04.14-06.53.18:318][909]LogContentStreaming: Display: There are 1 unreleased StreamingManagers
[2021.04.14-06.53.18:319][909]LogD3D11RHI: Shutdown
[2021.04.14-06.53.18:319][909]LogD3D11RHI: CleanupD3DDevice
[2021.04.14-06.53.18:334][909]LogExit: Exiting.
[2021.04.14-06.53.18:350][909]Log file closed, 04/14/21 07:53:18
