Log file open, 04/14/21 09:15:45
LogInit: Display: Running engine for game: GamesAssignmentTwo
LogPlatformFile: Not using cached read wrapper
LogTaskGraph: Started task graph with 5 named threads and 71 total threads with 3 sets of task threads.
LogStats: Stats thread started at 0.210481
LogD3D11RHI: Loaded GFSDK_Aftermath_Lib.x64.dll
LogICUInternationalization: ICU TimeZone Detection - Raw Offset: +0:00, Platform Override: ''
LogPluginManager: Mounting plugin Paper2D
LogPluginManager: Mounting plugin AISupport
LogPluginManager: Mounting plugin LightPropagationVolume
LogPluginManager: Mounting plugin CameraShakePreviewer
LogPluginManager: Mounting plugin ActorLayerUtilities
LogPluginManager: Mounting plugin AnimationSharing
LogPluginManager: Mounting plugin CLionSourceCodeAccess
LogPluginManager: Mounting plugin CodeLiteSourceCodeAccess
LogPluginManager: Mounting plugin GitSourceControl
LogPluginManager: Mounting plugin KDevelopSourceCodeAccess
LogPluginManager: Mounting plugin NullSourceCodeAccess
LogPluginManager: Mounting plugin PerforceSourceControl
LogPluginManager: Mounting plugin PlasticSourceControl
LogPluginManager: Mounting plugin RiderSourceCodeAccess
LogPluginManager: Mounting plugin SubversionSourceControl
LogPluginManager: Mounting plugin UObjectPlugin
LogPluginManager: Mounting plugin VisualStudioCodeSourceCodeAccess
LogPluginManager: Mounting plugin VisualStudioSourceCodeAccess
LogPluginManager: Mounting plugin XCodeSourceCodeAccess
LogPluginManager: Mounting plugin AssetManagerEditor
LogPluginManager: Mounting plugin CryptoKeys
LogPluginManager: Mounting plugin CurveEditorTools
LogPluginManager: Mounting plugin DataValidation
LogPluginManager: Mounting plugin EditorScriptingUtilities
LogPluginManager: Mounting plugin FacialAnimation
LogPluginManager: Mounting plugin GameplayTagsEditor
LogPluginManager: Mounting plugin GeometryMode
LogPluginManager: Mounting plugin MacGraphicsSwitching
LogPluginManager: Mounting plugin MaterialAnalyzer
LogPluginManager: Mounting plugin MobileLauncherProfileWizard
LogPluginManager: Mounting plugin PluginBrowser
LogPluginManager: Mounting plugin SpeedTreeImporter
LogPluginManager: Mounting plugin DatasmithContent
LogPluginManager: Mounting plugin VariantManagerContent
LogPluginManager: Mounting plugin AlembicImporter
LogPluginManager: Mounting plugin AutomationUtils
LogPluginManager: Mounting plugin BackChannel
LogPluginManager: Mounting plugin ChaosCloth
LogPluginManager: Mounting plugin ChaosClothEditor
LogPluginManager: Mounting plugin ChaosEditor
LogPluginManager: Mounting plugin ChaosNiagara
LogPluginManager: Mounting plugin ChaosSolverPlugin
LogPluginManager: Mounting plugin CharacterAI
LogPluginManager: Mounting plugin GeometryCache
LogPluginManager: Mounting plugin GeometryCollectionPlugin
LogPluginManager: Mounting plugin GeometryProcessing
LogPluginManager: Mounting plugin PlanarCut
LogPluginManager: Mounting plugin PlatformCrypto
LogPluginManager: Mounting plugin ProxyLODPlugin
LogPluginManager: Mounting plugin SkeletalReduction
LogPluginManager: Mounting plugin Niagara
LogPluginManager: Mounting plugin MagicLeap
LogPluginManager: Mounting plugin MagicLeapLightEstimation
LogPluginManager: Mounting plugin MagicLeapMedia
LogPluginManager: Mounting plugin MagicLeapPassableWorld
LogPluginManager: Mounting plugin MLSDK
LogPluginManager: Mounting plugin AndroidMedia
LogPluginManager: Mounting plugin AvfMedia
LogPluginManager: Mounting plugin ImgMedia
LogPluginManager: Mounting plugin MediaCompositing
LogPluginManager: Mounting plugin MediaPlayerEditor
LogPluginManager: Mounting plugin WebMMedia
LogPluginManager: Mounting plugin WmfMedia
LogPluginManager: Mounting plugin MeshPainting
LogPluginManager: Mounting plugin TcpMessaging
LogPluginManager: Mounting plugin UdpMessaging
LogPluginManager: Mounting plugin ActorSequence
LogPluginManager: Mounting plugin LevelSequenceEditor
LogPluginManager: Mounting plugin MatineeToLevelSequence
LogPluginManager: Mounting plugin MovieRenderPipeline
LogPluginManager: Mounting plugin TemplateSequence
LogPluginManager: Mounting plugin NetcodeUnitTest
LogPluginManager: Mounting plugin NUTUnrealEngine4
LogPluginManager: Mounting plugin OnlineSubsystemGooglePlay
LogPluginManager: Mounting plugin OnlineSubsystemIOS
LogPluginManager: Mounting plugin OnlineSubsystem
LogPluginManager: Mounting plugin OnlineSubsystemNull
LogPluginManager: Mounting plugin OnlineSubsystemUtils
LogPluginManager: Mounting plugin LauncherChunkInstaller
LogPluginManager: Mounting plugin AndroidDeviceProfileSelector
LogPluginManager: Mounting plugin AndroidMoviePlayer
LogPluginManager: Mounting plugin AndroidPermission
LogPluginManager: Mounting plugin AppleImageUtils
LogPluginManager: Mounting plugin AppleMoviePlayer
LogPluginManager: Mounting plugin ArchVisCharacter
LogPluginManager: Mounting plugin AssetTags
LogPluginManager: Mounting plugin AudioCapture
LogPluginManager: Mounting plugin CableComponent
LogPluginManager: Mounting plugin CustomMeshComponent
LogPluginManager: Mounting plugin EditableMesh
LogPluginManager: Mounting plugin ExampleDeviceProfileSelector
LogPluginManager: Mounting plugin GoogleCloudMessaging
LogPluginManager: Mounting plugin GooglePAD
LogPluginManager: Mounting plugin IOSDeviceProfileSelector
LogPluginManager: Mounting plugin LinuxDeviceProfileSelector
LogPluginManager: Mounting plugin LocationServicesBPLibrary
LogPluginManager: Mounting plugin MobilePatchingUtils
LogPluginManager: Mounting plugin OculusVR
LogPluginManager: Mounting plugin PhysXVehicles
LogPluginManager: Mounting plugin PostSplashScreen
LogPluginManager: Mounting plugin ProceduralMeshComponent
LogPluginManager: Mounting plugin RuntimePhysXCooking
LogPluginManager: Mounting plugin SignificanceManager
LogPluginManager: Mounting plugin SoundFields
LogPluginManager: Mounting plugin SteamVR
LogPluginManager: Mounting plugin Synthesis
LogPluginManager: Mounting plugin WebMMoviePlayer
LogPluginManager: Mounting plugin WindowsMoviePlayer
LogPluginManager: Mounting plugin ScreenshotTools
LogInit: Using libcurl 7.55.1-DEV
LogInit:  - built for x86_64-pc-win32
LogInit:  - supports SSL with OpenSSL/1.1.1
LogInit:  - supports HTTP deflate (compression) using libz 1.2.8
LogInit:  - other features:
LogInit:      CURL_VERSION_SSL
LogInit:      CURL_VERSION_LIBZ
LogInit:      CURL_VERSION_IPV6
LogInit:      CURL_VERSION_ASYNCHDNS
LogInit:      CURL_VERSION_LARGEFILE
LogInit:      CURL_VERSION_IDN
LogInit:  CurlRequestOptions (configurable via config and command line):
LogInit:  - bVerifyPeer = true  - Libcurl will verify peer certificate
LogInit:  - bUseHttpProxy = false  - Libcurl will NOT use HTTP proxy
LogInit:  - bDontReuseConnections = false  - Libcurl will reuse connections
LogInit:  - MaxHostConnections = 16  - Libcurl will limit the number of connections to a host
LogInit:  - LocalHostAddr = Default
LogInit:  - BufferSize = 65536
LogOnline: OSS: Creating online subsystem instance for: NULL
LogInit: WinSock: version 1.1 (2.2), MaxSocks=32767, MaxUdp=65467
LogOnline: OSS: TryLoadSubsystemAndSetDefault: Loaded subsystem for module [NULL]
LogInit: Build: ++UE4+Release-4.25-CL-14469661
LogInit: Engine Version: 4.25.4-14469661+++UE4+Release-4.25
LogInit: Compatible Engine Version: 4.25.0-13144385+++UE4+Release-4.25
LogInit: Net CL: 13144385
LogInit: OS: Windows 10 (Release 2009) (), CPU: AMD Ryzen 9 3900X 12-Core Processor            , GPU: NVIDIA GeForce GTX 1060 6GB
LogInit: Compiled (64-bit): Oct 11 2020 08:10:49
LogInit: Compiled with Visual C++: 19.24.28315.00
LogInit: Build Configuration: Development
LogInit: Branch Name: ++UE4+Release-4.25
LogInit: Command Line: -log -game
LogInit: Base Directory: E:/UNREAL ENGINE/UE_4.25/Engine/Binaries/Win64/
LogInit: Allocator: TBB
LogInit: Installed Engine Build: 1
LogDevObjectVersion: Number of dev versions registered: 26
LogDevObjectVersion:   Dev-Blueprints (B0D832E4-1F89-4F0D-ACCF-7EB736FD4AA2): 10
LogDevObjectVersion:   Dev-Build (E1C64328-A22C-4D53-A36C-8E866417BD8C): 0
LogDevObjectVersion:   Dev-Core (375EC13C-06E4-48FB-B500-84F0262A717E): 4
LogDevObjectVersion:   Dev-Editor (E4B068ED-F494-42E9-A231-DA0B2E46BB41): 38
LogDevObjectVersion:   Dev-Framework (CFFC743F-43B0-4480-9391-14DF171D2073): 37
LogDevObjectVersion:   Dev-Mobile (B02B49B5-BB20-44E9-A304-32B752E40360): 2
LogDevObjectVersion:   Dev-Networking (A4E4105C-59A1-49B5-A7C5-40C4547EDFEE): 0
LogDevObjectVersion:   Dev-Online (39C831C9-5AE6-47DC-9A44-9C173E1C8E7C): 0
LogDevObjectVersion:   Dev-Physics (78F01B33-EBEA-4F98-B9B4-84EACCB95AA2): 4
LogDevObjectVersion:   Dev-Platform (6631380F-2D4D-43E0-8009-CF276956A95A): 0
LogDevObjectVersion:   Dev-Rendering (12F88B9F-8875-4AFC-A67C-D90C383ABD29): 43
LogDevObjectVersion:   Dev-Sequencer (7B5AE74C-D270-4C10-A958-57980B212A5A): 12
LogDevObjectVersion:   Dev-VR (D7296918-1DD6-4BDD-9DE2-64A83CC13884): 3
LogDevObjectVersion:   Dev-LoadTimes (C2A15278-BFE7-4AFE-6C17-90FF531DF755): 1
LogDevObjectVersion:   Private-Geometry (6EACA3D4-40EC-4CC1-B786-8BED09428FC5): 3
LogDevObjectVersion:   Dev-AnimPhys (29E575DD-E0A3-4627-9D10-D276232CDCEA): 17
LogDevObjectVersion:   Dev-Anim (AF43A65D-7FD3-4947-9873-3E8ED9C1BB05): 7
LogDevObjectVersion:   Dev-ReflectionCapture (6B266CEC-1EC7-4B8F-A30B-E4D90942FC07): 1
LogDevObjectVersion:   Dev-Automation (0DF73D61-A23F-47EA-B727-89E90C41499A): 1
LogDevObjectVersion:   FortniteMain (601D1886-AC64-4F84-AA16-D3DE0DEAC7D6): 31
LogDevObjectVersion:   Dev-Enterprise (9DFFBCD6-494F-0158-E221-12823C92A888): 10
LogDevObjectVersion:   Dev-Niagara (F2AED0AC-9AFE-416F-8664-AA7FFA26D6FC): 1
LogDevObjectVersion:   Dev-Destruction (174F1F0B-B4C6-45A5-B13F-2EE8D0FB917D): 10
LogDevObjectVersion:   Dev-Physics-Ext (35F94A83-E258-406C-A318-09F59610247C): 37
LogDevObjectVersion:   Dev-PhysicsMaterial-Chaos (B68FC16E-8B1B-42E2-B453-215C058844FE): 1
LogDevObjectVersion:   Dev-CineCamera (B2E18506-4273-CFC2-A54E-F4BB758BBA07): 1
LogInit: Presizing for max 25165824 objects, including 0 objects not considered by GC, pre-allocating 0 bytes for permanent pool.
LogConfig: Applying CVar settings from Section [/Script/Engine.StreamingSettings] File [C:/Users/aveng/Documents/GitHub/GamesAssignment2-SecondYear/Games Assignment Two/GamesAssignmentTwo/Saved/Config/Windows/Engine.ini]
LogConfig: Setting CVar [[s.MinBulkDataSizeForAsyncLoading:131072]]
LogConfig: Setting CVar [[s.AsyncLoadingThreadEnabled:0]]
LogConfig: Setting CVar [[s.EventDrivenLoaderEnabled:1]]
LogConfig: Setting CVar [[s.WarnIfTimeLimitExceeded:0]]
LogConfig: Setting CVar [[s.TimeLimitExceededMultiplier:1.5]]
LogConfig: Setting CVar [[s.TimeLimitExceededMinTime:0.005]]
LogConfig: Setting CVar [[s.UseBackgroundLevelStreaming:1]]
LogConfig: Setting CVar [[s.PriorityAsyncLoadingExtraTime:15.0]]
LogConfig: Setting CVar [[s.LevelStreamingActorsUpdateTimeLimit:5.0]]
LogConfig: Setting CVar [[s.PriorityLevelStreamingActorsUpdateExtraTime:5.0]]
LogConfig: Setting CVar [[s.LevelStreamingComponentsRegistrationGranularity:10]]
LogConfig: Setting CVar [[s.UnregisterComponentsTimeLimit:1.0]]
LogConfig: Setting CVar [[s.LevelStreamingComponentsUnregistrationGranularity:5]]
LogConfig: Setting CVar [[s.FlushStreamingOnExit:1]]
LogInit: Object subsystem initialized
LogConfig: Setting CVar [[con.DebugEarlyDefault:1]]
LogConfig: Setting CVar [[r.setres:1280x720]]
[2021.04.14-08.15.46:237][  0]LogConfig: Setting CVar [[con.DebugEarlyDefault:1]]
[2021.04.14-08.15.46:237][  0]LogConfig: Setting CVar [[r.setres:1280x720]]
[2021.04.14-08.15.46:238][  0]LogConfig: Applying CVar settings from Section [/Script/Engine.RendererSettings] File [C:/Users/aveng/Documents/GitHub/GamesAssignment2-SecondYear/Games Assignment Two/GamesAssignmentTwo/Saved/Config/Windows/Engine.ini]
[2021.04.14-08.15.46:239][  0]LogConfig: Setting CVar [[r.GPUCrashDebugging:0]]
[2021.04.14-08.15.46:239][  0]LogConfig: Applying CVar settings from Section [/Script/Engine.RendererOverrideSettings] File [C:/Users/aveng/Documents/GitHub/GamesAssignment2-SecondYear/Games Assignment Two/GamesAssignmentTwo/Saved/Config/Windows/Engine.ini]
[2021.04.14-08.15.46:240][  0]LogConfig: Applying CVar settings from Section [/Script/Engine.StreamingSettings] File [C:/Users/aveng/Documents/GitHub/GamesAssignment2-SecondYear/Games Assignment Two/GamesAssignmentTwo/Saved/Config/Windows/Engine.ini]
[2021.04.14-08.15.46:241][  0]LogConfig: Setting CVar [[s.MinBulkDataSizeForAsyncLoading:131072]]
[2021.04.14-08.15.46:242][  0]LogConfig: Setting CVar [[s.AsyncLoadingThreadEnabled:0]]
[2021.04.14-08.15.46:242][  0]LogConfig: Setting CVar [[s.EventDrivenLoaderEnabled:1]]
[2021.04.14-08.15.46:243][  0]LogConfig: Setting CVar [[s.WarnIfTimeLimitExceeded:0]]
[2021.04.14-08.15.46:244][  0]LogConfig: Setting CVar [[s.TimeLimitExceededMultiplier:1.5]]
[2021.04.14-08.15.46:244][  0]LogConfig: Setting CVar [[s.TimeLimitExceededMinTime:0.005]]
[2021.04.14-08.15.46:245][  0]LogConfig: Setting CVar [[s.UseBackgroundLevelStreaming:1]]
[2021.04.14-08.15.46:246][  0]LogConfig: Setting CVar [[s.PriorityAsyncLoadingExtraTime:15.0]]
[2021.04.14-08.15.46:246][  0]LogConfig: Setting CVar [[s.LevelStreamingActorsUpdateTimeLimit:5.0]]
[2021.04.14-08.15.46:247][  0]LogConfig: Setting CVar [[s.PriorityLevelStreamingActorsUpdateExtraTime:5.0]]
[2021.04.14-08.15.46:248][  0]LogConfig: Setting CVar [[s.LevelStreamingComponentsRegistrationGranularity:10]]
[2021.04.14-08.15.46:248][  0]LogConfig: Setting CVar [[s.UnregisterComponentsTimeLimit:1.0]]
[2021.04.14-08.15.46:249][  0]LogConfig: Setting CVar [[s.LevelStreamingComponentsUnregistrationGranularity:5]]
[2021.04.14-08.15.46:249][  0]LogConfig: Setting CVar [[s.FlushStreamingOnExit:1]]
[2021.04.14-08.15.46:250][  0]LogConfig: Applying CVar settings from Section [/Script/Engine.GarbageCollectionSettings] File [C:/Users/aveng/Documents/GitHub/GamesAssignment2-SecondYear/Games Assignment Two/GamesAssignmentTwo/Saved/Config/Windows/Engine.ini]
[2021.04.14-08.15.46:252][  0]LogConfig: Setting CVar [[gc.MaxObjectsNotConsideredByGC:1]]
[2021.04.14-08.15.46:252][  0]LogConfig: Setting CVar [[gc.SizeOfPermanentObjectPool:0]]
[2021.04.14-08.15.46:253][  0]LogConfig: Setting CVar [[gc.FlushStreamingOnGC:0]]
[2021.04.14-08.15.46:253][  0]LogConfig: Setting CVar [[gc.NumRetriesBeforeForcingGC:10]]
[2021.04.14-08.15.46:254][  0]LogConfig: Setting CVar [[gc.AllowParallelGC:1]]
[2021.04.14-08.15.46:254][  0]LogConfig: Setting CVar [[gc.TimeBetweenPurgingPendingKillObjects:61.1]]
[2021.04.14-08.15.46:255][  0]LogConfig: Setting CVar [[gc.MaxObjectsInEditor:25165824]]
[2021.04.14-08.15.46:255][  0]LogConfig: Setting CVar [[gc.IncrementalBeginDestroyEnabled:1]]
[2021.04.14-08.15.46:256][  0]LogConfig: Setting CVar [[gc.CreateGCClusters:1]]
[2021.04.14-08.15.46:256][  0]LogConfig: Setting CVar [[gc.MinGCClusterSize:5]]
[2021.04.14-08.15.46:257][  0]LogConfig: Setting CVar [[gc.ActorClusteringEnabled:0]]
[2021.04.14-08.15.46:257][  0]LogConfig: Setting CVar [[gc.BlueprintClusteringEnabled:0]]
[2021.04.14-08.15.46:259][  0]LogConfig: Setting CVar [[gc.UseDisregardForGCOnDedicatedServers:0]]
[2021.04.14-08.15.46:260][  0]LogConfig: Applying CVar settings from Section [/Script/Engine.NetworkSettings] File [C:/Users/aveng/Documents/GitHub/GamesAssignment2-SecondYear/Games Assignment Two/GamesAssignmentTwo/Saved/Config/Windows/Engine.ini]
[2021.04.14-08.15.46:262][  0]LogConfig: Applying CVar settings from Section [/Script/UnrealEd.CookerSettings] File [C:/Users/aveng/Documents/GitHub/GamesAssignment2-SecondYear/Games Assignment Two/GamesAssignmentTwo/Saved/Config/Windows/Engine.ini]
[2021.04.14-08.15.46:267][  0]LogConfig: Applying CVar settings from Section [ViewDistanceQuality@3] File [C:/Users/aveng/Documents/GitHub/GamesAssignment2-SecondYear/Games Assignment Two/GamesAssignmentTwo/Saved/Config/Windows/Scalability.ini]
[2021.04.14-08.15.46:268][  0]LogConfig: Setting CVar [[r.SkeletalMeshLODBias:0]]
[2021.04.14-08.15.46:268][  0]LogConfig: Setting CVar [[r.ViewDistanceScale:1.0]]
[2021.04.14-08.15.46:269][  0]LogConfig: Applying CVar settings from Section [AntiAliasingQuality@3] File [C:/Users/aveng/Documents/GitHub/GamesAssignment2-SecondYear/Games Assignment Two/GamesAssignmentTwo/Saved/Config/Windows/Scalability.ini]
[2021.04.14-08.15.46:269][  0]LogConfig: Setting CVar [[r.PostProcessAAQuality:4]]
[2021.04.14-08.15.46:270][  0]LogConfig: Applying CVar settings from Section [ShadowQuality@3] File [C:/Users/aveng/Documents/GitHub/GamesAssignment2-SecondYear/Games Assignment Two/GamesAssignmentTwo/Saved/Config/Windows/Scalability.ini]
[2021.04.14-08.15.46:270][  0]LogConfig: Setting CVar [[r.LightFunctionQuality:1]]
[2021.04.14-08.15.46:271][  0]LogConfig: Setting CVar [[r.ShadowQuality:5]]
[2021.04.14-08.15.46:272][  0]LogConfig: Setting CVar [[r.Shadow.CSM.MaxCascades:10]]
[2021.04.14-08.15.46:273][  0]LogConfig: Setting CVar [[r.Shadow.MaxResolution:2048]]
[2021.04.14-08.15.46:274][  0]LogConfig: Setting CVar [[r.Shadow.MaxCSMResolution:2048]]
[2021.04.14-08.15.46:274][  0]LogConfig: Setting CVar [[r.Shadow.RadiusThreshold:0.01]]
[2021.04.14-08.15.46:275][  0]LogConfig: Setting CVar [[r.Shadow.DistanceScale:1.0]]
[2021.04.14-08.15.46:276][  0]LogConfig: Setting CVar [[r.Shadow.CSM.TransitionScale:1.0]]
[2021.04.14-08.15.46:277][  0]LogConfig: Setting CVar [[r.Shadow.PreShadowResolutionFactor:1.0]]
[2021.04.14-08.15.46:278][  0]LogConfig: Setting CVar [[r.DistanceFieldShadowing:1]]
[2021.04.14-08.15.46:278][  0]LogConfig: Setting CVar [[r.DistanceFieldAO:1]]
[2021.04.14-08.15.46:279][  0]LogConfig: Setting CVar [[r.AOQuality:2]]
[2021.04.14-08.15.46:280][  0]LogConfig: Setting CVar [[r.VolumetricFog:1]]
[2021.04.14-08.15.46:280][  0]LogConfig: Setting CVar [[r.VolumetricFog.GridPixelSize:8]]
[2021.04.14-08.15.46:281][  0]LogConfig: Setting CVar [[r.VolumetricFog.GridSizeZ:128]]
[2021.04.14-08.15.46:282][  0]LogConfig: Setting CVar [[r.VolumetricFog.HistoryMissSupersampleCount:4]]
[2021.04.14-08.15.46:283][  0]LogConfig: Setting CVar [[r.LightMaxDrawDistanceScale:1]]
[2021.04.14-08.15.46:284][  0]LogConfig: Setting CVar [[r.CapsuleShadows:1]]
[2021.04.14-08.15.46:284][  0]LogConfig: Applying CVar settings from Section [PostProcessQuality@3] File [C:/Users/aveng/Documents/GitHub/GamesAssignment2-SecondYear/Games Assignment Two/GamesAssignmentTwo/Saved/Config/Windows/Scalability.ini]
[2021.04.14-08.15.46:285][  0]LogConfig: Setting CVar [[r.MotionBlurQuality:4]]
[2021.04.14-08.15.46:286][  0]LogConfig: Setting CVar [[r.AmbientOcclusionMipLevelFactor:0.4]]
[2021.04.14-08.15.46:286][  0]LogConfig: Setting CVar [[r.AmbientOcclusionMaxQuality:100]]
[2021.04.14-08.15.46:287][  0]LogConfig: Setting CVar [[r.AmbientOcclusionLevels:-1]]
[2021.04.14-08.15.46:287][  0]LogConfig: Setting CVar [[r.AmbientOcclusionRadiusScale:1.0]]
[2021.04.14-08.15.46:288][  0]LogConfig: Setting CVar [[r.DepthOfFieldQuality:2]]
[2021.04.14-08.15.46:288][  0]LogConfig: Setting CVar [[r.RenderTargetPoolMin:400]]
[2021.04.14-08.15.46:289][  0]LogConfig: Setting CVar [[r.LensFlareQuality:2]]
[2021.04.14-08.15.46:289][  0]LogConfig: Setting CVar [[r.SceneColorFringeQuality:1]]
[2021.04.14-08.15.46:290][  0]LogConfig: Setting CVar [[r.EyeAdaptationQuality:2]]
[2021.04.14-08.15.46:291][  0]LogConfig: Setting CVar [[r.BloomQuality:5]]
[2021.04.14-08.15.46:292][  0]LogConfig: Setting CVar [[r.FastBlurThreshold:100]]
[2021.04.14-08.15.46:293][  0]LogConfig: Setting CVar [[r.Upscale.Quality:3]]
[2021.04.14-08.15.46:293][  0]LogConfig: Setting CVar [[r.Tonemapper.GrainQuantization:1]]
[2021.04.14-08.15.46:294][  0]LogConfig: Setting CVar [[r.LightShaftQuality:1]]
[2021.04.14-08.15.46:294][  0]LogConfig: Setting CVar [[r.Filter.SizeScale:1]]
[2021.04.14-08.15.46:295][  0]LogConfig: Setting CVar [[r.Tonemapper.Quality:5]]
[2021.04.14-08.15.46:296][  0]LogConfig: Setting CVar [[r.DOF.Gather.AccumulatorQuality:1        ; higher gathering accumulator quality]]
[2021.04.14-08.15.46:297][  0]LogConfig: Setting CVar [[r.DOF.Gather.PostfilterMethod:1          ; Median3x3 postfilering method]]
[2021.04.14-08.15.46:297][  0]LogConfig: Setting CVar [[r.DOF.Gather.EnableBokehSettings:0       ; no bokeh simulation when gathering]]
[2021.04.14-08.15.46:298][  0]LogConfig: Setting CVar [[r.DOF.Gather.RingCount:4                 ; medium number of samples when gathering]]
[2021.04.14-08.15.46:298][  0]LogConfig: Setting CVar [[r.DOF.Scatter.ForegroundCompositing:1    ; additive foreground scattering]]
[2021.04.14-08.15.46:299][  0]LogConfig: Setting CVar [[r.DOF.Scatter.BackgroundCompositing:2    ; additive background scattering]]
[2021.04.14-08.15.46:299][  0]LogConfig: Setting CVar [[r.DOF.Scatter.EnableBokehSettings:1      ; bokeh simulation when scattering]]
[2021.04.14-08.15.46:300][  0]LogConfig: Setting CVar [[r.DOF.Scatter.MaxSpriteRatio:0.1         ; only a maximum of 10% of scattered bokeh]]
[2021.04.14-08.15.46:300][  0]LogConfig: Setting CVar [[r.DOF.Recombine.Quality:1                ; cheap slight out of focus]]
[2021.04.14-08.15.46:300][  0]LogConfig: Setting CVar [[r.DOF.Recombine.EnableBokehSettings:0    ; no bokeh simulation on slight out of focus]]
[2021.04.14-08.15.46:301][  0]LogConfig: Setting CVar [[r.DOF.TemporalAAQuality:1                ; more stable temporal accumulation]]
[2021.04.14-08.15.46:302][  0]LogConfig: Setting CVar [[r.DOF.Kernel.MaxForegroundRadius:0.025]]
[2021.04.14-08.15.46:303][  0]LogConfig: Setting CVar [[r.DOF.Kernel.MaxBackgroundRadius:0.025]]
[2021.04.14-08.15.46:303][  0]LogConfig: Applying CVar settings from Section [TextureQuality@3] File [C:/Users/aveng/Documents/GitHub/GamesAssignment2-SecondYear/Games Assignment Two/GamesAssignmentTwo/Saved/Config/Windows/Scalability.ini]
[2021.04.14-08.15.46:304][  0]LogConfig: Setting CVar [[r.Streaming.MipBias:0]]
[2021.04.14-08.15.46:304][  0]LogConfig: Setting CVar [[r.Streaming.AmortizeCPUToGPUCopy:0]]
[2021.04.14-08.15.46:304][  0]LogConfig: Setting CVar [[r.Streaming.MaxNumTexturesToStreamPerFrame:0]]
[2021.04.14-08.15.46:305][  0]LogConfig: Setting CVar [[r.Streaming.Boost:1]]
[2021.04.14-08.15.46:305][  0]LogConfig: Setting CVar [[r.MaxAnisotropy:8]]
[2021.04.14-08.15.46:305][  0]LogConfig: Setting CVar [[r.VT.MaxAnisotropy:8]]
[2021.04.14-08.15.46:306][  0]LogConfig: Setting CVar [[r.Streaming.LimitPoolSizeToVRAM:0]]
[2021.04.14-08.15.46:306][  0]LogConfig: Setting CVar [[r.Streaming.PoolSize:1000]]
[2021.04.14-08.15.46:307][  0]LogConfig: Setting CVar [[r.Streaming.MaxEffectiveScreenSize:0]]
[2021.04.14-08.15.46:307][  0]LogConfig: Applying CVar settings from Section [EffectsQuality@3] File [C:/Users/aveng/Documents/GitHub/GamesAssignment2-SecondYear/Games Assignment Two/GamesAssignmentTwo/Saved/Config/Windows/Scalability.ini]
[2021.04.14-08.15.46:308][  0]LogConfig: Setting CVar [[r.TranslucencyLightingVolumeDim:64]]
[2021.04.14-08.15.46:309][  0]LogConfig: Setting CVar [[r.RefractionQuality:2]]
[2021.04.14-08.15.46:309][  0]LogConfig: Setting CVar [[r.SSR.Quality:3]]
[2021.04.14-08.15.46:309][  0]LogConfig: Setting CVar [[r.SSR.HalfResSceneColor:0]]
[2021.04.14-08.15.46:310][  0]LogConfig: Setting CVar [[r.SceneColorFormat:4]]
[2021.04.14-08.15.46:310][  0]LogConfig: Setting CVar [[r.DetailMode:2]]
[2021.04.14-08.15.46:311][  0]LogConfig: Setting CVar [[r.TranslucencyVolumeBlur:1]]
[2021.04.14-08.15.46:313][  0]LogConfig: Setting CVar [[r.MaterialQualityLevel:1 ; High quality]]
[2021.04.14-08.15.46:313][  0]LogConfig: Setting CVar [[r.SSS.Scale:1]]
[2021.04.14-08.15.46:314][  0]LogConfig: Setting CVar [[r.SSS.SampleSet:2]]
[2021.04.14-08.15.46:314][  0]LogConfig: Setting CVar [[r.SSS.Quality:1]]
[2021.04.14-08.15.46:314][  0]LogConfig: Setting CVar [[r.SSS.HalfRes:0]]
[2021.04.14-08.15.46:315][  0]LogConfig: Setting CVar [[r.SSGI.Quality:3]]
[2021.04.14-08.15.46:316][  0]LogConfig: Setting CVar [[r.EmitterSpawnRateScale:1.0]]
[2021.04.14-08.15.46:316][  0]LogConfig: Setting CVar [[r.ParticleLightQuality:2]]
[2021.04.14-08.15.46:316][  0]LogConfig: Setting CVar [[r.SkyAtmosphere.AerialPerspectiveLUT.FastApplyOnOpaque:1 ; Always have FastSkyLUT 1 in this case to avoid wrong sky]]
[2021.04.14-08.15.46:317][  0]LogConfig: Setting CVar [[r.SkyAtmosphere.AerialPerspectiveLUT.SampleCountPerSlice:1]]
[2021.04.14-08.15.46:317][  0]LogConfig: Setting CVar [[r.SkyAtmosphere.AerialPerspectiveLUT.DepthResolution:16.0]]
[2021.04.14-08.15.46:318][  0]LogConfig: Setting CVar [[r.SkyAtmosphere.FastSkyLUT:1]]
[2021.04.14-08.15.46:318][  0]LogConfig: Setting CVar [[r.SkyAtmosphere.FastSkyLUT.SampleCountMin:4.0]]
[2021.04.14-08.15.46:320][  0]LogConfig: Setting CVar [[r.SkyAtmosphere.FastSkyLUT.SampleCountMax:32.0]]
[2021.04.14-08.15.46:320][  0]LogConfig: Setting CVar [[r.SkyAtmosphere.SampleCountMin:4.0]]
[2021.04.14-08.15.46:321][  0]LogConfig: Setting CVar [[r.SkyAtmosphere.SampleCountMax:32.0]]
[2021.04.14-08.15.46:324][  0]LogConfig: Setting CVar [[r.SkyAtmosphere.TransmittanceLUT.UseSmallFormat:0]]
[2021.04.14-08.15.46:324][  0]LogConfig: Setting CVar [[r.SkyAtmosphere.TransmittanceLUT.SampleCount:10.0]]
[2021.04.14-08.15.46:326][  0]LogConfig: Setting CVar [[r.SkyAtmosphere.MultiScatteringLUT.SampleCount:15.0]]
[2021.04.14-08.15.46:326][  0]LogConfig: Applying CVar settings from Section [FoliageQuality@3] File [C:/Users/aveng/Documents/GitHub/GamesAssignment2-SecondYear/Games Assignment Two/GamesAssignmentTwo/Saved/Config/Windows/Scalability.ini]
[2021.04.14-08.15.46:327][  0]LogConfig: Setting CVar [[foliage.DensityScale:1.0]]
[2021.04.14-08.15.46:327][  0]LogConfig: Setting CVar [[grass.DensityScale:1.0]]
[2021.04.14-08.15.46:327][  0]LogConfig: Applying CVar settings from Section [ShadingQuality@3] File [C:/Users/aveng/Documents/GitHub/GamesAssignment2-SecondYear/Games Assignment Two/GamesAssignmentTwo/Saved/Config/Windows/Scalability.ini]
[2021.04.14-08.15.46:328][  0]LogConfig: Setting CVar [[r.HairStrands.SkyLighting.SampleCount:16]]
[2021.04.14-08.15.46:329][  0]LogConfig: Setting CVar [[r.HairStrands.SkyLighting.JitterIntegration:0]]
[2021.04.14-08.15.46:329][  0]LogConfig: Setting CVar [[r.HairStrands.SkyAO.SampleCount:16]]
[2021.04.14-08.15.46:331][  0]LogConfig: Setting CVar [[r.HairStrands.DeepShadow.SuperSampling:0]]
[2021.04.14-08.15.46:331][  0]LogConfig: Setting CVar [[r.HairStrands.VisibilityPPLL:0]]
[2021.04.14-08.15.46:331][  0]LogConfig: Setting CVar [[r.HairStrands.RasterizationScale:0.5]]
[2021.04.14-08.15.46:332][  0]LogConfig: Setting CVar [[r.HairStrands.VelocityRasterizationScale:1]]
[2021.04.14-08.15.46:334][  0]LogInit: Selected Device Profile: [Windows]
[2021.04.14-08.15.46:334][  0]LogInit: Applying CVar settings loaded from the selected device profile: [Windows]
[2021.04.14-08.15.46:334][  0]LogHAL: Display: Platform has ~ 32 GB [34260910080 / 34359738368 / 32], which maps to Largest [LargestMinGB=32, LargerMinGB=12, DefaultMinGB=8, SmallerMinGB=6, SmallestMinGB=0)
[2021.04.14-08.15.46:335][  0]LogInit: Going up to parent DeviceProfile []
[2021.04.14-08.15.46:335][  0]LogConfig: Applying CVar settings from Section [ViewDistanceQuality@3] File [C:/Users/aveng/Documents/GitHub/GamesAssignment2-SecondYear/Games Assignment Two/GamesAssignmentTwo/Saved/Config/Windows/Scalability.ini]
[2021.04.14-08.15.46:336][  0]LogConfig: Setting CVar [[r.SkeletalMeshLODBias:0]]
[2021.04.14-08.15.46:336][  0]LogConfig: Setting CVar [[r.ViewDistanceScale:1.0]]
[2021.04.14-08.15.46:337][  0]LogConfig: Applying CVar settings from Section [AntiAliasingQuality@3] File [C:/Users/aveng/Documents/GitHub/GamesAssignment2-SecondYear/Games Assignment Two/GamesAssignmentTwo/Saved/Config/Windows/Scalability.ini]
[2021.04.14-08.15.46:337][  0]LogConfig: Setting CVar [[r.PostProcessAAQuality:4]]
[2021.04.14-08.15.46:337][  0]LogConfig: Applying CVar settings from Section [ShadowQuality@3] File [C:/Users/aveng/Documents/GitHub/GamesAssignment2-SecondYear/Games Assignment Two/GamesAssignmentTwo/Saved/Config/Windows/Scalability.ini]
[2021.04.14-08.15.46:338][  0]LogConfig: Setting CVar [[r.LightFunctionQuality:1]]
[2021.04.14-08.15.46:339][  0]LogConfig: Setting CVar [[r.ShadowQuality:5]]
[2021.04.14-08.15.46:340][  0]LogConfig: Setting CVar [[r.Shadow.CSM.MaxCascades:10]]
[2021.04.14-08.15.46:341][  0]LogConfig: Setting CVar [[r.Shadow.MaxResolution:2048]]
[2021.04.14-08.15.46:342][  0]LogConfig: Setting CVar [[r.Shadow.MaxCSMResolution:2048]]
[2021.04.14-08.15.46:343][  0]LogConfig: Setting CVar [[r.Shadow.RadiusThreshold:0.01]]
[2021.04.14-08.15.46:344][  0]LogConfig: Setting CVar [[r.Shadow.DistanceScale:1.0]]
[2021.04.14-08.15.46:344][  0]LogConfig: Setting CVar [[r.Shadow.CSM.TransitionScale:1.0]]
[2021.04.14-08.15.46:344][  0]LogConfig: Setting CVar [[r.Shadow.PreShadowResolutionFactor:1.0]]
[2021.04.14-08.15.46:345][  0]LogConfig: Setting CVar [[r.DistanceFieldShadowing:1]]
[2021.04.14-08.15.46:345][  0]LogConfig: Setting CVar [[r.DistanceFieldAO:1]]
[2021.04.14-08.15.46:346][  0]LogConfig: Setting CVar [[r.AOQuality:2]]
[2021.04.14-08.15.46:346][  0]LogConfig: Setting CVar [[r.VolumetricFog:1]]
[2021.04.14-08.15.46:347][  0]LogConfig: Setting CVar [[r.VolumetricFog.GridPixelSize:8]]
[2021.04.14-08.15.46:348][  0]LogConfig: Setting CVar [[r.VolumetricFog.GridSizeZ:128]]
[2021.04.14-08.15.46:348][  0]LogConfig: Setting CVar [[r.VolumetricFog.HistoryMissSupersampleCount:4]]
[2021.04.14-08.15.46:348][  0]LogConfig: Setting CVar [[r.LightMaxDrawDistanceScale:1]]
[2021.04.14-08.15.46:349][  0]LogConfig: Setting CVar [[r.CapsuleShadows:1]]
[2021.04.14-08.15.46:349][  0]LogConfig: Applying CVar settings from Section [PostProcessQuality@3] File [C:/Users/aveng/Documents/GitHub/GamesAssignment2-SecondYear/Games Assignment Two/GamesAssignmentTwo/Saved/Config/Windows/Scalability.ini]
[2021.04.14-08.15.46:350][  0]LogConfig: Setting CVar [[r.MotionBlurQuality:4]]
[2021.04.14-08.15.46:350][  0]LogConfig: Setting CVar [[r.AmbientOcclusionMipLevelFactor:0.4]]
[2021.04.14-08.15.46:350][  0]LogConfig: Setting CVar [[r.AmbientOcclusionMaxQuality:100]]
[2021.04.14-08.15.46:351][  0]LogConfig: Setting CVar [[r.AmbientOcclusionLevels:-1]]
[2021.04.14-08.15.46:351][  0]LogConfig: Setting CVar [[r.AmbientOcclusionRadiusScale:1.0]]
[2021.04.14-08.15.46:352][  0]LogConfig: Setting CVar [[r.DepthOfFieldQuality:2]]
[2021.04.14-08.15.46:354][  0]LogConfig: Setting CVar [[r.RenderTargetPoolMin:400]]
[2021.04.14-08.15.46:354][  0]LogConfig: Setting CVar [[r.LensFlareQuality:2]]
[2021.04.14-08.15.46:354][  0]LogConfig: Setting CVar [[r.SceneColorFringeQuality:1]]
[2021.04.14-08.15.46:355][  0]LogConfig: Setting CVar [[r.EyeAdaptationQuality:2]]
[2021.04.14-08.15.46:355][  0]LogConfig: Setting CVar [[r.BloomQuality:5]]
[2021.04.14-08.15.46:355][  0]LogConfig: Setting CVar [[r.FastBlurThreshold:100]]
[2021.04.14-08.15.46:356][  0]LogConfig: Setting CVar [[r.Upscale.Quality:3]]
[2021.04.14-08.15.46:356][  0]LogConfig: Setting CVar [[r.Tonemapper.GrainQuantization:1]]
[2021.04.14-08.15.46:357][  0]LogConfig: Setting CVar [[r.LightShaftQuality:1]]
[2021.04.14-08.15.46:357][  0]LogConfig: Setting CVar [[r.Filter.SizeScale:1]]
[2021.04.14-08.15.46:357][  0]LogConfig: Setting CVar [[r.Tonemapper.Quality:5]]
[2021.04.14-08.15.46:358][  0]LogConfig: Setting CVar [[r.DOF.Gather.AccumulatorQuality:1        ; higher gathering accumulator quality]]
[2021.04.14-08.15.46:358][  0]LogConfig: Setting CVar [[r.DOF.Gather.PostfilterMethod:1          ; Median3x3 postfilering method]]
[2021.04.14-08.15.46:359][  0]LogConfig: Setting CVar [[r.DOF.Gather.EnableBokehSettings:0       ; no bokeh simulation when gathering]]
[2021.04.14-08.15.46:359][  0]LogConfig: Setting CVar [[r.DOF.Gather.RingCount:4                 ; medium number of samples when gathering]]
[2021.04.14-08.15.46:359][  0]LogConfig: Setting CVar [[r.DOF.Scatter.ForegroundCompositing:1    ; additive foreground scattering]]
[2021.04.14-08.15.46:360][  0]LogConfig: Setting CVar [[r.DOF.Scatter.BackgroundCompositing:2    ; additive background scattering]]
[2021.04.14-08.15.46:360][  0]LogConfig: Setting CVar [[r.DOF.Scatter.EnableBokehSettings:1      ; bokeh simulation when scattering]]
[2021.04.14-08.15.46:361][  0]LogConfig: Setting CVar [[r.DOF.Scatter.MaxSpriteRatio:0.1         ; only a maximum of 10% of scattered bokeh]]
[2021.04.14-08.15.46:361][  0]LogConfig: Setting CVar [[r.DOF.Recombine.Quality:1                ; cheap slight out of focus]]
[2021.04.14-08.15.46:362][  0]LogConfig: Setting CVar [[r.DOF.Recombine.EnableBokehSettings:0    ; no bokeh simulation on slight out of focus]]
[2021.04.14-08.15.46:364][  0]LogConfig: Setting CVar [[r.DOF.TemporalAAQuality:1                ; more stable temporal accumulation]]
[2021.04.14-08.15.46:364][  0]LogConfig: Setting CVar [[r.DOF.Kernel.MaxForegroundRadius:0.025]]
[2021.04.14-08.15.46:364][  0]LogConfig: Setting CVar [[r.DOF.Kernel.MaxBackgroundRadius:0.025]]
[2021.04.14-08.15.46:365][  0]LogConfig: Applying CVar settings from Section [TextureQuality@3] File [C:/Users/aveng/Documents/GitHub/GamesAssignment2-SecondYear/Games Assignment Two/GamesAssignmentTwo/Saved/Config/Windows/Scalability.ini]
[2021.04.14-08.15.46:365][  0]LogConfig: Setting CVar [[r.Streaming.MipBias:0]]
[2021.04.14-08.15.46:366][  0]LogConfig: Setting CVar [[r.Streaming.AmortizeCPUToGPUCopy:0]]
[2021.04.14-08.15.46:366][  0]LogConfig: Setting CVar [[r.Streaming.MaxNumTexturesToStreamPerFrame:0]]
[2021.04.14-08.15.46:366][  0]LogConfig: Setting CVar [[r.Streaming.Boost:1]]
[2021.04.14-08.15.46:367][  0]LogConfig: Setting CVar [[r.MaxAnisotropy:8]]
[2021.04.14-08.15.46:367][  0]LogConfig: Setting CVar [[r.VT.MaxAnisotropy:8]]
[2021.04.14-08.15.46:367][  0]LogConfig: Setting CVar [[r.Streaming.LimitPoolSizeToVRAM:0]]
[2021.04.14-08.15.46:368][  0]LogConfig: Setting CVar [[r.Streaming.PoolSize:1000]]
[2021.04.14-08.15.46:368][  0]LogConfig: Setting CVar [[r.Streaming.MaxEffectiveScreenSize:0]]
[2021.04.14-08.15.46:369][  0]LogConfig: Applying CVar settings from Section [EffectsQuality@3] File [C:/Users/aveng/Documents/GitHub/GamesAssignment2-SecondYear/Games Assignment Two/GamesAssignmentTwo/Saved/Config/Windows/Scalability.ini]
[2021.04.14-08.15.46:369][  0]LogConfig: Setting CVar [[r.TranslucencyLightingVolumeDim:64]]
[2021.04.14-08.15.46:370][  0]LogConfig: Setting CVar [[r.RefractionQuality:2]]
[2021.04.14-08.15.46:371][  0]LogConfig: Setting CVar [[r.SSR.Quality:3]]
[2021.04.14-08.15.46:371][  0]LogConfig: Setting CVar [[r.SSR.HalfResSceneColor:0]]
[2021.04.14-08.15.46:371][  0]LogConfig: Setting CVar [[r.SceneColorFormat:4]]
[2021.04.14-08.15.46:372][  0]LogConfig: Setting CVar [[r.DetailMode:2]]
[2021.04.14-08.15.46:374][  0]LogConfig: Setting CVar [[r.TranslucencyVolumeBlur:1]]
[2021.04.14-08.15.46:374][  0]LogConfig: Setting CVar [[r.MaterialQualityLevel:1 ; High quality]]
[2021.04.14-08.15.46:374][  0]LogConfig: Setting CVar [[r.SSS.Scale:1]]
[2021.04.14-08.15.46:375][  0]LogConfig: Setting CVar [[r.SSS.SampleSet:2]]
[2021.04.14-08.15.46:375][  0]LogConfig: Setting CVar [[r.SSS.Quality:1]]
[2021.04.14-08.15.46:375][  0]LogConfig: Setting CVar [[r.SSS.HalfRes:0]]
[2021.04.14-08.15.46:376][  0]LogConfig: Setting CVar [[r.SSGI.Quality:3]]
[2021.04.14-08.15.46:376][  0]LogConfig: Setting CVar [[r.EmitterSpawnRateScale:1.0]]
[2021.04.14-08.15.46:377][  0]LogConfig: Setting CVar [[r.ParticleLightQuality:2]]
[2021.04.14-08.15.46:377][  0]LogConfig: Setting CVar [[r.SkyAtmosphere.AerialPerspectiveLUT.FastApplyOnOpaque:1 ; Always have FastSkyLUT 1 in this case to avoid wrong sky]]
[2021.04.14-08.15.46:377][  0]LogConfig: Setting CVar [[r.SkyAtmosphere.AerialPerspectiveLUT.SampleCountPerSlice:1]]
[2021.04.14-08.15.46:378][  0]LogConfig: Setting CVar [[r.SkyAtmosphere.AerialPerspectiveLUT.DepthResolution:16.0]]
[2021.04.14-08.15.46:378][  0]LogConfig: Setting CVar [[r.SkyAtmosphere.FastSkyLUT:1]]
[2021.04.14-08.15.46:379][  0]LogConfig: Setting CVar [[r.SkyAtmosphere.FastSkyLUT.SampleCountMin:4.0]]
[2021.04.14-08.15.46:379][  0]LogConfig: Setting CVar [[r.SkyAtmosphere.FastSkyLUT.SampleCountMax:32.0]]
[2021.04.14-08.15.46:379][  0]LogConfig: Setting CVar [[r.SkyAtmosphere.SampleCountMin:4.0]]
[2021.04.14-08.15.46:380][  0]LogConfig: Setting CVar [[r.SkyAtmosphere.SampleCountMax:32.0]]
[2021.04.14-08.15.46:380][  0]LogConfig: Setting CVar [[r.SkyAtmosphere.TransmittanceLUT.UseSmallFormat:0]]
[2021.04.14-08.15.46:381][  0]LogConfig: Setting CVar [[r.SkyAtmosphere.TransmittanceLUT.SampleCount:10.0]]
[2021.04.14-08.15.46:381][  0]LogConfig: Setting CVar [[r.SkyAtmosphere.MultiScatteringLUT.SampleCount:15.0]]
[2021.04.14-08.15.46:381][  0]LogConfig: Applying CVar settings from Section [FoliageQuality@3] File [C:/Users/aveng/Documents/GitHub/GamesAssignment2-SecondYear/Games Assignment Two/GamesAssignmentTwo/Saved/Config/Windows/Scalability.ini]
[2021.04.14-08.15.46:382][  0]LogConfig: Setting CVar [[foliage.DensityScale:1.0]]
[2021.04.14-08.15.46:384][  0]LogConfig: Setting CVar [[grass.DensityScale:1.0]]
[2021.04.14-08.15.46:384][  0]LogConfig: Applying CVar settings from Section [ShadingQuality@3] File [C:/Users/aveng/Documents/GitHub/GamesAssignment2-SecondYear/Games Assignment Two/GamesAssignmentTwo/Saved/Config/Windows/Scalability.ini]
[2021.04.14-08.15.46:385][  0]LogConfig: Setting CVar [[r.HairStrands.SkyLighting.SampleCount:16]]
[2021.04.14-08.15.46:385][  0]LogConfig: Setting CVar [[r.HairStrands.SkyLighting.JitterIntegration:0]]
[2021.04.14-08.15.46:386][  0]LogConfig: Setting CVar [[r.HairStrands.SkyAO.SampleCount:16]]
[2021.04.14-08.15.46:386][  0]LogConfig: Setting CVar [[r.HairStrands.DeepShadow.SuperSampling:0]]
[2021.04.14-08.15.46:387][  0]LogConfig: Setting CVar [[r.HairStrands.VisibilityPPLL:0]]
[2021.04.14-08.15.46:388][  0]LogConfig: Setting CVar [[r.HairStrands.RasterizationScale:0.5]]
[2021.04.14-08.15.46:388][  0]LogConfig: Setting CVar [[r.HairStrands.VelocityRasterizationScale:1]]
[2021.04.14-08.15.46:389][  0]LogConfig: Applying CVar settings from Section [Startup] File [../../../Engine/Config/ConsoleVariables.ini]
[2021.04.14-08.15.46:389][  0]LogConfig: Setting CVar [[net.UseAdaptiveNetUpdateFrequency:0]]
[2021.04.14-08.15.46:389][  0]LogConfig: Setting CVar [[p.chaos.AllowCreatePhysxBodies:1]]
[2021.04.14-08.15.46:390][  0]LogConfig: Setting CVar [[fx.SkipVectorVMBackendOptimizations:1]]
[2021.04.14-08.15.46:390][  0]LogConfig: Applying CVar settings from Section [ConsoleVariables] File [C:/Users/aveng/Documents/GitHub/GamesAssignment2-SecondYear/Games Assignment Two/GamesAssignmentTwo/Saved/Config/Windows/Engine.ini]
[2021.04.14-08.15.46:391][  0]LogInit: Computer: PROGRAMMING-PC
[2021.04.14-08.15.46:391][  0]LogInit: User: aveng
[2021.04.14-08.15.46:392][  0]LogInit: CPU Page size=4096, Cores=12
[2021.04.14-08.15.46:393][  0]LogInit: High frequency timer resolution =10.000000 MHz
[2021.04.14-08.15.46:394][  0]LogMemory: Memory total: Physical=31.9GB (32GB approx)
[2021.04.14-08.15.46:394][  0]LogMemory: Platform Memory Stats for Windows
[2021.04.14-08.15.46:395][  0]LogMemory: Process Physical Memory: 121.12 MB used, 121.12 MB peak
[2021.04.14-08.15.46:395][  0]LogMemory: Process Virtual Memory: 110.78 MB used, 110.78 MB peak
[2021.04.14-08.15.46:395][  0]LogMemory: Physical Memory: 25107.41 MB used,  7566.34 MB free, 32673.75 MB total
[2021.04.14-08.15.46:396][  0]LogMemory: Virtual Memory: 5220.85 MB used,  134212504.00 MB free, 134217728.00 MB total
[2021.04.14-08.15.46:403][  0]LogWindows: WindowsPlatformFeatures enabled
[2021.04.14-08.15.46:454][  0]LogInit: Physics initialised using underlying interface: PhysX
[2021.04.14-08.15.46:454][  0]LogInit: Using OS detected language (en-GB).
[2021.04.14-08.15.46:455][  0]LogInit: Using OS detected locale (en-GB).
[2021.04.14-08.15.46:457][  0]LogTextLocalizationManager: No specific localization for 'en-GB' exists, so the 'en' localization will be used.
[2021.04.14-08.15.46:619][  0]LogSlate: New Slate User Created.  User Index 0, Is Virtual User: 0
[2021.04.14-08.15.46:619][  0]LogSlate: Slate User Registered.  User Index 0, Is Virtual User: 0
[2021.04.14-08.15.46:630][  0]LogHMD: Failed to initialize OpenVR with code 110
[2021.04.14-08.15.46:630][  0]LogD3D11RHI: D3D11 min allowed feature level: 11_0
[2021.04.14-08.15.46:630][  0]LogD3D11RHI: D3D11 max allowed feature level: 11_0
[2021.04.14-08.15.46:631][  0]LogD3D11RHI: D3D11 adapters:
[2021.04.14-08.15.46:734][  0]LogD3D11RHI:    0. 'NVIDIA GeForce GTX 1060 6GB' (Feature Level 11_0)
[2021.04.14-08.15.46:734][  0]LogD3D11RHI:       6052/0/16336 MB DedicatedVideo/DedicatedSystem/SharedSystem, Outputs:2, VendorId:0x10de
[2021.04.14-08.15.46:738][  0]LogD3D11RHI:    1. 'Microsoft Basic Render Driver' (Feature Level 11_0)
[2021.04.14-08.15.46:738][  0]LogD3D11RHI:       0/0/16336 MB DedicatedVideo/DedicatedSystem/SharedSystem, Outputs:0, VendorId:0x1414
[2021.04.14-08.15.46:738][  0]LogD3D11RHI: Chosen D3D11 Adapter: 0
[2021.04.14-08.15.46:753][  0]LogD3D11RHI: Creating new Direct3DDevice
[2021.04.14-08.15.46:753][  0]LogD3D11RHI:     GPU DeviceId: 0x1c03 (for the marketing name, search the web for "GPU Device Id")
[2021.04.14-08.15.46:754][  0]LogWindows: EnumDisplayDevices:
[2021.04.14-08.15.46:754][  0]LogWindows:    0. 'NVIDIA GeForce GTX 1060 6GB' (P:1 D:1)
[2021.04.14-08.15.46:755][  0]LogWindows:    1. 'NVIDIA GeForce GTX 1060 6GB' (P:0 D:1)
[2021.04.14-08.15.46:755][  0]LogWindows:    2. 'NVIDIA GeForce GTX 1060 6GB' (P:0 D:0)
[2021.04.14-08.15.46:756][  0]LogWindows:    3. 'NVIDIA GeForce GTX 1060 6GB' (P:0 D:0)
[2021.04.14-08.15.46:756][  0]LogWindows: DebugString: FoundDriverCount:4 
[2021.04.14-08.15.46:756][  0]LogD3D11RHI:     Adapter Name: NVIDIA GeForce GTX 1060 6GB
[2021.04.14-08.15.46:757][  0]LogD3D11RHI:   Driver Version: 461.92 (internal:27.21.14.6192, unified:461.92)
[2021.04.14-08.15.46:757][  0]LogD3D11RHI:      Driver Date: 3-11-2021
[2021.04.14-08.15.46:757][  0]LogRHI: Texture pool is 4236 MB (70% of 6052 MB)
[2021.04.14-08.15.46:834][  0]LogD3D11RHI: RHI has support for 64 bit atomics
[2021.04.14-08.15.46:834][  0]LogD3D11RHI: Async texture creation enabled
[2021.04.14-08.15.46:835][  0]LogD3D11RHI: Array index from any shader is supported
[2021.04.14-08.15.46:859][  0]LogD3D11RHI: GPU Timing Frequency: 1000.000000 (Debug: 2 1)
[2021.04.14-08.15.47:276][  0]LogTargetPlatformManager: Display: Loaded TargetPlatform 'WindowsNoEditor'
[2021.04.14-08.15.47:281][  0]LogTargetPlatformManager: Display: Loaded TargetPlatform 'Windows'
[2021.04.14-08.15.47:290][  0]LogTargetPlatformManager: Display: Loaded TargetPlatform 'WindowsClient'
[2021.04.14-08.15.47:299][  0]LogTargetPlatformManager: Display: Loaded TargetPlatform 'WindowsServer'
[2021.04.14-08.15.47:299][  0]LogTargetPlatformManager: Display: Building Assets For Windows
[2021.04.14-08.15.47:308][  0]LogAudioDebug: Display: Lib vorbis DLL was dynamically loaded.
[2021.04.14-08.15.47:360][  0]LogShaderCompilers: Guid format shader working directory is -54 characters bigger than the processId version (C:/Users/aveng/Documents/GitHub/GamesAssignment2-SecondYear/Games Assignment Two/GamesAssignmentTwo/Intermediate/Shaders/WorkingDirectory/37892/).
[2021.04.14-08.15.47:360][  0]LogShaderCompilers: Cleaned the shader compiler working directory 'C:/Users/aveng/AppData/Local/Temp/UnrealShaderWorkingDir/9B91533F47D542E3DDF301BEF932984B/'.
[2021.04.14-08.15.47:362][  0]LogXGEController: Cannot use XGE Controller as Incredibuild is not installed on this machine.
[2021.04.14-08.15.47:363][  0]LogShaderCompilers: Cannot use XGE Shader Compiler as Incredibuild is not installed on this machine.
[2021.04.14-08.15.47:364][  0]LogShaderCompilers: Display: Using Local Shader Compiler.
[2021.04.14-08.15.48:035][  0]LogDerivedDataCache: Display: Max Cache Size: 512 MB
[2021.04.14-08.15.48:077][  0]LogDerivedDataCache: Loaded boot cache 0.04s 78MB C:/Users/aveng/AppData/Local/UnrealEngine/4.25/DerivedDataCache/Boot.ddc.
[2021.04.14-08.15.48:077][  0]LogDerivedDataCache: Display: Loaded Boot cache: C:/Users/aveng/AppData/Local/UnrealEngine/4.25/DerivedDataCache/Boot.ddc
[2021.04.14-08.15.48:078][  0]LogDerivedDataCache: FDerivedDataBackendGraph:  Pak pak cache file C:/Users/aveng/Documents/GitHub/GamesAssignment2-SecondYear/Games Assignment Two/GamesAssignmentTwo/DerivedDataCache/DDC.ddp not found, will not use a pak cache.
[2021.04.14-08.15.48:079][  0]LogDerivedDataCache: Unable to find inner node Pak for hierarchical cache Hierarchy.
[2021.04.14-08.15.48:079][  0]LogDerivedDataCache: FDerivedDataBackendGraph:  CompressedPak pak cache file C:/Users/aveng/Documents/GitHub/GamesAssignment2-SecondYear/Games Assignment Two/GamesAssignmentTwo/DerivedDataCache/Compressed.ddp not found, will not use a pak cache.
[2021.04.14-08.15.48:079][  0]LogDerivedDataCache: Unable to find inner node CompressedPak for hierarchical cache Hierarchy.
[2021.04.14-08.15.48:089][  0]LogDerivedDataCache: Display: Pak cache opened for reading ../../../Engine/DerivedDataCache/Compressed.ddp.
[2021.04.14-08.15.48:089][  0]LogDerivedDataCache: FDerivedDataBackendGraph:  EnterprisePak pak cache file ../../../Enterprise/DerivedDataCache/Compressed.ddp not found, will not use a pak cache.
[2021.04.14-08.15.48:090][  0]LogDerivedDataCache: Unable to find inner node EnterprisePak for hierarchical cache Hierarchy.
[2021.04.14-08.15.48:091][  0]LogDerivedDataCache: Using Local data cache path C:/Users/aveng/AppData/Local/UnrealEngine/Common/DerivedDataCache: Writable
[2021.04.14-08.15.48:092][  0]LogDerivedDataCache: Shared data cache path not found in *engine.ini, will not use an Shared cache.
[2021.04.14-08.15.48:092][  0]LogDerivedDataCache: Unable to find inner node Shared for hierarchical cache Hierarchy.
[2021.04.14-08.15.48:126][  0]LogSlate: Using FreeType 2.10.0
[2021.04.14-08.15.48:127][  0]LogSlate: SlateFontServices - WITH_FREETYPE: 1, WITH_HARFBUZZ: 1
[2021.04.14-08.15.48:194][  0]LogInit: Using OS detected language (en-GB).
[2021.04.14-08.15.48:194][  0]LogInit: Using OS detected locale (en-GB).
[2021.04.14-08.15.48:196][  0]LogTextLocalizationManager: No localization for 'en-GB' exists, so 'en' will be used for the language.
[2021.04.14-08.15.48:196][  0]LogTextLocalizationManager: No localization for 'en-GB' exists, so 'en' will be used for the locale.
[2021.04.14-08.15.48:197][  0]LogSlate: FontCache flush requested. Reason: Culture for localization was changed
[2021.04.14-08.15.48:197][  0]LogSlate: FontCache flush requested. Reason: Culture for localization was changed
[2021.04.14-08.15.48:198][  0]LogTextLocalizationManager: Compacting localization data took   0.00ms
[2021.04.14-08.15.48:201][  0]LogAssetRegistry: FAssetRegistry took 0.0016 seconds to start up
[2021.04.14-08.15.48:403][  0]LogPackageLocalizationCache: Processed 19 localized package path(s) for 1 prioritized culture(s) in 0.047161 seconds
[2021.04.14-08.15.48:446][  0]LogInit: Selected Device Profile: [Windows]
[2021.04.14-08.15.48:534][  0]LogMeshReduction: Using QuadricMeshReduction for automatic static mesh reduction
[2021.04.14-08.15.48:534][  0]LogMeshReduction: Using SimplygonMeshReduction for automatic skeletal mesh reduction
[2021.04.14-08.15.48:535][  0]LogMeshReduction: Using ProxyLODMeshReduction for automatic mesh merging
[2021.04.14-08.15.48:535][  0]LogMeshReduction: No distributed automatic mesh merging module available
[2021.04.14-08.15.48:536][  0]LogMeshMerging: No distributed automatic mesh merging module available
[2021.04.14-08.15.48:551][  0]LogNetVersion: GamesAssignmentTwo 1.0.0, NetCL: 13144385, EngineNetVer: 14, GameNetVer: 0 (Checksum: 1185472599)
[2021.04.14-08.15.48:759][  0]LogAISub: UAISubsystem::UAISubsystem AISubsystem (0000016CC1A058C0), frame # 0
[2021.04.14-08.15.48:759][  0]LogAISub: UAISubsystem::UAISubsystem AIPerceptionSystem (0000016CC193D6C0), frame # 0
[2021.04.14-08.15.48:762][  0]LogAISub: UAISubsystem::UAISubsystem EnvQueryManager (0000016CC1937C00), frame # 0
[2021.04.14-08.15.48:836][  0]LogCollectionManager: Loaded 0 collections in 0.000801 seconds
[2021.04.14-08.15.48:839][  0]LogFileCache: Scanning file cache for directory 'C:/Users/aveng/Documents/GitHub/GamesAssignment2-SecondYear/Games Assignment Two/GamesAssignmentTwo/Saved/Collections/' took 0.00s
[2021.04.14-08.15.48:839][  0]LogFileCache: Scanning file cache for directory 'C:/Users/aveng/Documents/GitHub/GamesAssignment2-SecondYear/Games Assignment Two/GamesAssignmentTwo/Content/Developers/aveng/Collections/' took 0.00s
[2021.04.14-08.15.48:839][  0]LogFileCache: Scanning file cache for directory 'C:/Users/aveng/Documents/GitHub/GamesAssignment2-SecondYear/Games Assignment Two/GamesAssignmentTwo/Content/Collections/' took 0.00s
[2021.04.14-08.15.48:839][  0]LogCollectionManager: Fixed up redirectors for 0 collections in 0.000002 seconds (updated 0 objects)
[2021.04.14-08.15.48:894][  0]LogMoviePlayer: Initializing movie player
[2021.04.14-08.15.49:091][  0]LogScript: Warning: Script Msg: A null object was passed as a world context object to UEngine::GetWorldFromContextObject().
[2021.04.14-08.15.49:092][  0]LogScript: Warning: Script Msg: A null object was passed as a world context object to UEngine::GetWorldFromContextObject().
[2021.04.14-08.15.49:095][  0]LogScript: Warning: Script Msg: A null object was passed as a world context object to UEngine::GetWorldFromContextObject().
[2021.04.14-08.15.49:096][  0]LogScript: Warning: Script Msg: A null object was passed as a world context object to UEngine::GetWorldFromContextObject().
[2021.04.14-08.15.49:148][  0]LogBlueprint: Warning: [Compiler Ue4ASP_Character] InputAction Event references unknown Action 'Crouch' for  InputAction Crouch
[2021.04.14-08.15.49:150][  0]LogBlueprint: Warning: [Compiler Ue4ASP_Character] Input Axis Event references unknown Axis 'MoveForward' for  InputAxis MoveForward
[2021.04.14-08.15.49:150][  0]LogBlueprint: Warning: [Compiler Ue4ASP_Character] Input Axis Event references unknown Axis 'MoveRight' for  InputAxis MoveRight
[2021.04.14-08.15.49:248][  0]SourceControl: Source control is disabled
[2021.04.14-08.15.49:249][  0]SourceControl: Source control is disabled
[2021.04.14-08.15.49:257][  0]SourceControl: Source control is disabled
[2021.04.14-08.15.49:375][  0]LogAndroidPermission: UAndroidPermissionCallbackProxy::GetInstance
[2021.04.14-08.15.49:391][  0]LogAudioCaptureCore: Display: No Audio Capture implementations found. Audio input will be silent.
[2021.04.14-08.15.49:391][  0]LogAudioCaptureCore: Display: No Audio Capture implementations found. Audio input will be silent.
[2021.04.14-08.15.49:430][  0]LogOcInput: OculusInput pre-init called
[2021.04.14-08.15.49:443][  0]LogUObjectArray: 21163 objects as part of root set at end of initial load.
[2021.04.14-08.15.49:443][  0]LogUObjectAllocator: 5880432 out of 0 bytes used by permanent object pool.
[2021.04.14-08.15.49:444][  0]LogUObjectArray: CloseDisregardForGC: 0/0 objects in disregard for GC pool
[2021.04.14-08.15.49:486][  0]LogEngine: Initializing Engine...
[2021.04.14-08.15.49:487][  0]LogHMD: Failed to initialize OpenVR with code 110
[2021.04.14-08.15.49:488][  0]LogMagicLeap: Warning: VR disabled because ZI is not enabled.  To enable, in the editor, Edit -> Project Settings -> Plugins -> Magic Leap Plugin -> Enable Zero Iteration
[2021.04.14-08.15.49:490][  0]LogStats: UGameplayTagsManager::InitializeManager -  0.000 s
[2021.04.14-08.15.49:562][  0]LogInit: Initializing FReadOnlyCVARCache
[2021.04.14-08.15.49:566][  0]LogAudioMixer: Display: Audio Mixer Platform Settings:
[2021.04.14-08.15.49:566][  0]LogAudioMixer: Display: 	Sample Rate:						  48000
[2021.04.14-08.15.49:567][  0]LogAudioMixer: Display: 	Callback Buffer Frame Size Requested: 1024
[2021.04.14-08.15.49:567][  0]LogAudioMixer: Display: 	Callback Buffer Frame Size To Use:	  1024
[2021.04.14-08.15.49:567][  0]LogAudioMixer: Display: 	Number of buffers to queue:			  2
[2021.04.14-08.15.49:568][  0]LogAudioMixer: Display: 	Max Channels (voices):				  32
[2021.04.14-08.15.49:568][  0]LogAudioMixer: Display: 	Number of Async Source Workers:		  0
[2021.04.14-08.15.49:569][  0]LogAudio: Display: AudioDevice MaxSources: 32
[2021.04.14-08.15.49:569][  0]LogAudio: Display: Using built-in audio occlusion.
[2021.04.14-08.15.49:569][  0]LogAudioMixer: Display: Initializing audio mixer.
[2021.04.14-08.15.49:586][  0]LogAudioMixer: Display: 0: FrontLeft
[2021.04.14-08.15.49:586][  0]LogAudioMixer: Display: 1: FrontRight
[2021.04.14-08.15.49:586][  0]LogAudioMixer: Display: 2: FrontCenter
[2021.04.14-08.15.49:587][  0]LogAudioMixer: Display: 3: LowFrequency
[2021.04.14-08.15.49:587][  0]LogAudioMixer: Display: 4: BackLeft
[2021.04.14-08.15.49:587][  0]LogAudioMixer: Display: 5: BackRight
[2021.04.14-08.15.49:588][  0]LogAudioMixer: Display: 6: SideLeft
[2021.04.14-08.15.49:588][  0]LogAudioMixer: Display: 7: SideRight
[2021.04.14-08.15.49:620][  0]LogAudioMixer: Display: Using Audio Device Speakers (THX Spatial Audio)
[2021.04.14-08.15.49:627][  0]LogAudioMixer: Display: Initializing Sound Submixes...
[2021.04.14-08.15.49:628][  0]LogAudioMixer: Display: Creating Master Submix 'MasterSubmixDefault'
[2021.04.14-08.15.49:628][  0]LogAudioMixer: Display: Creating Master Submix 'MasterReverbSubmixDefault'
[2021.04.14-08.15.49:629][  0]LogAudioMixer: Display: Creating Master Submix 'MasterEQSubmixDefault'
[2021.04.14-08.15.49:632][  0]LogInit: FAudioDevice initialized.
[2021.04.14-08.15.49:633][  0]LogNetVersion: Set ProjectVersion to 1.0.0.0. Version Checksum will be recalculated on next use.
[2021.04.14-08.15.49:719][  0]LogDerivedDataCache: Saved boot cache 0.09s 78MB C:/Users/aveng/AppData/Local/UnrealEngine/4.25/DerivedDataCache/Boot.ddc.
[2021.04.14-08.15.49:721][  0]LogInit: Texture streaming: Enabled
[2021.04.14-08.15.49:767][  0]LogSlate: Updating window title bar state: overlay mode, drag disabled, window buttons hidden, title bar hidden
[2021.04.14-08.15.49:768][  0]LogInit: Display: Game Engine Initialized.
[2021.04.14-08.15.49:768][  0]LogNiagaraEditor: Warning: GEditor isn't valid! Particle reset commands will not work for Niagara components!
[2021.04.14-08.15.49:792][  0]LogInit: Display: Starting Game.
[2021.04.14-08.15.49:792][  0]LogNet: Browse: /Game/Levels/MainMenu?Name=Player
[2021.04.14-08.15.49:793][  0]LogLoad: LoadMap: /Game/Levels/MainMenu?Name=Player
[2021.04.14-08.15.49:794][  0]LogWorld: BeginTearingDown for /Temp/Untitled_0
[2021.04.14-08.15.49:795][  0]LogWorld: UWorld::CleanupWorld for Untitled, bSessionEnded=true, bCleanupResources=true
[2021.04.14-08.15.49:795][  0]LogSlate: InvalidateAllWidgets triggered.  All widgets were invalidated
[2021.04.14-08.15.49:818][  0]LogUObjectHash: Compacting FUObjectHashTables data took   0.68ms
[2021.04.14-08.15.49:870][  0]LogAIModule: Creating AISystem for world MainMenu
[2021.04.14-08.15.49:870][  0]LogAISub: UAISubsystem::UAISubsystem EnvQueryManager (0000016CA8DFCE00), frame # 0
[2021.04.14-08.15.49:871][  0]LogAISub: UAISubsystem::UAISubsystem AIPerceptionSystem (0000016CB9A6BC40), frame # 0
[2021.04.14-08.15.49:878][  0]LogLoad: Game class is 'BP_GamesAssignmentTwoGameModeBse_C'
[2021.04.14-08.15.49:880][  0]LogWorld: Bringing World /Game/Levels/MainMenu.MainMenu up for play (max tick rate 0) at 2021.04.14-09.15.49
[2021.04.14-08.15.49:880][  0]LogWorld: Bringing up level for play took: 0.001224
[2021.04.14-08.15.49:884][  0]LogTemp: Warning: 0
[2021.04.14-08.15.49:885][  0]LogTemp: Warning: Load main menu widget from instance called
[2021.04.14-08.15.49:885][  0]LogTemp: Warning: Load main menu widget from instance MenuClass set
[2021.04.14-08.15.49:887][  0]LogTemp: Warning: TRUEEE
[2021.04.14-08.15.49:887][  0]LogTemp: Warning: Level: MainMenu
[2021.04.14-08.15.49:888][  0]LogLoad: Took 0.094592 seconds to LoadMap(/Game/Levels/MainMenu)
[2021.04.14-08.15.49:912][  0]LogSlate: Took 0.000192 seconds to synchronously load lazily loaded font '../../../Engine/Content/Slate/Fonts/Roboto-Regular.ttf' (155K)
[2021.04.14-08.15.49:929][  0]LogRenderer: Reallocating scene render targets to support 960x1020 Format 10 NumSamples 1 (Frame:1).
[2021.04.14-08.15.49:929][  0]LogLoad: (Engine Initialization) Total time: 5.04 seconds
[2021.04.14-08.15.49:929][  0]LogLoad: (Engine Initialization) Total Blueprint compile time: 0.00 seconds
[2021.04.14-08.15.49:942][  0]LogContentStreaming: Texture pool size now 1000 MB
[2021.04.14-08.15.49:945][  0]LogSlate: InvalidateAllWidgets triggered.  All widgets were invalidated
[2021.04.14-08.15.49:982][  1]LogSlate: Took 0.000132 seconds to synchronously load lazily loaded font '../../../Engine/Content/Slate/Fonts/Roboto-Regular.ttf' (155K)
[2021.04.14-08.15.59:605][850]LogSlate: WidgetSwitcher ('None') active index changed to 1
[2021.04.14-08.16.00:231][ 61]LogGameMode: ProcessServerTravel: /Game/Levels/Lobby?listen
[2021.04.14-08.16.00:232][ 61]LogEngine: Server switch level: /Game/Levels/Lobby?Name=Player?listen
[2021.04.14-08.16.00:232][ 61]LogNet: Browse: /Game/Levels/Lobby?Name=Player?listen
[2021.04.14-08.16.00:233][ 61]LogLoad: LoadMap: /Game/Levels/Lobby?Name=Player?listen
[2021.04.14-08.16.00:233][ 61]LogWorld: BeginTearingDown for /Game/Levels/MainMenu
[2021.04.14-08.16.00:235][ 61]LogWorld: UWorld::CleanupWorld for MainMenu, bSessionEnded=true, bCleanupResources=true
[2021.04.14-08.16.00:235][ 61]LogSlate: InvalidateAllWidgets triggered.  All widgets were invalidated
[2021.04.14-08.16.00:274][ 61]LogAISub: UAISubsystem::~UAISubsystem EnvQueryManager (0000016CA8DFCE00), frame # 2061
[2021.04.14-08.16.00:274][ 61]LogAISub: UAISubsystem::~UAISubsystem AIPerceptionSystem (0000016CB9A6BC40), frame # 2061
[2021.04.14-08.16.00:276][ 61]LogUObjectHash: Compacting FUObjectHashTables data took   0.74ms
[2021.04.14-08.16.00:327][ 61]LogAIModule: Creating AISystem for world Lobby
[2021.04.14-08.16.00:327][ 61]LogAISub: UAISubsystem::UAISubsystem EnvQueryManager (0000016CCAC11000), frame # 2061
[2021.04.14-08.16.00:328][ 61]LogAISub: UAISubsystem::UAISubsystem AIPerceptionSystem (0000016CAB7FD1C0), frame # 2061
[2021.04.14-08.16.00:329][ 61]LogLoad: Game class is 'BP_ServerLobbyGameModeBase_C'
[2021.04.14-08.16.00:330][ 61]LogNet: ReplicationDriverClass is null! Not using ReplicationDriver.
[2021.04.14-08.16.00:330][ 61]LogNetCore: DDoS detection status: detection enabled: 0 analytics enabled: 0
[2021.04.14-08.16.00:330][ 61]LogInit: WinSock: Socket queue. Rx: 131072 (config 131072) Tx: 131072 (config 131072)
[2021.04.14-08.16.00:331][ 61]LogNet: Created socket for bind address: 0.0.0.0 on port 7777
[2021.04.14-08.16.00:331][ 61]PacketHandlerLog: Loaded PacketHandler component: Engine.EngineHandlerComponentFactory (StatelessConnectHandlerComponent)
[2021.04.14-08.16.00:331][ 61]LogNet: GameNetDriver IpNetDriver_0 IpNetDriver listening on port 7777
[2021.04.14-08.16.00:333][ 61]LogWorld: Bringing World /Game/Levels/Lobby.Lobby up for play (max tick rate 0) at 2021.04.14-09.16.00
[2021.04.14-08.16.00:333][ 61]LogWorld: Bringing up level for play took: 0.001028
[2021.04.14-08.16.00:334][ 61]LogOnlineSession: Warning: OSS: No game present to join for session (GameSession)
[2021.04.14-08.16.00:335][ 61]LogTemp: Warning: Players: 1
[2021.04.14-08.16.00:337][ 61]LogTemp: Warning: 0
[2021.04.14-08.16.00:338][ 61]LogTemp: Warning: Level: Lobby
[2021.04.14-08.16.00:338][ 61]LogLoad: Took 0.105536 seconds to LoadMap(/Game/Levels/Lobby)
[2021.04.14-08.16.04:331][661]LogNet: NotifyAcceptingConnection accepted from: 127.0.0.1:51711
[2021.04.14-08.16.04:331][661]LogHandshake: SendConnectChallenge. Timestamp: 4.103101, Cookie: 212168158129189212222062148005062196040194134177178138016045
[2021.04.14-08.16.04:357][662]LogNet: NotifyAcceptingConnection accepted from: 127.0.0.1:51711
[2021.04.14-08.16.04:357][662]LogHandshake: SendChallengeAck. InCookie: 212168158129189212222062148005062196040194134177178138016045
[2021.04.14-08.16.04:358][662]LogNet: Server accepting post-challenge connection from: 127.0.0.1:51711
[2021.04.14-08.16.04:359][662]PacketHandlerLog: Loaded PacketHandler component: Engine.EngineHandlerComponentFactory (StatelessConnectHandlerComponent)
[2021.04.14-08.16.04:359][662]LogNet: NotifyAcceptedConnection: Name: Lobby, TimeStamp: 04/14/21 09:16:04, [UNetConnection] RemoteAddr: 127.0.0.1:51711, Name: IpConnection_0, Driver: GameNetDriver IpNetDriver_0, IsServer: YES, PC: NULL, Owner: NULL, UniqueId: INVALID
[2021.04.14-08.16.04:359][662]LogNet: AddClientConnection: Added client connection: [UNetConnection] RemoteAddr: 127.0.0.1:51711, Name: IpConnection_0, Driver: GameNetDriver IpNetDriver_0, IsServer: YES, PC: NULL, Owner: NULL, UniqueId: INVALID
[2021.04.14-08.16.04:378][663]LogNet: NotifyAcceptingChannel Control 0 server World /Game/Levels/Lobby.Lobby: Accepted
[2021.04.14-08.16.04:378][663]LogNet: Remote platform little endian=1
[2021.04.14-08.16.04:379][663]LogNet: This platform little endian=1
[2021.04.14-08.16.04:382][663]LogNetVersion: GamesAssignmentTwo 1.0.0.0, NetCL: 13144385, EngineNetVer: 14, GameNetVer: 0 (Checksum: 1872474305)
[2021.04.14-08.16.04:408][664]LogNet: Login request: ?Name=Programming-PC-18D5D8EB43C8C3218CBF13A22E3592F9 userId: NULL:Programming-PC-18D5D8EB43C8C3218CBF13A22E3592F9 platform: NULL
[2021.04.14-08.16.04:422][665]LogNet: Client netspeed is 10000
[2021.04.14-08.16.04:529][706]LogNet: Join request: /Game/Levels/MainMenu?Name=Programming-PC-18D5D8EB43C8C3218CBF13A22E3592F9?SplitscreenCount=1
[2021.04.14-08.16.04:529][706]PIE: Error: Only Local Player Controllers can be assigned to widgets. BP_MainPlayerController_C_1 is not a Local Player Controller.
[2021.04.14-08.16.04:530][706]LogTemp: Warning: Level: Lobby
[2021.04.14-08.16.04:531][706]LogOnlineSession: Warning: OSS: No game present to join for session (GameSession)
[2021.04.14-08.16.04:533][706]LogTemp: Warning: 0
[2021.04.14-08.16.04:533][706]LogTemp: Warning: Players: 2
[2021.04.14-08.16.04:534][706]LogNet: Join succeeded: Programming-PC-18D5D
[2021.04.14-08.16.14:532][197]LogGameMode: ProcessServerTravel: /Game/Levels/Gamelevel?listen
[2021.04.14-08.16.14:534][197]LogWorld: SeamlessTravel to: /Game/Levels/Gamelevel
[2021.04.14-08.16.14:547][198]LogWorld: BeginTearingDown for /Game/Levels/Lobby
[2021.04.14-08.16.14:550][198]LogWorld: UWorld::CleanupWorld for Lobby, bSessionEnded=false, bCleanupResources=true
[2021.04.14-08.16.14:550][198]LogSlate: InvalidateAllWidgets triggered.  All widgets were invalidated
[2021.04.14-08.16.14:563][198]LogAISub: UAISubsystem::~UAISubsystem AIPerceptionSystem (0000016CAB7FD1C0), frame # 3198
[2021.04.14-08.16.14:563][198]LogAISub: UAISubsystem::~UAISubsystem EnvQueryManager (0000016CCAC11000), frame # 3198
[2021.04.14-08.16.14:565][198]LogUObjectHash: Compacting FUObjectHashTables data took   0.79ms
[2021.04.14-08.16.14:566][198]LogStats:     SeamlessTravel FlushLevelStreaming  -  0.000 s
[2021.04.14-08.16.14:566][198]LogAIModule: Creating AISystem for world Untitled
[2021.04.14-08.16.14:567][198]LogAISub: UAISubsystem::UAISubsystem EnvQueryManager (0000016CCE5B6600), frame # 3198
[2021.04.14-08.16.14:567][198]LogAISub: UAISubsystem::UAISubsystem AIPerceptionSystem (0000016CCB1B5F80), frame # 3198
[2021.04.14-08.16.14:567][198]LogWorld: Bringing World /Temp/Untitled_1.Untitled up for play (max tick rate 0) at 2021.04.14-09.16.14
[2021.04.14-08.16.14:568][198]LogWorld: Bringing up level for play took: 0.000364
[2021.04.14-08.16.14:568][198]LogWorld: Sending NotifyLoadedWorld for LP: LocalPlayer_0 PC: BP_MainPlayerController_C_0
[2021.04.14-08.16.14:568][198]LogNet: Verbose: NotifyLoadedWorld Begin
[2021.04.14-08.16.14:569][198]LogNet: VeryVerbose: GetFunctionCallspace Server calling Server function: ServerNotifyLoadedWorld Local
[2021.04.14-08.16.14:569][198]LogNet: Verbose: NotifyLoadedWorld End
[2021.04.14-08.16.14:569][198]LogWorld: StartLoadingDestination to: /Game/Levels/Gamelevel
[2021.04.14-08.16.14:645][201]LogWorld: BeginTearingDown for /Temp/Untitled_1
[2021.04.14-08.16.14:646][201]LogWorld: UWorld::CleanupWorld for Untitled, bSessionEnded=true, bCleanupResources=true
[2021.04.14-08.16.14:647][201]LogSlate: InvalidateAllWidgets triggered.  All widgets were invalidated
[2021.04.14-08.16.14:688][201]LogAISub: UAISubsystem::~UAISubsystem AIPerceptionSystem (0000016CCB1B5F80), frame # 3201
[2021.04.14-08.16.14:688][201]LogAISub: UAISubsystem::~UAISubsystem EnvQueryManager (0000016CCE5B6600), frame # 3201
[2021.04.14-08.16.14:690][201]LogUObjectHash: Compacting FUObjectHashTables data took   0.75ms
[2021.04.14-08.16.14:691][201]LogAIModule: Creating AISystem for world GameLevel
[2021.04.14-08.16.14:691][201]LogAISub: UAISubsystem::UAISubsystem EnvQueryManager (0000016CCE5B7E00), frame # 3201
[2021.04.14-08.16.14:692][201]LogAISub: UAISubsystem::UAISubsystem AIPerceptionSystem (0000016CCB0B51C0), frame # 3201
[2021.04.14-08.16.14:696][201]LogLoad: Game class is 'BP_GamesAssignmentTwoGameModeBse_C'
[2021.04.14-08.16.14:696][201]LogStats:     SeamlessTravel FlushLevelStreaming  -  0.000 s
[2021.04.14-08.16.14:698][201]LogWorld: Bringing World /Game/Levels/Gamelevel.GameLevel up for play (max tick rate 0) at 2021.04.14-09.16.14
[2021.04.14-08.16.14:698][201]LogWorld: Bringing up level for play took: 0.001877
[2021.04.14-08.16.14:699][201]LogWorld: Sending NotifyLoadedWorld for LP: LocalPlayer_0 PC: BP_MainPlayerController_C_0
[2021.04.14-08.16.14:699][201]LogNet: Verbose: NotifyLoadedWorld Begin
[2021.04.14-08.16.14:699][201]LogNet: VeryVerbose: GetFunctionCallspace Server calling Server function: ServerNotifyLoadedWorld Local
[2021.04.14-08.16.14:700][201]LogNet: Verbose: NotifyLoadedWorld End
[2021.04.14-08.16.14:700][201]LogWorld: ----SeamlessTravel finished in 0.17 seconds ------
[2021.04.14-08.16.14:702][201]LogTemp: Warning: 4
[2021.04.14-08.16.14:703][201]LogTemp: Warning: Level: Gamelevel
[2021.04.14-08.16.14:704][201]LogTemp: Warning: PlayerInterface Here
[2021.04.14-08.16.14:732][206]PIE: Error: Only Local Player Controllers can be assigned to widgets. BP_MainPlayerController_C_3 is not a Local Player Controller.
[2021.04.14-08.16.14:733][206]LogTemp: Warning: Level: Gamelevel
[2021.04.14-08.16.14:735][206]LogTemp: Warning: 4
[2021.04.14-08.16.17:665][348]LogTemp: Warning: Calling Push
[2021.04.14-08.16.17:666][348]LogTemp: Warning: Start Location: X=-762.000 Y=302.000 Z=286.000
[2021.04.14-08.16.17:666][348]LogTemp: Warning: End Location: X=-752.007 Y=301.703 Z=286.233
[2021.04.14-08.16.21:555][529]LogTemp: Warning: Calling Push
[2021.04.14-08.16.21:555][529]LogTemp: Warning: Start Location: X=-466.000 Y=-42.000 Z=345.000
[2021.04.14-08.16.21:556][529]LogTemp: Warning: End Location: X=-456.079 Y=-41.185 Z=344.049
[2021.04.14-08.16.22:726][582]LogTemp: Warning: Calling Push
[2021.04.14-08.16.22:727][582]LogTemp: Warning: Start Location: X=-467.000 Y=-10.000 Z=351.000
[2021.04.14-08.16.22:728][582]LogTemp: Warning: End Location: X=-457.058 Y=-9.913 Z=349.928
[2021.04.14-08.16.23:603][620]LogTemp: Warning: Calling Push
[2021.04.14-08.16.23:604][620]LogTemp: Warning: Start Location: X=-466.000 Y=-10.000 Z=351.000
[2021.04.14-08.16.23:605][620]LogTemp: Warning: End Location: X=-456.058 Y=-9.913 Z=349.928
[2021.04.14-08.16.24:141][644]LogTemp: Warning: Calling Push
[2021.04.14-08.16.24:142][644]LogTemp: Warning: Start Location: X=-466.000 Y=-10.000 Z=351.000
[2021.04.14-08.16.24:143][644]LogTemp: Warning: End Location: X=-456.058 Y=-9.913 Z=349.928
[2021.04.14-08.16.24:344][653]LogTemp: Warning: Calling Push
[2021.04.14-08.16.24:345][653]LogTemp: Warning: Start Location: X=-466.000 Y=-10.000 Z=351.000
[2021.04.14-08.16.24:345][653]LogTemp: Warning: End Location: X=-456.058 Y=-9.913 Z=349.928
[2021.04.14-08.16.24:483][659]LogTemp: Warning: Calling Push
[2021.04.14-08.16.24:484][659]LogTemp: Warning: Start Location: X=-466.000 Y=-10.000 Z=351.000
[2021.04.14-08.16.24:485][659]LogTemp: Warning: End Location: X=-456.058 Y=-9.913 Z=349.928
[2021.04.14-08.16.24:645][665]LogTemp: Warning: Calling Push
[2021.04.14-08.16.24:646][665]LogTemp: Warning: Start Location: X=-466.000 Y=-10.000 Z=351.000
[2021.04.14-08.16.24:651][665]LogTemp: Warning: End Location: X=-456.058 Y=-9.913 Z=349.928
[2021.04.14-08.16.24:902][676]LogTemp: Warning: Calling Push
[2021.04.14-08.16.24:904][676]LogTemp: Warning: Start Location: X=-466.000 Y=-10.000 Z=351.000
[2021.04.14-08.16.24:904][676]LogTemp: Warning: End Location: X=-456.058 Y=-9.913 Z=349.928
[2021.04.14-08.16.25:109][685]LogTemp: Warning: Calling Push
[2021.04.14-08.16.25:111][685]LogTemp: Warning: Start Location: X=-466.000 Y=-10.000 Z=351.000
[2021.04.14-08.16.25:112][685]LogTemp: Warning: End Location: X=-456.058 Y=-9.913 Z=349.928
[2021.04.14-08.16.25:274][692]LogTemp: Warning: Calling Push
[2021.04.14-08.16.25:275][692]LogTemp: Warning: Start Location: X=-466.000 Y=-10.000 Z=351.000
[2021.04.14-08.16.25:276][692]LogTemp: Warning: End Location: X=-456.058 Y=-9.913 Z=349.928
[2021.04.14-08.16.25:434][698]LogTemp: Warning: Calling Push
[2021.04.14-08.16.25:435][698]LogTemp: Warning: Start Location: X=-466.000 Y=-10.000 Z=351.000
[2021.04.14-08.16.25:435][698]LogTemp: Warning: End Location: X=-456.058 Y=-9.913 Z=349.928
[2021.04.14-08.16.25:602][705]LogTemp: Warning: Calling Push
[2021.04.14-08.16.25:603][705]LogTemp: Warning: Start Location: X=-466.000 Y=-10.000 Z=351.000
[2021.04.14-08.16.25:603][705]LogTemp: Warning: End Location: X=-456.058 Y=-9.913 Z=349.928
[2021.04.14-08.16.25:759][711]LogTemp: Warning: Calling Push
[2021.04.14-08.16.25:760][711]LogTemp: Warning: Start Location: X=-466.000 Y=-10.000 Z=351.000
[2021.04.14-08.16.25:761][711]LogTemp: Warning: End Location: X=-456.058 Y=-9.913 Z=349.928
[2021.04.14-08.16.25:922][718]LogTemp: Warning: Calling Push
[2021.04.14-08.16.25:923][718]LogTemp: Warning: Start Location: X=-466.000 Y=-10.000 Z=351.000
[2021.04.14-08.16.25:923][718]LogTemp: Warning: End Location: X=-456.058 Y=-9.913 Z=349.928
[2021.04.14-08.16.26:077][725]LogTemp: Warning: Calling Push
[2021.04.14-08.16.26:078][725]LogTemp: Warning: Start Location: X=-466.000 Y=-10.000 Z=351.000
[2021.04.14-08.16.26:079][725]LogTemp: Warning: End Location: X=-456.058 Y=-9.913 Z=349.928
[2021.04.14-08.16.26:233][731]LogTemp: Warning: Calling Push
[2021.04.14-08.16.26:234][731]LogTemp: Warning: Start Location: X=-466.000 Y=-10.000 Z=351.000
[2021.04.14-08.16.26:235][731]LogTemp: Warning: End Location: X=-456.058 Y=-9.913 Z=349.928
[2021.04.14-08.16.26:592][747]LogTemp: Warning: Calling Push
[2021.04.14-08.16.26:594][747]LogTemp: Warning: Start Location: X=-466.000 Y=-10.000 Z=351.000
[2021.04.14-08.16.26:594][747]LogTemp: Warning: End Location: X=-456.058 Y=-9.913 Z=349.928
[2021.04.14-08.16.26:793][756]LogTemp: Warning: Calling Push
[2021.04.14-08.16.26:794][756]LogTemp: Warning: Start Location: X=-466.000 Y=-10.000 Z=351.000
[2021.04.14-08.16.26:795][756]LogTemp: Warning: End Location: X=-456.058 Y=-9.913 Z=349.928
[2021.04.14-08.16.26:979][764]LogTemp: Warning: Calling Push
[2021.04.14-08.16.26:980][764]LogTemp: Warning: Start Location: X=-466.000 Y=-10.000 Z=351.000
[2021.04.14-08.16.26:981][764]LogTemp: Warning: End Location: X=-456.058 Y=-9.913 Z=349.928
[2021.04.14-08.16.27:172][773]LogTemp: Warning: Calling Push
[2021.04.14-08.16.27:173][773]LogTemp: Warning: Start Location: X=-466.000 Y=-10.000 Z=351.000
[2021.04.14-08.16.27:173][773]LogTemp: Warning: End Location: X=-456.058 Y=-9.913 Z=349.928
[2021.04.14-08.16.27:345][781]LogTemp: Warning: Calling Push
[2021.04.14-08.16.27:346][781]LogTemp: Warning: Start Location: X=-466.000 Y=-10.000 Z=351.000
[2021.04.14-08.16.27:349][781]LogTemp: Warning: End Location: X=-456.058 Y=-9.913 Z=349.928
[2021.04.14-08.16.27:508][788]LogTemp: Warning: Calling Push
[2021.04.14-08.16.27:511][788]LogTemp: Warning: Start Location: X=-466.000 Y=-10.000 Z=351.000
[2021.04.14-08.16.27:511][788]LogTemp: Warning: End Location: X=-456.058 Y=-9.913 Z=349.928
[2021.04.14-08.16.27:691][796]LogTemp: Warning: Calling Push
[2021.04.14-08.16.27:692][796]LogTemp: Warning: Start Location: X=-466.000 Y=-10.000 Z=351.000
[2021.04.14-08.16.27:692][796]LogTemp: Warning: End Location: X=-456.058 Y=-9.913 Z=349.928
[2021.04.14-08.16.27:861][803]LogTemp: Warning: Calling Push
[2021.04.14-08.16.27:862][803]LogTemp: Warning: Start Location: X=-466.000 Y=-10.000 Z=351.000
[2021.04.14-08.16.27:866][803]LogTemp: Warning: End Location: X=-456.058 Y=-9.913 Z=349.928
