Log file open, 04/14/21 07:55:22
LogInit: Display: Running engine for game: GamesAssignmentTwo
LogPlatformFile: Not using cached read wrapper
LogTaskGraph: Started task graph with 5 named threads and 71 total threads with 3 sets of task threads.
LogStats: Stats thread started at 0.240720
LogD3D11RHI: Loaded GFSDK_Aftermath_Lib.x64.dll
LogICUInternationalization: ICU TimeZone Detection - Raw Offset: +0:00, Platform Override: ''
LogPluginManager: Mounting plugin Paper2D
LogPluginManager: Mounting plugin AISupport
LogPluginManager: Mounting plugin LightPropagationVolume
LogPluginManager: Mounting plugin CameraShakePreviewer
LogPluginManager: Mounting plugin ActorLayerUtilities
LogPluginManager: Mounting plugin AnimationSharing
LogPluginManager: Mounting plugin CLionSourceCodeAccess
LogPluginManager: Mounting plugin CodeLiteSourceCodeAccess
LogPluginManager: Mounting plugin GitSourceControl
LogPluginManager: Mounting plugin KDevelopSourceCodeAccess
LogPluginManager: Mounting plugin NullSourceCodeAccess
LogPluginManager: Mounting plugin PerforceSourceControl
LogPluginManager: Mounting plugin PlasticSourceControl
LogPluginManager: Mounting plugin RiderSourceCodeAccess
LogPluginManager: Mounting plugin SubversionSourceControl
LogPluginManager: Mounting plugin UObjectPlugin
LogPluginManager: Mounting plugin VisualStudioCodeSourceCodeAccess
LogPluginManager: Mounting plugin VisualStudioSourceCodeAccess
LogPluginManager: Mounting plugin XCodeSourceCodeAccess
LogPluginManager: Mounting plugin AssetManagerEditor
LogPluginManager: Mounting plugin CryptoKeys
LogPluginManager: Mounting plugin CurveEditorTools
LogPluginManager: Mounting plugin DataValidation
LogPluginManager: Mounting plugin EditorScriptingUtilities
LogPluginManager: Mounting plugin FacialAnimation
LogPluginManager: Mounting plugin GameplayTagsEditor
LogPluginManager: Mounting plugin GeometryMode
LogPluginManager: Mounting plugin MacGraphicsSwitching
LogPluginManager: Mounting plugin MaterialAnalyzer
LogPluginManager: Mounting plugin MobileLauncherProfileWizard
LogPluginManager: Mounting plugin PluginBrowser
LogPluginManager: Mounting plugin SpeedTreeImporter
LogPluginManager: Mounting plugin DatasmithContent
LogPluginManager: Mounting plugin VariantManagerContent
LogPluginManager: Mounting plugin AlembicImporter
LogPluginManager: Mounting plugin AutomationUtils
LogPluginManager: Mounting plugin BackChannel
LogPluginManager: Mounting plugin ChaosCloth
LogPluginManager: Mounting plugin ChaosClothEditor
LogPluginManager: Mounting plugin ChaosEditor
LogPluginManager: Mounting plugin ChaosNiagara
LogPluginManager: Mounting plugin ChaosSolverPlugin
LogPluginManager: Mounting plugin CharacterAI
LogPluginManager: Mounting plugin GeometryCache
LogPluginManager: Mounting plugin GeometryCollectionPlugin
LogPluginManager: Mounting plugin GeometryProcessing
LogPluginManager: Mounting plugin PlanarCut
LogPluginManager: Mounting plugin PlatformCrypto
LogPluginManager: Mounting plugin ProxyLODPlugin
LogPluginManager: Mounting plugin SkeletalReduction
LogPluginManager: Mounting plugin Niagara
LogPluginManager: Mounting plugin MagicLeap
LogPluginManager: Mounting plugin MagicLeapLightEstimation
LogPluginManager: Mounting plugin MagicLeapMedia
LogPluginManager: Mounting plugin MagicLeapPassableWorld
LogPluginManager: Mounting plugin MLSDK
LogPluginManager: Mounting plugin AndroidMedia
LogPluginManager: Mounting plugin AvfMedia
LogPluginManager: Mounting plugin ImgMedia
LogPluginManager: Mounting plugin MediaCompositing
LogPluginManager: Mounting plugin MediaPlayerEditor
LogPluginManager: Mounting plugin WebMMedia
LogPluginManager: Mounting plugin WmfMedia
LogPluginManager: Mounting plugin MeshPainting
LogPluginManager: Mounting plugin TcpMessaging
LogPluginManager: Mounting plugin UdpMessaging
LogPluginManager: Mounting plugin ActorSequence
LogPluginManager: Mounting plugin LevelSequenceEditor
LogPluginManager: Mounting plugin MatineeToLevelSequence
LogPluginManager: Mounting plugin MovieRenderPipeline
LogPluginManager: Mounting plugin TemplateSequence
LogPluginManager: Mounting plugin NetcodeUnitTest
LogPluginManager: Mounting plugin NUTUnrealEngine4
LogPluginManager: Mounting plugin OnlineSubsystemGooglePlay
LogPluginManager: Mounting plugin OnlineSubsystemIOS
LogPluginManager: Mounting plugin OnlineSubsystem
LogPluginManager: Mounting plugin OnlineSubsystemNull
LogPluginManager: Mounting plugin OnlineSubsystemUtils
LogPluginManager: Mounting plugin LauncherChunkInstaller
LogPluginManager: Mounting plugin AndroidDeviceProfileSelector
LogPluginManager: Mounting plugin AndroidMoviePlayer
LogPluginManager: Mounting plugin AndroidPermission
LogPluginManager: Mounting plugin AppleImageUtils
LogPluginManager: Mounting plugin AppleMoviePlayer
LogPluginManager: Mounting plugin ArchVisCharacter
LogPluginManager: Mounting plugin AssetTags
LogPluginManager: Mounting plugin AudioCapture
LogPluginManager: Mounting plugin CableComponent
LogPluginManager: Mounting plugin CustomMeshComponent
LogPluginManager: Mounting plugin EditableMesh
LogPluginManager: Mounting plugin ExampleDeviceProfileSelector
LogPluginManager: Mounting plugin GoogleCloudMessaging
LogPluginManager: Mounting plugin GooglePAD
LogPluginManager: Mounting plugin IOSDeviceProfileSelector
LogPluginManager: Mounting plugin LinuxDeviceProfileSelector
LogPluginManager: Mounting plugin LocationServicesBPLibrary
LogPluginManager: Mounting plugin MobilePatchingUtils
LogPluginManager: Mounting plugin OculusVR
LogPluginManager: Mounting plugin PhysXVehicles
LogPluginManager: Mounting plugin PostSplashScreen
LogPluginManager: Mounting plugin ProceduralMeshComponent
LogPluginManager: Mounting plugin RuntimePhysXCooking
LogPluginManager: Mounting plugin SignificanceManager
LogPluginManager: Mounting plugin SoundFields
LogPluginManager: Mounting plugin SteamVR
LogPluginManager: Mounting plugin Synthesis
LogPluginManager: Mounting plugin WebMMoviePlayer
LogPluginManager: Mounting plugin WindowsMoviePlayer
LogPluginManager: Mounting plugin ScreenshotTools
LogInit: Using libcurl 7.55.1-DEV
LogInit:  - built for x86_64-pc-win32
LogInit:  - supports SSL with OpenSSL/1.1.1
LogInit:  - supports HTTP deflate (compression) using libz 1.2.8
LogInit:  - other features:
LogInit:      CURL_VERSION_SSL
LogInit:      CURL_VERSION_LIBZ
LogInit:      CURL_VERSION_IPV6
LogInit:      CURL_VERSION_ASYNCHDNS
LogInit:      CURL_VERSION_LARGEFILE
LogInit:      CURL_VERSION_IDN
LogInit:  CurlRequestOptions (configurable via config and command line):
LogInit:  - bVerifyPeer = true  - Libcurl will verify peer certificate
LogInit:  - bUseHttpProxy = false  - Libcurl will NOT use HTTP proxy
LogInit:  - bDontReuseConnections = false  - Libcurl will reuse connections
LogInit:  - MaxHostConnections = 16  - Libcurl will limit the number of connections to a host
LogInit:  - LocalHostAddr = Default
LogInit:  - BufferSize = 65536
LogOnline: OSS: Creating online subsystem instance for: NULL
LogInit: WinSock: version 1.1 (2.2), MaxSocks=32767, MaxUdp=65467
LogOnline: OSS: TryLoadSubsystemAndSetDefault: Loaded subsystem for module [NULL]
LogInit: Build: ++UE4+Release-4.25-CL-14469661
LogInit: Engine Version: 4.25.4-14469661+++UE4+Release-4.25
LogInit: Compatible Engine Version: 4.25.0-13144385+++UE4+Release-4.25
LogInit: Net CL: 13144385
LogInit: OS: Windows 10 (Release 2009) (), CPU: AMD Ryzen 9 3900X 12-Core Processor            , GPU: NVIDIA GeForce GTX 1060 6GB
LogInit: Compiled (64-bit): Oct 11 2020 08:10:49
LogInit: Compiled with Visual C++: 19.24.28315.00
LogInit: Build Configuration: Development
LogInit: Branch Name: ++UE4+Release-4.25
LogInit: Command Line: -log -game
LogInit: Base Directory: E:/UNREAL ENGINE/UE_4.25/Engine/Binaries/Win64/
LogInit: Allocator: TBB
LogInit: Installed Engine Build: 1
LogDevObjectVersion: Number of dev versions registered: 26
LogDevObjectVersion:   Dev-Blueprints (B0D832E4-1F89-4F0D-ACCF-7EB736FD4AA2): 10
LogDevObjectVersion:   Dev-Build (E1C64328-A22C-4D53-A36C-8E866417BD8C): 0
LogDevObjectVersion:   Dev-Core (375EC13C-06E4-48FB-B500-84F0262A717E): 4
LogDevObjectVersion:   Dev-Editor (E4B068ED-F494-42E9-A231-DA0B2E46BB41): 38
LogDevObjectVersion:   Dev-Framework (CFFC743F-43B0-4480-9391-14DF171D2073): 37
LogDevObjectVersion:   Dev-Mobile (B02B49B5-BB20-44E9-A304-32B752E40360): 2
LogDevObjectVersion:   Dev-Networking (A4E4105C-59A1-49B5-A7C5-40C4547EDFEE): 0
LogDevObjectVersion:   Dev-Online (39C831C9-5AE6-47DC-9A44-9C173E1C8E7C): 0
LogDevObjectVersion:   Dev-Physics (78F01B33-EBEA-4F98-B9B4-84EACCB95AA2): 4
LogDevObjectVersion:   Dev-Platform (6631380F-2D4D-43E0-8009-CF276956A95A): 0
LogDevObjectVersion:   Dev-Rendering (12F88B9F-8875-4AFC-A67C-D90C383ABD29): 43
LogDevObjectVersion:   Dev-Sequencer (7B5AE74C-D270-4C10-A958-57980B212A5A): 12
LogDevObjectVersion:   Dev-VR (D7296918-1DD6-4BDD-9DE2-64A83CC13884): 3
LogDevObjectVersion:   Dev-LoadTimes (C2A15278-BFE7-4AFE-6C17-90FF531DF755): 1
LogDevObjectVersion:   Private-Geometry (6EACA3D4-40EC-4CC1-B786-8BED09428FC5): 3
LogDevObjectVersion:   Dev-AnimPhys (29E575DD-E0A3-4627-9D10-D276232CDCEA): 17
LogDevObjectVersion:   Dev-Anim (AF43A65D-7FD3-4947-9873-3E8ED9C1BB05): 7
LogDevObjectVersion:   Dev-ReflectionCapture (6B266CEC-1EC7-4B8F-A30B-E4D90942FC07): 1
LogDevObjectVersion:   Dev-Automation (0DF73D61-A23F-47EA-B727-89E90C41499A): 1
LogDevObjectVersion:   FortniteMain (601D1886-AC64-4F84-AA16-D3DE0DEAC7D6): 31
LogDevObjectVersion:   Dev-Enterprise (9DFFBCD6-494F-0158-E221-12823C92A888): 10
LogDevObjectVersion:   Dev-Niagara (F2AED0AC-9AFE-416F-8664-AA7FFA26D6FC): 1
LogDevObjectVersion:   Dev-Destruction (174F1F0B-B4C6-45A5-B13F-2EE8D0FB917D): 10
LogDevObjectVersion:   Dev-Physics-Ext (35F94A83-E258-406C-A318-09F59610247C): 37
LogDevObjectVersion:   Dev-PhysicsMaterial-Chaos (B68FC16E-8B1B-42E2-B453-215C058844FE): 1
LogDevObjectVersion:   Dev-CineCamera (B2E18506-4273-CFC2-A54E-F4BB758BBA07): 1
LogInit: Presizing for max 25165824 objects, including 0 objects not considered by GC, pre-allocating 0 bytes for permanent pool.
LogConfig: Applying CVar settings from Section [/Script/Engine.StreamingSettings] File [C:/Users/aveng/Documents/GitHub/GamesAssignment2-SecondYear/Games Assignment Two/GamesAssignmentTwo/Saved/Config/Windows/Engine.ini]
LogConfig: Setting CVar [[s.MinBulkDataSizeForAsyncLoading:131072]]
LogConfig: Setting CVar [[s.AsyncLoadingThreadEnabled:0]]
LogConfig: Setting CVar [[s.EventDrivenLoaderEnabled:1]]
LogConfig: Setting CVar [[s.WarnIfTimeLimitExceeded:0]]
LogConfig: Setting CVar [[s.TimeLimitExceededMultiplier:1.5]]
LogConfig: Setting CVar [[s.TimeLimitExceededMinTime:0.005]]
LogConfig: Setting CVar [[s.UseBackgroundLevelStreaming:1]]
LogConfig: Setting CVar [[s.PriorityAsyncLoadingExtraTime:15.0]]
LogConfig: Setting CVar [[s.LevelStreamingActorsUpdateTimeLimit:5.0]]
LogConfig: Setting CVar [[s.PriorityLevelStreamingActorsUpdateExtraTime:5.0]]
LogConfig: Setting CVar [[s.LevelStreamingComponentsRegistrationGranularity:10]]
LogConfig: Setting CVar [[s.UnregisterComponentsTimeLimit:1.0]]
LogConfig: Setting CVar [[s.LevelStreamingComponentsUnregistrationGranularity:5]]
LogConfig: Setting CVar [[s.FlushStreamingOnExit:1]]
LogInit: Object subsystem initialized
LogConfig: Setting CVar [[con.DebugEarlyDefault:1]]
LogConfig: Setting CVar [[r.setres:1280x720]]
[2021.04.14-06.55.22:967][  0]LogConfig: Setting CVar [[con.DebugEarlyDefault:1]]
[2021.04.14-06.55.22:967][  0]LogConfig: Setting CVar [[r.setres:1280x720]]
[2021.04.14-06.55.22:967][  0]LogConfig: Applying CVar settings from Section [/Script/Engine.RendererSettings] File [C:/Users/aveng/Documents/GitHub/GamesAssignment2-SecondYear/Games Assignment Two/GamesAssignmentTwo/Saved/Config/Windows/Engine.ini]
[2021.04.14-06.55.22:968][  0]LogConfig: Setting CVar [[r.GPUCrashDebugging:0]]
[2021.04.14-06.55.22:969][  0]LogConfig: Applying CVar settings from Section [/Script/Engine.RendererOverrideSettings] File [C:/Users/aveng/Documents/GitHub/GamesAssignment2-SecondYear/Games Assignment Two/GamesAssignmentTwo/Saved/Config/Windows/Engine.ini]
[2021.04.14-06.55.22:969][  0]LogConfig: Applying CVar settings from Section [/Script/Engine.StreamingSettings] File [C:/Users/aveng/Documents/GitHub/GamesAssignment2-SecondYear/Games Assignment Two/GamesAssignmentTwo/Saved/Config/Windows/Engine.ini]
[2021.04.14-06.55.22:970][  0]LogConfig: Setting CVar [[s.MinBulkDataSizeForAsyncLoading:131072]]
[2021.04.14-06.55.22:971][  0]LogConfig: Setting CVar [[s.AsyncLoadingThreadEnabled:0]]
[2021.04.14-06.55.22:973][  0]LogConfig: Setting CVar [[s.EventDrivenLoaderEnabled:1]]
[2021.04.14-06.55.22:973][  0]LogConfig: Setting CVar [[s.WarnIfTimeLimitExceeded:0]]
[2021.04.14-06.55.22:974][  0]LogConfig: Setting CVar [[s.TimeLimitExceededMultiplier:1.5]]
[2021.04.14-06.55.22:975][  0]LogConfig: Setting CVar [[s.TimeLimitExceededMinTime:0.005]]
[2021.04.14-06.55.22:976][  0]LogConfig: Setting CVar [[s.UseBackgroundLevelStreaming:1]]
[2021.04.14-06.55.22:976][  0]LogConfig: Setting CVar [[s.PriorityAsyncLoadingExtraTime:15.0]]
[2021.04.14-06.55.22:977][  0]LogConfig: Setting CVar [[s.LevelStreamingActorsUpdateTimeLimit:5.0]]
[2021.04.14-06.55.22:977][  0]LogConfig: Setting CVar [[s.PriorityLevelStreamingActorsUpdateExtraTime:5.0]]
[2021.04.14-06.55.22:979][  0]LogConfig: Setting CVar [[s.LevelStreamingComponentsRegistrationGranularity:10]]
[2021.04.14-06.55.22:979][  0]LogConfig: Setting CVar [[s.UnregisterComponentsTimeLimit:1.0]]
[2021.04.14-06.55.22:981][  0]LogConfig: Setting CVar [[s.LevelStreamingComponentsUnregistrationGranularity:5]]
[2021.04.14-06.55.22:983][  0]LogConfig: Setting CVar [[s.FlushStreamingOnExit:1]]
[2021.04.14-06.55.22:984][  0]LogConfig: Applying CVar settings from Section [/Script/Engine.GarbageCollectionSettings] File [C:/Users/aveng/Documents/GitHub/GamesAssignment2-SecondYear/Games Assignment Two/GamesAssignmentTwo/Saved/Config/Windows/Engine.ini]
[2021.04.14-06.55.22:984][  0]LogConfig: Setting CVar [[gc.MaxObjectsNotConsideredByGC:1]]
[2021.04.14-06.55.22:986][  0]LogConfig: Setting CVar [[gc.SizeOfPermanentObjectPool:0]]
[2021.04.14-06.55.22:986][  0]LogConfig: Setting CVar [[gc.FlushStreamingOnGC:0]]
[2021.04.14-06.55.22:986][  0]LogConfig: Setting CVar [[gc.NumRetriesBeforeForcingGC:10]]
[2021.04.14-06.55.22:987][  0]LogConfig: Setting CVar [[gc.AllowParallelGC:1]]
[2021.04.14-06.55.22:987][  0]LogConfig: Setting CVar [[gc.TimeBetweenPurgingPendingKillObjects:61.1]]
[2021.04.14-06.55.22:988][  0]LogConfig: Setting CVar [[gc.MaxObjectsInEditor:25165824]]
[2021.04.14-06.55.22:989][  0]LogConfig: Setting CVar [[gc.IncrementalBeginDestroyEnabled:1]]
[2021.04.14-06.55.22:989][  0]LogConfig: Setting CVar [[gc.CreateGCClusters:1]]
[2021.04.14-06.55.22:990][  0]LogConfig: Setting CVar [[gc.MinGCClusterSize:5]]
[2021.04.14-06.55.22:991][  0]LogConfig: Setting CVar [[gc.ActorClusteringEnabled:0]]
[2021.04.14-06.55.22:992][  0]LogConfig: Setting CVar [[gc.BlueprintClusteringEnabled:0]]
[2021.04.14-06.55.22:993][  0]LogConfig: Setting CVar [[gc.UseDisregardForGCOnDedicatedServers:0]]
[2021.04.14-06.55.22:993][  0]LogConfig: Applying CVar settings from Section [/Script/Engine.NetworkSettings] File [C:/Users/aveng/Documents/GitHub/GamesAssignment2-SecondYear/Games Assignment Two/GamesAssignmentTwo/Saved/Config/Windows/Engine.ini]
[2021.04.14-06.55.22:994][  0]LogConfig: Applying CVar settings from Section [/Script/UnrealEd.CookerSettings] File [C:/Users/aveng/Documents/GitHub/GamesAssignment2-SecondYear/Games Assignment Two/GamesAssignmentTwo/Saved/Config/Windows/Engine.ini]
[2021.04.14-06.55.23:001][  0]LogConfig: Applying CVar settings from Section [ViewDistanceQuality@3] File [C:/Users/aveng/Documents/GitHub/GamesAssignment2-SecondYear/Games Assignment Two/GamesAssignmentTwo/Saved/Config/Windows/Scalability.ini]
[2021.04.14-06.55.23:002][  0]LogConfig: Setting CVar [[r.SkeletalMeshLODBias:0]]
[2021.04.14-06.55.23:003][  0]LogConfig: Setting CVar [[r.ViewDistanceScale:1.0]]
[2021.04.14-06.55.23:004][  0]LogConfig: Applying CVar settings from Section [AntiAliasingQuality@3] File [C:/Users/aveng/Documents/GitHub/GamesAssignment2-SecondYear/Games Assignment Two/GamesAssignmentTwo/Saved/Config/Windows/Scalability.ini]
[2021.04.14-06.55.23:005][  0]LogConfig: Setting CVar [[r.PostProcessAAQuality:4]]
[2021.04.14-06.55.23:006][  0]LogConfig: Applying CVar settings from Section [ShadowQuality@3] File [C:/Users/aveng/Documents/GitHub/GamesAssignment2-SecondYear/Games Assignment Two/GamesAssignmentTwo/Saved/Config/Windows/Scalability.ini]
[2021.04.14-06.55.23:006][  0]LogConfig: Setting CVar [[r.LightFunctionQuality:1]]
[2021.04.14-06.55.23:007][  0]LogConfig: Setting CVar [[r.ShadowQuality:5]]
[2021.04.14-06.55.23:007][  0]LogConfig: Setting CVar [[r.Shadow.CSM.MaxCascades:10]]
[2021.04.14-06.55.23:008][  0]LogConfig: Setting CVar [[r.Shadow.MaxResolution:2048]]
[2021.04.14-06.55.23:009][  0]LogConfig: Setting CVar [[r.Shadow.MaxCSMResolution:2048]]
[2021.04.14-06.55.23:010][  0]LogConfig: Setting CVar [[r.Shadow.RadiusThreshold:0.01]]
[2021.04.14-06.55.23:011][  0]LogConfig: Setting CVar [[r.Shadow.DistanceScale:1.0]]
[2021.04.14-06.55.23:013][  0]LogConfig: Setting CVar [[r.Shadow.CSM.TransitionScale:1.0]]
[2021.04.14-06.55.23:014][  0]LogConfig: Setting CVar [[r.Shadow.PreShadowResolutionFactor:1.0]]
[2021.04.14-06.55.23:015][  0]LogConfig: Setting CVar [[r.DistanceFieldShadowing:1]]
[2021.04.14-06.55.23:016][  0]LogConfig: Setting CVar [[r.DistanceFieldAO:1]]
[2021.04.14-06.55.23:016][  0]LogConfig: Setting CVar [[r.AOQuality:2]]
[2021.04.14-06.55.23:016][  0]LogConfig: Setting CVar [[r.VolumetricFog:1]]
[2021.04.14-06.55.23:017][  0]LogConfig: Setting CVar [[r.VolumetricFog.GridPixelSize:8]]
[2021.04.14-06.55.23:017][  0]LogConfig: Setting CVar [[r.VolumetricFog.GridSizeZ:128]]
[2021.04.14-06.55.23:018][  0]LogConfig: Setting CVar [[r.VolumetricFog.HistoryMissSupersampleCount:4]]
[2021.04.14-06.55.23:019][  0]LogConfig: Setting CVar [[r.LightMaxDrawDistanceScale:1]]
[2021.04.14-06.55.23:020][  0]LogConfig: Setting CVar [[r.CapsuleShadows:1]]
[2021.04.14-06.55.23:021][  0]LogConfig: Applying CVar settings from Section [PostProcessQuality@3] File [C:/Users/aveng/Documents/GitHub/GamesAssignment2-SecondYear/Games Assignment Two/GamesAssignmentTwo/Saved/Config/Windows/Scalability.ini]
[2021.04.14-06.55.23:021][  0]LogConfig: Setting CVar [[r.MotionBlurQuality:4]]
[2021.04.14-06.55.23:022][  0]LogConfig: Setting CVar [[r.AmbientOcclusionMipLevelFactor:0.4]]
[2021.04.14-06.55.23:023][  0]LogConfig: Setting CVar [[r.AmbientOcclusionMaxQuality:100]]
[2021.04.14-06.55.23:024][  0]LogConfig: Setting CVar [[r.AmbientOcclusionLevels:-1]]
[2021.04.14-06.55.23:025][  0]LogConfig: Setting CVar [[r.AmbientOcclusionRadiusScale:1.0]]
[2021.04.14-06.55.23:027][  0]LogConfig: Setting CVar [[r.DepthOfFieldQuality:2]]
[2021.04.14-06.55.23:027][  0]LogConfig: Setting CVar [[r.RenderTargetPoolMin:400]]
[2021.04.14-06.55.23:028][  0]LogConfig: Setting CVar [[r.LensFlareQuality:2]]
[2021.04.14-06.55.23:029][  0]LogConfig: Setting CVar [[r.SceneColorFringeQuality:1]]
[2021.04.14-06.55.23:030][  0]LogConfig: Setting CVar [[r.EyeAdaptationQuality:2]]
[2021.04.14-06.55.23:030][  0]LogConfig: Setting CVar [[r.BloomQuality:5]]
[2021.04.14-06.55.23:031][  0]LogConfig: Setting CVar [[r.FastBlurThreshold:100]]
[2021.04.14-06.55.23:031][  0]LogConfig: Setting CVar [[r.Upscale.Quality:3]]
[2021.04.14-06.55.23:032][  0]LogConfig: Setting CVar [[r.Tonemapper.GrainQuantization:1]]
[2021.04.14-06.55.23:033][  0]LogConfig: Setting CVar [[r.LightShaftQuality:1]]
[2021.04.14-06.55.23:034][  0]LogConfig: Setting CVar [[r.Filter.SizeScale:1]]
[2021.04.14-06.55.23:034][  0]LogConfig: Setting CVar [[r.Tonemapper.Quality:5]]
[2021.04.14-06.55.23:035][  0]LogConfig: Setting CVar [[r.DOF.Gather.AccumulatorQuality:1        ; higher gathering accumulator quality]]
[2021.04.14-06.55.23:035][  0]LogConfig: Setting CVar [[r.DOF.Gather.PostfilterMethod:1          ; Median3x3 postfilering method]]
[2021.04.14-06.55.23:036][  0]LogConfig: Setting CVar [[r.DOF.Gather.EnableBokehSettings:0       ; no bokeh simulation when gathering]]
[2021.04.14-06.55.23:037][  0]LogConfig: Setting CVar [[r.DOF.Gather.RingCount:4                 ; medium number of samples when gathering]]
[2021.04.14-06.55.23:037][  0]LogConfig: Setting CVar [[r.DOF.Scatter.ForegroundCompositing:1    ; additive foreground scattering]]
[2021.04.14-06.55.23:038][  0]LogConfig: Setting CVar [[r.DOF.Scatter.BackgroundCompositing:2    ; additive background scattering]]
[2021.04.14-06.55.23:038][  0]LogConfig: Setting CVar [[r.DOF.Scatter.EnableBokehSettings:1      ; bokeh simulation when scattering]]
[2021.04.14-06.55.23:039][  0]LogConfig: Setting CVar [[r.DOF.Scatter.MaxSpriteRatio:0.1         ; only a maximum of 10% of scattered bokeh]]
[2021.04.14-06.55.23:040][  0]LogConfig: Setting CVar [[r.DOF.Recombine.Quality:1                ; cheap slight out of focus]]
[2021.04.14-06.55.23:041][  0]LogConfig: Setting CVar [[r.DOF.Recombine.EnableBokehSettings:0    ; no bokeh simulation on slight out of focus]]
[2021.04.14-06.55.23:042][  0]LogConfig: Setting CVar [[r.DOF.TemporalAAQuality:1                ; more stable temporal accumulation]]
[2021.04.14-06.55.23:043][  0]LogConfig: Setting CVar [[r.DOF.Kernel.MaxForegroundRadius:0.025]]
[2021.04.14-06.55.23:043][  0]LogConfig: Setting CVar [[r.DOF.Kernel.MaxBackgroundRadius:0.025]]
[2021.04.14-06.55.23:044][  0]LogConfig: Applying CVar settings from Section [TextureQuality@3] File [C:/Users/aveng/Documents/GitHub/GamesAssignment2-SecondYear/Games Assignment Two/GamesAssignmentTwo/Saved/Config/Windows/Scalability.ini]
[2021.04.14-06.55.23:045][  0]LogConfig: Setting CVar [[r.Streaming.MipBias:0]]
[2021.04.14-06.55.23:046][  0]LogConfig: Setting CVar [[r.Streaming.AmortizeCPUToGPUCopy:0]]
[2021.04.14-06.55.23:048][  0]LogConfig: Setting CVar [[r.Streaming.MaxNumTexturesToStreamPerFrame:0]]
[2021.04.14-06.55.23:048][  0]LogConfig: Setting CVar [[r.Streaming.Boost:1]]
[2021.04.14-06.55.23:048][  0]LogConfig: Setting CVar [[r.MaxAnisotropy:8]]
[2021.04.14-06.55.23:049][  0]LogConfig: Setting CVar [[r.VT.MaxAnisotropy:8]]
[2021.04.14-06.55.23:049][  0]LogConfig: Setting CVar [[r.Streaming.LimitPoolSizeToVRAM:0]]
[2021.04.14-06.55.23:050][  0]LogConfig: Setting CVar [[r.Streaming.PoolSize:1000]]
[2021.04.14-06.55.23:051][  0]LogConfig: Setting CVar [[r.Streaming.MaxEffectiveScreenSize:0]]
[2021.04.14-06.55.23:052][  0]LogConfig: Applying CVar settings from Section [EffectsQuality@3] File [C:/Users/aveng/Documents/GitHub/GamesAssignment2-SecondYear/Games Assignment Two/GamesAssignmentTwo/Saved/Config/Windows/Scalability.ini]
[2021.04.14-06.55.23:053][  0]LogConfig: Setting CVar [[r.TranslucencyLightingVolumeDim:64]]
[2021.04.14-06.55.23:054][  0]LogConfig: Setting CVar [[r.RefractionQuality:2]]
[2021.04.14-06.55.23:054][  0]LogConfig: Setting CVar [[r.SSR.Quality:3]]
[2021.04.14-06.55.23:055][  0]LogConfig: Setting CVar [[r.SSR.HalfResSceneColor:0]]
[2021.04.14-06.55.23:056][  0]LogConfig: Setting CVar [[r.SceneColorFormat:4]]
[2021.04.14-06.55.23:057][  0]LogConfig: Setting CVar [[r.DetailMode:2]]
[2021.04.14-06.55.23:057][  0]LogConfig: Setting CVar [[r.TranslucencyVolumeBlur:1]]
[2021.04.14-06.55.23:058][  0]LogConfig: Setting CVar [[r.MaterialQualityLevel:1 ; High quality]]
[2021.04.14-06.55.23:060][  0]LogConfig: Setting CVar [[r.SSS.Scale:1]]
[2021.04.14-06.55.23:061][  0]LogConfig: Setting CVar [[r.SSS.SampleSet:2]]
[2021.04.14-06.55.23:062][  0]LogConfig: Setting CVar [[r.SSS.Quality:1]]
[2021.04.14-06.55.23:063][  0]LogConfig: Setting CVar [[r.SSS.HalfRes:0]]
[2021.04.14-06.55.23:064][  0]LogConfig: Setting CVar [[r.SSGI.Quality:3]]
[2021.04.14-06.55.23:064][  0]LogConfig: Setting CVar [[r.EmitterSpawnRateScale:1.0]]
[2021.04.14-06.55.23:065][  0]LogConfig: Setting CVar [[r.ParticleLightQuality:2]]
[2021.04.14-06.55.23:066][  0]LogConfig: Setting CVar [[r.SkyAtmosphere.AerialPerspectiveLUT.FastApplyOnOpaque:1 ; Always have FastSkyLUT 1 in this case to avoid wrong sky]]
[2021.04.14-06.55.23:066][  0]LogConfig: Setting CVar [[r.SkyAtmosphere.AerialPerspectiveLUT.SampleCountPerSlice:1]]
[2021.04.14-06.55.23:067][  0]LogConfig: Setting CVar [[r.SkyAtmosphere.AerialPerspectiveLUT.DepthResolution:16.0]]
[2021.04.14-06.55.23:067][  0]LogConfig: Setting CVar [[r.SkyAtmosphere.FastSkyLUT:1]]
[2021.04.14-06.55.23:068][  0]LogConfig: Setting CVar [[r.SkyAtmosphere.FastSkyLUT.SampleCountMin:4.0]]
[2021.04.14-06.55.23:069][  0]LogConfig: Setting CVar [[r.SkyAtmosphere.FastSkyLUT.SampleCountMax:32.0]]
[2021.04.14-06.55.23:070][  0]LogConfig: Setting CVar [[r.SkyAtmosphere.SampleCountMin:4.0]]
[2021.04.14-06.55.23:071][  0]LogConfig: Setting CVar [[r.SkyAtmosphere.SampleCountMax:32.0]]
[2021.04.14-06.55.23:072][  0]LogConfig: Setting CVar [[r.SkyAtmosphere.TransmittanceLUT.UseSmallFormat:0]]
[2021.04.14-06.55.23:073][  0]LogConfig: Setting CVar [[r.SkyAtmosphere.TransmittanceLUT.SampleCount:10.0]]
[2021.04.14-06.55.23:074][  0]LogConfig: Setting CVar [[r.SkyAtmosphere.MultiScatteringLUT.SampleCount:15.0]]
[2021.04.14-06.55.23:075][  0]LogConfig: Applying CVar settings from Section [FoliageQuality@3] File [C:/Users/aveng/Documents/GitHub/GamesAssignment2-SecondYear/Games Assignment Two/GamesAssignmentTwo/Saved/Config/Windows/Scalability.ini]
[2021.04.14-06.55.23:076][  0]LogConfig: Setting CVar [[foliage.DensityScale:1.0]]
[2021.04.14-06.55.23:076][  0]LogConfig: Setting CVar [[grass.DensityScale:1.0]]
[2021.04.14-06.55.23:077][  0]LogConfig: Applying CVar settings from Section [ShadingQuality@3] File [C:/Users/aveng/Documents/GitHub/GamesAssignment2-SecondYear/Games Assignment Two/GamesAssignmentTwo/Saved/Config/Windows/Scalability.ini]
[2021.04.14-06.55.23:077][  0]LogConfig: Setting CVar [[r.HairStrands.SkyLighting.SampleCount:16]]
[2021.04.14-06.55.23:078][  0]LogConfig: Setting CVar [[r.HairStrands.SkyLighting.JitterIntegration:0]]
[2021.04.14-06.55.23:079][  0]LogConfig: Setting CVar [[r.HairStrands.SkyAO.SampleCount:16]]
[2021.04.14-06.55.23:080][  0]LogConfig: Setting CVar [[r.HairStrands.DeepShadow.SuperSampling:0]]
[2021.04.14-06.55.23:081][  0]LogConfig: Setting CVar [[r.HairStrands.VisibilityPPLL:0]]
[2021.04.14-06.55.23:082][  0]LogConfig: Setting CVar [[r.HairStrands.RasterizationScale:0.5]]
[2021.04.14-06.55.23:082][  0]LogConfig: Setting CVar [[r.HairStrands.VelocityRasterizationScale:1]]
[2021.04.14-06.55.23:083][  0]LogInit: Selected Device Profile: [Windows]
[2021.04.14-06.55.23:084][  0]LogInit: Applying CVar settings loaded from the selected device profile: [Windows]
[2021.04.14-06.55.23:085][  0]LogHAL: Display: Platform has ~ 32 GB [34260910080 / 34359738368 / 32], which maps to Largest [LargestMinGB=32, LargerMinGB=12, DefaultMinGB=8, SmallerMinGB=6, SmallestMinGB=0)
[2021.04.14-06.55.23:086][  0]LogInit: Going up to parent DeviceProfile []
[2021.04.14-06.55.23:087][  0]LogConfig: Applying CVar settings from Section [ViewDistanceQuality@3] File [C:/Users/aveng/Documents/GitHub/GamesAssignment2-SecondYear/Games Assignment Two/GamesAssignmentTwo/Saved/Config/Windows/Scalability.ini]
[2021.04.14-06.55.23:088][  0]LogConfig: Setting CVar [[r.SkeletalMeshLODBias:0]]
[2021.04.14-06.55.23:089][  0]LogConfig: Setting CVar [[r.ViewDistanceScale:1.0]]
[2021.04.14-06.55.23:090][  0]LogConfig: Applying CVar settings from Section [AntiAliasingQuality@3] File [C:/Users/aveng/Documents/GitHub/GamesAssignment2-SecondYear/Games Assignment Two/GamesAssignmentTwo/Saved/Config/Windows/Scalability.ini]
[2021.04.14-06.55.23:091][  0]LogConfig: Setting CVar [[r.PostProcessAAQuality:4]]
[2021.04.14-06.55.23:093][  0]LogConfig: Applying CVar settings from Section [ShadowQuality@3] File [C:/Users/aveng/Documents/GitHub/GamesAssignment2-SecondYear/Games Assignment Two/GamesAssignmentTwo/Saved/Config/Windows/Scalability.ini]
[2021.04.14-06.55.23:094][  0]LogConfig: Setting CVar [[r.LightFunctionQuality:1]]
[2021.04.14-06.55.23:095][  0]LogConfig: Setting CVar [[r.ShadowQuality:5]]
[2021.04.14-06.55.23:096][  0]LogConfig: Setting CVar [[r.Shadow.CSM.MaxCascades:10]]
[2021.04.14-06.55.23:097][  0]LogConfig: Setting CVar [[r.Shadow.MaxResolution:2048]]
[2021.04.14-06.55.23:097][  0]LogConfig: Setting CVar [[r.Shadow.MaxCSMResolution:2048]]
[2021.04.14-06.55.23:098][  0]LogConfig: Setting CVar [[r.Shadow.RadiusThreshold:0.01]]
[2021.04.14-06.55.23:098][  0]LogConfig: Setting CVar [[r.Shadow.DistanceScale:1.0]]
[2021.04.14-06.55.23:099][  0]LogConfig: Setting CVar [[r.Shadow.CSM.TransitionScale:1.0]]
[2021.04.14-06.55.23:099][  0]LogConfig: Setting CVar [[r.Shadow.PreShadowResolutionFactor:1.0]]
[2021.04.14-06.55.23:100][  0]LogConfig: Setting CVar [[r.DistanceFieldShadowing:1]]
[2021.04.14-06.55.23:101][  0]LogConfig: Setting CVar [[r.DistanceFieldAO:1]]
[2021.04.14-06.55.23:102][  0]LogConfig: Setting CVar [[r.AOQuality:2]]
[2021.04.14-06.55.23:103][  0]LogConfig: Setting CVar [[r.VolumetricFog:1]]
[2021.04.14-06.55.23:103][  0]LogConfig: Setting CVar [[r.VolumetricFog.GridPixelSize:8]]
[2021.04.14-06.55.23:103][  0]LogConfig: Setting CVar [[r.VolumetricFog.GridSizeZ:128]]
[2021.04.14-06.55.23:104][  0]LogConfig: Setting CVar [[r.VolumetricFog.HistoryMissSupersampleCount:4]]
[2021.04.14-06.55.23:104][  0]LogConfig: Setting CVar [[r.LightMaxDrawDistanceScale:1]]
[2021.04.14-06.55.23:104][  0]LogConfig: Setting CVar [[r.CapsuleShadows:1]]
[2021.04.14-06.55.23:105][  0]LogConfig: Applying CVar settings from Section [PostProcessQuality@3] File [C:/Users/aveng/Documents/GitHub/GamesAssignment2-SecondYear/Games Assignment Two/GamesAssignmentTwo/Saved/Config/Windows/Scalability.ini]
[2021.04.14-06.55.23:105][  0]LogConfig: Setting CVar [[r.MotionBlurQuality:4]]
[2021.04.14-06.55.23:105][  0]LogConfig: Setting CVar [[r.AmbientOcclusionMipLevelFactor:0.4]]
[2021.04.14-06.55.23:106][  0]LogConfig: Setting CVar [[r.AmbientOcclusionMaxQuality:100]]
[2021.04.14-06.55.23:106][  0]LogConfig: Setting CVar [[r.AmbientOcclusionLevels:-1]]
[2021.04.14-06.55.23:107][  0]LogConfig: Setting CVar [[r.AmbientOcclusionRadiusScale:1.0]]
[2021.04.14-06.55.23:107][  0]LogConfig: Setting CVar [[r.DepthOfFieldQuality:2]]
[2021.04.14-06.55.23:107][  0]LogConfig: Setting CVar [[r.RenderTargetPoolMin:400]]
[2021.04.14-06.55.23:108][  0]LogConfig: Setting CVar [[r.LensFlareQuality:2]]
[2021.04.14-06.55.23:108][  0]LogConfig: Setting CVar [[r.SceneColorFringeQuality:1]]
[2021.04.14-06.55.23:109][  0]LogConfig: Setting CVar [[r.EyeAdaptationQuality:2]]
[2021.04.14-06.55.23:109][  0]LogConfig: Setting CVar [[r.BloomQuality:5]]
[2021.04.14-06.55.23:109][  0]LogConfig: Setting CVar [[r.FastBlurThreshold:100]]
[2021.04.14-06.55.23:110][  0]LogConfig: Setting CVar [[r.Upscale.Quality:3]]
[2021.04.14-06.55.23:110][  0]LogConfig: Setting CVar [[r.Tonemapper.GrainQuantization:1]]
[2021.04.14-06.55.23:110][  0]LogConfig: Setting CVar [[r.LightShaftQuality:1]]
[2021.04.14-06.55.23:111][  0]LogConfig: Setting CVar [[r.Filter.SizeScale:1]]
[2021.04.14-06.55.23:113][  0]LogConfig: Setting CVar [[r.Tonemapper.Quality:5]]
[2021.04.14-06.55.23:113][  0]LogConfig: Setting CVar [[r.DOF.Gather.AccumulatorQuality:1        ; higher gathering accumulator quality]]
[2021.04.14-06.55.23:113][  0]LogConfig: Setting CVar [[r.DOF.Gather.PostfilterMethod:1          ; Median3x3 postfilering method]]
[2021.04.14-06.55.23:114][  0]LogConfig: Setting CVar [[r.DOF.Gather.EnableBokehSettings:0       ; no bokeh simulation when gathering]]
[2021.04.14-06.55.23:114][  0]LogConfig: Setting CVar [[r.DOF.Gather.RingCount:4                 ; medium number of samples when gathering]]
[2021.04.14-06.55.23:114][  0]LogConfig: Setting CVar [[r.DOF.Scatter.ForegroundCompositing:1    ; additive foreground scattering]]
[2021.04.14-06.55.23:115][  0]LogConfig: Setting CVar [[r.DOF.Scatter.BackgroundCompositing:2    ; additive background scattering]]
[2021.04.14-06.55.23:115][  0]LogConfig: Setting CVar [[r.DOF.Scatter.EnableBokehSettings:1      ; bokeh simulation when scattering]]
[2021.04.14-06.55.23:115][  0]LogConfig: Setting CVar [[r.DOF.Scatter.MaxSpriteRatio:0.1         ; only a maximum of 10% of scattered bokeh]]
[2021.04.14-06.55.23:116][  0]LogConfig: Setting CVar [[r.DOF.Recombine.Quality:1                ; cheap slight out of focus]]
[2021.04.14-06.55.23:116][  0]LogConfig: Setting CVar [[r.DOF.Recombine.EnableBokehSettings:0    ; no bokeh simulation on slight out of focus]]
[2021.04.14-06.55.23:117][  0]LogConfig: Setting CVar [[r.DOF.TemporalAAQuality:1                ; more stable temporal accumulation]]
[2021.04.14-06.55.23:117][  0]LogConfig: Setting CVar [[r.DOF.Kernel.MaxForegroundRadius:0.025]]
[2021.04.14-06.55.23:117][  0]LogConfig: Setting CVar [[r.DOF.Kernel.MaxBackgroundRadius:0.025]]
[2021.04.14-06.55.23:118][  0]LogConfig: Applying CVar settings from Section [TextureQuality@3] File [C:/Users/aveng/Documents/GitHub/GamesAssignment2-SecondYear/Games Assignment Two/GamesAssignmentTwo/Saved/Config/Windows/Scalability.ini]
[2021.04.14-06.55.23:118][  0]LogConfig: Setting CVar [[r.Streaming.MipBias:0]]
[2021.04.14-06.55.23:119][  0]LogConfig: Setting CVar [[r.Streaming.AmortizeCPUToGPUCopy:0]]
[2021.04.14-06.55.23:119][  0]LogConfig: Setting CVar [[r.Streaming.MaxNumTexturesToStreamPerFrame:0]]
[2021.04.14-06.55.23:119][  0]LogConfig: Setting CVar [[r.Streaming.Boost:1]]
[2021.04.14-06.55.23:120][  0]LogConfig: Setting CVar [[r.MaxAnisotropy:8]]
[2021.04.14-06.55.23:120][  0]LogConfig: Setting CVar [[r.VT.MaxAnisotropy:8]]
[2021.04.14-06.55.23:120][  0]LogConfig: Setting CVar [[r.Streaming.LimitPoolSizeToVRAM:0]]
[2021.04.14-06.55.23:121][  0]LogConfig: Setting CVar [[r.Streaming.PoolSize:1000]]
[2021.04.14-06.55.23:123][  0]LogConfig: Setting CVar [[r.Streaming.MaxEffectiveScreenSize:0]]
[2021.04.14-06.55.23:123][  0]LogConfig: Applying CVar settings from Section [EffectsQuality@3] File [C:/Users/aveng/Documents/GitHub/GamesAssignment2-SecondYear/Games Assignment Two/GamesAssignmentTwo/Saved/Config/Windows/Scalability.ini]
[2021.04.14-06.55.23:123][  0]LogConfig: Setting CVar [[r.TranslucencyLightingVolumeDim:64]]
[2021.04.14-06.55.23:124][  0]LogConfig: Setting CVar [[r.RefractionQuality:2]]
[2021.04.14-06.55.23:124][  0]LogConfig: Setting CVar [[r.SSR.Quality:3]]
[2021.04.14-06.55.23:124][  0]LogConfig: Setting CVar [[r.SSR.HalfResSceneColor:0]]
[2021.04.14-06.55.23:125][  0]LogConfig: Setting CVar [[r.SceneColorFormat:4]]
[2021.04.14-06.55.23:125][  0]LogConfig: Setting CVar [[r.DetailMode:2]]
[2021.04.14-06.55.23:125][  0]LogConfig: Setting CVar [[r.TranslucencyVolumeBlur:1]]
[2021.04.14-06.55.23:126][  0]LogConfig: Setting CVar [[r.MaterialQualityLevel:1 ; High quality]]
[2021.04.14-06.55.23:126][  0]LogConfig: Setting CVar [[r.SSS.Scale:1]]
[2021.04.14-06.55.23:126][  0]LogConfig: Setting CVar [[r.SSS.SampleSet:2]]
[2021.04.14-06.55.23:127][  0]LogConfig: Setting CVar [[r.SSS.Quality:1]]
[2021.04.14-06.55.23:127][  0]LogConfig: Setting CVar [[r.SSS.HalfRes:0]]
[2021.04.14-06.55.23:127][  0]LogConfig: Setting CVar [[r.SSGI.Quality:3]]
[2021.04.14-06.55.23:128][  0]LogConfig: Setting CVar [[r.EmitterSpawnRateScale:1.0]]
[2021.04.14-06.55.23:128][  0]LogConfig: Setting CVar [[r.ParticleLightQuality:2]]
[2021.04.14-06.55.23:128][  0]LogConfig: Setting CVar [[r.SkyAtmosphere.AerialPerspectiveLUT.FastApplyOnOpaque:1 ; Always have FastSkyLUT 1 in this case to avoid wrong sky]]
[2021.04.14-06.55.23:129][  0]LogConfig: Setting CVar [[r.SkyAtmosphere.AerialPerspectiveLUT.SampleCountPerSlice:1]]
[2021.04.14-06.55.23:129][  0]LogConfig: Setting CVar [[r.SkyAtmosphere.AerialPerspectiveLUT.DepthResolution:16.0]]
[2021.04.14-06.55.23:129][  0]LogConfig: Setting CVar [[r.SkyAtmosphere.FastSkyLUT:1]]
[2021.04.14-06.55.23:130][  0]LogConfig: Setting CVar [[r.SkyAtmosphere.FastSkyLUT.SampleCountMin:4.0]]
[2021.04.14-06.55.23:130][  0]LogConfig: Setting CVar [[r.SkyAtmosphere.FastSkyLUT.SampleCountMax:32.0]]
[2021.04.14-06.55.23:130][  0]LogConfig: Setting CVar [[r.SkyAtmosphere.SampleCountMin:4.0]]
[2021.04.14-06.55.23:131][  0]LogConfig: Setting CVar [[r.SkyAtmosphere.SampleCountMax:32.0]]
[2021.04.14-06.55.23:133][  0]LogConfig: Setting CVar [[r.SkyAtmosphere.TransmittanceLUT.UseSmallFormat:0]]
[2021.04.14-06.55.23:133][  0]LogConfig: Setting CVar [[r.SkyAtmosphere.TransmittanceLUT.SampleCount:10.0]]
[2021.04.14-06.55.23:133][  0]LogConfig: Setting CVar [[r.SkyAtmosphere.MultiScatteringLUT.SampleCount:15.0]]
[2021.04.14-06.55.23:133][  0]LogConfig: Applying CVar settings from Section [FoliageQuality@3] File [C:/Users/aveng/Documents/GitHub/GamesAssignment2-SecondYear/Games Assignment Two/GamesAssignmentTwo/Saved/Config/Windows/Scalability.ini]
[2021.04.14-06.55.23:134][  0]LogConfig: Setting CVar [[foliage.DensityScale:1.0]]
[2021.04.14-06.55.23:134][  0]LogConfig: Setting CVar [[grass.DensityScale:1.0]]
[2021.04.14-06.55.23:134][  0]LogConfig: Applying CVar settings from Section [ShadingQuality@3] File [C:/Users/aveng/Documents/GitHub/GamesAssignment2-SecondYear/Games Assignment Two/GamesAssignmentTwo/Saved/Config/Windows/Scalability.ini]
[2021.04.14-06.55.23:135][  0]LogConfig: Setting CVar [[r.HairStrands.SkyLighting.SampleCount:16]]
[2021.04.14-06.55.23:136][  0]LogConfig: Setting CVar [[r.HairStrands.SkyLighting.JitterIntegration:0]]
[2021.04.14-06.55.23:137][  0]LogConfig: Setting CVar [[r.HairStrands.SkyAO.SampleCount:16]]
[2021.04.14-06.55.23:137][  0]LogConfig: Setting CVar [[r.HairStrands.DeepShadow.SuperSampling:0]]
[2021.04.14-06.55.23:137][  0]LogConfig: Setting CVar [[r.HairStrands.VisibilityPPLL:0]]
[2021.04.14-06.55.23:138][  0]LogConfig: Setting CVar [[r.HairStrands.RasterizationScale:0.5]]
[2021.04.14-06.55.23:138][  0]LogConfig: Setting CVar [[r.HairStrands.VelocityRasterizationScale:1]]
[2021.04.14-06.55.23:138][  0]LogConfig: Applying CVar settings from Section [Startup] File [../../../Engine/Config/ConsoleVariables.ini]
[2021.04.14-06.55.23:139][  0]LogConfig: Setting CVar [[net.UseAdaptiveNetUpdateFrequency:0]]
[2021.04.14-06.55.23:139][  0]LogConfig: Setting CVar [[p.chaos.AllowCreatePhysxBodies:1]]
[2021.04.14-06.55.23:139][  0]LogConfig: Setting CVar [[fx.SkipVectorVMBackendOptimizations:1]]
[2021.04.14-06.55.23:140][  0]LogConfig: Applying CVar settings from Section [ConsoleVariables] File [C:/Users/aveng/Documents/GitHub/GamesAssignment2-SecondYear/Games Assignment Two/GamesAssignmentTwo/Saved/Config/Windows/Engine.ini]
[2021.04.14-06.55.23:140][  0]LogInit: Computer: PROGRAMMING-PC
[2021.04.14-06.55.23:140][  0]LogInit: User: aveng
[2021.04.14-06.55.23:141][  0]LogInit: CPU Page size=4096, Cores=12
[2021.04.14-06.55.23:143][  0]LogInit: High frequency timer resolution =10.000000 MHz
[2021.04.14-06.55.23:143][  0]LogMemory: Memory total: Physical=31.9GB (32GB approx)
[2021.04.14-06.55.23:143][  0]LogMemory: Platform Memory Stats for Windows
[2021.04.14-06.55.23:144][  0]LogMemory: Process Physical Memory: 119.99 MB used, 119.99 MB peak
[2021.04.14-06.55.23:144][  0]LogMemory: Process Virtual Memory: 104.59 MB used, 104.59 MB peak
[2021.04.14-06.55.23:144][  0]LogMemory: Physical Memory: 25879.32 MB used,  6794.43 MB free, 32673.75 MB total
[2021.04.14-06.55.23:145][  0]LogMemory: Virtual Memory: 5214.66 MB used,  134212512.00 MB free, 134217728.00 MB total
[2021.04.14-06.55.23:148][  0]LogWindows: WindowsPlatformFeatures enabled
[2021.04.14-06.55.23:184][  0]LogInit: Physics initialised using underlying interface: PhysX
[2021.04.14-06.55.23:184][  0]LogInit: Using OS detected language (en-GB).
[2021.04.14-06.55.23:185][  0]LogInit: Using OS detected locale (en-GB).
[2021.04.14-06.55.23:186][  0]LogTextLocalizationManager: No specific localization for 'en-GB' exists, so the 'en' localization will be used.
[2021.04.14-06.55.23:386][  0]LogSlate: New Slate User Created.  User Index 0, Is Virtual User: 0
[2021.04.14-06.55.23:386][  0]LogSlate: Slate User Registered.  User Index 0, Is Virtual User: 0
[2021.04.14-06.55.23:399][  0]LogHMD: Failed to initialize OpenVR with code 110
[2021.04.14-06.55.23:400][  0]LogD3D11RHI: D3D11 min allowed feature level: 11_0
[2021.04.14-06.55.23:401][  0]LogD3D11RHI: D3D11 max allowed feature level: 11_0
[2021.04.14-06.55.23:401][  0]LogD3D11RHI: D3D11 adapters:
[2021.04.14-06.55.23:515][  0]LogD3D11RHI:    0. 'NVIDIA GeForce GTX 1060 6GB' (Feature Level 11_0)
[2021.04.14-06.55.23:516][  0]LogD3D11RHI:       6052/0/16336 MB DedicatedVideo/DedicatedSystem/SharedSystem, Outputs:2, VendorId:0x10de
[2021.04.14-06.55.23:519][  0]LogD3D11RHI:    1. 'Microsoft Basic Render Driver' (Feature Level 11_0)
[2021.04.14-06.55.23:519][  0]LogD3D11RHI:       0/0/16336 MB DedicatedVideo/DedicatedSystem/SharedSystem, Outputs:0, VendorId:0x1414
[2021.04.14-06.55.23:520][  0]LogD3D11RHI: Chosen D3D11 Adapter: 0
[2021.04.14-06.55.23:534][  0]LogD3D11RHI: Creating new Direct3DDevice
[2021.04.14-06.55.23:535][  0]LogD3D11RHI:     GPU DeviceId: 0x1c03 (for the marketing name, search the web for "GPU Device Id")
[2021.04.14-06.55.23:536][  0]LogWindows: EnumDisplayDevices:
[2021.04.14-06.55.23:536][  0]LogWindows:    0. 'NVIDIA GeForce GTX 1060 6GB' (P:1 D:1)
[2021.04.14-06.55.23:537][  0]LogWindows:    1. 'NVIDIA GeForce GTX 1060 6GB' (P:0 D:1)
[2021.04.14-06.55.23:537][  0]LogWindows:    2. 'NVIDIA GeForce GTX 1060 6GB' (P:0 D:0)
[2021.04.14-06.55.23:538][  0]LogWindows:    3. 'NVIDIA GeForce GTX 1060 6GB' (P:0 D:0)
[2021.04.14-06.55.23:538][  0]LogWindows: DebugString: FoundDriverCount:4 
[2021.04.14-06.55.23:538][  0]LogD3D11RHI:     Adapter Name: NVIDIA GeForce GTX 1060 6GB
[2021.04.14-06.55.23:538][  0]LogD3D11RHI:   Driver Version: 461.92 (internal:27.21.14.6192, unified:461.92)
[2021.04.14-06.55.23:539][  0]LogD3D11RHI:      Driver Date: 3-11-2021
[2021.04.14-06.55.23:539][  0]LogRHI: Texture pool is 4236 MB (70% of 6052 MB)
[2021.04.14-06.55.23:624][  0]LogD3D11RHI: RHI has support for 64 bit atomics
[2021.04.14-06.55.23:624][  0]LogD3D11RHI: Async texture creation enabled
[2021.04.14-06.55.23:625][  0]LogD3D11RHI: Array index from any shader is supported
[2021.04.14-06.55.23:650][  0]LogD3D11RHI: GPU Timing Frequency: 1000.000000 (Debug: 2 1)
[2021.04.14-06.55.24:177][  0]LogTargetPlatformManager: Display: Loaded TargetPlatform 'WindowsNoEditor'
[2021.04.14-06.55.24:180][  0]LogTargetPlatformManager: Display: Loaded TargetPlatform 'Windows'
[2021.04.14-06.55.24:187][  0]LogTargetPlatformManager: Display: Loaded TargetPlatform 'WindowsClient'
[2021.04.14-06.55.24:193][  0]LogTargetPlatformManager: Display: Loaded TargetPlatform 'WindowsServer'
[2021.04.14-06.55.24:193][  0]LogTargetPlatformManager: Display: Building Assets For Windows
[2021.04.14-06.55.24:198][  0]LogAudioDebug: Display: Lib vorbis DLL was dynamically loaded.
[2021.04.14-06.55.24:220][  0]LogShaderCompilers: Guid format shader working directory is -54 characters bigger than the processId version (C:/Users/aveng/Documents/GitHub/GamesAssignment2-SecondYear/Games Assignment Two/GamesAssignmentTwo/Intermediate/Shaders/WorkingDirectory/44624/).
[2021.04.14-06.55.24:220][  0]LogShaderCompilers: Cleaned the shader compiler working directory 'C:/Users/aveng/AppData/Local/Temp/UnrealShaderWorkingDir/EC92989048EA8A5F469D40840DDD60A1/'.
[2021.04.14-06.55.24:222][  0]LogXGEController: Cannot use XGE Controller as Incredibuild is not installed on this machine.
[2021.04.14-06.55.24:222][  0]LogShaderCompilers: Cannot use XGE Shader Compiler as Incredibuild is not installed on this machine.
[2021.04.14-06.55.24:222][  0]LogShaderCompilers: Display: Using Local Shader Compiler.
[2021.04.14-06.55.24:886][  0]LogDerivedDataCache: Display: Max Cache Size: 512 MB
[2021.04.14-06.55.24:930][  0]LogDerivedDataCache: Loaded boot cache 0.04s 77MB C:/Users/aveng/AppData/Local/UnrealEngine/4.25/DerivedDataCache/Boot.ddc.
[2021.04.14-06.55.24:931][  0]LogDerivedDataCache: Display: Loaded Boot cache: C:/Users/aveng/AppData/Local/UnrealEngine/4.25/DerivedDataCache/Boot.ddc
[2021.04.14-06.55.24:932][  0]LogDerivedDataCache: FDerivedDataBackendGraph:  Pak pak cache file C:/Users/aveng/Documents/GitHub/GamesAssignment2-SecondYear/Games Assignment Two/GamesAssignmentTwo/DerivedDataCache/DDC.ddp not found, will not use a pak cache.
[2021.04.14-06.55.24:932][  0]LogDerivedDataCache: Unable to find inner node Pak for hierarchical cache Hierarchy.
[2021.04.14-06.55.24:932][  0]LogDerivedDataCache: FDerivedDataBackendGraph:  CompressedPak pak cache file C:/Users/aveng/Documents/GitHub/GamesAssignment2-SecondYear/Games Assignment Two/GamesAssignmentTwo/DerivedDataCache/Compressed.ddp not found, will not use a pak cache.
[2021.04.14-06.55.24:933][  0]LogDerivedDataCache: Unable to find inner node CompressedPak for hierarchical cache Hierarchy.
[2021.04.14-06.55.24:943][  0]LogDerivedDataCache: Display: Pak cache opened for reading ../../../Engine/DerivedDataCache/Compressed.ddp.
[2021.04.14-06.55.24:943][  0]LogDerivedDataCache: FDerivedDataBackendGraph:  EnterprisePak pak cache file ../../../Enterprise/DerivedDataCache/Compressed.ddp not found, will not use a pak cache.
[2021.04.14-06.55.24:943][  0]LogDerivedDataCache: Unable to find inner node EnterprisePak for hierarchical cache Hierarchy.
[2021.04.14-06.55.24:945][  0]LogDerivedDataCache: Using Local data cache path C:/Users/aveng/AppData/Local/UnrealEngine/Common/DerivedDataCache: Writable
[2021.04.14-06.55.24:945][  0]LogDerivedDataCache: Shared data cache path not found in *engine.ini, will not use an Shared cache.
[2021.04.14-06.55.24:946][  0]LogDerivedDataCache: Unable to find inner node Shared for hierarchical cache Hierarchy.
[2021.04.14-06.55.24:981][  0]LogSlate: Using FreeType 2.10.0
[2021.04.14-06.55.24:981][  0]LogSlate: SlateFontServices - WITH_FREETYPE: 1, WITH_HARFBUZZ: 1
[2021.04.14-06.55.25:049][  0]LogInit: Using OS detected language (en-GB).
[2021.04.14-06.55.25:049][  0]LogInit: Using OS detected locale (en-GB).
[2021.04.14-06.55.25:050][  0]LogTextLocalizationManager: No localization for 'en-GB' exists, so 'en' will be used for the language.
[2021.04.14-06.55.25:051][  0]LogTextLocalizationManager: No localization for 'en-GB' exists, so 'en' will be used for the locale.
[2021.04.14-06.55.25:051][  0]LogSlate: FontCache flush requested. Reason: Culture for localization was changed
[2021.04.14-06.55.25:051][  0]LogSlate: FontCache flush requested. Reason: Culture for localization was changed
[2021.04.14-06.55.25:053][  0]LogTextLocalizationManager: Compacting localization data took   0.00ms
[2021.04.14-06.55.25:055][  0]LogAssetRegistry: FAssetRegistry took 0.0018 seconds to start up
[2021.04.14-06.55.25:261][  0]LogPackageLocalizationCache: Processed 19 localized package path(s) for 1 prioritized culture(s) in 0.049642 seconds
[2021.04.14-06.55.25:305][  0]LogInit: Selected Device Profile: [Windows]
[2021.04.14-06.55.25:381][  0]LogMeshReduction: Using QuadricMeshReduction for automatic static mesh reduction
[2021.04.14-06.55.25:381][  0]LogMeshReduction: Using SimplygonMeshReduction for automatic skeletal mesh reduction
[2021.04.14-06.55.25:383][  0]LogMeshReduction: Using ProxyLODMeshReduction for automatic mesh merging
[2021.04.14-06.55.25:383][  0]LogMeshReduction: No distributed automatic mesh merging module available
[2021.04.14-06.55.25:383][  0]LogMeshMerging: No distributed automatic mesh merging module available
[2021.04.14-06.55.25:398][  0]LogNetVersion: GamesAssignmentTwo 1.0.0, NetCL: 13144385, EngineNetVer: 14, GameNetVer: 0 (Checksum: 1185472599)
[2021.04.14-06.55.25:606][  0]LogAISub: UAISubsystem::UAISubsystem AISubsystem (0000018311E498C0), frame # 0
[2021.04.14-06.55.25:606][  0]LogAISub: UAISubsystem::UAISubsystem AIPerceptionSystem (0000018311D856C0), frame # 0
[2021.04.14-06.55.25:608][  0]LogAISub: UAISubsystem::UAISubsystem EnvQueryManager (0000018311D7BC00), frame # 0
[2021.04.14-06.55.25:677][  0]LogCollectionManager: Loaded 0 collections in 0.000835 seconds
[2021.04.14-06.55.25:679][  0]LogFileCache: Scanning file cache for directory 'C:/Users/aveng/Documents/GitHub/GamesAssignment2-SecondYear/Games Assignment Two/GamesAssignmentTwo/Saved/Collections/' took 0.00s
[2021.04.14-06.55.25:680][  0]LogFileCache: Scanning file cache for directory 'C:/Users/aveng/Documents/GitHub/GamesAssignment2-SecondYear/Games Assignment Two/GamesAssignmentTwo/Content/Developers/aveng/Collections/' took 0.00s
[2021.04.14-06.55.25:680][  0]LogFileCache: Scanning file cache for directory 'C:/Users/aveng/Documents/GitHub/GamesAssignment2-SecondYear/Games Assignment Two/GamesAssignmentTwo/Content/Collections/' took 0.00s
[2021.04.14-06.55.25:680][  0]LogCollectionManager: Fixed up redirectors for 0 collections in 0.000002 seconds (updated 0 objects)
[2021.04.14-06.55.25:734][  0]LogMoviePlayer: Initializing movie player
[2021.04.14-06.55.25:920][  0]LogScript: Warning: Script Msg: A null object was passed as a world context object to UEngine::GetWorldFromContextObject().
[2021.04.14-06.55.25:921][  0]LogScript: Warning: Script Msg: A null object was passed as a world context object to UEngine::GetWorldFromContextObject().
[2021.04.14-06.55.25:923][  0]LogScript: Warning: Script Msg: A null object was passed as a world context object to UEngine::GetWorldFromContextObject().
[2021.04.14-06.55.25:925][  0]LogScript: Warning: Script Msg: A null object was passed as a world context object to UEngine::GetWorldFromContextObject().
[2021.04.14-06.55.25:977][  0]LogBlueprint: Warning: [Compiler Ue4ASP_Character] InputAction Event references unknown Action 'Crouch' for  InputAction Crouch
[2021.04.14-06.55.25:978][  0]LogBlueprint: Warning: [Compiler Ue4ASP_Character] Input Axis Event references unknown Axis 'MoveForward' for  InputAxis MoveForward
[2021.04.14-06.55.25:979][  0]LogBlueprint: Warning: [Compiler Ue4ASP_Character] Input Axis Event references unknown Axis 'MoveRight' for  InputAxis MoveRight
[2021.04.14-06.55.26:068][  0]SourceControl: Source control is disabled
[2021.04.14-06.55.26:069][  0]SourceControl: Source control is disabled
[2021.04.14-06.55.26:077][  0]SourceControl: Source control is disabled
[2021.04.14-06.55.26:199][  0]LogAndroidPermission: UAndroidPermissionCallbackProxy::GetInstance
[2021.04.14-06.55.26:215][  0]LogAudioCaptureCore: Display: No Audio Capture implementations found. Audio input will be silent.
[2021.04.14-06.55.26:216][  0]LogAudioCaptureCore: Display: No Audio Capture implementations found. Audio input will be silent.
[2021.04.14-06.55.26:256][  0]LogOcInput: OculusInput pre-init called
[2021.04.14-06.55.26:268][  0]LogUObjectArray: 21161 objects as part of root set at end of initial load.
[2021.04.14-06.55.26:268][  0]LogUObjectAllocator: 5879904 out of 0 bytes used by permanent object pool.
[2021.04.14-06.55.26:269][  0]LogUObjectArray: CloseDisregardForGC: 0/0 objects in disregard for GC pool
[2021.04.14-06.55.26:309][  0]LogEngine: Initializing Engine...
[2021.04.14-06.55.26:310][  0]LogHMD: Failed to initialize OpenVR with code 110
[2021.04.14-06.55.26:310][  0]LogMagicLeap: Warning: VR disabled because ZI is not enabled.  To enable, in the editor, Edit -> Project Settings -> Plugins -> Magic Leap Plugin -> Enable Zero Iteration
[2021.04.14-06.55.26:313][  0]LogStats: UGameplayTagsManager::InitializeManager -  0.000 s
[2021.04.14-06.55.26:397][  0]LogInit: Initializing FReadOnlyCVARCache
[2021.04.14-06.55.26:402][  0]LogAudioMixer: Display: Audio Mixer Platform Settings:
[2021.04.14-06.55.26:402][  0]LogAudioMixer: Display: 	Sample Rate:						  48000
[2021.04.14-06.55.26:403][  0]LogAudioMixer: Display: 	Callback Buffer Frame Size Requested: 1024
[2021.04.14-06.55.26:403][  0]LogAudioMixer: Display: 	Callback Buffer Frame Size To Use:	  1024
[2021.04.14-06.55.26:403][  0]LogAudioMixer: Display: 	Number of buffers to queue:			  2
[2021.04.14-06.55.26:404][  0]LogAudioMixer: Display: 	Max Channels (voices):				  32
[2021.04.14-06.55.26:405][  0]LogAudioMixer: Display: 	Number of Async Source Workers:		  0
[2021.04.14-06.55.26:406][  0]LogAudio: Display: AudioDevice MaxSources: 32
[2021.04.14-06.55.26:407][  0]LogAudio: Display: Using built-in audio occlusion.
[2021.04.14-06.55.26:408][  0]LogAudioMixer: Display: Initializing audio mixer.
[2021.04.14-06.55.26:429][  0]LogAudioMixer: Display: 0: FrontLeft
[2021.04.14-06.55.26:429][  0]LogAudioMixer: Display: 1: FrontRight
[2021.04.14-06.55.26:430][  0]LogAudioMixer: Display: 2: FrontCenter
[2021.04.14-06.55.26:430][  0]LogAudioMixer: Display: 3: LowFrequency
[2021.04.14-06.55.26:431][  0]LogAudioMixer: Display: 4: BackLeft
[2021.04.14-06.55.26:431][  0]LogAudioMixer: Display: 5: BackRight
[2021.04.14-06.55.26:432][  0]LogAudioMixer: Display: 6: SideLeft
[2021.04.14-06.55.26:433][  0]LogAudioMixer: Display: 7: SideRight
[2021.04.14-06.55.26:468][  0]LogAudioMixer: Display: Using Audio Device Speakers (THX Spatial Audio)
[2021.04.14-06.55.26:474][  0]LogAudioMixer: Display: Initializing Sound Submixes...
[2021.04.14-06.55.26:475][  0]LogAudioMixer: Display: Creating Master Submix 'MasterSubmixDefault'
[2021.04.14-06.55.26:475][  0]LogAudioMixer: Display: Creating Master Submix 'MasterReverbSubmixDefault'
[2021.04.14-06.55.26:476][  0]LogAudioMixer: Display: Creating Master Submix 'MasterEQSubmixDefault'
[2021.04.14-06.55.26:480][  0]LogInit: FAudioDevice initialized.
[2021.04.14-06.55.26:482][  0]LogNetVersion: Set ProjectVersion to 1.0.0.0. Version Checksum will be recalculated on next use.
[2021.04.14-06.55.26:577][  0]LogDerivedDataCache: Saved boot cache 0.09s 77MB C:/Users/aveng/AppData/Local/UnrealEngine/4.25/DerivedDataCache/Boot.ddc.
[2021.04.14-06.55.26:579][  0]LogInit: Texture streaming: Enabled
[2021.04.14-06.55.26:619][  0]LogSlate: Updating window title bar state: overlay mode, drag disabled, window buttons hidden, title bar hidden
[2021.04.14-06.55.26:620][  0]LogInit: Display: Game Engine Initialized.
[2021.04.14-06.55.26:620][  0]LogNiagaraEditor: Warning: GEditor isn't valid! Particle reset commands will not work for Niagara components!
[2021.04.14-06.55.26:631][  0]LogInit: Display: Starting Game.
[2021.04.14-06.55.26:631][  0]LogNet: Browse: /Game/Levels/MainMenu?Name=Player
[2021.04.14-06.55.26:632][  0]LogLoad: LoadMap: /Game/Levels/MainMenu?Name=Player
[2021.04.14-06.55.26:632][  0]LogWorld: BeginTearingDown for /Temp/Untitled_0
[2021.04.14-06.55.26:633][  0]LogWorld: UWorld::CleanupWorld for Untitled, bSessionEnded=true, bCleanupResources=true
[2021.04.14-06.55.26:633][  0]LogSlate: InvalidateAllWidgets triggered.  All widgets were invalidated
[2021.04.14-06.55.26:650][  0]LogUObjectHash: Compacting FUObjectHashTables data took   0.89ms
[2021.04.14-06.55.26:704][  0]LogAIModule: Creating AISystem for world MainMenu
[2021.04.14-06.55.26:704][  0]LogAISub: UAISubsystem::UAISubsystem EnvQueryManager (000001837540DA00), frame # 0
[2021.04.14-06.55.26:705][  0]LogAISub: UAISubsystem::UAISubsystem AIPerceptionSystem (0000018319A9BC40), frame # 0
[2021.04.14-06.55.26:713][  0]LogLoad: Game class is 'BP_GamesAssignmentTwoGameModeBse_C'
[2021.04.14-06.55.26:715][  0]LogWorld: Bringing World /Game/Levels/MainMenu.MainMenu up for play (max tick rate 0) at 2021.04.14-07.55.26
[2021.04.14-06.55.26:716][  0]LogWorld: Bringing up level for play took: 0.001649
[2021.04.14-06.55.26:721][  0]LogTemp: Warning: 0
[2021.04.14-06.55.26:721][  0]LogTemp: Warning: Load main menu widget from instance called
[2021.04.14-06.55.26:722][  0]LogTemp: Warning: Load main menu widget from instance MenuClass set
[2021.04.14-06.55.26:723][  0]LogTemp: Warning: TRUEEE
[2021.04.14-06.55.26:724][  0]LogTemp: Warning: Level: MainMenu
[2021.04.14-06.55.26:725][  0]LogLoad: Took 0.092865 seconds to LoadMap(/Game/Levels/MainMenu)
[2021.04.14-06.55.26:751][  0]LogSlate: Took 0.000183 seconds to synchronously load lazily loaded font '../../../Engine/Content/Slate/Fonts/Roboto-Regular.ttf' (155K)
[2021.04.14-06.55.26:763][  0]LogRenderer: Reallocating scene render targets to support 960x1020 Format 10 NumSamples 1 (Frame:1).
[2021.04.14-06.55.26:810][  0]LogLoad: (Engine Initialization) Total time: 5.12 seconds
[2021.04.14-06.55.26:811][  0]LogLoad: (Engine Initialization) Total Blueprint compile time: 0.00 seconds
[2021.04.14-06.55.26:815][  0]LogContentStreaming: Texture pool size now 1000 MB
[2021.04.14-06.55.26:819][  0]LogSlate: InvalidateAllWidgets triggered.  All widgets were invalidated
[2021.04.14-06.55.26:865][  1]LogSlate: Took 0.000145 seconds to synchronously load lazily loaded font '../../../Engine/Content/Slate/Fonts/Roboto-Regular.ttf' (155K)
[2021.04.14-06.55.39:563][580]LogSlate: WidgetSwitcher ('None') active index changed to 1
[2021.04.14-06.55.39:721][634]LogGameMode: ProcessServerTravel: /Game/Levels/Lobby?listen
[2021.04.14-06.55.39:723][634]LogEngine: Server switch level: /Game/Levels/Lobby?Name=Player?listen
[2021.04.14-06.55.39:723][634]LogNet: Browse: /Game/Levels/Lobby?Name=Player?listen
[2021.04.14-06.55.39:723][634]LogLoad: LoadMap: /Game/Levels/Lobby?Name=Player?listen
[2021.04.14-06.55.39:724][634]LogWorld: BeginTearingDown for /Game/Levels/MainMenu
[2021.04.14-06.55.39:725][634]LogWorld: UWorld::CleanupWorld for MainMenu, bSessionEnded=true, bCleanupResources=true
[2021.04.14-06.55.39:725][634]LogSlate: InvalidateAllWidgets triggered.  All widgets were invalidated
[2021.04.14-06.55.39:766][634]LogAISub: UAISubsystem::~UAISubsystem EnvQueryManager (000001837540DA00), frame # 2634
[2021.04.14-06.55.39:766][634]LogAISub: UAISubsystem::~UAISubsystem AIPerceptionSystem (0000018319A9BC40), frame # 2634
[2021.04.14-06.55.39:768][634]LogUObjectHash: Compacting FUObjectHashTables data took   0.79ms
[2021.04.14-06.55.39:821][634]LogAIModule: Creating AISystem for world Lobby
[2021.04.14-06.55.39:821][634]LogAISub: UAISubsystem::UAISubsystem EnvQueryManager (0000018318C49A00), frame # 2634
[2021.04.14-06.55.39:822][634]LogAISub: UAISubsystem::UAISubsystem AIPerceptionSystem (0000018377E75BC0), frame # 2634
[2021.04.14-06.55.39:822][634]LogLoad: Game class is 'BP_ServerLobbyGameModeBase_C'
[2021.04.14-06.55.39:823][634]LogNet: ReplicationDriverClass is null! Not using ReplicationDriver.
[2021.04.14-06.55.39:823][634]LogNetCore: DDoS detection status: detection enabled: 0 analytics enabled: 0
[2021.04.14-06.55.39:823][634]LogInit: WinSock: Socket queue. Rx: 131072 (config 131072) Tx: 131072 (config 131072)
[2021.04.14-06.55.39:823][634]LogNet: Created socket for bind address: 0.0.0.0 on port 7777
[2021.04.14-06.55.39:824][634]PacketHandlerLog: Loaded PacketHandler component: Engine.EngineHandlerComponentFactory (StatelessConnectHandlerComponent)
[2021.04.14-06.55.39:824][634]LogNet: GameNetDriver IpNetDriver_0 IpNetDriver listening on port 7778
[2021.04.14-06.55.39:826][634]LogWorld: Bringing World /Game/Levels/Lobby.Lobby up for play (max tick rate 0) at 2021.04.14-07.55.39
[2021.04.14-06.55.39:826][634]LogWorld: Bringing up level for play took: 0.001381
[2021.04.14-06.55.39:827][634]LogOnlineSession: Warning: OSS: No game present to join for session (GameSession)
[2021.04.14-06.55.39:829][634]LogTemp: Warning: Players: 1
[2021.04.14-06.55.39:830][634]LogTemp: Warning: 0
[2021.04.14-06.55.39:831][634]LogTemp: Warning: Level: Lobby
[2021.04.14-06.55.39:832][634]LogLoad: Took 0.108928 seconds to LoadMap(/Game/Levels/Lobby)
[2021.04.14-06.55.42:258][453]LogWindowsDesktop: Alt-F4 pressed!
[2021.04.14-06.55.42:267][453]LogSlate: Window 'GamesAssignmentTwo (64-bit Development PCD3D_SM5) ' being destroyed
[2021.04.14-06.55.42:267][453]LogWindowsTextInputMethodSystem: Display: IME system now deactivated.
[2021.04.14-06.55.42:274][453]LogOnlineSession: Warning: OSS: No game present to leave for session (GameSession)
[2021.04.14-06.55.42:275][453]LogSlate: Updating window title bar state: overlay mode, drag disabled, window buttons hidden, title bar hidden
[2021.04.14-06.55.42:275][453]LogEngine: All Windows Closed
[2021.04.14-06.55.42:275][453]LogWindows: FPlatformMisc::RequestExit(0)
[2021.04.14-06.55.42:275][453]LogCore: Engine exit requested (reason: Win RequestExit)
[2021.04.14-06.55.42:275][454]LogCore: Engine exit requested (reason: EngineExit() was called; note: exit was already requested)
[2021.04.14-06.55.42:277][454]LogAudio: Display: Shutting down audio device while 2 references to it are still alive. For more information, compile with INSTRUMENT_AUDIODEVICE_HANDLES.
[2021.04.14-06.55.42:316][454]LogInit: Display: PreExit Game.
[2021.04.14-06.55.42:347][454]LogWorld: BeginTearingDown for /Game/Levels/Lobby
[2021.04.14-06.55.42:347][454]LogNet: World NetDriver shutdown IpNetDriver_0 [GameNetDriver]
[2021.04.14-06.55.42:348][454]LogNet: DestroyNamedNetDriver IpNetDriver_0 [GameNetDriver]
[2021.04.14-06.55.42:349][454]LogExit: GameNetDriver IpNetDriver_0 shut down
[2021.04.14-06.55.42:349][454]LogWorld: UWorld::CleanupWorld for Lobby, bSessionEnded=true, bCleanupResources=true
[2021.04.14-06.55.42:349][454]LogSlate: InvalidateAllWidgets triggered.  All widgets were invalidated
[2021.04.14-06.55.43:332][454]LogExit: Preparing to exit.
[2021.04.14-06.55.43:332][454]LogMoviePlayer: Shutting down movie player
[2021.04.14-06.55.43:347][454]LogSlate: Updating window title bar state: overlay mode, drag disabled, window buttons hidden, title bar hidden
[2021.04.14-06.55.43:348][454]LogDemo: Cleaned up 0 splitscreen connections with owner deletion
[2021.04.14-06.55.43:352][454]LogExit: Game engine shut down
[2021.04.14-06.55.43:365][454]LogAISub: UAISubsystem::~UAISubsystem AIPerceptionSystem (0000018377E75BC0), frame # 3454
[2021.04.14-06.55.43:366][454]LogAISub: UAISubsystem::~UAISubsystem AISubsystem (0000018311E498C0), frame # 3454
[2021.04.14-06.55.43:366][454]LogAISub: UAISubsystem::~UAISubsystem AIPerceptionSystem (0000018311D856C0), frame # 3454
[2021.04.14-06.55.43:367][454]LogAISub: UAISubsystem::~UAISubsystem EnvQueryManager (0000018311D7BC00), frame # 3454
[2021.04.14-06.55.43:368][454]LogAISub: UAISubsystem::~UAISubsystem EnvQueryManager (0000018318C49A00), frame # 3454
[2021.04.14-06.55.43:389][454]LogExit: Object subsystem successfully closed.
[2021.04.14-06.55.43:414][454]LogShaderCompilers: Display: Shaders left to compile 0
[2021.04.14-06.55.43:422][454]LogModuleManager: Shutting down and abandoning module SequenceRecorderSections (504)
[2021.04.14-06.55.43:422][454]LogModuleManager: Shutting down and abandoning module SequenceRecorder (502)
[2021.04.14-06.55.43:422][454]LogModuleManager: Shutting down and abandoning module AutomationController (500)
[2021.04.14-06.55.43:423][454]LogModuleManager: Shutting down and abandoning module AutomationWorker (498)
[2021.04.14-06.55.43:424][454]LogModuleManager: Shutting down and abandoning module Voice (496)
[2021.04.14-06.55.43:424][454]LogModuleManager: Shutting down and abandoning module AIModule (494)
[2021.04.14-06.55.43:424][454]LogModuleManager: Shutting down and abandoning module GameplayDebugger (493)
[2021.04.14-06.55.43:425][454]LogModuleManager: Shutting down and abandoning module AITestSuite (491)
[2021.04.14-06.55.43:425][454]LogModuleManager: Shutting down and abandoning module NavigationSystem (489)
[2021.04.14-06.55.43:426][454]LogModuleManager: Shutting down and abandoning module OculusMR (486)
[2021.04.14-06.55.43:426][454]LogModuleManager: Shutting down and abandoning module WmfMediaFactory (484)
[2021.04.14-06.55.43:427][454]LogModuleManager: Shutting down and abandoning module WebMMediaFactory (482)
[2021.04.14-06.55.43:427][454]LogModuleManager: Shutting down and abandoning module WebMMedia (480)
[2021.04.14-06.55.43:427][454]LogModuleManager: Shutting down and abandoning module OpenExrWrapper (478)
[2021.04.14-06.55.43:428][454]LogModuleManager: Shutting down and abandoning module ImgMediaFactory (476)
[2021.04.14-06.55.43:428][454]LogModuleManager: Shutting down and abandoning module AvfMediaFactory (474)
[2021.04.14-06.55.43:429][454]LogModuleManager: Shutting down and abandoning module MagicLeapMediaCodecFactory (472)
[2021.04.14-06.55.43:429][454]LogModuleManager: Shutting down and abandoning module MagicLeapMediaFactory (470)
[2021.04.14-06.55.43:429][454]LogModuleManager: Shutting down and abandoning module PlanarCut (468)
[2021.04.14-06.55.43:430][454]LogModuleManager: Shutting down and abandoning module CharacterAI (466)
[2021.04.14-06.55.43:430][454]LogModuleManager: Shutting down and abandoning module SessionServices (464)
[2021.04.14-06.55.43:430][454]LogModuleManager: Shutting down and abandoning module MovieSceneCapture (462)
[2021.04.14-06.55.43:430][454]LogModuleManager: Shutting down and abandoning module LiveCoding (460)
[2021.04.14-06.55.43:431][454]LogModuleManager: Shutting down and abandoning module LevelSequence (458)
[2021.04.14-06.55.43:432][454]LogModuleManager: Shutting down and abandoning module MovieSceneTracks (456)
[2021.04.14-06.55.43:435][454]LogModuleManager: Shutting down and abandoning module MovieScene (454)
[2021.04.14-06.55.43:436][454]LogModuleManager: Shutting down and abandoning module StreamingPauseRendering (452)
[2021.04.14-06.55.43:436][454]LogModuleManager: Shutting down and abandoning module PortalServices (450)
[2021.04.14-06.55.43:437][454]LogModuleManager: Shutting down and abandoning module PortalRpc (448)
[2021.04.14-06.55.43:438][454]LogModuleManager: Shutting down and abandoning module MessagingRpc (446)
[2021.04.14-06.55.43:438][454]LogModuleManager: Shutting down and abandoning module AudioMixerXAudio2 (444)
[2021.04.14-06.55.43:439][454]LogModuleManager: Shutting down and abandoning module AudioMixerCore (443)
[2021.04.14-06.55.43:439][454]LogModuleManager: Shutting down and abandoning module ProfilerService (440)
[2021.04.14-06.55.43:564][454]LogModuleManager: Shutting down and abandoning module TaskGraph (438)
[2021.04.14-06.55.43:564][454]LogModuleManager: Shutting down and abandoning module Synthesis (436)
[2021.04.14-06.55.43:566][454]LogModuleManager: Shutting down and abandoning module ProceduralMeshComponent (434)
[2021.04.14-06.55.43:566][454]LogModuleManager: Shutting down and abandoning module OculusInput (432)
[2021.04.14-06.55.43:566][454]LogModuleManager: Shutting down and abandoning module MobilePatchingUtils (430)
[2021.04.14-06.55.43:567][454]LogModuleManager: Shutting down and abandoning module GooglePAD (428)
[2021.04.14-06.55.43:567][454]LogModuleManager: Shutting down and abandoning module EditableMesh (426)
[2021.04.14-06.55.43:568][454]LogModuleManager: Shutting down and abandoning module CustomMeshComponent (424)
[2021.04.14-06.55.43:568][454]LogModuleManager: Shutting down and abandoning module CableComponent (422)
[2021.04.14-06.55.43:569][454]LogModuleManager: Shutting down and abandoning module AudioCapture (420)
[2021.04.14-06.55.43:569][454]LogModuleManager: Shutting down and abandoning module AudioCaptureRtAudio (419)
[2021.04.14-06.55.43:569][454]LogModuleManager: Shutting down and abandoning module AssetTags (416)
[2021.04.14-06.55.43:570][454]LogModuleManager: Shutting down and abandoning module ArchVisCharacter (414)
[2021.04.14-06.55.43:570][454]LogModuleManager: Shutting down and abandoning module AppleImageUtilsBlueprintSupport (412)
[2021.04.14-06.55.43:570][454]LogModuleManager: Shutting down and abandoning module AppleImageUtils (410)
[2021.04.14-06.55.43:571][454]LogModuleManager: Shutting down and abandoning module AndroidPermission (408)
[2021.04.14-06.55.43:571][454]LogModuleManager: Shutting down and abandoning module NUTUnrealEngine4 (406)
[2021.04.14-06.55.43:572][454]LogModuleManager: Shutting down and abandoning module NetcodeUnitTest (404)
[2021.04.14-06.55.43:572][454]LogModuleManager: Shutting down and abandoning module TemplateSequence (402)
[2021.04.14-06.55.43:572][454]LogModuleManager: Shutting down and abandoning module MovieRenderPipelineRenderPasses (400)
[2021.04.14-06.55.43:573][454]LogModuleManager: Shutting down and abandoning module MovieRenderPipelineSettings (398)
[2021.04.14-06.55.43:574][454]LogModuleManager: Shutting down and abandoning module MovieRenderPipelineCore (396)
[2021.04.14-06.55.43:575][454]LogModuleManager: Shutting down and abandoning module ImageWriteQueue (395)
[2021.04.14-06.55.43:580][454]LogModuleManager: Shutting down and abandoning module MediaCompositing (392)
[2021.04.14-06.55.43:580][454]LogModuleManager: Shutting down and abandoning module ImgMedia (390)
[2021.04.14-06.55.43:580][454]LogModuleManager: Shutting down and abandoning module MagicLeapSharedWorld (388)
[2021.04.14-06.55.43:581][454]LogModuleManager: Shutting down and abandoning module MagicLeapLightEstimation (386)
[2021.04.14-06.55.43:581][454]LogModuleManager: Shutting down and abandoning module MagicLeapHelperVulkan (384)
[2021.04.14-06.55.43:582][454]LogModuleManager: Shutting down and abandoning module MagicLeapHelperOpenGL (382)
[2021.04.14-06.55.43:582][454]LogModuleManager: Shutting down and abandoning module MagicLeapAudio (380)
[2021.04.14-06.55.43:583][454]LogModuleManager: Shutting down and abandoning module MeshSolverUtilities (378)
[2021.04.14-06.55.43:584][454]LogModuleManager: Shutting down and abandoning module MeshConversion (376)
[2021.04.14-06.55.43:584][454]LogModuleManager: Shutting down and abandoning module DynamicMesh (374)
[2021.04.14-06.55.43:585][454]LogModuleManager: Shutting down and abandoning module GeometryAlgorithms (372)
[2021.04.14-06.55.43:585][454]LogModuleManager: Shutting down and abandoning module GeometricObjects (370)
[2021.04.14-06.55.43:586][454]LogModuleManager: Shutting down and abandoning module GeometryCollectionTracks (368)
[2021.04.14-06.55.43:586][454]LogModuleManager: Shutting down and abandoning module GeometryCollectionSequencer (367)
[2021.04.14-06.55.43:586][454]LogModuleManager: Shutting down and abandoning module GeometryCacheTracks (364)
[2021.04.14-06.55.43:587][454]LogModuleManager: Shutting down and abandoning module GeometryCacheSequencer (363)
[2021.04.14-06.55.43:587][454]LogModuleManager: Shutting down and abandoning module GeometryCache (360)
[2021.04.14-06.55.43:588][454]LogModuleManager: Shutting down and abandoning module GeometryCacheEd (359)
[2021.04.14-06.55.43:588][454]LogModuleManager: Shutting down and abandoning module ChaosNiagara (356)
[2021.04.14-06.55.43:589][454]LogModuleManager: Shutting down and abandoning module ChaosCloth (354)
[2021.04.14-06.55.43:589][454]LogModuleManager: Shutting down and abandoning module BackChannel (352)
[2021.04.14-06.55.43:589][454]LogModuleManager: Shutting down and abandoning module AutomationUtils (350)
[2021.04.14-06.55.43:590][454]LogModuleManager: Shutting down and abandoning module VisualStudioSourceCodeAccess (348)
[2021.04.14-06.55.43:590][454]LogModuleManager: Shutting down and abandoning module HotReload (347)
[2021.04.14-06.55.43:591][454]LogModuleManager: Shutting down and abandoning module VisualStudioCodeSourceCodeAccess (344)
[2021.04.14-06.55.43:591][454]LogModuleManager: Shutting down and abandoning module UObjectPlugin (342)
[2021.04.14-06.55.43:591][454]LogModuleManager: Shutting down and abandoning module SubversionSourceControl (340)
[2021.04.14-06.55.43:592][454]LogModuleManager: Shutting down and abandoning module RiderSourceCodeAccess (338)
[2021.04.14-06.55.43:593][454]LogModuleManager: Shutting down and abandoning module PerforceSourceControl (336)
[2021.04.14-06.55.43:594][454]LogModuleManager: Shutting down and abandoning module SourceControl (335)
[2021.04.14-06.55.43:594][454]LogModuleManager: Shutting down and abandoning module CLionSourceCodeAccess (332)
[2021.04.14-06.55.43:594][454]LogModuleManager: Shutting down and abandoning module ActorLayerUtilities (330)
[2021.04.14-06.55.43:595][454]LogModuleManager: Shutting down and abandoning module GamesAssignmentTwo (328)
[2021.04.14-06.55.43:595][454]LogModuleManager: Shutting down and abandoning module SoundFields (326)
[2021.04.14-06.55.43:596][454]LogModuleManager: Shutting down and abandoning module SignificanceManager (324)
[2021.04.14-06.55.43:596][454]LogModuleManager: Shutting down and abandoning module RuntimePhysXCooking (322)
[2021.04.14-06.55.43:596][454]LogModuleManager: Shutting down and abandoning module PhysXVehiclesEditor (320)
[2021.04.14-06.55.43:597][454]LogModuleManager: Shutting down and abandoning module LocationServicesBPLibrary (316)
[2021.04.14-06.55.43:597][454]LogModuleManager: Shutting down and abandoning module ActorSequence (314)
[2021.04.14-06.55.43:598][454]LogModuleManager: Shutting down and abandoning module UdpMessaging (312)
[2021.04.14-06.55.43:598][454]LogModuleManager: Shutting down and abandoning module TcpMessaging (310)
[2021.04.14-06.55.43:598][454]LogModuleManager: Shutting down and abandoning module MagicLeapARPin (308)
[2021.04.14-06.55.43:598][454]LogModuleManager: Shutting down and abandoning module MagicLeapHandMeshing (306)
[2021.04.14-06.55.43:599][454]LogModuleManager: Shutting down and abandoning module MagicLeapSecureStorage (304)
[2021.04.14-06.55.43:599][454]LogModuleManager: Shutting down and abandoning module MagicLeapPrivileges (302)
[2021.04.14-06.55.43:599][454]LogModuleManager: Shutting down and abandoning module MagicLeapPlanes (300)
[2021.04.14-06.55.43:600][454]LogMagicLeapPlanes: Planes tracker already destroyed.
[2021.04.14-06.55.43:600][454]LogModuleManager: Shutting down and abandoning module MagicLeapImageTracker (298)
[2021.04.14-06.55.43:601][454]LogModuleManager: Shutting down and abandoning module MagicLeapIdentity (296)
[2021.04.14-06.55.43:601][454]LogModuleManager: Shutting down and abandoning module MagicLeapHandTracking (294)
[2021.04.14-06.55.43:602][454]LogModuleManager: Shutting down and abandoning module MagicLeapEyeTracker (292)
[2021.04.14-06.55.43:604][454]LogModuleManager: Shutting down and abandoning module MagicLeapController (290)
[2021.04.14-06.55.43:604][454]LogSlate: Slate User Destroyed.  User Index 0, Is Virtual User: 0
[2021.04.14-06.55.43:605][454]LogModuleManager: Shutting down and abandoning module MagicLeapARPinImpl (288)
[2021.04.14-06.55.43:605][454]LogModuleManager: Shutting down and abandoning module MagicLeapAR (286)
[2021.04.14-06.55.43:605][454]LogModuleManager: Shutting down and abandoning module AugmentedReality (285)
[2021.04.14-06.55.43:606][454]LogModuleManager: Shutting down and abandoning module NiagaraAnimNotifies (282)
[2021.04.14-06.55.43:606][454]LogModuleManager: Shutting down and abandoning module Niagara (280)
[2021.04.14-06.55.43:607][454]LogModuleManager: Shutting down and abandoning module SignalProcessing (279)
[2021.04.14-06.55.43:607][454]LogModuleManager: Shutting down and abandoning module NiagaraEditor (277)
[2021.04.14-06.55.43:607][454]LogModuleManager: Shutting down and abandoning module NiagaraCore (274)
[2021.04.14-06.55.43:607][454]LogModuleManager: Shutting down and abandoning module GameplayTagsEditor (272)
[2021.04.14-06.55.43:608][454]LogModuleManager: Shutting down and abandoning module FacialAnimation (270)
[2021.04.14-06.55.43:608][454]LogModuleManager: Shutting down and abandoning module AssetManagerEditor (268)
[2021.04.14-06.55.43:609][454]LogModuleManager: Shutting down and abandoning module TreeMap (267)
[2021.04.14-06.55.43:609][454]LogModuleManager: Shutting down and abandoning module AnimationSharing (264)
[2021.04.14-06.55.43:609][454]LogModuleManager: Shutting down and abandoning module LightPropagationVolumeRuntime (262)
[2021.04.14-06.55.43:610][454]LogModuleManager: Shutting down and abandoning module Paper2D (260)
[2021.04.14-06.55.43:610][454]LogModuleManager: Shutting down and abandoning module WindowsMoviePlayer (258)
[2021.04.14-06.55.43:611][454]LogModuleManager: Shutting down and abandoning module WebMMoviePlayer (256)
[2021.04.14-06.55.43:611][454]LogModuleManager: Shutting down and abandoning module NetworkReplayStreaming (254)
[2021.04.14-06.55.43:611][454]LogModuleManager: Shutting down and abandoning module PacketHandler (252)
[2021.04.14-06.55.43:612][454]LogModuleManager: Shutting down and abandoning module ClothingSystemEditor (250)
[2021.04.14-06.55.43:612][454]LogModuleManager: Shutting down and abandoning module ClothingSystemRuntimeNv (248)
[2021.04.14-06.55.43:613][454]LogModuleManager: Shutting down and abandoning module MediaAssets (246)
[2021.04.14-06.55.43:615][454]LogModuleManager: Shutting down and abandoning module Overlay (244)
[2021.04.14-06.55.43:615][454]LogModuleManager: Shutting down and abandoning module OverlayEditor (243)
[2021.04.14-06.55.43:615][454]LogModuleManager: Shutting down and abandoning module VREditor (240)
[2021.04.14-06.55.43:616][454]LogModuleManager: Shutting down and abandoning module StringTableEditor (238)
[2021.04.14-06.55.43:616][454]LogModuleManager: Shutting down and abandoning module GameplayTasksEditor (236)
[2021.04.14-06.55.43:617][454]LogModuleManager: Shutting down and abandoning module BehaviorTreeEditor (234)
[2021.04.14-06.55.43:617][454]LogModuleManager: Shutting down and abandoning module FunctionalTesting (232)
[2021.04.14-06.55.43:617][454]LogModuleManager: Shutting down and abandoning module CollisionAnalyzer (230)
[2021.04.14-06.55.43:618][454]LogModuleManager: Shutting down and abandoning module UMG (228)
[2021.04.14-06.55.43:618][454]LogModuleManager: Shutting down and abandoning module UMGEditor (227)
[2021.04.14-06.55.43:618][454]LogModuleManager: Shutting down and abandoning module Sequencer (226)
[2021.04.14-06.55.43:619][454]LogModuleManager: Shutting down and abandoning module MessageLog (223)
[2021.04.14-06.55.43:619][454]LogModuleManager: Shutting down and abandoning module MaterialEditor (221)
[2021.04.14-06.55.43:619][454]LogModuleManager: Shutting down and abandoning module ContentBrowser (220)
[2021.04.14-06.55.43:620][454]LogModuleManager: Shutting down and abandoning module WorkspaceMenuStructure (219)
[2021.04.14-06.55.43:620][454]LogModuleManager: Shutting down and abandoning module CollectionManager (217)
[2021.04.14-06.55.43:621][454]LogModuleManager: Shutting down and abandoning module DirectoryWatcher (216)
[2021.04.14-06.55.43:621][454]LogModuleManager: Shutting down and abandoning module SlateReflector (208)
[2021.04.14-06.55.43:621][454]LogModuleManager: Shutting down and abandoning module Slate (206)
[2021.04.14-06.55.43:621][454]LogModuleManager: Shutting down and abandoning module SlateCore (204)
[2021.04.14-06.55.43:622][454]LogModuleManager: Shutting down and abandoning module LandscapeEditorUtilities (202)
[2021.04.14-06.55.43:622][454]LogModuleManager: Shutting down and abandoning module EditorStyle (200)
[2021.04.14-06.55.43:623][454]LogModuleManager: Shutting down and abandoning module UnrealEd (198)
[2021.04.14-06.55.43:624][454]LogModuleManager: Shutting down and abandoning module MRMesh (196)
[2021.04.14-06.55.43:625][454]LogModuleManager: Shutting down and abandoning module Messaging (194)
[2021.04.14-06.55.43:625][454]LogModuleManager: Shutting down and abandoning module SourceCodeAccess (192)
[2021.04.14-06.55.43:625][454]LogModuleManager: Shutting down and abandoning module HeadMountedDisplay (190)
[2021.04.14-06.55.43:625][454]LogModuleManager: Shutting down and abandoning module XAudio2 (188)
[2021.04.14-06.55.43:626][454]LogModuleManager: Shutting down and abandoning module Networking (186)
[2021.04.14-06.55.43:626][454]LogModuleManager: Shutting down and abandoning module Core (184)
[2021.04.14-06.55.43:627][454]LogModuleManager: Shutting down and abandoning module MovieSceneTools (182)
[2021.04.14-06.55.43:627][454]LogModuleManager: Shutting down and abandoning module KismetCompiler (180)
[2021.04.14-06.55.43:627][454]LogModuleManager: Shutting down and abandoning module MeshBuilder (178)
[2021.04.14-06.55.43:628][454]LogModuleManager: Shutting down and abandoning module MeshUtilities (176)
[2021.04.14-06.55.43:628][454]LogModuleManager: Shutting down and abandoning module MeshMergeUtilities (175)
[2021.04.14-06.55.43:628][454]LogModuleManager: Shutting down and abandoning module MeshReductionInterface (174)
[2021.04.14-06.55.43:629][454]LogModuleManager: Shutting down and abandoning module MeshBoneReduction (173)
[2021.04.14-06.55.43:629][454]LogModuleManager: Shutting down and abandoning module SkeletalMeshReduction (171)
[2021.04.14-06.55.43:629][454]LogModuleManager: Shutting down and abandoning module ProxyLODMeshReduction (169)
[2021.04.14-06.55.43:630][454]LogModuleManager: Shutting down and abandoning module QuadricMeshReduction (167)
[2021.04.14-06.55.43:630][454]LogModuleManager: Shutting down and abandoning module MaterialBaking (163)
[2021.04.14-06.55.43:630][454]LogModuleManager: Shutting down and abandoning module NullInstallBundleManager (158)
[2021.04.14-06.55.43:631][454]LogModuleManager: Shutting down and abandoning module PIEPreviewDeviceProfileSelector (156)
[2021.04.14-06.55.43:631][454]LogModuleManager: Shutting down and abandoning module DerivedDataCache (154)
[2021.04.14-06.55.43:631][454]LogModuleManager: Shutting down and abandoning module XGEController (152)
[2021.04.14-06.55.43:632][454]LogModuleManager: Shutting down and abandoning module TargetPlatform (150)
[2021.04.14-06.55.43:632][454]LogModuleManager: Shutting down and abandoning module VulkanShaderFormat (149)
[2021.04.14-06.55.43:632][454]LogModuleManager: Shutting down and abandoning module ShaderFormatVectorVM (147)
[2021.04.14-06.55.43:633][454]LogModuleManager: Shutting down and abandoning module ShaderFormatOpenGL (145)
[2021.04.14-06.55.43:634][454]LogModuleManager: Shutting down and abandoning module ShaderFormatD3D (143)
[2021.04.14-06.55.43:635][454]LogModuleManager: Shutting down and abandoning module MetalShaderFormat (141)
[2021.04.14-06.55.43:635][454]LogModuleManager: Shutting down and abandoning module TextureFormatUncompressed (139)
[2021.04.14-06.55.43:635][454]LogModuleManager: Shutting down and abandoning module TextureFormatPVR (137)
[2021.04.14-06.55.43:636][454]LogModuleManager: Shutting down and abandoning module TextureFormatDXT (135)
[2021.04.14-06.55.43:636][454]LogModuleManager: Shutting down and abandoning module TextureFormatIntelISPCTexComp (133)
[2021.04.14-06.55.43:637][454]LogModuleManager: Shutting down and abandoning module TextureFormatASTC (131)
[2021.04.14-06.55.43:637][454]LogModuleManager: Shutting down and abandoning module ImageWrapper (130)
[2021.04.14-06.55.43:637][454]LogModuleManager: Shutting down and abandoning module TextureFormatAndroid (127)
[2021.04.14-06.55.43:638][454]LogModuleManager: Shutting down and abandoning module AudioFormatOpus (125)
[2021.04.14-06.55.43:638][454]LogModuleManager: Shutting down and abandoning module AudioFormatOgg (123)
[2021.04.14-06.55.43:638][454]LogModuleManager: Shutting down and abandoning module AudioFormatADPCM (121)
[2021.04.14-06.55.43:638][454]LogModuleManager: Shutting down and abandoning module WindowsServerTargetPlatform (119)
[2021.04.14-06.55.43:639][454]LogModuleManager: Shutting down and abandoning module WindowsClientTargetPlatform (117)
[2021.04.14-06.55.43:639][454]LogModuleManager: Shutting down and abandoning module WindowsTargetPlatform (115)
[2021.04.14-06.55.43:640][454]LogModuleManager: Shutting down and abandoning module WindowsNoEditorTargetPlatform (113)
[2021.04.14-06.55.43:640][454]LogModuleManager: Shutting down and abandoning module InputCore (110)
[2021.04.14-06.55.43:640][454]LogModuleManager: Shutting down and abandoning module Settings (108)
[2021.04.14-06.55.43:640][454]LogModuleManager: Shutting down and abandoning module PhysXCooking (106)
[2021.04.14-06.55.43:641][454]LogModuleManager: Shutting down and abandoning module ChaosSolvers (104)
[2021.04.14-06.55.43:641][454]LogModuleManager: Shutting down and abandoning module FieldSystemEngine (103)
[2021.04.14-06.55.43:641][454]LogModuleManager: Shutting down and abandoning module Chaos (100)
[2021.04.14-06.55.43:642][454]LogModuleManager: Shutting down and abandoning module WindowsPlatformFeatures (98)
[2021.04.14-06.55.43:642][454]LogModuleManager: Shutting down and abandoning module GameplayMediaEncoder (97)
[2021.04.14-06.55.43:642][454]LogModuleManager: Shutting down and abandoning module AVEncoder (96)
[2021.04.14-06.55.43:643][454]LogModuleManager: Shutting down and abandoning module SteamVRInputDevice (92)
[2021.04.14-06.55.43:647][454]LogModuleManager: Shutting down and abandoning module SteamVRInput (90)
[2021.04.14-06.55.43:647][454]LogModuleManager: Shutting down and abandoning module SteamVR (88)
[2021.04.14-06.55.43:648][454]LogHMD: Freeing OpenVRDLLHandle.
[2021.04.14-06.55.43:648][454]LogModuleManager: Shutting down and abandoning module OculusHMD (86)
[2021.04.14-06.55.43:649][454]LogModuleManager: Shutting down and abandoning module ExampleDeviceProfileSelector (84)
[2021.04.14-06.55.43:649][454]LogModuleManager: Shutting down and abandoning module LauncherChunkInstaller (82)
[2021.04.14-06.55.43:650][454]LogModuleManager: Shutting down and abandoning module OnlineBlueprintSupport (80)
[2021.04.14-06.55.43:650][454]LogModuleManager: Shutting down and abandoning module OnlineSubsystem (76)
[2021.04.14-06.55.43:651][454]LogModuleManager: Shutting down and abandoning module XMPP (71)
[2021.04.14-06.55.43:651][454]LogModuleManager: Shutting down and abandoning module WebSockets (70)
[2021.04.14-06.55.43:673][454]LogModuleManager: Shutting down and abandoning module HTTP (67)
[2021.04.14-06.55.43:682][454]LogModuleManager: Shutting down and abandoning module SSL (66)
[2021.04.14-06.55.43:683][454]LogModuleManager: Shutting down and abandoning module WmfMedia (62)
[2021.04.14-06.55.43:685][454]LogModuleManager: Shutting down and abandoning module Media (61)
[2021.04.14-06.55.43:686][454]LogModuleManager: Shutting down and abandoning module MagicLeap (58)
[2021.04.14-06.55.43:686][454]LogModuleManager: Shutting down and abandoning module NiagaraVertexFactories (56)
[2021.04.14-06.55.43:686][454]LogModuleManager: Shutting down and abandoning module NiagaraShader (54)
[2021.04.14-06.55.43:686][454]LogModuleManager: Shutting down and abandoning module VariantManagerContent (52)
[2021.04.14-06.55.43:687][454]LogModuleManager: Shutting down and abandoning module DatasmithContent (50)
[2021.04.14-06.55.43:688][454]LogModuleManager: Shutting down and abandoning module AISupportModule (48)
[2021.04.14-06.55.43:688][454]LogModuleManager: Shutting down and abandoning module DesktopPlatform (46)
[2021.04.14-06.55.43:688][454]LogModuleManager: Shutting down and abandoning module PlatformCryptoOpenSSL (44)
[2021.04.14-06.55.43:689][454]LogModuleManager: Shutting down and abandoning module PlatformCryptoTypes (42)
[2021.04.14-06.55.43:689][454]LogModuleManager: Shutting down and abandoning module PlatformCrypto (40)
[2021.04.14-06.55.43:689][454]LogModuleManager: Shutting down and abandoning module AnimationModifiers (38)
[2021.04.14-06.55.43:690][454]LogModuleManager: Shutting down and abandoning module PropertyEditor (37)
[2021.04.14-06.55.43:690][454]LogModuleManager: Shutting down and abandoning module AudioEditor (34)
[2021.04.14-06.55.43:690][454]LogModuleManager: Shutting down and abandoning module TextureCompressor (32)
[2021.04.14-06.55.43:690][454]LogModuleManager: Shutting down and abandoning module RenderCore (30)
[2021.04.14-06.55.43:691][454]LogModuleManager: Shutting down and abandoning module Landscape (28)
[2021.04.14-06.55.43:692][454]LogModuleManager: Shutting down and abandoning module SlateRHIRenderer (26)
[2021.04.14-06.55.43:693][454]LogModuleManager: Shutting down and abandoning module OpenGLDrv (24)
[2021.04.14-06.55.43:693][454]LogModuleManager: Shutting down and abandoning module D3D11RHI (22)
[2021.04.14-06.55.43:693][454]LogModuleManager: Shutting down and abandoning module AnimGraphRuntime (20)
[2021.04.14-06.55.43:694][454]LogModuleManager: Shutting down and abandoning module Renderer (18)
[2021.04.14-06.55.43:695][454]LogModuleManager: Shutting down and abandoning module Engine (16)
[2021.04.14-06.55.43:695][454]LogModuleManager: Shutting down and abandoning module CoreUObject (14)
[2021.04.14-06.55.43:696][454]LogModuleManager: Shutting down and abandoning module NetworkFile (12)
[2021.04.14-06.55.43:697][454]LogModuleManager: Shutting down and abandoning module CookedIterativeFile (10)
[2021.04.14-06.55.43:697][454]LogModuleManager: Shutting down and abandoning module StreamingFile (8)
[2021.04.14-06.55.43:698][454]LogModuleManager: Shutting down and abandoning module SandboxFile (6)
[2021.04.14-06.55.43:698][454]LogModuleManager: Shutting down and abandoning module PakFile (4)
[2021.04.14-06.55.43:698][454]LogModuleManager: Shutting down and abandoning module RSA (3)
[2021.04.14-06.55.43:830][454]LogContentStreaming: Display: There are 1 unreleased StreamingManagers
[2021.04.14-06.55.43:830][454]LogD3D11RHI: Shutdown
[2021.04.14-06.55.43:831][454]LogD3D11RHI: CleanupD3DDevice
[2021.04.14-06.55.43:848][454]LogExit: Exiting.
[2021.04.14-06.55.43:860][454]Log file closed, 04/14/21 07:55:43
