Log file open, 04/14/21 22:08:19
LogInit: Display: Running engine for game: GamesAssignmentTwo
LogPlatformFile: Not using cached read wrapper
LogTaskGraph: Started task graph with 5 named threads and 71 total threads with 3 sets of task threads.
LogStats: Stats thread started at 0.347135
LogD3D11RHI: Loaded GFSDK_Aftermath_Lib.x64.dll
LogICUInternationalization: ICU TimeZone Detection - Raw Offset: +0:00, Platform Override: ''
LogPluginManager: Mounting plugin Paper2D
LogPluginManager: Mounting plugin AISupport
LogPluginManager: Mounting plugin LightPropagationVolume
LogPluginManager: Mounting plugin CameraShakePreviewer
LogPluginManager: Mounting plugin ActorLayerUtilities
LogPluginManager: Mounting plugin AnimationSharing
LogPluginManager: Mounting plugin CLionSourceCodeAccess
LogPluginManager: Mounting plugin CodeLiteSourceCodeAccess
LogPluginManager: Mounting plugin GitSourceControl
LogPluginManager: Mounting plugin KDevelopSourceCodeAccess
LogPluginManager: Mounting plugin NullSourceCodeAccess
LogPluginManager: Mounting plugin PerforceSourceControl
LogPluginManager: Mounting plugin PlasticSourceControl
LogPluginManager: Mounting plugin RiderSourceCodeAccess
LogPluginManager: Mounting plugin SubversionSourceControl
LogPluginManager: Mounting plugin UObjectPlugin
LogPluginManager: Mounting plugin VisualStudioCodeSourceCodeAccess
LogPluginManager: Mounting plugin VisualStudioSourceCodeAccess
LogPluginManager: Mounting plugin XCodeSourceCodeAccess
LogPluginManager: Mounting plugin AssetManagerEditor
LogPluginManager: Mounting plugin CryptoKeys
LogPluginManager: Mounting plugin CurveEditorTools
LogPluginManager: Mounting plugin DataValidation
LogPluginManager: Mounting plugin EditorScriptingUtilities
LogPluginManager: Mounting plugin FacialAnimation
LogPluginManager: Mounting plugin GameplayTagsEditor
LogPluginManager: Mounting plugin GeometryMode
LogPluginManager: Mounting plugin MacGraphicsSwitching
LogPluginManager: Mounting plugin MaterialAnalyzer
LogPluginManager: Mounting plugin MobileLauncherProfileWizard
LogPluginManager: Mounting plugin PluginBrowser
LogPluginManager: Mounting plugin SpeedTreeImporter
LogPluginManager: Mounting plugin DatasmithContent
LogPluginManager: Mounting plugin VariantManagerContent
LogPluginManager: Mounting plugin AlembicImporter
LogPluginManager: Mounting plugin AutomationUtils
LogPluginManager: Mounting plugin BackChannel
LogPluginManager: Mounting plugin ChaosCloth
LogPluginManager: Mounting plugin ChaosClothEditor
LogPluginManager: Mounting plugin ChaosEditor
LogPluginManager: Mounting plugin ChaosNiagara
LogPluginManager: Mounting plugin ChaosSolverPlugin
LogPluginManager: Mounting plugin CharacterAI
LogPluginManager: Mounting plugin GeometryCache
LogPluginManager: Mounting plugin GeometryCollectionPlugin
LogPluginManager: Mounting plugin GeometryProcessing
LogPluginManager: Mounting plugin PlanarCut
LogPluginManager: Mounting plugin PlatformCrypto
LogPluginManager: Mounting plugin ProxyLODPlugin
LogPluginManager: Mounting plugin SkeletalReduction
LogPluginManager: Mounting plugin Niagara
LogPluginManager: Mounting plugin NiagaraExtras
LogPluginManager: Mounting plugin MagicLeap
LogPluginManager: Mounting plugin MagicLeapLightEstimation
LogPluginManager: Mounting plugin MagicLeapMedia
LogPluginManager: Mounting plugin MagicLeapPassableWorld
LogPluginManager: Mounting plugin MLSDK
LogPluginManager: Mounting plugin AndroidMedia
LogPluginManager: Mounting plugin AvfMedia
LogPluginManager: Mounting plugin ImgMedia
LogPluginManager: Mounting plugin MediaCompositing
LogPluginManager: Mounting plugin MediaPlayerEditor
LogPluginManager: Mounting plugin WebMMedia
LogPluginManager: Mounting plugin WmfMedia
LogPluginManager: Mounting plugin MeshPainting
LogPluginManager: Mounting plugin TcpMessaging
LogPluginManager: Mounting plugin UdpMessaging
LogPluginManager: Mounting plugin ActorSequence
LogPluginManager: Mounting plugin LevelSequenceEditor
LogPluginManager: Mounting plugin MatineeToLevelSequence
LogPluginManager: Mounting plugin MovieRenderPipeline
LogPluginManager: Mounting plugin TemplateSequence
LogPluginManager: Mounting plugin NetcodeUnitTest
LogPluginManager: Mounting plugin NUTUnrealEngine4
LogPluginManager: Mounting plugin OnlineSubsystemGooglePlay
LogPluginManager: Mounting plugin OnlineSubsystemIOS
LogPluginManager: Mounting plugin OnlineSubsystem
LogPluginManager: Mounting plugin OnlineSubsystemNull
LogPluginManager: Mounting plugin OnlineSubsystemUtils
LogPluginManager: Mounting plugin LauncherChunkInstaller
LogPluginManager: Mounting plugin AndroidDeviceProfileSelector
LogPluginManager: Mounting plugin AndroidMoviePlayer
LogPluginManager: Mounting plugin AndroidPermission
LogPluginManager: Mounting plugin AppleImageUtils
LogPluginManager: Mounting plugin AppleMoviePlayer
LogPluginManager: Mounting plugin ArchVisCharacter
LogPluginManager: Mounting plugin AssetTags
LogPluginManager: Mounting plugin AudioCapture
LogPluginManager: Mounting plugin CableComponent
LogPluginManager: Mounting plugin CustomMeshComponent
LogPluginManager: Mounting plugin EditableMesh
LogPluginManager: Mounting plugin ExampleDeviceProfileSelector
LogPluginManager: Mounting plugin GoogleCloudMessaging
LogPluginManager: Mounting plugin GooglePAD
LogPluginManager: Mounting plugin IOSDeviceProfileSelector
LogPluginManager: Mounting plugin LinuxDeviceProfileSelector
LogPluginManager: Mounting plugin LocationServicesBPLibrary
LogPluginManager: Mounting plugin MobilePatchingUtils
LogPluginManager: Mounting plugin OculusVR
LogPluginManager: Mounting plugin PhysXVehicles
LogPluginManager: Mounting plugin PostSplashScreen
LogPluginManager: Mounting plugin ProceduralMeshComponent
LogPluginManager: Mounting plugin RuntimePhysXCooking
LogPluginManager: Mounting plugin SignificanceManager
LogPluginManager: Mounting plugin SoundFields
LogPluginManager: Mounting plugin SteamVR
LogPluginManager: Mounting plugin Synthesis
LogPluginManager: Mounting plugin WebMMoviePlayer
LogPluginManager: Mounting plugin WindowsMoviePlayer
LogPluginManager: Mounting plugin ScreenshotTools
LogInit: Using libcurl 7.55.1-DEV
LogInit:  - built for x86_64-pc-win32
LogInit:  - supports SSL with OpenSSL/1.1.1
LogInit:  - supports HTTP deflate (compression) using libz 1.2.8
LogInit:  - other features:
LogInit:      CURL_VERSION_SSL
LogInit:      CURL_VERSION_LIBZ
LogInit:      CURL_VERSION_IPV6
LogInit:      CURL_VERSION_ASYNCHDNS
LogInit:      CURL_VERSION_LARGEFILE
LogInit:      CURL_VERSION_IDN
LogInit:  CurlRequestOptions (configurable via config and command line):
LogInit:  - bVerifyPeer = true  - Libcurl will verify peer certificate
LogInit:  - bUseHttpProxy = false  - Libcurl will NOT use HTTP proxy
LogInit:  - bDontReuseConnections = false  - Libcurl will reuse connections
LogInit:  - MaxHostConnections = 16  - Libcurl will limit the number of connections to a host
LogInit:  - LocalHostAddr = Default
LogInit:  - BufferSize = 65536
LogOnline: OSS: Creating online subsystem instance for: NULL
LogInit: WinSock: version 1.1 (2.2), MaxSocks=32767, MaxUdp=65467
LogOnline: OSS: TryLoadSubsystemAndSetDefault: Loaded subsystem for module [NULL]
LogInit: Build: ++UE4+Release-4.25-CL-14469661
LogInit: Engine Version: 4.25.4-14469661+++UE4+Release-4.25
LogInit: Compatible Engine Version: 4.25.0-13144385+++UE4+Release-4.25
LogInit: Net CL: 13144385
LogInit: OS: Windows 10 (Release 2009) (), CPU: AMD Ryzen 9 3900X 12-Core Processor            , GPU: NVIDIA GeForce GTX 1060 6GB
LogInit: Compiled (64-bit): Oct 11 2020 08:10:49
LogInit: Compiled with Visual C++: 19.24.28315.00
LogInit: Build Configuration: Development
LogInit: Branch Name: ++UE4+Release-4.25
LogInit: Command Line: -log -game
LogInit: Base Directory: E:/UNREAL ENGINE/UE_4.25/Engine/Binaries/Win64/
LogInit: Allocator: TBB
LogInit: Installed Engine Build: 1
LogDevObjectVersion: Number of dev versions registered: 26
LogDevObjectVersion:   Dev-Blueprints (B0D832E4-1F89-4F0D-ACCF-7EB736FD4AA2): 10
LogDevObjectVersion:   Dev-Build (E1C64328-A22C-4D53-A36C-8E866417BD8C): 0
LogDevObjectVersion:   Dev-Core (375EC13C-06E4-48FB-B500-84F0262A717E): 4
LogDevObjectVersion:   Dev-Editor (E4B068ED-F494-42E9-A231-DA0B2E46BB41): 38
LogDevObjectVersion:   Dev-Framework (CFFC743F-43B0-4480-9391-14DF171D2073): 37
LogDevObjectVersion:   Dev-Mobile (B02B49B5-BB20-44E9-A304-32B752E40360): 2
LogDevObjectVersion:   Dev-Networking (A4E4105C-59A1-49B5-A7C5-40C4547EDFEE): 0
LogDevObjectVersion:   Dev-Online (39C831C9-5AE6-47DC-9A44-9C173E1C8E7C): 0
LogDevObjectVersion:   Dev-Physics (78F01B33-EBEA-4F98-B9B4-84EACCB95AA2): 4
LogDevObjectVersion:   Dev-Platform (6631380F-2D4D-43E0-8009-CF276956A95A): 0
LogDevObjectVersion:   Dev-Rendering (12F88B9F-8875-4AFC-A67C-D90C383ABD29): 43
LogDevObjectVersion:   Dev-Sequencer (7B5AE74C-D270-4C10-A958-57980B212A5A): 12
LogDevObjectVersion:   Dev-VR (D7296918-1DD6-4BDD-9DE2-64A83CC13884): 3
LogDevObjectVersion:   Dev-LoadTimes (C2A15278-BFE7-4AFE-6C17-90FF531DF755): 1
LogDevObjectVersion:   Private-Geometry (6EACA3D4-40EC-4CC1-B786-8BED09428FC5): 3
LogDevObjectVersion:   Dev-AnimPhys (29E575DD-E0A3-4627-9D10-D276232CDCEA): 17
LogDevObjectVersion:   Dev-Anim (AF43A65D-7FD3-4947-9873-3E8ED9C1BB05): 7
LogDevObjectVersion:   Dev-ReflectionCapture (6B266CEC-1EC7-4B8F-A30B-E4D90942FC07): 1
LogDevObjectVersion:   Dev-Automation (0DF73D61-A23F-47EA-B727-89E90C41499A): 1
LogDevObjectVersion:   FortniteMain (601D1886-AC64-4F84-AA16-D3DE0DEAC7D6): 31
LogDevObjectVersion:   Dev-Enterprise (9DFFBCD6-494F-0158-E221-12823C92A888): 10
LogDevObjectVersion:   Dev-Niagara (F2AED0AC-9AFE-416F-8664-AA7FFA26D6FC): 1
LogDevObjectVersion:   Dev-Destruction (174F1F0B-B4C6-45A5-B13F-2EE8D0FB917D): 10
LogDevObjectVersion:   Dev-Physics-Ext (35F94A83-E258-406C-A318-09F59610247C): 37
LogDevObjectVersion:   Dev-PhysicsMaterial-Chaos (B68FC16E-8B1B-42E2-B453-215C058844FE): 1
LogDevObjectVersion:   Dev-CineCamera (B2E18506-4273-CFC2-A54E-F4BB758BBA07): 1
LogInit: Presizing for max 25165824 objects, including 0 objects not considered by GC, pre-allocating 0 bytes for permanent pool.
LogConfig: Applying CVar settings from Section [/Script/Engine.StreamingSettings] File [C:/Users/aveng/Documents/GitHub/GamesAssignment2-SecondYear/Games Assignment Two/GamesAssignmentTwo/Saved/Config/Windows/Engine.ini]
LogConfig: Setting CVar [[s.MinBulkDataSizeForAsyncLoading:131072]]
LogConfig: Setting CVar [[s.AsyncLoadingThreadEnabled:0]]
LogConfig: Setting CVar [[s.EventDrivenLoaderEnabled:1]]
LogConfig: Setting CVar [[s.WarnIfTimeLimitExceeded:0]]
LogConfig: Setting CVar [[s.TimeLimitExceededMultiplier:1.5]]
LogConfig: Setting CVar [[s.TimeLimitExceededMinTime:0.005]]
LogConfig: Setting CVar [[s.UseBackgroundLevelStreaming:1]]
LogConfig: Setting CVar [[s.PriorityAsyncLoadingExtraTime:15.0]]
LogConfig: Setting CVar [[s.LevelStreamingActorsUpdateTimeLimit:5.0]]
LogConfig: Setting CVar [[s.PriorityLevelStreamingActorsUpdateExtraTime:5.0]]
LogConfig: Setting CVar [[s.LevelStreamingComponentsRegistrationGranularity:10]]
LogConfig: Setting CVar [[s.UnregisterComponentsTimeLimit:1.0]]
LogConfig: Setting CVar [[s.LevelStreamingComponentsUnregistrationGranularity:5]]
LogConfig: Setting CVar [[s.FlushStreamingOnExit:1]]
LogInit: Object subsystem initialized
LogConfig: Setting CVar [[con.DebugEarlyDefault:1]]
LogConfig: Setting CVar [[r.setres:1280x720]]
[2021.04.14-21.08.19:550][  0]LogConfig: Setting CVar [[con.DebugEarlyDefault:1]]
[2021.04.14-21.08.19:550][  0]LogConfig: Setting CVar [[r.setres:1280x720]]
[2021.04.14-21.08.19:551][  0]LogConfig: Applying CVar settings from Section [/Script/Engine.RendererSettings] File [C:/Users/aveng/Documents/GitHub/GamesAssignment2-SecondYear/Games Assignment Two/GamesAssignmentTwo/Saved/Config/Windows/Engine.ini]
[2021.04.14-21.08.19:551][  0]LogConfig: Setting CVar [[r.GPUCrashDebugging:0]]
[2021.04.14-21.08.19:551][  0]LogConfig: Applying CVar settings from Section [/Script/Engine.RendererOverrideSettings] File [C:/Users/aveng/Documents/GitHub/GamesAssignment2-SecondYear/Games Assignment Two/GamesAssignmentTwo/Saved/Config/Windows/Engine.ini]
[2021.04.14-21.08.19:552][  0]LogConfig: Applying CVar settings from Section [/Script/Engine.StreamingSettings] File [C:/Users/aveng/Documents/GitHub/GamesAssignment2-SecondYear/Games Assignment Two/GamesAssignmentTwo/Saved/Config/Windows/Engine.ini]
[2021.04.14-21.08.19:552][  0]LogConfig: Setting CVar [[s.MinBulkDataSizeForAsyncLoading:131072]]
[2021.04.14-21.08.19:553][  0]LogConfig: Setting CVar [[s.AsyncLoadingThreadEnabled:0]]
[2021.04.14-21.08.19:553][  0]LogConfig: Setting CVar [[s.EventDrivenLoaderEnabled:1]]
[2021.04.14-21.08.19:553][  0]LogConfig: Setting CVar [[s.WarnIfTimeLimitExceeded:0]]
[2021.04.14-21.08.19:554][  0]LogConfig: Setting CVar [[s.TimeLimitExceededMultiplier:1.5]]
[2021.04.14-21.08.19:555][  0]LogConfig: Setting CVar [[s.TimeLimitExceededMinTime:0.005]]
[2021.04.14-21.08.19:555][  0]LogConfig: Setting CVar [[s.UseBackgroundLevelStreaming:1]]
[2021.04.14-21.08.19:556][  0]LogConfig: Setting CVar [[s.PriorityAsyncLoadingExtraTime:15.0]]
[2021.04.14-21.08.19:556][  0]LogConfig: Setting CVar [[s.LevelStreamingActorsUpdateTimeLimit:5.0]]
[2021.04.14-21.08.19:556][  0]LogConfig: Setting CVar [[s.PriorityLevelStreamingActorsUpdateExtraTime:5.0]]
[2021.04.14-21.08.19:558][  0]LogConfig: Setting CVar [[s.LevelStreamingComponentsRegistrationGranularity:10]]
[2021.04.14-21.08.19:558][  0]LogConfig: Setting CVar [[s.UnregisterComponentsTimeLimit:1.0]]
[2021.04.14-21.08.19:558][  0]LogConfig: Setting CVar [[s.LevelStreamingComponentsUnregistrationGranularity:5]]
[2021.04.14-21.08.19:559][  0]LogConfig: Setting CVar [[s.FlushStreamingOnExit:1]]
[2021.04.14-21.08.19:559][  0]LogConfig: Applying CVar settings from Section [/Script/Engine.GarbageCollectionSettings] File [C:/Users/aveng/Documents/GitHub/GamesAssignment2-SecondYear/Games Assignment Two/GamesAssignmentTwo/Saved/Config/Windows/Engine.ini]
[2021.04.14-21.08.19:559][  0]LogConfig: Setting CVar [[gc.MaxObjectsNotConsideredByGC:1]]
[2021.04.14-21.08.19:560][  0]LogConfig: Setting CVar [[gc.SizeOfPermanentObjectPool:0]]
[2021.04.14-21.08.19:560][  0]LogConfig: Setting CVar [[gc.FlushStreamingOnGC:0]]
[2021.04.14-21.08.19:560][  0]LogConfig: Setting CVar [[gc.NumRetriesBeforeForcingGC:10]]
[2021.04.14-21.08.19:561][  0]LogConfig: Setting CVar [[gc.AllowParallelGC:1]]
[2021.04.14-21.08.19:561][  0]LogConfig: Setting CVar [[gc.TimeBetweenPurgingPendingKillObjects:61.1]]
[2021.04.14-21.08.19:562][  0]LogConfig: Setting CVar [[gc.MaxObjectsInEditor:25165824]]
[2021.04.14-21.08.19:562][  0]LogConfig: Setting CVar [[gc.IncrementalBeginDestroyEnabled:1]]
[2021.04.14-21.08.19:562][  0]LogConfig: Setting CVar [[gc.CreateGCClusters:1]]
[2021.04.14-21.08.19:562][  0]LogConfig: Setting CVar [[gc.MinGCClusterSize:5]]
[2021.04.14-21.08.19:563][  0]LogConfig: Setting CVar [[gc.ActorClusteringEnabled:0]]
[2021.04.14-21.08.19:563][  0]LogConfig: Setting CVar [[gc.BlueprintClusteringEnabled:0]]
[2021.04.14-21.08.19:563][  0]LogConfig: Setting CVar [[gc.UseDisregardForGCOnDedicatedServers:0]]
[2021.04.14-21.08.19:564][  0]LogConfig: Applying CVar settings from Section [/Script/Engine.NetworkSettings] File [C:/Users/aveng/Documents/GitHub/GamesAssignment2-SecondYear/Games Assignment Two/GamesAssignmentTwo/Saved/Config/Windows/Engine.ini]
[2021.04.14-21.08.19:566][  0]LogConfig: Applying CVar settings from Section [/Script/UnrealEd.CookerSettings] File [C:/Users/aveng/Documents/GitHub/GamesAssignment2-SecondYear/Games Assignment Two/GamesAssignmentTwo/Saved/Config/Windows/Engine.ini]
[2021.04.14-21.08.19:569][  0]LogConfig: Applying CVar settings from Section [ViewDistanceQuality@3] File [C:/Users/aveng/Documents/GitHub/GamesAssignment2-SecondYear/Games Assignment Two/GamesAssignmentTwo/Saved/Config/Windows/Scalability.ini]
[2021.04.14-21.08.19:569][  0]LogConfig: Setting CVar [[r.SkeletalMeshLODBias:0]]
[2021.04.14-21.08.19:570][  0]LogConfig: Setting CVar [[r.ViewDistanceScale:1.0]]
[2021.04.14-21.08.19:570][  0]LogConfig: Applying CVar settings from Section [AntiAliasingQuality@3] File [C:/Users/aveng/Documents/GitHub/GamesAssignment2-SecondYear/Games Assignment Two/GamesAssignmentTwo/Saved/Config/Windows/Scalability.ini]
[2021.04.14-21.08.19:570][  0]LogConfig: Setting CVar [[r.PostProcessAAQuality:4]]
[2021.04.14-21.08.19:571][  0]LogConfig: Applying CVar settings from Section [ShadowQuality@3] File [C:/Users/aveng/Documents/GitHub/GamesAssignment2-SecondYear/Games Assignment Two/GamesAssignmentTwo/Saved/Config/Windows/Scalability.ini]
[2021.04.14-21.08.19:571][  0]LogConfig: Setting CVar [[r.LightFunctionQuality:1]]
[2021.04.14-21.08.19:571][  0]LogConfig: Setting CVar [[r.ShadowQuality:5]]
[2021.04.14-21.08.19:572][  0]LogConfig: Setting CVar [[r.Shadow.CSM.MaxCascades:10]]
[2021.04.14-21.08.19:572][  0]LogConfig: Setting CVar [[r.Shadow.MaxResolution:2048]]
[2021.04.14-21.08.19:573][  0]LogConfig: Setting CVar [[r.Shadow.MaxCSMResolution:2048]]
[2021.04.14-21.08.19:573][  0]LogConfig: Setting CVar [[r.Shadow.RadiusThreshold:0.01]]
[2021.04.14-21.08.19:574][  0]LogConfig: Setting CVar [[r.Shadow.DistanceScale:1.0]]
[2021.04.14-21.08.19:574][  0]LogConfig: Setting CVar [[r.Shadow.CSM.TransitionScale:1.0]]
[2021.04.14-21.08.19:574][  0]LogConfig: Setting CVar [[r.Shadow.PreShadowResolutionFactor:1.0]]
[2021.04.14-21.08.19:575][  0]LogConfig: Setting CVar [[r.DistanceFieldShadowing:1]]
[2021.04.14-21.08.19:577][  0]LogConfig: Setting CVar [[r.DistanceFieldAO:1]]
[2021.04.14-21.08.19:577][  0]LogConfig: Setting CVar [[r.AOQuality:2]]
[2021.04.14-21.08.19:577][  0]LogConfig: Setting CVar [[r.VolumetricFog:1]]
[2021.04.14-21.08.19:578][  0]LogConfig: Setting CVar [[r.VolumetricFog.GridPixelSize:8]]
[2021.04.14-21.08.19:578][  0]LogConfig: Setting CVar [[r.VolumetricFog.GridSizeZ:128]]
[2021.04.14-21.08.19:578][  0]LogConfig: Setting CVar [[r.VolumetricFog.HistoryMissSupersampleCount:4]]
[2021.04.14-21.08.19:579][  0]LogConfig: Setting CVar [[r.LightMaxDrawDistanceScale:1]]
[2021.04.14-21.08.19:579][  0]LogConfig: Setting CVar [[r.CapsuleShadows:1]]
[2021.04.14-21.08.19:579][  0]LogConfig: Applying CVar settings from Section [PostProcessQuality@3] File [C:/Users/aveng/Documents/GitHub/GamesAssignment2-SecondYear/Games Assignment Two/GamesAssignmentTwo/Saved/Config/Windows/Scalability.ini]
[2021.04.14-21.08.19:579][  0]LogConfig: Setting CVar [[r.MotionBlurQuality:4]]
[2021.04.14-21.08.19:580][  0]LogConfig: Setting CVar [[r.AmbientOcclusionMipLevelFactor:0.4]]
[2021.04.14-21.08.19:580][  0]LogConfig: Setting CVar [[r.AmbientOcclusionMaxQuality:100]]
[2021.04.14-21.08.19:580][  0]LogConfig: Setting CVar [[r.AmbientOcclusionLevels:-1]]
[2021.04.14-21.08.19:581][  0]LogConfig: Setting CVar [[r.AmbientOcclusionRadiusScale:1.0]]
[2021.04.14-21.08.19:581][  0]LogConfig: Setting CVar [[r.DepthOfFieldQuality:2]]
[2021.04.14-21.08.19:581][  0]LogConfig: Setting CVar [[r.RenderTargetPoolMin:400]]
[2021.04.14-21.08.19:582][  0]LogConfig: Setting CVar [[r.LensFlareQuality:2]]
[2021.04.14-21.08.19:582][  0]LogConfig: Setting CVar [[r.SceneColorFringeQuality:1]]
[2021.04.14-21.08.19:582][  0]LogConfig: Setting CVar [[r.EyeAdaptationQuality:2]]
[2021.04.14-21.08.19:583][  0]LogConfig: Setting CVar [[r.BloomQuality:5]]
[2021.04.14-21.08.19:583][  0]LogConfig: Setting CVar [[r.FastBlurThreshold:100]]
[2021.04.14-21.08.19:583][  0]LogConfig: Setting CVar [[r.Upscale.Quality:3]]
[2021.04.14-21.08.19:584][  0]LogConfig: Setting CVar [[r.Tonemapper.GrainQuantization:1]]
[2021.04.14-21.08.19:584][  0]LogConfig: Setting CVar [[r.LightShaftQuality:1]]
[2021.04.14-21.08.19:584][  0]LogConfig: Setting CVar [[r.Filter.SizeScale:1]]
[2021.04.14-21.08.19:585][  0]LogConfig: Setting CVar [[r.Tonemapper.Quality:5]]
[2021.04.14-21.08.19:587][  0]LogConfig: Setting CVar [[r.DOF.Gather.AccumulatorQuality:1        ; higher gathering accumulator quality]]
[2021.04.14-21.08.19:587][  0]LogConfig: Setting CVar [[r.DOF.Gather.PostfilterMethod:1          ; Median3x3 postfilering method]]
[2021.04.14-21.08.19:588][  0]LogConfig: Setting CVar [[r.DOF.Gather.EnableBokehSettings:0       ; no bokeh simulation when gathering]]
[2021.04.14-21.08.19:588][  0]LogConfig: Setting CVar [[r.DOF.Gather.RingCount:4                 ; medium number of samples when gathering]]
[2021.04.14-21.08.19:588][  0]LogConfig: Setting CVar [[r.DOF.Scatter.ForegroundCompositing:1    ; additive foreground scattering]]
[2021.04.14-21.08.19:588][  0]LogConfig: Setting CVar [[r.DOF.Scatter.BackgroundCompositing:2    ; additive background scattering]]
[2021.04.14-21.08.19:589][  0]LogConfig: Setting CVar [[r.DOF.Scatter.EnableBokehSettings:1      ; bokeh simulation when scattering]]
[2021.04.14-21.08.19:589][  0]LogConfig: Setting CVar [[r.DOF.Scatter.MaxSpriteRatio:0.1         ; only a maximum of 10% of scattered bokeh]]
[2021.04.14-21.08.19:589][  0]LogConfig: Setting CVar [[r.DOF.Recombine.Quality:1                ; cheap slight out of focus]]
[2021.04.14-21.08.19:590][  0]LogConfig: Setting CVar [[r.DOF.Recombine.EnableBokehSettings:0    ; no bokeh simulation on slight out of focus]]
[2021.04.14-21.08.19:590][  0]LogConfig: Setting CVar [[r.DOF.TemporalAAQuality:1                ; more stable temporal accumulation]]
[2021.04.14-21.08.19:590][  0]LogConfig: Setting CVar [[r.DOF.Kernel.MaxForegroundRadius:0.025]]
[2021.04.14-21.08.19:591][  0]LogConfig: Setting CVar [[r.DOF.Kernel.MaxBackgroundRadius:0.025]]
[2021.04.14-21.08.19:591][  0]LogConfig: Applying CVar settings from Section [TextureQuality@3] File [C:/Users/aveng/Documents/GitHub/GamesAssignment2-SecondYear/Games Assignment Two/GamesAssignmentTwo/Saved/Config/Windows/Scalability.ini]
[2021.04.14-21.08.19:591][  0]LogConfig: Setting CVar [[r.Streaming.MipBias:0]]
[2021.04.14-21.08.19:591][  0]LogConfig: Setting CVar [[r.Streaming.AmortizeCPUToGPUCopy:0]]
[2021.04.14-21.08.19:592][  0]LogConfig: Setting CVar [[r.Streaming.MaxNumTexturesToStreamPerFrame:0]]
[2021.04.14-21.08.19:592][  0]LogConfig: Setting CVar [[r.Streaming.Boost:1]]
[2021.04.14-21.08.19:593][  0]LogConfig: Setting CVar [[r.MaxAnisotropy:8]]
[2021.04.14-21.08.19:593][  0]LogConfig: Setting CVar [[r.VT.MaxAnisotropy:8]]
[2021.04.14-21.08.19:593][  0]LogConfig: Setting CVar [[r.Streaming.LimitPoolSizeToVRAM:0]]
[2021.04.14-21.08.19:594][  0]LogConfig: Setting CVar [[r.Streaming.PoolSize:1000]]
[2021.04.14-21.08.19:594][  0]LogConfig: Setting CVar [[r.Streaming.MaxEffectiveScreenSize:0]]
[2021.04.14-21.08.19:594][  0]LogConfig: Applying CVar settings from Section [EffectsQuality@3] File [C:/Users/aveng/Documents/GitHub/GamesAssignment2-SecondYear/Games Assignment Two/GamesAssignmentTwo/Saved/Config/Windows/Scalability.ini]
[2021.04.14-21.08.19:595][  0]LogConfig: Setting CVar [[r.TranslucencyLightingVolumeDim:64]]
[2021.04.14-21.08.19:595][  0]LogConfig: Setting CVar [[r.RefractionQuality:2]]
[2021.04.14-21.08.19:595][  0]LogConfig: Setting CVar [[r.SSR.Quality:3]]
[2021.04.14-21.08.19:596][  0]LogConfig: Setting CVar [[r.SSR.HalfResSceneColor:0]]
[2021.04.14-21.08.19:598][  0]LogConfig: Setting CVar [[r.SceneColorFormat:4]]
[2021.04.14-21.08.19:598][  0]LogConfig: Setting CVar [[r.DetailMode:2]]
[2021.04.14-21.08.19:598][  0]LogConfig: Setting CVar [[r.TranslucencyVolumeBlur:1]]
[2021.04.14-21.08.19:599][  0]LogConfig: Setting CVar [[r.MaterialQualityLevel:1 ; High quality]]
[2021.04.14-21.08.19:599][  0]LogConfig: Setting CVar [[r.SSS.Scale:1]]
[2021.04.14-21.08.19:599][  0]LogConfig: Setting CVar [[r.SSS.SampleSet:2]]
[2021.04.14-21.08.19:600][  0]LogConfig: Setting CVar [[r.SSS.Quality:1]]
[2021.04.14-21.08.19:600][  0]LogConfig: Setting CVar [[r.SSS.HalfRes:0]]
[2021.04.14-21.08.19:600][  0]LogConfig: Setting CVar [[r.SSGI.Quality:3]]
[2021.04.14-21.08.19:601][  0]LogConfig: Setting CVar [[r.EmitterSpawnRateScale:1.0]]
[2021.04.14-21.08.19:601][  0]LogConfig: Setting CVar [[r.ParticleLightQuality:2]]
[2021.04.14-21.08.19:601][  0]LogConfig: Setting CVar [[r.SkyAtmosphere.AerialPerspectiveLUT.FastApplyOnOpaque:1 ; Always have FastSkyLUT 1 in this case to avoid wrong sky]]
[2021.04.14-21.08.19:603][  0]LogConfig: Setting CVar [[r.SkyAtmosphere.AerialPerspectiveLUT.SampleCountPerSlice:1]]
[2021.04.14-21.08.19:603][  0]LogConfig: Setting CVar [[r.SkyAtmosphere.AerialPerspectiveLUT.DepthResolution:16.0]]
[2021.04.14-21.08.19:604][  0]LogConfig: Setting CVar [[r.SkyAtmosphere.FastSkyLUT:1]]
[2021.04.14-21.08.19:604][  0]LogConfig: Setting CVar [[r.SkyAtmosphere.FastSkyLUT.SampleCountMin:4.0]]
[2021.04.14-21.08.19:605][  0]LogConfig: Setting CVar [[r.SkyAtmosphere.FastSkyLUT.SampleCountMax:32.0]]
[2021.04.14-21.08.19:605][  0]LogConfig: Setting CVar [[r.SkyAtmosphere.SampleCountMin:4.0]]
[2021.04.14-21.08.19:606][  0]LogConfig: Setting CVar [[r.SkyAtmosphere.SampleCountMax:32.0]]
[2021.04.14-21.08.19:608][  0]LogConfig: Setting CVar [[r.SkyAtmosphere.TransmittanceLUT.UseSmallFormat:0]]
[2021.04.14-21.08.19:608][  0]LogConfig: Setting CVar [[r.SkyAtmosphere.TransmittanceLUT.SampleCount:10.0]]
[2021.04.14-21.08.19:609][  0]LogConfig: Setting CVar [[r.SkyAtmosphere.MultiScatteringLUT.SampleCount:15.0]]
[2021.04.14-21.08.19:609][  0]LogConfig: Applying CVar settings from Section [FoliageQuality@3] File [C:/Users/aveng/Documents/GitHub/GamesAssignment2-SecondYear/Games Assignment Two/GamesAssignmentTwo/Saved/Config/Windows/Scalability.ini]
[2021.04.14-21.08.19:609][  0]LogConfig: Setting CVar [[foliage.DensityScale:1.0]]
[2021.04.14-21.08.19:610][  0]LogConfig: Setting CVar [[grass.DensityScale:1.0]]
[2021.04.14-21.08.19:610][  0]LogConfig: Applying CVar settings from Section [ShadingQuality@3] File [C:/Users/aveng/Documents/GitHub/GamesAssignment2-SecondYear/Games Assignment Two/GamesAssignmentTwo/Saved/Config/Windows/Scalability.ini]
[2021.04.14-21.08.19:610][  0]LogConfig: Setting CVar [[r.HairStrands.SkyLighting.SampleCount:16]]
[2021.04.14-21.08.19:611][  0]LogConfig: Setting CVar [[r.HairStrands.SkyLighting.JitterIntegration:0]]
[2021.04.14-21.08.19:611][  0]LogConfig: Setting CVar [[r.HairStrands.SkyAO.SampleCount:16]]
[2021.04.14-21.08.19:611][  0]LogConfig: Setting CVar [[r.HairStrands.DeepShadow.SuperSampling:0]]
[2021.04.14-21.08.19:612][  0]LogConfig: Setting CVar [[r.HairStrands.VisibilityPPLL:0]]
[2021.04.14-21.08.19:612][  0]LogConfig: Setting CVar [[r.HairStrands.RasterizationScale:0.5]]
[2021.04.14-21.08.19:612][  0]LogConfig: Setting CVar [[r.HairStrands.VelocityRasterizationScale:1]]
[2021.04.14-21.08.19:613][  0]LogInit: Selected Device Profile: [Windows]
[2021.04.14-21.08.19:613][  0]LogInit: Applying CVar settings loaded from the selected device profile: [Windows]
[2021.04.14-21.08.19:613][  0]LogHAL: Display: Platform has ~ 32 GB [34260910080 / 34359738368 / 32], which maps to Largest [LargestMinGB=32, LargerMinGB=12, DefaultMinGB=8, SmallerMinGB=6, SmallestMinGB=0)
[2021.04.14-21.08.19:614][  0]LogInit: Going up to parent DeviceProfile []
[2021.04.14-21.08.19:614][  0]LogConfig: Applying CVar settings from Section [ViewDistanceQuality@3] File [C:/Users/aveng/Documents/GitHub/GamesAssignment2-SecondYear/Games Assignment Two/GamesAssignmentTwo/Saved/Config/Windows/Scalability.ini]
[2021.04.14-21.08.19:614][  0]LogConfig: Setting CVar [[r.SkeletalMeshLODBias:0]]
[2021.04.14-21.08.19:615][  0]LogConfig: Setting CVar [[r.ViewDistanceScale:1.0]]
[2021.04.14-21.08.19:615][  0]LogConfig: Applying CVar settings from Section [AntiAliasingQuality@3] File [C:/Users/aveng/Documents/GitHub/GamesAssignment2-SecondYear/Games Assignment Two/GamesAssignmentTwo/Saved/Config/Windows/Scalability.ini]
[2021.04.14-21.08.19:615][  0]LogConfig: Setting CVar [[r.PostProcessAAQuality:4]]
[2021.04.14-21.08.19:616][  0]LogConfig: Applying CVar settings from Section [ShadowQuality@3] File [C:/Users/aveng/Documents/GitHub/GamesAssignment2-SecondYear/Games Assignment Two/GamesAssignmentTwo/Saved/Config/Windows/Scalability.ini]
[2021.04.14-21.08.19:619][  0]LogConfig: Setting CVar [[r.LightFunctionQuality:1]]
[2021.04.14-21.08.19:619][  0]LogConfig: Setting CVar [[r.ShadowQuality:5]]
[2021.04.14-21.08.19:619][  0]LogConfig: Setting CVar [[r.Shadow.CSM.MaxCascades:10]]
[2021.04.14-21.08.19:620][  0]LogConfig: Setting CVar [[r.Shadow.MaxResolution:2048]]
[2021.04.14-21.08.19:620][  0]LogConfig: Setting CVar [[r.Shadow.MaxCSMResolution:2048]]
[2021.04.14-21.08.19:620][  0]LogConfig: Setting CVar [[r.Shadow.RadiusThreshold:0.01]]
[2021.04.14-21.08.19:621][  0]LogConfig: Setting CVar [[r.Shadow.DistanceScale:1.0]]
[2021.04.14-21.08.19:621][  0]LogConfig: Setting CVar [[r.Shadow.CSM.TransitionScale:1.0]]
[2021.04.14-21.08.19:621][  0]LogConfig: Setting CVar [[r.Shadow.PreShadowResolutionFactor:1.0]]
[2021.04.14-21.08.19:622][  0]LogConfig: Setting CVar [[r.DistanceFieldShadowing:1]]
[2021.04.14-21.08.19:622][  0]LogConfig: Setting CVar [[r.DistanceFieldAO:1]]
[2021.04.14-21.08.19:622][  0]LogConfig: Setting CVar [[r.AOQuality:2]]
[2021.04.14-21.08.19:623][  0]LogConfig: Setting CVar [[r.VolumetricFog:1]]
[2021.04.14-21.08.19:623][  0]LogConfig: Setting CVar [[r.VolumetricFog.GridPixelSize:8]]
[2021.04.14-21.08.19:623][  0]LogConfig: Setting CVar [[r.VolumetricFog.GridSizeZ:128]]
[2021.04.14-21.08.19:624][  0]LogConfig: Setting CVar [[r.VolumetricFog.HistoryMissSupersampleCount:4]]
[2021.04.14-21.08.19:624][  0]LogConfig: Setting CVar [[r.LightMaxDrawDistanceScale:1]]
[2021.04.14-21.08.19:624][  0]LogConfig: Setting CVar [[r.CapsuleShadows:1]]
[2021.04.14-21.08.19:625][  0]LogConfig: Applying CVar settings from Section [PostProcessQuality@3] File [C:/Users/aveng/Documents/GitHub/GamesAssignment2-SecondYear/Games Assignment Two/GamesAssignmentTwo/Saved/Config/Windows/Scalability.ini]
[2021.04.14-21.08.19:625][  0]LogConfig: Setting CVar [[r.MotionBlurQuality:4]]
[2021.04.14-21.08.19:625][  0]LogConfig: Setting CVar [[r.AmbientOcclusionMipLevelFactor:0.4]]
[2021.04.14-21.08.19:626][  0]LogConfig: Setting CVar [[r.AmbientOcclusionMaxQuality:100]]
[2021.04.14-21.08.19:628][  0]LogConfig: Setting CVar [[r.AmbientOcclusionLevels:-1]]
[2021.04.14-21.08.19:628][  0]LogConfig: Setting CVar [[r.AmbientOcclusionRadiusScale:1.0]]
[2021.04.14-21.08.19:628][  0]LogConfig: Setting CVar [[r.DepthOfFieldQuality:2]]
[2021.04.14-21.08.19:629][  0]LogConfig: Setting CVar [[r.RenderTargetPoolMin:400]]
[2021.04.14-21.08.19:629][  0]LogConfig: Setting CVar [[r.LensFlareQuality:2]]
[2021.04.14-21.08.19:629][  0]LogConfig: Setting CVar [[r.SceneColorFringeQuality:1]]
[2021.04.14-21.08.19:630][  0]LogConfig: Setting CVar [[r.EyeAdaptationQuality:2]]
[2021.04.14-21.08.19:630][  0]LogConfig: Setting CVar [[r.BloomQuality:5]]
[2021.04.14-21.08.19:630][  0]LogConfig: Setting CVar [[r.FastBlurThreshold:100]]
[2021.04.14-21.08.19:631][  0]LogConfig: Setting CVar [[r.Upscale.Quality:3]]
[2021.04.14-21.08.19:631][  0]LogConfig: Setting CVar [[r.Tonemapper.GrainQuantization:1]]
[2021.04.14-21.08.19:631][  0]LogConfig: Setting CVar [[r.LightShaftQuality:1]]
[2021.04.14-21.08.19:631][  0]LogConfig: Setting CVar [[r.Filter.SizeScale:1]]
[2021.04.14-21.08.19:632][  0]LogConfig: Setting CVar [[r.Tonemapper.Quality:5]]
[2021.04.14-21.08.19:632][  0]LogConfig: Setting CVar [[r.DOF.Gather.AccumulatorQuality:1        ; higher gathering accumulator quality]]
[2021.04.14-21.08.19:632][  0]LogConfig: Setting CVar [[r.DOF.Gather.PostfilterMethod:1          ; Median3x3 postfilering method]]
[2021.04.14-21.08.19:633][  0]LogConfig: Setting CVar [[r.DOF.Gather.EnableBokehSettings:0       ; no bokeh simulation when gathering]]
[2021.04.14-21.08.19:633][  0]LogConfig: Setting CVar [[r.DOF.Gather.RingCount:4                 ; medium number of samples when gathering]]
[2021.04.14-21.08.19:633][  0]LogConfig: Setting CVar [[r.DOF.Scatter.ForegroundCompositing:1    ; additive foreground scattering]]
[2021.04.14-21.08.19:634][  0]LogConfig: Setting CVar [[r.DOF.Scatter.BackgroundCompositing:2    ; additive background scattering]]
[2021.04.14-21.08.19:635][  0]LogConfig: Setting CVar [[r.DOF.Scatter.EnableBokehSettings:1      ; bokeh simulation when scattering]]
[2021.04.14-21.08.19:635][  0]LogConfig: Setting CVar [[r.DOF.Scatter.MaxSpriteRatio:0.1         ; only a maximum of 10% of scattered bokeh]]
[2021.04.14-21.08.19:636][  0]LogConfig: Setting CVar [[r.DOF.Recombine.Quality:1                ; cheap slight out of focus]]
[2021.04.14-21.08.19:636][  0]LogConfig: Setting CVar [[r.DOF.Recombine.EnableBokehSettings:0    ; no bokeh simulation on slight out of focus]]
[2021.04.14-21.08.19:636][  0]LogConfig: Setting CVar [[r.DOF.TemporalAAQuality:1                ; more stable temporal accumulation]]
[2021.04.14-21.08.19:637][  0]LogConfig: Setting CVar [[r.DOF.Kernel.MaxForegroundRadius:0.025]]
[2021.04.14-21.08.19:639][  0]LogConfig: Setting CVar [[r.DOF.Kernel.MaxBackgroundRadius:0.025]]
[2021.04.14-21.08.19:639][  0]LogConfig: Applying CVar settings from Section [TextureQuality@3] File [C:/Users/aveng/Documents/GitHub/GamesAssignment2-SecondYear/Games Assignment Two/GamesAssignmentTwo/Saved/Config/Windows/Scalability.ini]
[2021.04.14-21.08.19:639][  0]LogConfig: Setting CVar [[r.Streaming.MipBias:0]]
[2021.04.14-21.08.19:640][  0]LogConfig: Setting CVar [[r.Streaming.AmortizeCPUToGPUCopy:0]]
[2021.04.14-21.08.19:640][  0]LogConfig: Setting CVar [[r.Streaming.MaxNumTexturesToStreamPerFrame:0]]
[2021.04.14-21.08.19:640][  0]LogConfig: Setting CVar [[r.Streaming.Boost:1]]
[2021.04.14-21.08.19:641][  0]LogConfig: Setting CVar [[r.MaxAnisotropy:8]]
[2021.04.14-21.08.19:641][  0]LogConfig: Setting CVar [[r.VT.MaxAnisotropy:8]]
[2021.04.14-21.08.19:641][  0]LogConfig: Setting CVar [[r.Streaming.LimitPoolSizeToVRAM:0]]
[2021.04.14-21.08.19:642][  0]LogConfig: Setting CVar [[r.Streaming.PoolSize:1000]]
[2021.04.14-21.08.19:642][  0]LogConfig: Setting CVar [[r.Streaming.MaxEffectiveScreenSize:0]]
[2021.04.14-21.08.19:643][  0]LogConfig: Applying CVar settings from Section [EffectsQuality@3] File [C:/Users/aveng/Documents/GitHub/GamesAssignment2-SecondYear/Games Assignment Two/GamesAssignmentTwo/Saved/Config/Windows/Scalability.ini]
[2021.04.14-21.08.19:643][  0]LogConfig: Setting CVar [[r.TranslucencyLightingVolumeDim:64]]
[2021.04.14-21.08.19:643][  0]LogConfig: Setting CVar [[r.RefractionQuality:2]]
[2021.04.14-21.08.19:644][  0]LogConfig: Setting CVar [[r.SSR.Quality:3]]
[2021.04.14-21.08.19:644][  0]LogConfig: Setting CVar [[r.SSR.HalfResSceneColor:0]]
[2021.04.14-21.08.19:644][  0]LogConfig: Setting CVar [[r.SceneColorFormat:4]]
[2021.04.14-21.08.19:645][  0]LogConfig: Setting CVar [[r.DetailMode:2]]
[2021.04.14-21.08.19:645][  0]LogConfig: Setting CVar [[r.TranslucencyVolumeBlur:1]]
[2021.04.14-21.08.19:645][  0]LogConfig: Setting CVar [[r.MaterialQualityLevel:1 ; High quality]]
[2021.04.14-21.08.19:646][  0]LogConfig: Setting CVar [[r.SSS.Scale:1]]
[2021.04.14-21.08.19:646][  0]LogConfig: Setting CVar [[r.SSS.SampleSet:2]]
[2021.04.14-21.08.19:646][  0]LogConfig: Setting CVar [[r.SSS.Quality:1]]
[2021.04.14-21.08.19:647][  0]LogConfig: Setting CVar [[r.SSS.HalfRes:0]]
[2021.04.14-21.08.19:649][  0]LogConfig: Setting CVar [[r.SSGI.Quality:3]]
[2021.04.14-21.08.19:649][  0]LogConfig: Setting CVar [[r.EmitterSpawnRateScale:1.0]]
[2021.04.14-21.08.19:649][  0]LogConfig: Setting CVar [[r.ParticleLightQuality:2]]
[2021.04.14-21.08.19:650][  0]LogConfig: Setting CVar [[r.SkyAtmosphere.AerialPerspectiveLUT.FastApplyOnOpaque:1 ; Always have FastSkyLUT 1 in this case to avoid wrong sky]]
[2021.04.14-21.08.19:650][  0]LogConfig: Setting CVar [[r.SkyAtmosphere.AerialPerspectiveLUT.SampleCountPerSlice:1]]
[2021.04.14-21.08.19:650][  0]LogConfig: Setting CVar [[r.SkyAtmosphere.AerialPerspectiveLUT.DepthResolution:16.0]]
[2021.04.14-21.08.19:651][  0]LogConfig: Setting CVar [[r.SkyAtmosphere.FastSkyLUT:1]]
[2021.04.14-21.08.19:651][  0]LogConfig: Setting CVar [[r.SkyAtmosphere.FastSkyLUT.SampleCountMin:4.0]]
[2021.04.14-21.08.19:651][  0]LogConfig: Setting CVar [[r.SkyAtmosphere.FastSkyLUT.SampleCountMax:32.0]]
[2021.04.14-21.08.19:652][  0]LogConfig: Setting CVar [[r.SkyAtmosphere.SampleCountMin:4.0]]
[2021.04.14-21.08.19:652][  0]LogConfig: Setting CVar [[r.SkyAtmosphere.SampleCountMax:32.0]]
[2021.04.14-21.08.19:652][  0]LogConfig: Setting CVar [[r.SkyAtmosphere.TransmittanceLUT.UseSmallFormat:0]]
[2021.04.14-21.08.19:653][  0]LogConfig: Setting CVar [[r.SkyAtmosphere.TransmittanceLUT.SampleCount:10.0]]
[2021.04.14-21.08.19:653][  0]LogConfig: Setting CVar [[r.SkyAtmosphere.MultiScatteringLUT.SampleCount:15.0]]
[2021.04.14-21.08.19:653][  0]LogConfig: Applying CVar settings from Section [FoliageQuality@3] File [C:/Users/aveng/Documents/GitHub/GamesAssignment2-SecondYear/Games Assignment Two/GamesAssignmentTwo/Saved/Config/Windows/Scalability.ini]
[2021.04.14-21.08.19:654][  0]LogConfig: Setting CVar [[foliage.DensityScale:1.0]]
[2021.04.14-21.08.19:654][  0]LogConfig: Setting CVar [[grass.DensityScale:1.0]]
[2021.04.14-21.08.19:654][  0]LogConfig: Applying CVar settings from Section [ShadingQuality@3] File [C:/Users/aveng/Documents/GitHub/GamesAssignment2-SecondYear/Games Assignment Two/GamesAssignmentTwo/Saved/Config/Windows/Scalability.ini]
[2021.04.14-21.08.19:655][  0]LogConfig: Setting CVar [[r.HairStrands.SkyLighting.SampleCount:16]]
[2021.04.14-21.08.19:655][  0]LogConfig: Setting CVar [[r.HairStrands.SkyLighting.JitterIntegration:0]]
[2021.04.14-21.08.19:655][  0]LogConfig: Setting CVar [[r.HairStrands.SkyAO.SampleCount:16]]
[2021.04.14-21.08.19:656][  0]LogConfig: Setting CVar [[r.HairStrands.DeepShadow.SuperSampling:0]]
[2021.04.14-21.08.19:656][  0]LogConfig: Setting CVar [[r.HairStrands.VisibilityPPLL:0]]
[2021.04.14-21.08.19:656][  0]LogConfig: Setting CVar [[r.HairStrands.RasterizationScale:0.5]]
[2021.04.14-21.08.19:657][  0]LogConfig: Setting CVar [[r.HairStrands.VelocityRasterizationScale:1]]
[2021.04.14-21.08.19:659][  0]LogConfig: Applying CVar settings from Section [Startup] File [../../../Engine/Config/ConsoleVariables.ini]
[2021.04.14-21.08.19:659][  0]LogConfig: Setting CVar [[net.UseAdaptiveNetUpdateFrequency:0]]
[2021.04.14-21.08.19:659][  0]LogConfig: Setting CVar [[p.chaos.AllowCreatePhysxBodies:1]]
[2021.04.14-21.08.19:660][  0]LogConfig: Setting CVar [[fx.SkipVectorVMBackendOptimizations:1]]
[2021.04.14-21.08.19:660][  0]LogConfig: Applying CVar settings from Section [ConsoleVariables] File [C:/Users/aveng/Documents/GitHub/GamesAssignment2-SecondYear/Games Assignment Two/GamesAssignmentTwo/Saved/Config/Windows/Engine.ini]
[2021.04.14-21.08.19:660][  0]LogInit: Computer: PROGRAMMING-PC
[2021.04.14-21.08.19:661][  0]LogInit: User: aveng
[2021.04.14-21.08.19:661][  0]LogInit: CPU Page size=4096, Cores=12
[2021.04.14-21.08.19:661][  0]LogInit: High frequency timer resolution =10.000000 MHz
[2021.04.14-21.08.19:662][  0]LogMemory: Memory total: Physical=31.9GB (32GB approx)
[2021.04.14-21.08.19:662][  0]LogMemory: Platform Memory Stats for Windows
[2021.04.14-21.08.19:662][  0]LogMemory: Process Physical Memory: 120.58 MB used, 120.58 MB peak
[2021.04.14-21.08.19:663][  0]LogMemory: Process Virtual Memory: 110.75 MB used, 110.75 MB peak
[2021.04.14-21.08.19:663][  0]LogMemory: Physical Memory: 18996.02 MB used,  13677.73 MB free, 32673.75 MB total
[2021.04.14-21.08.19:663][  0]LogMemory: Virtual Memory: 5220.79 MB used,  134212504.00 MB free, 134217728.00 MB total
[2021.04.14-21.08.19:667][  0]LogWindows: WindowsPlatformFeatures enabled
[2021.04.14-21.08.19:705][  0]LogInit: Physics initialised using underlying interface: PhysX
[2021.04.14-21.08.19:706][  0]LogInit: Using OS detected language (en-GB).
[2021.04.14-21.08.19:707][  0]LogInit: Using OS detected locale (en-GB).
[2021.04.14-21.08.19:708][  0]LogTextLocalizationManager: No specific localization for 'en-GB' exists, so the 'en' localization will be used.
[2021.04.14-21.08.19:883][  0]LogSlate: New Slate User Created.  User Index 0, Is Virtual User: 0
[2021.04.14-21.08.19:883][  0]LogSlate: Slate User Registered.  User Index 0, Is Virtual User: 0
[2021.04.14-21.08.19:895][  0]LogHMD: Failed to initialize OpenVR with code 110
[2021.04.14-21.08.19:895][  0]LogD3D11RHI: D3D11 min allowed feature level: 11_0
[2021.04.14-21.08.19:895][  0]LogD3D11RHI: D3D11 max allowed feature level: 11_0
[2021.04.14-21.08.19:896][  0]LogD3D11RHI: D3D11 adapters:
[2021.04.14-21.08.19:999][  0]LogD3D11RHI:    0. 'NVIDIA GeForce GTX 1060 6GB' (Feature Level 11_0)
[2021.04.14-21.08.19:999][  0]LogD3D11RHI:       6052/0/16336 MB DedicatedVideo/DedicatedSystem/SharedSystem, Outputs:2, VendorId:0x10de
[2021.04.14-21.08.20:003][  0]LogD3D11RHI:    1. 'Microsoft Basic Render Driver' (Feature Level 11_0)
[2021.04.14-21.08.20:003][  0]LogD3D11RHI:       0/0/16336 MB DedicatedVideo/DedicatedSystem/SharedSystem, Outputs:0, VendorId:0x1414
[2021.04.14-21.08.20:004][  0]LogD3D11RHI: Chosen D3D11 Adapter: 0
[2021.04.14-21.08.20:016][  0]LogD3D11RHI: Creating new Direct3DDevice
[2021.04.14-21.08.20:016][  0]LogD3D11RHI:     GPU DeviceId: 0x1c03 (for the marketing name, search the web for "GPU Device Id")
[2021.04.14-21.08.20:016][  0]LogWindows: EnumDisplayDevices:
[2021.04.14-21.08.20:017][  0]LogWindows:    0. 'NVIDIA GeForce GTX 1060 6GB' (P:1 D:1)
[2021.04.14-21.08.20:018][  0]LogWindows:    1. 'NVIDIA GeForce GTX 1060 6GB' (P:0 D:1)
[2021.04.14-21.08.20:019][  0]LogWindows:    2. 'NVIDIA GeForce GTX 1060 6GB' (P:0 D:0)
[2021.04.14-21.08.20:019][  0]LogWindows:    3. 'NVIDIA GeForce GTX 1060 6GB' (P:0 D:0)
[2021.04.14-21.08.20:019][  0]LogWindows: DebugString: FoundDriverCount:4 
[2021.04.14-21.08.20:020][  0]LogD3D11RHI:     Adapter Name: NVIDIA GeForce GTX 1060 6GB
[2021.04.14-21.08.20:020][  0]LogD3D11RHI:   Driver Version: 461.92 (internal:27.21.14.6192, unified:461.92)
[2021.04.14-21.08.20:020][  0]LogD3D11RHI:      Driver Date: 3-11-2021
[2021.04.14-21.08.20:021][  0]LogRHI: Texture pool is 4236 MB (70% of 6052 MB)
[2021.04.14-21.08.20:100][  0]LogD3D11RHI: RHI has support for 64 bit atomics
[2021.04.14-21.08.20:101][  0]LogD3D11RHI: Async texture creation enabled
[2021.04.14-21.08.20:102][  0]LogD3D11RHI: Array index from any shader is supported
[2021.04.14-21.08.20:126][  0]LogD3D11RHI: GPU Timing Frequency: 1000.000000 (Debug: 2 1)
[2021.04.14-21.08.20:490][  0]LogTargetPlatformManager: Display: Loaded TargetPlatform 'WindowsNoEditor'
[2021.04.14-21.08.20:493][  0]LogTargetPlatformManager: Display: Loaded TargetPlatform 'Windows'
[2021.04.14-21.08.20:500][  0]LogTargetPlatformManager: Display: Loaded TargetPlatform 'WindowsClient'
[2021.04.14-21.08.20:506][  0]LogTargetPlatformManager: Display: Loaded TargetPlatform 'WindowsServer'
[2021.04.14-21.08.20:506][  0]LogTargetPlatformManager: Display: Building Assets For Windows
[2021.04.14-21.08.20:510][  0]LogAudioDebug: Display: Lib vorbis DLL was dynamically loaded.
[2021.04.14-21.08.20:531][  0]LogShaderCompilers: Guid format shader working directory is -54 characters bigger than the processId version (C:/Users/aveng/Documents/GitHub/GamesAssignment2-SecondYear/Games Assignment Two/GamesAssignmentTwo/Intermediate/Shaders/WorkingDirectory/46724/).
[2021.04.14-21.08.20:531][  0]LogShaderCompilers: Cleaned the shader compiler working directory 'C:/Users/aveng/AppData/Local/Temp/UnrealShaderWorkingDir/1E2711364B792AF796DD189534E0A6FD/'.
[2021.04.14-21.08.20:532][  0]LogXGEController: Cannot use XGE Controller as Incredibuild is not installed on this machine.
[2021.04.14-21.08.20:532][  0]LogShaderCompilers: Cannot use XGE Shader Compiler as Incredibuild is not installed on this machine.
[2021.04.14-21.08.20:533][  0]LogShaderCompilers: Display: Using Local Shader Compiler.
[2021.04.14-21.08.21:199][  0]LogDerivedDataCache: Display: Max Cache Size: 512 MB
[2021.04.14-21.08.21:241][  0]LogDerivedDataCache: Loaded boot cache 0.04s 77MB C:/Users/aveng/AppData/Local/UnrealEngine/4.25/DerivedDataCache/Boot.ddc.
[2021.04.14-21.08.21:241][  0]LogDerivedDataCache: Display: Loaded Boot cache: C:/Users/aveng/AppData/Local/UnrealEngine/4.25/DerivedDataCache/Boot.ddc
[2021.04.14-21.08.21:242][  0]LogDerivedDataCache: FDerivedDataBackendGraph:  Pak pak cache file C:/Users/aveng/Documents/GitHub/GamesAssignment2-SecondYear/Games Assignment Two/GamesAssignmentTwo/DerivedDataCache/DDC.ddp not found, will not use a pak cache.
[2021.04.14-21.08.21:243][  0]LogDerivedDataCache: Unable to find inner node Pak for hierarchical cache Hierarchy.
[2021.04.14-21.08.21:244][  0]LogDerivedDataCache: FDerivedDataBackendGraph:  CompressedPak pak cache file C:/Users/aveng/Documents/GitHub/GamesAssignment2-SecondYear/Games Assignment Two/GamesAssignmentTwo/DerivedDataCache/Compressed.ddp not found, will not use a pak cache.
[2021.04.14-21.08.21:244][  0]LogDerivedDataCache: Unable to find inner node CompressedPak for hierarchical cache Hierarchy.
[2021.04.14-21.08.21:255][  0]LogDerivedDataCache: Display: Pak cache opened for reading ../../../Engine/DerivedDataCache/Compressed.ddp.
[2021.04.14-21.08.21:255][  0]LogDerivedDataCache: FDerivedDataBackendGraph:  EnterprisePak pak cache file ../../../Enterprise/DerivedDataCache/Compressed.ddp not found, will not use a pak cache.
[2021.04.14-21.08.21:256][  0]LogDerivedDataCache: Unable to find inner node EnterprisePak for hierarchical cache Hierarchy.
[2021.04.14-21.08.21:257][  0]LogDerivedDataCache: Using Local data cache path C:/Users/aveng/AppData/Local/UnrealEngine/Common/DerivedDataCache: Writable
[2021.04.14-21.08.21:257][  0]LogDerivedDataCache: Shared data cache path not found in *engine.ini, will not use an Shared cache.
[2021.04.14-21.08.21:258][  0]LogDerivedDataCache: Unable to find inner node Shared for hierarchical cache Hierarchy.
[2021.04.14-21.08.21:293][  0]LogSlate: Using FreeType 2.10.0
[2021.04.14-21.08.21:294][  0]LogSlate: SlateFontServices - WITH_FREETYPE: 1, WITH_HARFBUZZ: 1
[2021.04.14-21.08.21:360][  0]LogInit: Using OS detected language (en-GB).
[2021.04.14-21.08.21:360][  0]LogInit: Using OS detected locale (en-GB).
[2021.04.14-21.08.21:361][  0]LogTextLocalizationManager: No localization for 'en-GB' exists, so 'en' will be used for the language.
[2021.04.14-21.08.21:362][  0]LogTextLocalizationManager: No localization for 'en-GB' exists, so 'en' will be used for the locale.
[2021.04.14-21.08.21:362][  0]LogSlate: FontCache flush requested. Reason: Culture for localization was changed
[2021.04.14-21.08.21:362][  0]LogSlate: FontCache flush requested. Reason: Culture for localization was changed
[2021.04.14-21.08.21:364][  0]LogTextLocalizationManager: Compacting localization data took   0.00ms
[2021.04.14-21.08.21:366][  0]LogAssetRegistry: FAssetRegistry took 0.0016 seconds to start up
[2021.04.14-21.08.21:567][  0]LogPackageLocalizationCache: Processed 20 localized package path(s) for 1 prioritized culture(s) in 0.045859 seconds
[2021.04.14-21.08.21:610][  0]LogInit: Selected Device Profile: [Windows]
[2021.04.14-21.08.21:684][  0]LogMeshReduction: Using QuadricMeshReduction for automatic static mesh reduction
[2021.04.14-21.08.21:685][  0]LogMeshReduction: Using SimplygonMeshReduction for automatic skeletal mesh reduction
[2021.04.14-21.08.21:686][  0]LogMeshReduction: Using ProxyLODMeshReduction for automatic mesh merging
[2021.04.14-21.08.21:686][  0]LogMeshReduction: No distributed automatic mesh merging module available
[2021.04.14-21.08.21:687][  0]LogMeshMerging: No distributed automatic mesh merging module available
[2021.04.14-21.08.21:700][  0]LogNetVersion: GamesAssignmentTwo 1.0.0, NetCL: 13144385, EngineNetVer: 14, GameNetVer: 0 (Checksum: 1185472599)
[2021.04.14-21.08.21:906][  0]LogAISub: UAISubsystem::UAISubsystem AISubsystem (00000207C3EF58C0), frame # 0
[2021.04.14-21.08.21:906][  0]LogAISub: UAISubsystem::UAISubsystem AIPerceptionSystem (00000207C3E2D6C0), frame # 0
[2021.04.14-21.08.21:909][  0]LogAISub: UAISubsystem::UAISubsystem EnvQueryManager (00000207C3E27C00), frame # 0
[2021.04.14-21.08.21:954][  0]LogCollectionManager: Loaded 0 collections in 0.000821 seconds
[2021.04.14-21.08.21:956][  0]LogFileCache: Scanning file cache for directory 'C:/Users/aveng/Documents/GitHub/GamesAssignment2-SecondYear/Games Assignment Two/GamesAssignmentTwo/Saved/Collections/' took 0.00s
[2021.04.14-21.08.21:956][  0]LogFileCache: Scanning file cache for directory 'C:/Users/aveng/Documents/GitHub/GamesAssignment2-SecondYear/Games Assignment Two/GamesAssignmentTwo/Content/Developers/aveng/Collections/' took 0.00s
[2021.04.14-21.08.21:957][  0]LogFileCache: Scanning file cache for directory 'C:/Users/aveng/Documents/GitHub/GamesAssignment2-SecondYear/Games Assignment Two/GamesAssignmentTwo/Content/Collections/' took 0.00s
[2021.04.14-21.08.21:957][  0]LogCollectionManager: Fixed up redirectors for 0 collections in 0.000002 seconds (updated 0 objects)
[2021.04.14-21.08.21:980][  0]LogMoviePlayer: Initializing movie player
[2021.04.14-21.08.22:115][  0]LogScript: Warning: Script Msg: A null object was passed as a world context object to UEngine::GetWorldFromContextObject().
[2021.04.14-21.08.22:116][  0]LogScript: Warning: Script Msg: A null object was passed as a world context object to UEngine::GetWorldFromContextObject().
[2021.04.14-21.08.22:119][  0]LogScript: Warning: Script Msg: A null object was passed as a world context object to UEngine::GetWorldFromContextObject().
[2021.04.14-21.08.22:121][  0]LogScript: Warning: Script Msg: A null object was passed as a world context object to UEngine::GetWorldFromContextObject().
[2021.04.14-21.08.22:175][  0]LogBlueprint: Warning: [Compiler Ue4ASP_Character] InputAction Event references unknown Action 'Crouch' for  InputAction Crouch
[2021.04.14-21.08.22:176][  0]LogBlueprint: Warning: [Compiler Ue4ASP_Character] Input Axis Event references unknown Axis 'MoveForward' for  InputAxis MoveForward
[2021.04.14-21.08.22:178][  0]LogBlueprint: Warning: [Compiler Ue4ASP_Character] Input Axis Event references unknown Axis 'MoveRight' for  InputAxis MoveRight
[2021.04.14-21.08.22:272][  0]SourceControl: Source control is disabled
[2021.04.14-21.08.22:273][  0]SourceControl: Source control is disabled
[2021.04.14-21.08.22:282][  0]SourceControl: Source control is disabled
[2021.04.14-21.08.22:406][  0]LogAndroidPermission: UAndroidPermissionCallbackProxy::GetInstance
[2021.04.14-21.08.22:424][  0]LogAudioCaptureCore: Display: No Audio Capture implementations found. Audio input will be silent.
[2021.04.14-21.08.22:424][  0]LogAudioCaptureCore: Display: No Audio Capture implementations found. Audio input will be silent.
[2021.04.14-21.08.22:464][  0]LogOcInput: OculusInput pre-init called
[2021.04.14-21.08.22:478][  0]LogUObjectArray: 21163 objects as part of root set at end of initial load.
[2021.04.14-21.08.22:478][  0]LogUObjectAllocator: 5880432 out of 0 bytes used by permanent object pool.
[2021.04.14-21.08.22:479][  0]LogUObjectArray: CloseDisregardForGC: 0/0 objects in disregard for GC pool
[2021.04.14-21.08.22:520][  0]LogEngine: Initializing Engine...
[2021.04.14-21.08.22:521][  0]LogHMD: Failed to initialize OpenVR with code 110
[2021.04.14-21.08.22:522][  0]LogMagicLeap: Warning: VR disabled because ZI is not enabled.  To enable, in the editor, Edit -> Project Settings -> Plugins -> Magic Leap Plugin -> Enable Zero Iteration
[2021.04.14-21.08.22:525][  0]LogStats: UGameplayTagsManager::InitializeManager -  0.000 s
[2021.04.14-21.08.22:603][  0]LogInit: Initializing FReadOnlyCVARCache
[2021.04.14-21.08.22:607][  0]LogAudioMixer: Display: Audio Mixer Platform Settings:
[2021.04.14-21.08.22:607][  0]LogAudioMixer: Display: 	Sample Rate:						  48000
[2021.04.14-21.08.22:609][  0]LogAudioMixer: Display: 	Callback Buffer Frame Size Requested: 1024
[2021.04.14-21.08.22:609][  0]LogAudioMixer: Display: 	Callback Buffer Frame Size To Use:	  1024
[2021.04.14-21.08.22:610][  0]LogAudioMixer: Display: 	Number of buffers to queue:			  2
[2021.04.14-21.08.22:611][  0]LogAudioMixer: Display: 	Max Channels (voices):				  32
[2021.04.14-21.08.22:611][  0]LogAudioMixer: Display: 	Number of Async Source Workers:		  0
[2021.04.14-21.08.22:612][  0]LogAudio: Display: AudioDevice MaxSources: 32
[2021.04.14-21.08.22:613][  0]LogAudio: Display: Using built-in audio occlusion.
[2021.04.14-21.08.22:614][  0]LogAudioMixer: Display: Initializing audio mixer.
[2021.04.14-21.08.22:636][  0]LogAudioMixer: Display: 0: FrontLeft
[2021.04.14-21.08.22:636][  0]LogAudioMixer: Display: 1: FrontRight
[2021.04.14-21.08.22:637][  0]LogAudioMixer: Display: 2: FrontCenter
[2021.04.14-21.08.22:638][  0]LogAudioMixer: Display: 3: LowFrequency
[2021.04.14-21.08.22:639][  0]LogAudioMixer: Display: 4: BackLeft
[2021.04.14-21.08.22:640][  0]LogAudioMixer: Display: 5: BackRight
[2021.04.14-21.08.22:640][  0]LogAudioMixer: Display: 6: SideLeft
[2021.04.14-21.08.22:640][  0]LogAudioMixer: Display: 7: SideRight
[2021.04.14-21.08.22:673][  0]LogAudioMixer: Display: Using Audio Device Speakers (THX Spatial Audio)
[2021.04.14-21.08.22:679][  0]LogAudioMixer: Display: Initializing Sound Submixes...
[2021.04.14-21.08.22:680][  0]LogAudioMixer: Display: Creating Master Submix 'MasterSubmixDefault'
[2021.04.14-21.08.22:680][  0]LogAudioMixer: Display: Creating Master Submix 'MasterReverbSubmixDefault'
[2021.04.14-21.08.22:681][  0]LogAudioMixer: Display: Creating Master Submix 'MasterEQSubmixDefault'
[2021.04.14-21.08.22:684][  0]LogInit: FAudioDevice initialized.
[2021.04.14-21.08.22:685][  0]LogNetVersion: Set ProjectVersion to 1.0.0.0. Version Checksum will be recalculated on next use.
[2021.04.14-21.08.22:692][  0]LogDerivedDataCache: Error: Could not save memory cache C:/Users/aveng/AppData/Local/UnrealEngine/4.25/DerivedDataCache/Boot.ddc.
[2021.04.14-21.08.22:693][  0]LogInit: Texture streaming: Enabled
[2021.04.14-21.08.22:742][  0]LogSlate: Updating window title bar state: overlay mode, drag disabled, window buttons hidden, title bar hidden
[2021.04.14-21.08.22:743][  0]LogInit: Display: Game Engine Initialized.
[2021.04.14-21.08.22:743][  0]LogNiagaraEditor: Warning: GEditor isn't valid! Particle reset commands will not work for Niagara components!
[2021.04.14-21.08.22:769][  0]LogInit: Display: Starting Game.
[2021.04.14-21.08.22:769][  0]LogNet: Browse: /Game/Levels/MainMenu?Name=Player
[2021.04.14-21.08.22:770][  0]LogLoad: LoadMap: /Game/Levels/MainMenu?Name=Player
[2021.04.14-21.08.22:770][  0]LogWorld: BeginTearingDown for /Temp/Untitled_0
[2021.04.14-21.08.22:772][  0]LogWorld: UWorld::CleanupWorld for Untitled, bSessionEnded=true, bCleanupResources=true
[2021.04.14-21.08.22:772][  0]LogSlate: InvalidateAllWidgets triggered.  All widgets were invalidated
[2021.04.14-21.08.22:789][  0]LogUObjectHash: Compacting FUObjectHashTables data took   0.66ms
[2021.04.14-21.08.22:845][  0]LogAIModule: Creating AISystem for world MainMenu
[2021.04.14-21.08.22:845][  0]LogAISub: UAISubsystem::UAISubsystem EnvQueryManager (00000207CAF05000), frame # 0
[2021.04.14-21.08.22:846][  0]LogAISub: UAISubsystem::UAISubsystem AIPerceptionSystem (00000207CAEDBC40), frame # 0
[2021.04.14-21.08.22:853][  0]LogLoad: Game class is 'BP_GamesAssignmentTwoGameModeBse_C'
[2021.04.14-21.08.22:854][  0]LogWorld: Bringing World /Game/Levels/MainMenu.MainMenu up for play (max tick rate 0) at 2021.04.14-22.08.22
[2021.04.14-21.08.22:855][  0]LogWorld: Bringing up level for play took: 0.001288
[2021.04.14-21.08.22:856][  0]LogGameMode: FindPlayerStart: PATHS NOT DEFINED or NO PLAYERSTART with positive rating
[2021.04.14-21.08.22:858][  0]LogTemp: Warning: Destroy Character
[2021.04.14-21.08.22:859][  0]LogTemp: Warning: 0
[2021.04.14-21.08.22:859][  0]LogTemp: Warning: Load main menu widget from instance called
[2021.04.14-21.08.22:860][  0]LogTemp: Warning: Load main menu widget from instance MenuClass set
[2021.04.14-21.08.22:861][  0]LogTemp: Warning: TRUEEE
[2021.04.14-21.08.22:862][  0]LogLoad: Took 0.091595 seconds to LoadMap(/Game/Levels/MainMenu)
[2021.04.14-21.08.22:879][  0]LogSlate: Took 0.000176 seconds to synchronously load lazily loaded font '../../../Engine/Content/Slate/Fonts/Roboto-Regular.ttf' (155K)
[2021.04.14-21.08.22:896][  0]LogRenderer: Reallocating scene render targets to support 960x1020 Format 10 NumSamples 1 (Frame:1).
[2021.04.14-21.08.22:896][  0]LogLoad: (Engine Initialization) Total time: 4.73 seconds
[2021.04.14-21.08.22:897][  0]LogLoad: (Engine Initialization) Total Blueprint compile time: 0.00 seconds
[2021.04.14-21.08.22:914][  0]LogContentStreaming: Texture pool size now 1000 MB
[2021.04.14-21.08.22:918][  0]LogSlate: InvalidateAllWidgets triggered.  All widgets were invalidated
[2021.04.14-21.08.22:988][  1]LogSlate: Took 0.000153 seconds to synchronously load lazily loaded font '../../../Engine/Content/Slate/Fonts/Roboto-Regular.ttf' (155K)
[2021.04.14-21.08.30:402][498]LogSlate: WidgetSwitcher ('None') active index changed to 2
[2021.04.14-21.08.30:902][664]LogNet: Browse: 127.0.0.1/Game/Levels/MainMenu
[2021.04.14-21.08.30:902][664]LogInit: WinSock: Socket queue. Rx: 32768 (config 32768) Tx: 32768 (config 32768)
[2021.04.14-21.08.30:903][664]LogNet: Created socket for bind address: 0.0.0.0 on port 0
[2021.04.14-21.08.30:903][664]PacketHandlerLog: Loaded PacketHandler component: Engine.EngineHandlerComponentFactory (StatelessConnectHandlerComponent)
[2021.04.14-21.08.30:903][664]LogNet: Game client on port 7777, rate 10000
[2021.04.14-21.08.31:935][ 12]LogHandshake: SendChallengeResponse. Timestamp: 3.419538, Cookie: 179208069225205128180166005065032156167175229212255145012063
[2021.04.14-21.08.31:967][ 23]LogNetVersion: GamesAssignmentTwo 1.0.0.0, NetCL: 13144385, EngineNetVer: 14, GameNetVer: 0 (Checksum: 1872474305)
[2021.04.14-21.08.31:968][ 23]LogNet: UPendingNetGame::SendInitialJoin: Sending hello. [UNetConnection] RemoteAddr: 127.0.0.1:7777, Name: IpConnection_0, Driver: PendingNetDriver IpNetDriver_0, IsServer: NO, PC: NULL, Owner: NULL, UniqueId: INVALID
[2021.04.14-21.08.32:016][ 39]LogNet: Welcomed by server (Level: /Game/Levels/Lobby, Game: /Game/Blueprints/BP_ServerLobbyGameModeBase.BP_ServerLobbyGameModeBase_C)
[2021.04.14-21.08.32:016][ 39]LogLoad: LoadMap: 127.0.0.1/Game/Levels/Lobby?game=/Game/Blueprints/BP_ServerLobbyGameModeBase.BP_ServerLobbyGameModeBase_C
[2021.04.14-21.08.32:017][ 39]LogWorld: BeginTearingDown for /Game/Levels/MainMenu
[2021.04.14-21.08.32:024][ 39]LogWorld: UWorld::CleanupWorld for MainMenu, bSessionEnded=true, bCleanupResources=true
[2021.04.14-21.08.32:024][ 39]LogSlate: InvalidateAllWidgets triggered.  All widgets were invalidated
[2021.04.14-21.08.32:064][ 39]LogAudio: Display: Waited 39.386398 ms for audio thread.
[2021.04.14-21.08.32:084][ 39]LogAISub: UAISubsystem::~UAISubsystem EnvQueryManager (00000207CAF05000), frame # 2039
[2021.04.14-21.08.32:084][ 39]LogAISub: UAISubsystem::~UAISubsystem AIPerceptionSystem (00000207CAEDBC40), frame # 2039
[2021.04.14-21.08.32:086][ 39]LogUObjectHash: Compacting FUObjectHashTables data took   1.00ms
[2021.04.14-21.08.32:141][ 39]LogWorld: Bringing World /Game/Levels/Lobby.Lobby up for play (max tick rate 0) at 2021.04.14-22.08.32
[2021.04.14-21.08.32:141][ 39]LogWorld: Bringing up level for play took: 0.000899
[2021.04.14-21.08.32:142][ 39]LogLoad: Took 0.125283 seconds to LoadMap(/Game/Levels/Lobby)
[2021.04.14-21.08.32:142][ 39]LogNavigation: Warning: NavData RegistrationFailed_DataPendingKill.
[2021.04.14-21.08.32:638][214]LogOnlineSession: Warning: OSS: No game present to join for session (GameSession)
[2021.04.14-21.08.32:714][240]LogTemp: Warning: 0
[2021.04.14-21.08.32:715][240]LogTemp: Warning: 0
[2021.04.14-21.08.32:829][278]LogOnlineSession: Warning: OSS: No game present to join for session (GameSession)
[2021.04.14-21.08.42:156][273]LogWorld: SeamlessTravel to: /Game/Levels/Gamelevel
[2021.04.14-21.08.42:159][274]LogWorld: BeginTearingDown for /Game/Levels/Lobby
[2021.04.14-21.08.42:161][274]LogWorld: UWorld::CleanupWorld for Lobby, bSessionEnded=false, bCleanupResources=true
[2021.04.14-21.08.42:161][274]LogSlate: InvalidateAllWidgets triggered.  All widgets were invalidated
[2021.04.14-21.08.42:209][274]LogUObjectHash: Compacting FUObjectHashTables data took   0.73ms
[2021.04.14-21.08.42:209][274]LogStats:     SeamlessTravel FlushLevelStreaming  -  0.000 s
[2021.04.14-21.08.42:210][274]LogWorld: Bringing World /Temp/Untitled_1.Untitled up for play (max tick rate 0) at 2021.04.14-22.08.42
[2021.04.14-21.08.42:210][274]LogWorld: Bringing up level for play took: 0.000479
[2021.04.14-21.08.42:210][274]LogWorld: Sending NotifyLoadedWorld for LP: LocalPlayer_0 PC: BP_MainPlayerController_C_0
[2021.04.14-21.08.42:211][274]LogNet: Verbose: NotifyLoadedWorld Begin
[2021.04.14-21.08.42:211][274]LogNet: VeryVerbose: GetFunctionCallspace RemoteRole Remote ServerNotifyLoadedWorld
[2021.04.14-21.08.42:212][274]LogNetTraffic:       Sent RPC: BP_MainPlayerController_C /Temp/Untitled_1.Untitled:PersistentLevel.BP_MainPlayerController_C_0::ServerNotifyLoadedWorld [28.4 bytes]
[2021.04.14-21.08.42:212][274]LogNetTraffic: VeryVerbose: Sending: FOutBunch: Channel[2] ChSequence: 344 NumBits: 227 PacketId: 0 bOpen: 0 bClose: 0 bDormant: 0 bIsReplicationPaused: 0 bReliable: 1 bPartial: 0//0//0 bHasPackageMapExports: 0 
[2021.04.14-21.08.42:212][274]LogNetTraffic: Verbose: FNetPacketNotify::WriteHeader - Seq 9217, AckedSeq 4693 bReFresh 0 HistorySizeInWords 1
[2021.04.14-21.08.42:212][274]LogNetTraffic: Verbose: UNetConnection::SendRawBunch. ChIndex: 2. Bits: 227. PacketId: 9217
[2021.04.14-21.08.42:213][274]LogNet: Verbose: NotifyLoadedWorld End
[2021.04.14-21.08.42:213][274]LogWorld: StartLoadingDestination to: /Game/Levels/Gamelevel
[2021.04.14-21.08.42:287][277]LogWorld: BeginTearingDown for /Temp/Untitled_1
[2021.04.14-21.08.42:287][277]LogWorld: UWorld::CleanupWorld for Untitled, bSessionEnded=true, bCleanupResources=true
[2021.04.14-21.08.42:288][277]LogSlate: InvalidateAllWidgets triggered.  All widgets were invalidated
[2021.04.14-21.08.42:324][277]LogAudio: Display: Waited 35.289001 ms for audio thread.
[2021.04.14-21.08.42:338][277]LogUObjectHash: Compacting FUObjectHashTables data took   0.71ms
[2021.04.14-21.08.42:339][277]LogStats:     SeamlessTravel FlushLevelStreaming  -  0.000 s
[2021.04.14-21.08.42:341][277]LogWorld: Bringing World /Game/Levels/Gamelevel.GameLevel up for play (max tick rate 0) at 2021.04.14-22.08.42
[2021.04.14-21.08.42:341][277]LogWorld: Bringing up level for play took: 0.001896
[2021.04.14-21.08.42:341][277]LogWorld: Sending NotifyLoadedWorld for LP: LocalPlayer_0 PC: BP_MainPlayerController_C_0
[2021.04.14-21.08.42:341][277]LogNet: Verbose: NotifyLoadedWorld Begin
[2021.04.14-21.08.42:342][277]LogNet: VeryVerbose: GetFunctionCallspace RemoteRole Remote ServerNotifyLoadedWorld
[2021.04.14-21.08.42:343][277]LogNetTraffic:       Sent RPC: BP_MainPlayerController_C /Game/Levels/Gamelevel.GameLevel:PersistentLevel.BP_MainPlayerController_C_0::ServerNotifyLoadedWorld [36.4 bytes]
[2021.04.14-21.08.42:343][277]LogNetTraffic: VeryVerbose: Sending: FOutBunch: Channel[2] ChSequence: 345 NumBits: 291 PacketId: 0 bOpen: 0 bClose: 0 bDormant: 0 bIsReplicationPaused: 0 bReliable: 1 bPartial: 0//0//0 bHasPackageMapExports: 0 
[2021.04.14-21.08.42:344][277]LogNetTraffic: Verbose: FNetPacketNotify::WriteHeader - Seq 9219, AckedSeq 4695 bReFresh 0 HistorySizeInWords 1
[2021.04.14-21.08.42:344][277]LogNetTraffic: Verbose: UNetConnection::SendRawBunch. ChIndex: 2. Bits: 291. PacketId: 9219
[2021.04.14-21.08.42:344][277]LogNet: Verbose: NotifyLoadedWorld End
[2021.04.14-21.08.42:344][277]LogWorld: ----SeamlessTravel finished in 0.19 seconds ------
[2021.04.14-21.08.42:345][277]LogOnlineSession: Warning: OSS: No game present to leave for session (GameSession)
[2021.04.14-21.08.42:346][277]LogNavigation: Warning: NavData RegistrationFailed_DataPendingKill.
[2021.04.14-21.08.42:361][279]LogOnlineSession: Warning: OSS: No game present to leave for session (GameSession)
[2021.04.14-21.08.42:959][466]LogTemp: Warning: 4
[2021.04.14-21.08.42:960][466]LogTemp: Warning: 4
[2021.04.14-21.08.43:141][528]LogOnlineSession: Warning: OSS: No game present to join for session (GameSession)
[2021.04.14-21.08.43:282][580]LogOnlineSession: Warning: OSS: No game present to join for session (GameSession)
[2021.04.14-21.08.58:364][810]LogWindowsDesktop: Alt-F4 pressed!
[2021.04.14-21.08.58:372][810]LogSlate: Window 'GamesAssignmentTwo (64-bit Development PCD3D_SM5) ' being destroyed
[2021.04.14-21.08.58:373][810]LogWindowsTextInputMethodSystem: Display: IME system now deactivated.
[2021.04.14-21.08.58:379][810]LogSlate: Updating window title bar state: overlay mode, drag disabled, window buttons hidden, title bar hidden
[2021.04.14-21.08.58:379][810]LogEngine: All Windows Closed
[2021.04.14-21.08.58:380][810]LogWindows: FPlatformMisc::RequestExit(0)
[2021.04.14-21.08.58:381][810]LogCore: Engine exit requested (reason: Win RequestExit)
[2021.04.14-21.08.58:381][811]LogCore: Engine exit requested (reason: EngineExit() was called; note: exit was already requested)
[2021.04.14-21.08.58:383][811]LogAudio: Display: Shutting down audio device while 2 references to it are still alive. For more information, compile with INSTRUMENT_AUDIODEVICE_HANDLES.
[2021.04.14-21.08.58:425][811]LogInit: Display: PreExit Game.
[2021.04.14-21.08.58:461][811]LogWorld: BeginTearingDown for /Game/Levels/Gamelevel
[2021.04.14-21.08.58:461][811]LogNet: World NetDriver shutdown IpNetDriver_0 [GameNetDriver]
[2021.04.14-21.08.58:462][811]LogNet: DestroyNamedNetDriver IpNetDriver_0 [GameNetDriver]
[2021.04.14-21.08.58:462][811]LogNet: UNetConnection::Close: [UNetConnection] RemoteAddr: 127.0.0.1:7777, Name: IpConnection_0, Driver: GameNetDriver IpNetDriver_0, IsServer: NO, PC: BP_MainPlayerController_C_1, Owner: BP_MainPlayerController_C_1, UniqueId: NULL:Programming-PC-D0341E334C54CC838B9E48A0A333E488, Channels: 26, Time: 2021.04.14-21.08.58
[2021.04.14-21.08.58:463][811]LogNet: UChannel::Close: Sending CloseBunch. ChIndex == 0. Name: [UChannel] ChIndex: 0, Closing: 0 [UNetConnection] RemoteAddr: 127.0.0.1:7777, Name: IpConnection_0, Driver: GameNetDriver IpNetDriver_0, IsServer: NO, PC: BP_MainPlayerController_C_1, Owner: BP_MainPlayerController_C_1, UniqueId: NULL:Programming-PC-D0341E334C54CC838B9E48A0A333E488
[2021.04.14-21.08.58:464][811]LogExit: GameNetDriver IpNetDriver_0 shut down
[2021.04.14-21.08.58:464][811]LogWorld: UWorld::CleanupWorld for GameLevel, bSessionEnded=true, bCleanupResources=true
[2021.04.14-21.08.58:465][811]LogSlate: InvalidateAllWidgets triggered.  All widgets were invalidated
[2021.04.14-21.08.58:552][811]LogExit: Preparing to exit.
[2021.04.14-21.08.58:552][811]LogMoviePlayer: Shutting down movie player
[2021.04.14-21.08.58:563][811]LogSlate: Updating window title bar state: overlay mode, drag disabled, window buttons hidden, title bar hidden
[2021.04.14-21.08.58:567][811]LogDemo: Cleaned up 0 splitscreen connections with owner deletion
[2021.04.14-21.08.58:569][811]LogExit: Game engine shut down
[2021.04.14-21.08.58:579][811]LogAISub: UAISubsystem::~UAISubsystem AISubsystem (00000207C3EF58C0), frame # 10811
[2021.04.14-21.08.58:579][811]LogAISub: UAISubsystem::~UAISubsystem AIPerceptionSystem (00000207C3E2D6C0), frame # 10811
[2021.04.14-21.08.58:580][811]LogAISub: UAISubsystem::~UAISubsystem EnvQueryManager (00000207C3E27C00), frame # 10811
[2021.04.14-21.08.58:612][811]LogExit: Object subsystem successfully closed.
[2021.04.14-21.08.58:635][811]LogShaderCompilers: Display: Shaders left to compile 0
[2021.04.14-21.08.58:641][811]LogModuleManager: Shutting down and abandoning module SequenceRecorderSections (504)
[2021.04.14-21.08.58:641][811]LogModuleManager: Shutting down and abandoning module SequenceRecorder (502)
[2021.04.14-21.08.58:642][811]LogModuleManager: Shutting down and abandoning module AutomationController (500)
[2021.04.14-21.08.58:642][811]LogModuleManager: Shutting down and abandoning module AutomationWorker (498)
[2021.04.14-21.08.58:642][811]LogModuleManager: Shutting down and abandoning module Voice (496)
[2021.04.14-21.08.58:643][811]LogModuleManager: Shutting down and abandoning module AIModule (494)
[2021.04.14-21.08.58:643][811]LogModuleManager: Shutting down and abandoning module GameplayDebugger (493)
[2021.04.14-21.08.58:643][811]LogModuleManager: Shutting down and abandoning module AITestSuite (491)
[2021.04.14-21.08.58:644][811]LogModuleManager: Shutting down and abandoning module NavigationSystem (489)
[2021.04.14-21.08.58:644][811]LogModuleManager: Shutting down and abandoning module OculusMR (486)
[2021.04.14-21.08.58:644][811]LogModuleManager: Shutting down and abandoning module WmfMediaFactory (484)
[2021.04.14-21.08.58:645][811]LogModuleManager: Shutting down and abandoning module WebMMediaFactory (482)
[2021.04.14-21.08.58:646][811]LogModuleManager: Shutting down and abandoning module WebMMedia (480)
[2021.04.14-21.08.58:646][811]LogModuleManager: Shutting down and abandoning module OpenExrWrapper (478)
[2021.04.14-21.08.58:646][811]LogModuleManager: Shutting down and abandoning module ImgMediaFactory (476)
[2021.04.14-21.08.58:647][811]LogModuleManager: Shutting down and abandoning module AvfMediaFactory (474)
[2021.04.14-21.08.58:647][811]LogModuleManager: Shutting down and abandoning module MagicLeapMediaCodecFactory (472)
[2021.04.14-21.08.58:647][811]LogModuleManager: Shutting down and abandoning module MagicLeapMediaFactory (470)
[2021.04.14-21.08.58:648][811]LogModuleManager: Shutting down and abandoning module PlanarCut (468)
[2021.04.14-21.08.58:648][811]LogModuleManager: Shutting down and abandoning module CharacterAI (466)
[2021.04.14-21.08.58:648][811]LogModuleManager: Shutting down and abandoning module SessionServices (464)
[2021.04.14-21.08.58:649][811]LogModuleManager: Shutting down and abandoning module MovieSceneCapture (462)
[2021.04.14-21.08.58:649][811]LogModuleManager: Shutting down and abandoning module LiveCoding (460)
[2021.04.14-21.08.58:650][811]LogModuleManager: Shutting down and abandoning module LevelSequence (458)
[2021.04.14-21.08.58:650][811]LogModuleManager: Shutting down and abandoning module MovieSceneTracks (456)
[2021.04.14-21.08.58:650][811]LogModuleManager: Shutting down and abandoning module MovieScene (454)
[2021.04.14-21.08.58:651][811]LogModuleManager: Shutting down and abandoning module StreamingPauseRendering (452)
[2021.04.14-21.08.58:651][811]LogModuleManager: Shutting down and abandoning module PortalServices (450)
[2021.04.14-21.08.58:651][811]LogModuleManager: Shutting down and abandoning module PortalRpc (448)
[2021.04.14-21.08.58:652][811]LogModuleManager: Shutting down and abandoning module MessagingRpc (446)
[2021.04.14-21.08.58:652][811]LogModuleManager: Shutting down and abandoning module AudioMixerXAudio2 (444)
[2021.04.14-21.08.58:652][811]LogModuleManager: Shutting down and abandoning module AudioMixerCore (443)
[2021.04.14-21.08.58:653][811]LogModuleManager: Shutting down and abandoning module ProfilerService (440)
[2021.04.14-21.08.58:817][811]LogModuleManager: Shutting down and abandoning module TaskGraph (438)
[2021.04.14-21.08.58:817][811]LogModuleManager: Shutting down and abandoning module Synthesis (436)
[2021.04.14-21.08.58:818][811]LogModuleManager: Shutting down and abandoning module ProceduralMeshComponent (434)
[2021.04.14-21.08.58:819][811]LogModuleManager: Shutting down and abandoning module OculusInput (432)
[2021.04.14-21.08.58:819][811]LogModuleManager: Shutting down and abandoning module MobilePatchingUtils (430)
[2021.04.14-21.08.58:819][811]LogModuleManager: Shutting down and abandoning module GooglePAD (428)
[2021.04.14-21.08.58:820][811]LogModuleManager: Shutting down and abandoning module EditableMesh (426)
[2021.04.14-21.08.58:820][811]LogModuleManager: Shutting down and abandoning module CustomMeshComponent (424)
[2021.04.14-21.08.58:821][811]LogModuleManager: Shutting down and abandoning module CableComponent (422)
[2021.04.14-21.08.58:821][811]LogModuleManager: Shutting down and abandoning module AudioCapture (420)
[2021.04.14-21.08.58:822][811]LogModuleManager: Shutting down and abandoning module AudioCaptureRtAudio (419)
[2021.04.14-21.08.58:822][811]LogModuleManager: Shutting down and abandoning module AssetTags (416)
[2021.04.14-21.08.58:822][811]LogModuleManager: Shutting down and abandoning module ArchVisCharacter (414)
[2021.04.14-21.08.58:823][811]LogModuleManager: Shutting down and abandoning module AppleImageUtilsBlueprintSupport (412)
[2021.04.14-21.08.58:823][811]LogModuleManager: Shutting down and abandoning module AppleImageUtils (410)
[2021.04.14-21.08.58:823][811]LogModuleManager: Shutting down and abandoning module AndroidPermission (408)
[2021.04.14-21.08.58:824][811]LogModuleManager: Shutting down and abandoning module NUTUnrealEngine4 (406)
[2021.04.14-21.08.58:824][811]LogModuleManager: Shutting down and abandoning module NetcodeUnitTest (404)
[2021.04.14-21.08.58:824][811]LogModuleManager: Shutting down and abandoning module TemplateSequence (402)
[2021.04.14-21.08.58:825][811]LogModuleManager: Shutting down and abandoning module MovieRenderPipelineRenderPasses (400)
[2021.04.14-21.08.58:825][811]LogModuleManager: Shutting down and abandoning module MovieRenderPipelineSettings (398)
[2021.04.14-21.08.58:825][811]LogModuleManager: Shutting down and abandoning module MovieRenderPipelineCore (396)
[2021.04.14-21.08.58:826][811]LogModuleManager: Shutting down and abandoning module ImageWriteQueue (395)
[2021.04.14-21.08.58:831][811]LogModuleManager: Shutting down and abandoning module MediaCompositing (392)
[2021.04.14-21.08.58:831][811]LogModuleManager: Shutting down and abandoning module ImgMedia (390)
[2021.04.14-21.08.58:831][811]LogModuleManager: Shutting down and abandoning module MagicLeapSharedWorld (388)
[2021.04.14-21.08.58:831][811]LogModuleManager: Shutting down and abandoning module MagicLeapLightEstimation (386)
[2021.04.14-21.08.58:832][811]LogModuleManager: Shutting down and abandoning module MagicLeapHelperVulkan (384)
[2021.04.14-21.08.58:832][811]LogModuleManager: Shutting down and abandoning module MagicLeapHelperOpenGL (382)
[2021.04.14-21.08.58:832][811]LogModuleManager: Shutting down and abandoning module MagicLeapAudio (380)
[2021.04.14-21.08.58:833][811]LogModuleManager: Shutting down and abandoning module MeshSolverUtilities (378)
[2021.04.14-21.08.58:833][811]LogModuleManager: Shutting down and abandoning module MeshConversion (376)
[2021.04.14-21.08.58:833][811]LogModuleManager: Shutting down and abandoning module DynamicMesh (374)
[2021.04.14-21.08.58:834][811]LogModuleManager: Shutting down and abandoning module GeometryAlgorithms (372)
[2021.04.14-21.08.58:835][811]LogModuleManager: Shutting down and abandoning module GeometricObjects (370)
[2021.04.14-21.08.58:835][811]LogModuleManager: Shutting down and abandoning module GeometryCollectionTracks (368)
[2021.04.14-21.08.58:835][811]LogModuleManager: Shutting down and abandoning module GeometryCollectionSequencer (367)
[2021.04.14-21.08.58:835][811]LogModuleManager: Shutting down and abandoning module GeometryCacheTracks (364)
[2021.04.14-21.08.58:836][811]LogModuleManager: Shutting down and abandoning module GeometryCacheSequencer (363)
[2021.04.14-21.08.58:836][811]LogModuleManager: Shutting down and abandoning module GeometryCache (360)
[2021.04.14-21.08.58:837][811]LogModuleManager: Shutting down and abandoning module GeometryCacheEd (359)
[2021.04.14-21.08.58:838][811]LogModuleManager: Shutting down and abandoning module ChaosNiagara (356)
[2021.04.14-21.08.58:839][811]LogModuleManager: Shutting down and abandoning module ChaosCloth (354)
[2021.04.14-21.08.58:839][811]LogModuleManager: Shutting down and abandoning module BackChannel (352)
[2021.04.14-21.08.58:839][811]LogModuleManager: Shutting down and abandoning module AutomationUtils (350)
[2021.04.14-21.08.58:840][811]LogModuleManager: Shutting down and abandoning module VisualStudioSourceCodeAccess (348)
[2021.04.14-21.08.58:840][811]LogModuleManager: Shutting down and abandoning module HotReload (347)
[2021.04.14-21.08.58:841][811]LogModuleManager: Shutting down and abandoning module VisualStudioCodeSourceCodeAccess (344)
[2021.04.14-21.08.58:841][811]LogModuleManager: Shutting down and abandoning module UObjectPlugin (342)
[2021.04.14-21.08.58:841][811]LogModuleManager: Shutting down and abandoning module SubversionSourceControl (340)
[2021.04.14-21.08.58:841][811]LogModuleManager: Shutting down and abandoning module RiderSourceCodeAccess (338)
[2021.04.14-21.08.58:842][811]LogModuleManager: Shutting down and abandoning module PerforceSourceControl (336)
[2021.04.14-21.08.58:842][811]LogModuleManager: Shutting down and abandoning module SourceControl (335)
[2021.04.14-21.08.58:842][811]LogModuleManager: Shutting down and abandoning module CLionSourceCodeAccess (332)
[2021.04.14-21.08.58:842][811]LogModuleManager: Shutting down and abandoning module ActorLayerUtilities (330)
[2021.04.14-21.08.58:843][811]LogModuleManager: Shutting down and abandoning module GamesAssignmentTwo (328)
[2021.04.14-21.08.58:843][811]LogModuleManager: Shutting down and abandoning module SoundFields (326)
[2021.04.14-21.08.58:843][811]LogModuleManager: Shutting down and abandoning module SignificanceManager (324)
[2021.04.14-21.08.58:844][811]LogModuleManager: Shutting down and abandoning module RuntimePhysXCooking (322)
[2021.04.14-21.08.58:844][811]LogModuleManager: Shutting down and abandoning module PhysXVehiclesEditor (320)
[2021.04.14-21.08.58:844][811]LogModuleManager: Shutting down and abandoning module LocationServicesBPLibrary (316)
[2021.04.14-21.08.58:845][811]LogModuleManager: Shutting down and abandoning module ActorSequence (314)
[2021.04.14-21.08.58:845][811]LogModuleManager: Shutting down and abandoning module UdpMessaging (312)
[2021.04.14-21.08.58:845][811]LogModuleManager: Shutting down and abandoning module TcpMessaging (310)
[2021.04.14-21.08.58:846][811]LogModuleManager: Shutting down and abandoning module MagicLeapARPin (308)
[2021.04.14-21.08.58:847][811]LogModuleManager: Shutting down and abandoning module MagicLeapHandMeshing (306)
[2021.04.14-21.08.58:849][811]LogModuleManager: Shutting down and abandoning module MagicLeapSecureStorage (304)
[2021.04.14-21.08.58:850][811]LogModuleManager: Shutting down and abandoning module MagicLeapPrivileges (302)
[2021.04.14-21.08.58:850][811]LogModuleManager: Shutting down and abandoning module MagicLeapPlanes (300)
[2021.04.14-21.08.58:850][811]LogMagicLeapPlanes: Planes tracker already destroyed.
[2021.04.14-21.08.58:851][811]LogModuleManager: Shutting down and abandoning module MagicLeapImageTracker (298)
[2021.04.14-21.08.58:851][811]LogModuleManager: Shutting down and abandoning module MagicLeapIdentity (296)
[2021.04.14-21.08.58:851][811]LogModuleManager: Shutting down and abandoning module MagicLeapHandTracking (294)
[2021.04.14-21.08.58:852][811]LogModuleManager: Shutting down and abandoning module MagicLeapEyeTracker (292)
[2021.04.14-21.08.58:852][811]LogModuleManager: Shutting down and abandoning module MagicLeapController (290)
[2021.04.14-21.08.58:852][811]LogSlate: Slate User Destroyed.  User Index 0, Is Virtual User: 0
[2021.04.14-21.08.58:852][811]LogModuleManager: Shutting down and abandoning module MagicLeapARPinImpl (288)
[2021.04.14-21.08.58:853][811]LogModuleManager: Shutting down and abandoning module MagicLeapAR (286)
[2021.04.14-21.08.58:853][811]LogModuleManager: Shutting down and abandoning module AugmentedReality (285)
[2021.04.14-21.08.58:853][811]LogModuleManager: Shutting down and abandoning module NiagaraAnimNotifies (282)
[2021.04.14-21.08.58:854][811]LogModuleManager: Shutting down and abandoning module Niagara (280)
[2021.04.14-21.08.58:854][811]LogModuleManager: Shutting down and abandoning module SignalProcessing (279)
[2021.04.14-21.08.58:854][811]LogModuleManager: Shutting down and abandoning module NiagaraEditor (277)
[2021.04.14-21.08.58:855][811]LogModuleManager: Shutting down and abandoning module NiagaraCore (274)
[2021.04.14-21.08.58:855][811]LogModuleManager: Shutting down and abandoning module GameplayTagsEditor (272)
[2021.04.14-21.08.58:855][811]LogModuleManager: Shutting down and abandoning module FacialAnimation (270)
[2021.04.14-21.08.58:856][811]LogModuleManager: Shutting down and abandoning module AssetManagerEditor (268)
[2021.04.14-21.08.58:856][811]LogModuleManager: Shutting down and abandoning module TreeMap (267)
[2021.04.14-21.08.58:856][811]LogModuleManager: Shutting down and abandoning module AnimationSharing (264)
[2021.04.14-21.08.58:857][811]LogModuleManager: Shutting down and abandoning module LightPropagationVolumeRuntime (262)
[2021.04.14-21.08.58:859][811]LogModuleManager: Shutting down and abandoning module Paper2D (260)
[2021.04.14-21.08.58:859][811]LogModuleManager: Shutting down and abandoning module WindowsMoviePlayer (258)
[2021.04.14-21.08.58:859][811]LogModuleManager: Shutting down and abandoning module WebMMoviePlayer (256)
[2021.04.14-21.08.58:860][811]LogModuleManager: Shutting down and abandoning module NetworkReplayStreaming (254)
[2021.04.14-21.08.58:860][811]LogModuleManager: Shutting down and abandoning module PacketHandler (252)
[2021.04.14-21.08.58:860][811]LogModuleManager: Shutting down and abandoning module ClothingSystemEditor (250)
[2021.04.14-21.08.58:861][811]LogModuleManager: Shutting down and abandoning module ClothingSystemRuntimeNv (248)
[2021.04.14-21.08.58:861][811]LogModuleManager: Shutting down and abandoning module MediaAssets (246)
[2021.04.14-21.08.58:861][811]LogModuleManager: Shutting down and abandoning module Overlay (244)
[2021.04.14-21.08.58:862][811]LogModuleManager: Shutting down and abandoning module OverlayEditor (243)
[2021.04.14-21.08.58:862][811]LogModuleManager: Shutting down and abandoning module VREditor (240)
[2021.04.14-21.08.58:862][811]LogModuleManager: Shutting down and abandoning module StringTableEditor (238)
[2021.04.14-21.08.58:863][811]LogModuleManager: Shutting down and abandoning module GameplayTasksEditor (236)
[2021.04.14-21.08.58:863][811]LogModuleManager: Shutting down and abandoning module BehaviorTreeEditor (234)
[2021.04.14-21.08.58:863][811]LogModuleManager: Shutting down and abandoning module FunctionalTesting (232)
[2021.04.14-21.08.58:864][811]LogModuleManager: Shutting down and abandoning module CollisionAnalyzer (230)
[2021.04.14-21.08.58:864][811]LogModuleManager: Shutting down and abandoning module UMG (228)
[2021.04.14-21.08.58:865][811]LogModuleManager: Shutting down and abandoning module UMGEditor (227)
[2021.04.14-21.08.58:865][811]LogModuleManager: Shutting down and abandoning module Sequencer (226)
[2021.04.14-21.08.58:865][811]LogModuleManager: Shutting down and abandoning module MessageLog (223)
[2021.04.14-21.08.58:866][811]LogModuleManager: Shutting down and abandoning module MaterialEditor (221)
[2021.04.14-21.08.58:866][811]LogModuleManager: Shutting down and abandoning module ContentBrowser (220)
[2021.04.14-21.08.58:866][811]LogModuleManager: Shutting down and abandoning module WorkspaceMenuStructure (219)
[2021.04.14-21.08.58:867][811]LogModuleManager: Shutting down and abandoning module CollectionManager (217)
[2021.04.14-21.08.58:869][811]LogModuleManager: Shutting down and abandoning module DirectoryWatcher (216)
[2021.04.14-21.08.58:869][811]LogModuleManager: Shutting down and abandoning module SlateReflector (208)
[2021.04.14-21.08.58:870][811]LogModuleManager: Shutting down and abandoning module Slate (206)
[2021.04.14-21.08.58:870][811]LogModuleManager: Shutting down and abandoning module SlateCore (204)
[2021.04.14-21.08.58:870][811]LogModuleManager: Shutting down and abandoning module LandscapeEditorUtilities (202)
[2021.04.14-21.08.58:871][811]LogModuleManager: Shutting down and abandoning module EditorStyle (200)
[2021.04.14-21.08.58:872][811]LogModuleManager: Shutting down and abandoning module UnrealEd (198)
[2021.04.14-21.08.58:872][811]LogModuleManager: Shutting down and abandoning module MRMesh (196)
[2021.04.14-21.08.58:872][811]LogModuleManager: Shutting down and abandoning module Messaging (194)
[2021.04.14-21.08.58:872][811]LogModuleManager: Shutting down and abandoning module SourceCodeAccess (192)
[2021.04.14-21.08.58:873][811]LogModuleManager: Shutting down and abandoning module HeadMountedDisplay (190)
[2021.04.14-21.08.58:873][811]LogModuleManager: Shutting down and abandoning module XAudio2 (188)
[2021.04.14-21.08.58:873][811]LogModuleManager: Shutting down and abandoning module Networking (186)
[2021.04.14-21.08.58:874][811]LogModuleManager: Shutting down and abandoning module Core (184)
[2021.04.14-21.08.58:874][811]LogModuleManager: Shutting down and abandoning module MovieSceneTools (182)
[2021.04.14-21.08.58:875][811]LogModuleManager: Shutting down and abandoning module KismetCompiler (180)
[2021.04.14-21.08.58:875][811]LogModuleManager: Shutting down and abandoning module MeshBuilder (178)
[2021.04.14-21.08.58:875][811]LogModuleManager: Shutting down and abandoning module MeshUtilities (176)
[2021.04.14-21.08.58:876][811]LogModuleManager: Shutting down and abandoning module MeshMergeUtilities (175)
[2021.04.14-21.08.58:876][811]LogModuleManager: Shutting down and abandoning module MeshReductionInterface (174)
[2021.04.14-21.08.58:877][811]LogModuleManager: Shutting down and abandoning module MeshBoneReduction (173)
[2021.04.14-21.08.58:878][811]LogModuleManager: Shutting down and abandoning module SkeletalMeshReduction (171)
[2021.04.14-21.08.58:878][811]LogModuleManager: Shutting down and abandoning module ProxyLODMeshReduction (169)
[2021.04.14-21.08.58:879][811]LogModuleManager: Shutting down and abandoning module QuadricMeshReduction (167)
[2021.04.14-21.08.58:879][811]LogModuleManager: Shutting down and abandoning module MaterialBaking (163)
[2021.04.14-21.08.58:880][811]LogModuleManager: Shutting down and abandoning module NullInstallBundleManager (158)
[2021.04.14-21.08.58:880][811]LogModuleManager: Shutting down and abandoning module PIEPreviewDeviceProfileSelector (156)
[2021.04.14-21.08.58:880][811]LogModuleManager: Shutting down and abandoning module DerivedDataCache (154)
[2021.04.14-21.08.58:880][811]LogModuleManager: Shutting down and abandoning module XGEController (152)
[2021.04.14-21.08.58:881][811]LogModuleManager: Shutting down and abandoning module TargetPlatform (150)
[2021.04.14-21.08.58:881][811]LogModuleManager: Shutting down and abandoning module VulkanShaderFormat (149)
[2021.04.14-21.08.58:881][811]LogModuleManager: Shutting down and abandoning module ShaderFormatVectorVM (147)
[2021.04.14-21.08.58:882][811]LogModuleManager: Shutting down and abandoning module ShaderFormatOpenGL (145)
[2021.04.14-21.08.58:882][811]LogModuleManager: Shutting down and abandoning module ShaderFormatD3D (143)
[2021.04.14-21.08.58:882][811]LogModuleManager: Shutting down and abandoning module MetalShaderFormat (141)
[2021.04.14-21.08.58:883][811]LogModuleManager: Shutting down and abandoning module TextureFormatUncompressed (139)
[2021.04.14-21.08.58:883][811]LogModuleManager: Shutting down and abandoning module TextureFormatPVR (137)
[2021.04.14-21.08.58:883][811]LogModuleManager: Shutting down and abandoning module TextureFormatDXT (135)
[2021.04.14-21.08.58:884][811]LogModuleManager: Shutting down and abandoning module TextureFormatIntelISPCTexComp (133)
[2021.04.14-21.08.58:884][811]LogModuleManager: Shutting down and abandoning module TextureFormatASTC (131)
[2021.04.14-21.08.58:885][811]LogModuleManager: Shutting down and abandoning module ImageWrapper (130)
[2021.04.14-21.08.58:885][811]LogModuleManager: Shutting down and abandoning module TextureFormatAndroid (127)
[2021.04.14-21.08.58:885][811]LogModuleManager: Shutting down and abandoning module AudioFormatOpus (125)
[2021.04.14-21.08.58:886][811]LogModuleManager: Shutting down and abandoning module AudioFormatOgg (123)
[2021.04.14-21.08.58:888][811]LogModuleManager: Shutting down and abandoning module AudioFormatADPCM (121)
[2021.04.14-21.08.58:888][811]LogModuleManager: Shutting down and abandoning module WindowsServerTargetPlatform (119)
[2021.04.14-21.08.58:888][811]LogModuleManager: Shutting down and abandoning module WindowsClientTargetPlatform (117)
[2021.04.14-21.08.58:889][811]LogModuleManager: Shutting down and abandoning module WindowsTargetPlatform (115)
[2021.04.14-21.08.58:889][811]LogModuleManager: Shutting down and abandoning module WindowsNoEditorTargetPlatform (113)
[2021.04.14-21.08.58:889][811]LogModuleManager: Shutting down and abandoning module InputCore (110)
[2021.04.14-21.08.58:890][811]LogModuleManager: Shutting down and abandoning module Settings (108)
[2021.04.14-21.08.58:890][811]LogModuleManager: Shutting down and abandoning module PhysXCooking (106)
[2021.04.14-21.08.58:890][811]LogModuleManager: Shutting down and abandoning module ChaosSolvers (104)
[2021.04.14-21.08.58:891][811]LogModuleManager: Shutting down and abandoning module FieldSystemEngine (103)
[2021.04.14-21.08.58:891][811]LogModuleManager: Shutting down and abandoning module Chaos (100)
[2021.04.14-21.08.58:891][811]LogModuleManager: Shutting down and abandoning module WindowsPlatformFeatures (98)
[2021.04.14-21.08.58:892][811]LogModuleManager: Shutting down and abandoning module GameplayMediaEncoder (97)
[2021.04.14-21.08.58:892][811]LogModuleManager: Shutting down and abandoning module AVEncoder (96)
[2021.04.14-21.08.58:892][811]LogModuleManager: Shutting down and abandoning module SteamVRInputDevice (92)
[2021.04.14-21.08.58:893][811]LogModuleManager: Shutting down and abandoning module SteamVRInput (90)
[2021.04.14-21.08.58:893][811]LogModuleManager: Shutting down and abandoning module SteamVR (88)
[2021.04.14-21.08.58:893][811]LogHMD: Freeing OpenVRDLLHandle.
[2021.04.14-21.08.58:894][811]LogModuleManager: Shutting down and abandoning module OculusHMD (86)
[2021.04.14-21.08.58:894][811]LogModuleManager: Shutting down and abandoning module ExampleDeviceProfileSelector (84)
[2021.04.14-21.08.58:895][811]LogModuleManager: Shutting down and abandoning module LauncherChunkInstaller (82)
[2021.04.14-21.08.58:895][811]LogModuleManager: Shutting down and abandoning module OnlineBlueprintSupport (80)
[2021.04.14-21.08.58:895][811]LogModuleManager: Shutting down and abandoning module OnlineSubsystem (76)
[2021.04.14-21.08.58:897][811]LogModuleManager: Shutting down and abandoning module XMPP (71)
[2021.04.14-21.08.58:897][811]LogModuleManager: Shutting down and abandoning module WebSockets (70)
[2021.04.14-21.08.58:930][811]LogModuleManager: Shutting down and abandoning module HTTP (67)
[2021.04.14-21.08.58:940][811]LogModuleManager: Shutting down and abandoning module SSL (66)
[2021.04.14-21.08.58:941][811]LogModuleManager: Shutting down and abandoning module WmfMedia (62)
[2021.04.14-21.08.58:942][811]LogModuleManager: Shutting down and abandoning module Media (61)
[2021.04.14-21.08.58:942][811]LogModuleManager: Shutting down and abandoning module MagicLeap (58)
[2021.04.14-21.08.58:942][811]LogModuleManager: Shutting down and abandoning module NiagaraVertexFactories (56)
[2021.04.14-21.08.58:942][811]LogModuleManager: Shutting down and abandoning module NiagaraShader (54)
[2021.04.14-21.08.58:944][811]LogModuleManager: Shutting down and abandoning module VariantManagerContent (52)
[2021.04.14-21.08.58:944][811]LogModuleManager: Shutting down and abandoning module DatasmithContent (50)
[2021.04.14-21.08.58:945][811]LogModuleManager: Shutting down and abandoning module AISupportModule (48)
[2021.04.14-21.08.58:945][811]LogModuleManager: Shutting down and abandoning module DesktopPlatform (46)
[2021.04.14-21.08.58:945][811]LogModuleManager: Shutting down and abandoning module PlatformCryptoOpenSSL (44)
[2021.04.14-21.08.58:946][811]LogModuleManager: Shutting down and abandoning module PlatformCryptoTypes (42)
[2021.04.14-21.08.58:946][811]LogModuleManager: Shutting down and abandoning module PlatformCrypto (40)
[2021.04.14-21.08.58:946][811]LogModuleManager: Shutting down and abandoning module AnimationModifiers (38)
[2021.04.14-21.08.58:947][811]LogModuleManager: Shutting down and abandoning module PropertyEditor (37)
[2021.04.14-21.08.58:947][811]LogModuleManager: Shutting down and abandoning module AudioEditor (34)
[2021.04.14-21.08.58:948][811]LogModuleManager: Shutting down and abandoning module TextureCompressor (32)
[2021.04.14-21.08.58:949][811]LogModuleManager: Shutting down and abandoning module RenderCore (30)
[2021.04.14-21.08.58:949][811]LogModuleManager: Shutting down and abandoning module Landscape (28)
[2021.04.14-21.08.58:950][811]LogModuleManager: Shutting down and abandoning module SlateRHIRenderer (26)
[2021.04.14-21.08.58:950][811]LogModuleManager: Shutting down and abandoning module OpenGLDrv (24)
[2021.04.14-21.08.58:950][811]LogModuleManager: Shutting down and abandoning module D3D11RHI (22)
[2021.04.14-21.08.58:951][811]LogModuleManager: Shutting down and abandoning module AnimGraphRuntime (20)
[2021.04.14-21.08.58:951][811]LogModuleManager: Shutting down and abandoning module Renderer (18)
[2021.04.14-21.08.58:951][811]LogModuleManager: Shutting down and abandoning module Engine (16)
[2021.04.14-21.08.58:951][811]LogModuleManager: Shutting down and abandoning module CoreUObject (14)
[2021.04.14-21.08.58:952][811]LogModuleManager: Shutting down and abandoning module NetworkFile (12)
[2021.04.14-21.08.58:952][811]LogModuleManager: Shutting down and abandoning module CookedIterativeFile (10)
[2021.04.14-21.08.58:952][811]LogModuleManager: Shutting down and abandoning module StreamingFile (8)
[2021.04.14-21.08.58:953][811]LogModuleManager: Shutting down and abandoning module SandboxFile (6)
[2021.04.14-21.08.58:953][811]LogModuleManager: Shutting down and abandoning module PakFile (4)
[2021.04.14-21.08.58:953][811]LogModuleManager: Shutting down and abandoning module RSA (3)
[2021.04.14-21.08.59:155][811]LogContentStreaming: Display: There are 1 unreleased StreamingManagers
[2021.04.14-21.08.59:156][811]LogD3D11RHI: Shutdown
[2021.04.14-21.08.59:159][811]LogD3D11RHI: CleanupD3DDevice
[2021.04.14-21.08.59:176][811]LogExit: Exiting.
[2021.04.14-21.08.59:196][811]Log file closed, 04/14/21 22:08:59
