Log file open, 04/14/21 22:08:18
LogInit: Display: Running engine for game: GamesAssignmentTwo
LogPlatformFile: Not using cached read wrapper
LogTaskGraph: Started task graph with 5 named threads and 71 total threads with 3 sets of task threads.
LogStats: Stats thread started at 0.215679
LogD3D11RHI: Loaded GFSDK_Aftermath_Lib.x64.dll
LogICUInternationalization: ICU TimeZone Detection - Raw Offset: +0:00, Platform Override: ''
LogPluginManager: Mounting plugin Paper2D
LogPluginManager: Mounting plugin AISupport
LogPluginManager: Mounting plugin LightPropagationVolume
LogPluginManager: Mounting plugin CameraShakePreviewer
LogPluginManager: Mounting plugin ActorLayerUtilities
LogPluginManager: Mounting plugin AnimationSharing
LogPluginManager: Mounting plugin CLionSourceCodeAccess
LogPluginManager: Mounting plugin CodeLiteSourceCodeAccess
LogPluginManager: Mounting plugin GitSourceControl
LogPluginManager: Mounting plugin KDevelopSourceCodeAccess
LogPluginManager: Mounting plugin NullSourceCodeAccess
LogPluginManager: Mounting plugin PerforceSourceControl
LogPluginManager: Mounting plugin PlasticSourceControl
LogPluginManager: Mounting plugin RiderSourceCodeAccess
LogPluginManager: Mounting plugin SubversionSourceControl
LogPluginManager: Mounting plugin UObjectPlugin
LogPluginManager: Mounting plugin VisualStudioCodeSourceCodeAccess
LogPluginManager: Mounting plugin VisualStudioSourceCodeAccess
LogPluginManager: Mounting plugin XCodeSourceCodeAccess
LogPluginManager: Mounting plugin AssetManagerEditor
LogPluginManager: Mounting plugin CryptoKeys
LogPluginManager: Mounting plugin CurveEditorTools
LogPluginManager: Mounting plugin DataValidation
LogPluginManager: Mounting plugin EditorScriptingUtilities
LogPluginManager: Mounting plugin FacialAnimation
LogPluginManager: Mounting plugin GameplayTagsEditor
LogPluginManager: Mounting plugin GeometryMode
LogPluginManager: Mounting plugin MacGraphicsSwitching
LogPluginManager: Mounting plugin MaterialAnalyzer
LogPluginManager: Mounting plugin MobileLauncherProfileWizard
LogPluginManager: Mounting plugin PluginBrowser
LogPluginManager: Mounting plugin SpeedTreeImporter
LogPluginManager: Mounting plugin DatasmithContent
LogPluginManager: Mounting plugin VariantManagerContent
LogPluginManager: Mounting plugin AlembicImporter
LogPluginManager: Mounting plugin AutomationUtils
LogPluginManager: Mounting plugin BackChannel
LogPluginManager: Mounting plugin ChaosCloth
LogPluginManager: Mounting plugin ChaosClothEditor
LogPluginManager: Mounting plugin ChaosEditor
LogPluginManager: Mounting plugin ChaosNiagara
LogPluginManager: Mounting plugin ChaosSolverPlugin
LogPluginManager: Mounting plugin CharacterAI
LogPluginManager: Mounting plugin GeometryCache
LogPluginManager: Mounting plugin GeometryCollectionPlugin
LogPluginManager: Mounting plugin GeometryProcessing
LogPluginManager: Mounting plugin PlanarCut
LogPluginManager: Mounting plugin PlatformCrypto
LogPluginManager: Mounting plugin ProxyLODPlugin
LogPluginManager: Mounting plugin SkeletalReduction
LogPluginManager: Mounting plugin Niagara
LogPluginManager: Mounting plugin NiagaraExtras
LogPluginManager: Mounting plugin MagicLeap
LogPluginManager: Mounting plugin MagicLeapLightEstimation
LogPluginManager: Mounting plugin MagicLeapMedia
LogPluginManager: Mounting plugin MagicLeapPassableWorld
LogPluginManager: Mounting plugin MLSDK
LogPluginManager: Mounting plugin AndroidMedia
LogPluginManager: Mounting plugin AvfMedia
LogPluginManager: Mounting plugin ImgMedia
LogPluginManager: Mounting plugin MediaCompositing
LogPluginManager: Mounting plugin MediaPlayerEditor
LogPluginManager: Mounting plugin WebMMedia
LogPluginManager: Mounting plugin WmfMedia
LogPluginManager: Mounting plugin MeshPainting
LogPluginManager: Mounting plugin TcpMessaging
LogPluginManager: Mounting plugin UdpMessaging
LogPluginManager: Mounting plugin ActorSequence
LogPluginManager: Mounting plugin LevelSequenceEditor
LogPluginManager: Mounting plugin MatineeToLevelSequence
LogPluginManager: Mounting plugin MovieRenderPipeline
LogPluginManager: Mounting plugin TemplateSequence
LogPluginManager: Mounting plugin NetcodeUnitTest
LogPluginManager: Mounting plugin NUTUnrealEngine4
LogPluginManager: Mounting plugin OnlineSubsystemGooglePlay
LogPluginManager: Mounting plugin OnlineSubsystemIOS
LogPluginManager: Mounting plugin OnlineSubsystem
LogPluginManager: Mounting plugin OnlineSubsystemNull
LogPluginManager: Mounting plugin OnlineSubsystemUtils
LogPluginManager: Mounting plugin LauncherChunkInstaller
LogPluginManager: Mounting plugin AndroidDeviceProfileSelector
LogPluginManager: Mounting plugin AndroidMoviePlayer
LogPluginManager: Mounting plugin AndroidPermission
LogPluginManager: Mounting plugin AppleImageUtils
LogPluginManager: Mounting plugin AppleMoviePlayer
LogPluginManager: Mounting plugin ArchVisCharacter
LogPluginManager: Mounting plugin AssetTags
LogPluginManager: Mounting plugin AudioCapture
LogPluginManager: Mounting plugin CableComponent
LogPluginManager: Mounting plugin CustomMeshComponent
LogPluginManager: Mounting plugin EditableMesh
LogPluginManager: Mounting plugin ExampleDeviceProfileSelector
LogPluginManager: Mounting plugin GoogleCloudMessaging
LogPluginManager: Mounting plugin GooglePAD
LogPluginManager: Mounting plugin IOSDeviceProfileSelector
LogPluginManager: Mounting plugin LinuxDeviceProfileSelector
LogPluginManager: Mounting plugin LocationServicesBPLibrary
LogPluginManager: Mounting plugin MobilePatchingUtils
LogPluginManager: Mounting plugin OculusVR
LogPluginManager: Mounting plugin PhysXVehicles
LogPluginManager: Mounting plugin PostSplashScreen
LogPluginManager: Mounting plugin ProceduralMeshComponent
LogPluginManager: Mounting plugin RuntimePhysXCooking
LogPluginManager: Mounting plugin SignificanceManager
LogPluginManager: Mounting plugin SoundFields
LogPluginManager: Mounting plugin SteamVR
LogPluginManager: Mounting plugin Synthesis
LogPluginManager: Mounting plugin WebMMoviePlayer
LogPluginManager: Mounting plugin WindowsMoviePlayer
LogPluginManager: Mounting plugin ScreenshotTools
LogInit: Using libcurl 7.55.1-DEV
LogInit:  - built for x86_64-pc-win32
LogInit:  - supports SSL with OpenSSL/1.1.1
LogInit:  - supports HTTP deflate (compression) using libz 1.2.8
LogInit:  - other features:
LogInit:      CURL_VERSION_SSL
LogInit:      CURL_VERSION_LIBZ
LogInit:      CURL_VERSION_IPV6
LogInit:      CURL_VERSION_ASYNCHDNS
LogInit:      CURL_VERSION_LARGEFILE
LogInit:      CURL_VERSION_IDN
LogInit:  CurlRequestOptions (configurable via config and command line):
LogInit:  - bVerifyPeer = true  - Libcurl will verify peer certificate
LogInit:  - bUseHttpProxy = false  - Libcurl will NOT use HTTP proxy
LogInit:  - bDontReuseConnections = false  - Libcurl will reuse connections
LogInit:  - MaxHostConnections = 16  - Libcurl will limit the number of connections to a host
LogInit:  - LocalHostAddr = Default
LogInit:  - BufferSize = 65536
LogOnline: OSS: Creating online subsystem instance for: NULL
LogInit: WinSock: version 1.1 (2.2), MaxSocks=32767, MaxUdp=65467
LogOnline: OSS: TryLoadSubsystemAndSetDefault: Loaded subsystem for module [NULL]
LogInit: Build: ++UE4+Release-4.25-CL-14469661
LogInit: Engine Version: 4.25.4-14469661+++UE4+Release-4.25
LogInit: Compatible Engine Version: 4.25.0-13144385+++UE4+Release-4.25
LogInit: Net CL: 13144385
LogInit: OS: Windows 10 (Release 2009) (), CPU: AMD Ryzen 9 3900X 12-Core Processor            , GPU: NVIDIA GeForce GTX 1060 6GB
LogInit: Compiled (64-bit): Oct 11 2020 08:10:49
LogInit: Compiled with Visual C++: 19.24.28315.00
LogInit: Build Configuration: Development
LogInit: Branch Name: ++UE4+Release-4.25
LogInit: Command Line: -log -game
LogInit: Base Directory: E:/UNREAL ENGINE/UE_4.25/Engine/Binaries/Win64/
LogInit: Allocator: TBB
LogInit: Installed Engine Build: 1
LogDevObjectVersion: Number of dev versions registered: 26
LogDevObjectVersion:   Dev-Blueprints (B0D832E4-1F89-4F0D-ACCF-7EB736FD4AA2): 10
LogDevObjectVersion:   Dev-Build (E1C64328-A22C-4D53-A36C-8E866417BD8C): 0
LogDevObjectVersion:   Dev-Core (375EC13C-06E4-48FB-B500-84F0262A717E): 4
LogDevObjectVersion:   Dev-Editor (E4B068ED-F494-42E9-A231-DA0B2E46BB41): 38
LogDevObjectVersion:   Dev-Framework (CFFC743F-43B0-4480-9391-14DF171D2073): 37
LogDevObjectVersion:   Dev-Mobile (B02B49B5-BB20-44E9-A304-32B752E40360): 2
LogDevObjectVersion:   Dev-Networking (A4E4105C-59A1-49B5-A7C5-40C4547EDFEE): 0
LogDevObjectVersion:   Dev-Online (39C831C9-5AE6-47DC-9A44-9C173E1C8E7C): 0
LogDevObjectVersion:   Dev-Physics (78F01B33-EBEA-4F98-B9B4-84EACCB95AA2): 4
LogDevObjectVersion:   Dev-Platform (6631380F-2D4D-43E0-8009-CF276956A95A): 0
LogDevObjectVersion:   Dev-Rendering (12F88B9F-8875-4AFC-A67C-D90C383ABD29): 43
LogDevObjectVersion:   Dev-Sequencer (7B5AE74C-D270-4C10-A958-57980B212A5A): 12
LogDevObjectVersion:   Dev-VR (D7296918-1DD6-4BDD-9DE2-64A83CC13884): 3
LogDevObjectVersion:   Dev-LoadTimes (C2A15278-BFE7-4AFE-6C17-90FF531DF755): 1
LogDevObjectVersion:   Private-Geometry (6EACA3D4-40EC-4CC1-B786-8BED09428FC5): 3
LogDevObjectVersion:   Dev-AnimPhys (29E575DD-E0A3-4627-9D10-D276232CDCEA): 17
LogDevObjectVersion:   Dev-Anim (AF43A65D-7FD3-4947-9873-3E8ED9C1BB05): 7
LogDevObjectVersion:   Dev-ReflectionCapture (6B266CEC-1EC7-4B8F-A30B-E4D90942FC07): 1
LogDevObjectVersion:   Dev-Automation (0DF73D61-A23F-47EA-B727-89E90C41499A): 1
LogDevObjectVersion:   FortniteMain (601D1886-AC64-4F84-AA16-D3DE0DEAC7D6): 31
LogDevObjectVersion:   Dev-Enterprise (9DFFBCD6-494F-0158-E221-12823C92A888): 10
LogDevObjectVersion:   Dev-Niagara (F2AED0AC-9AFE-416F-8664-AA7FFA26D6FC): 1
LogDevObjectVersion:   Dev-Destruction (174F1F0B-B4C6-45A5-B13F-2EE8D0FB917D): 10
LogDevObjectVersion:   Dev-Physics-Ext (35F94A83-E258-406C-A318-09F59610247C): 37
LogDevObjectVersion:   Dev-PhysicsMaterial-Chaos (B68FC16E-8B1B-42E2-B453-215C058844FE): 1
LogDevObjectVersion:   Dev-CineCamera (B2E18506-4273-CFC2-A54E-F4BB758BBA07): 1
LogInit: Presizing for max 25165824 objects, including 0 objects not considered by GC, pre-allocating 0 bytes for permanent pool.
LogConfig: Applying CVar settings from Section [/Script/Engine.StreamingSettings] File [C:/Users/aveng/Documents/GitHub/GamesAssignment2-SecondYear/Games Assignment Two/GamesAssignmentTwo/Saved/Config/Windows/Engine.ini]
LogConfig: Setting CVar [[s.MinBulkDataSizeForAsyncLoading:131072]]
LogConfig: Setting CVar [[s.AsyncLoadingThreadEnabled:0]]
LogConfig: Setting CVar [[s.EventDrivenLoaderEnabled:1]]
LogConfig: Setting CVar [[s.WarnIfTimeLimitExceeded:0]]
LogConfig: Setting CVar [[s.TimeLimitExceededMultiplier:1.5]]
LogConfig: Setting CVar [[s.TimeLimitExceededMinTime:0.005]]
LogConfig: Setting CVar [[s.UseBackgroundLevelStreaming:1]]
LogConfig: Setting CVar [[s.PriorityAsyncLoadingExtraTime:15.0]]
LogConfig: Setting CVar [[s.LevelStreamingActorsUpdateTimeLimit:5.0]]
LogConfig: Setting CVar [[s.PriorityLevelStreamingActorsUpdateExtraTime:5.0]]
LogConfig: Setting CVar [[s.LevelStreamingComponentsRegistrationGranularity:10]]
LogConfig: Setting CVar [[s.UnregisterComponentsTimeLimit:1.0]]
LogConfig: Setting CVar [[s.LevelStreamingComponentsUnregistrationGranularity:5]]
LogConfig: Setting CVar [[s.FlushStreamingOnExit:1]]
LogInit: Object subsystem initialized
LogConfig: Setting CVar [[con.DebugEarlyDefault:1]]
LogConfig: Setting CVar [[r.setres:1280x720]]
[2021.04.14-21.08.19:340][  0]LogConfig: Setting CVar [[con.DebugEarlyDefault:1]]
[2021.04.14-21.08.19:340][  0]LogConfig: Setting CVar [[r.setres:1280x720]]
[2021.04.14-21.08.19:340][  0]LogConfig: Applying CVar settings from Section [/Script/Engine.RendererSettings] File [C:/Users/aveng/Documents/GitHub/GamesAssignment2-SecondYear/Games Assignment Two/GamesAssignmentTwo/Saved/Config/Windows/Engine.ini]
[2021.04.14-21.08.19:340][  0]LogConfig: Setting CVar [[r.GPUCrashDebugging:0]]
[2021.04.14-21.08.19:341][  0]LogConfig: Applying CVar settings from Section [/Script/Engine.RendererOverrideSettings] File [C:/Users/aveng/Documents/GitHub/GamesAssignment2-SecondYear/Games Assignment Two/GamesAssignmentTwo/Saved/Config/Windows/Engine.ini]
[2021.04.14-21.08.19:342][  0]LogConfig: Applying CVar settings from Section [/Script/Engine.StreamingSettings] File [C:/Users/aveng/Documents/GitHub/GamesAssignment2-SecondYear/Games Assignment Two/GamesAssignmentTwo/Saved/Config/Windows/Engine.ini]
[2021.04.14-21.08.19:342][  0]LogConfig: Setting CVar [[s.MinBulkDataSizeForAsyncLoading:131072]]
[2021.04.14-21.08.19:343][  0]LogConfig: Setting CVar [[s.AsyncLoadingThreadEnabled:0]]
[2021.04.14-21.08.19:343][  0]LogConfig: Setting CVar [[s.EventDrivenLoaderEnabled:1]]
[2021.04.14-21.08.19:343][  0]LogConfig: Setting CVar [[s.WarnIfTimeLimitExceeded:0]]
[2021.04.14-21.08.19:344][  0]LogConfig: Setting CVar [[s.TimeLimitExceededMultiplier:1.5]]
[2021.04.14-21.08.19:344][  0]LogConfig: Setting CVar [[s.TimeLimitExceededMinTime:0.005]]
[2021.04.14-21.08.19:345][  0]LogConfig: Setting CVar [[s.UseBackgroundLevelStreaming:1]]
[2021.04.14-21.08.19:345][  0]LogConfig: Setting CVar [[s.PriorityAsyncLoadingExtraTime:15.0]]
[2021.04.14-21.08.19:345][  0]LogConfig: Setting CVar [[s.LevelStreamingActorsUpdateTimeLimit:5.0]]
[2021.04.14-21.08.19:345][  0]LogConfig: Setting CVar [[s.PriorityLevelStreamingActorsUpdateExtraTime:5.0]]
[2021.04.14-21.08.19:346][  0]LogConfig: Setting CVar [[s.LevelStreamingComponentsRegistrationGranularity:10]]
[2021.04.14-21.08.19:348][  0]LogConfig: Setting CVar [[s.UnregisterComponentsTimeLimit:1.0]]
[2021.04.14-21.08.19:348][  0]LogConfig: Setting CVar [[s.LevelStreamingComponentsUnregistrationGranularity:5]]
[2021.04.14-21.08.19:349][  0]LogConfig: Setting CVar [[s.FlushStreamingOnExit:1]]
[2021.04.14-21.08.19:349][  0]LogConfig: Applying CVar settings from Section [/Script/Engine.GarbageCollectionSettings] File [C:/Users/aveng/Documents/GitHub/GamesAssignment2-SecondYear/Games Assignment Two/GamesAssignmentTwo/Saved/Config/Windows/Engine.ini]
[2021.04.14-21.08.19:349][  0]LogConfig: Setting CVar [[gc.MaxObjectsNotConsideredByGC:1]]
[2021.04.14-21.08.19:350][  0]LogConfig: Setting CVar [[gc.SizeOfPermanentObjectPool:0]]
[2021.04.14-21.08.19:350][  0]LogConfig: Setting CVar [[gc.FlushStreamingOnGC:0]]
[2021.04.14-21.08.19:350][  0]LogConfig: Setting CVar [[gc.NumRetriesBeforeForcingGC:10]]
[2021.04.14-21.08.19:351][  0]LogConfig: Setting CVar [[gc.AllowParallelGC:1]]
[2021.04.14-21.08.19:351][  0]LogConfig: Setting CVar [[gc.TimeBetweenPurgingPendingKillObjects:61.1]]
[2021.04.14-21.08.19:351][  0]LogConfig: Setting CVar [[gc.MaxObjectsInEditor:25165824]]
[2021.04.14-21.08.19:352][  0]LogConfig: Setting CVar [[gc.IncrementalBeginDestroyEnabled:1]]
[2021.04.14-21.08.19:353][  0]LogConfig: Setting CVar [[gc.CreateGCClusters:1]]
[2021.04.14-21.08.19:353][  0]LogConfig: Setting CVar [[gc.MinGCClusterSize:5]]
[2021.04.14-21.08.19:353][  0]LogConfig: Setting CVar [[gc.ActorClusteringEnabled:0]]
[2021.04.14-21.08.19:354][  0]LogConfig: Setting CVar [[gc.BlueprintClusteringEnabled:0]]
[2021.04.14-21.08.19:355][  0]LogConfig: Setting CVar [[gc.UseDisregardForGCOnDedicatedServers:0]]
[2021.04.14-21.08.19:355][  0]LogConfig: Applying CVar settings from Section [/Script/Engine.NetworkSettings] File [C:/Users/aveng/Documents/GitHub/GamesAssignment2-SecondYear/Games Assignment Two/GamesAssignmentTwo/Saved/Config/Windows/Engine.ini]
[2021.04.14-21.08.19:355][  0]LogConfig: Applying CVar settings from Section [/Script/UnrealEd.CookerSettings] File [C:/Users/aveng/Documents/GitHub/GamesAssignment2-SecondYear/Games Assignment Two/GamesAssignmentTwo/Saved/Config/Windows/Engine.ini]
[2021.04.14-21.08.19:359][  0]LogConfig: Applying CVar settings from Section [ViewDistanceQuality@3] File [C:/Users/aveng/Documents/GitHub/GamesAssignment2-SecondYear/Games Assignment Two/GamesAssignmentTwo/Saved/Config/Windows/Scalability.ini]
[2021.04.14-21.08.19:359][  0]LogConfig: Setting CVar [[r.SkeletalMeshLODBias:0]]
[2021.04.14-21.08.19:359][  0]LogConfig: Setting CVar [[r.ViewDistanceScale:1.0]]
[2021.04.14-21.08.19:360][  0]LogConfig: Applying CVar settings from Section [AntiAliasingQuality@3] File [C:/Users/aveng/Documents/GitHub/GamesAssignment2-SecondYear/Games Assignment Two/GamesAssignmentTwo/Saved/Config/Windows/Scalability.ini]
[2021.04.14-21.08.19:360][  0]LogConfig: Setting CVar [[r.PostProcessAAQuality:4]]
[2021.04.14-21.08.19:360][  0]LogConfig: Applying CVar settings from Section [ShadowQuality@3] File [C:/Users/aveng/Documents/GitHub/GamesAssignment2-SecondYear/Games Assignment Two/GamesAssignmentTwo/Saved/Config/Windows/Scalability.ini]
[2021.04.14-21.08.19:361][  0]LogConfig: Setting CVar [[r.LightFunctionQuality:1]]
[2021.04.14-21.08.19:361][  0]LogConfig: Setting CVar [[r.ShadowQuality:5]]
[2021.04.14-21.08.19:361][  0]LogConfig: Setting CVar [[r.Shadow.CSM.MaxCascades:10]]
[2021.04.14-21.08.19:362][  0]LogConfig: Setting CVar [[r.Shadow.MaxResolution:2048]]
[2021.04.14-21.08.19:362][  0]LogConfig: Setting CVar [[r.Shadow.MaxCSMResolution:2048]]
[2021.04.14-21.08.19:362][  0]LogConfig: Setting CVar [[r.Shadow.RadiusThreshold:0.01]]
[2021.04.14-21.08.19:363][  0]LogConfig: Setting CVar [[r.Shadow.DistanceScale:1.0]]
[2021.04.14-21.08.19:363][  0]LogConfig: Setting CVar [[r.Shadow.CSM.TransitionScale:1.0]]
[2021.04.14-21.08.19:363][  0]LogConfig: Setting CVar [[r.Shadow.PreShadowResolutionFactor:1.0]]
[2021.04.14-21.08.19:364][  0]LogConfig: Setting CVar [[r.DistanceFieldShadowing:1]]
[2021.04.14-21.08.19:364][  0]LogConfig: Setting CVar [[r.DistanceFieldAO:1]]
[2021.04.14-21.08.19:364][  0]LogConfig: Setting CVar [[r.AOQuality:2]]
[2021.04.14-21.08.19:365][  0]LogConfig: Setting CVar [[r.VolumetricFog:1]]
[2021.04.14-21.08.19:365][  0]LogConfig: Setting CVar [[r.VolumetricFog.GridPixelSize:8]]
[2021.04.14-21.08.19:365][  0]LogConfig: Setting CVar [[r.VolumetricFog.GridSizeZ:128]]
[2021.04.14-21.08.19:366][  0]LogConfig: Setting CVar [[r.VolumetricFog.HistoryMissSupersampleCount:4]]
[2021.04.14-21.08.19:366][  0]LogConfig: Setting CVar [[r.LightMaxDrawDistanceScale:1]]
[2021.04.14-21.08.19:366][  0]LogConfig: Setting CVar [[r.CapsuleShadows:1]]
[2021.04.14-21.08.19:367][  0]LogConfig: Applying CVar settings from Section [PostProcessQuality@3] File [C:/Users/aveng/Documents/GitHub/GamesAssignment2-SecondYear/Games Assignment Two/GamesAssignmentTwo/Saved/Config/Windows/Scalability.ini]
[2021.04.14-21.08.19:367][  0]LogConfig: Setting CVar [[r.MotionBlurQuality:4]]
[2021.04.14-21.08.19:367][  0]LogConfig: Setting CVar [[r.AmbientOcclusionMipLevelFactor:0.4]]
[2021.04.14-21.08.19:368][  0]LogConfig: Setting CVar [[r.AmbientOcclusionMaxQuality:100]]
[2021.04.14-21.08.19:371][  0]LogConfig: Setting CVar [[r.AmbientOcclusionLevels:-1]]
[2021.04.14-21.08.19:371][  0]LogConfig: Setting CVar [[r.AmbientOcclusionRadiusScale:1.0]]
[2021.04.14-21.08.19:371][  0]LogConfig: Setting CVar [[r.DepthOfFieldQuality:2]]
[2021.04.14-21.08.19:372][  0]LogConfig: Setting CVar [[r.RenderTargetPoolMin:400]]
[2021.04.14-21.08.19:372][  0]LogConfig: Setting CVar [[r.LensFlareQuality:2]]
[2021.04.14-21.08.19:372][  0]LogConfig: Setting CVar [[r.SceneColorFringeQuality:1]]
[2021.04.14-21.08.19:373][  0]LogConfig: Setting CVar [[r.EyeAdaptationQuality:2]]
[2021.04.14-21.08.19:373][  0]LogConfig: Setting CVar [[r.BloomQuality:5]]
[2021.04.14-21.08.19:373][  0]LogConfig: Setting CVar [[r.FastBlurThreshold:100]]
[2021.04.14-21.08.19:374][  0]LogConfig: Setting CVar [[r.Upscale.Quality:3]]
[2021.04.14-21.08.19:374][  0]LogConfig: Setting CVar [[r.Tonemapper.GrainQuantization:1]]
[2021.04.14-21.08.19:374][  0]LogConfig: Setting CVar [[r.LightShaftQuality:1]]
[2021.04.14-21.08.19:375][  0]LogConfig: Setting CVar [[r.Filter.SizeScale:1]]
[2021.04.14-21.08.19:375][  0]LogConfig: Setting CVar [[r.Tonemapper.Quality:5]]
[2021.04.14-21.08.19:375][  0]LogConfig: Setting CVar [[r.DOF.Gather.AccumulatorQuality:1        ; higher gathering accumulator quality]]
[2021.04.14-21.08.19:376][  0]LogConfig: Setting CVar [[r.DOF.Gather.PostfilterMethod:1          ; Median3x3 postfilering method]]
[2021.04.14-21.08.19:376][  0]LogConfig: Setting CVar [[r.DOF.Gather.EnableBokehSettings:0       ; no bokeh simulation when gathering]]
[2021.04.14-21.08.19:376][  0]LogConfig: Setting CVar [[r.DOF.Gather.RingCount:4                 ; medium number of samples when gathering]]
[2021.04.14-21.08.19:377][  0]LogConfig: Setting CVar [[r.DOF.Scatter.ForegroundCompositing:1    ; additive foreground scattering]]
[2021.04.14-21.08.19:377][  0]LogConfig: Setting CVar [[r.DOF.Scatter.BackgroundCompositing:2    ; additive background scattering]]
[2021.04.14-21.08.19:377][  0]LogConfig: Setting CVar [[r.DOF.Scatter.EnableBokehSettings:1      ; bokeh simulation when scattering]]
[2021.04.14-21.08.19:378][  0]LogConfig: Setting CVar [[r.DOF.Scatter.MaxSpriteRatio:0.1         ; only a maximum of 10% of scattered bokeh]]
[2021.04.14-21.08.19:378][  0]LogConfig: Setting CVar [[r.DOF.Recombine.Quality:1                ; cheap slight out of focus]]
[2021.04.14-21.08.19:378][  0]LogConfig: Setting CVar [[r.DOF.Recombine.EnableBokehSettings:0    ; no bokeh simulation on slight out of focus]]
[2021.04.14-21.08.19:379][  0]LogConfig: Setting CVar [[r.DOF.TemporalAAQuality:1                ; more stable temporal accumulation]]
[2021.04.14-21.08.19:381][  0]LogConfig: Setting CVar [[r.DOF.Kernel.MaxForegroundRadius:0.025]]
[2021.04.14-21.08.19:381][  0]LogConfig: Setting CVar [[r.DOF.Kernel.MaxBackgroundRadius:0.025]]
[2021.04.14-21.08.19:381][  0]LogConfig: Applying CVar settings from Section [TextureQuality@3] File [C:/Users/aveng/Documents/GitHub/GamesAssignment2-SecondYear/Games Assignment Two/GamesAssignmentTwo/Saved/Config/Windows/Scalability.ini]
[2021.04.14-21.08.19:382][  0]LogConfig: Setting CVar [[r.Streaming.MipBias:0]]
[2021.04.14-21.08.19:382][  0]LogConfig: Setting CVar [[r.Streaming.AmortizeCPUToGPUCopy:0]]
[2021.04.14-21.08.19:382][  0]LogConfig: Setting CVar [[r.Streaming.MaxNumTexturesToStreamPerFrame:0]]
[2021.04.14-21.08.19:383][  0]LogConfig: Setting CVar [[r.Streaming.Boost:1]]
[2021.04.14-21.08.19:383][  0]LogConfig: Setting CVar [[r.MaxAnisotropy:8]]
[2021.04.14-21.08.19:383][  0]LogConfig: Setting CVar [[r.VT.MaxAnisotropy:8]]
[2021.04.14-21.08.19:384][  0]LogConfig: Setting CVar [[r.Streaming.LimitPoolSizeToVRAM:0]]
[2021.04.14-21.08.19:384][  0]LogConfig: Setting CVar [[r.Streaming.PoolSize:1000]]
[2021.04.14-21.08.19:384][  0]LogConfig: Setting CVar [[r.Streaming.MaxEffectiveScreenSize:0]]
[2021.04.14-21.08.19:385][  0]LogConfig: Applying CVar settings from Section [EffectsQuality@3] File [C:/Users/aveng/Documents/GitHub/GamesAssignment2-SecondYear/Games Assignment Two/GamesAssignmentTwo/Saved/Config/Windows/Scalability.ini]
[2021.04.14-21.08.19:396][  0]LogConfig: Setting CVar [[r.TranslucencyLightingVolumeDim:64]]
[2021.04.14-21.08.19:398][  0]LogConfig: Setting CVar [[r.RefractionQuality:2]]
[2021.04.14-21.08.19:398][  0]LogConfig: Setting CVar [[r.SSR.Quality:3]]
[2021.04.14-21.08.19:398][  0]LogConfig: Setting CVar [[r.SSR.HalfResSceneColor:0]]
[2021.04.14-21.08.19:399][  0]LogConfig: Setting CVar [[r.SceneColorFormat:4]]
[2021.04.14-21.08.19:399][  0]LogConfig: Setting CVar [[r.DetailMode:2]]
[2021.04.14-21.08.19:400][  0]LogConfig: Setting CVar [[r.TranslucencyVolumeBlur:1]]
[2021.04.14-21.08.19:400][  0]LogConfig: Setting CVar [[r.MaterialQualityLevel:1 ; High quality]]
[2021.04.14-21.08.19:400][  0]LogConfig: Setting CVar [[r.SSS.Scale:1]]
[2021.04.14-21.08.19:400][  0]LogConfig: Setting CVar [[r.SSS.SampleSet:2]]
[2021.04.14-21.08.19:402][  0]LogConfig: Setting CVar [[r.SSS.Quality:1]]
[2021.04.14-21.08.19:402][  0]LogConfig: Setting CVar [[r.SSS.HalfRes:0]]
[2021.04.14-21.08.19:403][  0]LogConfig: Setting CVar [[r.SSGI.Quality:3]]
[2021.04.14-21.08.19:403][  0]LogConfig: Setting CVar [[r.EmitterSpawnRateScale:1.0]]
[2021.04.14-21.08.19:404][  0]LogConfig: Setting CVar [[r.ParticleLightQuality:2]]
[2021.04.14-21.08.19:404][  0]LogConfig: Setting CVar [[r.SkyAtmosphere.AerialPerspectiveLUT.FastApplyOnOpaque:1 ; Always have FastSkyLUT 1 in this case to avoid wrong sky]]
[2021.04.14-21.08.19:405][  0]LogConfig: Setting CVar [[r.SkyAtmosphere.AerialPerspectiveLUT.SampleCountPerSlice:1]]
[2021.04.14-21.08.19:405][  0]LogConfig: Setting CVar [[r.SkyAtmosphere.AerialPerspectiveLUT.DepthResolution:16.0]]
[2021.04.14-21.08.19:406][  0]LogConfig: Setting CVar [[r.SkyAtmosphere.FastSkyLUT:1]]
[2021.04.14-21.08.19:408][  0]LogConfig: Setting CVar [[r.SkyAtmosphere.FastSkyLUT.SampleCountMin:4.0]]
[2021.04.14-21.08.19:408][  0]LogConfig: Setting CVar [[r.SkyAtmosphere.FastSkyLUT.SampleCountMax:32.0]]
[2021.04.14-21.08.19:408][  0]LogConfig: Setting CVar [[r.SkyAtmosphere.SampleCountMin:4.0]]
[2021.04.14-21.08.19:409][  0]LogConfig: Setting CVar [[r.SkyAtmosphere.SampleCountMax:32.0]]
[2021.04.14-21.08.19:409][  0]LogConfig: Setting CVar [[r.SkyAtmosphere.TransmittanceLUT.UseSmallFormat:0]]
[2021.04.14-21.08.19:409][  0]LogConfig: Setting CVar [[r.SkyAtmosphere.TransmittanceLUT.SampleCount:10.0]]
[2021.04.14-21.08.19:410][  0]LogConfig: Setting CVar [[r.SkyAtmosphere.MultiScatteringLUT.SampleCount:15.0]]
[2021.04.14-21.08.19:410][  0]LogConfig: Applying CVar settings from Section [FoliageQuality@3] File [C:/Users/aveng/Documents/GitHub/GamesAssignment2-SecondYear/Games Assignment Two/GamesAssignmentTwo/Saved/Config/Windows/Scalability.ini]
[2021.04.14-21.08.19:410][  0]LogConfig: Setting CVar [[foliage.DensityScale:1.0]]
[2021.04.14-21.08.19:411][  0]LogConfig: Setting CVar [[grass.DensityScale:1.0]]
[2021.04.14-21.08.19:411][  0]LogConfig: Applying CVar settings from Section [ShadingQuality@3] File [C:/Users/aveng/Documents/GitHub/GamesAssignment2-SecondYear/Games Assignment Two/GamesAssignmentTwo/Saved/Config/Windows/Scalability.ini]
[2021.04.14-21.08.19:411][  0]LogConfig: Setting CVar [[r.HairStrands.SkyLighting.SampleCount:16]]
[2021.04.14-21.08.19:412][  0]LogConfig: Setting CVar [[r.HairStrands.SkyLighting.JitterIntegration:0]]
[2021.04.14-21.08.19:412][  0]LogConfig: Setting CVar [[r.HairStrands.SkyAO.SampleCount:16]]
[2021.04.14-21.08.19:412][  0]LogConfig: Setting CVar [[r.HairStrands.DeepShadow.SuperSampling:0]]
[2021.04.14-21.08.19:413][  0]LogConfig: Setting CVar [[r.HairStrands.VisibilityPPLL:0]]
[2021.04.14-21.08.19:413][  0]LogConfig: Setting CVar [[r.HairStrands.RasterizationScale:0.5]]
[2021.04.14-21.08.19:413][  0]LogConfig: Setting CVar [[r.HairStrands.VelocityRasterizationScale:1]]
[2021.04.14-21.08.19:414][  0]LogInit: Selected Device Profile: [Windows]
[2021.04.14-21.08.19:414][  0]LogInit: Applying CVar settings loaded from the selected device profile: [Windows]
[2021.04.14-21.08.19:414][  0]LogHAL: Display: Platform has ~ 32 GB [34260910080 / 34359738368 / 32], which maps to Largest [LargestMinGB=32, LargerMinGB=12, DefaultMinGB=8, SmallerMinGB=6, SmallestMinGB=0)
[2021.04.14-21.08.19:415][  0]LogInit: Going up to parent DeviceProfile []
[2021.04.14-21.08.19:415][  0]LogConfig: Applying CVar settings from Section [ViewDistanceQuality@3] File [C:/Users/aveng/Documents/GitHub/GamesAssignment2-SecondYear/Games Assignment Two/GamesAssignmentTwo/Saved/Config/Windows/Scalability.ini]
[2021.04.14-21.08.19:415][  0]LogConfig: Setting CVar [[r.SkeletalMeshLODBias:0]]
[2021.04.14-21.08.19:416][  0]LogConfig: Setting CVar [[r.ViewDistanceScale:1.0]]
[2021.04.14-21.08.19:419][  0]LogConfig: Applying CVar settings from Section [AntiAliasingQuality@3] File [C:/Users/aveng/Documents/GitHub/GamesAssignment2-SecondYear/Games Assignment Two/GamesAssignmentTwo/Saved/Config/Windows/Scalability.ini]
[2021.04.14-21.08.19:419][  0]LogConfig: Setting CVar [[r.PostProcessAAQuality:4]]
[2021.04.14-21.08.19:419][  0]LogConfig: Applying CVar settings from Section [ShadowQuality@3] File [C:/Users/aveng/Documents/GitHub/GamesAssignment2-SecondYear/Games Assignment Two/GamesAssignmentTwo/Saved/Config/Windows/Scalability.ini]
[2021.04.14-21.08.19:420][  0]LogConfig: Setting CVar [[r.LightFunctionQuality:1]]
[2021.04.14-21.08.19:420][  0]LogConfig: Setting CVar [[r.ShadowQuality:5]]
[2021.04.14-21.08.19:420][  0]LogConfig: Setting CVar [[r.Shadow.CSM.MaxCascades:10]]
[2021.04.14-21.08.19:421][  0]LogConfig: Setting CVar [[r.Shadow.MaxResolution:2048]]
[2021.04.14-21.08.19:421][  0]LogConfig: Setting CVar [[r.Shadow.MaxCSMResolution:2048]]
[2021.04.14-21.08.19:421][  0]LogConfig: Setting CVar [[r.Shadow.RadiusThreshold:0.01]]
[2021.04.14-21.08.19:422][  0]LogConfig: Setting CVar [[r.Shadow.DistanceScale:1.0]]
[2021.04.14-21.08.19:422][  0]LogConfig: Setting CVar [[r.Shadow.CSM.TransitionScale:1.0]]
[2021.04.14-21.08.19:422][  0]LogConfig: Setting CVar [[r.Shadow.PreShadowResolutionFactor:1.0]]
[2021.04.14-21.08.19:423][  0]LogConfig: Setting CVar [[r.DistanceFieldShadowing:1]]
[2021.04.14-21.08.19:423][  0]LogConfig: Setting CVar [[r.DistanceFieldAO:1]]
[2021.04.14-21.08.19:423][  0]LogConfig: Setting CVar [[r.AOQuality:2]]
[2021.04.14-21.08.19:424][  0]LogConfig: Setting CVar [[r.VolumetricFog:1]]
[2021.04.14-21.08.19:424][  0]LogConfig: Setting CVar [[r.VolumetricFog.GridPixelSize:8]]
[2021.04.14-21.08.19:424][  0]LogConfig: Setting CVar [[r.VolumetricFog.GridSizeZ:128]]
[2021.04.14-21.08.19:425][  0]LogConfig: Setting CVar [[r.VolumetricFog.HistoryMissSupersampleCount:4]]
[2021.04.14-21.08.19:425][  0]LogConfig: Setting CVar [[r.LightMaxDrawDistanceScale:1]]
[2021.04.14-21.08.19:426][  0]LogConfig: Setting CVar [[r.CapsuleShadows:1]]
[2021.04.14-21.08.19:426][  0]LogConfig: Applying CVar settings from Section [PostProcessQuality@3] File [C:/Users/aveng/Documents/GitHub/GamesAssignment2-SecondYear/Games Assignment Two/GamesAssignmentTwo/Saved/Config/Windows/Scalability.ini]
[2021.04.14-21.08.19:426][  0]LogConfig: Setting CVar [[r.MotionBlurQuality:4]]
[2021.04.14-21.08.19:427][  0]LogConfig: Setting CVar [[r.AmbientOcclusionMipLevelFactor:0.4]]
[2021.04.14-21.08.19:427][  0]LogConfig: Setting CVar [[r.AmbientOcclusionMaxQuality:100]]
[2021.04.14-21.08.19:427][  0]LogConfig: Setting CVar [[r.AmbientOcclusionLevels:-1]]
[2021.04.14-21.08.19:430][  0]LogConfig: Setting CVar [[r.AmbientOcclusionRadiusScale:1.0]]
[2021.04.14-21.08.19:430][  0]LogConfig: Setting CVar [[r.DepthOfFieldQuality:2]]
[2021.04.14-21.08.19:430][  0]LogConfig: Setting CVar [[r.RenderTargetPoolMin:400]]
[2021.04.14-21.08.19:430][  0]LogConfig: Setting CVar [[r.LensFlareQuality:2]]
[2021.04.14-21.08.19:431][  0]LogConfig: Setting CVar [[r.SceneColorFringeQuality:1]]
[2021.04.14-21.08.19:432][  0]LogConfig: Setting CVar [[r.EyeAdaptationQuality:2]]
[2021.04.14-21.08.19:432][  0]LogConfig: Setting CVar [[r.BloomQuality:5]]
[2021.04.14-21.08.19:432][  0]LogConfig: Setting CVar [[r.FastBlurThreshold:100]]
[2021.04.14-21.08.19:433][  0]LogConfig: Setting CVar [[r.Upscale.Quality:3]]
[2021.04.14-21.08.19:433][  0]LogConfig: Setting CVar [[r.Tonemapper.GrainQuantization:1]]
[2021.04.14-21.08.19:433][  0]LogConfig: Setting CVar [[r.LightShaftQuality:1]]
[2021.04.14-21.08.19:434][  0]LogConfig: Setting CVar [[r.Filter.SizeScale:1]]
[2021.04.14-21.08.19:434][  0]LogConfig: Setting CVar [[r.Tonemapper.Quality:5]]
[2021.04.14-21.08.19:435][  0]LogConfig: Setting CVar [[r.DOF.Gather.AccumulatorQuality:1        ; higher gathering accumulator quality]]
[2021.04.14-21.08.19:435][  0]LogConfig: Setting CVar [[r.DOF.Gather.PostfilterMethod:1          ; Median3x3 postfilering method]]
[2021.04.14-21.08.19:435][  0]LogConfig: Setting CVar [[r.DOF.Gather.EnableBokehSettings:0       ; no bokeh simulation when gathering]]
[2021.04.14-21.08.19:436][  0]LogConfig: Setting CVar [[r.DOF.Gather.RingCount:4                 ; medium number of samples when gathering]]
[2021.04.14-21.08.19:436][  0]LogConfig: Setting CVar [[r.DOF.Scatter.ForegroundCompositing:1    ; additive foreground scattering]]
[2021.04.14-21.08.19:436][  0]LogConfig: Setting CVar [[r.DOF.Scatter.BackgroundCompositing:2    ; additive background scattering]]
[2021.04.14-21.08.19:437][  0]LogConfig: Setting CVar [[r.DOF.Scatter.EnableBokehSettings:1      ; bokeh simulation when scattering]]
[2021.04.14-21.08.19:437][  0]LogConfig: Setting CVar [[r.DOF.Scatter.MaxSpriteRatio:0.1         ; only a maximum of 10% of scattered bokeh]]
[2021.04.14-21.08.19:437][  0]LogConfig: Setting CVar [[r.DOF.Recombine.Quality:1                ; cheap slight out of focus]]
[2021.04.14-21.08.19:437][  0]LogConfig: Setting CVar [[r.DOF.Recombine.EnableBokehSettings:0    ; no bokeh simulation on slight out of focus]]
[2021.04.14-21.08.19:438][  0]LogConfig: Setting CVar [[r.DOF.TemporalAAQuality:1                ; more stable temporal accumulation]]
[2021.04.14-21.08.19:439][  0]LogConfig: Setting CVar [[r.DOF.Kernel.MaxForegroundRadius:0.025]]
[2021.04.14-21.08.19:440][  0]LogConfig: Setting CVar [[r.DOF.Kernel.MaxBackgroundRadius:0.025]]
[2021.04.14-21.08.19:440][  0]LogConfig: Applying CVar settings from Section [TextureQuality@3] File [C:/Users/aveng/Documents/GitHub/GamesAssignment2-SecondYear/Games Assignment Two/GamesAssignmentTwo/Saved/Config/Windows/Scalability.ini]
[2021.04.14-21.08.19:440][  0]LogConfig: Setting CVar [[r.Streaming.MipBias:0]]
[2021.04.14-21.08.19:441][  0]LogConfig: Setting CVar [[r.Streaming.AmortizeCPUToGPUCopy:0]]
[2021.04.14-21.08.19:441][  0]LogConfig: Setting CVar [[r.Streaming.MaxNumTexturesToStreamPerFrame:0]]
[2021.04.14-21.08.19:441][  0]LogConfig: Setting CVar [[r.Streaming.Boost:1]]
[2021.04.14-21.08.19:442][  0]LogConfig: Setting CVar [[r.MaxAnisotropy:8]]
[2021.04.14-21.08.19:442][  0]LogConfig: Setting CVar [[r.VT.MaxAnisotropy:8]]
[2021.04.14-21.08.19:442][  0]LogConfig: Setting CVar [[r.Streaming.LimitPoolSizeToVRAM:0]]
[2021.04.14-21.08.19:443][  0]LogConfig: Setting CVar [[r.Streaming.PoolSize:1000]]
[2021.04.14-21.08.19:443][  0]LogConfig: Setting CVar [[r.Streaming.MaxEffectiveScreenSize:0]]
[2021.04.14-21.08.19:443][  0]LogConfig: Applying CVar settings from Section [EffectsQuality@3] File [C:/Users/aveng/Documents/GitHub/GamesAssignment2-SecondYear/Games Assignment Two/GamesAssignmentTwo/Saved/Config/Windows/Scalability.ini]
[2021.04.14-21.08.19:444][  0]LogConfig: Setting CVar [[r.TranslucencyLightingVolumeDim:64]]
[2021.04.14-21.08.19:444][  0]LogConfig: Setting CVar [[r.RefractionQuality:2]]
[2021.04.14-21.08.19:444][  0]LogConfig: Setting CVar [[r.SSR.Quality:3]]
[2021.04.14-21.08.19:445][  0]LogConfig: Setting CVar [[r.SSR.HalfResSceneColor:0]]
[2021.04.14-21.08.19:445][  0]LogConfig: Setting CVar [[r.SceneColorFormat:4]]
[2021.04.14-21.08.19:445][  0]LogConfig: Setting CVar [[r.DetailMode:2]]
[2021.04.14-21.08.19:446][  0]LogConfig: Setting CVar [[r.TranslucencyVolumeBlur:1]]
[2021.04.14-21.08.19:446][  0]LogConfig: Setting CVar [[r.MaterialQualityLevel:1 ; High quality]]
[2021.04.14-21.08.19:446][  0]LogConfig: Setting CVar [[r.SSS.Scale:1]]
[2021.04.14-21.08.19:447][  0]LogConfig: Setting CVar [[r.SSS.SampleSet:2]]
[2021.04.14-21.08.19:447][  0]LogConfig: Setting CVar [[r.SSS.Quality:1]]
[2021.04.14-21.08.19:447][  0]LogConfig: Setting CVar [[r.SSS.HalfRes:0]]
[2021.04.14-21.08.19:448][  0]LogConfig: Setting CVar [[r.SSGI.Quality:3]]
[2021.04.14-21.08.19:450][  0]LogConfig: Setting CVar [[r.EmitterSpawnRateScale:1.0]]
[2021.04.14-21.08.19:450][  0]LogConfig: Setting CVar [[r.ParticleLightQuality:2]]
[2021.04.14-21.08.19:450][  0]LogConfig: Setting CVar [[r.SkyAtmosphere.AerialPerspectiveLUT.FastApplyOnOpaque:1 ; Always have FastSkyLUT 1 in this case to avoid wrong sky]]
[2021.04.14-21.08.19:451][  0]LogConfig: Setting CVar [[r.SkyAtmosphere.AerialPerspectiveLUT.SampleCountPerSlice:1]]
[2021.04.14-21.08.19:451][  0]LogConfig: Setting CVar [[r.SkyAtmosphere.AerialPerspectiveLUT.DepthResolution:16.0]]
[2021.04.14-21.08.19:451][  0]LogConfig: Setting CVar [[r.SkyAtmosphere.FastSkyLUT:1]]
[2021.04.14-21.08.19:452][  0]LogConfig: Setting CVar [[r.SkyAtmosphere.FastSkyLUT.SampleCountMin:4.0]]
[2021.04.14-21.08.19:452][  0]LogConfig: Setting CVar [[r.SkyAtmosphere.FastSkyLUT.SampleCountMax:32.0]]
[2021.04.14-21.08.19:452][  0]LogConfig: Setting CVar [[r.SkyAtmosphere.SampleCountMin:4.0]]
[2021.04.14-21.08.19:453][  0]LogConfig: Setting CVar [[r.SkyAtmosphere.SampleCountMax:32.0]]
[2021.04.14-21.08.19:453][  0]LogConfig: Setting CVar [[r.SkyAtmosphere.TransmittanceLUT.UseSmallFormat:0]]
[2021.04.14-21.08.19:453][  0]LogConfig: Setting CVar [[r.SkyAtmosphere.TransmittanceLUT.SampleCount:10.0]]
[2021.04.14-21.08.19:454][  0]LogConfig: Setting CVar [[r.SkyAtmosphere.MultiScatteringLUT.SampleCount:15.0]]
[2021.04.14-21.08.19:454][  0]LogConfig: Applying CVar settings from Section [FoliageQuality@3] File [C:/Users/aveng/Documents/GitHub/GamesAssignment2-SecondYear/Games Assignment Two/GamesAssignmentTwo/Saved/Config/Windows/Scalability.ini]
[2021.04.14-21.08.19:454][  0]LogConfig: Setting CVar [[foliage.DensityScale:1.0]]
[2021.04.14-21.08.19:455][  0]LogConfig: Setting CVar [[grass.DensityScale:1.0]]
[2021.04.14-21.08.19:455][  0]LogConfig: Applying CVar settings from Section [ShadingQuality@3] File [C:/Users/aveng/Documents/GitHub/GamesAssignment2-SecondYear/Games Assignment Two/GamesAssignmentTwo/Saved/Config/Windows/Scalability.ini]
[2021.04.14-21.08.19:455][  0]LogConfig: Setting CVar [[r.HairStrands.SkyLighting.SampleCount:16]]
[2021.04.14-21.08.19:456][  0]LogConfig: Setting CVar [[r.HairStrands.SkyLighting.JitterIntegration:0]]
[2021.04.14-21.08.19:456][  0]LogConfig: Setting CVar [[r.HairStrands.SkyAO.SampleCount:16]]
[2021.04.14-21.08.19:456][  0]LogConfig: Setting CVar [[r.HairStrands.DeepShadow.SuperSampling:0]]
[2021.04.14-21.08.19:457][  0]LogConfig: Setting CVar [[r.HairStrands.VisibilityPPLL:0]]
[2021.04.14-21.08.19:457][  0]LogConfig: Setting CVar [[r.HairStrands.RasterizationScale:0.5]]
[2021.04.14-21.08.19:457][  0]LogConfig: Setting CVar [[r.HairStrands.VelocityRasterizationScale:1]]
[2021.04.14-21.08.19:458][  0]LogConfig: Applying CVar settings from Section [Startup] File [../../../Engine/Config/ConsoleVariables.ini]
[2021.04.14-21.08.19:458][  0]LogConfig: Setting CVar [[net.UseAdaptiveNetUpdateFrequency:0]]
[2021.04.14-21.08.19:458][  0]LogConfig: Setting CVar [[p.chaos.AllowCreatePhysxBodies:1]]
[2021.04.14-21.08.19:459][  0]LogConfig: Setting CVar [[fx.SkipVectorVMBackendOptimizations:1]]
[2021.04.14-21.08.19:461][  0]LogConfig: Applying CVar settings from Section [ConsoleVariables] File [C:/Users/aveng/Documents/GitHub/GamesAssignment2-SecondYear/Games Assignment Two/GamesAssignmentTwo/Saved/Config/Windows/Engine.ini]
[2021.04.14-21.08.19:461][  0]LogInit: Computer: PROGRAMMING-PC
[2021.04.14-21.08.19:462][  0]LogInit: User: aveng
[2021.04.14-21.08.19:463][  0]LogInit: CPU Page size=4096, Cores=12
[2021.04.14-21.08.19:464][  0]LogInit: High frequency timer resolution =10.000000 MHz
[2021.04.14-21.08.19:464][  0]LogMemory: Memory total: Physical=31.9GB (32GB approx)
[2021.04.14-21.08.19:465][  0]LogMemory: Platform Memory Stats for Windows
[2021.04.14-21.08.19:465][  0]LogMemory: Process Physical Memory: 121.10 MB used, 121.11 MB peak
[2021.04.14-21.08.19:465][  0]LogMemory: Process Virtual Memory: 110.56 MB used, 110.56 MB peak
[2021.04.14-21.08.19:466][  0]LogMemory: Physical Memory: 18920.56 MB used,  13753.19 MB free, 32673.75 MB total
[2021.04.14-21.08.19:466][  0]LogMemory: Virtual Memory: 5220.79 MB used,  134212504.00 MB free, 134217728.00 MB total
[2021.04.14-21.08.19:472][  0]LogWindows: WindowsPlatformFeatures enabled
[2021.04.14-21.08.19:530][  0]LogInit: Physics initialised using underlying interface: PhysX
[2021.04.14-21.08.19:530][  0]LogInit: Using OS detected language (en-GB).
[2021.04.14-21.08.19:530][  0]LogInit: Using OS detected locale (en-GB).
[2021.04.14-21.08.19:532][  0]LogTextLocalizationManager: No specific localization for 'en-GB' exists, so the 'en' localization will be used.
[2021.04.14-21.08.19:696][  0]LogSlate: New Slate User Created.  User Index 0, Is Virtual User: 0
[2021.04.14-21.08.19:696][  0]LogSlate: Slate User Registered.  User Index 0, Is Virtual User: 0
[2021.04.14-21.08.19:707][  0]LogHMD: Failed to initialize OpenVR with code 110
[2021.04.14-21.08.19:707][  0]LogD3D11RHI: D3D11 min allowed feature level: 11_0
[2021.04.14-21.08.19:708][  0]LogD3D11RHI: D3D11 max allowed feature level: 11_0
[2021.04.14-21.08.19:709][  0]LogD3D11RHI: D3D11 adapters:
[2021.04.14-21.08.19:812][  0]LogD3D11RHI:    0. 'NVIDIA GeForce GTX 1060 6GB' (Feature Level 11_0)
[2021.04.14-21.08.19:813][  0]LogD3D11RHI:       6052/0/16336 MB DedicatedVideo/DedicatedSystem/SharedSystem, Outputs:2, VendorId:0x10de
[2021.04.14-21.08.19:816][  0]LogD3D11RHI:    1. 'Microsoft Basic Render Driver' (Feature Level 11_0)
[2021.04.14-21.08.19:816][  0]LogD3D11RHI:       0/0/16336 MB DedicatedVideo/DedicatedSystem/SharedSystem, Outputs:0, VendorId:0x1414
[2021.04.14-21.08.19:817][  0]LogD3D11RHI: Chosen D3D11 Adapter: 0
[2021.04.14-21.08.19:831][  0]LogD3D11RHI: Creating new Direct3DDevice
[2021.04.14-21.08.19:831][  0]LogD3D11RHI:     GPU DeviceId: 0x1c03 (for the marketing name, search the web for "GPU Device Id")
[2021.04.14-21.08.19:832][  0]LogWindows: EnumDisplayDevices:
[2021.04.14-21.08.19:832][  0]LogWindows:    0. 'NVIDIA GeForce GTX 1060 6GB' (P:1 D:1)
[2021.04.14-21.08.19:833][  0]LogWindows:    1. 'NVIDIA GeForce GTX 1060 6GB' (P:0 D:1)
[2021.04.14-21.08.19:834][  0]LogWindows:    2. 'NVIDIA GeForce GTX 1060 6GB' (P:0 D:0)
[2021.04.14-21.08.19:834][  0]LogWindows:    3. 'NVIDIA GeForce GTX 1060 6GB' (P:0 D:0)
[2021.04.14-21.08.19:834][  0]LogWindows: DebugString: FoundDriverCount:4 
[2021.04.14-21.08.19:835][  0]LogD3D11RHI:     Adapter Name: NVIDIA GeForce GTX 1060 6GB
[2021.04.14-21.08.19:835][  0]LogD3D11RHI:   Driver Version: 461.92 (internal:27.21.14.6192, unified:461.92)
[2021.04.14-21.08.19:836][  0]LogD3D11RHI:      Driver Date: 3-11-2021
[2021.04.14-21.08.19:836][  0]LogRHI: Texture pool is 4236 MB (70% of 6052 MB)
[2021.04.14-21.08.19:915][  0]LogD3D11RHI: RHI has support for 64 bit atomics
[2021.04.14-21.08.19:916][  0]LogD3D11RHI: Async texture creation enabled
[2021.04.14-21.08.19:917][  0]LogD3D11RHI: Array index from any shader is supported
[2021.04.14-21.08.19:940][  0]LogD3D11RHI: GPU Timing Frequency: 1000.000000 (Debug: 2 1)
[2021.04.14-21.08.20:325][  0]LogTargetPlatformManager: Display: Loaded TargetPlatform 'WindowsNoEditor'
[2021.04.14-21.08.20:330][  0]LogTargetPlatformManager: Display: Loaded TargetPlatform 'Windows'
[2021.04.14-21.08.20:339][  0]LogTargetPlatformManager: Display: Loaded TargetPlatform 'WindowsClient'
[2021.04.14-21.08.20:348][  0]LogTargetPlatformManager: Display: Loaded TargetPlatform 'WindowsServer'
[2021.04.14-21.08.20:348][  0]LogTargetPlatformManager: Display: Building Assets For Windows
[2021.04.14-21.08.20:355][  0]LogAudioDebug: Display: Lib vorbis DLL was dynamically loaded.
[2021.04.14-21.08.20:407][  0]LogShaderCompilers: Guid format shader working directory is -54 characters bigger than the processId version (C:/Users/aveng/Documents/GitHub/GamesAssignment2-SecondYear/Games Assignment Two/GamesAssignmentTwo/Intermediate/Shaders/WorkingDirectory/36824/).
[2021.04.14-21.08.20:407][  0]LogShaderCompilers: Cleaned the shader compiler working directory 'C:/Users/aveng/AppData/Local/Temp/UnrealShaderWorkingDir/55D5C60245DF71BBE3D9CCB7493D62D9/'.
[2021.04.14-21.08.20:408][  0]LogXGEController: Cleaning working directory: C:/Users/aveng/AppData/Local/Temp/UnrealXGEWorkingDir/
[2021.04.14-21.08.20:408][  0]LogXGEController: Cannot use XGE Controller as Incredibuild is not installed on this machine.
[2021.04.14-21.08.20:409][  0]LogShaderCompilers: Cannot use XGE Shader Compiler as Incredibuild is not installed on this machine.
[2021.04.14-21.08.20:409][  0]LogShaderCompilers: Display: Using Local Shader Compiler.
[2021.04.14-21.08.21:070][  0]LogDerivedDataCache: Display: Max Cache Size: 512 MB
[2021.04.14-21.08.21:110][  0]LogDerivedDataCache: Loaded boot cache 0.04s 77MB C:/Users/aveng/AppData/Local/UnrealEngine/4.25/DerivedDataCache/Boot.ddc.
[2021.04.14-21.08.21:110][  0]LogDerivedDataCache: Display: Loaded Boot cache: C:/Users/aveng/AppData/Local/UnrealEngine/4.25/DerivedDataCache/Boot.ddc
[2021.04.14-21.08.21:111][  0]LogDerivedDataCache: FDerivedDataBackendGraph:  Pak pak cache file C:/Users/aveng/Documents/GitHub/GamesAssignment2-SecondYear/Games Assignment Two/GamesAssignmentTwo/DerivedDataCache/DDC.ddp not found, will not use a pak cache.
[2021.04.14-21.08.21:111][  0]LogDerivedDataCache: Unable to find inner node Pak for hierarchical cache Hierarchy.
[2021.04.14-21.08.21:112][  0]LogDerivedDataCache: FDerivedDataBackendGraph:  CompressedPak pak cache file C:/Users/aveng/Documents/GitHub/GamesAssignment2-SecondYear/Games Assignment Two/GamesAssignmentTwo/DerivedDataCache/Compressed.ddp not found, will not use a pak cache.
[2021.04.14-21.08.21:112][  0]LogDerivedDataCache: Unable to find inner node CompressedPak for hierarchical cache Hierarchy.
[2021.04.14-21.08.21:122][  0]LogDerivedDataCache: Display: Pak cache opened for reading ../../../Engine/DerivedDataCache/Compressed.ddp.
[2021.04.14-21.08.21:122][  0]LogDerivedDataCache: FDerivedDataBackendGraph:  EnterprisePak pak cache file ../../../Enterprise/DerivedDataCache/Compressed.ddp not found, will not use a pak cache.
[2021.04.14-21.08.21:123][  0]LogDerivedDataCache: Unable to find inner node EnterprisePak for hierarchical cache Hierarchy.
[2021.04.14-21.08.21:124][  0]LogDerivedDataCache: Using Local data cache path C:/Users/aveng/AppData/Local/UnrealEngine/Common/DerivedDataCache: Writable
[2021.04.14-21.08.21:124][  0]LogDerivedDataCache: Shared data cache path not found in *engine.ini, will not use an Shared cache.
[2021.04.14-21.08.21:125][  0]LogDerivedDataCache: Unable to find inner node Shared for hierarchical cache Hierarchy.
[2021.04.14-21.08.21:160][  0]LogSlate: Using FreeType 2.10.0
[2021.04.14-21.08.21:160][  0]LogSlate: SlateFontServices - WITH_FREETYPE: 1, WITH_HARFBUZZ: 1
[2021.04.14-21.08.21:229][  0]LogInit: Using OS detected language (en-GB).
[2021.04.14-21.08.21:229][  0]LogInit: Using OS detected locale (en-GB).
[2021.04.14-21.08.21:230][  0]LogTextLocalizationManager: No localization for 'en-GB' exists, so 'en' will be used for the language.
[2021.04.14-21.08.21:230][  0]LogTextLocalizationManager: No localization for 'en-GB' exists, so 'en' will be used for the locale.
[2021.04.14-21.08.21:230][  0]LogSlate: FontCache flush requested. Reason: Culture for localization was changed
[2021.04.14-21.08.21:231][  0]LogSlate: FontCache flush requested. Reason: Culture for localization was changed
[2021.04.14-21.08.21:232][  0]LogTextLocalizationManager: Compacting localization data took   0.00ms
[2021.04.14-21.08.21:235][  0]LogAssetRegistry: FAssetRegistry took 0.0018 seconds to start up
[2021.04.14-21.08.21:436][  0]LogPackageLocalizationCache: Processed 20 localized package path(s) for 1 prioritized culture(s) in 0.044496 seconds
[2021.04.14-21.08.21:479][  0]LogInit: Selected Device Profile: [Windows]
[2021.04.14-21.08.21:568][  0]LogMeshReduction: Using QuadricMeshReduction for automatic static mesh reduction
[2021.04.14-21.08.21:568][  0]LogMeshReduction: Using SimplygonMeshReduction for automatic skeletal mesh reduction
[2021.04.14-21.08.21:569][  0]LogMeshReduction: Using ProxyLODMeshReduction for automatic mesh merging
[2021.04.14-21.08.21:569][  0]LogMeshReduction: No distributed automatic mesh merging module available
[2021.04.14-21.08.21:570][  0]LogMeshMerging: No distributed automatic mesh merging module available
[2021.04.14-21.08.21:584][  0]LogNetVersion: GamesAssignmentTwo 1.0.0, NetCL: 13144385, EngineNetVer: 14, GameNetVer: 0 (Checksum: 1185472599)
[2021.04.14-21.08.21:791][  0]LogAISub: UAISubsystem::UAISubsystem AISubsystem (0000020A3EFED8C0), frame # 0
[2021.04.14-21.08.21:791][  0]LogAISub: UAISubsystem::UAISubsystem AIPerceptionSystem (0000020A3EF256C0), frame # 0
[2021.04.14-21.08.21:793][  0]LogAISub: UAISubsystem::UAISubsystem EnvQueryManager (0000020A3EF23C00), frame # 0
[2021.04.14-21.08.21:865][  0]LogCollectionManager: Loaded 0 collections in 0.000803 seconds
[2021.04.14-21.08.21:869][  0]LogFileCache: Scanning file cache for directory 'C:/Users/aveng/Documents/GitHub/GamesAssignment2-SecondYear/Games Assignment Two/GamesAssignmentTwo/Saved/Collections/' took 0.00s
[2021.04.14-21.08.21:869][  0]LogFileCache: Scanning file cache for directory 'C:/Users/aveng/Documents/GitHub/GamesAssignment2-SecondYear/Games Assignment Two/GamesAssignmentTwo/Content/Developers/aveng/Collections/' took 0.00s
[2021.04.14-21.08.21:869][  0]LogFileCache: Scanning file cache for directory 'C:/Users/aveng/Documents/GitHub/GamesAssignment2-SecondYear/Games Assignment Two/GamesAssignmentTwo/Content/Collections/' took 0.00s
[2021.04.14-21.08.21:870][  0]LogCollectionManager: Fixed up redirectors for 0 collections in 0.000003 seconds (updated 0 objects)
[2021.04.14-21.08.21:920][  0]LogMoviePlayer: Initializing movie player
[2021.04.14-21.08.22:115][  0]LogScript: Warning: Script Msg: A null object was passed as a world context object to UEngine::GetWorldFromContextObject().
[2021.04.14-21.08.22:116][  0]LogScript: Warning: Script Msg: A null object was passed as a world context object to UEngine::GetWorldFromContextObject().
[2021.04.14-21.08.22:119][  0]LogScript: Warning: Script Msg: A null object was passed as a world context object to UEngine::GetWorldFromContextObject().
[2021.04.14-21.08.22:121][  0]LogScript: Warning: Script Msg: A null object was passed as a world context object to UEngine::GetWorldFromContextObject().
[2021.04.14-21.08.22:175][  0]LogBlueprint: Warning: [Compiler Ue4ASP_Character] InputAction Event references unknown Action 'Crouch' for  InputAction Crouch
[2021.04.14-21.08.22:176][  0]LogBlueprint: Warning: [Compiler Ue4ASP_Character] Input Axis Event references unknown Axis 'MoveForward' for  InputAxis MoveForward
[2021.04.14-21.08.22:178][  0]LogBlueprint: Warning: [Compiler Ue4ASP_Character] Input Axis Event references unknown Axis 'MoveRight' for  InputAxis MoveRight
[2021.04.14-21.08.22:272][  0]SourceControl: Source control is disabled
[2021.04.14-21.08.22:273][  0]SourceControl: Source control is disabled
[2021.04.14-21.08.22:282][  0]SourceControl: Source control is disabled
[2021.04.14-21.08.22:406][  0]LogAndroidPermission: UAndroidPermissionCallbackProxy::GetInstance
[2021.04.14-21.08.22:424][  0]LogAudioCaptureCore: Display: No Audio Capture implementations found. Audio input will be silent.
[2021.04.14-21.08.22:424][  0]LogAudioCaptureCore: Display: No Audio Capture implementations found. Audio input will be silent.
[2021.04.14-21.08.22:464][  0]LogOcInput: OculusInput pre-init called
[2021.04.14-21.08.22:478][  0]LogUObjectArray: 21163 objects as part of root set at end of initial load.
[2021.04.14-21.08.22:478][  0]LogUObjectAllocator: 5880432 out of 0 bytes used by permanent object pool.
[2021.04.14-21.08.22:479][  0]LogUObjectArray: CloseDisregardForGC: 0/0 objects in disregard for GC pool
[2021.04.14-21.08.22:520][  0]LogEngine: Initializing Engine...
[2021.04.14-21.08.22:521][  0]LogHMD: Failed to initialize OpenVR with code 110
[2021.04.14-21.08.22:522][  0]LogMagicLeap: Warning: VR disabled because ZI is not enabled.  To enable, in the editor, Edit -> Project Settings -> Plugins -> Magic Leap Plugin -> Enable Zero Iteration
[2021.04.14-21.08.22:525][  0]LogStats: UGameplayTagsManager::InitializeManager -  0.000 s
[2021.04.14-21.08.22:601][  0]LogInit: Initializing FReadOnlyCVARCache
[2021.04.14-21.08.22:607][  0]LogAudioMixer: Display: Audio Mixer Platform Settings:
[2021.04.14-21.08.22:607][  0]LogAudioMixer: Display: 	Sample Rate:						  48000
[2021.04.14-21.08.22:607][  0]LogAudioMixer: Display: 	Callback Buffer Frame Size Requested: 1024
[2021.04.14-21.08.22:607][  0]LogAudioMixer: Display: 	Callback Buffer Frame Size To Use:	  1024
[2021.04.14-21.08.22:608][  0]LogAudioMixer: Display: 	Number of buffers to queue:			  2
[2021.04.14-21.08.22:609][  0]LogAudioMixer: Display: 	Max Channels (voices):				  32
[2021.04.14-21.08.22:610][  0]LogAudioMixer: Display: 	Number of Async Source Workers:		  0
[2021.04.14-21.08.22:611][  0]LogAudio: Display: AudioDevice MaxSources: 32
[2021.04.14-21.08.22:612][  0]LogAudio: Display: Using built-in audio occlusion.
[2021.04.14-21.08.22:613][  0]LogAudioMixer: Display: Initializing audio mixer.
[2021.04.14-21.08.22:634][  0]LogAudioMixer: Display: 0: FrontLeft
[2021.04.14-21.08.22:634][  0]LogAudioMixer: Display: 1: FrontRight
[2021.04.14-21.08.22:635][  0]LogAudioMixer: Display: 2: FrontCenter
[2021.04.14-21.08.22:636][  0]LogAudioMixer: Display: 3: LowFrequency
[2021.04.14-21.08.22:636][  0]LogAudioMixer: Display: 4: BackLeft
[2021.04.14-21.08.22:637][  0]LogAudioMixer: Display: 5: BackRight
[2021.04.14-21.08.22:638][  0]LogAudioMixer: Display: 6: SideLeft
[2021.04.14-21.08.22:638][  0]LogAudioMixer: Display: 7: SideRight
[2021.04.14-21.08.22:671][  0]LogAudioMixer: Display: Using Audio Device Speakers (THX Spatial Audio)
[2021.04.14-21.08.22:677][  0]LogAudioMixer: Display: Initializing Sound Submixes...
[2021.04.14-21.08.22:679][  0]LogAudioMixer: Display: Creating Master Submix 'MasterSubmixDefault'
[2021.04.14-21.08.22:679][  0]LogAudioMixer: Display: Creating Master Submix 'MasterReverbSubmixDefault'
[2021.04.14-21.08.22:680][  0]LogAudioMixer: Display: Creating Master Submix 'MasterEQSubmixDefault'
[2021.04.14-21.08.22:683][  0]LogInit: FAudioDevice initialized.
[2021.04.14-21.08.22:685][  0]LogNetVersion: Set ProjectVersion to 1.0.0.0. Version Checksum will be recalculated on next use.
[2021.04.14-21.08.22:761][  0]LogDerivedDataCache: Saved boot cache 0.08s 77MB C:/Users/aveng/AppData/Local/UnrealEngine/4.25/DerivedDataCache/Boot.ddc.
[2021.04.14-21.08.22:763][  0]LogInit: Texture streaming: Enabled
[2021.04.14-21.08.22:805][  0]LogSlate: Updating window title bar state: overlay mode, drag disabled, window buttons hidden, title bar hidden
[2021.04.14-21.08.22:806][  0]LogInit: Display: Game Engine Initialized.
[2021.04.14-21.08.22:806][  0]LogNiagaraEditor: Warning: GEditor isn't valid! Particle reset commands will not work for Niagara components!
[2021.04.14-21.08.22:817][  0]LogInit: Display: Starting Game.
[2021.04.14-21.08.22:817][  0]LogNet: Browse: /Game/Levels/MainMenu?Name=Player
[2021.04.14-21.08.22:817][  0]LogLoad: LoadMap: /Game/Levels/MainMenu?Name=Player
[2021.04.14-21.08.22:817][  0]LogWorld: BeginTearingDown for /Temp/Untitled_0
[2021.04.14-21.08.22:818][  0]LogWorld: UWorld::CleanupWorld for Untitled, bSessionEnded=true, bCleanupResources=true
[2021.04.14-21.08.22:819][  0]LogSlate: InvalidateAllWidgets triggered.  All widgets were invalidated
[2021.04.14-21.08.22:839][  0]LogUObjectHash: Compacting FUObjectHashTables data took   0.78ms
[2021.04.14-21.08.22:891][  0]LogAIModule: Creating AISystem for world MainMenu
[2021.04.14-21.08.22:891][  0]LogAISub: UAISubsystem::UAISubsystem EnvQueryManager (0000020A4663D000), frame # 0
[2021.04.14-21.08.22:892][  0]LogAISub: UAISubsystem::UAISubsystem AIPerceptionSystem (0000020A25B67C40), frame # 0
[2021.04.14-21.08.22:900][  0]LogLoad: Game class is 'BP_GamesAssignmentTwoGameModeBse_C'
[2021.04.14-21.08.22:902][  0]LogWorld: Bringing World /Game/Levels/MainMenu.MainMenu up for play (max tick rate 0) at 2021.04.14-22.08.22
[2021.04.14-21.08.22:902][  0]LogWorld: Bringing up level for play took: 0.001459
[2021.04.14-21.08.22:905][  0]LogGameMode: FindPlayerStart: PATHS NOT DEFINED or NO PLAYERSTART with positive rating
[2021.04.14-21.08.22:908][  0]LogTemp: Warning: Destroy Character
[2021.04.14-21.08.22:909][  0]LogTemp: Warning: 0
[2021.04.14-21.08.22:910][  0]LogTemp: Warning: Load main menu widget from instance called
[2021.04.14-21.08.22:910][  0]LogTemp: Warning: Load main menu widget from instance MenuClass set
[2021.04.14-21.08.22:912][  0]LogTemp: Warning: TRUEEE
[2021.04.14-21.08.22:912][  0]LogLoad: Took 0.095029 seconds to LoadMap(/Game/Levels/MainMenu)
[2021.04.14-21.08.22:934][  0]LogSlate: Took 0.000215 seconds to synchronously load lazily loaded font '../../../Engine/Content/Slate/Fonts/Roboto-Regular.ttf' (155K)
[2021.04.14-21.08.22:945][  0]LogRenderer: Reallocating scene render targets to support 960x1020 Format 10 NumSamples 1 (Frame:1).
[2021.04.14-21.08.22:945][  0]LogLoad: (Engine Initialization) Total time: 5.14 seconds
[2021.04.14-21.08.22:977][  0]LogLoad: (Engine Initialization) Total Blueprint compile time: 0.00 seconds
[2021.04.14-21.08.22:981][  0]LogContentStreaming: Texture pool size now 1000 MB
[2021.04.14-21.08.22:984][  0]LogSlate: InvalidateAllWidgets triggered.  All widgets were invalidated
[2021.04.14-21.08.23:145][  1]LogSlate: Took 0.000170 seconds to synchronously load lazily loaded font '../../../Engine/Content/Slate/Fonts/Roboto-Regular.ttf' (155K)
[2021.04.14-21.08.28:007][832]LogSlate: WidgetSwitcher ('None') active index changed to 1
[2021.04.14-21.08.28:515][  0]LogGameMode: ProcessServerTravel: /Game/Levels/Lobby?listen
[2021.04.14-21.08.28:517][  0]LogEngine: Server switch level: /Game/Levels/Lobby?Name=Player?listen
[2021.04.14-21.08.28:517][  0]LogNet: Browse: /Game/Levels/Lobby?Name=Player?listen
[2021.04.14-21.08.28:517][  0]LogLoad: LoadMap: /Game/Levels/Lobby?Name=Player?listen
[2021.04.14-21.08.28:517][  0]LogWorld: BeginTearingDown for /Game/Levels/MainMenu
[2021.04.14-21.08.28:518][  0]LogWorld: UWorld::CleanupWorld for MainMenu, bSessionEnded=true, bCleanupResources=true
[2021.04.14-21.08.28:518][  0]LogSlate: InvalidateAllWidgets triggered.  All widgets were invalidated
[2021.04.14-21.08.28:559][  0]LogAISub: UAISubsystem::~UAISubsystem EnvQueryManager (0000020A4663D000), frame # 1000
[2021.04.14-21.08.28:559][  0]LogAISub: UAISubsystem::~UAISubsystem AIPerceptionSystem (0000020A25B67C40), frame # 1000
[2021.04.14-21.08.28:561][  0]LogUObjectHash: Compacting FUObjectHashTables data took   0.72ms
[2021.04.14-21.08.28:611][  0]LogAIModule: Creating AISystem for world Lobby
[2021.04.14-21.08.28:611][  0]LogAISub: UAISubsystem::UAISubsystem EnvQueryManager (0000020A45810400), frame # 1000
[2021.04.14-21.08.28:612][  0]LogAISub: UAISubsystem::UAISubsystem AIPerceptionSystem (0000020A286007C0), frame # 1000
[2021.04.14-21.08.28:613][  0]LogLoad: Game class is 'BP_ServerLobbyGameModeBase_C'
[2021.04.14-21.08.28:613][  0]LogNet: ReplicationDriverClass is null! Not using ReplicationDriver.
[2021.04.14-21.08.28:613][  0]LogNetCore: DDoS detection status: detection enabled: 0 analytics enabled: 0
[2021.04.14-21.08.28:614][  0]LogInit: WinSock: Socket queue. Rx: 131072 (config 131072) Tx: 131072 (config 131072)
[2021.04.14-21.08.28:614][  0]LogNet: Created socket for bind address: 0.0.0.0 on port 7777
[2021.04.14-21.08.28:614][  0]PacketHandlerLog: Loaded PacketHandler component: Engine.EngineHandlerComponentFactory (StatelessConnectHandlerComponent)
[2021.04.14-21.08.28:615][  0]LogNet: GameNetDriver IpNetDriver_0 IpNetDriver listening on port 7777
[2021.04.14-21.08.28:616][  0]LogWorld: Bringing World /Game/Levels/Lobby.Lobby up for play (max tick rate 0) at 2021.04.14-22.08.28
[2021.04.14-21.08.28:616][  0]LogWorld: Bringing up level for play took: 0.001121
[2021.04.14-21.08.28:617][  0]LogOnlineSession: Warning: OSS: No game present to join for session (GameSession)
[2021.04.14-21.08.28:618][  0]LogTemp: Warning: Players: 1
[2021.04.14-21.08.28:619][  0]LogTemp: Warning: Destroy Character
[2021.04.14-21.08.28:620][  0]LogTemp: Warning: 0
[2021.04.14-21.08.28:621][  0]LogLoad: Took 0.103401 seconds to LoadMap(/Game/Levels/Lobby)
[2021.04.14-21.08.31:932][372]LogNet: NotifyAcceptingConnection accepted from: 127.0.0.1:53673
[2021.04.14-21.08.31:932][372]LogHandshake: SendConnectChallenge. Timestamp: 3.419538, Cookie: 179208069225205128180166005065032156167175229212255145012063
[2021.04.14-21.08.31:964][373]LogNet: NotifyAcceptingConnection accepted from: 127.0.0.1:53673
[2021.04.14-21.08.31:965][373]LogHandshake: SendChallengeAck. InCookie: 179208069225205128180166005065032156167175229212255145012063
[2021.04.14-21.08.31:966][373]LogNet: Server accepting post-challenge connection from: 127.0.0.1:53673
[2021.04.14-21.08.31:966][373]PacketHandlerLog: Loaded PacketHandler component: Engine.EngineHandlerComponentFactory (StatelessConnectHandlerComponent)
[2021.04.14-21.08.31:966][373]LogNet: NotifyAcceptedConnection: Name: Lobby, TimeStamp: 04/14/21 22:08:31, [UNetConnection] RemoteAddr: 127.0.0.1:53673, Name: IpConnection_0, Driver: GameNetDriver IpNetDriver_0, IsServer: YES, PC: NULL, Owner: NULL, UniqueId: INVALID
[2021.04.14-21.08.31:967][373]LogNet: AddClientConnection: Added client connection: [UNetConnection] RemoteAddr: 127.0.0.1:53673, Name: IpConnection_0, Driver: GameNetDriver IpNetDriver_0, IsServer: YES, PC: NULL, Owner: NULL, UniqueId: INVALID
[2021.04.14-21.08.31:995][374]LogNet: NotifyAcceptingChannel Control 0 server World /Game/Levels/Lobby.Lobby: Accepted
[2021.04.14-21.08.31:995][374]LogNet: Remote platform little endian=1
[2021.04.14-21.08.31:996][374]LogNet: This platform little endian=1
[2021.04.14-21.08.31:997][374]LogNetVersion: GamesAssignmentTwo 1.0.0.0, NetCL: 13144385, EngineNetVer: 14, GameNetVer: 0 (Checksum: 1872474305)
[2021.04.14-21.08.32:015][375]LogNet: Login request: ?Name=Programming-PC-D0341E334C54CC838B9E48A0A333E488 userId: NULL:Programming-PC-D0341E334C54CC838B9E48A0A333E488 platform: NULL
[2021.04.14-21.08.32:143][421]LogNet: Client netspeed is 10000
[2021.04.14-21.08.32:143][421]LogNet: Join request: /Game/Levels/MainMenu?Name=Programming-PC-D0341E334C54CC838B9E48A0A333E488?SplitscreenCount=1
[2021.04.14-21.08.32:144][421]LogOnlineSession: Warning: OSS: No game present to join for session (GameSession)
[2021.04.14-21.08.32:146][421]LogTemp: Warning: 0
[2021.04.14-21.08.32:147][421]LogTemp: Warning: Players: 2
[2021.04.14-21.08.32:147][421]LogNet: Join succeeded: Programming-PC-D0341
[2021.04.14-21.08.42:149][839]LogGameMode: ProcessServerTravel: /Game/Levels/Gamelevel?listen
[2021.04.14-21.08.42:151][839]LogWorld: SeamlessTravel to: /Game/Levels/Gamelevel
[2021.04.14-21.08.42:167][840]LogWorld: BeginTearingDown for /Game/Levels/Lobby
[2021.04.14-21.08.42:168][840]LogWorld: UWorld::CleanupWorld for Lobby, bSessionEnded=false, bCleanupResources=true
[2021.04.14-21.08.42:169][840]LogSlate: InvalidateAllWidgets triggered.  All widgets were invalidated
[2021.04.14-21.08.42:183][840]LogAISub: UAISubsystem::~UAISubsystem AIPerceptionSystem (0000020A286007C0), frame # 1840
[2021.04.14-21.08.42:183][840]LogAISub: UAISubsystem::~UAISubsystem EnvQueryManager (0000020A45810400), frame # 1840
[2021.04.14-21.08.42:184][840]LogUObjectHash: Compacting FUObjectHashTables data took   0.75ms
[2021.04.14-21.08.42:185][840]LogStats:     SeamlessTravel FlushLevelStreaming  -  0.000 s
[2021.04.14-21.08.42:185][840]LogAIModule: Creating AISystem for world Untitled
[2021.04.14-21.08.42:185][840]LogAISub: UAISubsystem::UAISubsystem EnvQueryManager (0000020A6245AC00), frame # 1840
[2021.04.14-21.08.42:185][840]LogAISub: UAISubsystem::UAISubsystem AIPerceptionSystem (0000020A42DDFC40), frame # 1840
[2021.04.14-21.08.42:186][840]LogWorld: Bringing World /Temp/Untitled_1.Untitled up for play (max tick rate 0) at 2021.04.14-22.08.42
[2021.04.14-21.08.42:187][840]LogWorld: Bringing up level for play took: 0.000948
[2021.04.14-21.08.42:187][840]LogWorld: Sending NotifyLoadedWorld for LP: LocalPlayer_0 PC: BP_MainPlayerController_C_0
[2021.04.14-21.08.42:187][840]LogNet: Verbose: NotifyLoadedWorld Begin
[2021.04.14-21.08.42:188][840]LogNet: VeryVerbose: GetFunctionCallspace Server calling Server function: ServerNotifyLoadedWorld Local
[2021.04.14-21.08.42:188][840]LogNet: Verbose: NotifyLoadedWorld End
[2021.04.14-21.08.42:188][840]LogWorld: StartLoadingDestination to: /Game/Levels/Gamelevel
[2021.04.14-21.08.42:268][844]LogWorld: BeginTearingDown for /Temp/Untitled_1
[2021.04.14-21.08.42:268][844]LogWorld: UWorld::CleanupWorld for Untitled, bSessionEnded=true, bCleanupResources=true
[2021.04.14-21.08.42:269][844]LogSlate: InvalidateAllWidgets triggered.  All widgets were invalidated
[2021.04.14-21.08.42:316][844]LogAISub: UAISubsystem::~UAISubsystem AIPerceptionSystem (0000020A42DDFC40), frame # 1844
[2021.04.14-21.08.42:316][844]LogAISub: UAISubsystem::~UAISubsystem EnvQueryManager (0000020A6245AC00), frame # 1844
[2021.04.14-21.08.42:318][844]LogUObjectHash: Compacting FUObjectHashTables data took   0.81ms
[2021.04.14-21.08.42:319][844]LogAIModule: Creating AISystem for world GameLevel
[2021.04.14-21.08.42:319][844]LogAISub: UAISubsystem::UAISubsystem EnvQueryManager (0000020A45E03000), frame # 1844
[2021.04.14-21.08.42:320][844]LogAISub: UAISubsystem::UAISubsystem AIPerceptionSystem (0000020A622E9580), frame # 1844
[2021.04.14-21.08.42:324][844]LogLoad: Game class is 'BP_GamesAssignmentTwoGameModeBse_C'
[2021.04.14-21.08.42:325][844]LogStats:     SeamlessTravel FlushLevelStreaming  -  0.000 s
[2021.04.14-21.08.42:329][844]LogWorld: Bringing World /Game/Levels/Gamelevel.GameLevel up for play (max tick rate 0) at 2021.04.14-22.08.42
[2021.04.14-21.08.42:329][844]LogWorld: Bringing up level for play took: 0.002671
[2021.04.14-21.08.42:329][844]LogWorld: Sending NotifyLoadedWorld for LP: LocalPlayer_0 PC: BP_MainPlayerController_C_0
[2021.04.14-21.08.42:330][844]LogNet: Verbose: NotifyLoadedWorld Begin
[2021.04.14-21.08.42:330][844]LogNet: VeryVerbose: GetFunctionCallspace Server calling Server function: ServerNotifyLoadedWorld Local
[2021.04.14-21.08.42:330][844]LogNet: Verbose: NotifyLoadedWorld End
[2021.04.14-21.08.42:331][844]LogWorld: ----SeamlessTravel finished in 0.18 seconds ------
[2021.04.14-21.08.42:333][844]LogTemp: Warning: Destroy Character
[2021.04.14-21.08.42:334][844]LogTemp: Warning: 4
[2021.04.14-21.08.42:336][844]PIE: Error: Only Local Player Controllers can be assigned to widgets. BP_MainPlayerController_C_1 is not a Local Player Controller.
[2021.04.14-21.08.42:337][844]LogScript: Warning: Accessed None trying to read property CallFunc_Create_ReturnValue
	GameLevel_C /Game/Levels/Gamelevel.GameLevel:PersistentLevel.GameLevel_C_2
	Function /Game/Levels/Gamelevel.GameLevel_C:ExecuteUbergraph_GameLevel:01F1
[2021.04.14-21.08.42:337][844]LogScript: Warning: Script call stack:
	Function /Game/Levels/Gamelevel.GameLevel_C:ReceiveBeginPlay
	Function /Game/Levels/Gamelevel.GameLevel_C:ExecuteUbergraph_GameLevel

[2021.04.14-21.08.42:358][846]LogTemp: Warning: 4
[2021.04.14-21.08.58:464][623]LogNet: UChannel::ReceivedSequencedBunch: Bunch.bClose == true. ChIndex == 0. Calling ConditionalCleanUp.
[2021.04.14-21.08.58:464][623]LogNet: UChannel::CleanUp: ChIndex == 0. Closing connection. [UChannel] ChIndex: 0, Closing: 0 [UNetConnection] RemoteAddr: 127.0.0.1:53673, Name: IpConnection_0, Driver: GameNetDriver IpNetDriver_0, IsServer: YES, PC: BP_MainPlayerController_C_3, Owner: BP_MainPlayerController_C_3, UniqueId: NULL:Programming-PC-D0341E334C54CC838B9E48A0A333E488
[2021.04.14-21.08.58:465][623]LogNet: UNetConnection::Close: [UNetConnection] RemoteAddr: 127.0.0.1:53673, Name: IpConnection_0, Driver: GameNetDriver IpNetDriver_0, IsServer: YES, PC: BP_MainPlayerController_C_3, Owner: BP_MainPlayerController_C_3, UniqueId: NULL:Programming-PC-D0341E334C54CC838B9E48A0A333E488, Channels: 26, Time: 2021.04.14-21.08.58
[2021.04.14-21.08.58:466][623]LogNet: UChannel::Close: Sending CloseBunch. ChIndex == 0. Name: [UChannel] ChIndex: 0, Closing: 0 [UNetConnection] RemoteAddr: 127.0.0.1:53673, Name: IpConnection_0, Driver: GameNetDriver IpNetDriver_0, IsServer: YES, PC: BP_MainPlayerController_C_3, Owner: BP_MainPlayerController_C_3, UniqueId: NULL:Programming-PC-D0341E334C54CC838B9E48A0A333E488
[2021.04.14-21.08.58:468][624]LogOnlineSession: Warning: OSS: No game present to leave for session (GameSession)
[2021.04.14-21.08.59:148][922]LogWindowsDesktop: Alt-F4 pressed!
[2021.04.14-21.08.59:154][922]LogSlate: Window 'GamesAssignmentTwo (64-bit Development PCD3D_SM5) ' being destroyed
[2021.04.14-21.08.59:155][922]LogWindowsTextInputMethodSystem: Display: IME system now deactivated.
[2021.04.14-21.08.59:160][922]LogOnlineSession: Warning: OSS: No game present to leave for session (GameSession)
[2021.04.14-21.08.59:162][922]LogSlate: Updating window title bar state: overlay mode, drag disabled, window buttons hidden, title bar hidden
[2021.04.14-21.08.59:162][922]LogEngine: All Windows Closed
[2021.04.14-21.08.59:164][922]LogWindows: FPlatformMisc::RequestExit(0)
[2021.04.14-21.08.59:166][922]LogCore: Engine exit requested (reason: Win RequestExit)
[2021.04.14-21.08.59:167][923]LogCore: Engine exit requested (reason: EngineExit() was called; note: exit was already requested)
[2021.04.14-21.08.59:170][923]LogAudio: Display: Shutting down audio device while 2 references to it are still alive. For more information, compile with INSTRUMENT_AUDIODEVICE_HANDLES.
[2021.04.14-21.08.59:213][923]LogInit: Display: PreExit Game.
[2021.04.14-21.08.59:246][923]LogWorld: BeginTearingDown for /Game/Levels/Gamelevel
[2021.04.14-21.08.59:247][923]LogNet: World NetDriver shutdown IpNetDriver_0 [GameNetDriver]
[2021.04.14-21.08.59:247][923]LogNet: DestroyNamedNetDriver IpNetDriver_0 [GameNetDriver]
[2021.04.14-21.08.59:248][923]LogExit: GameNetDriver IpNetDriver_0 shut down
[2021.04.14-21.08.59:248][923]LogWorld: UWorld::CleanupWorld for GameLevel, bSessionEnded=true, bCleanupResources=true
[2021.04.14-21.08.59:249][923]LogSlate: InvalidateAllWidgets triggered.  All widgets were invalidated
[2021.04.14-21.08.59:551][923]LogExit: Preparing to exit.
[2021.04.14-21.08.59:552][923]LogMoviePlayer: Shutting down movie player
[2021.04.14-21.08.59:562][923]LogSlate: Updating window title bar state: overlay mode, drag disabled, window buttons hidden, title bar hidden
[2021.04.14-21.08.59:567][923]LogDemo: Cleaned up 0 splitscreen connections with owner deletion
[2021.04.14-21.08.59:568][923]LogExit: Game engine shut down
[2021.04.14-21.08.59:582][923]LogAISub: UAISubsystem::~UAISubsystem AISubsystem (0000020A3EFED8C0), frame # 2923
[2021.04.14-21.08.59:582][923]LogAISub: UAISubsystem::~UAISubsystem AIPerceptionSystem (0000020A3EF256C0), frame # 2923
[2021.04.14-21.08.59:583][923]LogAISub: UAISubsystem::~UAISubsystem EnvQueryManager (0000020A3EF23C00), frame # 2923
[2021.04.14-21.08.59:585][923]LogAISub: UAISubsystem::~UAISubsystem AIPerceptionSystem (0000020A622E9580), frame # 2923
[2021.04.14-21.08.59:585][923]LogAISub: UAISubsystem::~UAISubsystem EnvQueryManager (0000020A45E03000), frame # 2923
[2021.04.14-21.08.59:606][923]LogExit: Object subsystem successfully closed.
[2021.04.14-21.08.59:635][923]LogShaderCompilers: Display: Shaders left to compile 0
[2021.04.14-21.08.59:641][923]LogModuleManager: Shutting down and abandoning module SequenceRecorderSections (504)
[2021.04.14-21.08.59:641][923]LogModuleManager: Shutting down and abandoning module SequenceRecorder (502)
[2021.04.14-21.08.59:641][923]LogModuleManager: Shutting down and abandoning module AutomationController (500)
[2021.04.14-21.08.59:642][923]LogModuleManager: Shutting down and abandoning module AutomationWorker (498)
[2021.04.14-21.08.59:642][923]LogModuleManager: Shutting down and abandoning module Voice (496)
[2021.04.14-21.08.59:642][923]LogModuleManager: Shutting down and abandoning module AIModule (494)
[2021.04.14-21.08.59:643][923]LogModuleManager: Shutting down and abandoning module GameplayDebugger (493)
[2021.04.14-21.08.59:643][923]LogModuleManager: Shutting down and abandoning module AITestSuite (491)
[2021.04.14-21.08.59:643][923]LogModuleManager: Shutting down and abandoning module NavigationSystem (489)
[2021.04.14-21.08.59:643][923]LogModuleManager: Shutting down and abandoning module OculusMR (486)
[2021.04.14-21.08.59:644][923]LogModuleManager: Shutting down and abandoning module WmfMediaFactory (484)
[2021.04.14-21.08.59:645][923]LogModuleManager: Shutting down and abandoning module WebMMediaFactory (482)
[2021.04.14-21.08.59:645][923]LogModuleManager: Shutting down and abandoning module WebMMedia (480)
[2021.04.14-21.08.59:645][923]LogModuleManager: Shutting down and abandoning module OpenExrWrapper (478)
[2021.04.14-21.08.59:646][923]LogModuleManager: Shutting down and abandoning module ImgMediaFactory (476)
[2021.04.14-21.08.59:646][923]LogModuleManager: Shutting down and abandoning module AvfMediaFactory (474)
[2021.04.14-21.08.59:646][923]LogModuleManager: Shutting down and abandoning module MagicLeapMediaCodecFactory (472)
[2021.04.14-21.08.59:647][923]LogModuleManager: Shutting down and abandoning module MagicLeapMediaFactory (470)
[2021.04.14-21.08.59:647][923]LogModuleManager: Shutting down and abandoning module PlanarCut (468)
[2021.04.14-21.08.59:647][923]LogModuleManager: Shutting down and abandoning module CharacterAI (466)
[2021.04.14-21.08.59:648][923]LogModuleManager: Shutting down and abandoning module SessionServices (464)
[2021.04.14-21.08.59:648][923]LogModuleManager: Shutting down and abandoning module MovieSceneCapture (462)
[2021.04.14-21.08.59:648][923]LogModuleManager: Shutting down and abandoning module LiveCoding (460)
[2021.04.14-21.08.59:649][923]LogModuleManager: Shutting down and abandoning module LevelSequence (458)
[2021.04.14-21.08.59:649][923]LogModuleManager: Shutting down and abandoning module MovieSceneTracks (456)
[2021.04.14-21.08.59:649][923]LogModuleManager: Shutting down and abandoning module MovieScene (454)
[2021.04.14-21.08.59:649][923]LogModuleManager: Shutting down and abandoning module StreamingPauseRendering (452)
[2021.04.14-21.08.59:650][923]LogModuleManager: Shutting down and abandoning module PortalServices (450)
[2021.04.14-21.08.59:650][923]LogModuleManager: Shutting down and abandoning module PortalRpc (448)
[2021.04.14-21.08.59:650][923]LogModuleManager: Shutting down and abandoning module MessagingRpc (446)
[2021.04.14-21.08.59:651][923]LogModuleManager: Shutting down and abandoning module AudioMixerXAudio2 (444)
[2021.04.14-21.08.59:651][923]LogModuleManager: Shutting down and abandoning module AudioMixerCore (443)
[2021.04.14-21.08.59:651][923]LogModuleManager: Shutting down and abandoning module ProfilerService (440)
[2021.04.14-21.08.59:818][923]LogModuleManager: Shutting down and abandoning module TaskGraph (438)
[2021.04.14-21.08.59:818][923]LogModuleManager: Shutting down and abandoning module Synthesis (436)
[2021.04.14-21.08.59:819][923]LogModuleManager: Shutting down and abandoning module ProceduralMeshComponent (434)
[2021.04.14-21.08.59:820][923]LogModuleManager: Shutting down and abandoning module OculusInput (432)
[2021.04.14-21.08.59:820][923]LogModuleManager: Shutting down and abandoning module MobilePatchingUtils (430)
[2021.04.14-21.08.59:820][923]LogModuleManager: Shutting down and abandoning module GooglePAD (428)
[2021.04.14-21.08.59:821][923]LogModuleManager: Shutting down and abandoning module EditableMesh (426)
[2021.04.14-21.08.59:821][923]LogModuleManager: Shutting down and abandoning module CustomMeshComponent (424)
[2021.04.14-21.08.59:821][923]LogModuleManager: Shutting down and abandoning module CableComponent (422)
[2021.04.14-21.08.59:822][923]LogModuleManager: Shutting down and abandoning module AudioCapture (420)
[2021.04.14-21.08.59:823][923]LogModuleManager: Shutting down and abandoning module AudioCaptureRtAudio (419)
[2021.04.14-21.08.59:823][923]LogModuleManager: Shutting down and abandoning module AssetTags (416)
[2021.04.14-21.08.59:823][923]LogModuleManager: Shutting down and abandoning module ArchVisCharacter (414)
[2021.04.14-21.08.59:824][923]LogModuleManager: Shutting down and abandoning module AppleImageUtilsBlueprintSupport (412)
[2021.04.14-21.08.59:825][923]LogModuleManager: Shutting down and abandoning module AppleImageUtils (410)
[2021.04.14-21.08.59:825][923]LogModuleManager: Shutting down and abandoning module AndroidPermission (408)
[2021.04.14-21.08.59:825][923]LogModuleManager: Shutting down and abandoning module NUTUnrealEngine4 (406)
[2021.04.14-21.08.59:826][923]LogModuleManager: Shutting down and abandoning module NetcodeUnitTest (404)
[2021.04.14-21.08.59:826][923]LogModuleManager: Shutting down and abandoning module TemplateSequence (402)
[2021.04.14-21.08.59:826][923]LogModuleManager: Shutting down and abandoning module MovieRenderPipelineRenderPasses (400)
[2021.04.14-21.08.59:827][923]LogModuleManager: Shutting down and abandoning module MovieRenderPipelineSettings (398)
[2021.04.14-21.08.59:827][923]LogModuleManager: Shutting down and abandoning module MovieRenderPipelineCore (396)
[2021.04.14-21.08.59:827][923]LogModuleManager: Shutting down and abandoning module ImageWriteQueue (395)
[2021.04.14-21.08.59:831][923]LogModuleManager: Shutting down and abandoning module MediaCompositing (392)
[2021.04.14-21.08.59:831][923]LogModuleManager: Shutting down and abandoning module ImgMedia (390)
[2021.04.14-21.08.59:831][923]LogModuleManager: Shutting down and abandoning module MagicLeapSharedWorld (388)
[2021.04.14-21.08.59:832][923]LogModuleManager: Shutting down and abandoning module MagicLeapLightEstimation (386)
[2021.04.14-21.08.59:832][923]LogModuleManager: Shutting down and abandoning module MagicLeapHelperVulkan (384)
[2021.04.14-21.08.59:832][923]LogModuleManager: Shutting down and abandoning module MagicLeapHelperOpenGL (382)
[2021.04.14-21.08.59:833][923]LogModuleManager: Shutting down and abandoning module MagicLeapAudio (380)
[2021.04.14-21.08.59:833][923]LogModuleManager: Shutting down and abandoning module MeshSolverUtilities (378)
[2021.04.14-21.08.59:833][923]LogModuleManager: Shutting down and abandoning module MeshConversion (376)
[2021.04.14-21.08.59:834][923]LogModuleManager: Shutting down and abandoning module DynamicMesh (374)
[2021.04.14-21.08.59:834][923]LogModuleManager: Shutting down and abandoning module GeometryAlgorithms (372)
[2021.04.14-21.08.59:834][923]LogModuleManager: Shutting down and abandoning module GeometricObjects (370)
[2021.04.14-21.08.59:835][923]LogModuleManager: Shutting down and abandoning module GeometryCollectionTracks (368)
[2021.04.14-21.08.59:835][923]LogModuleManager: Shutting down and abandoning module GeometryCollectionSequencer (367)
[2021.04.14-21.08.59:836][923]LogModuleManager: Shutting down and abandoning module GeometryCacheTracks (364)
[2021.04.14-21.08.59:836][923]LogModuleManager: Shutting down and abandoning module GeometryCacheSequencer (363)
[2021.04.14-21.08.59:836][923]LogModuleManager: Shutting down and abandoning module GeometryCache (360)
[2021.04.14-21.08.59:837][923]LogModuleManager: Shutting down and abandoning module GeometryCacheEd (359)
[2021.04.14-21.08.59:837][923]LogModuleManager: Shutting down and abandoning module ChaosNiagara (356)
[2021.04.14-21.08.59:837][923]LogModuleManager: Shutting down and abandoning module ChaosCloth (354)
[2021.04.14-21.08.59:838][923]LogModuleManager: Shutting down and abandoning module BackChannel (352)
[2021.04.14-21.08.59:839][923]LogModuleManager: Shutting down and abandoning module AutomationUtils (350)
[2021.04.14-21.08.59:840][923]LogModuleManager: Shutting down and abandoning module VisualStudioSourceCodeAccess (348)
[2021.04.14-21.08.59:840][923]LogModuleManager: Shutting down and abandoning module HotReload (347)
[2021.04.14-21.08.59:840][923]LogModuleManager: Shutting down and abandoning module VisualStudioCodeSourceCodeAccess (344)
[2021.04.14-21.08.59:841][923]LogModuleManager: Shutting down and abandoning module UObjectPlugin (342)
[2021.04.14-21.08.59:841][923]LogModuleManager: Shutting down and abandoning module SubversionSourceControl (340)
[2021.04.14-21.08.59:841][923]LogModuleManager: Shutting down and abandoning module RiderSourceCodeAccess (338)
[2021.04.14-21.08.59:842][923]LogModuleManager: Shutting down and abandoning module PerforceSourceControl (336)
[2021.04.14-21.08.59:842][923]LogModuleManager: Shutting down and abandoning module SourceControl (335)
[2021.04.14-21.08.59:842][923]LogModuleManager: Shutting down and abandoning module CLionSourceCodeAccess (332)
[2021.04.14-21.08.59:843][923]LogModuleManager: Shutting down and abandoning module ActorLayerUtilities (330)
[2021.04.14-21.08.59:843][923]LogModuleManager: Shutting down and abandoning module GamesAssignmentTwo (328)
[2021.04.14-21.08.59:843][923]LogModuleManager: Shutting down and abandoning module SoundFields (326)
[2021.04.14-21.08.59:843][923]LogModuleManager: Shutting down and abandoning module SignificanceManager (324)
[2021.04.14-21.08.59:844][923]LogModuleManager: Shutting down and abandoning module RuntimePhysXCooking (322)
[2021.04.14-21.08.59:844][923]LogModuleManager: Shutting down and abandoning module PhysXVehiclesEditor (320)
[2021.04.14-21.08.59:844][923]LogModuleManager: Shutting down and abandoning module LocationServicesBPLibrary (316)
[2021.04.14-21.08.59:845][923]LogModuleManager: Shutting down and abandoning module ActorSequence (314)
[2021.04.14-21.08.59:845][923]LogModuleManager: Shutting down and abandoning module UdpMessaging (312)
[2021.04.14-21.08.59:845][923]LogModuleManager: Shutting down and abandoning module TcpMessaging (310)
[2021.04.14-21.08.59:846][923]LogModuleManager: Shutting down and abandoning module MagicLeapARPin (308)
[2021.04.14-21.08.59:846][923]LogModuleManager: Shutting down and abandoning module MagicLeapHandMeshing (306)
[2021.04.14-21.08.59:846][923]LogModuleManager: Shutting down and abandoning module MagicLeapSecureStorage (304)
[2021.04.14-21.08.59:847][923]LogModuleManager: Shutting down and abandoning module MagicLeapPrivileges (302)
[2021.04.14-21.08.59:847][923]LogModuleManager: Shutting down and abandoning module MagicLeapPlanes (300)
[2021.04.14-21.08.59:847][923]LogMagicLeapPlanes: Planes tracker already destroyed.
[2021.04.14-21.08.59:848][923]LogModuleManager: Shutting down and abandoning module MagicLeapImageTracker (298)
[2021.04.14-21.08.59:850][923]LogModuleManager: Shutting down and abandoning module MagicLeapIdentity (296)
[2021.04.14-21.08.59:850][923]LogModuleManager: Shutting down and abandoning module MagicLeapHandTracking (294)
[2021.04.14-21.08.59:850][923]LogModuleManager: Shutting down and abandoning module MagicLeapEyeTracker (292)
[2021.04.14-21.08.59:851][923]LogModuleManager: Shutting down and abandoning module MagicLeapController (290)
[2021.04.14-21.08.59:851][923]LogSlate: Slate User Destroyed.  User Index 0, Is Virtual User: 0
[2021.04.14-21.08.59:851][923]LogModuleManager: Shutting down and abandoning module MagicLeapARPinImpl (288)
[2021.04.14-21.08.59:852][923]LogModuleManager: Shutting down and abandoning module MagicLeapAR (286)
[2021.04.14-21.08.59:852][923]LogModuleManager: Shutting down and abandoning module AugmentedReality (285)
[2021.04.14-21.08.59:852][923]LogModuleManager: Shutting down and abandoning module NiagaraAnimNotifies (282)
[2021.04.14-21.08.59:853][923]LogModuleManager: Shutting down and abandoning module Niagara (280)
[2021.04.14-21.08.59:853][923]LogModuleManager: Shutting down and abandoning module SignalProcessing (279)
[2021.04.14-21.08.59:854][923]LogModuleManager: Shutting down and abandoning module NiagaraEditor (277)
[2021.04.14-21.08.59:854][923]LogModuleManager: Shutting down and abandoning module NiagaraCore (274)
[2021.04.14-21.08.59:854][923]LogModuleManager: Shutting down and abandoning module GameplayTagsEditor (272)
[2021.04.14-21.08.59:855][923]LogModuleManager: Shutting down and abandoning module FacialAnimation (270)
[2021.04.14-21.08.59:855][923]LogModuleManager: Shutting down and abandoning module AssetManagerEditor (268)
[2021.04.14-21.08.59:855][923]LogModuleManager: Shutting down and abandoning module TreeMap (267)
[2021.04.14-21.08.59:856][923]LogModuleManager: Shutting down and abandoning module AnimationSharing (264)
[2021.04.14-21.08.59:856][923]LogModuleManager: Shutting down and abandoning module LightPropagationVolumeRuntime (262)
[2021.04.14-21.08.59:856][923]LogModuleManager: Shutting down and abandoning module Paper2D (260)
[2021.04.14-21.08.59:857][923]LogModuleManager: Shutting down and abandoning module WindowsMoviePlayer (258)
[2021.04.14-21.08.59:858][923]LogModuleManager: Shutting down and abandoning module WebMMoviePlayer (256)
[2021.04.14-21.08.59:859][923]LogModuleManager: Shutting down and abandoning module NetworkReplayStreaming (254)
[2021.04.14-21.08.59:859][923]LogModuleManager: Shutting down and abandoning module PacketHandler (252)
[2021.04.14-21.08.59:859][923]LogModuleManager: Shutting down and abandoning module ClothingSystemEditor (250)
[2021.04.14-21.08.59:860][923]LogModuleManager: Shutting down and abandoning module ClothingSystemRuntimeNv (248)
[2021.04.14-21.08.59:860][923]LogModuleManager: Shutting down and abandoning module MediaAssets (246)
[2021.04.14-21.08.59:860][923]LogModuleManager: Shutting down and abandoning module Overlay (244)
[2021.04.14-21.08.59:861][923]LogModuleManager: Shutting down and abandoning module OverlayEditor (243)
[2021.04.14-21.08.59:861][923]LogModuleManager: Shutting down and abandoning module VREditor (240)
[2021.04.14-21.08.59:861][923]LogModuleManager: Shutting down and abandoning module StringTableEditor (238)
[2021.04.14-21.08.59:862][923]LogModuleManager: Shutting down and abandoning module GameplayTasksEditor (236)
[2021.04.14-21.08.59:862][923]LogModuleManager: Shutting down and abandoning module BehaviorTreeEditor (234)
[2021.04.14-21.08.59:862][923]LogModuleManager: Shutting down and abandoning module FunctionalTesting (232)
[2021.04.14-21.08.59:863][923]LogModuleManager: Shutting down and abandoning module CollisionAnalyzer (230)
[2021.04.14-21.08.59:863][923]LogModuleManager: Shutting down and abandoning module UMG (228)
[2021.04.14-21.08.59:863][923]LogModuleManager: Shutting down and abandoning module UMGEditor (227)
[2021.04.14-21.08.59:863][923]LogModuleManager: Shutting down and abandoning module Sequencer (226)
[2021.04.14-21.08.59:864][923]LogModuleManager: Shutting down and abandoning module MessageLog (223)
[2021.04.14-21.08.59:864][923]LogModuleManager: Shutting down and abandoning module MaterialEditor (221)
[2021.04.14-21.08.59:864][923]LogModuleManager: Shutting down and abandoning module ContentBrowser (220)
[2021.04.14-21.08.59:865][923]LogModuleManager: Shutting down and abandoning module WorkspaceMenuStructure (219)
[2021.04.14-21.08.59:865][923]LogModuleManager: Shutting down and abandoning module CollectionManager (217)
[2021.04.14-21.08.59:866][923]LogModuleManager: Shutting down and abandoning module DirectoryWatcher (216)
[2021.04.14-21.08.59:866][923]LogModuleManager: Shutting down and abandoning module SlateReflector (208)
[2021.04.14-21.08.59:866][923]LogModuleManager: Shutting down and abandoning module Slate (206)
[2021.04.14-21.08.59:866][923]LogModuleManager: Shutting down and abandoning module SlateCore (204)
[2021.04.14-21.08.59:867][923]LogModuleManager: Shutting down and abandoning module LandscapeEditorUtilities (202)
[2021.04.14-21.08.59:867][923]LogModuleManager: Shutting down and abandoning module EditorStyle (200)
[2021.04.14-21.08.59:868][923]LogModuleManager: Shutting down and abandoning module UnrealEd (198)
[2021.04.14-21.08.59:869][923]LogModuleManager: Shutting down and abandoning module MRMesh (196)
[2021.04.14-21.08.59:870][923]LogModuleManager: Shutting down and abandoning module Messaging (194)
[2021.04.14-21.08.59:870][923]LogModuleManager: Shutting down and abandoning module SourceCodeAccess (192)
[2021.04.14-21.08.59:870][923]LogModuleManager: Shutting down and abandoning module HeadMountedDisplay (190)
[2021.04.14-21.08.59:870][923]LogModuleManager: Shutting down and abandoning module XAudio2 (188)
[2021.04.14-21.08.59:871][923]LogModuleManager: Shutting down and abandoning module Networking (186)
[2021.04.14-21.08.59:871][923]LogModuleManager: Shutting down and abandoning module Core (184)
[2021.04.14-21.08.59:871][923]LogModuleManager: Shutting down and abandoning module MovieSceneTools (182)
[2021.04.14-21.08.59:872][923]LogModuleManager: Shutting down and abandoning module KismetCompiler (180)
[2021.04.14-21.08.59:872][923]LogModuleManager: Shutting down and abandoning module MeshBuilder (178)
[2021.04.14-21.08.59:872][923]LogModuleManager: Shutting down and abandoning module MeshUtilities (176)
[2021.04.14-21.08.59:873][923]LogModuleManager: Shutting down and abandoning module MeshMergeUtilities (175)
[2021.04.14-21.08.59:873][923]LogModuleManager: Shutting down and abandoning module MeshReductionInterface (174)
[2021.04.14-21.08.59:873][923]LogModuleManager: Shutting down and abandoning module MeshBoneReduction (173)
[2021.04.14-21.08.59:874][923]LogModuleManager: Shutting down and abandoning module SkeletalMeshReduction (171)
[2021.04.14-21.08.59:874][923]LogModuleManager: Shutting down and abandoning module ProxyLODMeshReduction (169)
[2021.04.14-21.08.59:874][923]LogModuleManager: Shutting down and abandoning module QuadricMeshReduction (167)
[2021.04.14-21.08.59:874][923]LogModuleManager: Shutting down and abandoning module MaterialBaking (163)
[2021.04.14-21.08.59:875][923]LogModuleManager: Shutting down and abandoning module NullInstallBundleManager (158)
[2021.04.14-21.08.59:875][923]LogModuleManager: Shutting down and abandoning module PIEPreviewDeviceProfileSelector (156)
[2021.04.14-21.08.59:875][923]LogModuleManager: Shutting down and abandoning module DerivedDataCache (154)
[2021.04.14-21.08.59:876][923]LogModuleManager: Shutting down and abandoning module XGEController (152)
[2021.04.14-21.08.59:876][923]LogXGEController: Cleaning working directory: C:/Users/aveng/AppData/Local/Temp/UnrealXGEWorkingDir/
[2021.04.14-21.08.59:877][923]LogModuleManager: Shutting down and abandoning module TargetPlatform (150)
[2021.04.14-21.08.59:877][923]LogModuleManager: Shutting down and abandoning module VulkanShaderFormat (149)
[2021.04.14-21.08.59:877][923]LogModuleManager: Shutting down and abandoning module ShaderFormatVectorVM (147)
[2021.04.14-21.08.59:877][923]LogModuleManager: Shutting down and abandoning module ShaderFormatOpenGL (145)
[2021.04.14-21.08.59:878][923]LogModuleManager: Shutting down and abandoning module ShaderFormatD3D (143)
[2021.04.14-21.08.59:880][923]LogModuleManager: Shutting down and abandoning module MetalShaderFormat (141)
[2021.04.14-21.08.59:880][923]LogModuleManager: Shutting down and abandoning module TextureFormatUncompressed (139)
[2021.04.14-21.08.59:880][923]LogModuleManager: Shutting down and abandoning module TextureFormatPVR (137)
[2021.04.14-21.08.59:881][923]LogModuleManager: Shutting down and abandoning module TextureFormatDXT (135)
[2021.04.14-21.08.59:881][923]LogModuleManager: Shutting down and abandoning module TextureFormatIntelISPCTexComp (133)
[2021.04.14-21.08.59:881][923]LogModuleManager: Shutting down and abandoning module TextureFormatASTC (131)
[2021.04.14-21.08.59:881][923]LogModuleManager: Shutting down and abandoning module ImageWrapper (130)
[2021.04.14-21.08.59:882][923]LogModuleManager: Shutting down and abandoning module TextureFormatAndroid (127)
[2021.04.14-21.08.59:882][923]LogModuleManager: Shutting down and abandoning module AudioFormatOpus (125)
[2021.04.14-21.08.59:882][923]LogModuleManager: Shutting down and abandoning module AudioFormatOgg (123)
[2021.04.14-21.08.59:883][923]LogModuleManager: Shutting down and abandoning module AudioFormatADPCM (121)
[2021.04.14-21.08.59:883][923]LogModuleManager: Shutting down and abandoning module WindowsServerTargetPlatform (119)
[2021.04.14-21.08.59:883][923]LogModuleManager: Shutting down and abandoning module WindowsClientTargetPlatform (117)
[2021.04.14-21.08.59:884][923]LogModuleManager: Shutting down and abandoning module WindowsTargetPlatform (115)
[2021.04.14-21.08.59:884][923]LogModuleManager: Shutting down and abandoning module WindowsNoEditorTargetPlatform (113)
[2021.04.14-21.08.59:884][923]LogModuleManager: Shutting down and abandoning module InputCore (110)
[2021.04.14-21.08.59:885][923]LogModuleManager: Shutting down and abandoning module Settings (108)
[2021.04.14-21.08.59:885][923]LogModuleManager: Shutting down and abandoning module PhysXCooking (106)
[2021.04.14-21.08.59:885][923]LogModuleManager: Shutting down and abandoning module ChaosSolvers (104)
[2021.04.14-21.08.59:886][923]LogModuleManager: Shutting down and abandoning module FieldSystemEngine (103)
[2021.04.14-21.08.59:886][923]LogModuleManager: Shutting down and abandoning module Chaos (100)
[2021.04.14-21.08.59:886][923]LogModuleManager: Shutting down and abandoning module WindowsPlatformFeatures (98)
[2021.04.14-21.08.59:887][923]LogModuleManager: Shutting down and abandoning module GameplayMediaEncoder (97)
[2021.04.14-21.08.59:887][923]LogModuleManager: Shutting down and abandoning module AVEncoder (96)
[2021.04.14-21.08.59:888][923]LogModuleManager: Shutting down and abandoning module SteamVRInputDevice (92)
[2021.04.14-21.08.59:889][923]LogModuleManager: Shutting down and abandoning module SteamVRInput (90)
[2021.04.14-21.08.59:890][923]LogModuleManager: Shutting down and abandoning module SteamVR (88)
[2021.04.14-21.08.59:890][923]LogHMD: Freeing OpenVRDLLHandle.
[2021.04.14-21.08.59:891][923]LogModuleManager: Shutting down and abandoning module OculusHMD (86)
[2021.04.14-21.08.59:891][923]LogModuleManager: Shutting down and abandoning module ExampleDeviceProfileSelector (84)
[2021.04.14-21.08.59:891][923]LogModuleManager: Shutting down and abandoning module LauncherChunkInstaller (82)
[2021.04.14-21.08.59:891][923]LogModuleManager: Shutting down and abandoning module OnlineBlueprintSupport (80)
[2021.04.14-21.08.59:892][923]LogModuleManager: Shutting down and abandoning module OnlineSubsystem (76)
[2021.04.14-21.08.59:893][923]LogModuleManager: Shutting down and abandoning module XMPP (71)
[2021.04.14-21.08.59:893][923]LogModuleManager: Shutting down and abandoning module WebSockets (70)
[2021.04.14-21.08.59:908][923]LogModuleManager: Shutting down and abandoning module HTTP (67)
[2021.04.14-21.08.59:919][923]LogModuleManager: Shutting down and abandoning module SSL (66)
[2021.04.14-21.08.59:920][923]LogModuleManager: Shutting down and abandoning module WmfMedia (62)
[2021.04.14-21.08.59:921][923]LogModuleManager: Shutting down and abandoning module Media (61)
[2021.04.14-21.08.59:921][923]LogModuleManager: Shutting down and abandoning module MagicLeap (58)
[2021.04.14-21.08.59:921][923]LogModuleManager: Shutting down and abandoning module NiagaraVertexFactories (56)
[2021.04.14-21.08.59:921][923]LogModuleManager: Shutting down and abandoning module NiagaraShader (54)
[2021.04.14-21.08.59:921][923]LogModuleManager: Shutting down and abandoning module VariantManagerContent (52)
[2021.04.14-21.08.59:922][923]LogModuleManager: Shutting down and abandoning module DatasmithContent (50)
[2021.04.14-21.08.59:922][923]LogModuleManager: Shutting down and abandoning module AISupportModule (48)
[2021.04.14-21.08.59:922][923]LogModuleManager: Shutting down and abandoning module DesktopPlatform (46)
[2021.04.14-21.08.59:923][923]LogModuleManager: Shutting down and abandoning module PlatformCryptoOpenSSL (44)
[2021.04.14-21.08.59:923][923]LogModuleManager: Shutting down and abandoning module PlatformCryptoTypes (42)
[2021.04.14-21.08.59:923][923]LogModuleManager: Shutting down and abandoning module PlatformCrypto (40)
[2021.04.14-21.08.59:924][923]LogModuleManager: Shutting down and abandoning module AnimationModifiers (38)
[2021.04.14-21.08.59:924][923]LogModuleManager: Shutting down and abandoning module PropertyEditor (37)
[2021.04.14-21.08.59:924][923]LogModuleManager: Shutting down and abandoning module AudioEditor (34)
[2021.04.14-21.08.59:925][923]LogModuleManager: Shutting down and abandoning module TextureCompressor (32)
[2021.04.14-21.08.59:925][923]LogModuleManager: Shutting down and abandoning module RenderCore (30)
[2021.04.14-21.08.59:925][923]LogModuleManager: Shutting down and abandoning module Landscape (28)
[2021.04.14-21.08.59:925][923]LogModuleManager: Shutting down and abandoning module SlateRHIRenderer (26)
[2021.04.14-21.08.59:926][923]LogModuleManager: Shutting down and abandoning module OpenGLDrv (24)
[2021.04.14-21.08.59:926][923]LogModuleManager: Shutting down and abandoning module D3D11RHI (22)
[2021.04.14-21.08.59:926][923]LogModuleManager: Shutting down and abandoning module AnimGraphRuntime (20)
[2021.04.14-21.08.59:927][923]LogModuleManager: Shutting down and abandoning module Renderer (18)
[2021.04.14-21.08.59:928][923]LogModuleManager: Shutting down and abandoning module Engine (16)
[2021.04.14-21.08.59:929][923]LogModuleManager: Shutting down and abandoning module CoreUObject (14)
[2021.04.14-21.08.59:929][923]LogModuleManager: Shutting down and abandoning module NetworkFile (12)
[2021.04.14-21.08.59:929][923]LogModuleManager: Shutting down and abandoning module CookedIterativeFile (10)
[2021.04.14-21.08.59:930][923]LogModuleManager: Shutting down and abandoning module StreamingFile (8)
[2021.04.14-21.08.59:930][923]LogModuleManager: Shutting down and abandoning module SandboxFile (6)
[2021.04.14-21.08.59:930][923]LogModuleManager: Shutting down and abandoning module PakFile (4)
[2021.04.14-21.08.59:930][923]LogModuleManager: Shutting down and abandoning module RSA (3)
[2021.04.14-21.09.00:021][923]LogContentStreaming: Display: There are 1 unreleased StreamingManagers
[2021.04.14-21.09.00:021][923]LogD3D11RHI: Shutdown
[2021.04.14-21.09.00:021][923]LogD3D11RHI: CleanupD3DDevice
[2021.04.14-21.09.00:038][923]LogExit: Exiting.
[2021.04.14-21.09.00:051][923]Log file closed, 04/14/21 22:09:00
