Log file open, 04/14/21 07:57:55
LogInit: Display: Running engine for game: GamesAssignmentTwo
LogPlatformFile: Not using cached read wrapper
LogTaskGraph: Started task graph with 5 named threads and 71 total threads with 3 sets of task threads.
LogStats: Stats thread started at 0.511408
LogD3D11RHI: Loaded GFSDK_Aftermath_Lib.x64.dll
LogICUInternationalization: ICU TimeZone Detection - Raw Offset: +0:00, Platform Override: ''
LogPluginManager: Mounting plugin Paper2D
LogPluginManager: Mounting plugin AISupport
LogPluginManager: Mounting plugin LightPropagationVolume
LogPluginManager: Mounting plugin CameraShakePreviewer
LogPluginManager: Mounting plugin ActorLayerUtilities
LogPluginManager: Mounting plugin AnimationSharing
LogPluginManager: Mounting plugin CLionSourceCodeAccess
LogPluginManager: Mounting plugin CodeLiteSourceCodeAccess
LogPluginManager: Mounting plugin GitSourceControl
LogPluginManager: Mounting plugin KDevelopSourceCodeAccess
LogPluginManager: Mounting plugin NullSourceCodeAccess
LogPluginManager: Mounting plugin PerforceSourceControl
LogPluginManager: Mounting plugin PlasticSourceControl
LogPluginManager: Mounting plugin RiderSourceCodeAccess
LogPluginManager: Mounting plugin SubversionSourceControl
LogPluginManager: Mounting plugin UObjectPlugin
LogPluginManager: Mounting plugin VisualStudioCodeSourceCodeAccess
LogPluginManager: Mounting plugin VisualStudioSourceCodeAccess
LogPluginManager: Mounting plugin XCodeSourceCodeAccess
LogPluginManager: Mounting plugin AssetManagerEditor
LogPluginManager: Mounting plugin CryptoKeys
LogPluginManager: Mounting plugin CurveEditorTools
LogPluginManager: Mounting plugin DataValidation
LogPluginManager: Mounting plugin EditorScriptingUtilities
LogPluginManager: Mounting plugin FacialAnimation
LogPluginManager: Mounting plugin GameplayTagsEditor
LogPluginManager: Mounting plugin GeometryMode
LogPluginManager: Mounting plugin MacGraphicsSwitching
LogPluginManager: Mounting plugin MaterialAnalyzer
LogPluginManager: Mounting plugin MobileLauncherProfileWizard
LogPluginManager: Mounting plugin PluginBrowser
LogPluginManager: Mounting plugin SpeedTreeImporter
LogPluginManager: Mounting plugin DatasmithContent
LogPluginManager: Mounting plugin VariantManagerContent
LogPluginManager: Mounting plugin AlembicImporter
LogPluginManager: Mounting plugin AutomationUtils
LogPluginManager: Mounting plugin BackChannel
LogPluginManager: Mounting plugin ChaosCloth
LogPluginManager: Mounting plugin ChaosClothEditor
LogPluginManager: Mounting plugin ChaosEditor
LogPluginManager: Mounting plugin ChaosNiagara
LogPluginManager: Mounting plugin ChaosSolverPlugin
LogPluginManager: Mounting plugin CharacterAI
LogPluginManager: Mounting plugin GeometryCache
LogPluginManager: Mounting plugin GeometryCollectionPlugin
LogPluginManager: Mounting plugin GeometryProcessing
LogPluginManager: Mounting plugin PlanarCut
LogPluginManager: Mounting plugin PlatformCrypto
LogPluginManager: Mounting plugin ProxyLODPlugin
LogPluginManager: Mounting plugin SkeletalReduction
LogPluginManager: Mounting plugin Niagara
LogPluginManager: Mounting plugin MagicLeap
LogPluginManager: Mounting plugin MagicLeapLightEstimation
LogPluginManager: Mounting plugin MagicLeapMedia
LogPluginManager: Mounting plugin MagicLeapPassableWorld
LogPluginManager: Mounting plugin MLSDK
LogPluginManager: Mounting plugin AndroidMedia
LogPluginManager: Mounting plugin AvfMedia
LogPluginManager: Mounting plugin ImgMedia
LogPluginManager: Mounting plugin MediaCompositing
LogPluginManager: Mounting plugin MediaPlayerEditor
LogPluginManager: Mounting plugin WebMMedia
LogPluginManager: Mounting plugin WmfMedia
LogPluginManager: Mounting plugin MeshPainting
LogPluginManager: Mounting plugin TcpMessaging
LogPluginManager: Mounting plugin UdpMessaging
LogPluginManager: Mounting plugin ActorSequence
LogPluginManager: Mounting plugin LevelSequenceEditor
LogPluginManager: Mounting plugin MatineeToLevelSequence
LogPluginManager: Mounting plugin MovieRenderPipeline
LogPluginManager: Mounting plugin TemplateSequence
LogPluginManager: Mounting plugin NetcodeUnitTest
LogPluginManager: Mounting plugin NUTUnrealEngine4
LogPluginManager: Mounting plugin OnlineSubsystemGooglePlay
LogPluginManager: Mounting plugin OnlineSubsystemIOS
LogPluginManager: Mounting plugin OnlineSubsystem
LogPluginManager: Mounting plugin OnlineSubsystemNull
LogPluginManager: Mounting plugin OnlineSubsystemUtils
LogPluginManager: Mounting plugin LauncherChunkInstaller
LogPluginManager: Mounting plugin AndroidDeviceProfileSelector
LogPluginManager: Mounting plugin AndroidMoviePlayer
LogPluginManager: Mounting plugin AndroidPermission
LogPluginManager: Mounting plugin AppleImageUtils
LogPluginManager: Mounting plugin AppleMoviePlayer
LogPluginManager: Mounting plugin ArchVisCharacter
LogPluginManager: Mounting plugin AssetTags
LogPluginManager: Mounting plugin AudioCapture
LogPluginManager: Mounting plugin CableComponent
LogPluginManager: Mounting plugin CustomMeshComponent
LogPluginManager: Mounting plugin EditableMesh
LogPluginManager: Mounting plugin ExampleDeviceProfileSelector
LogPluginManager: Mounting plugin GoogleCloudMessaging
LogPluginManager: Mounting plugin GooglePAD
LogPluginManager: Mounting plugin IOSDeviceProfileSelector
LogPluginManager: Mounting plugin LinuxDeviceProfileSelector
LogPluginManager: Mounting plugin LocationServicesBPLibrary
LogPluginManager: Mounting plugin MobilePatchingUtils
LogPluginManager: Mounting plugin OculusVR
LogPluginManager: Mounting plugin PhysXVehicles
LogPluginManager: Mounting plugin PostSplashScreen
LogPluginManager: Mounting plugin ProceduralMeshComponent
LogPluginManager: Mounting plugin RuntimePhysXCooking
LogPluginManager: Mounting plugin SignificanceManager
LogPluginManager: Mounting plugin SoundFields
LogPluginManager: Mounting plugin SteamVR
LogPluginManager: Mounting plugin Synthesis
LogPluginManager: Mounting plugin WebMMoviePlayer
LogPluginManager: Mounting plugin WindowsMoviePlayer
LogPluginManager: Mounting plugin ScreenshotTools
LogInit: Using libcurl 7.55.1-DEV
LogInit:  - built for x86_64-pc-win32
LogInit:  - supports SSL with OpenSSL/1.1.1
LogInit:  - supports HTTP deflate (compression) using libz 1.2.8
LogInit:  - other features:
LogInit:      CURL_VERSION_SSL
LogInit:      CURL_VERSION_LIBZ
LogInit:      CURL_VERSION_IPV6
LogInit:      CURL_VERSION_ASYNCHDNS
LogInit:      CURL_VERSION_LARGEFILE
LogInit:      CURL_VERSION_IDN
LogInit:  CurlRequestOptions (configurable via config and command line):
LogInit:  - bVerifyPeer = true  - Libcurl will verify peer certificate
LogInit:  - bUseHttpProxy = false  - Libcurl will NOT use HTTP proxy
LogInit:  - bDontReuseConnections = false  - Libcurl will reuse connections
LogInit:  - MaxHostConnections = 16  - Libcurl will limit the number of connections to a host
LogInit:  - LocalHostAddr = Default
LogInit:  - BufferSize = 65536
LogOnline: OSS: Creating online subsystem instance for: NULL
LogInit: WinSock: version 1.1 (2.2), MaxSocks=32767, MaxUdp=65467
LogOnline: OSS: TryLoadSubsystemAndSetDefault: Loaded subsystem for module [NULL]
LogInit: Build: ++UE4+Release-4.25-CL-14469661
LogInit: Engine Version: 4.25.4-14469661+++UE4+Release-4.25
LogInit: Compatible Engine Version: 4.25.0-13144385+++UE4+Release-4.25
LogInit: Net CL: 13144385
LogInit: OS: Windows 10 (Release 2009) (), CPU: AMD Ryzen 9 3900X 12-Core Processor            , GPU: NVIDIA GeForce GTX 1060 6GB
LogInit: Compiled (64-bit): Oct 11 2020 08:10:49
LogInit: Compiled with Visual C++: 19.24.28315.00
LogInit: Build Configuration: Development
LogInit: Branch Name: ++UE4+Release-4.25
LogInit: Command Line: -log -game
LogInit: Base Directory: E:/UNREAL ENGINE/UE_4.25/Engine/Binaries/Win64/
LogInit: Allocator: TBB
LogInit: Installed Engine Build: 1
LogDevObjectVersion: Number of dev versions registered: 26
LogDevObjectVersion:   Dev-Blueprints (B0D832E4-1F89-4F0D-ACCF-7EB736FD4AA2): 10
LogDevObjectVersion:   Dev-Build (E1C64328-A22C-4D53-A36C-8E866417BD8C): 0
LogDevObjectVersion:   Dev-Core (375EC13C-06E4-48FB-B500-84F0262A717E): 4
LogDevObjectVersion:   Dev-Editor (E4B068ED-F494-42E9-A231-DA0B2E46BB41): 38
LogDevObjectVersion:   Dev-Framework (CFFC743F-43B0-4480-9391-14DF171D2073): 37
LogDevObjectVersion:   Dev-Mobile (B02B49B5-BB20-44E9-A304-32B752E40360): 2
LogDevObjectVersion:   Dev-Networking (A4E4105C-59A1-49B5-A7C5-40C4547EDFEE): 0
LogDevObjectVersion:   Dev-Online (39C831C9-5AE6-47DC-9A44-9C173E1C8E7C): 0
LogDevObjectVersion:   Dev-Physics (78F01B33-EBEA-4F98-B9B4-84EACCB95AA2): 4
LogDevObjectVersion:   Dev-Platform (6631380F-2D4D-43E0-8009-CF276956A95A): 0
LogDevObjectVersion:   Dev-Rendering (12F88B9F-8875-4AFC-A67C-D90C383ABD29): 43
LogDevObjectVersion:   Dev-Sequencer (7B5AE74C-D270-4C10-A958-57980B212A5A): 12
LogDevObjectVersion:   Dev-VR (D7296918-1DD6-4BDD-9DE2-64A83CC13884): 3
LogDevObjectVersion:   Dev-LoadTimes (C2A15278-BFE7-4AFE-6C17-90FF531DF755): 1
LogDevObjectVersion:   Private-Geometry (6EACA3D4-40EC-4CC1-B786-8BED09428FC5): 3
LogDevObjectVersion:   Dev-AnimPhys (29E575DD-E0A3-4627-9D10-D276232CDCEA): 17
LogDevObjectVersion:   Dev-Anim (AF43A65D-7FD3-4947-9873-3E8ED9C1BB05): 7
LogDevObjectVersion:   Dev-ReflectionCapture (6B266CEC-1EC7-4B8F-A30B-E4D90942FC07): 1
LogDevObjectVersion:   Dev-Automation (0DF73D61-A23F-47EA-B727-89E90C41499A): 1
LogDevObjectVersion:   FortniteMain (601D1886-AC64-4F84-AA16-D3DE0DEAC7D6): 31
LogDevObjectVersion:   Dev-Enterprise (9DFFBCD6-494F-0158-E221-12823C92A888): 10
LogDevObjectVersion:   Dev-Niagara (F2AED0AC-9AFE-416F-8664-AA7FFA26D6FC): 1
LogDevObjectVersion:   Dev-Destruction (174F1F0B-B4C6-45A5-B13F-2EE8D0FB917D): 10
LogDevObjectVersion:   Dev-Physics-Ext (35F94A83-E258-406C-A318-09F59610247C): 37
LogDevObjectVersion:   Dev-PhysicsMaterial-Chaos (B68FC16E-8B1B-42E2-B453-215C058844FE): 1
LogDevObjectVersion:   Dev-CineCamera (B2E18506-4273-CFC2-A54E-F4BB758BBA07): 1
LogInit: Presizing for max 25165824 objects, including 0 objects not considered by GC, pre-allocating 0 bytes for permanent pool.
LogConfig: Applying CVar settings from Section [/Script/Engine.StreamingSettings] File [C:/Users/aveng/Documents/GitHub/GamesAssignment2-SecondYear/Games Assignment Two/GamesAssignmentTwo/Saved/Config/Windows/Engine.ini]
LogConfig: Setting CVar [[s.MinBulkDataSizeForAsyncLoading:131072]]
LogConfig: Setting CVar [[s.AsyncLoadingThreadEnabled:0]]
LogConfig: Setting CVar [[s.EventDrivenLoaderEnabled:1]]
LogConfig: Setting CVar [[s.WarnIfTimeLimitExceeded:0]]
LogConfig: Setting CVar [[s.TimeLimitExceededMultiplier:1.5]]
LogConfig: Setting CVar [[s.TimeLimitExceededMinTime:0.005]]
LogConfig: Setting CVar [[s.UseBackgroundLevelStreaming:1]]
LogConfig: Setting CVar [[s.PriorityAsyncLoadingExtraTime:15.0]]
LogConfig: Setting CVar [[s.LevelStreamingActorsUpdateTimeLimit:5.0]]
LogConfig: Setting CVar [[s.PriorityLevelStreamingActorsUpdateExtraTime:5.0]]
LogConfig: Setting CVar [[s.LevelStreamingComponentsRegistrationGranularity:10]]
LogConfig: Setting CVar [[s.UnregisterComponentsTimeLimit:1.0]]
LogConfig: Setting CVar [[s.LevelStreamingComponentsUnregistrationGranularity:5]]
LogConfig: Setting CVar [[s.FlushStreamingOnExit:1]]
LogInit: Object subsystem initialized
LogConfig: Setting CVar [[con.DebugEarlyDefault:1]]
LogConfig: Setting CVar [[r.setres:1280x720]]
[2021.04.14-06.57.56:080][  0]LogConfig: Setting CVar [[con.DebugEarlyDefault:1]]
[2021.04.14-06.57.56:081][  0]LogConfig: Setting CVar [[r.setres:1280x720]]
[2021.04.14-06.57.56:082][  0]LogConfig: Applying CVar settings from Section [/Script/Engine.RendererSettings] File [C:/Users/aveng/Documents/GitHub/GamesAssignment2-SecondYear/Games Assignment Two/GamesAssignmentTwo/Saved/Config/Windows/Engine.ini]
[2021.04.14-06.57.56:084][  0]LogConfig: Setting CVar [[r.GPUCrashDebugging:0]]
[2021.04.14-06.57.56:086][  0]LogConfig: Applying CVar settings from Section [/Script/Engine.RendererOverrideSettings] File [C:/Users/aveng/Documents/GitHub/GamesAssignment2-SecondYear/Games Assignment Two/GamesAssignmentTwo/Saved/Config/Windows/Engine.ini]
[2021.04.14-06.57.56:088][  0]LogConfig: Applying CVar settings from Section [/Script/Engine.StreamingSettings] File [C:/Users/aveng/Documents/GitHub/GamesAssignment2-SecondYear/Games Assignment Two/GamesAssignmentTwo/Saved/Config/Windows/Engine.ini]
[2021.04.14-06.57.56:091][  0]LogConfig: Setting CVar [[s.MinBulkDataSizeForAsyncLoading:131072]]
[2021.04.14-06.57.56:092][  0]LogConfig: Setting CVar [[s.AsyncLoadingThreadEnabled:0]]
[2021.04.14-06.57.56:093][  0]LogConfig: Setting CVar [[s.EventDrivenLoaderEnabled:1]]
[2021.04.14-06.57.56:094][  0]LogConfig: Setting CVar [[s.WarnIfTimeLimitExceeded:0]]
[2021.04.14-06.57.56:095][  0]LogConfig: Setting CVar [[s.TimeLimitExceededMultiplier:1.5]]
[2021.04.14-06.57.56:097][  0]LogConfig: Setting CVar [[s.TimeLimitExceededMinTime:0.005]]
[2021.04.14-06.57.56:099][  0]LogConfig: Setting CVar [[s.UseBackgroundLevelStreaming:1]]
[2021.04.14-06.57.56:099][  0]LogConfig: Setting CVar [[s.PriorityAsyncLoadingExtraTime:15.0]]
[2021.04.14-06.57.56:100][  0]LogConfig: Setting CVar [[s.LevelStreamingActorsUpdateTimeLimit:5.0]]
[2021.04.14-06.57.56:101][  0]LogConfig: Setting CVar [[s.PriorityLevelStreamingActorsUpdateExtraTime:5.0]]
[2021.04.14-06.57.56:102][  0]LogConfig: Setting CVar [[s.LevelStreamingComponentsRegistrationGranularity:10]]
[2021.04.14-06.57.56:102][  0]LogConfig: Setting CVar [[s.UnregisterComponentsTimeLimit:1.0]]
[2021.04.14-06.57.56:103][  0]LogConfig: Setting CVar [[s.LevelStreamingComponentsUnregistrationGranularity:5]]
[2021.04.14-06.57.56:103][  0]LogConfig: Setting CVar [[s.FlushStreamingOnExit:1]]
[2021.04.14-06.57.56:104][  0]LogConfig: Applying CVar settings from Section [/Script/Engine.GarbageCollectionSettings] File [C:/Users/aveng/Documents/GitHub/GamesAssignment2-SecondYear/Games Assignment Two/GamesAssignmentTwo/Saved/Config/Windows/Engine.ini]
[2021.04.14-06.57.56:106][  0]LogConfig: Setting CVar [[gc.MaxObjectsNotConsideredByGC:1]]
[2021.04.14-06.57.56:107][  0]LogConfig: Setting CVar [[gc.SizeOfPermanentObjectPool:0]]
[2021.04.14-06.57.56:108][  0]LogConfig: Setting CVar [[gc.FlushStreamingOnGC:0]]
[2021.04.14-06.57.56:108][  0]LogConfig: Setting CVar [[gc.NumRetriesBeforeForcingGC:10]]
[2021.04.14-06.57.56:109][  0]LogConfig: Setting CVar [[gc.AllowParallelGC:1]]
[2021.04.14-06.57.56:109][  0]LogConfig: Setting CVar [[gc.TimeBetweenPurgingPendingKillObjects:61.1]]
[2021.04.14-06.57.56:110][  0]LogConfig: Setting CVar [[gc.MaxObjectsInEditor:25165824]]
[2021.04.14-06.57.56:110][  0]LogConfig: Setting CVar [[gc.IncrementalBeginDestroyEnabled:1]]
[2021.04.14-06.57.56:111][  0]LogConfig: Setting CVar [[gc.CreateGCClusters:1]]
[2021.04.14-06.57.56:111][  0]LogConfig: Setting CVar [[gc.MinGCClusterSize:5]]
[2021.04.14-06.57.56:112][  0]LogConfig: Setting CVar [[gc.ActorClusteringEnabled:0]]
[2021.04.14-06.57.56:112][  0]LogConfig: Setting CVar [[gc.BlueprintClusteringEnabled:0]]
[2021.04.14-06.57.56:113][  0]LogConfig: Setting CVar [[gc.UseDisregardForGCOnDedicatedServers:0]]
[2021.04.14-06.57.56:113][  0]LogConfig: Applying CVar settings from Section [/Script/Engine.NetworkSettings] File [C:/Users/aveng/Documents/GitHub/GamesAssignment2-SecondYear/Games Assignment Two/GamesAssignmentTwo/Saved/Config/Windows/Engine.ini]
[2021.04.14-06.57.56:113][  0]LogConfig: Applying CVar settings from Section [/Script/UnrealEd.CookerSettings] File [C:/Users/aveng/Documents/GitHub/GamesAssignment2-SecondYear/Games Assignment Two/GamesAssignmentTwo/Saved/Config/Windows/Engine.ini]
[2021.04.14-06.57.56:117][  0]LogConfig: Applying CVar settings from Section [ViewDistanceQuality@3] File [C:/Users/aveng/Documents/GitHub/GamesAssignment2-SecondYear/Games Assignment Two/GamesAssignmentTwo/Saved/Config/Windows/Scalability.ini]
[2021.04.14-06.57.56:117][  0]LogConfig: Setting CVar [[r.SkeletalMeshLODBias:0]]
[2021.04.14-06.57.56:118][  0]LogConfig: Setting CVar [[r.ViewDistanceScale:1.0]]
[2021.04.14-06.57.56:118][  0]LogConfig: Applying CVar settings from Section [AntiAliasingQuality@3] File [C:/Users/aveng/Documents/GitHub/GamesAssignment2-SecondYear/Games Assignment Two/GamesAssignmentTwo/Saved/Config/Windows/Scalability.ini]
[2021.04.14-06.57.56:118][  0]LogConfig: Setting CVar [[r.PostProcessAAQuality:4]]
[2021.04.14-06.57.56:119][  0]LogConfig: Applying CVar settings from Section [ShadowQuality@3] File [C:/Users/aveng/Documents/GitHub/GamesAssignment2-SecondYear/Games Assignment Two/GamesAssignmentTwo/Saved/Config/Windows/Scalability.ini]
[2021.04.14-06.57.56:119][  0]LogConfig: Setting CVar [[r.LightFunctionQuality:1]]
[2021.04.14-06.57.56:119][  0]LogConfig: Setting CVar [[r.ShadowQuality:5]]
[2021.04.14-06.57.56:120][  0]LogConfig: Setting CVar [[r.Shadow.CSM.MaxCascades:10]]
[2021.04.14-06.57.56:120][  0]LogConfig: Setting CVar [[r.Shadow.MaxResolution:2048]]
[2021.04.14-06.57.56:121][  0]LogConfig: Setting CVar [[r.Shadow.MaxCSMResolution:2048]]
[2021.04.14-06.57.56:121][  0]LogConfig: Setting CVar [[r.Shadow.RadiusThreshold:0.01]]
[2021.04.14-06.57.56:121][  0]LogConfig: Setting CVar [[r.Shadow.DistanceScale:1.0]]
[2021.04.14-06.57.56:122][  0]LogConfig: Setting CVar [[r.Shadow.CSM.TransitionScale:1.0]]
[2021.04.14-06.57.56:122][  0]LogConfig: Setting CVar [[r.Shadow.PreShadowResolutionFactor:1.0]]
[2021.04.14-06.57.56:122][  0]LogConfig: Setting CVar [[r.DistanceFieldShadowing:1]]
[2021.04.14-06.57.56:123][  0]LogConfig: Setting CVar [[r.DistanceFieldAO:1]]
[2021.04.14-06.57.56:123][  0]LogConfig: Setting CVar [[r.AOQuality:2]]
[2021.04.14-06.57.56:123][  0]LogConfig: Setting CVar [[r.VolumetricFog:1]]
[2021.04.14-06.57.56:124][  0]LogConfig: Setting CVar [[r.VolumetricFog.GridPixelSize:8]]
[2021.04.14-06.57.56:125][  0]LogConfig: Setting CVar [[r.VolumetricFog.GridSizeZ:128]]
[2021.04.14-06.57.56:126][  0]LogConfig: Setting CVar [[r.VolumetricFog.HistoryMissSupersampleCount:4]]
[2021.04.14-06.57.56:126][  0]LogConfig: Setting CVar [[r.LightMaxDrawDistanceScale:1]]
[2021.04.14-06.57.56:126][  0]LogConfig: Setting CVar [[r.CapsuleShadows:1]]
[2021.04.14-06.57.56:127][  0]LogConfig: Applying CVar settings from Section [PostProcessQuality@3] File [C:/Users/aveng/Documents/GitHub/GamesAssignment2-SecondYear/Games Assignment Two/GamesAssignmentTwo/Saved/Config/Windows/Scalability.ini]
[2021.04.14-06.57.56:127][  0]LogConfig: Setting CVar [[r.MotionBlurQuality:4]]
[2021.04.14-06.57.56:127][  0]LogConfig: Setting CVar [[r.AmbientOcclusionMipLevelFactor:0.4]]
[2021.04.14-06.57.56:128][  0]LogConfig: Setting CVar [[r.AmbientOcclusionMaxQuality:100]]
[2021.04.14-06.57.56:128][  0]LogConfig: Setting CVar [[r.AmbientOcclusionLevels:-1]]
[2021.04.14-06.57.56:129][  0]LogConfig: Setting CVar [[r.AmbientOcclusionRadiusScale:1.0]]
[2021.04.14-06.57.56:129][  0]LogConfig: Setting CVar [[r.DepthOfFieldQuality:2]]
[2021.04.14-06.57.56:130][  0]LogConfig: Setting CVar [[r.RenderTargetPoolMin:400]]
[2021.04.14-06.57.56:130][  0]LogConfig: Setting CVar [[r.LensFlareQuality:2]]
[2021.04.14-06.57.56:130][  0]LogConfig: Setting CVar [[r.SceneColorFringeQuality:1]]
[2021.04.14-06.57.56:131][  0]LogConfig: Setting CVar [[r.EyeAdaptationQuality:2]]
[2021.04.14-06.57.56:131][  0]LogConfig: Setting CVar [[r.BloomQuality:5]]
[2021.04.14-06.57.56:131][  0]LogConfig: Setting CVar [[r.FastBlurThreshold:100]]
[2021.04.14-06.57.56:132][  0]LogConfig: Setting CVar [[r.Upscale.Quality:3]]
[2021.04.14-06.57.56:132][  0]LogConfig: Setting CVar [[r.Tonemapper.GrainQuantization:1]]
[2021.04.14-06.57.56:132][  0]LogConfig: Setting CVar [[r.LightShaftQuality:1]]
[2021.04.14-06.57.56:133][  0]LogConfig: Setting CVar [[r.Filter.SizeScale:1]]
[2021.04.14-06.57.56:133][  0]LogConfig: Setting CVar [[r.Tonemapper.Quality:5]]
[2021.04.14-06.57.56:133][  0]LogConfig: Setting CVar [[r.DOF.Gather.AccumulatorQuality:1        ; higher gathering accumulator quality]]
[2021.04.14-06.57.56:134][  0]LogConfig: Setting CVar [[r.DOF.Gather.PostfilterMethod:1          ; Median3x3 postfilering method]]
[2021.04.14-06.57.56:136][  0]LogConfig: Setting CVar [[r.DOF.Gather.EnableBokehSettings:0       ; no bokeh simulation when gathering]]
[2021.04.14-06.57.56:137][  0]LogConfig: Setting CVar [[r.DOF.Gather.RingCount:4                 ; medium number of samples when gathering]]
[2021.04.14-06.57.56:138][  0]LogConfig: Setting CVar [[r.DOF.Scatter.ForegroundCompositing:1    ; additive foreground scattering]]
[2021.04.14-06.57.56:138][  0]LogConfig: Setting CVar [[r.DOF.Scatter.BackgroundCompositing:2    ; additive background scattering]]
[2021.04.14-06.57.56:139][  0]LogConfig: Setting CVar [[r.DOF.Scatter.EnableBokehSettings:1      ; bokeh simulation when scattering]]
[2021.04.14-06.57.56:139][  0]LogConfig: Setting CVar [[r.DOF.Scatter.MaxSpriteRatio:0.1         ; only a maximum of 10% of scattered bokeh]]
[2021.04.14-06.57.56:140][  0]LogConfig: Setting CVar [[r.DOF.Recombine.Quality:1                ; cheap slight out of focus]]
[2021.04.14-06.57.56:141][  0]LogConfig: Setting CVar [[r.DOF.Recombine.EnableBokehSettings:0    ; no bokeh simulation on slight out of focus]]
[2021.04.14-06.57.56:141][  0]LogConfig: Setting CVar [[r.DOF.TemporalAAQuality:1                ; more stable temporal accumulation]]
[2021.04.14-06.57.56:141][  0]LogConfig: Setting CVar [[r.DOF.Kernel.MaxForegroundRadius:0.025]]
[2021.04.14-06.57.56:142][  0]LogConfig: Setting CVar [[r.DOF.Kernel.MaxBackgroundRadius:0.025]]
[2021.04.14-06.57.56:142][  0]LogConfig: Applying CVar settings from Section [TextureQuality@3] File [C:/Users/aveng/Documents/GitHub/GamesAssignment2-SecondYear/Games Assignment Two/GamesAssignmentTwo/Saved/Config/Windows/Scalability.ini]
[2021.04.14-06.57.56:142][  0]LogConfig: Setting CVar [[r.Streaming.MipBias:0]]
[2021.04.14-06.57.56:143][  0]LogConfig: Setting CVar [[r.Streaming.AmortizeCPUToGPUCopy:0]]
[2021.04.14-06.57.56:143][  0]LogConfig: Setting CVar [[r.Streaming.MaxNumTexturesToStreamPerFrame:0]]
[2021.04.14-06.57.56:143][  0]LogConfig: Setting CVar [[r.Streaming.Boost:1]]
[2021.04.14-06.57.56:144][  0]LogConfig: Setting CVar [[r.MaxAnisotropy:8]]
[2021.04.14-06.57.56:144][  0]LogConfig: Setting CVar [[r.VT.MaxAnisotropy:8]]
[2021.04.14-06.57.56:144][  0]LogConfig: Setting CVar [[r.Streaming.LimitPoolSizeToVRAM:0]]
[2021.04.14-06.57.56:145][  0]LogConfig: Setting CVar [[r.Streaming.PoolSize:1000]]
[2021.04.14-06.57.56:147][  0]LogConfig: Setting CVar [[r.Streaming.MaxEffectiveScreenSize:0]]
[2021.04.14-06.57.56:147][  0]LogConfig: Applying CVar settings from Section [EffectsQuality@3] File [C:/Users/aveng/Documents/GitHub/GamesAssignment2-SecondYear/Games Assignment Two/GamesAssignmentTwo/Saved/Config/Windows/Scalability.ini]
[2021.04.14-06.57.56:147][  0]LogConfig: Setting CVar [[r.TranslucencyLightingVolumeDim:64]]
[2021.04.14-06.57.56:148][  0]LogConfig: Setting CVar [[r.RefractionQuality:2]]
[2021.04.14-06.57.56:148][  0]LogConfig: Setting CVar [[r.SSR.Quality:3]]
[2021.04.14-06.57.56:148][  0]LogConfig: Setting CVar [[r.SSR.HalfResSceneColor:0]]
[2021.04.14-06.57.56:149][  0]LogConfig: Setting CVar [[r.SceneColorFormat:4]]
[2021.04.14-06.57.56:149][  0]LogConfig: Setting CVar [[r.DetailMode:2]]
[2021.04.14-06.57.56:149][  0]LogConfig: Setting CVar [[r.TranslucencyVolumeBlur:1]]
[2021.04.14-06.57.56:150][  0]LogConfig: Setting CVar [[r.MaterialQualityLevel:1 ; High quality]]
[2021.04.14-06.57.56:150][  0]LogConfig: Setting CVar [[r.SSS.Scale:1]]
[2021.04.14-06.57.56:150][  0]LogConfig: Setting CVar [[r.SSS.SampleSet:2]]
[2021.04.14-06.57.56:151][  0]LogConfig: Setting CVar [[r.SSS.Quality:1]]
[2021.04.14-06.57.56:151][  0]LogConfig: Setting CVar [[r.SSS.HalfRes:0]]
[2021.04.14-06.57.56:151][  0]LogConfig: Setting CVar [[r.SSGI.Quality:3]]
[2021.04.14-06.57.56:152][  0]LogConfig: Setting CVar [[r.EmitterSpawnRateScale:1.0]]
[2021.04.14-06.57.56:152][  0]LogConfig: Setting CVar [[r.ParticleLightQuality:2]]
[2021.04.14-06.57.56:152][  0]LogConfig: Setting CVar [[r.SkyAtmosphere.AerialPerspectiveLUT.FastApplyOnOpaque:1 ; Always have FastSkyLUT 1 in this case to avoid wrong sky]]
[2021.04.14-06.57.56:153][  0]LogConfig: Setting CVar [[r.SkyAtmosphere.AerialPerspectiveLUT.SampleCountPerSlice:1]]
[2021.04.14-06.57.56:153][  0]LogConfig: Setting CVar [[r.SkyAtmosphere.AerialPerspectiveLUT.DepthResolution:16.0]]
[2021.04.14-06.57.56:153][  0]LogConfig: Setting CVar [[r.SkyAtmosphere.FastSkyLUT:1]]
[2021.04.14-06.57.56:154][  0]LogConfig: Setting CVar [[r.SkyAtmosphere.FastSkyLUT.SampleCountMin:4.0]]
[2021.04.14-06.57.56:154][  0]LogConfig: Setting CVar [[r.SkyAtmosphere.FastSkyLUT.SampleCountMax:32.0]]
[2021.04.14-06.57.56:154][  0]LogConfig: Setting CVar [[r.SkyAtmosphere.SampleCountMin:4.0]]
[2021.04.14-06.57.56:155][  0]LogConfig: Setting CVar [[r.SkyAtmosphere.SampleCountMax:32.0]]
[2021.04.14-06.57.56:157][  0]LogConfig: Setting CVar [[r.SkyAtmosphere.TransmittanceLUT.UseSmallFormat:0]]
[2021.04.14-06.57.56:157][  0]LogConfig: Setting CVar [[r.SkyAtmosphere.TransmittanceLUT.SampleCount:10.0]]
[2021.04.14-06.57.56:157][  0]LogConfig: Setting CVar [[r.SkyAtmosphere.MultiScatteringLUT.SampleCount:15.0]]
[2021.04.14-06.57.56:158][  0]LogConfig: Applying CVar settings from Section [FoliageQuality@3] File [C:/Users/aveng/Documents/GitHub/GamesAssignment2-SecondYear/Games Assignment Two/GamesAssignmentTwo/Saved/Config/Windows/Scalability.ini]
[2021.04.14-06.57.56:158][  0]LogConfig: Setting CVar [[foliage.DensityScale:1.0]]
[2021.04.14-06.57.56:159][  0]LogConfig: Setting CVar [[grass.DensityScale:1.0]]
[2021.04.14-06.57.56:159][  0]LogConfig: Applying CVar settings from Section [ShadingQuality@3] File [C:/Users/aveng/Documents/GitHub/GamesAssignment2-SecondYear/Games Assignment Two/GamesAssignmentTwo/Saved/Config/Windows/Scalability.ini]
[2021.04.14-06.57.56:159][  0]LogConfig: Setting CVar [[r.HairStrands.SkyLighting.SampleCount:16]]
[2021.04.14-06.57.56:160][  0]LogConfig: Setting CVar [[r.HairStrands.SkyLighting.JitterIntegration:0]]
[2021.04.14-06.57.56:160][  0]LogConfig: Setting CVar [[r.HairStrands.SkyAO.SampleCount:16]]
[2021.04.14-06.57.56:160][  0]LogConfig: Setting CVar [[r.HairStrands.DeepShadow.SuperSampling:0]]
[2021.04.14-06.57.56:160][  0]LogConfig: Setting CVar [[r.HairStrands.VisibilityPPLL:0]]
[2021.04.14-06.57.56:161][  0]LogConfig: Setting CVar [[r.HairStrands.RasterizationScale:0.5]]
[2021.04.14-06.57.56:161][  0]LogConfig: Setting CVar [[r.HairStrands.VelocityRasterizationScale:1]]
[2021.04.14-06.57.56:162][  0]LogInit: Selected Device Profile: [Windows]
[2021.04.14-06.57.56:163][  0]LogInit: Applying CVar settings loaded from the selected device profile: [Windows]
[2021.04.14-06.57.56:163][  0]LogHAL: Display: Platform has ~ 32 GB [34260910080 / 34359738368 / 32], which maps to Largest [LargestMinGB=32, LargerMinGB=12, DefaultMinGB=8, SmallerMinGB=6, SmallestMinGB=0)
[2021.04.14-06.57.56:163][  0]LogInit: Going up to parent DeviceProfile []
[2021.04.14-06.57.56:164][  0]LogConfig: Applying CVar settings from Section [ViewDistanceQuality@3] File [C:/Users/aveng/Documents/GitHub/GamesAssignment2-SecondYear/Games Assignment Two/GamesAssignmentTwo/Saved/Config/Windows/Scalability.ini]
[2021.04.14-06.57.56:164][  0]LogConfig: Setting CVar [[r.SkeletalMeshLODBias:0]]
[2021.04.14-06.57.56:164][  0]LogConfig: Setting CVar [[r.ViewDistanceScale:1.0]]
[2021.04.14-06.57.56:165][  0]LogConfig: Applying CVar settings from Section [AntiAliasingQuality@3] File [C:/Users/aveng/Documents/GitHub/GamesAssignment2-SecondYear/Games Assignment Two/GamesAssignmentTwo/Saved/Config/Windows/Scalability.ini]
[2021.04.14-06.57.56:167][  0]LogConfig: Setting CVar [[r.PostProcessAAQuality:4]]
[2021.04.14-06.57.56:167][  0]LogConfig: Applying CVar settings from Section [ShadowQuality@3] File [C:/Users/aveng/Documents/GitHub/GamesAssignment2-SecondYear/Games Assignment Two/GamesAssignmentTwo/Saved/Config/Windows/Scalability.ini]
[2021.04.14-06.57.56:167][  0]LogConfig: Setting CVar [[r.LightFunctionQuality:1]]
[2021.04.14-06.57.56:168][  0]LogConfig: Setting CVar [[r.ShadowQuality:5]]
[2021.04.14-06.57.56:168][  0]LogConfig: Setting CVar [[r.Shadow.CSM.MaxCascades:10]]
[2021.04.14-06.57.56:168][  0]LogConfig: Setting CVar [[r.Shadow.MaxResolution:2048]]
[2021.04.14-06.57.56:169][  0]LogConfig: Setting CVar [[r.Shadow.MaxCSMResolution:2048]]
[2021.04.14-06.57.56:169][  0]LogConfig: Setting CVar [[r.Shadow.RadiusThreshold:0.01]]
[2021.04.14-06.57.56:169][  0]LogConfig: Setting CVar [[r.Shadow.DistanceScale:1.0]]
[2021.04.14-06.57.56:170][  0]LogConfig: Setting CVar [[r.Shadow.CSM.TransitionScale:1.0]]
[2021.04.14-06.57.56:170][  0]LogConfig: Setting CVar [[r.Shadow.PreShadowResolutionFactor:1.0]]
[2021.04.14-06.57.56:170][  0]LogConfig: Setting CVar [[r.DistanceFieldShadowing:1]]
[2021.04.14-06.57.56:171][  0]LogConfig: Setting CVar [[r.DistanceFieldAO:1]]
[2021.04.14-06.57.56:171][  0]LogConfig: Setting CVar [[r.AOQuality:2]]
[2021.04.14-06.57.56:171][  0]LogConfig: Setting CVar [[r.VolumetricFog:1]]
[2021.04.14-06.57.56:172][  0]LogConfig: Setting CVar [[r.VolumetricFog.GridPixelSize:8]]
[2021.04.14-06.57.56:172][  0]LogConfig: Setting CVar [[r.VolumetricFog.GridSizeZ:128]]
[2021.04.14-06.57.56:172][  0]LogConfig: Setting CVar [[r.VolumetricFog.HistoryMissSupersampleCount:4]]
[2021.04.14-06.57.56:173][  0]LogConfig: Setting CVar [[r.LightMaxDrawDistanceScale:1]]
[2021.04.14-06.57.56:173][  0]LogConfig: Setting CVar [[r.CapsuleShadows:1]]
[2021.04.14-06.57.56:173][  0]LogConfig: Applying CVar settings from Section [PostProcessQuality@3] File [C:/Users/aveng/Documents/GitHub/GamesAssignment2-SecondYear/Games Assignment Two/GamesAssignmentTwo/Saved/Config/Windows/Scalability.ini]
[2021.04.14-06.57.56:174][  0]LogConfig: Setting CVar [[r.MotionBlurQuality:4]]
[2021.04.14-06.57.56:174][  0]LogConfig: Setting CVar [[r.AmbientOcclusionMipLevelFactor:0.4]]
[2021.04.14-06.57.56:175][  0]LogConfig: Setting CVar [[r.AmbientOcclusionMaxQuality:100]]
[2021.04.14-06.57.56:175][  0]LogConfig: Setting CVar [[r.AmbientOcclusionLevels:-1]]
[2021.04.14-06.57.56:175][  0]LogConfig: Setting CVar [[r.AmbientOcclusionRadiusScale:1.0]]
[2021.04.14-06.57.56:176][  0]LogConfig: Setting CVar [[r.DepthOfFieldQuality:2]]
[2021.04.14-06.57.56:178][  0]LogConfig: Setting CVar [[r.RenderTargetPoolMin:400]]
[2021.04.14-06.57.56:178][  0]LogConfig: Setting CVar [[r.LensFlareQuality:2]]
[2021.04.14-06.57.56:178][  0]LogConfig: Setting CVar [[r.SceneColorFringeQuality:1]]
[2021.04.14-06.57.56:179][  0]LogConfig: Setting CVar [[r.EyeAdaptationQuality:2]]
[2021.04.14-06.57.56:179][  0]LogConfig: Setting CVar [[r.BloomQuality:5]]
[2021.04.14-06.57.56:181][  0]LogConfig: Setting CVar [[r.FastBlurThreshold:100]]
[2021.04.14-06.57.56:181][  0]LogConfig: Setting CVar [[r.Upscale.Quality:3]]
[2021.04.14-06.57.56:182][  0]LogConfig: Setting CVar [[r.Tonemapper.GrainQuantization:1]]
[2021.04.14-06.57.56:182][  0]LogConfig: Setting CVar [[r.LightShaftQuality:1]]
[2021.04.14-06.57.56:184][  0]LogConfig: Setting CVar [[r.Filter.SizeScale:1]]
[2021.04.14-06.57.56:184][  0]LogConfig: Setting CVar [[r.Tonemapper.Quality:5]]
[2021.04.14-06.57.56:185][  0]LogConfig: Setting CVar [[r.DOF.Gather.AccumulatorQuality:1        ; higher gathering accumulator quality]]
[2021.04.14-06.57.56:185][  0]LogConfig: Setting CVar [[r.DOF.Gather.PostfilterMethod:1          ; Median3x3 postfilering method]]
[2021.04.14-06.57.56:186][  0]LogConfig: Setting CVar [[r.DOF.Gather.EnableBokehSettings:0       ; no bokeh simulation when gathering]]
[2021.04.14-06.57.56:187][  0]LogConfig: Setting CVar [[r.DOF.Gather.RingCount:4                 ; medium number of samples when gathering]]
[2021.04.14-06.57.56:188][  0]LogConfig: Setting CVar [[r.DOF.Scatter.ForegroundCompositing:1    ; additive foreground scattering]]
[2021.04.14-06.57.56:188][  0]LogConfig: Setting CVar [[r.DOF.Scatter.BackgroundCompositing:2    ; additive background scattering]]
[2021.04.14-06.57.56:188][  0]LogConfig: Setting CVar [[r.DOF.Scatter.EnableBokehSettings:1      ; bokeh simulation when scattering]]
[2021.04.14-06.57.56:189][  0]LogConfig: Setting CVar [[r.DOF.Scatter.MaxSpriteRatio:0.1         ; only a maximum of 10% of scattered bokeh]]
[2021.04.14-06.57.56:189][  0]LogConfig: Setting CVar [[r.DOF.Recombine.Quality:1                ; cheap slight out of focus]]
[2021.04.14-06.57.56:190][  0]LogConfig: Setting CVar [[r.DOF.Recombine.EnableBokehSettings:0    ; no bokeh simulation on slight out of focus]]
[2021.04.14-06.57.56:190][  0]LogConfig: Setting CVar [[r.DOF.TemporalAAQuality:1                ; more stable temporal accumulation]]
[2021.04.14-06.57.56:191][  0]LogConfig: Setting CVar [[r.DOF.Kernel.MaxForegroundRadius:0.025]]
[2021.04.14-06.57.56:191][  0]LogConfig: Setting CVar [[r.DOF.Kernel.MaxBackgroundRadius:0.025]]
[2021.04.14-06.57.56:192][  0]LogConfig: Applying CVar settings from Section [TextureQuality@3] File [C:/Users/aveng/Documents/GitHub/GamesAssignment2-SecondYear/Games Assignment Two/GamesAssignmentTwo/Saved/Config/Windows/Scalability.ini]
[2021.04.14-06.57.56:192][  0]LogConfig: Setting CVar [[r.Streaming.MipBias:0]]
[2021.04.14-06.57.56:192][  0]LogConfig: Setting CVar [[r.Streaming.AmortizeCPUToGPUCopy:0]]
[2021.04.14-06.57.56:193][  0]LogConfig: Setting CVar [[r.Streaming.MaxNumTexturesToStreamPerFrame:0]]
[2021.04.14-06.57.56:193][  0]LogConfig: Setting CVar [[r.Streaming.Boost:1]]
[2021.04.14-06.57.56:193][  0]LogConfig: Setting CVar [[r.MaxAnisotropy:8]]
[2021.04.14-06.57.56:194][  0]LogConfig: Setting CVar [[r.VT.MaxAnisotropy:8]]
[2021.04.14-06.57.56:194][  0]LogConfig: Setting CVar [[r.Streaming.LimitPoolSizeToVRAM:0]]
[2021.04.14-06.57.56:194][  0]LogConfig: Setting CVar [[r.Streaming.PoolSize:1000]]
[2021.04.14-06.57.56:195][  0]LogConfig: Setting CVar [[r.Streaming.MaxEffectiveScreenSize:0]]
[2021.04.14-06.57.56:195][  0]LogConfig: Applying CVar settings from Section [EffectsQuality@3] File [C:/Users/aveng/Documents/GitHub/GamesAssignment2-SecondYear/Games Assignment Two/GamesAssignmentTwo/Saved/Config/Windows/Scalability.ini]
[2021.04.14-06.57.56:196][  0]LogConfig: Setting CVar [[r.TranslucencyLightingVolumeDim:64]]
[2021.04.14-06.57.56:198][  0]LogConfig: Setting CVar [[r.RefractionQuality:2]]
[2021.04.14-06.57.56:199][  0]LogConfig: Setting CVar [[r.SSR.Quality:3]]
[2021.04.14-06.57.56:199][  0]LogConfig: Setting CVar [[r.SSR.HalfResSceneColor:0]]
[2021.04.14-06.57.56:199][  0]LogConfig: Setting CVar [[r.SceneColorFormat:4]]
[2021.04.14-06.57.56:200][  0]LogConfig: Setting CVar [[r.DetailMode:2]]
[2021.04.14-06.57.56:200][  0]LogConfig: Setting CVar [[r.TranslucencyVolumeBlur:1]]
[2021.04.14-06.57.56:200][  0]LogConfig: Setting CVar [[r.MaterialQualityLevel:1 ; High quality]]
[2021.04.14-06.57.56:201][  0]LogConfig: Setting CVar [[r.SSS.Scale:1]]
[2021.04.14-06.57.56:201][  0]LogConfig: Setting CVar [[r.SSS.SampleSet:2]]
[2021.04.14-06.57.56:201][  0]LogConfig: Setting CVar [[r.SSS.Quality:1]]
[2021.04.14-06.57.56:202][  0]LogConfig: Setting CVar [[r.SSS.HalfRes:0]]
[2021.04.14-06.57.56:202][  0]LogConfig: Setting CVar [[r.SSGI.Quality:3]]
[2021.04.14-06.57.56:202][  0]LogConfig: Setting CVar [[r.EmitterSpawnRateScale:1.0]]
[2021.04.14-06.57.56:203][  0]LogConfig: Setting CVar [[r.ParticleLightQuality:2]]
[2021.04.14-06.57.56:203][  0]LogConfig: Setting CVar [[r.SkyAtmosphere.AerialPerspectiveLUT.FastApplyOnOpaque:1 ; Always have FastSkyLUT 1 in this case to avoid wrong sky]]
[2021.04.14-06.57.56:203][  0]LogConfig: Setting CVar [[r.SkyAtmosphere.AerialPerspectiveLUT.SampleCountPerSlice:1]]
[2021.04.14-06.57.56:204][  0]LogConfig: Setting CVar [[r.SkyAtmosphere.AerialPerspectiveLUT.DepthResolution:16.0]]
[2021.04.14-06.57.56:204][  0]LogConfig: Setting CVar [[r.SkyAtmosphere.FastSkyLUT:1]]
[2021.04.14-06.57.56:204][  0]LogConfig: Setting CVar [[r.SkyAtmosphere.FastSkyLUT.SampleCountMin:4.0]]
[2021.04.14-06.57.56:205][  0]LogConfig: Setting CVar [[r.SkyAtmosphere.FastSkyLUT.SampleCountMax:32.0]]
[2021.04.14-06.57.56:205][  0]LogConfig: Setting CVar [[r.SkyAtmosphere.SampleCountMin:4.0]]
[2021.04.14-06.57.56:206][  0]LogConfig: Setting CVar [[r.SkyAtmosphere.SampleCountMax:32.0]]
[2021.04.14-06.57.56:206][  0]LogConfig: Setting CVar [[r.SkyAtmosphere.TransmittanceLUT.UseSmallFormat:0]]
[2021.04.14-06.57.56:207][  0]LogConfig: Setting CVar [[r.SkyAtmosphere.TransmittanceLUT.SampleCount:10.0]]
[2021.04.14-06.57.56:209][  0]LogConfig: Setting CVar [[r.SkyAtmosphere.MultiScatteringLUT.SampleCount:15.0]]
[2021.04.14-06.57.56:209][  0]LogConfig: Applying CVar settings from Section [FoliageQuality@3] File [C:/Users/aveng/Documents/GitHub/GamesAssignment2-SecondYear/Games Assignment Two/GamesAssignmentTwo/Saved/Config/Windows/Scalability.ini]
[2021.04.14-06.57.56:209][  0]LogConfig: Setting CVar [[foliage.DensityScale:1.0]]
[2021.04.14-06.57.56:210][  0]LogConfig: Setting CVar [[grass.DensityScale:1.0]]
[2021.04.14-06.57.56:210][  0]LogConfig: Applying CVar settings from Section [ShadingQuality@3] File [C:/Users/aveng/Documents/GitHub/GamesAssignment2-SecondYear/Games Assignment Two/GamesAssignmentTwo/Saved/Config/Windows/Scalability.ini]
[2021.04.14-06.57.56:210][  0]LogConfig: Setting CVar [[r.HairStrands.SkyLighting.SampleCount:16]]
[2021.04.14-06.57.56:211][  0]LogConfig: Setting CVar [[r.HairStrands.SkyLighting.JitterIntegration:0]]
[2021.04.14-06.57.56:211][  0]LogConfig: Setting CVar [[r.HairStrands.SkyAO.SampleCount:16]]
[2021.04.14-06.57.56:211][  0]LogConfig: Setting CVar [[r.HairStrands.DeepShadow.SuperSampling:0]]
[2021.04.14-06.57.56:212][  0]LogConfig: Setting CVar [[r.HairStrands.VisibilityPPLL:0]]
[2021.04.14-06.57.56:212][  0]LogConfig: Setting CVar [[r.HairStrands.RasterizationScale:0.5]]
[2021.04.14-06.57.56:212][  0]LogConfig: Setting CVar [[r.HairStrands.VelocityRasterizationScale:1]]
[2021.04.14-06.57.56:213][  0]LogConfig: Applying CVar settings from Section [Startup] File [../../../Engine/Config/ConsoleVariables.ini]
[2021.04.14-06.57.56:213][  0]LogConfig: Setting CVar [[net.UseAdaptiveNetUpdateFrequency:0]]
[2021.04.14-06.57.56:213][  0]LogConfig: Setting CVar [[p.chaos.AllowCreatePhysxBodies:1]]
[2021.04.14-06.57.56:214][  0]LogConfig: Setting CVar [[fx.SkipVectorVMBackendOptimizations:1]]
[2021.04.14-06.57.56:214][  0]LogConfig: Applying CVar settings from Section [ConsoleVariables] File [C:/Users/aveng/Documents/GitHub/GamesAssignment2-SecondYear/Games Assignment Two/GamesAssignmentTwo/Saved/Config/Windows/Engine.ini]
[2021.04.14-06.57.56:215][  0]LogInit: Computer: PROGRAMMING-PC
[2021.04.14-06.57.56:215][  0]LogInit: User: aveng
[2021.04.14-06.57.56:215][  0]LogInit: CPU Page size=4096, Cores=12
[2021.04.14-06.57.56:215][  0]LogInit: High frequency timer resolution =10.000000 MHz
[2021.04.14-06.57.56:216][  0]LogMemory: Memory total: Physical=31.9GB (32GB approx)
[2021.04.14-06.57.56:216][  0]LogMemory: Platform Memory Stats for Windows
[2021.04.14-06.57.56:217][  0]LogMemory: Process Physical Memory: 120.00 MB used, 120.01 MB peak
[2021.04.14-06.57.56:219][  0]LogMemory: Process Virtual Memory: 110.83 MB used, 110.83 MB peak
[2021.04.14-06.57.56:219][  0]LogMemory: Physical Memory: 25791.44 MB used,  6882.31 MB free, 32673.75 MB total
[2021.04.14-06.57.56:219][  0]LogMemory: Virtual Memory: 5220.85 MB used,  134212504.00 MB free, 134217728.00 MB total
[2021.04.14-06.57.56:222][  0]LogWindows: WindowsPlatformFeatures enabled
[2021.04.14-06.57.56:258][  0]LogInit: Physics initialised using underlying interface: PhysX
[2021.04.14-06.57.56:258][  0]LogInit: Using OS detected language (en-GB).
[2021.04.14-06.57.56:259][  0]LogInit: Using OS detected locale (en-GB).
[2021.04.14-06.57.56:260][  0]LogTextLocalizationManager: No specific localization for 'en-GB' exists, so the 'en' localization will be used.
[2021.04.14-06.57.56:427][  0]LogSlate: New Slate User Created.  User Index 0, Is Virtual User: 0
[2021.04.14-06.57.56:428][  0]LogSlate: Slate User Registered.  User Index 0, Is Virtual User: 0
[2021.04.14-06.57.56:442][  0]LogHMD: Failed to initialize OpenVR with code 110
[2021.04.14-06.57.56:442][  0]LogD3D11RHI: D3D11 min allowed feature level: 11_0
[2021.04.14-06.57.56:442][  0]LogD3D11RHI: D3D11 max allowed feature level: 11_0
[2021.04.14-06.57.56:443][  0]LogD3D11RHI: D3D11 adapters:
[2021.04.14-06.57.56:548][  0]LogD3D11RHI:    0. 'NVIDIA GeForce GTX 1060 6GB' (Feature Level 11_0)
[2021.04.14-06.57.56:549][  0]LogD3D11RHI:       6052/0/16336 MB DedicatedVideo/DedicatedSystem/SharedSystem, Outputs:2, VendorId:0x10de
[2021.04.14-06.57.56:553][  0]LogD3D11RHI:    1. 'Microsoft Basic Render Driver' (Feature Level 11_0)
[2021.04.14-06.57.56:553][  0]LogD3D11RHI:       0/0/16336 MB DedicatedVideo/DedicatedSystem/SharedSystem, Outputs:0, VendorId:0x1414
[2021.04.14-06.57.56:554][  0]LogD3D11RHI: Chosen D3D11 Adapter: 0
[2021.04.14-06.57.56:568][  0]LogD3D11RHI: Creating new Direct3DDevice
[2021.04.14-06.57.56:568][  0]LogD3D11RHI:     GPU DeviceId: 0x1c03 (for the marketing name, search the web for "GPU Device Id")
[2021.04.14-06.57.56:569][  0]LogWindows: EnumDisplayDevices:
[2021.04.14-06.57.56:570][  0]LogWindows:    0. 'NVIDIA GeForce GTX 1060 6GB' (P:1 D:1)
[2021.04.14-06.57.56:571][  0]LogWindows:    1. 'NVIDIA GeForce GTX 1060 6GB' (P:0 D:1)
[2021.04.14-06.57.56:572][  0]LogWindows:    2. 'NVIDIA GeForce GTX 1060 6GB' (P:0 D:0)
[2021.04.14-06.57.56:574][  0]LogWindows:    3. 'NVIDIA GeForce GTX 1060 6GB' (P:0 D:0)
[2021.04.14-06.57.56:574][  0]LogWindows: DebugString: FoundDriverCount:4 
[2021.04.14-06.57.56:574][  0]LogD3D11RHI:     Adapter Name: NVIDIA GeForce GTX 1060 6GB
[2021.04.14-06.57.56:575][  0]LogD3D11RHI:   Driver Version: 461.92 (internal:27.21.14.6192, unified:461.92)
[2021.04.14-06.57.56:576][  0]LogD3D11RHI:      Driver Date: 3-11-2021
[2021.04.14-06.57.56:577][  0]LogRHI: Texture pool is 4236 MB (70% of 6052 MB)
[2021.04.14-06.57.56:659][  0]LogD3D11RHI: RHI has support for 64 bit atomics
[2021.04.14-06.57.56:660][  0]LogD3D11RHI: Async texture creation enabled
[2021.04.14-06.57.56:660][  0]LogD3D11RHI: Array index from any shader is supported
[2021.04.14-06.57.56:685][  0]LogD3D11RHI: GPU Timing Frequency: 1000.000000 (Debug: 2 1)
[2021.04.14-06.57.57:150][  0]LogTargetPlatformManager: Display: Loaded TargetPlatform 'WindowsNoEditor'
[2021.04.14-06.57.57:153][  0]LogTargetPlatformManager: Display: Loaded TargetPlatform 'Windows'
[2021.04.14-06.57.57:159][  0]LogTargetPlatformManager: Display: Loaded TargetPlatform 'WindowsClient'
[2021.04.14-06.57.57:166][  0]LogTargetPlatformManager: Display: Loaded TargetPlatform 'WindowsServer'
[2021.04.14-06.57.57:166][  0]LogTargetPlatformManager: Display: Building Assets For Windows
[2021.04.14-06.57.57:170][  0]LogAudioDebug: Display: Lib vorbis DLL was dynamically loaded.
[2021.04.14-06.57.57:190][  0]LogShaderCompilers: Guid format shader working directory is -54 characters bigger than the processId version (C:/Users/aveng/Documents/GitHub/GamesAssignment2-SecondYear/Games Assignment Two/GamesAssignmentTwo/Intermediate/Shaders/WorkingDirectory/18744/).
[2021.04.14-06.57.57:191][  0]LogShaderCompilers: Cleaned the shader compiler working directory 'C:/Users/aveng/AppData/Local/Temp/UnrealShaderWorkingDir/E4329F634A31497DB67883A4E8569E14/'.
[2021.04.14-06.57.57:192][  0]LogXGEController: Cannot use XGE Controller as Incredibuild is not installed on this machine.
[2021.04.14-06.57.57:192][  0]LogShaderCompilers: Cannot use XGE Shader Compiler as Incredibuild is not installed on this machine.
[2021.04.14-06.57.57:192][  0]LogShaderCompilers: Display: Using Local Shader Compiler.
[2021.04.14-06.57.57:869][  0]LogDerivedDataCache: Display: Max Cache Size: 512 MB
[2021.04.14-06.57.57:910][  0]LogDerivedDataCache: Loaded boot cache 0.04s 77MB C:/Users/aveng/AppData/Local/UnrealEngine/4.25/DerivedDataCache/Boot.ddc.
[2021.04.14-06.57.57:910][  0]LogDerivedDataCache: Display: Loaded Boot cache: C:/Users/aveng/AppData/Local/UnrealEngine/4.25/DerivedDataCache/Boot.ddc
[2021.04.14-06.57.57:911][  0]LogDerivedDataCache: FDerivedDataBackendGraph:  Pak pak cache file C:/Users/aveng/Documents/GitHub/GamesAssignment2-SecondYear/Games Assignment Two/GamesAssignmentTwo/DerivedDataCache/DDC.ddp not found, will not use a pak cache.
[2021.04.14-06.57.57:912][  0]LogDerivedDataCache: Unable to find inner node Pak for hierarchical cache Hierarchy.
[2021.04.14-06.57.57:912][  0]LogDerivedDataCache: FDerivedDataBackendGraph:  CompressedPak pak cache file C:/Users/aveng/Documents/GitHub/GamesAssignment2-SecondYear/Games Assignment Two/GamesAssignmentTwo/DerivedDataCache/Compressed.ddp not found, will not use a pak cache.
[2021.04.14-06.57.57:912][  0]LogDerivedDataCache: Unable to find inner node CompressedPak for hierarchical cache Hierarchy.
[2021.04.14-06.57.57:923][  0]LogDerivedDataCache: Display: Pak cache opened for reading ../../../Engine/DerivedDataCache/Compressed.ddp.
[2021.04.14-06.57.57:923][  0]LogDerivedDataCache: FDerivedDataBackendGraph:  EnterprisePak pak cache file ../../../Enterprise/DerivedDataCache/Compressed.ddp not found, will not use a pak cache.
[2021.04.14-06.57.57:923][  0]LogDerivedDataCache: Unable to find inner node EnterprisePak for hierarchical cache Hierarchy.
[2021.04.14-06.57.57:925][  0]LogDerivedDataCache: Using Local data cache path C:/Users/aveng/AppData/Local/UnrealEngine/Common/DerivedDataCache: Writable
[2021.04.14-06.57.57:925][  0]LogDerivedDataCache: Shared data cache path not found in *engine.ini, will not use an Shared cache.
[2021.04.14-06.57.57:925][  0]LogDerivedDataCache: Unable to find inner node Shared for hierarchical cache Hierarchy.
[2021.04.14-06.57.57:962][  0]LogSlate: Using FreeType 2.10.0
[2021.04.14-06.57.57:963][  0]LogSlate: SlateFontServices - WITH_FREETYPE: 1, WITH_HARFBUZZ: 1
[2021.04.14-06.57.58:036][  0]LogInit: Using OS detected language (en-GB).
[2021.04.14-06.57.58:037][  0]LogInit: Using OS detected locale (en-GB).
[2021.04.14-06.57.58:038][  0]LogTextLocalizationManager: No localization for 'en-GB' exists, so 'en' will be used for the language.
[2021.04.14-06.57.58:038][  0]LogTextLocalizationManager: No localization for 'en-GB' exists, so 'en' will be used for the locale.
[2021.04.14-06.57.58:038][  0]LogSlate: FontCache flush requested. Reason: Culture for localization was changed
[2021.04.14-06.57.58:039][  0]LogSlate: FontCache flush requested. Reason: Culture for localization was changed
[2021.04.14-06.57.58:040][  0]LogTextLocalizationManager: Compacting localization data took   0.00ms
[2021.04.14-06.57.58:043][  0]LogAssetRegistry: FAssetRegistry took 0.0017 seconds to start up
[2021.04.14-06.57.58:259][  0]LogPackageLocalizationCache: Processed 19 localized package path(s) for 1 prioritized culture(s) in 0.050871 seconds
[2021.04.14-06.57.58:304][  0]LogInit: Selected Device Profile: [Windows]
[2021.04.14-06.57.58:380][  0]LogMeshReduction: Using QuadricMeshReduction for automatic static mesh reduction
[2021.04.14-06.57.58:380][  0]LogMeshReduction: Using SimplygonMeshReduction for automatic skeletal mesh reduction
[2021.04.14-06.57.58:381][  0]LogMeshReduction: Using ProxyLODMeshReduction for automatic mesh merging
[2021.04.14-06.57.58:382][  0]LogMeshReduction: No distributed automatic mesh merging module available
[2021.04.14-06.57.58:382][  0]LogMeshMerging: No distributed automatic mesh merging module available
[2021.04.14-06.57.58:397][  0]LogNetVersion: GamesAssignmentTwo 1.0.0, NetCL: 13144385, EngineNetVer: 14, GameNetVer: 0 (Checksum: 1185472599)
[2021.04.14-06.57.58:610][  0]LogAISub: UAISubsystem::UAISubsystem AISubsystem (0000029A903118C0), frame # 0
[2021.04.14-06.57.58:611][  0]LogAISub: UAISubsystem::UAISubsystem AIPerceptionSystem (0000029A902596C0), frame # 0
[2021.04.14-06.57.58:613][  0]LogAISub: UAISubsystem::UAISubsystem EnvQueryManager (0000029A9023FC00), frame # 0
[2021.04.14-06.57.58:666][  0]LogCollectionManager: Loaded 0 collections in 0.000895 seconds
[2021.04.14-06.57.58:669][  0]LogFileCache: Scanning file cache for directory 'C:/Users/aveng/Documents/GitHub/GamesAssignment2-SecondYear/Games Assignment Two/GamesAssignmentTwo/Saved/Collections/' took 0.00s
[2021.04.14-06.57.58:669][  0]LogFileCache: Scanning file cache for directory 'C:/Users/aveng/Documents/GitHub/GamesAssignment2-SecondYear/Games Assignment Two/GamesAssignmentTwo/Content/Developers/aveng/Collections/' took 0.00s
[2021.04.14-06.57.58:670][  0]LogFileCache: Scanning file cache for directory 'C:/Users/aveng/Documents/GitHub/GamesAssignment2-SecondYear/Games Assignment Two/GamesAssignmentTwo/Content/Collections/' took 0.00s
[2021.04.14-06.57.58:670][  0]LogCollectionManager: Fixed up redirectors for 0 collections in 0.000003 seconds (updated 0 objects)
[2021.04.14-06.57.58:694][  0]LogMoviePlayer: Initializing movie player
[2021.04.14-06.57.58:815][  0]LogScript: Warning: Script Msg: A null object was passed as a world context object to UEngine::GetWorldFromContextObject().
[2021.04.14-06.57.58:816][  0]LogScript: Warning: Script Msg: A null object was passed as a world context object to UEngine::GetWorldFromContextObject().
[2021.04.14-06.57.58:819][  0]LogScript: Warning: Script Msg: A null object was passed as a world context object to UEngine::GetWorldFromContextObject().
[2021.04.14-06.57.58:820][  0]LogScript: Warning: Script Msg: A null object was passed as a world context object to UEngine::GetWorldFromContextObject().
[2021.04.14-06.57.58:874][  0]LogBlueprint: Warning: [Compiler Ue4ASP_Character] InputAction Event references unknown Action 'Crouch' for  InputAction Crouch
[2021.04.14-06.57.58:875][  0]LogBlueprint: Warning: [Compiler Ue4ASP_Character] Input Axis Event references unknown Axis 'MoveForward' for  InputAxis MoveForward
[2021.04.14-06.57.58:876][  0]LogBlueprint: Warning: [Compiler Ue4ASP_Character] Input Axis Event references unknown Axis 'MoveRight' for  InputAxis MoveRight
[2021.04.14-06.57.58:963][  0]SourceControl: Source control is disabled
[2021.04.14-06.57.58:964][  0]SourceControl: Source control is disabled
[2021.04.14-06.57.58:967][  0]SourceControl: Source control is disabled
[2021.04.14-06.57.59:026][  0]LogAndroidPermission: UAndroidPermissionCallbackProxy::GetInstance
[2021.04.14-06.57.59:032][  0]LogAudioCaptureCore: Display: No Audio Capture implementations found. Audio input will be silent.
[2021.04.14-06.57.59:032][  0]LogAudioCaptureCore: Display: No Audio Capture implementations found. Audio input will be silent.
[2021.04.14-06.57.59:062][  0]LogOcInput: OculusInput pre-init called
[2021.04.14-06.57.59:074][  0]LogUObjectArray: 21161 objects as part of root set at end of initial load.
[2021.04.14-06.57.59:075][  0]LogUObjectAllocator: 5879904 out of 0 bytes used by permanent object pool.
[2021.04.14-06.57.59:075][  0]LogUObjectArray: CloseDisregardForGC: 0/0 objects in disregard for GC pool
[2021.04.14-06.57.59:110][  0]LogEngine: Initializing Engine...
[2021.04.14-06.57.59:111][  0]LogHMD: Failed to initialize OpenVR with code 110
[2021.04.14-06.57.59:111][  0]LogMagicLeap: Warning: VR disabled because ZI is not enabled.  To enable, in the editor, Edit -> Project Settings -> Plugins -> Magic Leap Plugin -> Enable Zero Iteration
[2021.04.14-06.57.59:114][  0]LogStats: UGameplayTagsManager::InitializeManager -  0.000 s
[2021.04.14-06.57.59:200][  0]LogInit: Initializing FReadOnlyCVARCache
[2021.04.14-06.57.59:203][  0]LogAudioMixer: Display: Audio Mixer Platform Settings:
[2021.04.14-06.57.59:203][  0]LogAudioMixer: Display: 	Sample Rate:						  48000
[2021.04.14-06.57.59:203][  0]LogAudioMixer: Display: 	Callback Buffer Frame Size Requested: 1024
[2021.04.14-06.57.59:204][  0]LogAudioMixer: Display: 	Callback Buffer Frame Size To Use:	  1024
[2021.04.14-06.57.59:204][  0]LogAudioMixer: Display: 	Number of buffers to queue:			  2
[2021.04.14-06.57.59:204][  0]LogAudioMixer: Display: 	Max Channels (voices):				  32
[2021.04.14-06.57.59:205][  0]LogAudioMixer: Display: 	Number of Async Source Workers:		  0
[2021.04.14-06.57.59:205][  0]LogAudio: Display: AudioDevice MaxSources: 32
[2021.04.14-06.57.59:206][  0]LogAudio: Display: Using built-in audio occlusion.
[2021.04.14-06.57.59:206][  0]LogAudioMixer: Display: Initializing audio mixer.
[2021.04.14-06.57.59:224][  0]LogAudioMixer: Display: 0: FrontLeft
[2021.04.14-06.57.59:224][  0]LogAudioMixer: Display: 1: FrontRight
[2021.04.14-06.57.59:225][  0]LogAudioMixer: Display: 2: FrontCenter
[2021.04.14-06.57.59:226][  0]LogAudioMixer: Display: 3: LowFrequency
[2021.04.14-06.57.59:226][  0]LogAudioMixer: Display: 4: BackLeft
[2021.04.14-06.57.59:227][  0]LogAudioMixer: Display: 5: BackRight
[2021.04.14-06.57.59:229][  0]LogAudioMixer: Display: 6: SideLeft
[2021.04.14-06.57.59:229][  0]LogAudioMixer: Display: 7: SideRight
[2021.04.14-06.57.59:257][  0]LogAudioMixer: Display: Using Audio Device Speakers (THX Spatial Audio)
[2021.04.14-06.57.59:263][  0]LogAudioMixer: Display: Initializing Sound Submixes...
[2021.04.14-06.57.59:265][  0]LogAudioMixer: Display: Creating Master Submix 'MasterSubmixDefault'
[2021.04.14-06.57.59:265][  0]LogAudioMixer: Display: Creating Master Submix 'MasterReverbSubmixDefault'
[2021.04.14-06.57.59:267][  0]LogAudioMixer: Display: Creating Master Submix 'MasterEQSubmixDefault'
[2021.04.14-06.57.59:268][  0]LogInit: FAudioDevice initialized.
[2021.04.14-06.57.59:269][  0]LogNetVersion: Set ProjectVersion to 1.0.0.0. Version Checksum will be recalculated on next use.
[2021.04.14-06.57.59:372][  0]LogDerivedDataCache: Saved boot cache 0.10s 77MB C:/Users/aveng/AppData/Local/UnrealEngine/4.25/DerivedDataCache/Boot.ddc.
[2021.04.14-06.57.59:374][  0]LogInit: Texture streaming: Enabled
[2021.04.14-06.57.59:421][  0]LogSlate: Updating window title bar state: overlay mode, drag disabled, window buttons hidden, title bar hidden
[2021.04.14-06.57.59:422][  0]LogInit: Display: Game Engine Initialized.
[2021.04.14-06.57.59:423][  0]LogNiagaraEditor: Warning: GEditor isn't valid! Particle reset commands will not work for Niagara components!
[2021.04.14-06.57.59:433][  0]LogInit: Display: Starting Game.
[2021.04.14-06.57.59:434][  0]LogNet: Browse: /Game/Levels/MainMenu?Name=Player
[2021.04.14-06.57.59:434][  0]LogLoad: LoadMap: /Game/Levels/MainMenu?Name=Player
[2021.04.14-06.57.59:442][  0]LogWorld: BeginTearingDown for /Temp/Untitled_0
[2021.04.14-06.57.59:444][  0]LogWorld: UWorld::CleanupWorld for Untitled, bSessionEnded=true, bCleanupResources=true
[2021.04.14-06.57.59:444][  0]LogSlate: InvalidateAllWidgets triggered.  All widgets were invalidated
[2021.04.14-06.57.59:467][  0]LogUObjectHash: Compacting FUObjectHashTables data took   0.73ms
[2021.04.14-06.57.59:527][  0]LogAIModule: Creating AISystem for world MainMenu
[2021.04.14-06.57.59:527][  0]LogAISub: UAISubsystem::UAISubsystem EnvQueryManager (0000029A9006DC00), frame # 0
[2021.04.14-06.57.59:528][  0]LogAISub: UAISubsystem::UAISubsystem AIPerceptionSystem (0000029A983BB100), frame # 0
[2021.04.14-06.57.59:536][  0]LogLoad: Game class is 'BP_GamesAssignmentTwoGameModeBse_C'
[2021.04.14-06.57.59:538][  0]LogWorld: Bringing World /Game/Levels/MainMenu.MainMenu up for play (max tick rate 0) at 2021.04.14-07.57.59
[2021.04.14-06.57.59:538][  0]LogWorld: Bringing up level for play took: 0.001398
[2021.04.14-06.57.59:542][  0]LogTemp: Warning: 0
[2021.04.14-06.57.59:543][  0]LogTemp: Warning: Load main menu widget from instance called
[2021.04.14-06.57.59:543][  0]LogTemp: Warning: Load main menu widget from instance MenuClass set
[2021.04.14-06.57.59:545][  0]LogTemp: Warning: TRUEEE
[2021.04.14-06.57.59:547][  0]LogTemp: Warning: Level: MainMenu
[2021.04.14-06.57.59:547][  0]LogLoad: Took 0.112888 seconds to LoadMap(/Game/Levels/MainMenu)
[2021.04.14-06.57.59:574][  0]LogSlate: Took 0.000199 seconds to synchronously load lazily loaded font '../../../Engine/Content/Slate/Fonts/Roboto-Regular.ttf' (155K)
[2021.04.14-06.57.59:588][  0]LogRenderer: Reallocating scene render targets to support 960x1020 Format 10 NumSamples 1 (Frame:1).
[2021.04.14-06.57.59:588][  0]LogLoad: (Engine Initialization) Total time: 5.09 seconds
[2021.04.14-06.57.59:589][  0]LogLoad: (Engine Initialization) Total Blueprint compile time: 0.00 seconds
[2021.04.14-06.57.59:610][  0]LogContentStreaming: Texture pool size now 1000 MB
[2021.04.14-06.57.59:614][  0]LogSlate: InvalidateAllWidgets triggered.  All widgets were invalidated
[2021.04.14-06.57.59:653][  1]LogSlate: Took 0.000194 seconds to synchronously load lazily loaded font '../../../Engine/Content/Slate/Fonts/Roboto-Regular.ttf' (155K)
[2021.04.14-06.58.18:295][571]LogSlate: WidgetSwitcher ('None') active index changed to 2
[2021.04.14-06.58.18:789][738]LogNet: Browse: 127.0.0.1/Game/Levels/MainMenu
[2021.04.14-06.58.18:790][738]LogInit: WinSock: Socket queue. Rx: 32768 (config 32768) Tx: 32768 (config 32768)
[2021.04.14-06.58.18:790][738]LogNet: Created socket for bind address: 0.0.0.0 on port 0
[2021.04.14-06.58.18:791][738]PacketHandlerLog: Loaded PacketHandler component: Engine.EngineHandlerComponentFactory (StatelessConnectHandlerComponent)
[2021.04.14-06.58.18:791][738]LogNet: Game client on port 7777, rate 10000
[2021.04.14-06.58.19:808][ 78]LogHandshake: SendChallengeResponse. Timestamp: 5.115089, Cookie: 106212043036105043182066213017021156146051245068067062078177
[2021.04.14-06.58.19:850][ 92]LogNetVersion: GamesAssignmentTwo 1.0.0.0, NetCL: 13144385, EngineNetVer: 14, GameNetVer: 0 (Checksum: 1872474305)
[2021.04.14-06.58.19:850][ 92]LogNet: UPendingNetGame::SendInitialJoin: Sending hello. [UNetConnection] RemoteAddr: 127.0.0.1:7777, Name: IpConnection_0, Driver: PendingNetDriver IpNetDriver_0, IsServer: NO, PC: NULL, Owner: NULL, UniqueId: INVALID
[2021.04.14-06.58.19:914][114]LogNet: Welcomed by server (Level: /Game/Levels/Lobby, Game: /Game/Blueprints/BP_ServerLobbyGameModeBase.BP_ServerLobbyGameModeBase_C)
[2021.04.14-06.58.19:915][114]LogLoad: LoadMap: 127.0.0.1/Game/Levels/Lobby?game=/Game/Blueprints/BP_ServerLobbyGameModeBase.BP_ServerLobbyGameModeBase_C
[2021.04.14-06.58.19:915][114]LogWorld: BeginTearingDown for /Game/Levels/MainMenu
[2021.04.14-06.58.19:916][114]LogWorld: UWorld::CleanupWorld for MainMenu, bSessionEnded=true, bCleanupResources=true
[2021.04.14-06.58.19:917][114]LogSlate: InvalidateAllWidgets triggered.  All widgets were invalidated
[2021.04.14-06.58.19:964][114]LogAISub: UAISubsystem::~UAISubsystem EnvQueryManager (0000029A9006DC00), frame # 4114
[2021.04.14-06.58.19:964][114]LogAISub: UAISubsystem::~UAISubsystem AIPerceptionSystem (0000029A983BB100), frame # 4114
[2021.04.14-06.58.19:966][114]LogUObjectHash: Compacting FUObjectHashTables data took   0.76ms
[2021.04.14-06.58.20:027][114]LogWorld: Bringing World /Game/Levels/Lobby.Lobby up for play (max tick rate 0) at 2021.04.14-07.58.20
[2021.04.14-06.58.20:027][114]LogWorld: Bringing up level for play took: 0.001372
[2021.04.14-06.58.20:031][114]LogLoad: Took 0.115065 seconds to LoadMap(/Game/Levels/Lobby)
[2021.04.14-06.58.20:032][114]LogNavigation: Warning: NavData RegistrationFailed_DataPendingKill.
[2021.04.14-06.58.20:235][150]LogTemp: Warning: Level: Lobby
[2021.04.14-06.58.20:237][150]LogTemp: Warning: 0
[2021.04.14-06.58.20:237][150]LogTemp: Warning: 0
[2021.04.14-06.58.20:267][156]LogOnlineSession: Warning: OSS: No game present to join for session (GameSession)
[2021.04.14-06.58.20:331][164]LogOnlineSession: Warning: OSS: No game present to join for session (GameSession)
[2021.04.14-06.58.30:054][616]LogWorld: SeamlessTravel to: /Game/Levels/Gamelevel
[2021.04.14-06.58.30:058][617]LogWorld: BeginTearingDown for /Game/Levels/Lobby
[2021.04.14-06.58.30:059][617]LogWorld: UWorld::CleanupWorld for Lobby, bSessionEnded=false, bCleanupResources=true
[2021.04.14-06.58.30:059][617]LogSlate: InvalidateAllWidgets triggered.  All widgets were invalidated
[2021.04.14-06.58.30:096][617]LogAudio: Display: Waited 36.120197 ms for audio thread.
[2021.04.14-06.58.30:119][617]LogUObjectHash: Compacting FUObjectHashTables data took   0.73ms
[2021.04.14-06.58.30:120][617]LogStats:     SeamlessTravel FlushLevelStreaming  -  0.000 s
[2021.04.14-06.58.30:121][617]LogWorld: Bringing World /Temp/Untitled_1.Untitled up for play (max tick rate 0) at 2021.04.14-07.58.30
[2021.04.14-06.58.30:122][617]LogWorld: Bringing up level for play took: 0.001458
[2021.04.14-06.58.30:123][617]LogWorld: Sending NotifyLoadedWorld for LP: LocalPlayer_0 PC: BP_MainPlayerController_C_0
[2021.04.14-06.58.30:124][617]LogNet: Verbose: NotifyLoadedWorld Begin
[2021.04.14-06.58.30:125][617]LogNet: VeryVerbose: GetFunctionCallspace RemoteRole Remote ServerNotifyLoadedWorld
[2021.04.14-06.58.30:126][617]LogNetTraffic:       Sent RPC: BP_MainPlayerController_C /Temp/Untitled_1.Untitled:PersistentLevel.BP_MainPlayerController_C_0::ServerNotifyLoadedWorld [28.4 bytes]
[2021.04.14-06.58.30:127][617]LogNetTraffic: VeryVerbose: Sending: FOutBunch: Channel[2] ChSequence: 55 NumBits: 227 PacketId: 0 bOpen: 0 bClose: 0 bDormant: 0 bIsReplicationPaused: 0 bReliable: 1 bPartial: 0//0//0 bHasPackageMapExports: 0 
[2021.04.14-06.58.30:127][617]LogNetTraffic: Verbose: FNetPacketNotify::WriteHeader - Seq 9696, AckedSeq 5746 bReFresh 0 HistorySizeInWords 1
[2021.04.14-06.58.30:129][617]LogNetTraffic: Verbose: UNetConnection::SendRawBunch. ChIndex: 2. Bits: 227. PacketId: 9696
[2021.04.14-06.58.30:131][617]LogNet: Verbose: NotifyLoadedWorld End
[2021.04.14-06.58.30:132][617]LogWorld: StartLoadingDestination to: /Game/Levels/Gamelevel
[2021.04.14-06.58.30:211][620]LogWorld: BeginTearingDown for /Temp/Untitled_1
[2021.04.14-06.58.30:211][620]LogWorld: UWorld::CleanupWorld for Untitled, bSessionEnded=true, bCleanupResources=true
[2021.04.14-06.58.30:212][620]LogSlate: InvalidateAllWidgets triggered.  All widgets were invalidated
[2021.04.14-06.58.30:261][620]LogUObjectHash: Compacting FUObjectHashTables data took   0.78ms
[2021.04.14-06.58.30:263][620]LogStats:     SeamlessTravel FlushLevelStreaming  -  0.001 s
[2021.04.14-06.58.30:265][620]LogWorld: Bringing World /Game/Levels/Gamelevel.GameLevel up for play (max tick rate 0) at 2021.04.14-07.58.30
[2021.04.14-06.58.30:265][620]LogWorld: Bringing up level for play took: 0.002117
[2021.04.14-06.58.30:266][620]LogWorld: Sending NotifyLoadedWorld for LP: LocalPlayer_0 PC: BP_MainPlayerController_C_0
[2021.04.14-06.58.30:266][620]LogNet: Verbose: NotifyLoadedWorld Begin
[2021.04.14-06.58.30:267][620]LogNet: VeryVerbose: GetFunctionCallspace RemoteRole Remote ServerNotifyLoadedWorld
[2021.04.14-06.58.30:267][620]LogNetTraffic:       Sent RPC: BP_MainPlayerController_C /Game/Levels/Gamelevel.GameLevel:PersistentLevel.BP_MainPlayerController_C_0::ServerNotifyLoadedWorld [36.4 bytes]
[2021.04.14-06.58.30:267][620]LogNetTraffic: VeryVerbose: Sending: FOutBunch: Channel[2] ChSequence: 56 NumBits: 291 PacketId: 0 bOpen: 0 bClose: 0 bDormant: 0 bIsReplicationPaused: 0 bReliable: 1 bPartial: 0//0//0 bHasPackageMapExports: 0 
[2021.04.14-06.58.30:268][620]LogNetTraffic: Verbose: FNetPacketNotify::WriteHeader - Seq 9699, AckedSeq 5748 bReFresh 0 HistorySizeInWords 1
[2021.04.14-06.58.30:268][620]LogNetTraffic: Verbose: UNetConnection::SendRawBunch. ChIndex: 2. Bits: 291. PacketId: 9699
[2021.04.14-06.58.30:269][620]LogNet: Verbose: NotifyLoadedWorld End
[2021.04.14-06.58.30:270][620]LogWorld: ----SeamlessTravel finished in 0.22 seconds ------
[2021.04.14-06.58.30:271][620]LogNet: Warning: UActorChannel::ProcessBunch: SerializeNewActor failed to find/spawn actor. Actor: None, Channel: 3
[2021.04.14-06.58.30:274][620]LogNavigation: Warning: NavData RegistrationFailed_DataPendingKill.
[2021.04.14-06.58.30:289][623]LogOnlineSession: Warning: OSS: No game present to leave for session (GameSession)
[2021.04.14-06.58.30:289][623]LogOnlineSession: Warning: OSS: No game present to leave for session (GameSession)
[2021.04.14-06.58.30:635][686]LogOnlineSession: Warning: OSS: No game present to join for session (GameSession)
[2021.04.14-06.58.30:667][692]LogOnlineSession: Warning: OSS: No game present to join for session (GameSession)
[2021.04.14-06.58.30:726][701]LogTemp: Warning: Level: Gamelevel
[2021.04.14-06.58.30:728][701]LogTemp: Warning: 4
[2021.04.14-06.58.30:729][701]LogTemp: Warning: 4
