Log file open, 04/14/21 07:50:51
LogInit: Display: Running engine for game: GamesAssignmentTwo
LogPlatformFile: Not using cached read wrapper
LogTaskGraph: Started task graph with 5 named threads and 71 total threads with 3 sets of task threads.
LogStats: Stats thread started at 0.231847
LogD3D11RHI: Loaded GFSDK_Aftermath_Lib.x64.dll
LogICUInternationalization: ICU TimeZone Detection - Raw Offset: +0:00, Platform Override: ''
LogPluginManager: Mounting plugin Paper2D
LogPluginManager: Mounting plugin AISupport
LogPluginManager: Mounting plugin LightPropagationVolume
LogPluginManager: Mounting plugin CameraShakePreviewer
LogPluginManager: Mounting plugin ActorLayerUtilities
LogPluginManager: Mounting plugin AnimationSharing
LogPluginManager: Mounting plugin CLionSourceCodeAccess
LogPluginManager: Mounting plugin CodeLiteSourceCodeAccess
LogPluginManager: Mounting plugin GitSourceControl
LogPluginManager: Mounting plugin KDevelopSourceCodeAccess
LogPluginManager: Mounting plugin NullSourceCodeAccess
LogPluginManager: Mounting plugin PerforceSourceControl
LogPluginManager: Mounting plugin PlasticSourceControl
LogPluginManager: Mounting plugin RiderSourceCodeAccess
LogPluginManager: Mounting plugin SubversionSourceControl
LogPluginManager: Mounting plugin UObjectPlugin
LogPluginManager: Mounting plugin VisualStudioCodeSourceCodeAccess
LogPluginManager: Mounting plugin VisualStudioSourceCodeAccess
LogPluginManager: Mounting plugin XCodeSourceCodeAccess
LogPluginManager: Mounting plugin AssetManagerEditor
LogPluginManager: Mounting plugin CryptoKeys
LogPluginManager: Mounting plugin CurveEditorTools
LogPluginManager: Mounting plugin DataValidation
LogPluginManager: Mounting plugin EditorScriptingUtilities
LogPluginManager: Mounting plugin FacialAnimation
LogPluginManager: Mounting plugin GameplayTagsEditor
LogPluginManager: Mounting plugin GeometryMode
LogPluginManager: Mounting plugin MacGraphicsSwitching
LogPluginManager: Mounting plugin MaterialAnalyzer
LogPluginManager: Mounting plugin MobileLauncherProfileWizard
LogPluginManager: Mounting plugin PluginBrowser
LogPluginManager: Mounting plugin SpeedTreeImporter
LogPluginManager: Mounting plugin DatasmithContent
LogPluginManager: Mounting plugin VariantManagerContent
LogPluginManager: Mounting plugin AlembicImporter
LogPluginManager: Mounting plugin AutomationUtils
LogPluginManager: Mounting plugin BackChannel
LogPluginManager: Mounting plugin ChaosCloth
LogPluginManager: Mounting plugin ChaosClothEditor
LogPluginManager: Mounting plugin ChaosEditor
LogPluginManager: Mounting plugin ChaosNiagara
LogPluginManager: Mounting plugin ChaosSolverPlugin
LogPluginManager: Mounting plugin CharacterAI
LogPluginManager: Mounting plugin GeometryCache
LogPluginManager: Mounting plugin GeometryCollectionPlugin
LogPluginManager: Mounting plugin GeometryProcessing
LogPluginManager: Mounting plugin PlanarCut
LogPluginManager: Mounting plugin PlatformCrypto
LogPluginManager: Mounting plugin ProxyLODPlugin
LogPluginManager: Mounting plugin SkeletalReduction
LogPluginManager: Mounting plugin Niagara
LogPluginManager: Mounting plugin MagicLeap
LogPluginManager: Mounting plugin MagicLeapLightEstimation
LogPluginManager: Mounting plugin MagicLeapMedia
LogPluginManager: Mounting plugin MagicLeapPassableWorld
LogPluginManager: Mounting plugin MLSDK
LogPluginManager: Mounting plugin AndroidMedia
LogPluginManager: Mounting plugin AvfMedia
LogPluginManager: Mounting plugin ImgMedia
LogPluginManager: Mounting plugin MediaCompositing
LogPluginManager: Mounting plugin MediaPlayerEditor
LogPluginManager: Mounting plugin WebMMedia
LogPluginManager: Mounting plugin WmfMedia
LogPluginManager: Mounting plugin MeshPainting
LogPluginManager: Mounting plugin TcpMessaging
LogPluginManager: Mounting plugin UdpMessaging
LogPluginManager: Mounting plugin ActorSequence
LogPluginManager: Mounting plugin LevelSequenceEditor
LogPluginManager: Mounting plugin MatineeToLevelSequence
LogPluginManager: Mounting plugin MovieRenderPipeline
LogPluginManager: Mounting plugin TemplateSequence
LogPluginManager: Mounting plugin NetcodeUnitTest
LogPluginManager: Mounting plugin NUTUnrealEngine4
LogPluginManager: Mounting plugin OnlineSubsystemGooglePlay
LogPluginManager: Mounting plugin OnlineSubsystemIOS
LogPluginManager: Mounting plugin OnlineSubsystem
LogPluginManager: Mounting plugin OnlineSubsystemNull
LogPluginManager: Mounting plugin OnlineSubsystemUtils
LogPluginManager: Mounting plugin LauncherChunkInstaller
LogPluginManager: Mounting plugin AndroidDeviceProfileSelector
LogPluginManager: Mounting plugin AndroidMoviePlayer
LogPluginManager: Mounting plugin AndroidPermission
LogPluginManager: Mounting plugin AppleImageUtils
LogPluginManager: Mounting plugin AppleMoviePlayer
LogPluginManager: Mounting plugin ArchVisCharacter
LogPluginManager: Mounting plugin AssetTags
LogPluginManager: Mounting plugin AudioCapture
LogPluginManager: Mounting plugin CableComponent
LogPluginManager: Mounting plugin CustomMeshComponent
LogPluginManager: Mounting plugin EditableMesh
LogPluginManager: Mounting plugin ExampleDeviceProfileSelector
LogPluginManager: Mounting plugin GoogleCloudMessaging
LogPluginManager: Mounting plugin GooglePAD
LogPluginManager: Mounting plugin IOSDeviceProfileSelector
LogPluginManager: Mounting plugin LinuxDeviceProfileSelector
LogPluginManager: Mounting plugin LocationServicesBPLibrary
LogPluginManager: Mounting plugin MobilePatchingUtils
LogPluginManager: Mounting plugin OculusVR
LogPluginManager: Mounting plugin PhysXVehicles
LogPluginManager: Mounting plugin PostSplashScreen
LogPluginManager: Mounting plugin ProceduralMeshComponent
LogPluginManager: Mounting plugin RuntimePhysXCooking
LogPluginManager: Mounting plugin SignificanceManager
LogPluginManager: Mounting plugin SoundFields
LogPluginManager: Mounting plugin SteamVR
LogPluginManager: Mounting plugin Synthesis
LogPluginManager: Mounting plugin WebMMoviePlayer
LogPluginManager: Mounting plugin WindowsMoviePlayer
LogPluginManager: Mounting plugin ScreenshotTools
LogInit: Using libcurl 7.55.1-DEV
LogInit:  - built for x86_64-pc-win32
LogInit:  - supports SSL with OpenSSL/1.1.1
LogInit:  - supports HTTP deflate (compression) using libz 1.2.8
LogInit:  - other features:
LogInit:      CURL_VERSION_SSL
LogInit:      CURL_VERSION_LIBZ
LogInit:      CURL_VERSION_IPV6
LogInit:      CURL_VERSION_ASYNCHDNS
LogInit:      CURL_VERSION_LARGEFILE
LogInit:      CURL_VERSION_IDN
LogInit:  CurlRequestOptions (configurable via config and command line):
LogInit:  - bVerifyPeer = true  - Libcurl will verify peer certificate
LogInit:  - bUseHttpProxy = false  - Libcurl will NOT use HTTP proxy
LogInit:  - bDontReuseConnections = false  - Libcurl will reuse connections
LogInit:  - MaxHostConnections = 16  - Libcurl will limit the number of connections to a host
LogInit:  - LocalHostAddr = Default
LogInit:  - BufferSize = 65536
LogOnline: OSS: Creating online subsystem instance for: NULL
LogInit: WinSock: version 1.1 (2.2), MaxSocks=32767, MaxUdp=65467
LogOnline: OSS: TryLoadSubsystemAndSetDefault: Loaded subsystem for module [NULL]
LogInit: Build: ++UE4+Release-4.25-CL-14469661
LogInit: Engine Version: 4.25.4-14469661+++UE4+Release-4.25
LogInit: Compatible Engine Version: 4.25.0-13144385+++UE4+Release-4.25
LogInit: Net CL: 13144385
LogInit: OS: Windows 10 (Release 2009) (), CPU: AMD Ryzen 9 3900X 12-Core Processor            , GPU: NVIDIA GeForce GTX 1060 6GB
LogInit: Compiled (64-bit): Oct 11 2020 08:10:49
LogInit: Compiled with Visual C++: 19.24.28315.00
LogInit: Build Configuration: Development
LogInit: Branch Name: ++UE4+Release-4.25
LogInit: Command Line: -log -game
LogInit: Base Directory: E:/UNREAL ENGINE/UE_4.25/Engine/Binaries/Win64/
LogInit: Allocator: TBB
LogInit: Installed Engine Build: 1
LogDevObjectVersion: Number of dev versions registered: 26
LogDevObjectVersion:   Dev-Blueprints (B0D832E4-1F89-4F0D-ACCF-7EB736FD4AA2): 10
LogDevObjectVersion:   Dev-Build (E1C64328-A22C-4D53-A36C-8E866417BD8C): 0
LogDevObjectVersion:   Dev-Core (375EC13C-06E4-48FB-B500-84F0262A717E): 4
LogDevObjectVersion:   Dev-Editor (E4B068ED-F494-42E9-A231-DA0B2E46BB41): 38
LogDevObjectVersion:   Dev-Framework (CFFC743F-43B0-4480-9391-14DF171D2073): 37
LogDevObjectVersion:   Dev-Mobile (B02B49B5-BB20-44E9-A304-32B752E40360): 2
LogDevObjectVersion:   Dev-Networking (A4E4105C-59A1-49B5-A7C5-40C4547EDFEE): 0
LogDevObjectVersion:   Dev-Online (39C831C9-5AE6-47DC-9A44-9C173E1C8E7C): 0
LogDevObjectVersion:   Dev-Physics (78F01B33-EBEA-4F98-B9B4-84EACCB95AA2): 4
LogDevObjectVersion:   Dev-Platform (6631380F-2D4D-43E0-8009-CF276956A95A): 0
LogDevObjectVersion:   Dev-Rendering (12F88B9F-8875-4AFC-A67C-D90C383ABD29): 43
LogDevObjectVersion:   Dev-Sequencer (7B5AE74C-D270-4C10-A958-57980B212A5A): 12
LogDevObjectVersion:   Dev-VR (D7296918-1DD6-4BDD-9DE2-64A83CC13884): 3
LogDevObjectVersion:   Dev-LoadTimes (C2A15278-BFE7-4AFE-6C17-90FF531DF755): 1
LogDevObjectVersion:   Private-Geometry (6EACA3D4-40EC-4CC1-B786-8BED09428FC5): 3
LogDevObjectVersion:   Dev-AnimPhys (29E575DD-E0A3-4627-9D10-D276232CDCEA): 17
LogDevObjectVersion:   Dev-Anim (AF43A65D-7FD3-4947-9873-3E8ED9C1BB05): 7
LogDevObjectVersion:   Dev-ReflectionCapture (6B266CEC-1EC7-4B8F-A30B-E4D90942FC07): 1
LogDevObjectVersion:   Dev-Automation (0DF73D61-A23F-47EA-B727-89E90C41499A): 1
LogDevObjectVersion:   FortniteMain (601D1886-AC64-4F84-AA16-D3DE0DEAC7D6): 31
LogDevObjectVersion:   Dev-Enterprise (9DFFBCD6-494F-0158-E221-12823C92A888): 10
LogDevObjectVersion:   Dev-Niagara (F2AED0AC-9AFE-416F-8664-AA7FFA26D6FC): 1
LogDevObjectVersion:   Dev-Destruction (174F1F0B-B4C6-45A5-B13F-2EE8D0FB917D): 10
LogDevObjectVersion:   Dev-Physics-Ext (35F94A83-E258-406C-A318-09F59610247C): 37
LogDevObjectVersion:   Dev-PhysicsMaterial-Chaos (B68FC16E-8B1B-42E2-B453-215C058844FE): 1
LogDevObjectVersion:   Dev-CineCamera (B2E18506-4273-CFC2-A54E-F4BB758BBA07): 1
LogInit: Presizing for max 25165824 objects, including 0 objects not considered by GC, pre-allocating 0 bytes for permanent pool.
LogConfig: Applying CVar settings from Section [/Script/Engine.StreamingSettings] File [C:/Users/aveng/Documents/GitHub/GamesAssignment2-SecondYear/Games Assignment Two/GamesAssignmentTwo/Saved/Config/Windows/Engine.ini]
LogConfig: Setting CVar [[s.MinBulkDataSizeForAsyncLoading:131072]]
LogConfig: Setting CVar [[s.AsyncLoadingThreadEnabled:0]]
LogConfig: Setting CVar [[s.EventDrivenLoaderEnabled:1]]
LogConfig: Setting CVar [[s.WarnIfTimeLimitExceeded:0]]
LogConfig: Setting CVar [[s.TimeLimitExceededMultiplier:1.5]]
LogConfig: Setting CVar [[s.TimeLimitExceededMinTime:0.005]]
LogConfig: Setting CVar [[s.UseBackgroundLevelStreaming:1]]
LogConfig: Setting CVar [[s.PriorityAsyncLoadingExtraTime:15.0]]
LogConfig: Setting CVar [[s.LevelStreamingActorsUpdateTimeLimit:5.0]]
LogConfig: Setting CVar [[s.PriorityLevelStreamingActorsUpdateExtraTime:5.0]]
LogConfig: Setting CVar [[s.LevelStreamingComponentsRegistrationGranularity:10]]
LogConfig: Setting CVar [[s.UnregisterComponentsTimeLimit:1.0]]
LogConfig: Setting CVar [[s.LevelStreamingComponentsUnregistrationGranularity:5]]
LogConfig: Setting CVar [[s.FlushStreamingOnExit:1]]
LogInit: Object subsystem initialized
LogConfig: Setting CVar [[con.DebugEarlyDefault:1]]
LogConfig: Setting CVar [[r.setres:1280x720]]
[2021.04.14-06.50.51:922][  0]LogConfig: Setting CVar [[con.DebugEarlyDefault:1]]
[2021.04.14-06.50.51:922][  0]LogConfig: Setting CVar [[r.setres:1280x720]]
[2021.04.14-06.50.51:922][  0]LogConfig: Applying CVar settings from Section [/Script/Engine.RendererSettings] File [C:/Users/aveng/Documents/GitHub/GamesAssignment2-SecondYear/Games Assignment Two/GamesAssignmentTwo/Saved/Config/Windows/Engine.ini]
[2021.04.14-06.50.51:923][  0]LogConfig: Setting CVar [[r.GPUCrashDebugging:0]]
[2021.04.14-06.50.51:924][  0]LogConfig: Applying CVar settings from Section [/Script/Engine.RendererOverrideSettings] File [C:/Users/aveng/Documents/GitHub/GamesAssignment2-SecondYear/Games Assignment Two/GamesAssignmentTwo/Saved/Config/Windows/Engine.ini]
[2021.04.14-06.50.51:925][  0]LogConfig: Applying CVar settings from Section [/Script/Engine.StreamingSettings] File [C:/Users/aveng/Documents/GitHub/GamesAssignment2-SecondYear/Games Assignment Two/GamesAssignmentTwo/Saved/Config/Windows/Engine.ini]
[2021.04.14-06.50.51:925][  0]LogConfig: Setting CVar [[s.MinBulkDataSizeForAsyncLoading:131072]]
[2021.04.14-06.50.51:926][  0]LogConfig: Setting CVar [[s.AsyncLoadingThreadEnabled:0]]
[2021.04.14-06.50.51:927][  0]LogConfig: Setting CVar [[s.EventDrivenLoaderEnabled:1]]
[2021.04.14-06.50.51:929][  0]LogConfig: Setting CVar [[s.WarnIfTimeLimitExceeded:0]]
[2021.04.14-06.50.51:930][  0]LogConfig: Setting CVar [[s.TimeLimitExceededMultiplier:1.5]]
[2021.04.14-06.50.51:932][  0]LogConfig: Setting CVar [[s.TimeLimitExceededMinTime:0.005]]
[2021.04.14-06.50.51:933][  0]LogConfig: Setting CVar [[s.UseBackgroundLevelStreaming:1]]
[2021.04.14-06.50.51:934][  0]LogConfig: Setting CVar [[s.PriorityAsyncLoadingExtraTime:15.0]]
[2021.04.14-06.50.51:935][  0]LogConfig: Setting CVar [[s.LevelStreamingActorsUpdateTimeLimit:5.0]]
[2021.04.14-06.50.51:935][  0]LogConfig: Setting CVar [[s.PriorityLevelStreamingActorsUpdateExtraTime:5.0]]
[2021.04.14-06.50.51:937][  0]LogConfig: Setting CVar [[s.LevelStreamingComponentsRegistrationGranularity:10]]
[2021.04.14-06.50.51:937][  0]LogConfig: Setting CVar [[s.UnregisterComponentsTimeLimit:1.0]]
[2021.04.14-06.50.51:938][  0]LogConfig: Setting CVar [[s.LevelStreamingComponentsUnregistrationGranularity:5]]
[2021.04.14-06.50.51:939][  0]LogConfig: Setting CVar [[s.FlushStreamingOnExit:1]]
[2021.04.14-06.50.51:940][  0]LogConfig: Applying CVar settings from Section [/Script/Engine.GarbageCollectionSettings] File [C:/Users/aveng/Documents/GitHub/GamesAssignment2-SecondYear/Games Assignment Two/GamesAssignmentTwo/Saved/Config/Windows/Engine.ini]
[2021.04.14-06.50.51:941][  0]LogConfig: Setting CVar [[gc.MaxObjectsNotConsideredByGC:1]]
[2021.04.14-06.50.51:942][  0]LogConfig: Setting CVar [[gc.SizeOfPermanentObjectPool:0]]
[2021.04.14-06.50.51:942][  0]LogConfig: Setting CVar [[gc.FlushStreamingOnGC:0]]
[2021.04.14-06.50.51:942][  0]LogConfig: Setting CVar [[gc.NumRetriesBeforeForcingGC:10]]
[2021.04.14-06.50.51:943][  0]LogConfig: Setting CVar [[gc.AllowParallelGC:1]]
[2021.04.14-06.50.51:943][  0]LogConfig: Setting CVar [[gc.TimeBetweenPurgingPendingKillObjects:61.1]]
[2021.04.14-06.50.51:944][  0]LogConfig: Setting CVar [[gc.MaxObjectsInEditor:25165824]]
[2021.04.14-06.50.51:945][  0]LogConfig: Setting CVar [[gc.IncrementalBeginDestroyEnabled:1]]
[2021.04.14-06.50.51:946][  0]LogConfig: Setting CVar [[gc.CreateGCClusters:1]]
[2021.04.14-06.50.51:947][  0]LogConfig: Setting CVar [[gc.MinGCClusterSize:5]]
[2021.04.14-06.50.51:948][  0]LogConfig: Setting CVar [[gc.ActorClusteringEnabled:0]]
[2021.04.14-06.50.51:949][  0]LogConfig: Setting CVar [[gc.BlueprintClusteringEnabled:0]]
[2021.04.14-06.50.51:950][  0]LogConfig: Setting CVar [[gc.UseDisregardForGCOnDedicatedServers:0]]
[2021.04.14-06.50.51:950][  0]LogConfig: Applying CVar settings from Section [/Script/Engine.NetworkSettings] File [C:/Users/aveng/Documents/GitHub/GamesAssignment2-SecondYear/Games Assignment Two/GamesAssignmentTwo/Saved/Config/Windows/Engine.ini]
[2021.04.14-06.50.51:951][  0]LogConfig: Applying CVar settings from Section [/Script/UnrealEd.CookerSettings] File [C:/Users/aveng/Documents/GitHub/GamesAssignment2-SecondYear/Games Assignment Two/GamesAssignmentTwo/Saved/Config/Windows/Engine.ini]
[2021.04.14-06.50.51:956][  0]LogConfig: Applying CVar settings from Section [ViewDistanceQuality@3] File [C:/Users/aveng/Documents/GitHub/GamesAssignment2-SecondYear/Games Assignment Two/GamesAssignmentTwo/Saved/Config/Windows/Scalability.ini]
[2021.04.14-06.50.51:956][  0]LogConfig: Setting CVar [[r.SkeletalMeshLODBias:0]]
[2021.04.14-06.50.51:957][  0]LogConfig: Setting CVar [[r.ViewDistanceScale:1.0]]
[2021.04.14-06.50.51:958][  0]LogConfig: Applying CVar settings from Section [AntiAliasingQuality@3] File [C:/Users/aveng/Documents/GitHub/GamesAssignment2-SecondYear/Games Assignment Two/GamesAssignmentTwo/Saved/Config/Windows/Scalability.ini]
[2021.04.14-06.50.51:959][  0]LogConfig: Setting CVar [[r.PostProcessAAQuality:4]]
[2021.04.14-06.50.51:959][  0]LogConfig: Applying CVar settings from Section [ShadowQuality@3] File [C:/Users/aveng/Documents/GitHub/GamesAssignment2-SecondYear/Games Assignment Two/GamesAssignmentTwo/Saved/Config/Windows/Scalability.ini]
[2021.04.14-06.50.51:960][  0]LogConfig: Setting CVar [[r.LightFunctionQuality:1]]
[2021.04.14-06.50.51:960][  0]LogConfig: Setting CVar [[r.ShadowQuality:5]]
[2021.04.14-06.50.51:962][  0]LogConfig: Setting CVar [[r.Shadow.CSM.MaxCascades:10]]
[2021.04.14-06.50.51:964][  0]LogConfig: Setting CVar [[r.Shadow.MaxResolution:2048]]
[2021.04.14-06.50.51:964][  0]LogConfig: Setting CVar [[r.Shadow.MaxCSMResolution:2048]]
[2021.04.14-06.50.51:965][  0]LogConfig: Setting CVar [[r.Shadow.RadiusThreshold:0.01]]
[2021.04.14-06.50.51:966][  0]LogConfig: Setting CVar [[r.Shadow.DistanceScale:1.0]]
[2021.04.14-06.50.51:967][  0]LogConfig: Setting CVar [[r.Shadow.CSM.TransitionScale:1.0]]
[2021.04.14-06.50.51:968][  0]LogConfig: Setting CVar [[r.Shadow.PreShadowResolutionFactor:1.0]]
[2021.04.14-06.50.51:969][  0]LogConfig: Setting CVar [[r.DistanceFieldShadowing:1]]
[2021.04.14-06.50.51:970][  0]LogConfig: Setting CVar [[r.DistanceFieldAO:1]]
[2021.04.14-06.50.51:971][  0]LogConfig: Setting CVar [[r.AOQuality:2]]
[2021.04.14-06.50.51:972][  0]LogConfig: Setting CVar [[r.VolumetricFog:1]]
[2021.04.14-06.50.51:972][  0]LogConfig: Setting CVar [[r.VolumetricFog.GridPixelSize:8]]
[2021.04.14-06.50.51:973][  0]LogConfig: Setting CVar [[r.VolumetricFog.GridSizeZ:128]]
[2021.04.14-06.50.51:974][  0]LogConfig: Setting CVar [[r.VolumetricFog.HistoryMissSupersampleCount:4]]
[2021.04.14-06.50.51:975][  0]LogConfig: Setting CVar [[r.LightMaxDrawDistanceScale:1]]
[2021.04.14-06.50.51:975][  0]LogConfig: Setting CVar [[r.CapsuleShadows:1]]
[2021.04.14-06.50.51:975][  0]LogConfig: Applying CVar settings from Section [PostProcessQuality@3] File [C:/Users/aveng/Documents/GitHub/GamesAssignment2-SecondYear/Games Assignment Two/GamesAssignmentTwo/Saved/Config/Windows/Scalability.ini]
[2021.04.14-06.50.51:976][  0]LogConfig: Setting CVar [[r.MotionBlurQuality:4]]
[2021.04.14-06.50.51:977][  0]LogConfig: Setting CVar [[r.AmbientOcclusionMipLevelFactor:0.4]]
[2021.04.14-06.50.51:979][  0]LogConfig: Setting CVar [[r.AmbientOcclusionMaxQuality:100]]
[2021.04.14-06.50.51:980][  0]LogConfig: Setting CVar [[r.AmbientOcclusionLevels:-1]]
[2021.04.14-06.50.51:982][  0]LogConfig: Setting CVar [[r.AmbientOcclusionRadiusScale:1.0]]
[2021.04.14-06.50.51:983][  0]LogConfig: Setting CVar [[r.DepthOfFieldQuality:2]]
[2021.04.14-06.50.51:984][  0]LogConfig: Setting CVar [[r.RenderTargetPoolMin:400]]
[2021.04.14-06.50.51:984][  0]LogConfig: Setting CVar [[r.LensFlareQuality:2]]
[2021.04.14-06.50.51:985][  0]LogConfig: Setting CVar [[r.SceneColorFringeQuality:1]]
[2021.04.14-06.50.51:986][  0]LogConfig: Setting CVar [[r.EyeAdaptationQuality:2]]
[2021.04.14-06.50.51:986][  0]LogConfig: Setting CVar [[r.BloomQuality:5]]
[2021.04.14-06.50.51:987][  0]LogConfig: Setting CVar [[r.FastBlurThreshold:100]]
[2021.04.14-06.50.51:987][  0]LogConfig: Setting CVar [[r.Upscale.Quality:3]]
[2021.04.14-06.50.51:988][  0]LogConfig: Setting CVar [[r.Tonemapper.GrainQuantization:1]]
[2021.04.14-06.50.51:988][  0]LogConfig: Setting CVar [[r.LightShaftQuality:1]]
[2021.04.14-06.50.51:989][  0]LogConfig: Setting CVar [[r.Filter.SizeScale:1]]
[2021.04.14-06.50.51:991][  0]LogConfig: Setting CVar [[r.Tonemapper.Quality:5]]
[2021.04.14-06.50.51:991][  0]LogConfig: Setting CVar [[r.DOF.Gather.AccumulatorQuality:1        ; higher gathering accumulator quality]]
[2021.04.14-06.50.51:992][  0]LogConfig: Setting CVar [[r.DOF.Gather.PostfilterMethod:1          ; Median3x3 postfilering method]]
[2021.04.14-06.50.51:992][  0]LogConfig: Setting CVar [[r.DOF.Gather.EnableBokehSettings:0       ; no bokeh simulation when gathering]]
[2021.04.14-06.50.51:992][  0]LogConfig: Setting CVar [[r.DOF.Gather.RingCount:4                 ; medium number of samples when gathering]]
[2021.04.14-06.50.51:993][  0]LogConfig: Setting CVar [[r.DOF.Scatter.ForegroundCompositing:1    ; additive foreground scattering]]
[2021.04.14-06.50.51:993][  0]LogConfig: Setting CVar [[r.DOF.Scatter.BackgroundCompositing:2    ; additive background scattering]]
[2021.04.14-06.50.51:993][  0]LogConfig: Setting CVar [[r.DOF.Scatter.EnableBokehSettings:1      ; bokeh simulation when scattering]]
[2021.04.14-06.50.51:994][  0]LogConfig: Setting CVar [[r.DOF.Scatter.MaxSpriteRatio:0.1         ; only a maximum of 10% of scattered bokeh]]
[2021.04.14-06.50.51:994][  0]LogConfig: Setting CVar [[r.DOF.Recombine.Quality:1                ; cheap slight out of focus]]
[2021.04.14-06.50.51:995][  0]LogConfig: Setting CVar [[r.DOF.Recombine.EnableBokehSettings:0    ; no bokeh simulation on slight out of focus]]
[2021.04.14-06.50.51:995][  0]LogConfig: Setting CVar [[r.DOF.TemporalAAQuality:1                ; more stable temporal accumulation]]
[2021.04.14-06.50.51:995][  0]LogConfig: Setting CVar [[r.DOF.Kernel.MaxForegroundRadius:0.025]]
[2021.04.14-06.50.51:996][  0]LogConfig: Setting CVar [[r.DOF.Kernel.MaxBackgroundRadius:0.025]]
[2021.04.14-06.50.51:996][  0]LogConfig: Applying CVar settings from Section [TextureQuality@3] File [C:/Users/aveng/Documents/GitHub/GamesAssignment2-SecondYear/Games Assignment Two/GamesAssignmentTwo/Saved/Config/Windows/Scalability.ini]
[2021.04.14-06.50.51:997][  0]LogConfig: Setting CVar [[r.Streaming.MipBias:0]]
[2021.04.14-06.50.51:997][  0]LogConfig: Setting CVar [[r.Streaming.AmortizeCPUToGPUCopy:0]]
[2021.04.14-06.50.51:998][  0]LogConfig: Setting CVar [[r.Streaming.MaxNumTexturesToStreamPerFrame:0]]
[2021.04.14-06.50.51:998][  0]LogConfig: Setting CVar [[r.Streaming.Boost:1]]
[2021.04.14-06.50.51:998][  0]LogConfig: Setting CVar [[r.MaxAnisotropy:8]]
[2021.04.14-06.50.51:998][  0]LogConfig: Setting CVar [[r.VT.MaxAnisotropy:8]]
[2021.04.14-06.50.51:999][  0]LogConfig: Setting CVar [[r.Streaming.LimitPoolSizeToVRAM:0]]
[2021.04.14-06.50.52:001][  0]LogConfig: Setting CVar [[r.Streaming.PoolSize:1000]]
[2021.04.14-06.50.52:001][  0]LogConfig: Setting CVar [[r.Streaming.MaxEffectiveScreenSize:0]]
[2021.04.14-06.50.52:001][  0]LogConfig: Applying CVar settings from Section [EffectsQuality@3] File [C:/Users/aveng/Documents/GitHub/GamesAssignment2-SecondYear/Games Assignment Two/GamesAssignmentTwo/Saved/Config/Windows/Scalability.ini]
[2021.04.14-06.50.52:002][  0]LogConfig: Setting CVar [[r.TranslucencyLightingVolumeDim:64]]
[2021.04.14-06.50.52:002][  0]LogConfig: Setting CVar [[r.RefractionQuality:2]]
[2021.04.14-06.50.52:002][  0]LogConfig: Setting CVar [[r.SSR.Quality:3]]
[2021.04.14-06.50.52:003][  0]LogConfig: Setting CVar [[r.SSR.HalfResSceneColor:0]]
[2021.04.14-06.50.52:003][  0]LogConfig: Setting CVar [[r.SceneColorFormat:4]]
[2021.04.14-06.50.52:004][  0]LogConfig: Setting CVar [[r.DetailMode:2]]
[2021.04.14-06.50.52:004][  0]LogConfig: Setting CVar [[r.TranslucencyVolumeBlur:1]]
[2021.04.14-06.50.52:004][  0]LogConfig: Setting CVar [[r.MaterialQualityLevel:1 ; High quality]]
[2021.04.14-06.50.52:004][  0]LogConfig: Setting CVar [[r.SSS.Scale:1]]
[2021.04.14-06.50.52:005][  0]LogConfig: Setting CVar [[r.SSS.SampleSet:2]]
[2021.04.14-06.50.52:005][  0]LogConfig: Setting CVar [[r.SSS.Quality:1]]
[2021.04.14-06.50.52:005][  0]LogConfig: Setting CVar [[r.SSS.HalfRes:0]]
[2021.04.14-06.50.52:006][  0]LogConfig: Setting CVar [[r.SSGI.Quality:3]]
[2021.04.14-06.50.52:006][  0]LogConfig: Setting CVar [[r.EmitterSpawnRateScale:1.0]]
[2021.04.14-06.50.52:006][  0]LogConfig: Setting CVar [[r.ParticleLightQuality:2]]
[2021.04.14-06.50.52:007][  0]LogConfig: Setting CVar [[r.SkyAtmosphere.AerialPerspectiveLUT.FastApplyOnOpaque:1 ; Always have FastSkyLUT 1 in this case to avoid wrong sky]]
[2021.04.14-06.50.52:007][  0]LogConfig: Setting CVar [[r.SkyAtmosphere.AerialPerspectiveLUT.SampleCountPerSlice:1]]
[2021.04.14-06.50.52:007][  0]LogConfig: Setting CVar [[r.SkyAtmosphere.AerialPerspectiveLUT.DepthResolution:16.0]]
[2021.04.14-06.50.52:008][  0]LogConfig: Setting CVar [[r.SkyAtmosphere.FastSkyLUT:1]]
[2021.04.14-06.50.52:008][  0]LogConfig: Setting CVar [[r.SkyAtmosphere.FastSkyLUT.SampleCountMin:4.0]]
[2021.04.14-06.50.52:008][  0]LogConfig: Setting CVar [[r.SkyAtmosphere.FastSkyLUT.SampleCountMax:32.0]]
[2021.04.14-06.50.52:009][  0]LogConfig: Setting CVar [[r.SkyAtmosphere.SampleCountMin:4.0]]
[2021.04.14-06.50.52:011][  0]LogConfig: Setting CVar [[r.SkyAtmosphere.SampleCountMax:32.0]]
[2021.04.14-06.50.52:011][  0]LogConfig: Setting CVar [[r.SkyAtmosphere.TransmittanceLUT.UseSmallFormat:0]]
[2021.04.14-06.50.52:012][  0]LogConfig: Setting CVar [[r.SkyAtmosphere.TransmittanceLUT.SampleCount:10.0]]
[2021.04.14-06.50.52:012][  0]LogConfig: Setting CVar [[r.SkyAtmosphere.MultiScatteringLUT.SampleCount:15.0]]
[2021.04.14-06.50.52:012][  0]LogConfig: Applying CVar settings from Section [FoliageQuality@3] File [C:/Users/aveng/Documents/GitHub/GamesAssignment2-SecondYear/Games Assignment Two/GamesAssignmentTwo/Saved/Config/Windows/Scalability.ini]
[2021.04.14-06.50.52:013][  0]LogConfig: Setting CVar [[foliage.DensityScale:1.0]]
[2021.04.14-06.50.52:013][  0]LogConfig: Setting CVar [[grass.DensityScale:1.0]]
[2021.04.14-06.50.52:013][  0]LogConfig: Applying CVar settings from Section [ShadingQuality@3] File [C:/Users/aveng/Documents/GitHub/GamesAssignment2-SecondYear/Games Assignment Two/GamesAssignmentTwo/Saved/Config/Windows/Scalability.ini]
[2021.04.14-06.50.52:014][  0]LogConfig: Setting CVar [[r.HairStrands.SkyLighting.SampleCount:16]]
[2021.04.14-06.50.52:014][  0]LogConfig: Setting CVar [[r.HairStrands.SkyLighting.JitterIntegration:0]]
[2021.04.14-06.50.52:014][  0]LogConfig: Setting CVar [[r.HairStrands.SkyAO.SampleCount:16]]
[2021.04.14-06.50.52:015][  0]LogConfig: Setting CVar [[r.HairStrands.DeepShadow.SuperSampling:0]]
[2021.04.14-06.50.52:015][  0]LogConfig: Setting CVar [[r.HairStrands.VisibilityPPLL:0]]
[2021.04.14-06.50.52:015][  0]LogConfig: Setting CVar [[r.HairStrands.RasterizationScale:0.5]]
[2021.04.14-06.50.52:016][  0]LogConfig: Setting CVar [[r.HairStrands.VelocityRasterizationScale:1]]
[2021.04.14-06.50.52:016][  0]LogInit: Selected Device Profile: [Windows]
[2021.04.14-06.50.52:016][  0]LogInit: Applying CVar settings loaded from the selected device profile: [Windows]
[2021.04.14-06.50.52:017][  0]LogHAL: Display: Platform has ~ 32 GB [34260910080 / 34359738368 / 32], which maps to Largest [LargestMinGB=32, LargerMinGB=12, DefaultMinGB=8, SmallerMinGB=6, SmallestMinGB=0)
[2021.04.14-06.50.52:017][  0]LogInit: Going up to parent DeviceProfile []
[2021.04.14-06.50.52:017][  0]LogConfig: Applying CVar settings from Section [ViewDistanceQuality@3] File [C:/Users/aveng/Documents/GitHub/GamesAssignment2-SecondYear/Games Assignment Two/GamesAssignmentTwo/Saved/Config/Windows/Scalability.ini]
[2021.04.14-06.50.52:018][  0]LogConfig: Setting CVar [[r.SkeletalMeshLODBias:0]]
[2021.04.14-06.50.52:018][  0]LogConfig: Setting CVar [[r.ViewDistanceScale:1.0]]
[2021.04.14-06.50.52:019][  0]LogConfig: Applying CVar settings from Section [AntiAliasingQuality@3] File [C:/Users/aveng/Documents/GitHub/GamesAssignment2-SecondYear/Games Assignment Two/GamesAssignmentTwo/Saved/Config/Windows/Scalability.ini]
[2021.04.14-06.50.52:019][  0]LogConfig: Setting CVar [[r.PostProcessAAQuality:4]]
[2021.04.14-06.50.52:019][  0]LogConfig: Applying CVar settings from Section [ShadowQuality@3] File [C:/Users/aveng/Documents/GitHub/GamesAssignment2-SecondYear/Games Assignment Two/GamesAssignmentTwo/Saved/Config/Windows/Scalability.ini]
[2021.04.14-06.50.52:020][  0]LogConfig: Setting CVar [[r.LightFunctionQuality:1]]
[2021.04.14-06.50.52:022][  0]LogConfig: Setting CVar [[r.ShadowQuality:5]]
[2021.04.14-06.50.52:022][  0]LogConfig: Setting CVar [[r.Shadow.CSM.MaxCascades:10]]
[2021.04.14-06.50.52:022][  0]LogConfig: Setting CVar [[r.Shadow.MaxResolution:2048]]
[2021.04.14-06.50.52:023][  0]LogConfig: Setting CVar [[r.Shadow.MaxCSMResolution:2048]]
[2021.04.14-06.50.52:023][  0]LogConfig: Setting CVar [[r.Shadow.RadiusThreshold:0.01]]
[2021.04.14-06.50.52:023][  0]LogConfig: Setting CVar [[r.Shadow.DistanceScale:1.0]]
[2021.04.14-06.50.52:024][  0]LogConfig: Setting CVar [[r.Shadow.CSM.TransitionScale:1.0]]
[2021.04.14-06.50.52:024][  0]LogConfig: Setting CVar [[r.Shadow.PreShadowResolutionFactor:1.0]]
[2021.04.14-06.50.52:024][  0]LogConfig: Setting CVar [[r.DistanceFieldShadowing:1]]
[2021.04.14-06.50.52:025][  0]LogConfig: Setting CVar [[r.DistanceFieldAO:1]]
[2021.04.14-06.50.52:025][  0]LogConfig: Setting CVar [[r.AOQuality:2]]
[2021.04.14-06.50.52:025][  0]LogConfig: Setting CVar [[r.VolumetricFog:1]]
[2021.04.14-06.50.52:026][  0]LogConfig: Setting CVar [[r.VolumetricFog.GridPixelSize:8]]
[2021.04.14-06.50.52:026][  0]LogConfig: Setting CVar [[r.VolumetricFog.GridSizeZ:128]]
[2021.04.14-06.50.52:026][  0]LogConfig: Setting CVar [[r.VolumetricFog.HistoryMissSupersampleCount:4]]
[2021.04.14-06.50.52:027][  0]LogConfig: Setting CVar [[r.LightMaxDrawDistanceScale:1]]
[2021.04.14-06.50.52:028][  0]LogConfig: Setting CVar [[r.CapsuleShadows:1]]
[2021.04.14-06.50.52:028][  0]LogConfig: Applying CVar settings from Section [PostProcessQuality@3] File [C:/Users/aveng/Documents/GitHub/GamesAssignment2-SecondYear/Games Assignment Two/GamesAssignmentTwo/Saved/Config/Windows/Scalability.ini]
[2021.04.14-06.50.52:028][  0]LogConfig: Setting CVar [[r.MotionBlurQuality:4]]
[2021.04.14-06.50.52:029][  0]LogConfig: Setting CVar [[r.AmbientOcclusionMipLevelFactor:0.4]]
[2021.04.14-06.50.52:029][  0]LogConfig: Setting CVar [[r.AmbientOcclusionMaxQuality:100]]
[2021.04.14-06.50.52:030][  0]LogConfig: Setting CVar [[r.AmbientOcclusionLevels:-1]]
[2021.04.14-06.50.52:031][  0]LogConfig: Setting CVar [[r.AmbientOcclusionRadiusScale:1.0]]
[2021.04.14-06.50.52:032][  0]LogConfig: Setting CVar [[r.DepthOfFieldQuality:2]]
[2021.04.14-06.50.52:032][  0]LogConfig: Setting CVar [[r.RenderTargetPoolMin:400]]
[2021.04.14-06.50.52:032][  0]LogConfig: Setting CVar [[r.LensFlareQuality:2]]
[2021.04.14-06.50.52:033][  0]LogConfig: Setting CVar [[r.SceneColorFringeQuality:1]]
[2021.04.14-06.50.52:033][  0]LogConfig: Setting CVar [[r.EyeAdaptationQuality:2]]
[2021.04.14-06.50.52:033][  0]LogConfig: Setting CVar [[r.BloomQuality:5]]
[2021.04.14-06.50.52:034][  0]LogConfig: Setting CVar [[r.FastBlurThreshold:100]]
[2021.04.14-06.50.52:034][  0]LogConfig: Setting CVar [[r.Upscale.Quality:3]]
[2021.04.14-06.50.52:034][  0]LogConfig: Setting CVar [[r.Tonemapper.GrainQuantization:1]]
[2021.04.14-06.50.52:035][  0]LogConfig: Setting CVar [[r.LightShaftQuality:1]]
[2021.04.14-06.50.52:035][  0]LogConfig: Setting CVar [[r.Filter.SizeScale:1]]
[2021.04.14-06.50.52:035][  0]LogConfig: Setting CVar [[r.Tonemapper.Quality:5]]
[2021.04.14-06.50.52:035][  0]LogConfig: Setting CVar [[r.DOF.Gather.AccumulatorQuality:1        ; higher gathering accumulator quality]]
[2021.04.14-06.50.52:036][  0]LogConfig: Setting CVar [[r.DOF.Gather.PostfilterMethod:1          ; Median3x3 postfilering method]]
[2021.04.14-06.50.52:036][  0]LogConfig: Setting CVar [[r.DOF.Gather.EnableBokehSettings:0       ; no bokeh simulation when gathering]]
[2021.04.14-06.50.52:036][  0]LogConfig: Setting CVar [[r.DOF.Gather.RingCount:4                 ; medium number of samples when gathering]]
[2021.04.14-06.50.52:037][  0]LogConfig: Setting CVar [[r.DOF.Scatter.ForegroundCompositing:1    ; additive foreground scattering]]
[2021.04.14-06.50.52:037][  0]LogConfig: Setting CVar [[r.DOF.Scatter.BackgroundCompositing:2    ; additive background scattering]]
[2021.04.14-06.50.52:037][  0]LogConfig: Setting CVar [[r.DOF.Scatter.EnableBokehSettings:1      ; bokeh simulation when scattering]]
[2021.04.14-06.50.52:038][  0]LogConfig: Setting CVar [[r.DOF.Scatter.MaxSpriteRatio:0.1         ; only a maximum of 10% of scattered bokeh]]
[2021.04.14-06.50.52:038][  0]LogConfig: Setting CVar [[r.DOF.Recombine.Quality:1                ; cheap slight out of focus]]
[2021.04.14-06.50.52:039][  0]LogConfig: Setting CVar [[r.DOF.Recombine.EnableBokehSettings:0    ; no bokeh simulation on slight out of focus]]
[2021.04.14-06.50.52:039][  0]LogConfig: Setting CVar [[r.DOF.TemporalAAQuality:1                ; more stable temporal accumulation]]
[2021.04.14-06.50.52:039][  0]LogConfig: Setting CVar [[r.DOF.Kernel.MaxForegroundRadius:0.025]]
[2021.04.14-06.50.52:039][  0]LogConfig: Setting CVar [[r.DOF.Kernel.MaxBackgroundRadius:0.025]]
[2021.04.14-06.50.52:040][  0]LogConfig: Applying CVar settings from Section [TextureQuality@3] File [C:/Users/aveng/Documents/GitHub/GamesAssignment2-SecondYear/Games Assignment Two/GamesAssignmentTwo/Saved/Config/Windows/Scalability.ini]
[2021.04.14-06.50.52:043][  0]LogConfig: Setting CVar [[r.Streaming.MipBias:0]]
[2021.04.14-06.50.52:043][  0]LogConfig: Setting CVar [[r.Streaming.AmortizeCPUToGPUCopy:0]]
[2021.04.14-06.50.52:043][  0]LogConfig: Setting CVar [[r.Streaming.MaxNumTexturesToStreamPerFrame:0]]
[2021.04.14-06.50.52:044][  0]LogConfig: Setting CVar [[r.Streaming.Boost:1]]
[2021.04.14-06.50.52:044][  0]LogConfig: Setting CVar [[r.MaxAnisotropy:8]]
[2021.04.14-06.50.52:045][  0]LogConfig: Setting CVar [[r.VT.MaxAnisotropy:8]]
[2021.04.14-06.50.52:045][  0]LogConfig: Setting CVar [[r.Streaming.LimitPoolSizeToVRAM:0]]
[2021.04.14-06.50.52:045][  0]LogConfig: Setting CVar [[r.Streaming.PoolSize:1000]]
[2021.04.14-06.50.52:046][  0]LogConfig: Setting CVar [[r.Streaming.MaxEffectiveScreenSize:0]]
[2021.04.14-06.50.52:046][  0]LogConfig: Applying CVar settings from Section [EffectsQuality@3] File [C:/Users/aveng/Documents/GitHub/GamesAssignment2-SecondYear/Games Assignment Two/GamesAssignmentTwo/Saved/Config/Windows/Scalability.ini]
[2021.04.14-06.50.52:046][  0]LogConfig: Setting CVar [[r.TranslucencyLightingVolumeDim:64]]
[2021.04.14-06.50.52:047][  0]LogConfig: Setting CVar [[r.RefractionQuality:2]]
[2021.04.14-06.50.52:047][  0]LogConfig: Setting CVar [[r.SSR.Quality:3]]
[2021.04.14-06.50.52:048][  0]LogConfig: Setting CVar [[r.SSR.HalfResSceneColor:0]]
[2021.04.14-06.50.52:048][  0]LogConfig: Setting CVar [[r.SceneColorFormat:4]]
[2021.04.14-06.50.52:049][  0]LogConfig: Setting CVar [[r.DetailMode:2]]
[2021.04.14-06.50.52:050][  0]LogConfig: Setting CVar [[r.TranslucencyVolumeBlur:1]]
[2021.04.14-06.50.52:051][  0]LogConfig: Setting CVar [[r.MaterialQualityLevel:1 ; High quality]]
[2021.04.14-06.50.52:052][  0]LogConfig: Setting CVar [[r.SSS.Scale:1]]
[2021.04.14-06.50.52:052][  0]LogConfig: Setting CVar [[r.SSS.SampleSet:2]]
[2021.04.14-06.50.52:053][  0]LogConfig: Setting CVar [[r.SSS.Quality:1]]
[2021.04.14-06.50.52:053][  0]LogConfig: Setting CVar [[r.SSS.HalfRes:0]]
[2021.04.14-06.50.52:053][  0]LogConfig: Setting CVar [[r.SSGI.Quality:3]]
[2021.04.14-06.50.52:054][  0]LogConfig: Setting CVar [[r.EmitterSpawnRateScale:1.0]]
[2021.04.14-06.50.52:054][  0]LogConfig: Setting CVar [[r.ParticleLightQuality:2]]
[2021.04.14-06.50.52:054][  0]LogConfig: Setting CVar [[r.SkyAtmosphere.AerialPerspectiveLUT.FastApplyOnOpaque:1 ; Always have FastSkyLUT 1 in this case to avoid wrong sky]]
[2021.04.14-06.50.52:055][  0]LogConfig: Setting CVar [[r.SkyAtmosphere.AerialPerspectiveLUT.SampleCountPerSlice:1]]
[2021.04.14-06.50.52:055][  0]LogConfig: Setting CVar [[r.SkyAtmosphere.AerialPerspectiveLUT.DepthResolution:16.0]]
[2021.04.14-06.50.52:055][  0]LogConfig: Setting CVar [[r.SkyAtmosphere.FastSkyLUT:1]]
[2021.04.14-06.50.52:056][  0]LogConfig: Setting CVar [[r.SkyAtmosphere.FastSkyLUT.SampleCountMin:4.0]]
[2021.04.14-06.50.52:056][  0]LogConfig: Setting CVar [[r.SkyAtmosphere.FastSkyLUT.SampleCountMax:32.0]]
[2021.04.14-06.50.52:056][  0]LogConfig: Setting CVar [[r.SkyAtmosphere.SampleCountMin:4.0]]
[2021.04.14-06.50.52:057][  0]LogConfig: Setting CVar [[r.SkyAtmosphere.SampleCountMax:32.0]]
[2021.04.14-06.50.52:057][  0]LogConfig: Setting CVar [[r.SkyAtmosphere.TransmittanceLUT.UseSmallFormat:0]]
[2021.04.14-06.50.52:058][  0]LogConfig: Setting CVar [[r.SkyAtmosphere.TransmittanceLUT.SampleCount:10.0]]
[2021.04.14-06.50.52:058][  0]LogConfig: Setting CVar [[r.SkyAtmosphere.MultiScatteringLUT.SampleCount:15.0]]
[2021.04.14-06.50.52:058][  0]LogConfig: Applying CVar settings from Section [FoliageQuality@3] File [C:/Users/aveng/Documents/GitHub/GamesAssignment2-SecondYear/Games Assignment Two/GamesAssignmentTwo/Saved/Config/Windows/Scalability.ini]
[2021.04.14-06.50.52:059][  0]LogConfig: Setting CVar [[foliage.DensityScale:1.0]]
[2021.04.14-06.50.52:059][  0]LogConfig: Setting CVar [[grass.DensityScale:1.0]]
[2021.04.14-06.50.52:059][  0]LogConfig: Applying CVar settings from Section [ShadingQuality@3] File [C:/Users/aveng/Documents/GitHub/GamesAssignment2-SecondYear/Games Assignment Two/GamesAssignmentTwo/Saved/Config/Windows/Scalability.ini]
[2021.04.14-06.50.52:060][  0]LogConfig: Setting CVar [[r.HairStrands.SkyLighting.SampleCount:16]]
[2021.04.14-06.50.52:060][  0]LogConfig: Setting CVar [[r.HairStrands.SkyLighting.JitterIntegration:0]]
[2021.04.14-06.50.52:060][  0]LogConfig: Setting CVar [[r.HairStrands.SkyAO.SampleCount:16]]
[2021.04.14-06.50.52:061][  0]LogConfig: Setting CVar [[r.HairStrands.DeepShadow.SuperSampling:0]]
[2021.04.14-06.50.52:063][  0]LogConfig: Setting CVar [[r.HairStrands.VisibilityPPLL:0]]
[2021.04.14-06.50.52:063][  0]LogConfig: Setting CVar [[r.HairStrands.RasterizationScale:0.5]]
[2021.04.14-06.50.52:063][  0]LogConfig: Setting CVar [[r.HairStrands.VelocityRasterizationScale:1]]
[2021.04.14-06.50.52:064][  0]LogConfig: Applying CVar settings from Section [Startup] File [../../../Engine/Config/ConsoleVariables.ini]
[2021.04.14-06.50.52:064][  0]LogConfig: Setting CVar [[net.UseAdaptiveNetUpdateFrequency:0]]
[2021.04.14-06.50.52:064][  0]LogConfig: Setting CVar [[p.chaos.AllowCreatePhysxBodies:1]]
[2021.04.14-06.50.52:065][  0]LogConfig: Setting CVar [[fx.SkipVectorVMBackendOptimizations:1]]
[2021.04.14-06.50.52:065][  0]LogConfig: Applying CVar settings from Section [ConsoleVariables] File [C:/Users/aveng/Documents/GitHub/GamesAssignment2-SecondYear/Games Assignment Two/GamesAssignmentTwo/Saved/Config/Windows/Engine.ini]
[2021.04.14-06.50.52:066][  0]LogInit: Computer: PROGRAMMING-PC
[2021.04.14-06.50.52:066][  0]LogInit: User: aveng
[2021.04.14-06.50.52:066][  0]LogInit: CPU Page size=4096, Cores=12
[2021.04.14-06.50.52:066][  0]LogInit: High frequency timer resolution =10.000000 MHz
[2021.04.14-06.50.52:067][  0]LogMemory: Memory total: Physical=31.9GB (32GB approx)
[2021.04.14-06.50.52:067][  0]LogMemory: Platform Memory Stats for Windows
[2021.04.14-06.50.52:067][  0]LogMemory: Process Physical Memory: 120.14 MB used, 120.15 MB peak
[2021.04.14-06.50.52:068][  0]LogMemory: Process Virtual Memory: 110.86 MB used, 110.86 MB peak
[2021.04.14-06.50.52:068][  0]LogMemory: Physical Memory: 26077.75 MB used,  6596.00 MB free, 32673.75 MB total
[2021.04.14-06.50.52:069][  0]LogMemory: Virtual Memory: 5220.85 MB used,  134212504.00 MB free, 134217728.00 MB total
[2021.04.14-06.50.52:072][  0]LogWindows: WindowsPlatformFeatures enabled
[2021.04.14-06.50.52:111][  0]LogInit: Physics initialised using underlying interface: PhysX
[2021.04.14-06.50.52:111][  0]LogInit: Using OS detected language (en-GB).
[2021.04.14-06.50.52:112][  0]LogInit: Using OS detected locale (en-GB).
[2021.04.14-06.50.52:114][  0]LogTextLocalizationManager: No specific localization for 'en-GB' exists, so the 'en' localization will be used.
[2021.04.14-06.50.52:301][  0]LogSlate: New Slate User Created.  User Index 0, Is Virtual User: 0
[2021.04.14-06.50.52:302][  0]LogSlate: Slate User Registered.  User Index 0, Is Virtual User: 0
[2021.04.14-06.50.52:318][  0]LogHMD: Failed to initialize OpenVR with code 110
[2021.04.14-06.50.52:318][  0]LogD3D11RHI: D3D11 min allowed feature level: 11_0
[2021.04.14-06.50.52:319][  0]LogD3D11RHI: D3D11 max allowed feature level: 11_0
[2021.04.14-06.50.52:320][  0]LogD3D11RHI: D3D11 adapters:
[2021.04.14-06.50.52:426][  0]LogD3D11RHI:    0. 'NVIDIA GeForce GTX 1060 6GB' (Feature Level 11_0)
[2021.04.14-06.50.52:426][  0]LogD3D11RHI:       6052/0/16336 MB DedicatedVideo/DedicatedSystem/SharedSystem, Outputs:2, VendorId:0x10de
[2021.04.14-06.50.52:430][  0]LogD3D11RHI:    1. 'Microsoft Basic Render Driver' (Feature Level 11_0)
[2021.04.14-06.50.52:430][  0]LogD3D11RHI:       0/0/16336 MB DedicatedVideo/DedicatedSystem/SharedSystem, Outputs:0, VendorId:0x1414
[2021.04.14-06.50.52:431][  0]LogD3D11RHI: Chosen D3D11 Adapter: 0
[2021.04.14-06.50.52:447][  0]LogD3D11RHI: Creating new Direct3DDevice
[2021.04.14-06.50.52:447][  0]LogD3D11RHI:     GPU DeviceId: 0x1c03 (for the marketing name, search the web for "GPU Device Id")
[2021.04.14-06.50.52:448][  0]LogWindows: EnumDisplayDevices:
[2021.04.14-06.50.52:449][  0]LogWindows:    0. 'NVIDIA GeForce GTX 1060 6GB' (P:1 D:1)
[2021.04.14-06.50.52:450][  0]LogWindows:    1. 'NVIDIA GeForce GTX 1060 6GB' (P:0 D:1)
[2021.04.14-06.50.52:451][  0]LogWindows:    2. 'NVIDIA GeForce GTX 1060 6GB' (P:0 D:0)
[2021.04.14-06.50.52:451][  0]LogWindows:    3. 'NVIDIA GeForce GTX 1060 6GB' (P:0 D:0)
[2021.04.14-06.50.52:452][  0]LogWindows: DebugString: FoundDriverCount:4 
[2021.04.14-06.50.52:452][  0]LogD3D11RHI:     Adapter Name: NVIDIA GeForce GTX 1060 6GB
[2021.04.14-06.50.52:453][  0]LogD3D11RHI:   Driver Version: 461.92 (internal:27.21.14.6192, unified:461.92)
[2021.04.14-06.50.52:453][  0]LogD3D11RHI:      Driver Date: 3-11-2021
[2021.04.14-06.50.52:453][  0]LogRHI: Texture pool is 4236 MB (70% of 6052 MB)
[2021.04.14-06.50.52:536][  0]LogD3D11RHI: RHI has support for 64 bit atomics
[2021.04.14-06.50.52:536][  0]LogD3D11RHI: Async texture creation enabled
[2021.04.14-06.50.52:537][  0]LogD3D11RHI: Array index from any shader is supported
[2021.04.14-06.50.52:560][  0]LogD3D11RHI: GPU Timing Frequency: 1000.000000 (Debug: 2 1)
[2021.04.14-06.50.53:071][  0]LogTargetPlatformManager: Display: Loaded TargetPlatform 'WindowsNoEditor'
[2021.04.14-06.50.53:074][  0]LogTargetPlatformManager: Display: Loaded TargetPlatform 'Windows'
[2021.04.14-06.50.53:081][  0]LogTargetPlatformManager: Display: Loaded TargetPlatform 'WindowsClient'
[2021.04.14-06.50.53:088][  0]LogTargetPlatformManager: Display: Loaded TargetPlatform 'WindowsServer'
[2021.04.14-06.50.53:088][  0]LogTargetPlatformManager: Display: Building Assets For Windows
[2021.04.14-06.50.53:092][  0]LogAudioDebug: Display: Lib vorbis DLL was dynamically loaded.
[2021.04.14-06.50.53:114][  0]LogShaderCompilers: Guid format shader working directory is -54 characters bigger than the processId version (C:/Users/aveng/Documents/GitHub/GamesAssignment2-SecondYear/Games Assignment Two/GamesAssignmentTwo/Intermediate/Shaders/WorkingDirectory/44928/).
[2021.04.14-06.50.53:115][  0]LogShaderCompilers: Cleaned the shader compiler working directory 'C:/Users/aveng/AppData/Local/Temp/UnrealShaderWorkingDir/0665958242D0F4FF79EA2BA62177CADC/'.
[2021.04.14-06.50.53:116][  0]LogXGEController: Cannot use XGE Controller as Incredibuild is not installed on this machine.
[2021.04.14-06.50.53:116][  0]LogShaderCompilers: Cannot use XGE Shader Compiler as Incredibuild is not installed on this machine.
[2021.04.14-06.50.53:116][  0]LogShaderCompilers: Display: Using Local Shader Compiler.
[2021.04.14-06.50.53:826][  0]LogDerivedDataCache: Display: Max Cache Size: 512 MB
[2021.04.14-06.50.53:871][  0]LogDerivedDataCache: Loaded boot cache 0.05s 77MB C:/Users/aveng/AppData/Local/UnrealEngine/4.25/DerivedDataCache/Boot.ddc.
[2021.04.14-06.50.53:871][  0]LogDerivedDataCache: Display: Loaded Boot cache: C:/Users/aveng/AppData/Local/UnrealEngine/4.25/DerivedDataCache/Boot.ddc
[2021.04.14-06.50.53:873][  0]LogDerivedDataCache: FDerivedDataBackendGraph:  Pak pak cache file C:/Users/aveng/Documents/GitHub/GamesAssignment2-SecondYear/Games Assignment Two/GamesAssignmentTwo/DerivedDataCache/DDC.ddp not found, will not use a pak cache.
[2021.04.14-06.50.53:873][  0]LogDerivedDataCache: Unable to find inner node Pak for hierarchical cache Hierarchy.
[2021.04.14-06.50.53:874][  0]LogDerivedDataCache: FDerivedDataBackendGraph:  CompressedPak pak cache file C:/Users/aveng/Documents/GitHub/GamesAssignment2-SecondYear/Games Assignment Two/GamesAssignmentTwo/DerivedDataCache/Compressed.ddp not found, will not use a pak cache.
[2021.04.14-06.50.53:874][  0]LogDerivedDataCache: Unable to find inner node CompressedPak for hierarchical cache Hierarchy.
[2021.04.14-06.50.53:885][  0]LogDerivedDataCache: Display: Pak cache opened for reading ../../../Engine/DerivedDataCache/Compressed.ddp.
[2021.04.14-06.50.53:885][  0]LogDerivedDataCache: FDerivedDataBackendGraph:  EnterprisePak pak cache file ../../../Enterprise/DerivedDataCache/Compressed.ddp not found, will not use a pak cache.
[2021.04.14-06.50.53:886][  0]LogDerivedDataCache: Unable to find inner node EnterprisePak for hierarchical cache Hierarchy.
[2021.04.14-06.50.53:888][  0]LogDerivedDataCache: Using Local data cache path C:/Users/aveng/AppData/Local/UnrealEngine/Common/DerivedDataCache: Writable
[2021.04.14-06.50.53:888][  0]LogDerivedDataCache: Shared data cache path not found in *engine.ini, will not use an Shared cache.
[2021.04.14-06.50.53:888][  0]LogDerivedDataCache: Unable to find inner node Shared for hierarchical cache Hierarchy.
[2021.04.14-06.50.53:922][  0]LogSlate: Using FreeType 2.10.0
[2021.04.14-06.50.53:923][  0]LogSlate: SlateFontServices - WITH_FREETYPE: 1, WITH_HARFBUZZ: 1
[2021.04.14-06.50.53:992][  0]LogInit: Using OS detected language (en-GB).
[2021.04.14-06.50.53:992][  0]LogInit: Using OS detected locale (en-GB).
[2021.04.14-06.50.53:993][  0]LogTextLocalizationManager: No localization for 'en-GB' exists, so 'en' will be used for the language.
[2021.04.14-06.50.53:995][  0]LogTextLocalizationManager: No localization for 'en-GB' exists, so 'en' will be used for the locale.
[2021.04.14-06.50.53:996][  0]LogSlate: FontCache flush requested. Reason: Culture for localization was changed
[2021.04.14-06.50.53:998][  0]LogSlate: FontCache flush requested. Reason: Culture for localization was changed
[2021.04.14-06.50.53:999][  0]LogTextLocalizationManager: Compacting localization data took   0.00ms
[2021.04.14-06.50.54:002][  0]LogAssetRegistry: FAssetRegistry took 0.0016 seconds to start up
[2021.04.14-06.50.54:228][  0]LogPackageLocalizationCache: Processed 19 localized package path(s) for 1 prioritized culture(s) in 0.053622 seconds
[2021.04.14-06.50.54:278][  0]LogInit: Selected Device Profile: [Windows]
[2021.04.14-06.50.54:363][  0]LogMeshReduction: Using QuadricMeshReduction for automatic static mesh reduction
[2021.04.14-06.50.54:364][  0]LogMeshReduction: Using SimplygonMeshReduction for automatic skeletal mesh reduction
[2021.04.14-06.50.54:364][  0]LogMeshReduction: Using ProxyLODMeshReduction for automatic mesh merging
[2021.04.14-06.50.54:365][  0]LogMeshReduction: No distributed automatic mesh merging module available
[2021.04.14-06.50.54:365][  0]LogMeshMerging: No distributed automatic mesh merging module available
[2021.04.14-06.50.54:379][  0]LogNetVersion: GamesAssignmentTwo 1.0.0, NetCL: 13144385, EngineNetVer: 14, GameNetVer: 0 (Checksum: 1185472599)
[2021.04.14-06.50.54:602][  0]LogAISub: UAISubsystem::UAISubsystem AISubsystem (000002A9B15718C0), frame # 0
[2021.04.14-06.50.54:602][  0]LogAISub: UAISubsystem::UAISubsystem AIPerceptionSystem (000002A9B14AD6C0), frame # 0
[2021.04.14-06.50.54:604][  0]LogAISub: UAISubsystem::UAISubsystem EnvQueryManager (000002A9B14A3C00), frame # 0
[2021.04.14-06.50.54:651][  0]LogCollectionManager: Loaded 0 collections in 0.000831 seconds
[2021.04.14-06.50.54:653][  0]LogFileCache: Scanning file cache for directory 'C:/Users/aveng/Documents/GitHub/GamesAssignment2-SecondYear/Games Assignment Two/GamesAssignmentTwo/Saved/Collections/' took 0.00s
[2021.04.14-06.50.54:653][  0]LogFileCache: Scanning file cache for directory 'C:/Users/aveng/Documents/GitHub/GamesAssignment2-SecondYear/Games Assignment Two/GamesAssignmentTwo/Content/Developers/aveng/Collections/' took 0.00s
[2021.04.14-06.50.54:654][  0]LogFileCache: Scanning file cache for directory 'C:/Users/aveng/Documents/GitHub/GamesAssignment2-SecondYear/Games Assignment Two/GamesAssignmentTwo/Content/Collections/' took 0.00s
[2021.04.14-06.50.54:654][  0]LogCollectionManager: Fixed up redirectors for 0 collections in 0.000002 seconds (updated 0 objects)
[2021.04.14-06.50.54:678][  0]LogMoviePlayer: Initializing movie player
[2021.04.14-06.50.54:812][  0]LogScript: Warning: Script Msg: A null object was passed as a world context object to UEngine::GetWorldFromContextObject().
[2021.04.14-06.50.54:813][  0]LogScript: Warning: Script Msg: A null object was passed as a world context object to UEngine::GetWorldFromContextObject().
[2021.04.14-06.50.54:816][  0]LogScript: Warning: Script Msg: A null object was passed as a world context object to UEngine::GetWorldFromContextObject().
[2021.04.14-06.50.54:818][  0]LogScript: Warning: Script Msg: A null object was passed as a world context object to UEngine::GetWorldFromContextObject().
[2021.04.14-06.50.54:871][  0]LogBlueprint: Warning: [Compiler Ue4ASP_Character] InputAction Event references unknown Action 'Crouch' for  InputAction Crouch
[2021.04.14-06.50.54:872][  0]LogBlueprint: Warning: [Compiler Ue4ASP_Character] Input Axis Event references unknown Axis 'MoveForward' for  InputAxis MoveForward
[2021.04.14-06.50.54:874][  0]LogBlueprint: Warning: [Compiler Ue4ASP_Character] Input Axis Event references unknown Axis 'MoveRight' for  InputAxis MoveRight
[2021.04.14-06.50.54:973][  0]SourceControl: Source control is disabled
[2021.04.14-06.50.54:974][  0]SourceControl: Source control is disabled
[2021.04.14-06.50.54:979][  0]SourceControl: Source control is disabled
[2021.04.14-06.50.55:104][  0]LogAndroidPermission: UAndroidPermissionCallbackProxy::GetInstance
[2021.04.14-06.50.55:122][  0]LogAudioCaptureCore: Display: No Audio Capture implementations found. Audio input will be silent.
[2021.04.14-06.50.55:122][  0]LogAudioCaptureCore: Display: No Audio Capture implementations found. Audio input will be silent.
[2021.04.14-06.50.55:163][  0]LogOcInput: OculusInput pre-init called
[2021.04.14-06.50.55:178][  0]LogUObjectArray: 21161 objects as part of root set at end of initial load.
[2021.04.14-06.50.55:178][  0]LogUObjectAllocator: 5879904 out of 0 bytes used by permanent object pool.
[2021.04.14-06.50.55:178][  0]LogUObjectArray: CloseDisregardForGC: 0/0 objects in disregard for GC pool
[2021.04.14-06.50.55:227][  0]LogEngine: Initializing Engine...
[2021.04.14-06.50.55:228][  0]LogHMD: Failed to initialize OpenVR with code 110
[2021.04.14-06.50.55:228][  0]LogMagicLeap: Warning: VR disabled because ZI is not enabled.  To enable, in the editor, Edit -> Project Settings -> Plugins -> Magic Leap Plugin -> Enable Zero Iteration
[2021.04.14-06.50.55:231][  0]LogStats: UGameplayTagsManager::InitializeManager -  0.000 s
[2021.04.14-06.50.55:309][  0]LogInit: Initializing FReadOnlyCVARCache
[2021.04.14-06.50.55:311][  0]LogAudioMixer: Display: Audio Mixer Platform Settings:
[2021.04.14-06.50.55:311][  0]LogAudioMixer: Display: 	Sample Rate:						  48000
[2021.04.14-06.50.55:311][  0]LogAudioMixer: Display: 	Callback Buffer Frame Size Requested: 1024
[2021.04.14-06.50.55:312][  0]LogAudioMixer: Display: 	Callback Buffer Frame Size To Use:	  1024
[2021.04.14-06.50.55:312][  0]LogAudioMixer: Display: 	Number of buffers to queue:			  2
[2021.04.14-06.50.55:313][  0]LogAudioMixer: Display: 	Max Channels (voices):				  32
[2021.04.14-06.50.55:313][  0]LogAudioMixer: Display: 	Number of Async Source Workers:		  0
[2021.04.14-06.50.55:314][  0]LogAudio: Display: AudioDevice MaxSources: 32
[2021.04.14-06.50.55:314][  0]LogAudio: Display: Using built-in audio occlusion.
[2021.04.14-06.50.55:314][  0]LogAudioMixer: Display: Initializing audio mixer.
[2021.04.14-06.50.55:334][  0]LogAudioMixer: Display: 0: FrontLeft
[2021.04.14-06.50.55:334][  0]LogAudioMixer: Display: 1: FrontRight
[2021.04.14-06.50.55:335][  0]LogAudioMixer: Display: 2: FrontCenter
[2021.04.14-06.50.55:336][  0]LogAudioMixer: Display: 3: LowFrequency
[2021.04.14-06.50.55:337][  0]LogAudioMixer: Display: 4: BackLeft
[2021.04.14-06.50.55:338][  0]LogAudioMixer: Display: 5: BackRight
[2021.04.14-06.50.55:338][  0]LogAudioMixer: Display: 6: SideLeft
[2021.04.14-06.50.55:339][  0]LogAudioMixer: Display: 7: SideRight
[2021.04.14-06.50.55:374][  0]LogAudioMixer: Display: Using Audio Device Speakers (THX Spatial Audio)
[2021.04.14-06.50.55:381][  0]LogAudioMixer: Display: Initializing Sound Submixes...
[2021.04.14-06.50.55:382][  0]LogAudioMixer: Display: Creating Master Submix 'MasterSubmixDefault'
[2021.04.14-06.50.55:382][  0]LogAudioMixer: Display: Creating Master Submix 'MasterReverbSubmixDefault'
[2021.04.14-06.50.55:384][  0]LogAudioMixer: Display: Creating Master Submix 'MasterEQSubmixDefault'
[2021.04.14-06.50.55:387][  0]LogInit: FAudioDevice initialized.
[2021.04.14-06.50.55:388][  0]LogNetVersion: Set ProjectVersion to 1.0.0.0. Version Checksum will be recalculated on next use.
[2021.04.14-06.50.55:392][  0]LogDerivedDataCache: Error: Could not save memory cache C:/Users/aveng/AppData/Local/UnrealEngine/4.25/DerivedDataCache/Boot.ddc.
[2021.04.14-06.50.55:393][  0]LogInit: Texture streaming: Enabled
[2021.04.14-06.50.55:449][  0]LogSlate: Updating window title bar state: overlay mode, drag disabled, window buttons hidden, title bar hidden
[2021.04.14-06.50.55:450][  0]LogInit: Display: Game Engine Initialized.
[2021.04.14-06.50.55:450][  0]LogNiagaraEditor: Warning: GEditor isn't valid! Particle reset commands will not work for Niagara components!
[2021.04.14-06.50.55:480][  0]LogInit: Display: Starting Game.
[2021.04.14-06.50.55:480][  0]LogNet: Browse: /Game/Levels/MainMenu?Name=Player
[2021.04.14-06.50.55:481][  0]LogLoad: LoadMap: /Game/Levels/MainMenu?Name=Player
[2021.04.14-06.50.55:481][  0]LogWorld: BeginTearingDown for /Temp/Untitled_0
[2021.04.14-06.50.55:483][  0]LogWorld: UWorld::CleanupWorld for Untitled, bSessionEnded=true, bCleanupResources=true
[2021.04.14-06.50.55:483][  0]LogSlate: InvalidateAllWidgets triggered.  All widgets were invalidated
[2021.04.14-06.50.55:510][  0]LogUObjectHash: Compacting FUObjectHashTables data took   0.69ms
[2021.04.14-06.50.55:570][  0]LogAIModule: Creating AISystem for world MainMenu
[2021.04.14-06.50.55:570][  0]LogAISub: UAISubsystem::UAISubsystem EnvQueryManager (000002A9B9464E00), frame # 0
[2021.04.14-06.50.55:571][  0]LogAISub: UAISubsystem::UAISubsystem AIPerceptionSystem (000002A9B942FC40), frame # 0
[2021.04.14-06.50.55:579][  0]LogLoad: Game class is 'BP_GamesAssignmentTwoGameModeBse_C'
[2021.04.14-06.50.55:580][  0]LogWorld: Bringing World /Game/Levels/MainMenu.MainMenu up for play (max tick rate 0) at 2021.04.14-07.50.55
[2021.04.14-06.50.55:581][  0]LogWorld: Bringing up level for play took: 0.001198
[2021.04.14-06.50.55:585][  0]LogTemp: Warning: 0
[2021.04.14-06.50.55:585][  0]LogTemp: Warning: Load main menu widget from instance called
[2021.04.14-06.50.55:585][  0]LogTemp: Warning: Load main menu widget from instance MenuClass set
[2021.04.14-06.50.55:587][  0]LogTemp: Warning: TRUEEE
[2021.04.14-06.50.55:588][  0]LogTemp: Warning: Level: MainMenu
[2021.04.14-06.50.55:588][  0]LogLoad: Took 0.107131 seconds to LoadMap(/Game/Levels/MainMenu)
[2021.04.14-06.50.55:613][  0]LogSlate: Took 0.000195 seconds to synchronously load lazily loaded font '../../../Engine/Content/Slate/Fonts/Roboto-Regular.ttf' (155K)
[2021.04.14-06.50.55:631][  0]LogRenderer: Reallocating scene render targets to support 960x1020 Format 10 NumSamples 1 (Frame:1).
[2021.04.14-06.50.55:632][  0]LogLoad: (Engine Initialization) Total time: 5.04 seconds
[2021.04.14-06.50.55:635][  0]LogLoad: (Engine Initialization) Total Blueprint compile time: 0.00 seconds
[2021.04.14-06.50.55:650][  0]LogContentStreaming: Texture pool size now 1000 MB
[2021.04.14-06.50.55:654][  0]LogSlate: InvalidateAllWidgets triggered.  All widgets were invalidated
[2021.04.14-06.50.55:691][  1]LogSlate: Took 0.000190 seconds to synchronously load lazily loaded font '../../../Engine/Content/Slate/Fonts/Roboto-Regular.ttf' (155K)
[2021.04.14-06.51.01:020][994]LogSlate: WidgetSwitcher ('None') active index changed to 1
[2021.04.14-06.51.01:179][ 49]LogGameMode: ProcessServerTravel: /Game/Levels/Lobby?listen
[2021.04.14-06.51.01:180][ 49]LogEngine: Server switch level: /Game/Levels/Lobby?Name=Player?listen
[2021.04.14-06.51.01:180][ 49]LogNet: Browse: /Game/Levels/Lobby?Name=Player?listen
[2021.04.14-06.51.01:181][ 49]LogLoad: LoadMap: /Game/Levels/Lobby?Name=Player?listen
[2021.04.14-06.51.01:181][ 49]LogWorld: BeginTearingDown for /Game/Levels/MainMenu
[2021.04.14-06.51.01:182][ 49]LogWorld: UWorld::CleanupWorld for MainMenu, bSessionEnded=true, bCleanupResources=true
[2021.04.14-06.51.01:182][ 49]LogSlate: InvalidateAllWidgets triggered.  All widgets were invalidated
[2021.04.14-06.51.01:224][ 49]LogAISub: UAISubsystem::~UAISubsystem EnvQueryManager (000002A9B9464E00), frame # 1049
[2021.04.14-06.51.01:224][ 49]LogAISub: UAISubsystem::~UAISubsystem AIPerceptionSystem (000002A9B942FC40), frame # 1049
[2021.04.14-06.51.01:226][ 49]LogUObjectHash: Compacting FUObjectHashTables data took   0.78ms
[2021.04.14-06.51.01:288][ 49]LogAIModule: Creating AISystem for world Lobby
[2021.04.14-06.51.01:288][ 49]LogAISub: UAISubsystem::UAISubsystem EnvQueryManager (000002A9B8620400), frame # 1049
[2021.04.14-06.51.01:289][ 49]LogAISub: UAISubsystem::UAISubsystem AIPerceptionSystem (000002A99A6787C0), frame # 1049
[2021.04.14-06.51.01:289][ 49]LogLoad: Game class is 'BP_ServerLobbyGameModeBase_C'
[2021.04.14-06.51.01:290][ 49]LogNet: ReplicationDriverClass is null! Not using ReplicationDriver.
[2021.04.14-06.51.01:290][ 49]LogNetCore: DDoS detection status: detection enabled: 0 analytics enabled: 0
[2021.04.14-06.51.01:291][ 49]LogInit: WinSock: Socket queue. Rx: 131072 (config 131072) Tx: 131072 (config 131072)
[2021.04.14-06.51.01:291][ 49]LogNet: Created socket for bind address: 0.0.0.0 on port 7777
[2021.04.14-06.51.01:292][ 49]PacketHandlerLog: Loaded PacketHandler component: Engine.EngineHandlerComponentFactory (StatelessConnectHandlerComponent)
[2021.04.14-06.51.01:292][ 49]LogNet: GameNetDriver IpNetDriver_0 IpNetDriver listening on port 7777
[2021.04.14-06.51.01:293][ 49]LogWorld: Bringing World /Game/Levels/Lobby.Lobby up for play (max tick rate 0) at 2021.04.14-07.51.01
[2021.04.14-06.51.01:294][ 49]LogWorld: Bringing up level for play took: 0.001337
[2021.04.14-06.51.01:295][ 49]LogOnlineSession: Warning: OSS: No game present to join for session (GameSession)
[2021.04.14-06.51.01:297][ 49]LogTemp: Warning: Players: 1
[2021.04.14-06.51.01:299][ 49]LogTemp: Warning: 0
[2021.04.14-06.51.01:300][ 49]LogTemp: Warning: Level: Lobby
[2021.04.14-06.51.01:300][ 49]LogLoad: Took 0.119214 seconds to LoadMap(/Game/Levels/Lobby)
[2021.04.14-06.51.06:567][818]LogNet: NotifyAcceptingConnection accepted from: 127.0.0.1:54993
[2021.04.14-06.51.06:567][818]LogHandshake: SendConnectChallenge. Timestamp: 5.391501, Cookie: 122156106103153091107026012077066046016046017070021173228173
[2021.04.14-06.51.06:598][819]LogNet: NotifyAcceptingConnection accepted from: 127.0.0.1:54993
[2021.04.14-06.51.06:599][819]LogHandshake: SendChallengeAck. InCookie: 122156106103153091107026012077066046016046017070021173228173
[2021.04.14-06.51.06:600][819]LogNet: Server accepting post-challenge connection from: 127.0.0.1:54993
[2021.04.14-06.51.06:600][819]PacketHandlerLog: Loaded PacketHandler component: Engine.EngineHandlerComponentFactory (StatelessConnectHandlerComponent)
[2021.04.14-06.51.06:600][819]LogNet: NotifyAcceptedConnection: Name: Lobby, TimeStamp: 04/14/21 07:51:06, [UNetConnection] RemoteAddr: 127.0.0.1:54993, Name: IpConnection_0, Driver: GameNetDriver IpNetDriver_0, IsServer: YES, PC: NULL, Owner: NULL, UniqueId: INVALID
[2021.04.14-06.51.06:601][819]LogNet: AddClientConnection: Added client connection: [UNetConnection] RemoteAddr: 127.0.0.1:54993, Name: IpConnection_0, Driver: GameNetDriver IpNetDriver_0, IsServer: YES, PC: NULL, Owner: NULL, UniqueId: INVALID
[2021.04.14-06.51.06:630][820]LogNet: NotifyAcceptingChannel Control 0 server World /Game/Levels/Lobby.Lobby: Accepted
[2021.04.14-06.51.06:631][820]LogNet: Remote platform little endian=1
[2021.04.14-06.51.06:632][820]LogNet: This platform little endian=1
[2021.04.14-06.51.06:632][820]LogNetVersion: GamesAssignmentTwo 1.0.0.0, NetCL: 13144385, EngineNetVer: 14, GameNetVer: 0 (Checksum: 1872474305)
[2021.04.14-06.51.06:660][821]LogNet: Login request: ?Name=Programming-PC-A96C334D493637BDE421BE9985A4883B userId: NULL:Programming-PC-A96C334D493637BDE421BE9985A4883B platform: NULL
[2021.04.14-06.51.06:673][822]LogNet: Client netspeed is 10000
[2021.04.14-06.51.06:791][867]LogNet: Join request: /Game/Levels/MainMenu?Name=Programming-PC-A96C334D493637BDE421BE9985A4883B?SplitscreenCount=1
[2021.04.14-06.51.06:791][867]PIE: Error: Only Local Player Controllers can be assigned to widgets. BP_MainPlayerController_C_1 is not a Local Player Controller.
[2021.04.14-06.51.06:793][867]LogTemp: Warning: Level: Lobby
[2021.04.14-06.51.06:793][867]LogOnlineSession: Warning: OSS: No game present to join for session (GameSession)
[2021.04.14-06.51.06:795][867]LogTemp: Warning: 0
[2021.04.14-06.51.06:796][867]LogTemp: Warning: Players: 2
[2021.04.14-06.51.06:796][867]LogNet: Join succeeded: Programming-PC-A96C3
[2021.04.14-06.51.16:793][492]LogGameMode: ProcessServerTravel: /Game/Levels/Gamelevel?listen
[2021.04.14-06.51.16:795][492]LogWorld: SeamlessTravel to: /Game/Levels/Gamelevel
[2021.04.14-06.51.16:797][493]LogWorld: BeginTearingDown for /Game/Levels/Lobby
[2021.04.14-06.51.16:799][493]LogWorld: UWorld::CleanupWorld for Lobby, bSessionEnded=false, bCleanupResources=true
[2021.04.14-06.51.16:800][493]LogSlate: InvalidateAllWidgets triggered.  All widgets were invalidated
[2021.04.14-06.51.16:846][493]LogAudio: Display: Waited 46.133598 ms for audio thread.
[2021.04.14-06.51.16:861][493]LogAISub: UAISubsystem::~UAISubsystem AIPerceptionSystem (000002A99A6787C0), frame # 3493
[2021.04.14-06.51.16:861][493]LogAISub: UAISubsystem::~UAISubsystem EnvQueryManager (000002A9B8620400), frame # 3493
[2021.04.14-06.51.16:863][493]LogUObjectHash: Compacting FUObjectHashTables data took   0.77ms
[2021.04.14-06.51.16:864][493]LogStats:     SeamlessTravel FlushLevelStreaming  -  0.000 s
[2021.04.14-06.51.16:864][493]LogAIModule: Creating AISystem for world Untitled
[2021.04.14-06.51.16:865][493]LogAISub: UAISubsystem::UAISubsystem EnvQueryManager (000002A9B5636800), frame # 3493
[2021.04.14-06.51.16:865][493]LogAISub: UAISubsystem::UAISubsystem AIPerceptionSystem (000002A9A668C7C0), frame # 3493
[2021.04.14-06.51.16:865][493]LogWorld: Bringing World /Temp/Untitled_1.Untitled up for play (max tick rate 0) at 2021.04.14-07.51.16
[2021.04.14-06.51.16:866][493]LogWorld: Bringing up level for play took: 0.000566
[2021.04.14-06.51.16:866][493]LogWorld: Sending NotifyLoadedWorld for LP: LocalPlayer_0 PC: BP_MainPlayerController_C_0
[2021.04.14-06.51.16:867][493]LogNet: Verbose: NotifyLoadedWorld Begin
[2021.04.14-06.51.16:867][493]LogNet: VeryVerbose: GetFunctionCallspace Server calling Server function: ServerNotifyLoadedWorld Local
[2021.04.14-06.51.16:867][493]LogNet: Verbose: NotifyLoadedWorld End
[2021.04.14-06.51.16:867][493]LogWorld: StartLoadingDestination to: /Game/Levels/Gamelevel
[2021.04.14-06.51.16:945][496]LogWorld: BeginTearingDown for /Temp/Untitled_1
[2021.04.14-06.51.16:945][496]LogWorld: UWorld::CleanupWorld for Untitled, bSessionEnded=true, bCleanupResources=true
[2021.04.14-06.51.16:946][496]LogSlate: InvalidateAllWidgets triggered.  All widgets were invalidated
[2021.04.14-06.51.16:961][496]LogAISub: UAISubsystem::~UAISubsystem AIPerceptionSystem (000002A9A668C7C0), frame # 3496
[2021.04.14-06.51.16:961][496]LogAISub: UAISubsystem::~UAISubsystem EnvQueryManager (000002A9B5636800), frame # 3496
[2021.04.14-06.51.16:962][496]LogUObjectHash: Compacting FUObjectHashTables data took   0.87ms
[2021.04.14-06.51.16:963][496]LogAIModule: Creating AISystem for world GameLevel
[2021.04.14-06.51.16:963][496]LogAISub: UAISubsystem::UAISubsystem EnvQueryManager (000002A9B5637200), frame # 3496
[2021.04.14-06.51.16:964][496]LogAISub: UAISubsystem::UAISubsystem AIPerceptionSystem (000002A9B57182C0), frame # 3496
[2021.04.14-06.51.16:968][496]LogLoad: Game class is 'BP_GamesAssignmentTwoGameModeBse_C'
[2021.04.14-06.51.16:969][496]LogStats:     SeamlessTravel FlushLevelStreaming  -  0.000 s
[2021.04.14-06.51.16:971][496]LogWorld: Bringing World /Game/Levels/Gamelevel.GameLevel up for play (max tick rate 0) at 2021.04.14-07.51.16
[2021.04.14-06.51.16:971][496]LogWorld: Bringing up level for play took: 0.001874
[2021.04.14-06.51.16:971][496]LogWorld: Sending NotifyLoadedWorld for LP: LocalPlayer_0 PC: BP_MainPlayerController_C_0
[2021.04.14-06.51.16:972][496]LogNet: Verbose: NotifyLoadedWorld Begin
[2021.04.14-06.51.16:973][496]LogNet: VeryVerbose: GetFunctionCallspace Server calling Server function: ServerNotifyLoadedWorld Local
[2021.04.14-06.51.16:973][496]LogNet: Verbose: NotifyLoadedWorld End
[2021.04.14-06.51.16:973][496]LogWorld: ----SeamlessTravel finished in 0.18 seconds ------
[2021.04.14-06.51.16:977][496]LogTemp: Warning: 4
[2021.04.14-06.51.16:978][496]LogTemp: Warning: Level: Gamelevel
[2021.04.14-06.51.17:103][537]PIE: Error: Only Local Player Controllers can be assigned to widgets. BP_MainPlayerController_C_3 is not a Local Player Controller.
[2021.04.14-06.51.17:104][537]LogTemp: Warning: Level: Gamelevel
[2021.04.14-06.51.17:106][537]LogTemp: Warning: 4
