  Creating makefile for GamesAssignmentTwoEditor (no existing makefile)
  Parsing headers for GamesAssignmentTwoEditor
    Running UnrealHeaderTool "C:\Users\aveng\Documents\GitHub\GamesAssignment2-SecondYear\Games Assignment Two\GamesAssignmentTwo\GamesAssignmentTwo.uproject" "C:\Users\aveng\Documents\GitHub\GamesAssignment2-SecondYear\Games Assignment Two\GamesAssignmentTwo\Intermediate\Build\Win64\GamesAssignmentTwoEditor\Development\GamesAssignmentTwoEditor.uhtmanifest" -LogCmds="loginit warning, logexit warning, logdatabase error" -Unattended -WarningsAsErrors -abslog="C:\Users\aveng\AppData\Local\UnrealBuildTool\Log_UHT.txt" -installed
  Reflection code generated for GamesAssignmentTwoEditor in 4.5653822 seconds
  Building GamesAssignmentTwoEditor...
  Using Visual Studio 2019 14.28.29337 toolchain (C:\Program Files (x86)\Microsoft Visual Studio\2019\Community\VC\Tools\MSVC\14.28.29333) and Windows 10.0.18362.0 SDK (C:\Program Files (x86)\Windows Kits\10).
  Building 37 actions with 24 processes...
    [1/37] Default.rc2
    [2/37] SharedPCH.Engine.ShadowErrors.cpp
    [3/37] FixedDoor.cpp
    [4/37] MenuInterface.cpp
    [5/37] SpinningBar.cpp
    [6/37] CourseGameStateBase.cpp
    [7/37] RevolvingDoor.cpp
    [8/37] Checkpoint.gen.cpp
    [9/37] MenuInterface.gen.cpp
    [10/37] MainPlayerController.gen.cpp
    [11/37] RevolvingDoor.gen.cpp
    [12/37] GamesAssignmentTwoGameModeBase.cpp
    [13/37] CourseGameModeBase.cpp
    [14/37] ServerLobbyGameModeBase.gen.cpp
    [15/37] SpinningBar.gen.cpp
    [16/37] Checkpoint.cpp
    [17/37] PlayableCharacter.gen.cpp
    [18/37] ServerLobbyGameModeBase.cpp
    [19/37] FinishZone.cpp
    [20/37] PlayableCharacter.cpp
    [21/37] GamesAssignmentTwo.cpp
    [22/37] GamesAssignmentTwo.init.gen.cpp
    [23/37] GamesAssignmentTwoGameModeBase.gen.cpp
    [24/37] FixedDoor.gen.cpp
    [25/37] CustomGameInstance.gen.cpp
    [26/37] CourseGameModeBase.gen.cpp
    [27/37] CourseGameStateBase.gen.cpp
    [28/37] FinishZone.gen.cpp
    [29/37] BaseUserWidget.gen.cpp
    [30/37] BaseUserWidget.cpp
    [31/37] MainMenu.gen.cpp
    [32/37] MainPlayerController.cpp
    [33/37] MainMenu.cpp
    [34/37] CustomGameInstance.cpp
    [35/37] UE4Editor-GamesAssignmentTwo.lib
       Creating library C:\Users\aveng\Documents\GitHub\GamesAssignment2-SecondYear\Games Assignment Two\GamesAssignmentTwo\Intermediate\Build\Win64\UE4Editor\Development\GamesAssignmentTwo\UE4Editor-GamesAssignmentTwo.lib and object C:\Users\aveng\Documents\GitHub\GamesAssignment2-SecondYear\Games Assignment Two\GamesAssignmentTwo\Intermediate\Build\Win64\UE4Editor\Development\GamesAssignmentTwo\UE4Editor-GamesAssignmentTwo.exp
    [36/37] UE4Editor-GamesAssignmentTwo.dll
       Creating library C:\Users\aveng\Documents\GitHub\GamesAssignment2-SecondYear\Games Assignment Two\GamesAssignmentTwo\Intermediate\Build\Win64\UE4Editor\Development\GamesAssignmentTwo\UE4Editor-GamesAssignmentTwo.suppressed.lib and object C:\Users\aveng\Documents\GitHub\GamesAssignment2-SecondYear\Games Assignment Two\GamesAssignmentTwo\Intermediate\Build\Win64\UE4Editor\Development\GamesAssignmentTwo\UE4Editor-GamesAssignmentTwo.suppressed.exp
    [37/37] GamesAssignmentTwoEditor.target
  Total time in Parallel executor: 25.27 seconds
  Total execution time: 31.65 seconds
